<?xml version="1.0" encoding="UTF-8"?>
<!-- Generated by org.testng.reporters.JUnitReportReporter -->
<testsuite skipped="0" hostname="LAPTOP-JEI8AS0O" name="testcases.SystemInfoPage" tests="1" failures="0" timestamp="2021-05-22T14:12:14 EDT" time="10.468" errors="0">
  <testcase name="verifySystemInfoList" time="10.468" classname="testcases.SystemInfoPage"/>
  <system-out>
nopCommerce version:4.40.3 Operating system:Microsoft Windows NT 6.1.7601 Service Pack 1 ASP.NET info:.NET 5.0.4 Is full trust level:Yes Server time zone:Central Standard Time Server local time:Saturday, May 22, 2021 1:12:13 PM Coordinated Universal Time (UTC):Saturday, May 22, 2021 6:12:13 PM Current user time:Saturday, May 22, 2021 1:12:13 PM HTTP_HOST:admin-demo.nopcommerce.com <img src="data:image/png;base64, iVBORw0KGgoAAAANSUhEUgAABVcAAAJXCAYAAACXAGQHAAAAAXNSR0IArs4c6QAAIABJREFUeJzs3XlsnPl95/n3c9ZNsqpI8ZBI6qAO6qaklqy+b9ttu5P1OJ3pxFjPAptBZox41wYWRmAkg01gBEEwMZCgAQPBLtIYz3jija9Ou7vddrsPtfqURN0HSUm87+JRVaz7eX77RxVLpHjoolpS9/cFyCKfeo7f8xSpNj/8/r4/bd/9jyqEEGIFuK5b/ljTtNtyjdt1XiGEEEIIIYQQQnx2vPHqL1fkPPqKnEUIIa6ilEKplf/dze04pxBCCCGEEEIIIcTNkHBVCHFbSRgqhBBCCCGEEEKITysJV4UQt91KV7FKYCuEEEIIIYQQQoi7gYSrQogVo5SCZYJPCUWFEEIIIYQQQgjxaSLhqhBiRSmWD1FXKmCVoFYIIYQQQgghhBB3moSrQogVpEp/JGAVQgghhBBCCCHEp5+Eq0KIFaPK2eonF7AKIYQQQgghhBBC3CkSrgohVpCak61KwCqEEEIIIYQQQoh700svvcRLL710zf0kXBVCrJhi5aoErEIIIYQQQgghhLh3zQ1VrxWwfibDVaVA6QbK9lDwBykEQjh+P5gmEvMIcQvKwapa+L10m0JUCWeFEEIIIYQQQgixUhYLU5cLWM3bOZi7kavruKEqCs3rKKxtwY3Wgm1BIoHV3YVx9gTW1ASaxKxC3DCFQlOgNA1NKRQamqag9B2lKQWatvA4pdAW2S6EEEIIIYQQQgjxSVkuRH3ppZd49tlnF2y/58NVpekoTYNSmIPrsFREo0yTwrqNpA4+htuyFeXzgV4q3lWKwtZdWGtb0H/3CuZw/yd2D0J8aihQmip9D2qzG1jym3KlLivhrBBCCCGEEEIIIW7RYuHptdyT4apSgGVRCFWi6leTr21As2zU1Dhmbw+e8REo5Ocd4xomzrpNpL78BzgNTVdC1VmahvL6yLXugJkk/ld/ipHLfnI3JcSnQLFytRhyKq34sdKuVKwWa1iXOFYCUiGEEEIIIYQQQtxj7rpwtVyJCmjKLYYyc18HVCBAft1m0vsO4rRsAa8fUGjZLNn+btxDb+A7dwJcp3yMU1HFzP2PLR6sztI0lO2l0LAaVRmGseHbd6NCfBoV5/6X/ioFq5TaA8xGq0u0BgAJWIUQQgghhBBCCHFvuWvCVaXrOD4/hXA1uj8EuLiJOJ7YKNrcClJfgPSuA6QfeRotWjMvKFU+P2rdJtKajj3SjzE+WtxuGKj61bgbtiwdrJZoGmimjbLumkcjxD1EoZRWrE7VypvmlasuV716S1eWYFYIIYQQQgghhBCfsE8kQVQAWjHU1JS7cAevl2xDM7k9B8htaEUPBMFVMDGG8/EhfMfeR89mUbpBtqWV9KOfR6tetfjFDB0tWk1uVR2+UriKbpCvDINlXWOgChwH4pPoifhN368Qn1VXglM15+NFeq8uU70qhBBCCCGEEEIIca+47eGq6/HiBCtwff7iBacn0RPT5YzFtWxyG7eTfeyLFBrXouk6s40AVCBAxu/DHB/F03kW17bJbtuNFqle5ooaSjfQNOPKJqXQ8nlUwQF7icOUAuWiT09inznxmQ5XDcPANE1M00TXi++U6yoKhQKFQgHHce7wCMVdS6nizH9K1as3sZ6VVKAKIYQQQgghhBDiXnHbwtVin9NK8tvayLa04tTUAuC9cBbPO7/GTEwXWwE0rWfm6a9A3ZoFU/Y1TYPKCIXGZuzOszjeAIX61ctO7ddcF31yAn1ibM42B2uoj8xwP2rtBtCNeccopdAcB31qAs+JI3gvnL7di5vfdTRNw+PxUFlRQe2qGurqaglXVREI+AGNdDrNxOQkI6OjDA+PMjk5STaXu9PDFnehUtvVojmtAWb7r5Y3SvWqEEIIIYQQQggh7rD29vabOq6trQ24TeGqUopCdS2ZJ54ht2Mf+APl17I1dTAVwzj8Bq7HR2rfg4sGq3AlpClmMBoYGmjGgv3K+7suWjKBde4ERmy8vF1zXfSxEXzv/Y6sYeJGa3AtG7TSa5kMxtgw1ul2vMc/QE8mVvR53O1s26a+rpYd27exb28bmzdupDoawevzYhrFLxHXdcjlcozHJjh2/AT/9qtXOXP2POqqBcfEZ5tSqtRvtdgKYH5rgDn7LdiyyHkkeBVCCCGEEEIIIcRd7raEq67XT/b+x8nvOQjW/Hn4yrRw6tcUq1YrwxTWbli6ElUptGQcY3gAlMJIpbDGh8jX1YNhzttPKYWWTGCeO4l98ghGLjPvVEYui+fUMbSZBIWWreSrImiWBak01ugg5qXzmCND6HMXz/oM8Hg8bNm0kaefeoIHDh5gVU01pmmWQ1OlFEoVWwX4/X6a/H4SiSSVFZV3eOTi7jY/Pi1+tkiPAKleFUIIIYQQQgghxD3s9oSra5rJtO1HsxY2OFUKtMQ0ALrHg+b1sljtoyr1STW6zmH2XC7un01jHf0AtzKCU1sPpoVSCj2Xw4hPoXecwffBO5hjQ4uOSy/k8XScxbrUhcfrQdcNVD6Pns2gu5+9PqKmabJp4wa++vvP8tADB0stAMBxHNLpDPFEgpmZFPl8DtO0CAT8+H0+evv7GR4ZkapVsaxS+9WiRfLTa1Wv3tw1i1+TUvUqhBBCCCGEEEKIT8KKh6tKKXLrNqKFFqlsVAojPoHZ3YXmumipGdTUBIQqr1SvzVahZrNYF8/jO/wGVqo4TV9zXTwXTmOkk+Q276BQGUZzXczJGFbvZfTeS5jpmWXHpwFGIYeRzJXHe6tBjKZp2JYFmkY+n8d13eI228a2LUzTxCk4pDMZ8vn8sucyDKN4nGWh6RqO45DL5sjl8wvCTNM0Cfj9aLpGOp0hm81eOd620TTI5/JkstlFF6Fa3VDP5598ggfuP0AwGCi+d/k8/f2DHDt+nLPnLjA4OEQqlcLn91FfV0fjmtV09/QyPDI671we2yZUEaIiFMLr8QCQzeWYmUkRT8TJZLK4rjvvmQWDAfw+X/G55fIkZ2bI5/P4fT4qKysIBoNYpkkmm2U6HiceT5Ar9Xmd7Q9bWVmBbVkUCgXiiQRT03HS6XT5WVZUhMrvTTqVZiaVAiAYCFBVVVl8fprGTCrFdDxOIpGkUCigaRo+n5dwVRXBYBBD18nmckzH40xPxxd9H3Vdx+fzUVUau2mauK5LMpkkHk+QnJkpvw+aplFRUYHXY4OmkcvliMcTuK5LMBgoXjcQwFWKyclJxmMT5WN1XScYCFBZWUEgEMA0TQqFAplMhkQiSSKZLD+nWcVxVVJREcIqPa90OsN0fJpEIrmii5SpUmq6oBGA0hb2XZ09YJHvQWkNIIQQQgghhBBCiLvdyleu6jqO17cwLFEKZhLYJ49i9V4uRivxSTwnj5Dz+nBDVcX2AG4BfXoKo/cynvffxBzonX/6Qh77Uidmbzeu7Sm2DnAK6LnsdVXBKcC1PCifF+Xxg6GjFwqQSaGnUmg3UcEarqpi+7ZWNE3jfEcniUSC1Q0NrFvbTDQSxufzkU5n6O3v59Kly4yOjS8Is0zTJBoJs7qhgYaGOsJVVZimRSaTYWR0jL5StWgikSwfs6qmmgP37SMQCHD6zFl6+/pZvbqexjVrqI5G0HWd6ek4A4NDdPf2MjExSaFQAMDr9bJtayv37dtDKBgEwHVdenv7+Ldfvcbv3nqH2MTEvHGeOn0Wr8eDQpFOF9suWJbFqppqWjasZ8vmTTQ3NVJZWQHAzEyK4ZFRLnR0cqGjk4HBoXLw6fV6uW/vXrZva8WyTMbGxvn4aDvpdJptW1vZtnULqxsasC2LeCLB5e4ejhxtp/PiJbwem9Ytm9m+bStrmxoJBoNkczn6+gc41n6Ck6dPMzExSWVFBY8+8iDNjY3ohk5n50WOnzxFIBBg545ttG7ZTHU0iqHrjMdidHZd5MjRdvoGBorv6dZWduzYRn1dHbZlMZNKcfHSZT4+eozzFzqZmbkS5Hs8HpqbGmndsonWzZupq6vF6/WQz+UZGR3j0uXLHD9xiss9vaTTabxeL4889ADr1jZjmgaDQ8O8+dYhvF4Pe/fsZvvWVupqaykUCnx89Bi//LdXiCcSVFZW0NzUROvmTbS0rKdu1SpMyySfyzMdj9Pb18/xk6c4fuIUuVwOy7JYs7qBra1baN28iTVrVpfHNTk1xaXL3Rw/eYqOzi5SqfQNf+3fqttRvSqEEEIIIYQQQoi7x6YvfpNvPNkEPccZDO1mR7CX1/+fF/hZ150e2cpY8XBVUwq7vxtnegK3ogoAlS+gJ6exzp7A++5vMUrVpXomi+fj99CTCfJNG8C2UJkMdncXnsud6FOxJYMXrZBHd91SIOtcV+9GVzdwwlFyjetQ9Wtwo9Uo3UTLpTHGRjAvdWIO9aGnU9ddMWcYBo2Na/jj55/D4/Hw0suvkkgkeOShB9m8qYVgqbIQDUZGxnjvgw955bXX6entK1eiejweNqxfxyMPPcCe3buoqanGskx0vbh4VyqVorPrIoff/4CPPj7KyOgYAHW1tXzh80+yZnUD7763msuXe/jc/n00NzXi9/sxTZNcLsfw6Cjvf/ARbx86zKXL3eTzeaLRCNu3tdJQX4emaSilmJqO894HH/HGm28zNj6+4F4dxylXfkKxWnXDhvU8/ujD3P+5/axuaMDjsdE0rXzOQqHAeGyC9uMneP2NNzlx8jQzMzP4fT5279rBl77wNH6/n+GREaqrq7FMk/v27aGuthbLMtE0Ddd12X/fXlo3b+Ltd9+jOhrhoQcO0tTYiMdjo+s6Sin2tu1m145t/PylX/Hm2+8QDAZ46P6D7Nu3B9MwOXf+AvX1daxtbmLXju2Ew1Xoun7lGvv2smH9Oo62n2DTxhY+t3/fvHEopdi/by/bWrfwP/7lXzl2/ATZbBa/38funTv4wtNPsqdtN+GqSkzzyjGuq0gmk7SfOMkvX36FY+0n8Ho93P+5/Xxu/314PB76+vuZnppm69ZWHnnogXI4DjCTSvHa629Q5/fz0IMHefzRh9mwbh2BgB/DMMpfq0opstksDfV1nDt/AYCdO7bxlWe+yN49u4lGwuVzapqG47hkMmn2nW3j5y+9zAcffjzv/b0ZxWpTSqnp3EWt5laqcuuJamQD25uDLGw8UrT492+OZM85OiZu8dpCCCGEEEIIURJtaaU5lCPWfpGeOz2YGxJm07Ymgnby2mMv/fyVi52go3e5HcVn0Ve/9bc8vbH003myix//+Qu8fdU+iWiQqG3Dxv1EAYgQSvKpcVt6rpoXzuAJvU5h01aUrqNNTWL2dOI9exI9GS/vp2lgJacxjxzGPnMMXTdwHQcjnVoye3F1AxUMUYiuohCOgGmhZTOYsTHM8VH0zOLhkGta5BvXkt13P/lN26GiEnQDNA3lKvRchsLmPqwjh/GcaceYuf532TQNqiorWVVTzZe/+PliH1hDp+viJabjcXxeL+vWNrNu3VrC4Uocx+F//uSnTMfjeGyb7dta+dr/8nvs2b2L5MwM5y90MDwyguO4rKqpZsP6dRzYv491a5sJh8P86tVfMzExiaZrmIZJuKqKB+//HNu3tpJKpTl15hyZTIZAwE/jmtWsbWqkrraWqqpKfvrzl+ju6aV2VQ1rm5qwLAsohmL9pcrP8VjsmvdsGAYtLRv4d6V+raFQsfo1ncmQTM4Up/0HAni9HupqV/H4ow8TiYTRNI0jR44BoGsahmFgGDqraqr54tNPYpoGum6QSqUwDAOfz4thGAT8fvbs2c3atc14PR68Xi+5XI5cPofP68OyTGzbYmPLBp56/FF6+/qIxSbQDQND1zEMnfXr1rJmdQNerwfHdUkkkti2jcfjwTB0wuEqHnnoQXbv2kkoGMQ0i+MwTROfz1ua9u9l757djI6N0z8wwMjoGHvbdvP8c19jx/at2LZNoVBgdHSMVDpNRUUFVZUVVFSEeODgAXxeLzMzMwwODhefga5hGDrV0SjPfvkZ1q5tIhgIks3mcBwHwzDo6e2joiLE5596gi88/STV0Si6XgyEE8kkyWSx3YDf78fn9TI6Nk6h4LCtdQv/2//6x+zeuaPcomBsPMbMzAzBYIBIOILf72fvnjYikTCpVJqPjhxd0RYBt8sjf/wN/v3G4tfcYkHqUr8cSXT+K//XPxy+rWMTQgghhBBC3Hvu2pB0kcKS5IqEnEGKJ7XxRIBSEUpzyy5C9HK6a/JWL3Bnff27/PBAkI6f/AV/f+hOD+YGPPRN/u65IKf/7G958U6P5bqECUXnfHUGg6yFeeHqwa9/ky9vqwMmOPqLl+hufpZ/1xZhz3/6Nvz2B7x4L70/S7gt4aqRnsHz4dtYXWdRpomRiKMlptGXCm2UQssX0HQH3XEX3wdwTItC4zryW7aTW78JN1wDhl5c+Gq4H8+pY3hPH0NLzw9YlW5QqF9D9oEnybfuBK933uuaoaF8fvLNG3AsCz2dQj99DO0GF2zyen3U19Xy0ZFjvPPuYbouXiKRSBYDubbdPP+Hf0Bz0xp27tjGO+++RzyRoL6+jqcef4z9+/YSm5jgldde5933PmB0dAxXKSLhKvbtaeMrX/oiLRvW8fijDzM4OMQ7775Xvq6u62hodHRe5M233+HipctkMlkCAT9bW7fwhaefZG/bLvbv20t3Ty/jsQki4TCROZWMhYLD8MgIg0ND17VQVTQS4YGDBziwfy8VFSEAYrEJjp88xfmOTjRg08YWdu7YTk11FI/Hw47t2xgcGqa/f5DkVeG1ZVkEAhojo2Ocv9BB/8AgoVCQ3Tt30tS4GtM08dg2q2pqGB8f5+TpM/T09mEYOju2b2Pjhg3lAHRtcxONa9aQTM7vv+v3+zBNk+6eXs53dBCLTbC6oZ7du3aWK0X9fh+2bTE8Msr5Cx309Q9QURHivr17aKivwzRNTNNk86aN1FRXo+sGTz3xGK2tm7FtG8dxuNDRxaHD7zM8MkLL+nU8+cRjrKqpwbIsdu7YzoP3H+TVX/9mXgDo8/nYsX0r6UyGk6dOMzA4RCaTIRQKcqGji/337eWpJx4rtjEwdAqFAhcvFVsN9A0MUMgXiEYjNNTXcbT9OH6/jy8983l27tiOaZoopbjc3cMbb77NwOAQqxvq+eLnn2J1QwO6rrFu7Vo+//QTnO/oYHJy6oa+7pemULM1q8tUqyqKFe/Sd1UIIYQQQggh5mjawJ5okGTsBKdnw9TIBrY372ITtxqw9tHR3nfVtjAeD5C9lfOKW9IcJHSnx3ANm77+Xf5kG5xu76W5bT8Nwbmv1nHwv/4F0fYu2LiVaOw1OkItRINAcoKON07wdmQrj7btJxpporkZkHB1cRoUe6CODqMpF1x30VxFoeEGghRW1ZGvrkW3LFQ2iz3YizE6NC+MdQ2T3PpN5B58gkJLK3i8xUCmFMo4lWFSVVH0TBr7qmDU8fvJ7N5PfutO8HgXGUlp3KaJqq0nt2UnVuc5jCWqYJfiOA4XL3fzk5/+nPMXOq5UAE5CwXHYsX0ba5sbqayoJBqJ4PV62diygfv27cFVLkeOtfOrV1+fNyU/mUwSTyQIBPxUV0dpWrOGfXvbOH3mXHmfQsGh8+Ilfvnyrzh1+mz5urGJCWITk5imQeOa1dSuqmFbaysnTp4uVjn6fFeer+swM5O6rr6bul6sAt2zexeRcBiAbDZL+4mT/ORff875jk4AWjasJ5fL8dgjD+P3+/D7fOzcvo0jR9vnjX9WLDbBb954k9+88SYDg4OEq6rIZnPUVEfLlbGpVIp3Dr/PK6/+mu7ePkzT5JnPP0k0EqHBW2xx4PV5qSotdDWXUoqe3l5+9suXeP+Dj5mOT9Pc1ITf76eycg8eu/jblsmpKV799W944823GRoeIRgIoKHx5BOPEgoG0TSNyooQFRUhGhvX0LplMz6vF03TmJya4pXXXud3b73DdDxOe3U19fV1VB2sxOfz4vV62LVjOx98+PG80NAwdBzH4eix4/zsl//GxUuXyecLBIMBQsEgX/39r1BTXQxWlVJ09/TyL//6c97/4COmpqcBsG2bSLiK6XiCbVu3sG9PG1apPUE6neHVX/+Gl371GolEgmCguGjW733lGWzbxjB09uzeSV1tLVNT09cVsN+oYr46G7jeWm+At//7i8Rusi2AEEIIIYQQQtz9wmwKBSExMT9EnbjIaWl1Ju6Uluf5xoE6QsDBh+oW38eOsOnA/uLHkWep//CfeSv7Rzza3MKX/+/v8rRdR5Qc3R/+Mz975RMb+W214uGqAtzKKgo1DRTCEYxcFiM2hjE8gF64ssK60nUKdWvI7dhDbuNWnEgNGAZaPofTcxHP4d9iXypWQCo0CqvqyT38NIWNW8EsDVvTrlS7GQbU1JLZvR/r4nm01EzpOgZOdR2F7XuWDVbL4zIs3OoaNL8fbjBczRfyjIyM0N3Tu2BqdSadYXRsjILjYJoGHo9NRShI65bNrFpVw+DgEMdPnFp0Sv70dJyTp8+yf99e9u1tY11zM6sb6suvO47D+Pg4ff0DC647MzPDhY4uLnf30FBfT31dLbWrVpWm3+vl/Vy32B/VdZeuHJ7l8XhYv66ZxsbVGIaBUorYxCTHjp/gfEcn2Wzx11ydXRc52n6CXTt34PMVw8dVq2poalzD5e6FEy0Ghob46OOjdF28hFKKXC7PwOAg6VIFJ0A8HufkqdN0XrxELpcDoKevn6npaRrqi9/YGsV2A9qc+4NiuHruQgcfHznG0HBxWn5f/wCjo2Pkc/lyuDo6OsbRY8fp7unFdV0ymQw9vb2k05ny4l+GYRAIBNi+tbXcuxUglUpj2xbbtm7BVQqr9LXqquJz1TSNutpVROf0VJ01Nj7Oy6+8xvHjJ8mW7m16eprHH32Y5qZGDKPYgzefL/C7t97hnUOHiScS5ePT6TQD6TSGYbBz+zYi4apyyJjNZikUHHZsa0VRqna+6vpVlZWsWd1AR2fXyrUGuF0rVl3j/1BItasQQgghhBBiJTS37CI6p5Rw6Sn5sz1Mi5/lEnOn1jeyqS0CsRPE7FaaQ7NlItfR79RjEwWWbN4X2cD2ZptczzmykTljTUxwrKuv1O5gdlBJes5cLJ+ruWUXUU9p29z2A3YTe9qaFuwPLHu+e9E3vvcDDs7JCAc//DZ/9aP5+zzyrb/m+Y1BFhj+iD/9/o+LH3/9u/zwQN3ir5Vfv7pNwQN852++xqZkcd+5Yzn4jz/g4BLjuZOeemZ3qWfqVXJJEjmbUPDqEiibtRv3c7QnCc0RQpHZZ5QkcebTsybKioarStcpNDSR27WP3NpNuJWV6I6DOdSP+cHbeDvOMLvWTaG6lvTDT5HbuhvN5y8HPUop8r4ApGYwB3oxsllcyyK/bReF9ZuuBKtX0zQwTZxoNcoXhFK4iq4XF66qDF/XPWgAmo7S9GvtusgDKC5etPhLal5wqWkagUCgONXcMEgkk4yMjC5aMaiUYmJigqGREZRSBINBqqoqiccTc/YBtcS1E4kksYkJXNchEPATCgUpFJx5AZqua1i2hWka17xNn9dLNBLBP6fydWpqipGR0XLgCRQX0xoZYXJyqrxw1uyxXu/CoDufy5PP58vPQCmFU3DmPRPHdXGcq7Y5Dq7rlqeQ67q2aLimVHFMhcKcimjXWXg+18WZ814VF+YqLZo2RyDgL7Y8sK/841EdjfCVLz1Tfg6GYRCNhPF6POV9PB4PgUAA46pwc2R0lP6BQXL5K7+E0DSNhvr6cjgNkM6k6ejsIpVevMrYNE0a16wuL6oF4A/4efbLXyw93+K4KitCmOaV6l7LsqisqFiRYHLeLP9ywHqNpPVGWgPIglZCCCGEEEKI26wYrM4JQEtT8rfbV/ckDRJts0n2nODYxGwAWcemyOS8nz+C0V3YiV6OtU8yG7hGWxrp6bp6ej7AJLFsHcFQkOZtG2DZENMm2LwLYic41k6pnUCEPW0Rclddr74lTGyxfqoTFzk9UdzHTizec3Xe+Es/ky15vntAMcwc5v3Z/qYPfZO/e+4H/F3kylodxWAVOn7y7WIoWgpR54WeC7YVQ9Mf/k1k0cWdlvLi979N97f+muc3Jq+M6S7T09tLrLmFuW1WYx/+M3//oxPEgPonvsl3fr9lTmuDJIOdxzn2CkSDu+GVf+LY9m/y5eBH/Kz9kx//7bJy4aqmkV+zluyjXyC3eTt4i8GbC+TCNTiahqfvMlo6heP1kWs7QH7nPrSrqkk1TUPZHvLNG3CDFeiZMVx/kNyWHddVeapp+rz8RmkayrSuv3rOcdCmJm+4avVGaZqGx7YJBgJAsbIwk8ksuX82myOZnMF1FZZl4vV6SSSub9Etx3HI5XK4rouuF8PTRCJBIpFA1dWiaRqmaVIdiRAOhxkZHVv2fJZt4fUV+5fOyuXzZLO5BeFwJpMtV7JCsWLStExM49oh7t3OMi08Hk/xa67E7/ezbm3TovvPhuu6UVxg6+oAMJVKk5sTLgPlPrBzg9hCvkAqnV5y6r6u6+X2BbNsy2Ld2uZF91dKlc9l29ai+1y3OQHpolHq7MarXrzRAldZ0EoIIYQQQghxWzVtIBrKkeyZU1k6cZGhSCvNoQjNTM6pOJ1fgRrrShJti2BHwjBxJXicX83aRywRJBiyaYZFq1djXeegpZXmUJDmtl00L1PpOq+itjdHMgrBxMS862UTEYKeCFEmb6radN41Ji6SiOwiegvnu6O+/l0O1iXp+MmcEPPQC7zc9tc8v/FBvsFhXuQB9tYHYfijK9WmP3qXjm1fY1Pz88CPgef5ywN1JDr/dU6F6WH+/pXd/N1zLTzydXj7Lqo8vVUdv3iB7wXnVOnmuni/FKwCDL3xPzj98F9yMFL8PNH5Gn/1o48B+J//UPybrhf4+0922LfdioWrhaoomce+SH7r7oXVpZaJ07gOVVEF6RRO7WrybQeWCUsVmmmi62YxcfH5ccI11wxflOuiT4xDes5CRq6DNj0FM0m4VvWvinHLAAAgAElEQVSq66JNxfBcOIWevr3hKhQDpdkKSUM3sOyl6vBA07VywOa6Lu5V1ZbL0Q0dy7LQdZ1CIU86nWZ0dIyh4RFaNqzHMAwMw2DNmtVs3rSRy5e7y9PSFx23q1BXtQ+wLQvbs3D8pmFgzel9WnAc8rn8vMrQe5Gm6yjlFitmufI+jI6O0dPbNy9QvlommyMWm1zwDFzXXVAdq5QqVdZe2WaaJl6Pd9kKU6dUyTtramqaC51d5Jd5XwH6B65vQbNrmx+Xzlnaasl9VpIshCWEEEIIIYS4Fc12EEiSvWrmW2wiR30oiKcJuKUFpa5PrOtcMbgqLW4VbdtF9JrT8ZOQi9z+wd3DvtFcBwwTu2oxpbfbh/nyxhaavw4sE4omEqU3/+tNNACDE1cV8Rw6ztAzLXNCWPFptiLhqgKyrTvIb96x9LT9OdyGNThVi3ZpAEoLYiWmIT1bmanAKSw/BtdFn0lidZ6bF4xqjoM5OojZc5HCtt1gLDE+10VNxrBOH8PsPIN2m8M/pRTZbJZEqWdmIOAnXFW55P5ej5eKigo0DZIzM0xNx8t9PK8lGAgQjUTQdYNUKs10PM7I2BgXL12mbffO8lTw2lWr2L9vDxcvXebc+QtL9t3M5nIkZ2bI5fKlyk2NiooKopEItm3PmxIfDlcRnFNFmc1mmZqeJr3ElPZ7STqdIZFM4hQcZuenDwwN8fOXXmZoaJilIkrXccjmchQKy39NQzFwHRsbn7evz+djy+aNnDx1el7P1VmO4xCLTeC6qhwyTsfj/OwXLzE6OrbkuABGRkZvqd/qvLj09mWn11zQCharXpUFrYQQQgghhBA3IAdLzRe17TDwCU6H773Isd7ZlgP39nT8u0YySfcSL4UiDwCH+fszD/LDA1v5zkOU2gI8yKZgko72uWFqkuRSjXODER6B624NcLfb9Ny3+ZO5vWXtFh751mMc/Yc3GQLqn/gjts/J9UMbn+X73wry4k8mOPjcfvjwBd6v/yZfjpzl5f/3TTo+8Tu4PVYkXHVtD7mNW2FOX8mr6ZPjaDOlf5b8weICVItQSqGnU9gXzqCnUsVKvlQSY6gPNxKFq3uhlqY069kM9rlT2OdPzgtGNcCIT+P96DBZj5dc0wY0r6d4nmKjUshkMWKjmKeP4jl5FCM+fauP5JqUUiSTM/T1D5DL5QmHw7RsWM/R9uOkUvODR8MwqK2tYc3qBgoFh+HhEYZHRohErt1H1mPbNK5ZzZrVDeRyOQaHhhgfjzE1Nc2p02do27WTnTu2FashvR7adu0klUrj9/u4dLmbRDxBwXHQdR3btqmqrEDTdEZGRpmYnCQYDKBpGuGqKra2bubM2XN09/SilGJVTQ2tWzYTjYSL7R6UYmxsnJ7evgX3eK9RrstMKkV3Ty87d2wr90QNV1Xh9XoZGhlhejpebgWgaRoejwePx0MymaSiInTdFaKXunuITUwQCoUwDA3LMnnogfu50NFJ+4lTzMzMlENUr9eL67qcu3CBJx5/BMsqTp2vqAgRDAZoP3GSRCI5b1y2VWzzMDMzc12B7zWfzTWrRlcgdb2OFTKlclUIIYQQQghxS2wIsvhiUrncnQk2Y13DRLc1ESTIJxrufhoFg6xl8eAzMVuJ+qNeBg/sZ9NzP+CHzwEkr1qUCiBIsBk4tOA0kJz41ASrAM11dXP6qRaFNj7Lf/mvXyCLzcIJzTbRaB31T+7n4MYIbCwu1AURnmp7k45PSd/VFQpXvThVkaXjkmwW+9wpSBXDVS0xCfncgrYASim0fA6z8yzWqaNorgOahjGTxD7+EbloLe6q2ivVp6VwVEtMY50/g+eDtzAmxhdcXi/kMS+eQyvk0LbuQtWupuD3o7kORiKBPjqEOdiL1XUePRm/XcV2CySSSc5f6GBgcJA1qxvYu6eN8xc6OdZ+vDwtX9d1aqqr2du2m6bGNUxMTHD23HlGx8bL4aqua9i2hc/vg8kr/7halsX69es4+Ln91NWuYmx8nLPnLjA2XqyEvNDZxaHD7xONRlizejW6rhGJhHnkoQeor6/jQkcnwyMjZDIZDN2gqqqS2tpVXO7uYWBwiAsdXdTVrsLj8eDz+bhv7x5yuRztx09RKORp3bKZ+z93gFCoGPCl0mnOnD3Hpcvd5PLLT0+/F+TzBdpPnGTXju1UhCqwbYuGhnp+78vPUFe7isvdvcQTcVDg9XpoaKjH0A1+99bb8xbVupbe3j7aT5xkVU0NwWCxR++G9ev4w699lcY1q+ntGyCXy+Hzeamvq+PUmbOcPHWGrouX2LVjO7quU1VZyVd/71nq6+qKoXkiSaFQwOv1UF9XRzhcxa9efZ2h4eHb8KRuQwlrZD3bm0M3VbkqC1oJIYQQQgghrqUnlySKjScCzPkZIhqxsUmS+ARaAnzyPjvtBF7sGeZgXZDoQ8wLRR9pqyPEMKdLLQG+8b39NAx/xJ9+f4mp/T/qZfBAXbnSteyh3dQHYfDMjbUEeHsiyfM3dMQn6zevHOfgf9pPw9U/jNs2i5dbJun44Dhrt20FcsSGJ8jaERoiEaLbdrFp6AQdtyOG+IStSLiquQWMdIoFk9RdFxwX+0w7nhMfoZeq5cxLnVidZ8lv3AqWDZqGchXaTAK78yyew29gxkbLp9EdB8/5U2i6QaF1B86qhmL7gWwGMzaGebkTs/MM5vjokhGOkcuiXzyPMTKIW1GF6/WDctFnEujJBFo6hX6N1gMrLZvNcqGji3fefY9nv/RFWjdv4g//4Ks01NfR3dNLJpslGgmzc/s2Hnn4QQA+PtrOhx8fnTet3jRNNra08KUvPM2p02eZnp7Gsm0a1zRw39697Nu7m0wmy4cfH+XIsfZy1ejExCRvHXoX27b5/FOP09S4BtM0qaysYG/bLra1biadzpAvFNBLVZEej83HR9v5l//vZ7zz7mHq6lbRunkTlmXRUF/PF59+ivv27sVxHKKRMJWVFRiGQTab5fTps7z1zmH6BwbLC3nd6zo6u/jtm29RVVVJU+MabMtix/atNDc1MjU9zcxMCk2jWPVbVUk8nuTi5cv09Fz/f4njiQSv/vo31NfWsnfPbjweD7ZtsXfPbtata2Zycpp8IY/X46WyIsQvX36FH/34J/z8ly8TCgZZt7YZwzDY2rqZxsbVTE5OMZNKUSgU8Ng2kUgEyzS5dLmb0bGxW2oLMN/SoaoCtMVenrMg1nIe/uNv8PzG4u/LlqpQXWy7LGglhBBCCCGEKE6tt+cs0NRINGRDInllsajei8TsXUSbN9A8UVpEKrKB+pBNLjG86KJSK6rUY5Wr+qtGW+oI2jmSQ3234aKTZLNNt7To1T3jR3/L+80/4OBz3+Ubh0qLWj30Tb68MUii87Uri1xd04/5qw+b+OGBr/GXXz9cWtTqAb7zTAuhZBcvz/Ztna2Affh5OPTj4j5/8wXqrz5dT5LEgWv3fL1jun7MC78I8s2HbU6/08vaJx9kU+SqpDU5zPuvvAsHHqc5+Ttie/4DB+uAZBevf/8F3m75Bt//P3bTcOA/8O/59pyFwO5dKxKuGpk09vnTpFc3o/kDoOvFHqbxKezOc3je+x1G7MoK9PrEOJ5Dv0GbjOHUNqBME2NiHHOgB7vrPMbwwIKep2Y6hXb6GOZgLyocRZkW5POYkzGMqRhk0tesjdNcFyM+hRGfKvedvBMTh2dngyulGI/FePOtd/D5fDx4/+fYsW0ra1Y3MDY2Ti6fJxQMUlMdJZvL8dahd/n162/Q29dfntYNxRCpvq6Wzz/1BPft3UMqlcIwTaqjEaKRCMmZGQ6//yG/fv239PUPzBmHYmhomNd/+waJRIIHHzjIppYNVFVVYhgGgUCAwJwQVCmF67pUVISwbZv24yfx+Xxks1k2bWwhGAhQURGiouJKkbjrukxOTnH67Dlee/23nDp9hmw2Ww5XFera0+PVdewzb4zz91fXON5V7vWNY875ZqVSaQ69+z6GYfD4ow/TsmE9AX+AqqpKwuGq8r6zbRFsy6Zu1SoGBgYXPd9Szl/o5Cc//QXZXI6d27eV36Oa6mqqo1f6F7uuYm1zE6Zh8MGHH+OxbZ584lFaN28mGAxQEQpRWVGx4Jr5fIGmxjUYhrGC4SrMC1gXzVqvbLyNLVqFEEIIIYQQoizWdY5Y0wb2RHexZ/bHqcQEx7rmB5Y9XSegZVdxEanStiuB7O0VTU5wrDfHprYIzW27aC6/kiTWfvG2hbs9XRN4ytcszf67Tde6/YJzpvNfMfhhMdB78fvfhu/9gIP/ODtV/cprs178/kc0/+N+fviP+68695z2AD/6W/6U7/LDAz/ghwdKLy+odp0NYWfPVTz+9MNXrg3AoRd4ue2veX72XMtVzd4hsUP/xF/NVvse+je+8b0fFMNTAIZ5/89LYfWhYmHTwa/vZlOwhWiwjr3P3YcdbCIKZCd66bntv6X4ZKxQ5aqL58wxXL8Pp6kFZdkYM3HMixewOs9ijg7NC01018W61IkxMY5TEUaZBsb0NEZ8Ci27dEhqZDMYQ/2oof5igFu69o1SmobSDZRpoTkFNNcttiC4CUop4vEEJ0+doaqqksvd3Yv2rSw4BYaGhjl67DhjY+NMTk4VtxcKXOru4RcvvUxfXz/btxfD1XC4CiiGd6fOnKX9xElOnDxNT08v+Xx+/rkLDj29fVy8dJm6ulVEo1F0XSOVStN18QinTp/lyLF2+voHFozNdV0GBof4zRtvculyN1tbt9DSsp7V9fUEg0Fs20LTNHK5HIlkktHRMc6dv8Dg0BATk5O88+5hRkZG2bVzOxtbNlBbu4qA3w/ATCrFyMgo585f4PiJU3R0dZFIFFtDZHM5evv6OdZ+AtuyALjQ0UlyZmbe+MbGxzlx6jSVFRWlz2NMTEzOC5fj8QTnzl0gNVNcyCyXyzEwOESy1HYBpdB1HYXicncP2Wx2zv0runt6OXrsOH6fD4DLPT0kk8l5AeTwyAjtJ04Srqoq39vU1BSO4zA6NsZv33iLvr4Bdu7YRsuG9dTUVBPw+zENA8d1SWcyTE5O0tc3QE9fH5lMlouXLmPbNlZpEbiOzi4ymStjmyufz3PkWDvxeJw9bbvYvGkjdXW1VIRCWKaJ47rMzKQYHRuj/fhJ8oU8qVSaN956h/7BQXbv3EHLhvXU19cRDAQwTRPHcchms0xOTjEwNERH18V5z/V2WKkA9Z3//iITN9kWQAghhBBCCCFmF4i6lp6uE8sGmbGuc4tUePbR0d63zOfLHVt6bWISmFz0uHkWXY9iko4zC/uxXn0vi9/bYmNdfM2Laz2bO+pHf8ufXkdF5Ivf//YyVaoP8J2/2Q8ffnvBub7xvR9w8Jlv8sihF4o9Va/neovtc2jh9d/+h7+4p/q0JhJJsnVBPEB2YnhBGP/+j16g++t/wX85EGHTQ3/EJgAmOP3ffsCLXZ/4cG8Lbd/9j15fud41KMANhXCroijdRM+kMKYmIJu5ZphyI4GL0jRcywZFKRh1rvtYV9NR4Qj5pnU41bUUfAH0fL5YNTvYizk8gF7IX/tEV/H5fNTVrsKyLOLxBCOjowsqA3VdJxIJUx2NksvlGB+PzVvpXdM0/D4f0VK1qT/gR0MjnU4zMTnJ6Ng4qVRq3nn37tnNf/6P/zstG9bz1juH+PFPfophGISCQXRdI53OMDE5xXgstuDYxei6jt/vJ1xVSTgcJhgM4LFtNE0jm8uRTCaZmoozNT1NMpksVzgahkFFRYjqaJRwuGpeuDo5OcXo2Pi8/WePqa6OUlVRgVYKylOpFGPjsXktD8LhKqKRCGYpgMzn84yOjZVDWoCA3091dRRfKRxVrktscpJUKlV8ln5/OWibnJoiFpsoh8zFnrZRKiqK7QsA0ukMo2Nj88ZRVVVJNBLBKgXBrusyNDw8bxyGYRAKBYlGIlRVVeL3+bAsC8dxSaVTJBJJJicnmZyaxnEc6uvqCPh95fuPJxKMjY0vCM+vFgoFiYTDhMNVhIJBbNumUHCYSc0wOTnF+HiM6Xh83vsaDASIRMJEImGCgQCWZZHPF8jlckzH40xOTjE1PU0mk1n22tcyk0ygadq8P8x+TOljmPN3+X+48un1T/NfjixoJYQQQgghhBDipj30Tf7uuTqGFixgVQpXg138+M9fuKeC0Dsl+tCf8J3fb4Ge43TbW9keGuY3/+0FXr7D4eobr/4SgPb2m1tZq62tDVihylUohiJGIoGRSFx3WOoaBsowQYGezy57jGtaOJEo+TXrKNTUgWFgzcTRh4ew+i6jp5LLHA2Ox0N+3UZybQdwGppRgRCuZaI5Cj2dpDA6jHXhFJ5Tx9AT0zdw55BOp7ncvfzva1zXZXw8xvj44r+XUkoxk0oxk0rR1z+AXgrcXNe9rmnj+XyBsbFxYhMT6LqOpmk3PL3bdV2SySTJZJL+gcHyeWbHt9RYHMdhcnKKyckpdF2fN/alKiEdx2FkZJSRkdFFX581e97lzKRSzPSmFn0tlRpYdPss13UZGR1jZHRs2f2mpqaZmlr+68JxnPJ+s89O1/Xyc7v6WfQPLD+2pSQSSRKJJL19/eXnPfusF3t/XNclnkgQTyTo6e2bd8xi47otZM6/EEIIIYQQQoh7yaEJEs+1zOmTWvTIt/6ag3Uw+KEEq9crduif+N6ha+93r1qxcNWxPWi2B2WakJrByC0+vRnA8fgorG7CaWik4A9gFPIYw/2Yl7owMwtDsoLXT2HLdnI79+LUNuAEK9A0HSefRZuMUTh/Cu9H72LEFw/hXI+PfOtOMg88TmF1M5ptX6mcA5xgEBWO4karcT0+fEcO33DAupKUUjfV93I2WFuJsOxmx7BcoPpZMvsMVrZ/6Xyz79GNXONmjhFCCCGEEEIIIT57fsxf/Rn85YKeq8O8/2d/cQOLXolPu1sOV13DJN/YTKF1N044ArYXY2QQ6+QRrMFetKsq6ZxINZmDj5Ffvxk3HEGZFo7joCWmsI59CB++g5m+0nfT8XjJth0gf/+jODUNYBrlakpXBSBUiVsZRtN0PG//ekGo6xoGubUbyDzyNM6ateUp2HNpmlYcx6oG3PseQJuJ4z3yPvpN9mEVQgghhBBCCCGEEPe6H/NXf3Z3LSgl7j63FK46Hg+51l3kDjyEU9+Ea3vQDJ3C2hbykWpCr/0MI3ZlurUbqWHmsS9Q2LEXFQiVF6VylUIFQ6gDNsb4CObpYwAoTSe3dgO5B57Ara0v7z+PbqAqw+S2taFfOI3Re2ney8oXIL99L05D0+LHz9I0MAxUuJr8tj1YFzvQY8tPWRdCCCGEEEIIIYQQQnx2LZM2Lk9pGrnte8g+/gyF9ZtRoQo0jwdMCxWqoNC6g8LajeX9XcMkfd+D5HfuQwUr5gedpQVv3HANhS07cI1i5usEAuTbDiwdrJYWy1G6gVsVRtU1zB+jbuBGV5Fv2QLm9eXIyjRxV9XhRKtv/KEIIRZaomXwiqykJ4QQQgghhBBCCHEH3XTlaqFuNdmHn6ZQ14hmLDLV3usnu7oR+5iGphROXQO53fshEFp8NXBNA0MnV12L17LRXAdnVR2F9VuWrziluE6OMm0KlRGUppVbEShdpxCOoiqrrvu+NE0D2wJ/6LqPuVOmp+OcPnuOyclJLl6+TKFQuNNDEuIaZGUrIYQQQgghhBBCfHrcVLiqNI3c5u04dWsWDVaBYljqlv5WCmfNOtxIZPFg9cqZQbnFelpNx62MXH8wqhz0XHZ+j1cNlNdT7Kl6nfcGxSHg3P1BZf/AID/56c/x2DaJRJKZ1MLFwIS4+0ngKoQQQgghhBBCiHvTzYWrhonTvGHZqfZaPocxMQaOg9J1crV1YFjLn9h1McZH0bM5FOB6faAb1x4PCiObxRgbvup8CiOZQBXyYHuu484ApdBnkphzesXerTKZDAMDg3d6GELcPMlVhRBCCCGEEEIIcQ+7qZ6rqlSNuhx3YhxPd2dxmr2mgauWrlpVCuW6aNksdscZdKeAhsKMT6EV8tcYjEIrFGB4AKO/e95LmuugjY9hjl3nwlRKoaVTGJ1nZTErIW7GNf5dEEIIIYQQQgghhPg0ualw1XAKaJMTS76u5bL4Th5FHy1WkmquiznUh5bLLn2M62BevIDZc6m4wXXRRoZQYyPLjkUphT49iaf9A6xkcv45lcKYimGcPgrpmWvel3IKMNCL99RRtGzmmvsLIYQQQgghhBBCCCE+u24qXMV1sbrOos0kF7yk5bIYZ45jfXwYfU7VqdF7GaO/Z+G5lAKngHm5E//br2ImpornAaz4FJ4j70Jq4XUAlOuiT8aw3/0t9vnT4DoLbzCbwXPyKJ5jHy4dsCoF2SzGxQsE3nkNa6hPZioLsQJutI5VgVS/CiGEEEIIIYQQ4p5xUz1XAczuLryH3yBz/+MofwCtkMediOE7eQTzyGGsq3qW2uOj8OYrJC0LrbYBZVqAQkskMM6dJPD+mxiDvfMXpMpm8B55HwybzP4H0KsiV47LZrC6u7A/ehf7wim0TGbRtgOaUpgTY/Dmq2ixEQq7DlCoqQWvD1CQycL4MJ6Os3hPfIQ+PLhoSCuEEEIIIYQQQgghhBBz3XS4aqRT2Id/hz7YixOqQM/lscaG0UaH0NNptKtq1jTlYnaeIzA1iWpoxLUtNFdhxsbQRgYwkgk0151/jKZhzCTxvfc7PN0dFKKryscZiWm0kUHMqclihexS/VwptSWYimF8eIhC5zncmjqcQADNVejZDMbYMHpsFD2TRVPukucRQgghhBBCCCGEEEKIWTcdrmqAkYyjnzsJml6sOHVdtGWqPo18Dn2oH8aGUYBCoTkumuMsmY1qGhjZNHrPJcy+bpSmoZRCUwpdueBeXxiqKYWWSWMN9aNGh0thrAJVWvjqOs8jhBBCCCGEEEIIIYQQcAvhKhQDVq1QuLFjlAv53PyeptfR4FRzHXCdW+6FqimFNqcXrBBihSm1aCW5QqFJN2MhhBBCCCGEEEJ8itzcglZCCCGEEEIIIYQQQgjxGSfhqhBCCCGEEEIIIYQQQtwECVeFEEIIIYQQQgghhBDiJki4KoQQQgghhBBCCCGEEDdBwlUhhBBCCCGEEEIIIYS4CRKuCiGEEEIIIYQQQgghxE2QcFUIIYQQQgghhBBCCCFugoSrQgghhBBCCCGEEEIIcRPM2oY1d3oMQohPif/zP/9HDNPEMk0sy8IwTUzDxDAMdMPANA10XccwDDQ0NK34B+3Kx1f/ARZ8PPfvqz9ebpsQQgghhBBCCCFEUWFFzmKODPavyImEEEIIIYQQQgghhBDis0TaAgghhBBCCCGEEEIIIcRNkHBVCCGEEEIIIYQQQgghboKEq0IIIYQQQgghhBBCCHETJFwVQgghhBBCCCGEEEKImyDhqhBCCCGEEEIIIYQQQtwECVfF/8/evcdVVef7H3/j5iIKViiWUEFoiI0eNccaTMSZTnZTM7ROzhxDrczHyeqnmEdzzEklnRI9Wp1fY01ITuEvlcrofpkQkinHlMFRJCWwgBKlSTDkJr8/1r6zN+AG3Kiv5+PBQ9h7Xb5r7bUp3vvz/SwAAAAAAAAAHiBcBQAAAAAAAAAPEK4CAAAAAAAAgAcIVwEAAAAAAADAA50WrppMps7aNIB24L0JAAAAAADQMXw7eoM9evTQ0sUL1CMwUFdecXlHbx5AO31TckSnak7pyaf+qJqaU94eDgAAAAAAwDmrw8PVpY8/pk8/y9YHH33S0ZsG0EFuvfnftfTxBVq4ZJm3hwIAAAAAAHDO6tC2ACaTSYE9ehCsAl3cex98rJ49e9IiAAAAAAAAoB06NFxtbGxUBK0AgHPClVdcrsbGRm8PAwAAAAAA4JzVaTe0AgAAAAAAAIDzGeEqAAAAAAAAAHiAcBUAAAAAAAAAPEC4CgAAAAAAAAAeIFwFAAAAAAAAAA8QrgIAAAAAAACAB3y9PQAAbWPq1k19+vRWeL9LdWnfPrrkoovk62tSbW2djh47rrLy71X2/VFVVZ/09lABAAAAAAAuCISrwDmgR49ARV55ua6OipS/v7/8/Xz1c80pNTY2yt/fT5eG9lHIJRcr7LJLVVTyrcq+P6r6+npvDxvntVqVHdynckVoxMA+nbyvKh38cINe3PC2skqqJfmrd3SsEhf+QVOHBHfyvi8EZ/O1BAAAAIDzC+Eq0MX16R2imKv76+KLguRrMunId6Wq/PEnVVVXq7GhUf7+/goO7qnL+obqkot66RcxV+vSvqH6Km+fGhoavD18nJdqlf/cbzUzrUSSFPHQq9o6fWDn7StlumZuLrF7rE7HC8vlH0yw2n5n87UEAAAAgPMP4SrQhfUIDFS/S0PVp/clamho0L4Dhfr+aIVqak6p3hycdvPx0fFKPx2v/JeuCO+n8H6XqvclFym836Uq+bbUy0fQcY7lZ+r1//eOsv72lUqqjceCIqI1YkSCEqberFGRBG1nT5WKC21hZ8lXxTo2faA6peaxLFNrzMFqv5uStX7pzYoMkGrLjqkurDN2eKE5i68lAAAAAJyHuKHVGbok9h4lzhiv/t4eCM57viaTQvuE6PKwy1RXV6evDxerqOSIfjpRpbr6ejU1NampqUmNp0/rVG2tjh2v1KGiEn1bWi5/fz9dHRWpHoHdvX0Y7Vdbojf++0aNf2C5XvnYFqxKUnVJobIyVunRu36tXz+4UbuPeW+YVsfe1iMjf6mRI1OU7+2xdJo+GvfAHA0OkhQ0QvMeGttpYdyxfZ9pnyRphB6YYwSrkhQQ1kfE6a1o07V49l5LAAAAADgfdcnK1f63zNTofnYPVBVp+9bP9KPXRgScfb16BeuyS0Pl5+ensvIfVHzkO9XXu5/m39TUpBNVVfr2uzJd1CtYl/UNVb9L++pw8ZGzOOqOVqZ3Fk7T01/US/5X6/YFS/Rf42LUJ0Dy8fFR7bFi7f7oRf3v8x+q8P34GbsAACAASURBVKvn9Miqfnpr9c3eDYfKi7Xbm/s/SwKGTFfqX6d3+n6OlxWbv4tWJJWqZ6aN1+LZei0BAAAA4HzUxcLVy/SrKbdpoIq0PdUWpva/ZaYmThEBKy4oF1/USxdfdJF+/rlG5T8cVW1dXZvWqz75s0rLv9dlfUN1eXi/czpcrcr6s575ol7SZfqP//mz5l4bIB8f2/MBfSI1amqybhg3Wc+t2an4pV4OViVJdWrbK4W2qDte7u0hnMO4FgEAAACgs3WtcHXALzUw+GcdfMsxRD38/ss67LVBAd7h5+enAH8//aumRj/+60Sb16urr9dPP1WpobFB/S7r24kj7Hxf73nXCIcuS9Bt1wa4X7DPCM15asTZGlaLqo4f9/YQAElciwAAAABwNnStcFWS1EMXhUiqbGWxkLGafEeUgsw/Vhe8q22539ueHzBeiXH2wdJR5aRmWkPaS2Lv0cSL/qm0L3tbt/N99sv64JAkDdHNM0bqMjfrGsxVtsFu9g+0g4+Pj0zdfGQymdTUJDU0uG8H4KypqUl19fWqq2tQzx49OnGUne2YyktaX8qd4vTf6q41hZLilfxpisa11KAzP0U3zExXnaK1cMtrmhxpN4r8t5WWlq6Pcgt1vE6Sf29Fx47TPYmJmjDEUid7TJ89+aCezCyRrSVsumaOTHfYzT0v/11JQ5ofZ/7baUrb/KFyC4+rTv7qHR2rm+6ZrsQJQ9xU4uYrZeQMbVasnnjvWU3oI+nYbqWveVZpWft0vE7y7x2t2JsSNceuT6l1X2lvK6ukWvLvrcHxiZoz77cacaYlv/kpGjkz3e1xHXv7Yd26LFe6J1W7koZIqlLxzre1IW2bcr8yzlNQxAiNS5ynORMGNuufmp8+WY+scX8+XZ7LqmLt/PA1ZWRk2Z3LIbp2fKJmjR8l9/c8O6a3H7lFy3LttutwPv0VMS9VW6cOdL1s1UF9uGGDNmRmGT2BgyJ0bexkzXI4r7Uq27lNz72Ypqx9x1WnIEXET9CsB2Zp3MCWu8dWFe/WZ5nblJm7W/sKj8u4DKMVe9NUJSZO0BCH186Da7GV19JxLDv1Yfo2ZWTlqtC40BQ9eITGJ87S+FGRLfTBdXXN5uvttI3a/JHdtmKnat7C6Wd+PQIAAACAl3StcPVQib6P66vL4mbqZlmCThcGjFdiXJAOvvWy/lYpGWHobZosc8A5YLwS46ScVEvFqxGEjr5liA6/b3dbj6BfaPJvvtenqS/bKmUtoW35LqWZl70k9h5NdFi3r0bPGKuDb72stErz8zFj9auDm83jAdqvsfG0mpqa1K2bj+TT+vIWRjDbTSZTN50+fbrzBtjp+ijiaj/pi3rp+0z97WCiBg5s+9qR8ZM1eM1K7VOWPsyt0rgW0tWDuz8zKmSjJ2uENVitVf5zMzQ7rdBxanXdcRVmpWtZVrpWRU/V+heSNCJYqjpuH2a1TW3xNi2esVJZDivW6XhhljYvy1LG5ql6Zl2SRrkNmnarpLxK+R/N1yNrdjvsv+54obI2L1buV8f18qu/1cCyD/TkY08qs7DOfiHt+2iNZmfl6oktz2pCZ/Q0LSnTsWNVSnt0vjYXOk5Sry7ZrYxlv9PuwlS9mjREDrXJZWd2Po/tTNGjj6XLcRd1Ol64Wx+t2a2PnovWPc+sV5L7kylJOn68SrX5GzVzdprdtuo0IiKy2bIl5WUqK9+gx57MdNxvdYm++miNZucW6pntf9BY5St9/sNa85X9EVWrJCtdi7N2Kv/l15Q0pHlldtXBt/XcqhRl7Gt+JozX90llZXzY7LXz5Fps3THtTHlEj2128X746kOt+epDPRfd2vUqGddsrYqzHteMVVmO46w7rsKs5zQ7d3fnXY8AAAAA0MG6eXsAjvL1QeoufS/psriZSpwxU5NjL3NaZohujuur6oLP7ILMfH2QfVRB4TG6RJIOZSrNodL0e/1t71GpX4T6228quFp7Hfq4XqZf/SZKQVVF2m4Xwv6Yu9katBqOKifVFqT+mPtPfa8eCh/oPFbAM01NTTptrkBtOn36jCpQu3XrpsAegerZI1A/najqxFF2vqvH3GmuID+i//vATKXln8HxhI3T1Hjj26zMz3TM7YIHlZth9PWMThghS4RWuzPFHKz6K3bhq3ov5+/atevv2pXzvrasm6NrgyRFjFB0sCT10YT1xvMv32PZ7lS9vMu8jvnLoSKw7G099jsjWPWPnqrkLe8rx7xczlt/UuJgf9UVpuvRZW+rzO3Y67TtkQmauSZfYeOX6i+fmvf16at6YnyEsUThGj2/MkUz7lqszOJoJb6w3byfz/XWugRFSFJdrpat+UCdcrXsXqm77nhEm8uG6CHrvv+unPde1cJYf0lSyebHlX7QcbUhSS2fT/tzWZufotmPGsGq/+BErbM7l59uWa/Ewf5SXaE2P/qgUvJrWxzu8d0b9NjsNNWOW6SX3/rcvL/PNW9U8/Bz98rf6q7FmSobPEcvWJbN2a4XEgfLX5KqM7VmZYqenDFDa77qrfFPvKpPLeP6yyIZh1+izYvTdbDZ1iWV5ypzX7X8o8dp3rqttmtw1+d664VEDfaX8dot3mZ3jXhwLbaqVvkpD+rRzcb7YXDiem15z3Ju/qot64yx1BWm69HZKWr5FNdp2yM3665VucY1+57tHJ+V6xEAAAAAOlgXC1clI2B9WWmp7+pglRQUc5sSZ8zUzQPMTw+I0GX6WaUHnabgV1arOjhIIQ4PDtHNM4yQ1mgREKRQxwUchcQoPFiqLi3gxlnwup9rTqmm5pSCg4POqHdqYPfu6tunt+rrG/Rd2bndqiJg8H9p2d1XGj/U/VP/94F/142z1ygzv0wtR2SSFKzY8eOMb3O3KctdQnkwV0a2OlgJsZZotUq5mRlGhV78UiVPHqg+lmwtoI8iR03Xn/76V72/dGwL06BbUqxti59Ubp2k2EXa8mqSxkX2sVZuBoSN0JwX/qR7IiTlrtSLn7mPmaqreyth3Xa9unSCtU2JggdqwsLHleBvPvyMdO3rl6B1b23UnBFh5v0EKGzU40p+qJ+xUFamct0n0J6rq1Zd9By9vP1Pmm7dtxTQZ6AmJy+VkX+X68WP8t1voyW1O7VmdrpKJCl2qbakPqxRducyOHKU5qRu1ROx/pJKtHl2ina2cPF8tTldZQmpenXpZA0Js45Wrjr+1lXXacTCrXr/T9M1wrJsQJhGzHlK8wYbP5Z/lK7M8lgt3PKaltq1PwgeOFnJS83pf/kGuTr84LFztH7dq3r/1ac0dVSk7RpUgMJGPKz1lvX3bdSHLtPZjlG7M0WzNxs9OmKf2KrUOaMUaR1MsCJHPazULUuNsLgkXbPX7Gzx/Vld3Vvjk7ca16ztjXV2rkcAAAAA6GBdMFy1+F5/2/qy0qyVrOPtqk57aOAd5tDU8nVHlIKs4aklVB0pZb+stNSXlZZ9tM17rq44twMpnB+OHa/UDxXHZDKZ1OeSi3VRr9ZjPJPJpN4hF+uK8H5qaGxUWfkPZ2GknSlAg//PS3rx/1xr66+8Z7OW3z9Jcb+ZocXpu1XWQooTHDvZHDDuU2au63S1eN+HMrLVCYq1TkOuVZVlvnLvYPm73rqCW7jHVktqd7+mNfskabAWzpssl7OfA4YoMTFWUp0yP9ztvorvnse1yNU87IDBih9v+SFWT6x/3OV07YFDxpq/y1V++ZkcRVuN0MLk6Rri6vINHqL4a41v6wqLW6gudq8sc4My6iQpQg89NMH1uVSYJsxL0mBJqsvQi5nua4HVb46SnVsUuHPtIi2cHOli2TCNGB9t2aDuWb9akyObLxU8eKyMw69TYbGrow/TiFHN+9Fa14+doJskSeXKLWzhmNqlTJkvmj9oiJijh9zN1Q+boHnmRLkuY4NaOsW653EtHed6O51/PQIAAABAx+rC4aqFMeXfser0Z6PfaarzlzFVv/8tI3WZjiontYW+rS0ICmV6P7yvtrZWlT/+Sz//XKOwsMs08tqhuuSiXm6X9/PzVcTlYYq5ur8aGhr0Tcm3OlZ5PtRgB2vwf/yvPv7oFS3/j1+ptyXprN6nj9bO1qS4X+vBlA900FX6GDBCCQ8YlXD7MnJV3GyBYu3OKJQkDR4faxfM9VH0teYKuowUPbe7Iyco12r3h+awKnay4pu38rSNInqE+knSR7tdjN3CdfQrBSjY+lSkIt31r+wXbQ74pLqq1uuBz5y/+yGqt3q3cPytK1Zuxj7j2+jfamxLPXkjYzXeXE3q+lqwLNdbvdu6+wD3hxbkb9lKpKIj3ES1YWGyRLDH6zzokhpsG+tXhcfPfP22KM6V9RRPHauWT/EEI8DWPmXkur9iW7ggpN6R1nMCAAAAAOeCcyBcdXKopG39TctL7HqutlFlgUqrZOvdCnhRUFBP9QkJUVBQT/n7+alvn94a8osYxUQPUO9LLlZg9+7y9/NTj8DuurRvHw2KHqDoAVHq2TNQp2rrdPibEjU2Nnr7MDpO8EDdNHed3s3+RP9v7UOKtaWs+mrzYv3nxCR96KJabmDsZCOgLNym3c55T9luZRZK0mCNj3VMHwdOfcqYlq8SbZ79a/36wRS9vbu4A/pAFqsw1/iu37XRavHeP717m3vAFstlYWNH8Je18rL8+NnucmkfAHugqli7jWxc/rHRajmnDVP0CPPOCneruEs09LQdfGEbBlR7rFj5H27TcymP68Hf/Va33DBDmztzeJKqinfLOMX+io1uJQkPi5btFHv4Xgnyb3u4DQAAAABdgK+3B2BzmX415TYNDJa+z7avODVuYKXyXeYbSOXrg+wIJcbdppsr7JYLGatfhXymvx2SKn/6WYqJUH/lGwHrgPHmnqs/tzIG48ZXA+Oi9JvYAm3LNbcHGDBeNyvToypYwBM9ewSqf+SVirgiXD17BOrUqVqdqKpWn94huviiXrostLfqGxrV1NQkHx8fde/ur6CePdXY2Kii4iOqOP4vnajq+PuFdw3BihyVqHXvTdex/G363z+uUWZhnVSdpcWPbFTE1umO1XUDxylx8HNata9QaZ8d1OTptmeP7f5Mxux8+5YAZgFDlJSaqrDF8/Vc7nFVf5WuZbPTtcy/t2IT5uiBxAka0vKN592o03HzdOfy53+nkc97sg1IkmqrrHebHxHRr9XF+0WMkJQrqUpVtZKHDXPPsmPKfztNLz6/TbnH68763murLBHpCLV+ivvJeoqrq3TOnGIAAAAAaIcuFK5KBz99WQcH3qOJcTOVGGd7vLrgXaXl2vVBPZSptMqxmnyH/XI/q7pgiHQoXz/mfqaD4bdp9IyZGi1J5buU9la1Jt/Rhun+1m3fpsQYy4NH9X3BWF1y6LOOOEygRUFBPRUVcYWuirhCvYKDVH3yZxUf+U4/HD2mSy7updA+vdWzZ0/5+/mqm8mkxsZGnTpVa/RoPXpM5T8c1cmfa7x9GGdFnyGT9cRfYnXto3dpWW6dVPKc0j6brKfG2kc6YRo3NV6rFmepPCNXB6cPNIevx5T7kVFC6tgSwE7wEE1d/4ESyvL1YfpGpWVmqaT6uHI3P6nczSmKf+I1rXbXg7KDedjeFeeyss/05CPzlVli/jkoQvHjfqtx4wZrcHSYegcX67mRnV+9CgAAAABwrwuFq9/rx0pJuZuVltuGxSs/07ZUd2GncTOsvzk9ui3V9v2PLe2npW27XC9fH6R6eKdrwE6PwEBddeXl1mD155oaHfmuVF8fLtaJqiodrTimyn/9pKCePeXn6yuTqZsaGhtVU3NKJ6qq9dOJE2poOI9aAbSJcbOizXetVKGkrH3F0tghDksEx45TvLKUVb5NuQena+BASVX7lJsruWoJ4CwgbIgmJKVoQlKtynan68n5z+mr6mplLXtQKWFblTTiTKJPf/XuJ6lc8k9M1edzhrS6BtwICLbe6Gx3SbnUcpMFlZfsNn/n+c3Izp6D2mgJVv0HK3H9U3pgRNhZD9kDgi0fVOxW66e4XNZTHBTMBwIAAAAALgjnXs9V4DzVIzBQV/eP1MCr++uiXsE6+XONSr41gtWq6mr5+PiovqFBZeU/qPBQkfYf/Fr5+w9qf8HX+qbkWx2v/PECDFbNIu1uyuTqnkzBYzU1wV9SuTJyD0qSavN36iPJdUsAtwIUNmK6/vT+n3RPP0kq1+ZtuWfYWzJS0bHmsRYWq7NaqV4QgiM1wnz3o9bP5TEVF5qn1UePUGRXn6+en6kXSyTJXwnP/ElzvBCsSlJw5AjzDabqVNha499jxbKd4khaAgAAAAC4IBCuAl1EVOQVurp/pHoEdldtbZ1Kjnynrw8X66cTrqO7pqYmNTU1neVRnl21JftU0pYb2B8rlmXmdGy0q8aQARqRMEv9JKM1gKTC3ExJLbQEaEnACI2LN39v7i1p0c+SnOq4XN8fKkAjxiUYtzLK3aaslm6qjlZEKjbBuD99q+eyOEsZ5lkHgxNiW7n5lfcdKy6WkVNO1rhRnsWqrV+LbRAZK+spzshSy6d4m8yNNpQQ29XPMAAAAAB0DMJVoIu4ZuDVCvAPUG1dnQ59U6yDh4r0r59OeHtY3lP+jhbe+4ASZ61VbosFc7XKT9toDnVidVOsm3nLA2OV0E9S+Tbl5udrd1adWmoJUPbZa3r7oLtE6piKrX0wHac/26ZR56u4zPXaASN+q3mDJWmfVs1PUX5bAmS4FDZ+lhL8JWmf1qx5W65PeZneXpNi3LzMf5wSx52dPrntYr2oilXm8vo/pp0r/9Biv9W2XIutC9P4B8wfBuxL0Zq33Wyo7G2tWbNPkuR/03SdC6cYAAAAADoC4SrQRVjC1AMHD+ng10Wqqj7p7SF5Ua3Kv9qhffVS3deva96EG3Xf79OVW3zMrkq0VlVl+dq27HeaublEkr9in1ikCW57Qg7UuMTBksqVsSZFGeVy2xKgNj9Fjzy2Rsv+82b97sltyi+zq06tLdPu5+ZrVa4k+SthcqzD9Ofg6BEyCv3K9eLz22TNZ2vLdMya1UZqcvJSxfpLKknXzFse1MadxTpmF7LWluXr7ZSHdcsUwtcWBYzSvBemKkJSXe6TumvGs9ppd51UFe/UczOmGDc8U4TueWGpxp4D89X7DB5rvo5yteqxZ7W7zHJEtSrL36YnfzdRj2YcV1CQ+2207VpsXcCoJL1wT4SkOuUum6IZz+1UsfVirVLxzmc1464nZZziqXph6VhaAgAAAAC4YHShG1oBF7a8fQeUt++At4fRRQSo3+1/VEb0u1qX/Ee9+/VJ/fPj/9Hcj//HzfIRGv9EihZOaLlcLix+smJX7VPuPqPCLjYh3mVLgIAhUzUrIV8rM/apMHOlZmaudLGUvwY/lKp5zjezChuveYmvaWZaiepyV+o/f2NbNzb5fa0fZ05/wybomVelVfOfVGbJbj3/6BQ972rQ/seVta9KQ0YQV7kTMCRJL6yTHn0sXYX70vToXWnNF/KP1j3PrFfSkHPkNkthk7V04dv63ap9qtuXptl3OB1TULwW/uUPisz8tWa7K19t67XYqgANSfqT1ukRPba5UPvSHpHrUzxVz6xL0rlyigEAAACgI1C5CqDLCo6+Xb9P26EP09dqwX/cpOFXXylboV6QIqLjlfDf67Tl021aOiGy9Rv+9Bmr8ZZeqS21EFCYxi3aqL9+ulXr5o3TtdG9jWnRkvx7R+vam+Zp3ZYPlDp9oIt9BmjInNe0JXmq4iMsozXG2s+/znHJyAlauvWv2rJunm66Nlq9bTtR9LXjNC/5Vb33+WuaQ7Daqj6jkvTq+1u1bmGC4q2vl796R4/QTfPWa8v7rylpVFvDxK4hcvJGvfXCPN10bYT5uvdX7+h43ZP8qj79a4omDwxWhLWvqittvxZb10ejkl7T+1vWa2FCvKItF6vlWl23Ve+/mqRz7BQDAAAAQLv5/HLU2A69I85bW17VHXf9riM3CaATdMZ7deWKZTL5+srP11d+fn4y+frK1+Qrk8mkbiaTfH1N6tatm0wmk3zkIx8f40s+tu+dvyQ1+97+X+fvW3pMkvJTRmnm5jopdqneWz9BZEEAAAAAAFx4/HwaJEl79uzxaP3hw4dLonIVwAXloPlGVlLsTbEEqwAAAAAAoF0IVwFcOA7mGjeyUrzGjyVaBQAAAAAA7UO4CuACUaa3n39O5ZL63TNd8bQxBQAAAAAA7US4CuD8VVtr/Ft1UG8/+bCW5UryH6d5s4a0fvMrAAAAAACAVvh25MZMJpO+KT7SkZsE0Em+KT4ik8mkxsZGbw+lk1Tpsyd/rcc+snvIP1qJLyzVWKpWAQAAAABAB+jQytXGxkbV1p7SreP+vSM3C6CD3XbLTaqpqTmPg1VJtcXa95W/8b1/bw2+aZ5eeOs1zRlCzSoAAAAAAOgYHVq5Kkl/WPFHPbF4gW675SZdecXlHb15AO1UXHJEP9fU6MkVq7w9lM4VMERz3t+pOd4eBwAAAAAAOG91eLhac+qUFi1Zdp5PNwbOXbw3AQAAAAAAOkan3dCK8AbomnhvAgAAAAAAdIxOC1cBAAAAAAAA4HxGuAoAAAAAAAAAHiBcBQAAAAAAAAAPEK4CAAAAAAAAgAcIVwEAAAAAAADAA4SrAAAAAAAAAOABwlUAAAAAAAAA8ADhKgAAAAAAAAB4gHAVAAAAAAAAADxAuAoAAAAAAAAAHiBcBQAAAAAAAAAPEK4CAAAAAAAAgAcIVwEAAAAAAADAA4SrAAAAAAAAAOABwlUAAAAAAAAA8ADhKgAAAAAAAAB4gHAVAAAAAAAAADxAuAoAAAAAAAAAHiBcBQAAAAAAAAAPEK4CAAAAAAAAgAd8vbr37kN0+7QbFRPs1zHbqynWB6lbtO9Ux2wOAAAAAAAAANzxargaO+O3unFAYAduMVzTZlXqv9d/0oHbBAAAAAAAAIDmvBqu9g20BKv1qq9v58b8/OQnyc+3Vzs3BAAAAAAAAACt825bAIvSnfrvNW+0axN3zPsfxYd30HgAAAAAAAAAoBVdI1y9IE3SvNXxCilI0+9f2ut2qaH3P6V7YyqVNX+1tp/F0bVN244B8FRTU5P1Xx8fH4fn7H92fs7dYwAAAAAAoOtz9Td/V/07n3DVgREWNiuALc1S0to3vTEg4ILV1NSkpqYmNTQ0uAxZCVcBAAAAADh/+fj4yMfHR926dZOvr6+6devWJf/WJ1x1ocahEtMIXFNWD+ii1aPA+ef06dM6ffq06uvq1CPQX8FBPRXYvbsk159YEa4CAAAAAHD+OVVbq+qTNfr51Cn5+/vL19e3y/29383bA+j63tSa+VkqVbjil8/SUG8PBzjPNTU1qbGxUQ31dbq0z8XqE3KxugcEeHtYAAAAAADgLOseEKA+IRcrNCRYDfV1amxstM5u7SqoXG2TN/VJwXW6NyZS1w2V8vKMRyfOXet4E61m7QOc2wyUuq5+nThfKWPCW15m6CytmDZIgeYfa1z1OXXYjqvxtD7mofc/pXuDv1TSp32t+yvdMVdrtjcfQ+mOLOdRAu12+vRpNTQ0yK+bjwIC/L09HAAAAAAA4GWB3bvLz3RS9fX18vHxkclk8vaQrAhX2yhvV7FqYgYpOEJSnjmkVJaS5puDyaGztGJavOZNfNMIIjVMDyyPV7hdeDn0/qd079xJ2m4XZgbGJColOEtJ81fLEsbGOy0jhSt+ygm9Mn+u8iRziJqoFffLFrCag1VrEKphemB5olKW99UrSzYoT20Zs1nIdVoxpVhbLPuzLjtIKkhTknmfxvakmg46x4C1z2p9vfr0vcTbwwEAAAAAAF1Ezx7dVfFjlfz8/Fze+NpbaAvQVnlHVSkppO8wSdL2tXMdq0LzNujLUim8/yTzA5EKDpRKD9uWyXvp8WaVpDUFaXaPvalPCmqk8AGa6LBUqbLMAamx89XKKpUCI64ztymYpHljwlVTkGYXku7Vi1sPqCZwkG40b6z1MZsFVupL+/1pmB6YMkiBNQe0xa5advvaLJW6P2PAGWtqajL3W21Ud3OPVQAAAAAAgMDA7jrd2KjTp093qdYAVK62l/NU/Jq+GiopT2/qUGm84ses1Yq+Lqbwt1NJVY0U3ksRkvImDlC4pNKjTvvI+1IlUwYppv8kSXahqtsxu2MExTUFX7awDNAxmpqa1Hi6UV3j8ycAAAAAANAVmEwmNZ6m5+q5a2hfhUiqPOo4Dd/okTpX22WeJh9iW2X72rkquf8p3RuTqJTViVLNAesU/fbKO1opxYToUusdtmpUVeJm4RBzeNqGMbvkfOxAJzJaA3h7FAAAAAAAoKuxtBPsSrpGuBoyREnzBrRrE4GtBYTtNHRkpAKtAaYxDd/VDaOc5b30uJIka8/Se5fP6pCAdWjfEEmV+iFPUoQkBVr7wTZTeVR5ZzBmd4yWCASs6Dxd7RckAAAAAABAS7warlY11EvykwJDFB7e6uJeNEk3xgRKpVl60S68tO+n2qq8Ddoy8indG2Oeyt+u8QzTdRGBUs0JlUjS9kMqHRPePPwcep0irH1fJ535mK1jN7cXCI4U4SoAAAAAAAC8qSsVZ3n1hlafvpmpgh9qVF9f7/bLWUvL1lQe0idb3+jgUU7SvNXxClepsqwVn8WqqnG8EdTEuWsVbx8QD52lFavn292YyhyIlh7Sdp2pcMXPte1r6P13KyawRgVbLRWwb2rNjlIFxiRqnnWHtptQfbK9jWN2a6++LKmRwuPtti9NnBuvLp2J45zVlX5JAgAAAACArqEr5gXebQtwJEsbns5y/3z3O5WUbB/g/aBda1Zq69HOHVagpUeqWU1BmpIcbki1Vy9uvU4rpsUrZXW8JKl0x1y9UvWU7o0wlhgacVRfFkQqfvVaxVs3dECveDIlvzRLSYcHKGX1WsuGVLDpcYcqWm1frSTNV8qYtUoZY7eedX+tj7kleS89rqSJjtsv3ZGmgpBEtWF1AAAAbIpNKAAAIABJREFUAAAA4Lzj88tRY7tU5BsRe6dGhpkz376DNGqAYzPVykOfq8AcrtaXfam3ct3dxQnA2bZyxTKZfH3l5+srPz8/mXx95WvylclkUjeTSb6+JnXr1k0mk0k+8pGPj/El87+nT59WQ0ODTp6sVsyASOM5ybac+Xv7f52/b+kxAAAAAABw7io4VKzg4F5G5mAytWtbfj4NkqQ9e/Z4tP7w4cMlebtytZlRuv32eA0IdL9EyIAbNMp676tINeQ+o3fOxtAAAAAAAAAAwE4XC1d3atPWQN3cP6T1RWVUrhKsAgAAAAAAAPCGLhauSlV7P9FWbkgPAAAAAAAAoIvr5u0BAAAAAAAAAMC5iHAVAAAAAAAAADxAuAoAAAAAAAAAHiBcBQAAAAAAAAAPEK4CAAAAAAAAgAcIVwEAAAAAAADAA4SrAAAAAAAAAOABwlUAAAAAAAAA8ADhKgAAAAAAAAB4gHAVAAAAAAAAADxAuAoAAAAAAAAAHiBcBQAAAAAAAAAPEK4CAAAAAAAAgAcIVwEAAAAAAADAA4SrAAAAAAAAAOABwlUAAAAAAAAA8ADhKgAAAAAAAAB4gHAVAAAAAAAAADzg6+0BAACAC8jJKlWdPKkj5XUK6neJQnp2V3BPP2+PCgAAAAA8QrgKAAA62UmVfFmgF3L/pZzG5s8Gmbrrd7HRuuO6UAWf/cEBAAAAgMcIVwEAQOepLNT69G+1pdb9ItWNp/SnnH8odVeQnpr6S10fYjp74wMAAACAdqDnKgAA56UKbb3vGkVFX6Oo5DzvDKF8vxZtbB6sBpl8NSDAVwMCuinI7vG62mrN3/g3fVzuorwVAAAAALogwlUAQDN7ks2hXLSXwzl0iDGDws7+Tk8Wa31GuXLsHvLv0Uvr/3OM3ns0XqkPxSv1oV/rvf8aptWX+8rfutQpPZnxlf55shPGVPGGpkdfo6j73lBF21cyh9SztNV5pb0rHd4ny/e2vjXeWwAAAMD5pUu1Bejef5TG/+Y6RQSf6Y0tanTonef01sFOGRYAXDgq3tD0GxZrh/PjaVMVVZSsL/58p0K9MS54IFRT/rxfU7yy70Z9/fE3DhWr/r0u1V/uH6x+zot2763r775O61//m2Z/d9p4rPaEnvr4O716x+UdOKYKbV3o4tpuba2MxVqQ7eKJvSsVdfcmzXh9v5YMs/x8jWT52dX+74vXAiXri0LL+yhPy6OnKkrpKlo89AxHBgAAAKAr6DLhavdfPqiFUwepl4frh4wZrrcO7unQMQHAhcUufIqzD1KNUOjA7aO9OjqcQ376Wq8ePu3wUNzACHOwWqOS7H164R916vdvV+nBuDAFKFC/uLmfbvxzqT4xL3/kcImyf7pccRd1zJCMkHSanl71jRa809aV3tBjC3M0Y1WyDi98z/4JbX12k5SYbgtShy3StsRNmvxOnpYMcxWUugq7h2r2qtFKXfiu9iwequEeHBcAAAAA7+oibQFGaeYkz4NVADivWKYuJ+e1adpxRcYsh2WmZzjNXTZvY3pGhdOyK+XwkdTel8wVetO0zaFC1QiFliSEOlStOk9vdh6b8fwsba2w6/1pNw3aYSxO07Tbs679Mbueem3e5n1vqEJ5Wu5iGcdjc5oObnl9Wtq//Ridn7eub3f+W9mmMZ6V2mPfR9W8TEuvv+U4ml03rR2D22vGxdR4F6r+cdwaklp8sutLPfjWEX398d81c9cJ5dSe0pZdX+u9b80LXNRdIQ5rnNIXh1u4C9aZsISkry9SfNtXMj5sSEzXkjjn58p0IFuacbtjiHr5oNFS2rs6k496vzuQI8XFqCNrdAEAAACcPV0jXB08SH0DvT0I4PwUEDVF81au1dLZY3SltweDM5M2VVF3b3J4KPVu+0DUCNquX5jjsMyOhfEu+zjuWBjvtOwmTbYL+Pa8Y+xrzKr7W6mgMwLJyWmOj6be7SLYVY4W3BDvOK06baqiop3Gnb1Y1zcbs2frVmTManbelDa1+TnJfk+P3TdVqeYfjaDMOKeOx5ajBTeYQ8W9KxXl3DYhe7GudxGwhiY8pBnm/WTZP1laoB2yO89t3uY3Wnef7XyMuX20QveudPn6N38dbCoyZrnen3PYLlfXTI4WLGy9X+mRilMuH99/+GvN/Eed6iRJvrpj5DWadIX5ycqfVe60/Bfftr0zqnt5Wn6DOSR1OV3ftT3J8VqQPU3bXE3XryjSYRfrhEZdJekbHW7jsCsyZmlymjTjYdptAAAAAOeqrhGu+vrqTLusnr8mad7qtVpx/xn8BQi4ERA1RQ89cIPC/aReA27RzbT0O/ckpquocL+KCtONoE6blGmpQrSvNC3cbyz3ebLGSFLa8y4rDGe8vr/Z9tZlVEiq0OEiY5n+US3HPBUZzxuBZFyyvrDs9/VpkqQdC19yUbU3Wk9/biy3LdH26JhVWQ7rqqjIRWh3puvm6QVzGNjsWJtVFOZoR7bt3C0ZZt9f0/6cpmvb5xs0JdQ8Fdx+/4VZejpOzQNUSdJQjU809nOg1PaoEWKP1vi4UFmnl7dpmznakW07HxsTQq2BuO1Ys/T0qnRtTHD3Gro6P+b9Wa8FR9ZxWa4tl8fqpKHlp/179dFfHozX/DjLOGv0z49/UI7Tct/XtrKhNtiTPFWpccn64kx6mu5dqclpo/X054ta+KBhtAaFezIiW/Xx9Quv0rZCdz1aAQAAAJwLuka46soPX+r5/33O/dc7h1TTaTsfpgeWr1XKaruv5bN0ZrnUJM1b/ZQeIMyCl9gHq5J0ouANvcJNqc8tDoGQJaizcVlpGnqnHjUHepnZTgmYQ+We0etRknYcKDuDQVUo6x1zOGdfbTfsfmtAl+k0BX3G6xs0xbzg8NunWcdiDQDDY8yhXYG+UzvX3fuuEfy6PFZXY7MPz+yOzf7x0KEaHiqpIkeZ2ZLikvWMNbwM1ZSHp8nl+bYbc+o7ljdfnjLTJMXdqngPtjlmVbL1fDhs/27L1P9QTUlo4T88lvMTl6zZ1vNj2Z+0450cx4Db/lyHjtb4ZtPjPeGrh28eqoie5h+PHtJfXtppu5lVR7KEpKvOpDI0T8vv3tTsXDfnGJq3ndFmwwi2b1NmC60lAAAAAHR9XeaGVs30GqBJd7RQEuIb3DmDHzpLK6YNUmBplpLWvml+cJgeWJ6oe+dOsnuste30VYikqs4YI9CK5sHqa1r10i51UPdCdAnuK00vHzRaUo45NG1rpBSq/lGSsqXDRRXSMHfrGb0mm1fttXX9zlVR9I3xTdpURaW1vGzzY3B3bGbm6fzGFPrFbRvQsPv1dNwmLUgz37DIHG6OuX208cqc4TabVRUPW6Si16Wouzcp9e5rbBXFf3YdJlrPT1SU4/PmkHqHOaRu76sX1MtX7stXuyvC0gpAxVr/lxJtcbPkgF7d2zUOywcQC264RgscnsnR9dGLNWZVVvMqX0sAvTBeUQsdn9pxwzVaEJesL/4cpf4u9mec36vUv80ncKiWfJ6swzcs1gt776SCFQAAADgHdd1w1SuG6YEpzsGqJO3Vi0tc3EUG6IpCJxGsXhDch5nfHTCqL8cMCjujLQ6/fZqUtsmY2p/gbjp0mAbFSco2V+1Zd9v2tgKdyeh5mWO0UziTaeCS3B+bmSWAbCG8dDEixd8+WsrepMy9iySHlgCebtPJsEUqKlwkY7p5vBZkL9ZjGaNdtgawnp+iIlVoqG1/lpC3g26sFHFFD/nvP2HureqsWo+scb7dlWvDr2jftTR88X4VOWXWFRmzdP07t7o/39bzab/SG5p+w3sa/7mlkrpCg+KkBe/kackw23X23YEcKfGhVnoWAwAAADifdN22APWVKikpdv91tBOaAkz8d8UE1qjg0zZUp06c79g2YPV8TTQ/NfT+p5QybZACFaiYacbz1h6qQ2dphcN6bWwd4LyeyzYFRr/WlGZftCcAzkeWKeEOfU4r3tC6NMkhwLOw78Nqvnu6ZHfH82G3WfuwTnZ1t/rkPFnDQkmpz9otY9f/dbw3q+8sx5A21emmTnna0+pnZHbH5nDjsDxtzaiwTYtvdvOtCu3Z635Sd2jcrRoj6XBRnhFAW1oCSB5v07pUxiy7G3XZTe931+rBcn6yF+sF6/mw6/tqqahtr1/00wyTuyf99fCdo5Q970Z9fGeIrnO3mOli3foLtxvpUHuSr1FU9CyXfYpdM5/rtKnmdgyytSCYZfkPrqW3qvlaqnhD06OvcbqxWoW2LlysHd5+3wAAAADwWNetXO01QKNGDTiru5zYP1xSqX5orS/lxPlKGSNlzZ+r7ZIsbQPi507S9rVvKu+lx5U0cb5SxoSoYNPjetGyvaGztGJapEo2zbU+NnHuWsVPmaWheRvkdrfmVgUqSFPSS3ut6927er6y5q82j2GS5q2OV7i16tYYU4wO6JUlLWwb55+KN/X8i762G1nF/FYL7xfVq+cjy5Tz7E2aHL3J8bnEh1z0i8xpPj3aofembYryDpfT1J/X1lkbNCXhIc1YmKNUF8s49H/1CqO/aurCHO1wntbdhurQUMuxyfmcjpbiNmjKw9O0IHuTi7YD07St0E21rzlAXbBwqnZIGrPKPsAM9Wybkmw3p8pp1gLBfdWy7fxY2wjY7e9RtzfCOlOX69Z/+0ape+qaV6/2ukQ3XhUoSQq4KlI39qrUlyeab+G6f4vS1R00mpZZqq7dVCy7Y23JYDuPM17fb/e+s7SZ+EaHK6ThoXdqY2GUlkc7vc5xyfqi0MOqZQAAAABe13UrV72l5oRKWltm+2olWUNNSdqrF3eVSuEDrNWrLuVt0O/n24WtkrZ/ekA1gZG6zm1lqa1Vwe9fspVdbV+bpVKF6zpLRezEAQqXfdWteUwtbhvnq9qirXr+xc9VWm/8bASsIxXg3WGhwxk3xtnmdKOrMauyXE+JT0x3XDYxXUXOYWPondpovXu807KFlinRQ7XExTIzXt/fwl3qz57QhA22O9tbxCXrC/MNvFrm6thG62nLdPBhi1RUmG6u8LWYpm2F9+tyt1WPtopYlxXFHm3TMlbXr39Lr0NowgYVvT7N8cG4ZH3RYpB75nr/+hol9XLxxIkqHTpp/v5khfa7CFb9e12q+b++pANHYxOasMHpurfdYMptz9PQO7WxcEPzDyyGLTLfmMrV+sbrU+SwnuUxuy9P20EAAAAA6BJ8fjlqbJO3B6FhDyp52iAFtmMTNQVpWvzintYXbMHEuWsVH3ImlZ7malHbKGyVqq4qV63MVaV2B1y6Y67WbLdtM6QgzQhT7apW7cPVZuN1tT9rha19EIwLieONrWrcXI8dZ+WKZTL5+srP11d+fn4y+frK1+Qrk8mkbiaTfH1N6tatm0wmk3zkIx8f40vmf0+fPq2GhgadPFmtmAGRxnOSbTnz9/b/On/f0mMXrL0rFXX3Jg/7kALtcLJMb6YfUEqzANVXN17mr/Lvf9Z+p2f8e/XRy1OHKqLnWRojAAAAgHNGwaFiBQf3MjIHU/vaiPn5GDfh3bPHszxx+HCjPIXKVWeBvRTR6kKW3qbx0o65Spo/V0k7Stuw8WF6YPlapaxOVERJmrHepgNqS/fYyqNumgVaxrv9YxXUBCrmN5Ns+xoZLpUeIli9gNlXsJ449L4+oD8EgLOpZ5gm3f9LrY/0V5DDEw36xEWwOiyyv16/n2AVAAAAwLmj6/Zc9YLth0sVHx6iS4dKLZWuTpwbr3CVnnFF6ND77zZumOVB9WBI32GSXASs1jYGe/Vlyd2KiYk3Ql9JsvZfxYWstmir1iza6u1hALhgXaThCXF67+gRvZtTqve+/Vl7G23PBpn8df0Vl+iu0QP1i75+3hsmAAAAAHigC4arNfqhtFINbVo2UCHhIQpUjUp2ta8lgCRp+yGVjok3qj/zWgklW6sILTmhGoU0f7ymWF+eSbCa96VKpgxSTHCkHMPVSRoQLtUUfGnkwENn6a4YqcDuZlkAAHQZfa/UbQlX6jZvjwMAAAAAOlAXC1frdejNZfrf7LZMlJekO5WUEq9wVeoHN7Pmz8ybWrOpr1ZMi1fKXNlVfVp6pBrVqiVVNVKMcfOq7ZK5t2m4ZD/BP++oKqcNUsTIYVLeXvNDlVKMcYOpvDxZ+6m23Gt2r17cep1WTIvXivuLrX1XrdWzL3XIgQM4nw1bpKLCRd4eBQAAAAAA552uEa5W1ahGUqD81DdmuIKzd6rKW2PJ26Df5xlhqnV6vSTVHNAr8803unrpdRUsT1T86rWKl4zp95tOaMW0SLsNvak1OwYoZUyiUlYnGusvWa2s/msVP22tUqZZtpmlG+33ozd1qDRe8TGJmjdxr3GTq7wN+r1macU087acx2Me95aRT+ley7bt0R4AAAAAAAAA6HA+vxw1tsnbg5BiNG3xbA13MYu+bepVuuMZpbx1tCMHdW6ZOF8pI0/olSUbHNvFmqtjK3fMNYJaoBOtXLFMJl9f+fn6Gnfu8/WVr8lXJpNJ3Uwm+fqa1K1bN5lMJvnIRz4+xpfM/54+fVoNDQ06ebJaMQMijeck23Lm7+3/df6+pccAAAAAAMC5q+BQsYKDexmZg8nUrm35+RhNSffs8azV6PDhwyVJ3do1ig5ToE2bPlZxW7sBNOOn4Esu7cgBnXMm9g+XKo+2dB8uAAAAAAAAAB2oa7QFkKQjmVr/+yyF/fI6jYo40xLWShW8k98pwzpXGH1gr9MDQ9+0u6HVJM2bNkiBNQf0CVWrAAAAAAAAQIfqOuGqJKlKZX//RFv/7u1xnHvyXnpcr9zfvOdqTUGakrjpFQAAAAAAANDhuli4ivbIe+lxJXl7EAAAAAAAAMAFoov0XAUAAAAAAACAcwvhKgAAAAAAAAB4gHAVAAAAAAAAADxAuAoAAAAAAAAAHiBcBQAAAAAAAAAPEK4CAAAAAAAAgAcIVwEAAAAAAADAA4SrAAAAAAAAAOABwlUAAAAAAAAA8ADhKgAAAAAAAAB4gHAVAAAAAAAAADxAuAoAAAAAAAAAHiBcBQAAAAAAAAAPEK4CAAAAAAAAgAcIVwEAAAAAAADAA4SrAAAAAAAAAOABwlUAAAAAAAAA8ADhKgAAAAAAAAB4gHAVAAAAAAAAADxAuAoAAAAAAAAAHvD19gAAAMAF5GSVqk6e1JHyOgX1u0QhPbsruKeft0cFAAAAAB7xargaEXef7hgZIvs/qerLsrRh85c65bVRAQCAjnVSJV8W6IXcfymnsfmzQabu+l1stO64LlTBZ39wAAAAAOAxr7YFGDZyiCLDwxVu9xU5Ml43e3NQAACg41QWav3zf9N/5rgOViWpuvGU/pTzD016/gt9UelmobNoT/I1ioqepa0V3h7JmTHGbXxNz+jMwVdo633XKCp6pfZ0yObe0PToa7R8b0dsDDgz5+r7vbk8Le/09z4AAHDFq+Hq3oJinaivV319verrLY+GKPw3A9S/v2dfYZS8AADaYu9KcxB1PvxR3UWV79eijd9qS63jw0EmXw0I8NWAgG4Ksnu8rrZa8zf+TR+Xd2DAanmdk/NcPl2RMcspjKzQ4SJJytGB0o4bRqfbu1KT06QZr+9XUeF+bUwINUIjN8dtDUjve0MVbXrcPrgp04FsSfpGh8/j947l2nAV+lZkzLKeI8ty7r/4HdMy49qyP2dnLyA8G+93y4cRzb/4QAEAgPODV9sClLz7P/rDu+Yfut+l/06+QZcqUANun6MBnm60NEvz1rzRQSMEADSXp+XRU5Vq/1BiuooWD/XWgFphHq/TGCskjZG0Q1epf6jXBtdh9iRfo8lp07StcJGGe3swknSyWOszypVj95B/j15anTBMw/vaNQQ6dVxfbN+nx79rUJ3xgJ7M+Er9po/UL3p24HjS3tWexUOdzk2Fst7JcVowVFP+vF9TOnDXZ0NF0TeSpmn8sLauEar420dLC99TVsWdmmJ5D1TkKDNbkgr0nSTrW6OiSIc1WuPjQiWFaknhfi3pyAPowlKffUOz/3yn3P2aCE3YoKIEy0/G75vDq7K0MaEtv1gqtPW+eC3Itj0y4/X9WtLa61jxhqbfsFg74pL1RQtjkyy/G9w86fx7MWOWrl+Y4/Z57V2pqLs3tTpWyz5bPRbzcWhVloqs5ytPy6PjNV1tPYftcRbf7y7P5TVSW17vTtbm1wsAALjk1cpVB6cKdPRE+zdTU9UVykwmad7qtVpxP/93Au8LiJqieSvXaunsMbrS24PBuW/vSkU5B6uSlDa146YId7SKIh128XDosEXaWLhfRV0ljGwXS/VVV9Gorz/+xqFi1b/XpfrL7JGOwaokde+t6+++Tusvt/tfktoTeurj7zpuOHHTNCNukzKdq8QqcpSZPVpj4jpuV+eS0LhbNca5Yq+0QDviRmuMnM5XacF580HEGUmcphnZi/VYp1RSGiHigqh0FRUaFcdFnyfr8N0t/y7dk3yNom5YrB1t3Mvwxftt27d8vT5NkjTjdlvYtyf5Gl2/8Cptsy6XpaeLptqqK83BqqU6uuj1aUq926n60tziwW2Y63wsG4yA+BmHEHWolpirr89rwxZpW6IR3nutsPkMXy8AAOBa1wlXla+SH+tbX6wVlUe/bPc2Js5dq5TVdl/LZ6mr1mMBLQmImqKHHrhB4X5SrwG36GYuZLRLnpZbKpYS7cKAwnTNkCRt0uRmU4lxQfrpa716+LTDQ3EDI9RPklSjkuxdWvT851qfXSYjfw3UL27upxvtlj9yuETZP3XUgGI0/vbRSn3HcYp8RfZ72pF4q8Y7LW1M824ecNn3NHWY0lvxhqZHr9Qe++m/1un4zlOCXUwRNwcc1mXcTdV3sw0jFMuRtEmT7bYzOU3mDz7c9EcNjVJ/SYeLbBvb884mjbn9IY2Pc3y8ougbKS5Gl9ufC7tx2qbJO07xdjm929qSw3wsbj4Xd3u+5eY1Mm/Xcaq1Ux/KVs+1k6IYjV81WjsWvtThHx5VZDyv1LhkfWFfzRh6pza28oGPJSzdlujpno3f5WNWZdmqFCve0Lq00Xr6c/t9G1WdxjIV2vrsJikx3baOJRy0f1+F3ml8aPV5ssa0dTjZRpV0axzbLzi9j1y+B7ca16KL1hjGtWVcP+7e787tHhyvZadWBm7bb7Ts8kGj7ffYrH2Aq/dPy+NyXth8vbu7zj15vQAAQDNdKFyV9h2taucWKlWa2571h+mB5WsVH3JAr8yfqyTzV1blIN1LwIpzjH2wKkknCt7QK579vz8gyRwESJJzGKChWmIJWLPfU5blLzhz0DE9o8Lpj0FXVVmtBFB2oYltW5ZlnPv12dZ1qPByDplc/NFpu7GJ03hc/GHqHPy0fHxyG+pYj8d5H9blLdtzPk7z43tXKiraMq3YFq7ZB0wthVStvk4O425b78iqfxzXJ06PfbLrSz341hF9/fHfNXPXCeXUntKWXV/rvW/NC1zUXSEOa5zSF4edmrV6KrtAirtVY9LetXttjJYAM24f3cKKtmW33mdpu+CuwvAbrbtvsbTK/PziobJO+VayvrBWDF6lBTfYvwZ5Wm6ZFm1eZluUfaVk69sYvni/vlg1WtI0x6rDONl9EOIqsAvToDhpx4Ey674OF0n9o4Yq/vbR2vFOjvWa/O5AjhQV1eL0c2Uv1vXR72q8eQxfrBqtHQsXN38v21c/FiZLzzavwrS1ubA/37Ygyai6dayu3fOO8eGPQ9i3912lWtsZtHauXbs84SHN0Cat69DqVeP6G3P76JbPaScwfpdP06N2laEV2e9pR9ytinc7GKPPrn2lq2QOBx3eV2dm+O3TZPzear1a9/p3bnV6Dzj/PnJ+D07R7FWuxpenzDRpzKr73YbYxgcW0tOf2z5E7G+5live0PToqdLr+x0qfD0JWL87YGnBYLzPM2/Pcqgudn7/tDiuZozrfUdiuopaaR0BAADap0uFq0cP/aCa9myg5gcdPtqO9Sf+u2ICa1SwdYPs//do+9q5Slri+BjQlTUPVl/Tqpd2qYNiClygLH8Eug4Dhmp8oiTlKDPb8a+8HQvjHXv4NftD2jw1Ntt+rRwXfzhLh5+16wcYd6sGZ89y0aYgRwtuaE+LghwtuMFpPE7TglvsYeiS+Y9c+4eyF+v6+96QEpKNEMw+mJbM07AtAUCFtt7nfJytBxK2UNDx0WZTeeXudXKefty2c3uk4pTLx/cf/loz/1Fn7q3qqztGXqNJV5ifrPxZ5U7Lf/FtB4ZZoaM13r41wN6XtCB7msYPs9ycyb2KjMVakO1U1deswjBH/R/eYOtdal1vmrbZBxvOU4Edepkahi+2TYlu0zY8Fqr+UZKKisxjMdokDAqXQqOusqsoNIdRg8Ja2Z5jz9/QhIc0w+F3grn63b76UaGassqpam7vSk12rqIMvVPP2FeQho52qq6t0OGi0Xp61TTb8chScWsODVs51+4N1RIXQVf7GNdd/6hQxw8/Or36P08vLMxpFixaw3PnqmLbiXTdXiXqKrXrxmbDFplbFFg+GHLxAY7leljl/B5w/u9N8/dgqDkYd2hx4eI6aL4/acbr9tsaqiWFGzQltEJbFxqBZbNr+AxD5oqMWcZ+Hr5ToeYqYYdrcdj9ejrO7hhbHFfz7e9Jntq8MhoAAHSKLhWual+l2tN2tf7oIe1q9yACFRzR2jJGhat964C29Vc1erFa15s7yfHpobO0gnYEaK/QSQSr6AS2np79o1z/QWqZ3mirgrOxVanZWghYqsAcKmLtKt5cBrXZORpjqTr7852KSUjW03EuqvXMf0wPX2zrLdhyBZ+z0dbKIGMssqviM4Im+2WsUyoT011vf+//Z+/+w6Oq77z/PyEJMlXSNW2gGjUYshiwNsmuwF1JMlv1WhVYJBBzLd2GQIXot67bOxC5g5G7PyBAMZDVLl2L0BDjlvtCJJgvYPVCv1d+YAvs3SS1JRFJJNZRYbbZFqQjgvbySf4ZAAAgAElEQVT7xzln5szPTCYJCfh6XNdcJHN+fc6ZSTSveZ/354BxjrZ2Coc3VJqBmTmxUMD5GlV4ZgBgTTKUa69erDTCp6xVtuvquxarszADRP/nresReIs84Lu21jXze12sY0QRpFyMvHhM4pd5/iEnZd5ww8PvDp4icGqpD8/3saN+Ma6zdd6t++siVq75mJNeRazqi7Sd71Z6S/bsIl+YnpzDnNyWgGrWfu5jAIz9mCGqq9NXvZg1yxdK9RVGRcsM6AKrHwMZ7/3g/q7+1apGMOz9uXS3sK/5ZibNn8US73UJqA6NeK37YAZdK7cO0kft5rWoKZzKvtm2318YH7oMWcDadiCoatX7+712IWn7Z9l+RxHwIZcRvA+6rFW236PG62O/A6B1f13In78bpuSE/O+NP+ODP/vvu76qdI33X5jJ4czfxUHv4eQ0JvX1u9F794TxsPrbBk4g5buDwPiQzzrHiOMKHOaeEqPyWxWrIiIil8TIClcHOKnV2dNvDuz4DSdwASl51SyfG26lLJatKSa1p9bbNmBFkwtHRiHLIv2tkFnC2ionNFntBmrpTHLaAtZ5LC+aAp21fu0IHtCkWCJyufOr8Mk0btPE+oPRmq3dvyrJqDbC77ZkAIImPkmmYPsqsr23rvsqTu39IvvLXhlkBDp2xq3UIdkq5vxkzTKCyVrfraPJ8/N9FX7mMYICXCsAMKv0rGpXN0BWfshqJTvrNuklu2yBb9ZSI4AOrLIq3umrmrLGi/2Pc+u8AyZA6rd4Hr0nk9SrzW9Pn+D5bW/w8HufRdxqMCR7WwO0s6+2n2FhX7fE93s76zoaFWsvFhtBW8j+jX3uYwBSMsgzQyF39zu2Yxmvd1e3e/Ams3J10hRtQBciULZYP9tBwXDxLLK5nim51nXxVYcaorjWYVnViVsGsXo1cHb2ZAoeHZzQPBwjqAxzbQNmsw+uPB6E91skVv9Pq5LV/to0VzAjoAXLjPKW8L9zbbJnF9l+30XZjiHC+w9s7x/vYyE1fV0fv17lwR/0WaGqr/2B9WFh9OMCYH+Ftwfz4LayEBERkXBGVrg6oEmtPJzuHEhPAIC9bC5r9AasoStS23h2dSlPbLOVPDQcpNPjIHVauCA0i2UFU3C4GtncYNvP7g48KenMBcgcTxIeeo769ttQHXAckWi497Ll2UO4zB+lxIxvUr50GlcN76jksmfePkz40NLbNqDPW4ftrFuyrWol+x+qIQSGTFaoOrOCSbsGOslLtMwAxD5m89b58H+w2/rSequXbBVhyfl8txhfqGJWuvr2l0zBdvMPbVvIELn6zldt7B8EBLZgGHzXJMZHWDqWVKsVACd5+vkefhrmg9X0xLGDOzCrNcCebrr6W4kaRYjTv+38Q0bvjO67ivxC+P7sIybJaUyihQ6X1YPWCteMSt+mjveDJrMamCgDugiTHHnDUlt1bev+OvN3j61C2azSDKz0i3itI0nO57vFLawsr49qAqbI+wqeTAwww+6hYrZ3CPo9FdAewsv2QZI53kDu7ncIVWU8IGbbC7/x2Kv27Y9oKjP9qrCN1hd9frDSxyRbvrsx/B+BVahRc9fzWLl5Z0akc4pi8i/rDo+QPY9FRERkSIywcHUAk1pdOMWJQckh97LZqiz1gCOjmE1VoStZM5euM2/hLybDAY5xE0PvMnM6qQ5wde31f779NL0kMSETaD9Cj8dBRlGkqlmR6Jzv3q2AVQadMfEIoWfNdtfzlHmrfP9uHbb+eLfdYt+PP5xbt1bQZG4b8x+1gyRvQ2MfvRszWR3Q9mBlue/2X+P6GlViRmAReC2Nqju/W/sLI/U/9QXioYOAaNojxCb1xi8wJuzSj/iXza+Ru/k1cjd38UKE/WTfONg3tJrBW3kFRD2RkNm2od/VhNZ2wWFIuNucgYBgKcZ99ItVodpCR7N/WJucdjPUHuCZaCazioZZEd1XVbnxsxB8i7W7+WWa/MJSa+ztdHX7fl6S026G7m5a+wqFQ4V4fcguqSSvuYJ9HTdHuUU4xu3qQbe1D1aVcChmK4JQrV38qoC97JW/xrUObCfyXkcLFM8ast8lvrENpJrX1xqg74m7fJNs7Qv1d4V5F0GotioDF/m/nxHHZWP9tyh5fuXgtrIQERGRsEZcuGqf1Mr1xr+x5SdRPp7ezuuDOhKjQnWFt5K1DCvztELVRaknec4WxPbFqob1PZykeHu8GsdrdNnWC+zJKtIPwQFrPovUxFcGwnureB0L/HoC2iZrCvVHq/02WrM6B6yedb5+o4ETJbnb2vsIPKzKTFslnDnhR0ixVh6GOO7uH9cFVVJFDFbd9Sy29RC02h74hRnm9W3av41ngnp8trPGXulq3dofFED5f28F4jWFAZPEtLUPYMKvKNx6HUviwi0cw6P5d9C8/C4O5icxPdxqcX/FfbeG3UnMjGvfvw8BrNuj7WE4tLOmj4pHI9wI+HmxJqV51PzgoG19wCRG/tWFUe0j9NGNcL3PSXbMCtXyCmoCf37Nir+a2r77pEbHDBT9qunMCYLsq5mTFfn9TvBW9tn75Jpj37/F6LdqjT3L6Lv6VODt331c66iYE2vV1Nb168xDyS6pJK92IYu9t25bE35ZYaUxIV1anxPX+TMmyAoxMVQkWUuD3metlQttlb9mxX7tQl/FvDXRVEmM7w1vO5eA8wt8f4d6PwDuPfVRXxejNcAWHoumJYD5+9X/wys3uyvrcXvbQ9hfN4B2dg/kFnyzgtzXgsHN7gcD7jKIOK6QOw1+zURERGRIRLpvb3j852l6F04hBUjKyGden5NLAZ6TvFITqfZlIPayuSmdTXlmhSklPJDhwNNZ2+9b9l1Npba2AKE1VJfSADC3jE15TjaVworqvZE3EgnDCFjhkWUzGdfzC15R8YIMSCarD1XSNbOCpuYKZkyuCFgebvIM4/b5lfancit52Kw+S57/CEvKW6ihjgWT/QML/36EgczwqNm47T1kGwHw3mbrG7P/jOb9Z4VWoa5BDhsPBc/cbFTYQlPA+flX1ZnVVbV1RkuADb4AwJj0qwUCr6O3ws2sAG72XWvj2hmBycrm4Neg70rbgbiB+772DjWtn/BJ4KLEa7nrZgcAV908kbsSezkSoi3A9K+l8ddDMjZjdu3+b9PIlAedfq/5kuJKdrszKQi7ndHOAb/tjEpr6z3SyixeTFvo/14q3km397Xpex/hZFfsZEntQu/PVbifJ2PG91DVqdb7avAmMsquOMbhKSXM8L4fc9h4aCdLZi4MWu9Fpvr9Tgg1/uS0m6G5jqbiR9jhN+4WapphyaO+M+r7WkfH9ztrgJLz2XEIFs90klZuG4+376nVNsX40CQ7GSOQnGkPo63fQ9bvnoAPneynZva8nRPytQz1Pgv4XZm1iu5dkGb7fbtkl//7sLVyqt8HXE3WugH9XA05PHm8kcYHnQG/+4Pf3973zeSpvidzc9iYlk92NHctZM1iCQupac5h44a+Xm/jLoFJlf7vv7ziImiDgqx8dhxPY81k2+sG5BXvxElyjBXemazeVURaobVP4xq8uHUqC6IeV6jzXsWLxXUsKJwKIX5++vd6iYiISDijbr/j7/4y3IPwl05RxT+TndSfbS5wcv9jPD24pas+c8vYlJdEZ93jPEsJa4sm0lP3OM96gypjkquM3kYzCJ3H8ionSd4ANnB5lIctrcaZ1MFzq7eiTEwuB+vX/pC4+HgS4uNJSEggLj6e+Lh44uLiGB0XR3x8HKNHjyYuLo5RjGLUKOOB+e9nn33GxYsXOXfuIzLSJxrLwLee+bX938CvIz0ngyVERU2oP8Ta1pNWWAfFO3mRhb4/4ML80Rb4R96SXcd4OMVNcnKy3778t/UfS96GRnakbSOtsM4/PLS2B7whBGZIkVvJYTMUtsbgF+K4g9cLDjjswoS3fmPAqHwNDKO9+w0R0gYdM/A47ayx9aq1n797T4k5wYlv2ZO5RLi21r7sx/Bd68iht+UPHNjWxvqg4PQLVD30dWZcDZw7TtVPf89LAWuMSZzA80u/ynV9HUJERERERD5XOk+cZNy4RCNziBvYnW4Joy4C0Noa23192dnGX0ojL1wdm07RCl+4euFCpAmuEkhIAPBwcv8zPP16zwAObAagjsAKUyMoTXH1EZw6gLDrAJklrC2aAn4Vr/NYtvQkz25rMwLcaWdsQWqIfYiMcApXxU/YQPRyZwSPXUGVn1YgGbp6NSqhgtzL2bn32buzg01BAWs8d31lDB98+GeOBSwZk/hlfrYwk9SrL9EYRURERETksjESw9UR1xbgln9c5Fe12nv0SX704ukQa9orXB1MnF1MUc8PqeuK/dhHdpdyZNo6FuVVs8k2Vauns5YV3oDTahNQzKaqYsBDZ10pjXdW4/RusZcTLifOjGKWz20zgtr2rTzRPo/lVdZ25r5dkEkbqZygsdfJoqpq34FdjbbjiojIiNB2wKgO7Xgfv3turecHMBmN1T6gXz0gR7Krr2fe0qtJ3fMbHj/5CR95F1zktQ8vBq2eNXES358/kS9dyjGKiIiIiIgMwIgLVzOSEv2+T0xKAUKFq6lcO87+vQPHuBCrRa2N9nag/XFW9LVqQxUrAnuntpu9Uq1Vqv2/N+xlc1notgDtDXuBvSG2ERGREcU7yc9C0kJMnrVkV//7ufq3RCjiu0PWC3U4fJHs+bm8fPpdDrS4ePn3f6btU9/Sa+LGMOPGa3kg5xZuHZ8wfMMUERERERGJwYgLV19p6iB74RSMiPUMJ46GK819g192OZmYYYaxZ05wREWeIiIy5DJZfXwn2PqbGmKdKMuYsXxg+7gMjL+JWfNvYtZwj0NERERERGQQjbyeq8C4W5zc+dV43m9+g6OnPRHWdDDp6/eS7XDR9MYRTn98yYYoIiGo56qIiIiIiIiIDBX1XI3S2bcaeemtaNb00PXLegbQZlVEREREREREREQkJqOHewAiIiIiIiIiIiIilyOFqyIiIiIiIiIiIiIxULgqIiIiIiIiIiIiEgOFqyIiIiIiIiIiIiIxULgqIiIiIiIiIiIiEgOFqyIiIiIiIiIiIiIxULgqIiIiIiIiIiIiEgOFqyIiIiIiIiIiIiIxULgqIiIiIiIiIiIiEgOFqyIiIiIiIiIiIiIxULgqIiIiIiIiIiIiEgOFqyIiIiIiIiIiIiIxULgqIiIiIiIiIiIiEgOFqyIiIiIiIiIiIiIxULgqIiIiIiIiIiIiEgOFqyIiIiIiIiIiIiIxULgqIiIiIiIiIiIiEgOFqyIiIiIiIiIiIiIxULgqIiIiIiIiIiIiEgOFqyIiIiIiIiIiIiIxULgqIiIiIiIiIiIiEgOFqyIiIiIiIiIiIiIxULgqIiIiIiIiIiIiEoP44R5ARGPHM+2Oe5mWNQEH4Dn9a46++gZHT3uGe2QiIiIiIiIiIiLyOTdiw9VxX3+Q795/G0kJtidTUkjPvpd7Wl+g6vkjfDxsoxMREREREREREZHPu5EZrmY9yIqC20jkAmd6Wnn99SO4PA5Spt3LPdNSSMr+JmWcYe3zncM9UhEREemPc2c5e+4c737wCddcdy1JV49l3NUJfW8nIiIiIiIyAo3AcHU8BX9vBKuupn9j00s93iVdXW9y5OgDfHfZTCZk51Pw6np2nx7GoYqIiEgUztFzpJNnfvlHWj4NXnpN3Fj+6euTuX96MuMu/eBERERERERiNvImtBp/NxkTgDOd7LMFq5aPu17glS4PMIFJuY5LPjyRy81VaQUsX1/N9x7O46bhHoyIfP70HufpLb/iWy2hg1WAjz79mJ+2/IZ5Ww5zuDfMSiIiIiIiIiPQyAtXrx+HA+BsL2+FWaXtdC8AiUkZQzSILJatqWZTle2xpoTMwTxEZglrq8qYO5j7FAlwVVoBjyybSUoCJKbfyz2D+iYWkZGjnTWTp5I2eSqL97hj2N7N7geN7WPfRwgfHGPVjt/zwnn/p6+Jiyf9qnjSrxrNNbbnPzn/EWU7fsXBD4YyYLXOdT2tYZb5nX/beu91CXws3uMGdz2Lwywf9OspIiIiIiIjzshrC3DxIhcAR3w8YyHkpFXjHUbFqsdzdvCPn1nC2qIpOFyNrKjeaz6ZxbI1xSwqnWd7boBSE1HdrQwle7AKcKaznufah3dMIkOmbT1phXUALNl1jNVZIdZx17N4ZgVN3idy2HhoKwXJ1vftrJm8kJoQm/a9z8B92cZUvJPuCuOTDfeeEmaUt4Q+h+KddFcQdgxeuZUc3p6P/VC4gVygGSalJYfeLoLWSicrm33fx7KPIOdO8vSeD7Cf7ZgvJFI1P4vs8bYeqx//gcMNv+Xx9y7yifEEP9jza65bPI1brx74MMKr46k9S9kxP5pzDfH6euWz43i+97vWyqks6A7xGgUJ834L9fr6cbP7Qdvr1ef6/lorp7KgNsJ7WkRERERE+mXkVa7+9gSnLwATpjAv5D3MGdwzKQnw0Nt1YpAPnsWygsBgFaCNZ1eXDl6wKjLEgoPVn7Nh21HOR95M5LLVur/O+3XN/hCfIrStJ80vWAVoYeXM6KoKawqnklYZ6dOJFlaW1zNs9YnJmazefozu47EEZu3sqwUjQIx1H4E+5e2D7/hVrI5JnMDzD0/zD1YBxn6JGYXTefoG2/+SnD/DuoPvDXQQES0pLqKpvILdw1xUumSXcc29j2iCVSo5fPwY3ccb2UgFMx6M8r3Xtp4FtYM2dBERERERYSRWrtLIa791kp6dxPQl/8zp57fzepfHWDQ2ndklxWQnAb1vsv+Xg3zouXeT4fDQ+XofIercMjblJdFZ9zjPev/WNqpbM3ptwaxVBWut4ungudVbSS2txpliPOWsqsYJuJpK2dxg7t62nIBlAJlL17Eo9STPrT7NXVVOUvzWM8dhHtTTWcsT29r8xx8wLv915rG8ajpn6x7n1J3mOMxxs3QdizJ89bYh9y3DL3meglX5nDHDweJKNnZXsLL2AK0VmWR7l7vZ/WMjfM3b0OirVHTXs3hmJ3NyA/dXxIvHV/m2typQg/YboLmCZ9ryowom/cYRYPXxY6w2v7aqDCOtPyL96W3+o+szv6dyb0nlOgA89DT/lmd+8wnXfe1mHsq9nqtwcOs913HXdhevmeu/29VD859uIPeLQzPErimz2Ji7kJVb2ymouEx6prRtY2VzDhsPWQFsMgUbKtk382Ua3flhKmst7awprCNvQyWTyisuyXBFRERERD4PRl7lKvDW87U0ui5AYjpzvrOeH2140nhU/jN3pTrAc5LX6n5O8HRXAzN3UgrQy6lBuXV6HsuLpkBnLSvKSllRVkpj7xQeWJpFQ3Upz3V6ABeN5jL/YNX3/Iq6DpLyqlm7NOCvdccUFlWlc8LatwtS8qrZVFUIu81tm1w4MgpZZv+bcW4Zm4om0lNnrlPWSG9GccD+HaQWrCO9y1xn9Vba55axKAM6/bYL2LeIyHBoO0ANkDclB+fsHKCOfX6f+7xPRzNADnNybelTcj47jq+iILmP0DJrKRtzAd6hK1x5YHERS4CaHw9X9arVR7TEV4lp9gpdvMeNe0+JrQeobR13PYu9t6YblbxptipI/+2i7x169jd/8IaklteOHuGhl97l7YP/ybePnqHl/Me8cPRtXv69ucIXx5Lkt8XHHO4ayo+Frqfg0SKo3TI81avubrrIYUpK36v6NnkHcu/DaX/LJqcxiRb2NUc+idbKhdTkVvLk/LTYxisiIiIiIiGNyHAVenhp8w957o2T9HogISHBeOCht+cQP1v7r+x/d4gO7TkzOKFt5niS8NBz1PcXfkN1aeRKz7llOFM8dNZV4S1Ubd/KC50eHBl3B0x+5aKxzLdeQ5fLeLbJVk3bcAIXDlKnWcHpPJbnpeDp3GWruN3L5iYXjtTp/hN29ezyr5YdnwSekxyxb1dmr9yVEcO9ly3PHsJ1wfg2MeOblC+dxlXDOyqRIWO0BDCC0+Tc+8gjsDVAJnOKwQoP18RccN9Chyvcslk8vCEHmit4bIRNXtRU7gzo8xpNCwMjrA3sD9tU7uyjPYLhXXeojulwrOttvv2bT8zeqvHcP20q8240F/b+mQ8C1j/8+yG+llmreLE4muthBs/2iaqiuA59C9xvqEm2fN7rCNWv93qm5EJTx/tht3PvKWFBbQ4bN0Tfm1VERERERKIzAsNVB+Nvuo28++8m8a0XeOqJ/8nyFdZjFU/t7mH87HzyvprCuOEeaiTtR+jxOMgoqmb53L5Xh/CVs+1HT+IhhfRI++k5g6fPA6STEhD4erd1JJIaYdP2oyfxOKawqKqMKE9HhtH57t0KWOVzwuoXejOTkjGr+DBu4betlV2xkyXm1zWFZpAVZZ9K954Kc/KgIuaEu+W/uxvmP8ISoKl8W8SADMyQ0h7URdszM0Z5GxqNfp6HKskDaH6ZRjdm9a51bcyeq9vzSW7b5j3nF61eoNa20VR6Xoy8eEzil3n+ISdl3kpiD787eIrA6PDD833saBBkl1SS11zBMxFDd18/Wu9jwK0E0phUbPVONfun5taxoI+AlbS0/gWk7noeK29hya5wE3KJiIiIiMhAjKieq2MnzaFkyd1MtNp65jmZB1y4YCZECQl4p8G4w8k8znBi/3P87PUThK6RiYEZMg68HqWNZ1e3Gbf551WzKQ8ImigrhAiVs0njs4CB9jg1At9NRUEHZkIm4U+8fStPtM9jeZUzZJ9YGXmMgBVv/9XEjHwWZR5VtbFcWcyWABTPMnuhGlWqNbV17GtbRbY3DM00epm661lsTWzVXMGMyS+HmAW+jgWT6wiUt2Fp+H6r5jEe3pBDTbk5C/1Iufu6eKevX2tyDnNyoak58ibWBGF+55ycz3eLK2iqNW5BL4i5B2w8j96TSerV5renT/B8Qw8/PRPj7gYqOZ8nN7zMjB/X8/D2nEt43ExW+wW0Vv/UioD3boDubtxkRhmwutldXkFT8U52DHiSMhERERERCWXkhKs35fPIMicpCXDhjIuut1xwfTqp45NwJFiR6gU8vafp6XLB9RlMSkkkffZDPDLu39j00sBv5m/ocuFMSYocMvZ3n9Wlxq37c8vYlOdkUymRA9YI4W7v6cGYPMoTMBFXf+xlc5kxdis0Xo4C1pHMHrCO6/kFryhYlSuMFQJSu5C0gFnQa/a3szoroLowOZ8dx/PxzrrebNwS7ow4Q3tOiAA2tOT5j7CkvIWa8m20HsogD4wgN8DInqDKTVe38dWkNP8x3jAlB2gxb0EPP/5rEuMJX746llSrFQAnefr5Hl4Is2Z64tioRz0Qxuu2kMf27GTOJTliuIGYlddh3DAlB7oDnzV6CufNvj54A3cL+5qB5uCfDwqnUhM4eZuIiIiIiPTbCAlXx1Pwj0aweqbz52x49khUlajjvv4QKwqmkPL1fGa/8q/sH2j5asMJXHlOMu6cB+19VJj2e99VNE6qxpk0nkyg/XQvZASsEibczZw2EQcuTgw0xDTPL3VaFrQPLKhtqG4kvco5SNW0MpTOd+9m86rdwz0MkSHgCwFDqj1Aa0VmmODIVyXY1NzJe9ijwoEETpms3lVETWEdT20NukXgMpHMpDSgGbq63ZDluzJWz8+8KSGCPJvUG7/AmGNnzN6qgT7iXzYHTncVWvaNlyqANqqOZ5QfYFLxJTpkKG0HqCGHjWEmuUpOu9ls6ZDvC/vNibH8JmvzbmB9mGDXzprJC2HXMVarmlVEREREZMBGRs/V8XeTMQE48yY7owxWAc7+8qe8csIDCRPJuGcwBrKXzXUdeFKcbCqdZ3s+i2Vrqtlk9Rs1J4rKuHOebXmhf8/SuWVsWlNimyRqHukp4Ok5YuSmPWeC+6g2VNHocpBRZOtrmlnCAxkOPJ0HGXiBqDl5VUaxfx/YzBKW9dFIdW5pNWuX2v4KC9e/VUTkUrGq8nLtfSut3pUAdexrAyNMCu5r6m5+2agqzc3ghqgOaO6nr56YWUvZmAtNtXUhq1YvB9mzjWDYr3+su56naoFwQZ7drdexJC7cwjE8mn8Hzcvv4mB+EtPDrRb3V9x3a9idRK21cippk0v67BObPL+Sjbl11ARWeA4Fdz2LJ09lsd/kZ+2sKayD4ke8wWnQ2LOWsjHXPgGXddu/bxva1pMWtG8RERERERkqI6Ny9fpxOADO9vJWPzf95fu9PJCeQtL4bOhzCpEotG/lifYslq0pZlOV0/e8p4PnyraaBaV72dyUbtzmX+XEutX+yJ1GL1KAuZygsdfJoqpq3z5cjazY1uY9zgvT1rEooB9rQ3UplFZ7+5rCIPc2bahiRU8Ja4vM4xonh6dzHhCuWncedDXSm1fMpipfSY+rqVT9O0Vk2FjhaN7snIAb1JNxzs6B5hZq9rfzcPcWoy9rcwUzJlcE7WfJo1HOoG71dyWwn2ugZAoeLWJlc3DfVktTuZO08oAncys5HLE9wSWUtZSNuXWsbA7Rf9Ye5IV1A/d97R1qWj8Jrl5NvJa7bjaaq19180TuSuzlSIh+q9O/lsZfxzh8H6u6uYUOF5E6GRD5dWth5cyprAx8unhnbBNbJeez43gaayb7vw/yNjTS7W0XEWrsyRRsb4QHnb73cm4lh21jcHe/A9Bn6wYRERERERkcIyNctYxLoWDBA/3bZvy4IRiIMRlVRA1VrAgMPNtLvdWlDQ17gb0Rq03btz3OilC7ri7t/3btW3kiKOj09Ujte91I2+yloQFoGORWCSIiMWvnmfIWwlVRJqfdDLRA7QHeO76V7vng3lPCjHL7fPT9vP0/axZLqKOGIub0dTu1N5yMducjTTIF248xqXIqC2yVnP3pFfulb0xlRVcb6wOD0zNnOXEOvnQ1cM7NsRDB6pjECZR949qYR+9jnEdBn8+ZslbRfXxV389FkF1xLLgtakjmJGthl4cbZ4TxA8nzjfd7X8cVEYevVa0AACAASURBVBEREZHBMer2O/7uL8M9CMbexb98/x+YmND3qqGd4c26/02N7lAXGVbr1/6QuPh4EuLjSUhIIC4+nvi4eOLi4hgdF0d8fByjR48mLi6OUYxi1CjjgfnvZ599xsWLFzl37iMy0icay8C3nvm1/d/AryM9JyKX2Ln32buzg01BAWo8d31lDB98+GcCY74xiV/mZwszSb36Eo1RREREREQuG50nTjJuXKKROcQNrI1YwihjEt7W1tjuhM/ONkp1Rkbl6sev8XSli7w7b2N8v0d0kdO/PUhTf/sJiIiIyNC6+nrmLb2a1D2/4fGTn/CRd8FFXvvwYtDqWRMn8f35E/nSpRyjiIiIiIjIAIyMcBXgbCdNL3UO9yhERERkUH2R7Pm5vHz6XQ60uHj593+m7VPf0mvixjDjxmt5IOcWbh0f8y0sIiIiIiIiw2LkhKsiIiJy5Rp/E7Pm38Ss4R6HiIiIiIjIIBo93AMQERERERERERERuRwpXBURERERERERERGJgcJVERERERERERERkRgoXBURERERERERERGJgcJVERERERERERERkRgoXBURERERERERERGJgcJVERERERERERERkRgoXBURERERERERERGJgcJVERERERERERERkRgoXBURERERERERERGJgcJVERERERERERERkRgoXBURERERERERERGJgcJVERERERERERERkRgoXBURERERERERERGJgcJVERERERERERERkRgoXBURERERERERERGJgcJVERERERERERERkRgoXBURERERERERERGJgcJVERERERERERERkRgoXBURERERERERERGJgcJVERERERERERERkRgoXBURERERERERERGJQfxwHnzsV+ew6M4pjIs4Cg89r9eyu+0sqbMe4v6MRBIu9nJ073aa3r1UIxURERERERERERHxN4zh6h18+x/vJt3R95opRY8xftx2fnLgF3SlP8xdqSmkfOcxrv3Jk7ykgFVERERERERERESGwTC2BZiAwy9YvcCFC+HWTSR93oN8Jxf2P/0Me0+cgYQUnN95jPtvGvqRioiIiIiIiIiIiAQaET1XL5w6xJaKx/hf5avYcrQ3zFq+gLXp37crYBWJ0lVpBSxfX833Hs5DPyoiIiIiIiIiIoNnRISrvV376PoYwEPX/g5OhV1TAWvssli2pppNVWXMHe6hyCVzVVoBjyybSUoCJKbfyz2Zwz0iEREREREREZErx7BOaGVJmjSHVF6gB0j9+3SSIq5tBqxs5yf/vh3+nweZl24ErAy4B+s8llc5SQl63kNn3eM82z6QfV9CmSWsLUrkSFkVDd4nJzLOAZDEhEzgcjkXiZk9WAU401nPc3rdRWS4nTvL2XPnePeDT7jmumtJunos465OGO5RiYiIiIiIxGREhKsJE2by3Q23ccbjIDExmj+whjJgBU9nLU9sa/N+n7l0HYuK1rGMyyRgTU0keJ6wvWwu2zsMg5HhEBys/pwN245yfniHJSKfW+foOdLJM7/8Iy2fBi+9Jm4s//T1ydw/PZlxl35wIiIiIiIiMRsRbQEASEiMMli12FsEPMkLnUPXIqB92y46PQ4y7pw3uDsWGQrJ8xSsisjI0Xucp7f8im+1hA5WAT769GN+2vIb5m05zOHeMCuJiIiIiIiMQCOicjV2tgrWZ39Oxvce5rbEwatg9WnjVG8xGda33tvuDzJhTTEZDsDVyIrqvRi9Tc3ngFAtBeaWVuOkkRWvj2dt0RSzytRaz781gauplM2+e/t929t6F9jXsS9zVlXjtC2fW1qNM6mD51Zv9XUFyCyxjQHwBCw3WyXQVMpr49exyHtiLhr92g5EHpeISMza1pNWWGd+U8SLx1eRHcVmrZVTWVALS3YdY3UWgJvdDzpZ2ZzDxkNbKUgeuiEPGetaFO+ku+ISN1F217N4ZgVNuZUc3p5PVJfvg2Os2vkBLQFPXxMXz1fiAT7jw/Of8ZH5/CfnP6Jsx6/43sL/wd3XxQ1wwO2smbyQmlDjtc5lOK6jiIiIiIhcUUZO5WrMEkmfnc+ddNL6vsd4KiEFZ0H+IB4jiwlBjWCTmL6mEHaXsqKs1D9YpYPnysznm3rJKKpmeeAsUilONhXAC2WlrCirNSpji6rZVJXOCXPb5zo9pOT5T0BlBJguGq3913WQlFfN2qVZADRUG9sZ4aexTtiA0wxW6aw19lVWSmPvFBaFmPQqJa+aB9hlrteIixScpb5K3syl60KMS5NnDQv3XrY8ewjXBePbxIxvUr50GlcN76jkc6mdNZOnkjZ5Pa2x7sJdz2JvsArkZnDDYAwtgtbKAY75MjvukDl3kqf3+AerY76QyNPfyuPl7zqpecRJzSPf4OXvZFF1QzxjvGt9zA/2/JrfnRvoADJZvasImit4ps1/SetWMyRWsCoiIiIiIgM0jOFqB6d7h/YIYwdpP3NLi8lweOh83d6z1EHvUf+K1MylhWQ4XDTaKz8bqmh0Qcq0Evz+hPOrEG3jSI8Ho3rVVw3afvQkHlJItxLKuWU4U/zXoX0rL3R6cGTc3c8gM4tlBVNwuBr9+ss2VBvB6XQzrPUO168P7V5e6/RASrr3mKnjHOA64TeuJwIqW+XSOd+9WwGrXBHczS/TBEal5vFjdEdbMRn7EenqHtIDjLDjDpVPefvgO7xg60cyJnECzz88jezxAS2Axn6JGYXTefoG2/+SnD/DuoPvDXwYWUvZmAs1+23/sXbX81QtLHl0qN9LIiIiIiLyeTCM4WondXWN3vAndh5ONtXzOhlkX2/esn7BRePuej6OcY+OjGI2VVV7H86kDp4r62syqyympzrAc4aegCUNXS5wTGR6hAKZ9iiS5rmTUoBeTgWMIyiEjUbmdFId4Dl7MmDBXk64wJE6nf7U8zR0uYxq3DUl/dpOhk5wwJrPIr04InIp/Olt/qPrM7+ncm9J5ToAPPQ0H2XVlkM83fy+2Q/awa33XMddtvXf7eqh+U8DHUgyBY8WQe0WdruNZ9zNL9OUW8nD9s8Q3fUsnjyVNPOxeI/bby/uPSXeZaGWi4iIiIjI59fwtgV4t55NPxlIwOrh5GvP8PSB00xb9k1uS8QIVgfYb9Vju01+RVkpK/x6kPah93SYdR2MS419TL7BBYe3lqTxWWGWhNd7ui30Akci/RpuQxUr6jrwOKawqKqaTVXrWKYgb9jZA9YzJ37BK1G/kUWGTrRBVWvlVGaUmzeV1y4kbfJU1rTZtq+0v6EHoQVB23rSJjtZ2QxQxwJzfGva8IZvi/e4zfWmxjAe6znrYS6LdNxoBYSDaQ/WY1xVN7sf7CMwtI3baE0w1e/8YnH2N3/gtYDnXjt6hIdeepe3D/4n3z56hpbzH/PC0bd5+ffmCl8ci38Hno853DUIU/FlLWVjbgsrt7YD7TxT3kLe7Bxf1WrbetJmvsycQ8eM6ujjO5lU7vRdr7b1zCiHjX7LK7xhrYiIiIiIfL4Nf8/VmANWe7C6ioUZiYMSrA5Y0vgwlZsezoZLRfsjQugZNiiNIGwgGyHEDat9K0/49ZBVwDoSnO/ezeZVpfzgmSaG80dDBDCDKv/pjZrsQdYI17S/wtYDtog5UX+m5Wb3gwup8XuujgWD0WO1bT1pMyuM9gmW5gpmPFiP26rcBJr2t2C/yu91tAA5bCzJxAphF9T677qmMLaA9V136HtHjnW9zbd/8wmfABDP/dOmMu9Gc2Hvn/kgYP3Dvx+M94VVvXqA3Xu2UEMR351vRavtrCmsI29DpW2CM6NXq3W93N3vQO59OO3Lj1+mE6KJiIiIiMigG/5wFWIIWEdisGr2TQ0Rfs6dlAKekxwZYNVgQ5cLSGJCQGCZOW0iDlycMBucRtNigPYj9HjAMW5iwIJ5pKeAp+dI9NW6Qdp4dncHnsGq1hWRK0brfiOYXLLLqgJsZOOGneyYH5xUZVcc4/CGHOMbs+fq6v4X6EcvaxXdx3eyBIAiXjx+LPiYzS3GDPPHj9F9fBXZ0e7b3cK+ZiC3ksPmfrt3VbLx0Cqyozlu+B2z+8fGNc3b0Oi7prlA88s0uoGsWca+mzvxdTFtZ18tvtCwbZtZOes7fvcuI5T161carYuRF49J/DLPP+SkLNd63T387uApWgLW+/B8HzuKVtZSNubWsbK8hbwNS32vW9sBashhTm7A+y8lgzzzeiXn3kdecwUzrqTJxkREREREZNCMjHAV+hGwjsRg1dC+bRednhSc9r6jc8twpoDraD9aC4TTUEWjy0FGUZlv8qrMEh7IcODpPOibPKrnTBQ9WM0ANMXJWtvkVXNLnaTg4si2/pQqZbFsTTXLbccLDHxFRACyZ5uBnbciMpmC+ZdTiXsRL8Yyw3xyDnNysVWUAln5A69+tIW2T3oDaqtatYV9zW4gkznFAHXss361tx2gBry3x/tCb1tgbE4GRe2BQQ4V43n0nkxSrza/PX2C57e9wcPvfRZxq4FJxjk7B/yqVi0trJzp3w7BqAR+hy43kJzPjuM7WRJrywYREREREbmixQ/3APy8W8+mn8CK7zhJSQi1wsgNVg1tPLsalq0pZlFVtfmch8660j4mw4peQ3UplFbjrKrGaT7naiplsz3EbN/KC9PWsSivmk15gKuRFdV7g3fWvpUnKGFtUTGbqorN4XbwXFk/g+DMiZw62kGqdTxjR3TWVaFsVUT8ZK2iexekFdZRUzjVuE0+t5LD2y+TmdtzM7ghpg2TKdjeCA86WdlcwYzJFYBRwTugalxXp9EOwLbPULJLKsmrraBmfzurszLNMNWq2HTT1W2s531NBuiaxHjCl6+OJdVqBcBJnn6+hxfCrJmeOHYQRtOXHDYe6us2/0xWHz/Gaoy+tAsKp8JAXzsREREREbkijKxwFSIErJciWN3L5rIQIWSg9q08ETZ9bOPZ1ZFLWhqqS4NDx4YqVgQ+GeY4IbcP3HTb46yIZruI5wLhronf/tv30tAODUpSRSQaWavoPr4Ko8+nETY+ticnZGuAK0syBduPUQBGn9TCOmoK1zOnP+0FAqVkkAc09RVQm5WzTbUHaK3AvyUAyUxKA5oHIew1pd74BcYcO2P2Vg30Ef+yOXC6q9Cybxzi90TWLJawkH3NbgqifP9lV+xkSe1CurrdkHWlv2dFRERERKQvI6ctgF1Qi4CRXrEqIiLRcO8psc1Ob5tsqeP9qPeRnHaz8UV3tzlBU6jJogbKvCV80MbTzprJJb4Z5q1b7oOOE/1xjYPb2g1U2j8pc9PaZt+RdVv8O3S1ddOFryUA2Ns12MYI0NYeW0uAW69jSVy4hWN4NP8OmpffxcH8JKaHWy3ur7jv1rA7GSTm5FXlTv9b/d317Da/b62c6j/hWrg+rSIiIiIi8rk08ipXLe/Ws6myg7w7p0DnQZreOgvAm6//gut7HfS8+hptZ4d5jCIi0g/tPFPeArSQFjArfd6U66PfjVWt2cet8DdMyQFaqCksYcqhrRQkWxWaLaycuZ5JIStGr2dKrrXOVFZiVnOmDGw87j1bqKEFzH363Myk5AjHDawitY5Vu5DFUxrZMd8IqFc210HtwoDrWsSLtnNMzr2PPCpYWdgC5LDRHg5aEz7Zjm/J22Ach+Q0JlnnWZlGd8Teszdw39feoab1k+Dq1cRruetmBwBX3TyRuxJ7OXImeA/Tv5bGX0c4wqDJWkX3oQwWz5xKmvfJHPI2pFGQBczeyaRCJ2nlvk2W7Do28H65IiIiIiJyRRiZlauWs500vVTvDVYBPu56g5deVLAqInL5MfpWvljs/6w3vItWcj47zJnsDcYM94H7NcJE8E3s5KvQ9JvcyX8rCrbvZIntma7uPkpJoxhP8vytdB+qJM9vQ3v4GeVxrUpVoGl/izkx1iq6j/tva+x7KTe4Q2/rawngXUjB9mMc3pDjt5e8DY08aW3jnRiLqCa5+tI3prIiMcSCM2c5cc78+pybYyGC1TGJEyj7xrV9HKF/kudvpTtcC4bkfHYcP0a397GVHfMzgUyys4z3bbftoV6rIiIiIiJiGXX7HX/3l+EehIhcGdav/SFx8fEkxMeTkJBAXHw88XHxxMXFMToujvj4OEaPHk1cXByjGMWoUcYD89/PPvuMixcvcu7cR2SkTzSWgW8982v7v4FfR3pORC6xc++zd2cHm4IC1Hju+soYPvjwzxwLWDIm8cv8bGEmqVdfojGKiIiIiMhlo/PEScaNSzQyh7iBtRFLGGVMwtvaGlMzNLKzjdKNkV25KiIiIpevq69n3tLbeXriGK7xW3CR10IEq1kTJ7FrqYJVERERERG5fIzcnqsiIiJyBfgi2fNzefn0uxxocfHy7/9M26e+pdfEjWHGjdfyQM4t3Do+YfiGKSIiIiIiEgOFqyIiIjL0xt/ErPk3MWu4xyEiIiIiIjKI1BZAREREREREREREJAYKV0VERERERERERERioHBVREREREREREREJAYKV0VERERERERERERioHBVREREREREREREJAYKV0VERERERERERERioHBVREREREREREREJAYKV0VERERERERERERioHBVREREREREREREJAYKV0VERERERERERERioHBVREREREREREREJAYKV0VERERERERERERioHBVREREREREREREJAYKV0VERERERERERERioHBVREREREREREREJAYKV0VERERERERERERioHBVREREREREREREJAYKV0VERERERERERERioHBVREREREREREREJAYjP1wdO55pdz5AwZ3TGT92uAcjIiIiIiIiIiIiYogf7gGE5mD87Xdwzx0zyUhNwgHATO6YnU9vTwdvvPEL3vjP03w8zKMUERERERERERGRz68RGK5ms+R7xdyWCJw5RWfTz9n3+hHeJ4Vpd87hzqy/Yc7Cv2HO7Dd57gfbaRvu4YqIiIiIiIiIiMjn0ggMVyeSlAgXejt445V6XvFWqLo4+tJz9LjuZd49d5CRlEQqKFwV6cNVaQU8smwm43rqqXmmiXeHe0AiIiIiIiIiIleIERiuGhKSpuBcOAXnvF5O/vYQv+U27vjqRJIcgOcCF4b06FksW1NMhsP2lKeD51ZvpX0Ijpa5dB2Lxh1hRfXeIdg7kFnC2qJEjpRV0TA0R5BYXILXxQpWUxKA9Hu5J7OJZ4fiTSwiIiIiIiIi8jk0YsNVL0cSE6f9AxOBM6feZF/dLl53fJPKosShOV5mCWuLpuBwNdrCTiNsXVQ6b0gC0NRxjr5XGtABEhniI0gshvh18QtWgTOd9TynYFVEREREREREZNCM/HDV4mrk+5vrja+zhuogWSwrCAxWAdp4drUaEMjlIzhY/Tkbth3l/PAOS0RERERERETkijKiwtVx10/nztkZJEVa5xYns/NSiCeBjGX5vL//IEffPzs4A5h7NxkOD52vR1OdGtg6wENn3eN+t1xnLl3HotSTPLf6NHdVOUmx1uys5YltbcA8lnufd7Kpygm4aLTdJj63tBqntWHAsr7377+9s6oaJ+BqKmVz4H3omSWsLZpIT93jnLrTdkwzaM5cuo5F1skGtUgIbqNgH4N3HDSy4vXxRmWwtfvAsViVw749BV3X4HVCXR/7tfWdR+TxWMfy3zbU9bpkr0sskucpWBURERERERERuQTirr9x4veHdwjjyLp/CcX/WMScb9zGxKs/wdV1kvNjkrnmKttqCYlk5eYz544ppIz+I2+/80cSU7OYnncn93w9m9S/Osfxtz7kkwGMZO6sB5iYeJrf1b3BWxHXNMNEOnhu1Tqee/UVXh2bzT/NfYCvjn2FX5obf+Vv7iLzuuvI/PsEWsu+x49ffYVTNzm5PeNWUk+9xq9PdfLLV0+RmpvFl083suKHT/Hqq9axs1i25n9xu8d6/hVO3TSH+7+ZzVhznb73D2/9yngu88unaTTX+WWok/vK33Jn5nVcl3kvCW2l/ODHr/Dq2Nu457bbuOfv72Xyf/2c8g21vPqqg6/Ovp3bbzrF67/+0HstUntqzeXGdrP/9nbvGABu+fq9TEyZyD2T/4ud5jUbe+u93Hbbbd7z8QW8K1lf9wqvvvoKY2+dw+1/m8qp/+//csq7zhTorPWN5+8nkuhqZMUPf+bbz2O342kyz+PVU6TOvp9/ynLw6q86w4znFKm5t5Pxt/dyT8D1zP1b3zW/5K9LLK7O4Otfn0hinPHt+f96k5Zfv8+ng7T7SO6+8xuMHj2auNGjiYuLY/To0d7HKOvfUaOMfxnFqFHGA/Pfv/zlL3z22WdcuPAJX076K2MZ+NYzv7b/G/h1pOdEZAQ4d5azf/xvTpzoxTN6NHGM5qoxccM9KhERERERuQz8V+8fueqqq7yZw0DEjfoMgA8//DCm7a+77joABjaKQTDpW6UsykvH8d+/Zt/OdTz+xA95+tmf8qMf/E++t7WeIz29eAAcDhL++wh7t65m+Q/Ws/XZf2XtE6vYsPP/pfW/HUzKK+a730of+IA8Z+jpY5XMpYVkOFw02qs3G6podEHKtBIy/db2r2ps33YEFw5Sp0XubeA9hq3asn3bLjo9KaTPHfj+w/Grnmw4gQvA1WirQt3LCRc4Uqeb59nGs6tL/apUaThIpyfEGAIqXhte78CD7Xzat/JEmX+VasPrHXgcE5luXtTMaRNx4OKIbTyvdXogJR1jN77WDr4q0Dae3d2Bx7tOqPG0caTHg1G9arueR0/6jXG4Xpd+ce9ly7OHcJmzviVmfJPypdO4KvJWIiJD6Bw9R/4vq556jdyfHmHW87/j4dfe5lvPH2HWT5u476lDPH/EzSDdh3LlcdezePJU1lyGHYrce0pIm7ye1iE7QjtrJk9l8R73APbhZveDU4d4nCIiIiJypRr2cHWcwwEkkDh+Il9NTydlrLlg7HgyMjJIvTbJvGXbQdK1qWRkTGG8d50UJqXfRur4RBIAh2PcJRhxFtNTHSFD2IYuF9iCwAEfw3UiYBb5Nk71QtL4SxDQAXCSs57o185cuo5NVdVsqjJaBDjGTYzxuFksW1Nt7KtoCg4cjEvtYxPr9cicTqoDXF0BrR3aT9NLEhMivDbtp3v7HNfIeF36dr57twJWERkZeo/z9JZf8a2WP9ISpoT+o08/5qctv2HelsMc7h2iOnszoEyzPQYWyEU41J4S0iov/QyCrZX+55f2YD3ugOVDdc4jUojXPPBhXI/36WgGeIeuz9HlEREREZHBMXJ6rjqSmDitkEem/QO9pzw4Jhih6plTb3Li4m2kJwGJE8jI+yblefn+67hOcGp8OomDMo5EUoE+/yTqPR1mHTMIHIy/qVKsPqwBXBOBkVO+4u3H6ungubKttHvbJvSXr3erp7OWFdvafG0ATO3bjuCqcjJ9aRYNZt/auzIceDqP+F3ylLxqNuUFH8E1GK/NZfK6GAEr3v6riRn5LMo86t+/VkT6wc3uB52sbAaKd9JdMeBP0q58Hxxj1c4PaAl4+pq4eL4SD/AZH57/jI/M5z85/xFlO37F9xb+D+6+bvBaBbj3lDCjvIUlu46xw/oczF3P4plO1qQdY/Ugfzb2XkcL8Mjg7jQi871JJYeP55NsPttaOZUZD8Lh7fkk46arG5gSaT9XmOR8dhzP937bWjmVBd2V5vXwW5HVx4+x+lKPT0RERESuCCMnXPVykDQhnjM9h9j7f/Zx9LSH+5f/K+kh1uk90cgLz9fTdjabkrUDD1cbulw4U8zqxr4CqKTxhF7Nw9m++gpEK2ASphEps4QHMhxBE1jFtKulhcaEYoETWPnZywmXE2dGMZuqioHgybNgECeHCuVyeF1M9oB1XM8veEXBqgwRK7zyyg0VYFxG3PUsnlkBGxrZMT/4LPKmXD8Mg7rMnDvJ03v8g9UxX0ikan4W2eMTfE9+/AcON/yWx9+7aPZN/5gf7Pk11y2exq1XD8I43PU8ZgarfiFqQPB2WWvbxsrmHDYe8v+Zy644RvewDUpERERE5PNh2NsChHaR95te4OjpSPekn+bNf6+nbTAbtDWcwIWDjDvnRVjJ7M1pVrjazZ2UAp6THOlXgGXcUh7yGIE9QmPU9+3uA+Wh5+ggVWz2df3mluFMcdFYVsoK8+EXrLYfoccDKZMivYaxutxeF8P57t1sXlXKD55p4t1LckT5vGmtnOofrAI0VzBjcgm7L9dbbF2dNAU9mUzB9mN0Hz8WMnAVu095++A7vHDe98yYxAk8//A0/2AVYOyXmFE4nadvsP0vyfkzrDv43qCMpHVrBU25lTwcZXWq/631/j043XtKzFvtjT6fwe0FjOcX1AK1CwP20c4a82fCewzrtv229QG3q8fS+7OFDleYRe56Fk82qq6byp0BLQOsfqPh2yW0Vk412hwE3GYfqges3/V7sJ6Qr2If5+ttq2A7nvdYUYwhFq2VAW0U3PUsDny9Jk/1tnswesmGbr8Qapyfq3YMIiIiIp8zwx6uvt97JvzCcdkU/MsPuSMl/CpjJ93BPy7PJ8MBZ3rD/VURrb1sruvAk+JkU6k9nLN6gJYxF98ERs41tsmr5pbhTAHX0a39vuu852xwYBfyGMDcpYETZkVzgDP+E0cNpvbT9PpN1OS7tb//u+r171lrtgTo366syaucrF1q/0t6HsuWDvy+z8vmdRG5VNz1PFULkMPGQ0bw2H38GIc35EDxfYRooCGfB396m//o+szvqdxbUjHm0vTQ03yUVVsO8XTz+xj5q4Nb77mOu2zrv9vVQ/OfBjqQdvbVAmlpUVRRGyHjAnba3sfvsCAw6GyuYMbkA8yxvdebyivMDxIyWX28kY25GK0jjh+j+/gqsr0bt7CvvIR9s82fle35JLetJ60QXjxu/fw0sjG3jgX96dmaNYslQE1hmLAxOZ8dx3eyBMjb0Og7ttlOYN/sRu85d+8qsp2PTe1C0srhtvFWWgAAIABJREFUSXO9F4uhptD/2rRWTmVBbZHvXDbAU4EfvER7vt1bWGw73uos/CrKrfHO2b+QmuivVD+1sHLmVN/rtavIG5o/RqU5hp0saa7gMXt42raetJkvM8f7O3Enk8qdClhFRERErlDDHq6efvFf2bL/TU75FanGM/7O/82Pvl/MHeM99DT9nJ1NJwLWGUf68h+y7juFTE/y8Ob+Z/jJi6cHPqD2rTxRVktnktOcnMmcoIkOnvPO/t7Gs6tr6WQKi6x18pLorIvtVnRvYGfua/lc6xilNPbajlFVjTM1kdT+pnjtW3mh02P0Ia2qDgiOB2ovm5tcODKKzTEWwu5SGmPJuRuqaHQ5yCgyx1kAL5Q14gpax3et7A9vmNq+lSfKGun1jqmaTVVOUsdN7H8AGuRyeV1ELhGrwjP3Ppy29Cp5/la6K/JJ9ku0AivkAipbzWq2NW32qrDFlBeFrvzyrmMPZQIr4uzLzEqyxXvcfuv5h1HmGAvrgOAqP6uCzbeNfZbx0NWMoare7AInIQpfiee//7DbBE7iE1hVZy2vbA+6XsHH7uM1C+Psb/7AawHPvXb0CA+99C5vH/xPvn30DC3nP+aFo2/z8u/NFb44liS/LT7mcNd5BkM0bRzceypY2VzEi7ZeusnzK9mYW8c+v+tSxIu2wDR5/iMsoYV9zVEGZ7Mr/dsTZK0KCGCTKXi0CGoP9KN6NZPVZnhaU9ifSkmjGtuvEjtrKRtzQ5xPQKuP7JJK8rBdm7b1LKiFJbts55Kcz5Mbcvz3E+35Nt/Md/1ai7jZXW5UIT9pG292hXHeQ8WvnYQZYlO803bNMplTDE37W8yfs3bWFNaRt6GSAu8wM1m9q8i2joiIiIhcSUZAz1UPXa9v50evj+OWOwuZd+dtTHAkkJR0gRNNtdS91Ipx5/8Rjr40jqz7i7lnWjoTHImkJJ3izf0/Z/frnQxmdwAjQOvrPrO+12nf9jgrgp7dy+aywH6d4ffVUF1KuLw2+v2HW9e+wlaeCPqbP/S4gsbUUMWKwEG2+68T8jxCHDPUeu2288lcug4njawIPMe5ZWzKK2RZZpvZrzX0dYg4npDnEeq6XMLXRWSky5rFEuqoaa5gxuROv9DJXztrJgdWmLWwcmYJHNpqCyGg68clzGg2q91y72fFo7ewq7DOCCbm+8IWY9KgHDaWGGFYUN9XMKrM8J98qml/BYut/VPEnEGZzKiOBZPr/J5pKneSVh6wWu1CFk+x+rjaJsiyqSmcCoH9QSPynUPIaxDutaldSFpt4LHXM8e7XvSvWaB33R+HfP5Y19t82/tdPPdPm8q8G81ve//MBwHrH/69G/7mhvAHGjRuGve3QPEjAe/fZCalwb5uN2QNdSuIwOudQ5cbsqM+bKY5KZP5vjLff0G9ZsMIeu+kvQ/96Jrs7n6H/v089fd836ejGfI25AxjL+frmZLbxyptB6ghh425AaNMySCvuZP36M9VFREREZHLwbBXrvqc5a3Xt/OjJ1ax4akn+d4T6/mJN1j1rdP20r/xoydWU/XUOh5/Yj01gx6sysiVxfRUB56zJ4d7ICLiZVRkGepYEKa/oHvPFiNEya3ksL11QIiKv6bmFv9bl61qMTOYMJi3e3srZtt5xgyGluzy3Yq7BEJUxLXQFPKWbbAq+Q6b1Xb+t1D3xbod2rwt3GSNx9pnU8f7xoK2bWawaruN2ryWNftD3RJuhGd+rRewVwqGugbWWOp4KlQlo/c6WNV/vkrE/rxmQS5GXjwm8cs8/5CTMm8A5eF3B08REAvz4fk+dhQl7zXvi7dPqu+xoLYf28fEqkheCLv83wexsXoDW5Wskfu3WhXgM/bfZ77O/u/faL3X0QK5GfQdhcd4vu5uuoBJaZdDNGm0E/B7L82soIl36FLpqoiIiMgVZwSFqxYPp9919RGYnuX9d08Tui5GrlzG5F+OjLv9J5TKLGFtXgq4jphVqyJySWWt8gv7wKzatE2Y07jfrDLd4AspjdupCb5VNuC2X+u2W/xuQT5ADZA326xiM7+neKetSi+Thzfk+G8HgP+t34Mjh42HrJAzGedsXzhrjSc57Wbji+5uo8XAfqPS1e826qylRrDV1y3hbeuNKkP7+VrXwG/yJvOWa0Jf58Pe62BdY0s/X7N+iefRezJJvdr89vQJnt/2Bg+/91nErWJjnpd5zftU7Ou36vcY9PeLT2vlQmrMgD36auVoWB98RAj03PU8Vm5+mBHVBwh98PsAJLSBnm9X9+WQTvr3oPY9Ild8i4iIiMjlaQS0BRCJXkN1KZRW46yq9psox9UUW79bERk8yfO30j0f76QzTc0VPLYnhx3zjdt5rWqulX3tKMTkQ9klleTVVlCzv53VWZlmMJnDHLPy0bglmZC3ugeJqrpuqLnp6ja+qimc+v+zd/dxUdV538A/OoMPG7Ar7fhEigG3KT0AbemmDFh2b4FkgkTRLgGrsT1oZZqhXF57bTaKKFra05IuEu1SCGiGUl7qCoxbahtQGxIBiUWac0fXJbimue79xzln5pwzz8PAoH7erxcv4Zwz5/zOmRmKz3zP9+fmhDxCT0d1SGy+BurrFzwJsQBq3bol2c3nTMU/UAv75avDECK1AsAxbHyzA9vsbBkeOMzNI1uLnpUOpObitYYkB2GeGIjn7EZ9bqSd1hauEloJuCUjoZfHdIVwS3ub1XLL+6g3omelA8VfutbKwJPz1cUgUQ8sPepeu4J+F5WALKShqs6ElOQBPE4iIiIi8hqGq3TJcdTvlIgGAF0S1uZVY2qOUbydWuxTWBeDfCe9Ou3vUwhWaot3oz4XqpYAUlWoUMlpt8pwQBW8iQFcnes9MSVC5Z+q4hWya9DeDhMiLfGTedIxd0Ll3j1nIeN+giFNp3He5toePLFePd2VbdHjvBBORS3DobwvMVXdy1b6EEB8zeiSDcjfFYe58yYpJm6qr9yOa5Ldq+q8ZrLrQa3Vtg2rxQnVYpw8UmLp3at8LYkhfEap+PwJrzlF72JdKMLENg8p6j7A7gbEYqi4NGc74qTrJ1bGAtd64XylADwNK2dZzlN6P8S6Ody+I1QMh6bGYWWo8vVW3pmEFK9WJxMRERHRQDAA2wIQEdElQ5xtXtljVbqlXJqlXbpN3oil05X9H00NjS5mntI+vkRbg9B70dwSALDM4l2cphpLI+qdzU/oQF/22oyeJfZXTc1GuXzIDY32WwKIM7LL2w2YmXvT5uI18zmbUL5JaD+guF5O9fI5u34MsjT2Vg7BwqRpqHt6JvYmBWGKvc00P0P89XZ34hZdciHaDxrQlqrsgYm8GlkYL/QqrQjNxVR5z9VdzfjazWBel2xAvt7Sg3ilg9egetvQXQloP2hQhoXihwtWrxVRXJ7QlqNIfn4T09CmOD8gOrcUWXXS+WWj3CTOYp8TJz4mF8hrQkWG9TGci8SKlhrkQ3b9coC1qn6qLp2v3WtViPaydMV5Vs3yrEdsn4paZuP1Vo2qdvYuIiIiIrocDbpl2ox/+3oQRHR5WP38c9BotfDTauHn5weNVgutRguNRoPBGg20Wg0GDx4MjUaDQRiEQYOEL4j/Xrx4ERcuXMCZMz2YFD5BWAdYthO/l/+r/t7RMvI227PdW6TLZqi3NfO8wFxtJ1Ww2as+lSoNAQg9DZUVlVaznUv0BqESUXq89LOjUzNX0yn38bVBmODIUiEoXQPleKSxxObVYKt0a7C0T/Px7V8/xePM7F9DaXu710D+XNi5DvVW5+bCc+bAd3+tQ2r9eevq1cBR2DH/BlwNAPgeuzd/jNWnrR8/JfpmFNw+wvFBiIiIiIjoitLcegwBAYFC5qDpXTGG3yChlVl9vcMZL+yKjhb+2mXlKhEReUialdxG5VhGKdpb5LetCzPdqyvissqa8Eiwi2WBYvUeAEVLAPNqsTpRUQGnNygm2nJZ1DLl41yYqMd9wvVTjy82rwZrbVXiSRNWOdqjWNmnoDfgUMsyD3p69u45u/r2CCwOtLHidDdaz4jfnzGhyUawOiRwFJYwWCUiIiIioksAK1eJyGtYuUpECme+wY7SoyiwClC1mDl6CE6c/CeaVGuGBP4cf0qLRMhV/TRGIiIiIiK6ZLBylYiIiK4cV43FnPm3YOOEIfBXrLiAfTaC1agJYSibz2CViIiIiIguHVpfD4CIiIguZz9FdLIe1aeOY7exE9Vf/RMN/7Ks9dcMwdRxI3BfzHW4fqSf74ZJRERERETkAYarRERE1PdGjkdC8ngk+HocREREREREXsS2AEREREREREREREQeYLhKRERERERERERE5AGGq0REREREREREREQeYLhKRERERERERERE5AGGq0REREREREREREQeYLhKRERERERERERE5AGGq0REREREREREREQeYLhKRERERERERERE5AGGq0REREREREREREQeYLhKRERERERERERE5AGGq0REREREREREREQeYLhKRERERERERERE5AGGq0REREREREREREQeYLhKRERERERERERE5AGGq0REREREREREREQeuOTD1ZDbHsRjmTMxEsB19y7AY3OjEeDrQREREREREREREdFlT+vrAVgbjhvuSMSkEeKP37fi/f316La16XXzkJVyIwIB5OTdDfj5AQjHk8O78PybHf02YiIiIiIiIiIiIrryDLxw9YYHkTJLCEwFNyOoqx6FDTa2PXsaZ38EAv0gBqsA8CNOd53qj5ESERERERERERHRFWzAtQUYFjAcfqpl2uHDrbYLe2AZ1jw2HaP8gLOtZfj94qfw4t++xY/ww4SZz8Hw6EwM658hEw1oQ0NT8PTqDfj9I7EY7+vBEBERERERERFdRnxeuRpy7zPIvlWLjv378O0NSYgLUQepwxGeshqG2w5iRy0QO+tmaNu2Y//wQHOx6ulTQtuA7roOdE8bhSD4YfjICQgH8I9+Ph/PzMHT6+IQDAA4i+aSMiAlA5OGd6JmyTrs9PHonJm9aAPigs+iuWQ5Xm/09WhIbmhoCh5/eDqC/QCE3427Imv5HBEREREREREReYlvw9XrHkJ6bDCGA5g060FMcrDp8ODpSEsTf4hOwq21e/E37XRMCw/CqOgFSEcnAiZFIwjAj11H8bf9e3sRrEbh4ZUZmCTPec8exRsrCtEXudTsRXEIhjxInYOn0wEgCKMigT45qEfm4Ol1U9CtCFGjMCoIAIYjIAQDaKykCFYBnG7ejjf4/BAREREREREReY0Pw9WRSLn3ZgR59NjhCI+agH1rDmLsf92DCcODET0tWFz3Izpq/4h3PvBwWJHZeD59MoZ31mDxhh3iQiFsfWjRHNkybxHDyc5WWYXqDqxf4u3jeEHkSAQBqsnFGvD6ClsNccmXrIPVvyBv8xGc8+2wiIiIiIiIiIguKz4MV2/EWDvJ6tnOw3h/z2F0ng1C9L1JmBZs3XMVgUGYFNgl9Gf9sQud35yGdsQEjAq8APiNBODJpFZReDhFHawCDBDpkqKbw2CViIiIiIiIiKgf+DBc3YeNhi6kPJyqDE+/PYgX128zR6Nt678Fli7AtFGWaa7Odh7EjjercOTUWSBnL8aOBb75phsICMZYdOIbZWml62bfiUnDz6J5vytVo+rWAdY9RyPnr8JDIcfwxopTmGnuqQqcbS7Gf2xugKLXanAcCtbFmdfNXrQBcUHKVgSR81fhoUk2gmYxDLb1GKkSt6t2EdbvBOS39n97xwbEBcPS8mD2EhTEBst3bG5VID/2pPQNKEi3nIewrkvVH9b59Zm9aAPiUIPF+0cK1cLSUc1jJSIiIiIiIiIiGrgG+/To3fUob+tSLPq2rUpVc9qB8s9VVajdrUKwKvwgBKsA0N2LYBXA7LBgAF341mlfSjE4xFG8sWQRFi9ZhMW1XZiUvgFPz1ZtOnwyHloXjlZxuzeaz2L4pFQ8HAkIt/8Xo/kshIB0ySIxdLUmBJhAc4l0vE4AQhDpfquC4QhJWYXwNnFf5mAVqJHOZ0kxms8GI27RHABA4+bl4jHPmsdgb6xuXZ/gOBSkANvE7Wo6geDYJVBvRm4w7cDLrx9E54/Cj4GTHkTO/Fsx1LejIiIiIiIiIiK67Pg2XLVheECI1bJhWmWB7dmzvUhQnTl7Gh1ONomcn4pJwztRI68Q3blOCAZvzUakYutORUVn4+bD6MRwhNwa5cagojAlZDjQedhS+blzL5rPAsFhc9zYj0xHmbI6dOc6LFZUnjbg9SOdQHC420GnW9dHNVHYzv1HcRbBCGe62ivn2ssZsBIRERERERER9TEfhqvDccPcp/BftwUrlgZOugf3jpctGDYFD90wSrFNUPQ8LJ4bjQAAAVFJSJ87BcMAhCQ8iAduC8ewPh23GHTaCGF3tnUCwydgSqTNB/aJs93HvLzHOXh63QYUrNsgtggIwii3zmdgXZ8rmXXAmoSHeO2JiIiIiIiIiLzGhz1Xp+GOWycg0E+12C8YcU+uxqSOTnQjACNDRiHQ6rHDETztTtzxj5sRnX4jAgHccOt9gJ8f/DAFIWOfw5qKLqtHuWR4IEIAOO0M0HXKzjbDEeDSDtzRgNeP3ImC2Cl4OHKHUL0q9Yc94q2Jtiz9XztrF2HxTgCzl6Ag1s6sY8706/Uhe4SAFXj84ekI6HgP7/O6E5GvnelG95kzOH7iPPzHjEDQVcMQcJX6fwaIiIiIiIguDT6d0Kq27U5MsDVBE4ZjVEg4RtlYI/mx42O8/30QJgEIBODnJ/1h9iO6zf1Y3bOzrRNxwWKlprMQKmgkbG92Ft3O+gp4NLhWdMbGmSeTsjVBVG/MXhSHYFULg17p7+tDdp1rL8f6ZeW+HgYRXdHOoONwM1774H9g/Jf1Wn/NMPz6tom4d4oOAf0/uIHHtB2Z03MRVtaEFe50ESIiIiIion7n056rDSXb0Xxa+ulH1x/4YyeOdEzA4w/fjFEAfuw8iJdzV+CPR77Fj/BD+F3PYPFvprk/oJ2t6MRwTLrDUR/TBhzuOGuucJWbHRYMnD2Gw31QHTh7URyCxUmvhC/vBatmna2Og9WO03AeW/vm+hAR0QDV1YKNL3+I3xhtB6sA0POvH/BH4yeY8/IhHOqys1GvNGLlxAiEyr4yK01u76Xe4NnjLgkNq4VrY7D9H2lTZbbH141IIr2OrL5Urztnr7d6g/C4ld66gYuIiIioF3w7odUPh1FYVIaa2jK8nPsMfl9yEJ2nbWx3uhN/K1mBp3NXoXTXQVS9+RJaR4YjOEioej3Vtg1tP3Tj812t6AKA4UEIDpuMG9we0A6sLzmKs8FxKFgkD1ij8PDKDShYJ8xi37i5DM1ngxG3UjY50+wliAsGOo8U+uyOd6Gn6WTMlCaDiszG8ykTXHpsR/dZ5eRVs5eIPVdlGk+hy4XJuAbq9SEicolpOzInRiB03nb4IkbyPDSwBIgDJgA70YRlW7/CtnPKxf4aLcKHahE+dDD8ZcvPn+vBkq0fYu8JLwaspu3InJiGtrwatLc0iV+lCMuJc/M6mdDW7r1hDVjFu1FvtdCEml3Gfjm8VfhmI+yV3iOeB+XqsD0b5TZ2oRyL9TaujFXY0N3fKdL4Vtt4Luxz9LvD5bH2dr8unWM6KszvReH9mFWcZnNMtbuMNvbXiKpil4dPRERE1Od82BZAdPxveOe4+H3DNhQgCIb0ybA0CziL5nfWorwBALpxZP82AMAw7MXftNMxLTwIwVFP4d6uegy/Vaxk7TqKI7UH8Q9PxtNYiP9ojMLDKzNQsC7OsvzsUbyxRAoGG/D6CuDhlRl4aN0GyzhLFnm/mlS0c0MNwtfFKcdkPq5YxbpzHWrCNiAudgMKYsUxrziMmVaPsda4uQzNKzMQt24D4gCgswaLS07j+XR5OLsD62vDURCbgYJ1GeL+C23srf+vDxH5Vr0hAnPlf+xmlKI9lzOo9RVTZTam5gD5BwuRopMWAtADqAPCQnUOHt1PzhzDxsoTkEdyQ34SiHXJUYgeKeux+sN3OLTzH1j+9QWcFxbgD5UfY0zmrbj+qt4Po74wF7V6Aw4ly69JJFa0NPV+55cbfTqyUIKqhmWIln+OajKiqi4Gsfq+DFhNKJ8Xh6V16ahoKUQ0ACFkTEMopN8nws9FegMOtSRBB4gtFOKQiRpsTXbhdd+wGqGpJYjNq0G7uL2pMhtTp2cDsveT5T3WhBSdehtXxiqw+t3o7CpUZmNqjpvXWWwjUWt7pctjdW+/0rnJ9ysca+o84NAW8flxSSRWlKWjKPVllGfLfqdlpCOruBo1piTLMgBo2I0ifQxi6/on8CciIiJyZtAt02b829eDUBiZhMVPxyHY/HdXFw6/8hzearOx7bBELDbcCWV95Vm0li/DKx/09UD7kxD2BhxZhPWq+/ZnL9qAuCAh5GRuSb62+vnnoNFq4afVws/PDxqtFlqNFhqNBoM1Gmi1GgwePBgajQaDMAiDBglfEP+9ePEiLly4gDNnejApfIKwDrBsJ34v/1f9vaNl1BekP9xtrUtHRcsy8Y/uS4gUKOgNbgYE3iGFMVkO+m0K28Qow9UB5V/44p1a/LbtonnJkMBReHP+DRhjc/uz+KzsQzzytWX78WHX4c/3XtPrkVgCICevRasgSXZ9bYVM0uujYTVCU79UPRfi+yLUEl7VGyLw4uQabA3djNDUEuX+xcDPfNyyeFSlqnquOhqfLDBUBozW47CrYTVCN01CxaxqzD36uGJ7U2U2ph6NR357LqpmyY9h/f63jEEWhKreR0KAeK1Lvx9c2bbeEIG57b15vwpjbVONvS3P+lyV5+/6WN0do919Sa8DWx9gudGr12r/dl9D7u0XNt8Prp5XNRLFxwmvucdRgTThfSMbk/BeMiAsJxdgX2IiIqIrTnPrMQQEBAqZg0bTq335DboAAKivd+d+IYvoaOH/aHzbFsCWU9tRkPMUfl/wEl5+cRWWL7YTrAJA8HBofwSAs+jq7ETXWQDQYvjIkf023H4ROQUhwzkRFBENQA2bxWBFeZtnRQYQm5eAawbI3enUz/73C/xZFqwCgP66EDFYPYuOuiNY9vJBbKz7BkLHgOG4/q4xmCnb/nhbB+r+t/dDiZ6VDqAEcx3dYm0OduSvYSOW5oi3OOuSsLWlFFkQwsP2lia0exDk1e7KReauBPEYymA0q0w6tgHYpApynY0vahkqMmzcQi1WnOZnu1hFXtcM6OMRq2gNILQEyJoVo75o5rDRfHt3WTpqc3LF2+eFakTUVaNGOSjU7DIiNm++Sx+86EKvdbrNNZPVY3PXWEzWy340taMNMUjUy59hHcJC7d2mLm7hwlh7rbNZeG20t/eqbYl6rKb2LwEAtUe/6cVepf1cizB33xzSecm1t+OaWemqa96IquIYJOpDezVOIiIiIm8aeOGqqPubVrQdP4UfHG3Utg1rDK+htOQ1PL9+LdYVbcGf1vwnCt451V/D7B9ir1P1RFuR81exjykR+ZT0BzkyEhRBSXRuE7YmR0KnKFcT+w7a6c0n9PVbjXqYUD5P2uZFLJtou9+f1AdQ3m9R3YtR8Rjx+JmVJsvkPW72NnW4fzNVP0d1D0LZsV3vUag8B+E2YyOWTpdfA+m6yXpDStfc0Kg6rrSNcqzW5yN7Lhz0plTr/uQ77FMt23fkMH73znF8sfcj/PbIaRjP/YBtR75A9VfiBj8dhiDFI37AoTZVs1ZPRC1De5kUsNo5B10StrYoK+2isw2ItQoGeyseaxXVho1YmVoCZJTKqu90SMkzINbN8UXPsg4yTXXVqNXHI86doEsXg0R9Caqk10LDZiytS0di1Dc4qqhQ1yFlS5OyyjFqPvL1RlTViYOISkAWZD8D5sBXGVzaY0L5phJAPwn2a5gb8VqOEQgN9bzKXPyQyNxOw1bQBzHErWvG1x6P1Quilnkc7ltYj1WXXCjstzftXBpWY2qO68G5ZTjbkZlaAmQ8bl3tGpWALNnr2lT5Mor08YhDO+zVXhARERH1twEbrrqsuxlHGoSSzh/aPsU/Tjmfz/7SswPrl9SgMzgOBes2mL8emtSFmiXWrQKIiPqLTh8vhEDFaY5DwobVCFXfVl2Xi6lWj/kSL8puM46d9SCezhOq0op2yT9GkiYXSseTyTpIIaC6t2FRqnVgWLsrV/hDHsLjE126pVQIIW3tXzGZjjh5UpHN8xSDSvOxZevdmFzGI8VpquNKwaxyrEWp8uCxESsnqls+GLF0uvOA9bjJ9kejTW1f4LefnBd7q2px760RmDNOXNn1T5xQbX/oKy8lm1IgddCAWPO526pklYXJ03NRCyOOdnpnCDaZhIAoa5argZaD8VkFmWKF6KwYN0M4HeJmxZjfb/W7SpyGZZZJjYTXi6X6MRKJqopatwJfMfTMWmg/SDRVvowiuFGda70HMWg04BHF7wI3qy9dGOuA4eWxmj90Sv0S+QebXOh9K33QYXkth5XZC3YjkZghva7FKupL4RoTERHRFeXSD1evGDuwfskiLFZ8rQNzVSLyKV0S1orhJ+pyMdVmBaQYXkB2S3VLDfL1sHHLsBG1dTHIF29/3pqsswS48ttgTUZU1cFSMWurPUFZOgB1KAugzij0K2xpQruLPWGFAAdCn03V/mtzNoshnQnlOWKAbN5/Ew6VlYp9FsWKRNk6IeyDnRnabdAlYat07aC8Tk5Jxz0or4qUrpe0T0tYZ+ucD+XFAOpKRFsuOF49JPDnePN3cVhirl48i8/2fgv19DQnzznZkbt0Sdhqfu5KMNccakuhpew294Oq6tG+0NmMWsRgcrCzDV0ZXyQeyYuxBJluVYgq6cytAaRbsO33GA2dGIGpu+LF14j0OrJQVti6EfiaqxlL7ffUNFdKGjzuPVxviMPSuhjk56kDuy/R5mq278pYB4o+GGt0rqylRY69Dy7klG1k2lsc902NlloDmIyoqnP1AzGdPpHVAAAgAElEQVQiIiKi/sNwlYiIekW6nbQiw7KsKFW8FR2wBKF6A9aaQ0AdUhamw1ZQZxWU6GKQqApiTXXVqIWl4q9+lxDeZpXJwtKo+ULQYxVcpqPCrVtfhUAIUFV6SfuHeAu1dJ6q/euiIi2P0SVha26kpdLPXM3rRpDjCb0Bh6QxSdcTMcg/KF0voZ8kALS1WyrEAGXopEt+HFlw3HfSOS0W3hWJkKvEH0+14s3Nf1NMZtXnxB6lUmBvqswVAjaXqu68zXl1rKvj0+njzUGmRy0BzDsSWwNUtqPN3j5M2/FMjlH4wMTRLeq6GCRKrQJcDXzlk8rZe69Kk4BllHr8nFkmj1NNvhQ8yWaw/vVRo/Vt/66MdaDo87HqkLKlFFkowYuVXvyFJrUGqGtGraoFDREREdFAwHCViIi8wly9JFZ0ojhNqGCV+hfKKluFW0hLbO7H3PfQTB3ESsGfVMEktQgQQ13zMdS3tIvc7oko9ZpUVxiqAknpPB3s31zpl3OtWLklTJI08EjnbOnrKnypWh7Y4R+odbB2GEKkVgA4ho1vduCPp21vGR44zJ1B947TIFI16ZE3RCUgC1Kg7YQrQaksyPz6qCctAcw7EloD5OQCDvfhSmWssK/aXUaYOpudB75SAIh0VNgLbaVgtRchoRSsxubVWFdN6kIRZvXBj/B7RnFNXRnrQHEpjdWK0BpgaU6JGy00iIiIiPoPw1UiIvIuqSoQYmgkVYHJb6mXfblUdSaGUJZbQyGbRMsSclpmXJd/uXbrv31SqKauMLSEumGhOst52p3wRpx4R2/AoV6Pqa9J52xpPaD4chLOhIz7CYbYXduDJ9bvg379PujXt2Gbg/1Ej+tlBGSeRE11m3LDaqFiUaxE1oVeq2xRYQ6i5OzMFi/2Ol1aKG8xkIsqlwYo9iTNyZX1sZW1l5CO7NL4hDGmLExH7a5cvKi6nV/qi+nqBG5ClbKD8NQqgDShfJ7tDzR0yY8jq64az2wqcRz4mnszp6PCznvEVJltCVbtvA4dn6ulP3NsXo2d3z9iiwXZ8yJUD0s9nl0ba5+QT1LnKlfGKk54l+lyxak4GZ7VxIRpKHIpdHdPdLYBsS73yCYiIiLqXwxXiYjIY1IlpjLEaESVOPFTWKhOdlu/euImE+obXP1DXgihUNeMr8UKUXkFU/Qssb9qqmqypYZG13qZOiRU3gFA0SZZkCDr85oYBdnt9vJengAatgtjEicvkoevQhDhqb6cbEk6ZyOWTlcGk6aGRuctAa4fgyyNvZVDsDBpGuqenom9SUGYYm8zzc8Qf73dnbgoBmtbapCvV02gI068Y65YjFqGigxZlW4OsNZGVXF0bimyzBXY0mstEivK0oVJwyZGIHRiLpBXiCdDXRthdG4TDuVBViGcC+Spju3i+IRtE5BVZ1RViFo+CHCpShbiebUUOuhlKpx3bU6cbNzK9iDybRMzhH7K9kM3S29mqwmPzGGi+AEFYF0Jbw4GnZyr+X0L2dilL8vvD11yoeJ5mZoDWRsNV8YKWbgvToZn9dpREwPLiRGYmmNU7Nv8O1aqkJf1oDZPKCUG7uYKfkOjy2M1tX8pXBPzZGTO9huJFS01yIfyeZhbnI4Kh68bD+mSsHXAfyhFREREV6pBt0yb8W9fD4KILg+rn38OGq0Wflot/Pz8oNFqodVoodFoMFijgVarweDBg6HRaDAIgzBokPAF8d+LFy/iwoULOHOmB5PCJwjrAMt24vfyf9XfO1pG3taIlY5uE5dXlkm38VqxVFJZ+h/amdxEsQ91BZb9qjlzdZq836DDykvZeWWUijNY2z9XRfWbvfPUG3BoSyhes3u9YpB/UAgkTJXZYrBiWaYmXSvlGCBeA9njbJ6zyXo7KG+TFs7H/jnbfY5kvvtrHVLrz+O8ekXgKOyYfwOuBgB8j92bP8ZqG20BpkTfjILbRzg+CNkgPL9Vs6yrMk2V2XgGBh/0lRVf17vinbz3vHs8X50rEREREfWd5tZjCAgIFDIHTe+KMfwGCRPo1td7VpITHS38RcrKVSIi8lAkVtjpG2o1yU3UMhvbpaOiZT6ucbWQTmwNAEDWEkCiQ8oWaTZ75TjWut0nU6ySBWSTYYlVWqp9ZZWp2hpELbOexd0cbEZihWKdcMu9utJPp48Xt7Ge7EsSnasci7zazHuE51c9vqyyJjwS7PxJu/r2CCwOtLHidDdaz4jfnzGhyUawOiRwFJYwWPWMvUmjTNvxTM61ltva+3dQqNnVmx6w7h7Ol+dKRERERFcaVq4SkdewcpWIFM58gx2lR1FgFaBqMXP0EJw4+U80qdYMCfw5/pQWiZCr+mmMlxWxKjlUqriWFm9H5vRqJNqphO7zUVVmi5O49cNt3T4+VyIiIiLqWwOxctXRdL5EREREnrtqLObMvwohlZ9g+bHz6DGvuIB9Jy9YbR41IQz/lTxBbBlArpO1xchQBauA2K8yqf9HZW5x0Y+TPvnoXImIiIjoysVwlYiIiPrQTxGdrEf1qePYbexE9Vf/RMO/LGv9NUMwddwI3BdzHa4f6ee7YV7ShLYYKb4ehoouuRDtyb4eBRERERFR32K4SkRERH1v5HgkJI9Hgq/HQURERERE5EWc0IqIiIiIiIiIiIjIA9qPbv+r+Ydb/nq7D4dCREREREREREREdOlg5SoRERERERERERGRBxiuEhEREREREREREXmA4SoRERERERERERGRBxiuEhEREREREREREXmA4SoRERERERERERGRBxiuEhEREREREREREXmA4SoRERERERERERGRBxiuEhEREREREREREXmA4SoRERERERERERGRBxiuEhEREREREREREXlA6+sBWAvDbb+ZjQeiR+NEfTkq3zyCFl8PiYiIiIiIiIiIiEhlwISrE6em4YHf3I0ZN49HgLTwl1Mw99EeHPvYiKo3y1F8qM2XQyQiIiIiIiIiIiIy8224Gn4rMu5/EIn6KEwIsLeRPybcfDcW3Hw3FnQfx9/r3kPx26X4oLU/B0pERERERERERESk5JNwdczMx5Ez725MC/G3Wtfd0YADu/+Ct97swtW/SUFGQgx+IW0XMB6/SMjGLxKy0d1xGFVb1mP9vm/7efREREREREREREREPglX02DITcGNQ2WL7FWkvrkGH7y5xmaFa0DIFKTl/ie+2/c4ivtz+ERERERERERERETwSbg6HgFisHruxGGUri3Ey856qbYeQbHhCIoBTJz6MB5/JgXTxgwBhvojxBtDum899j0ZBXlngmO770DqKm/sHLh/404svtqIKb/O984OiYiIiIiIiIiIyOd82nN16JgpyFwfgRkfG1Hxp614q97+Lf5joufi4d/OVk545Q3Lt+Jwwngc230HZkph6n3rse/J/SiDdwLWiVdbtz8gIiIiIiIiIiKiS5tvJ7QCIE1Ytfjmu7Hgu1Z8sLscr7/2PloAAGFIfCQTDyRMwXVXD+mDYyfjVf14oOM9ZYi67WnM3NYHhyMiIiIiIiIiIqLLxgAIVy2GXh2OGek5mJG+AN909CAgZLRVlWp3RwMOfDca99w82nsHDhqN+wG8bWPV/Rt3YvHN/jbaBCxFmfFuXP3xS5j5RKV5O/M4P34JM58IR5nxbkwAANyNw8a7ARzHuzGZWClut+LP+3GPubeBct39G3di8f9pRUH8Scw170dqWZCMV6sX4BcB8uNV9v5a0GVgJJJWvYCnY4NwYvd/IHXVR4q1v1y+FWsTRuO72pfwyPIqnPTRKImIiIiIiIiIfC06OrpXjx/spXF4mT/GyoPVc134vPYv+EPG7bjjwUV47uR5Lx2nEge+6AECorC4ej3ut7HF209sxd+7gQnXL1WuWB6BCTiOA09UAsu3YvHNwN9fvANTYu7AlJj38N3NmXj1vnykxryEv3cD6HhPXCeFp8l4tXo/7oG0/A4UfByEe4xbsUJ+nIAoLDZG4FNxm3c7gAkJ+3HYmAn8STze7uMIuDkTr97npctCl7hMpMWOxlAMwYSE51G2/BbzGiFYHY+hGIKxsSl42IejJCIiIiIiIiK61A3QcFV07jgOlOTh13fMxW+WvY6qVu8f4u0nZqPgYzFgNe7HYXW4KQWwIRGK5SuuHw90NGElgPtHBwHdrThgbiWQj9SY2XjUQWuB+zdm4hcBx/GubJIrIcgdjxuXy7dUVrOu/Ow4AODYbtn+VzXhGPwxUZ/s9vnT5Sgf699uQjcAyAJWS7AKAD349O2XzK8rIiIiIiIiIiJy38AOV0824Rlz/9W+8/YTs80VoMB43GPcj8OySta361rRDXnouRQ3hgDHPsu3rA+IwmKrYNaeZMz4P/7mcNaiEt90AVePdhCSftElhmZE9n24aQFyFQFrPjYqgtXnMG/TR452QURERERERERETgzscLW/rcoUb88XKlmzN4oh57ancaBD1hpAbAnwqdSDddvTmBnzHo5JwaxxP8qW2zyCUsjdOCxuL33dEwIEXB3eF2dHVxhlwCphsEpERERERERE5C0DakIr50bh/z7xNLL14/v0KG8/sRUzqhfgF7KQc+Vnx3FPgtga4PrxQMd7qqrTfKTGCJWsK/68H/ck7EcZ1JNgqXS8hymytgBE3vbhpgXIxUsw3B+BAAarRERERERERERe5YPK1f1oOeHuY0bh/z6xBtveewur7p+CCeJMV+c6mvDf3h6ePauacAzjcePyZIwNsrQEsGXlr9/DMUi39wu3+ivZ7uNK1Bc+3LQAj6zdiYq1TzFYJSIiIiIiIiLyIh+Eq0eQmzIfq/e24v+dc7btEJuhKs6dxKe71+O3D67BB70ZyvKtwu34sv6qgDTZVA/+vkMeoOaj4uMeTNBnYmKArCUAhErVfRtlfVKXR2ACetBSVwkAaPnOOkiVJq+6R3XsFRuVPxN5wxfvvIA177T7ehhERMCZbnSfOonPGo+j41Q3us/86OsRERERERERecxHbQHaUPn7h1GJMCT/IQcP68Px86E2Ngu5A6tCZD+fO4lP9/0FeYZ3vTLJ1f1f7MSUmHCUGe/GYuN+LDavOY53YzKtZlJ/u64V2TdHIaDDKFu3FPjsPXyXsACHjQvMS4/tvgOPbhMfJ7YZuMe4H/eI61JXVeLR+Eqs+PN+5bG7j+Pd+wBs88IJEhERDQhn0HG4Ga998D8w/st6rb9mGH5920TcO0WHAOvVVx7TdmROz0VYWRNWRPl6MERERERE5Mgg5P7739IPt/z1dh8Nw0nI6uVQ1XNLUWa8G9jtpJcq0RVq9fPPQaPVwk+rhZ+fHzRaLbQaLTQaDQZrNNBqNRg8eDA0Gg0GYRAGDRK+IP578eJFXLhwAWfO9GBS+ARhHWDZTvxe/q/6e0fLqA80rEZoagmQUYr23EgAjVg5MQ1FAGLzarA1WefrETomhli1egMObUlC/4zWhPJ5cVhaB9l1uwR4eq26WrCx9Ctsc3q3CjBkqD9Wpd2CqUGa3ozUBsvrUuLJ67PeEIEXJ/fD69oX4arVe1k1pMpsTM0xXhrvaxqwpNeRFdXrztnrrd4QgbnFQBY/gCAiIrriNLceQ0BAoJA5aHr3d4PfoAteGZMP2gLYIlSyxt+hahcg3v7/6zvS8FufB6sQb/dXtgQgIupzpu3InBiBUPNXNspNvh6UHSYAeuHbsNC+CGAasXJiBEINjX2wbwfHm7ga9epV0vMybzs8fTpiJ4/t5fgGuBNNWLbVOlj112gRPlSL8KGD4S9bfv5cD5Zs/RB7T9gob/WUaTsyJ6ahLa8G7S1N4lcpwnLikFnpzjNnQtuV0F2leLf1ax0m1OyyEYj1AVNltux3ne33er0hQrGNe88jYHlfO/6dqhyL9TaujFXY0M3fFQ2rlft18XHSdVnZ4Oxc3Psd6tZ+XRprOirM70Xh/ZhVnGZzTLW7jDb214iqYpeHT0RERNTnfNQWwB5Lu4DbZgbhu31HfB+omi1FWcJ4dH/8klW7ACKiviJV5ygZsXR6BI4OxIodXSRWbGnqu8n6TO1o66t99xsdUrY0IcXXw+hrZ45hY+UJyCO5IT8JxLrkKESP9LMs/OE7HNr5Dyz/+gLOCwvwh8qPMSbzVlx/Ve+HUV8oVtsqqt8isaKlqfc7v9zo05GFElQ1LEO0/HeLyYiquhjE6vsyYJUqutNR0VKIaABSxXEoVJXxegMOtYjV06btyJweh0y4WFErVujG5tWgXdzeVJmNqdOzgYOFSBF3IVROAvkHm5CiU2/jylgFtn+HO7gKquNK+3imMsb++UlV5bZXujxW9/YrnZt8v8Kxps6Dm3cCRGJFWTqKUl9GebblOUBGOrKKq1FjSrIsA4CG3SjSxyC2rn8CfyIiIiJnBkjlqlobPhgwwepSlBn347Dxblz98UuY+USlrwdERFeKhtXmP8qzymRVPmXpgN6AxOCBWr5K9C98sfdLRcXqkMBRePORW5XBKgAMuxpTU6dg4zWy/yU5dxqr9n7tveHUNcPp3hxViJu2I3Oi0MqhNidOWaHXsNpGVaMJ5fOU1YH1BrHC0lyVKHuMolIxG+Wdbo5PfLx1Baf1OBybhMRZMSjapdzeVFeN2ox4JFoPSti/zSpSsTrURiWjUO2orgYXPnRob1kmBnUAEIlH8mJk1bRCKN4uD+50SXgyw16Fow1Ry9De0qQIKnXJjyMLRlTVWcb+Wo4RsXkGc6inSzYgXy9t48pYBdG5wu/tigxXBiccN6usUBEmRufKxiu9DuTPqS4JW1ua0H7QgFirfbo4VluvIYf7lc5Nvl8dUhamA3XVqHH3P0/Bk2wcIwGJGfLnRVC/qwSxs+IR5uYhiIiIiPrKAA1XB5J8pMbcgSkxdzBYJaJ+ZEL5phIAQm9IRYVq1DK0b0lCtE5eyqO+zdXGbeyAdUCjDj7EP7BXNshv97QXAtk6hhS22A5+nN1m6+h23XpDBEKlKqriNBtjUAc9NvavOH87IVZvuHiuyttsLeesvu1W2s4SeDg5R0fPn7Pn3sVbpV3yv1/gz20XFYv014VgDADgLDrqjmDZywexse4bCPnrcFx/1xjMlG1/vK0Ddf/r4fFlomelAyjBXHvvCUCs0KtG4kHLhxgVGUYszRGvkS4JW1tKkQXh/diuDvhcVLsrF5m7EsRjiAGaWElp+QDFAGxSVQs6G1/UMlTYChjFitP8bBf7+tY1A/p4xCoCQqElQNasGPVFQ/m8OFTNqlF88FObkyu+boRqROugTdhfbN58WShnny70WqfbXDNZPTZ3jcVkvexHUzvaEINEvfwZ1iEs1HGI68pYHWrYjSKkI9HRHQmdzcJro73d43YkgPVYTe1fAgBqj37Ti71K+7kWYe6+OaTzkmtvxzWz0lXXvBFVxTFI1If2apxERERE3sRwlYhoIDIZUVUHAOl40tmtrg2rEaqarEcIk5ThmKky2xJOSupyMdVG6NS2STbpiD4eceJtsaGpJcpjKH52rDYnTjWRiSwcksZndR5GLJ3uIBQza8RKsbJQ+VhVyKs4fyOWptq/5bU3nJ2rklhFBqgqBqUen9JrwIVzFFk/f41Yaeu5FwPW3l17a92ffId9qmX7jhzG7945ji/2foTfHjkN47kfsO3IF6j+Stzgp8MQpHjEDzjU5sIsWM5ELROqvVGCufZCY10StraoqgWzDYj1pALPoXisVdyG3YiV4iRSlg9QdEjJU1UKujC+6FnWQaaprhq14vvXZboYJOpLUCUF/Q2bsbQuHYlR3+Co4rUnVEQqblWPmi+r7gQQlaCqCIU58FUGl/aIHzLpJ+Eau9sI1Z4IDfV8QrqGzVhaJ+sTbSvogxji2q2CdmWsjpnavxQer/ogRPGhi1h560m472isuuRCYb+9mWCvYbU4CZVrwbllONuRmVoCZDyuvP0fEF5Dste1qfJlFOnjEYfLoUUMERERXS4YrhIRDUTSH/dO/1BXVrhaqtoAwIilhVJYJwYQkLcYqEG+HgBK8KLqduLaOqOqQs/yeMtxpMe7zvxY6TZT2R/Nwm238olOLOOrahBvQS1LFzbOKBW3EW5JNVW+LASDegMOiY8/lBcDmIMdy3WyPNbVW3U94+hc1XT6eGEbeTWaFLBnJLh4jhZWz1/DbuGxsnM/lGdAhRjQOLv27jpu+sHm8qa2L/DbT86LvVW1uPfWCMwZJ67s+idOqLY/9JWXkk0pkDpoQKzYs9hx5bVUJW3EUW9XNysOJwREWbNcDbQcjM8qyBQrRGfFuBnC6RAnaw1Qv6vEaVhmqZIWWyeYqx8jkaiqqHUr8BVDz6yF9oNE4X3hRnWu9R7EoNGARxQVo25WX7owVme+PmoUPvTIAdbKqoGLUm1PJuUxL4xVzjzBWOqXyD/Y5ELvW+mDDstrOazMXrAbKWsNIFZRe2ncRERERN7CcJWI6FJmp8I1OlsM9KTbe6VwTREgiP3xYONWV70Ba+V/IMseb1luebxLMkotf3TrYpBoFczqkLJlGaLNVVuWKs22dkchmzSTeQzy8yx/dAt9FMVzk12nCtkf8Obr5G1Oz1VF2kZeoVVXjVpIwZsL5yjfn/r5i0pAFiC0UxB7NeqSk5S9Ej269nZccLx6SODP8ebv4rDEXL14Fp/t/Rbq6WlOnnOyI3dJPSSlSlZz30optJTd5m6nz6RXdTajFjGYHOxsQ1fGJ1RAm18LblWIKunMrQGkW7Bt70MKVafuihcDf+sPXJQVtm4EvuZqxlL7E/eZKyUN1hWPLqo3xGFpnfJ9JfgSba6+9F0Zq6v0BuVkUFHzka9XV7X3gjfHKpL6yra3GIAcB21pzOQf5AhfjsYSLbUGMBlRVeekbQIRERGRDzBcJSIaiKTJPZxNxGOvwlUXKk72IQQEUj89q1tn7R2nN7fYekoK9qQqJpcrS6XblaWKROlLfZv7QCYF1coKLZj7L7p5jlbPXyRWiD1DLf1q1RM2eXLtPaHFwrsiEXKV+OOpVry5+W945OuLDh/lVWKPUqlS2FSZKwRsLlXdeZvz6lhXx6fTx5uDTI9aAph3JLYGqGxHm719mLbjmRyxQtrRLeq6GCRKrQJcDXylWer1Bhyyd5u62KtW8UGGm4TZ7mE1gZTtyZXEylL171pXxuoi220HhF6vXuHFsdqmQ8qWUmTZuBuiV6TWAHXNqBUr+YmIiIgGEoarREQDkbna0ckfqfbCUZPUj064tdU8eYl6EhSX2w/0vfrCXNRCCJDcq6iSJqMRHtuuqojqXW9Cad82bo+Xrp23gmixulRRaWsOErxxjuJM67J2AlIfWM+vvW3+gVoHa4chRGoFgGPY+GYH/nja9pbhgcN6PxhXOQ0iVZMeeYP4nLtUHexKUCoLMr8+6klLAPOOhNYAObmAw324Uhkr7Kt2lxGmzmbnga8UACLd3LbCihSs9iIklIJVqwkDAfHDKXW7DaEHsuKaujJWNwjtQdQVs+JxJ4/t3c69PNb+JbQGWJpT4kYLDSIiIqL+w3CViGhAEgIJQJgcSdFvz7QdmVLVoZ0QVgjLYAnnpNvC63Lxmnlfsn6tzkIYc4grf7w4GY9XSJM3yar4GlZjbrGdzRUhsXStrCdgMjU0irO9S5W88utkQnmOswmtLFVjRZvkE1JZzt17f+wL/SlR14yvxeDWsm8XztER03Zkym7VldoJCKG8m9feBSHjfoIhdtf24In1+6Bfvw/69W3Y5mA/0eN6GQGZ2xyoblMWz0/q3agLvVbZE9ccRMnZmS1e7HVq6W9sQvm8XFS5NECxJ2lOrmySLevXpWvjE8aYsjAdtbty8aLqdn6pL6arvTuF14iD8NQqgDShfJ56wjXZvuqq8cymEse/a8yTzqWjQuynrGaeWE99+7yM43MVWixIwartqlexxYLseRGqh2XtV1wYq9t0SXgyQ/kel6qWzc+D9Jo2uNEmwJWxNqxG6MQIZLpccdqIlRMjEDpPOVFfvSENRS6F7u4RWriwJQARERENTI5KS4iIyId0yYWoOCqEAEWpEVa3f9cWNiIlNxIpC9OxtK4EtTlxCM2RbyGf5EUIC4pyjDb2pezXanswSXgyIxe1dsbSe2KIWedk/2LIW1uXi6kTcwEpLEh+HFk5RhShBHMnKgPfrLImrIiynL/1dXIsOrcUWcVpKDIfU8ZqEpzeiZ6VDhSXYG4qAFWQoHN6jvb3K4XttarHCRXLOsCVay8G1LV1uZhqCHU8q/j1Y5C19zT++C9bK4dgYdItSL12OM59WY/l27tw2NZmmp8h/nqN/WO4JAZrW2pQMy9Odc2EKl3zreBRy1CREYG50yOwFBAnDSvFaxPTFHuLzi1F1sQ08XUQg/yDhUjRRWJFWTqKUtMQWgzz8icLI5wE99I+m3BocjamSsdGDPIPliJruuzYLo5P2DYBWXVpKNIbsNZSYikG6GKVbJQrwVckVrQUOl5flo7QVOn9JFzTisIIzLWxbWKGEXOLY5CfZ3dqKsukczZe48goRXsuzBPrwcb7UQhL4fhcxcmcANj+nXlQaBGgSy7EIaifFymYdGWskTZC8FzVa8f6KkTnNqECEbJ9qraVKubb22FCJHSwVOFKaqX3cUYp2nPHujRWqXWMMBmZcDDH+43EipYaTJ4Xp3oevBg2y+mSsLXF2zslIiIi8o5ByP33v6Ufbvnr7b4cCxFd4lY//xw0Wi38tFr4+flBo9VCq9FCo9FgsEYDrVaDwYMHQ6PRYBAGYdAg4QvivxcvXsSFCxdw5kwPJoVPENYBlu3E7+X/qr93tOySJd0Ca2bjD3OrP+Lt/IGr3pe6+kvWx9BWeKb4Y1tvwKE84Jnpuag1by9Vr8nGaHOfNrZTVb7F5tVga+hmhKaWKCvMFOegvBbqMCCrrAmPBJug0wkbmCqzMVUKZ5COipYEVE0Ugih7VXDK8coW2bpGLp6rpdejOhRtxEqpj6orz4H6HB09fw6fe9euveXYzl/8yhoAACAASURBVAOU7/5ah9T68zivXhE4Cjvm34CrAQDfY/fmj7HaRluAKdE3o+D2EQ6OQLYJz2XVLOuqTFNlNp6BwQd9ZcX33q54J+8z7x7PV+dKRERERH2nufUYAgIChcxB07tiDL9B3plAl+EqEXkNw1UisvgOuzc32AhOf4J1v7sNU68CcKYF6/74Fd5RbTEkcBTenH8DxvTPQC8vpu3InF6NRJsfwDTjyb6oKnQ+KLuBb98czpfnSkRERER9aSCGq2wLQERERH3gaiSkTcb50qMoUASs/8SSP9Zg5ughOHHyn2hSPWpI4M/xpzQGq54R+7VmlGKrVbAqBK6+CBulfqUVW/orWPXduRIRERHRlWdQ7J0J/3a+GRGRcyuW57BylYhU/hf1lZ9g+bHz6HGyZdSEMPxX8gSxZQC5TtbWwU47CV+wtOHooz6cRERERHTFYeUqERERXWF+iuhkPapPHcduYyeqv/onGmQTXflrhmDquBG4L+Y6XD/Sz3fDvKTpkLKlCSm+HoaKLrkQ7cm+HgURERERUd9iuEpERER9b+R4JCSPR4Kvx0FERERERORFg309ACIiIiIiIiIiIqJLEcNVIiIiIiIiIiIiIg8wXCUiIiIiIiIiIiLyAMNVIiIiIiIiIiIiIg8wXCUiIiIiIiIiIiLyAMNVIiIiIiIiIiIiIg8wXCUiIiIiIiIiIiLygNbXA7BvJKKmTULQuBsREwa0/u1THO9qhvGTU74eGBEREREREREREdEADFfD4pHz5H2ImTwKAbLFM29PEL7p+RafHdyG9euq0eqTARIR0eXNhPJ5cVhaByCjFO25kb4bSWU2puZci4qWZYj22SjEceyKx6EtSdD5cBxEREREREQDzYAKV6c8WoCc5Em4GgBwHt0nv8XJb7/G8S4gaNw1GD16FMb4j8L1dy3AllvvxLa1i/HSRz4e9EA3ZxXefewmBBzfixnzX3DzwU+heM+dCAEA9KD+lQewaIf3h9inFr+KA3eNQ3djIe55ZqevR0NEvmTajszpuah1tE1GKdpzx5p/jJ081sHGfa0Rr+UYEZtnEIPVRqycmIYipFuHrdK56Q1CAOryuVqC43pDBOYW21kfei1i63LxWkMSVkR56fSIiIiIiIguAwMmXJ2y5DU8f9c4DMV5nGjcjcK1r2P/t9bbjZ7xMHLmJSB69CTc94fX4P/7R5DXq4BVHiAKvBrEzVmFdx8bAeOvHsUa7+zRPWEjhArgoJGYC6DCjYc+u/lOhOArVPtq7G6au/YtLBzxoSJEnjt6BAAgYESor4ZFRJccHVK2NCHFx6MwVb6MIsQgX9/HtaL2gtjiNIS2i2Ft1Hwk6kuwdNN2PMLqVSIiIiIiIrMBEa6OTlqN/7xrHIaiB59VrsFjr35sd9uTB17HUwf+jgUbn8V9k8chPnc1Wh9ZhnIbQaxTYlUnGgsxwxymPoXiPdl4dy28E7BK4aavFDyKGQWePHA2RgcBOP75JRGsAkD4CH+rZRXPPOBWoExElzFdEra2JIk/WG79zyprGoDVmCbU7DICGaVI8STJdPlcTSjPEYNVqepV9pijs2KkHSJlYTqWplajxpTk2ZiIiIiIiIguQ4N9PQBgJp5+4CYE4Dw63nccrFp8jJeeWIPq4+cB/5vw4JMzPTrys4k3IaDnE2xVhKgvIONXibyFnIjoClZviEDoxAisbBAXmLYjc2IEQg2NQMNqhE6MEL+yUW4ChFv2I8zLzY+zsU9H25iZjKiq64e2BA2bhd6ySEeFoiJVqN5dkayzLAuehFgYUVVn6tsxERERERERXUJ8X7n66BxMDQJw8u94aZ0rwarkY+S9+ndErb4NY26dgwXYh5c8Ob7/CITbW2e3X+dsbKjMRnSX2MdU6msqre75BJuSlyN8cxXixwuL4vdUIR5Ax/uJyBArSeeufQsLI6VqS1VP0zmr8O5joWh95QGcTLTsB2LvVMVjxePZrtAU2h4Eyc7h2c1ViMdezKgaqRi3ZWyyVgn+d+LAnjsV1+BZ2XkpHyc7rxEfKvbf8X4ido5+CwvD2rEp+RRmy1oxCI8Xr6l4Snavuaw41bKNvLWDMF5I7QzE56ZLNUbpuTVT96S1d/0dXmsiuuwVpyFU3pcURiydHoGlqs2KUrMx+WChWOEpmyBLsU0EYK9qtrMZtQCyQvu2RLR+VwkAIDZvvvMJs3ShCANQtMsIUzJbAxAREREREQEDoHJ1wU1CL8wvPirEYcWakUhZ9Sfs+e9dqPnvXajZ9SfkJ41UPvijQhxuBYBrEDHP/WOvOfoVgHGI3/MqnrW1QcGjqD4OBIT9EnPly+f8EuH+PaivegHAUyiWWgv8KhEzfpWI6q6bkLl2NtbMT8Smxh4IQZ+wTgr4nt1cJQSN4vIZ73+P6MfewoY58gP5I/qxKkQclbb5Chh/Jw7sqUIm/iIeby86/IXjuWX8nTjwELBVGvNxIOQu6Tq8gIxfFaK+B0LoKKvkFYJVy/nMeOUTBN1VhXfVxw/6Jd6V7d8cbPrfhIV7rkOT4rhVOLDnQeANy3kGRD4ouxZCsBreZrnGym2sxzvDUZ9YMVjteF/c168KUR90Jw5UrlI+z+rr/8on6PbkWhPR5SWjFO0tTWg/aECseWE6Klqa0N5Sg3w9ABhxtFNcJa8ObWkSHluWDgAo2tVo8xCm9i8BxGBycB+eB0xoaxe+C3MpxB2Lyfq+HA8REREREdGlx8fhajzCRwPAtzj+1inFmtGPrkD2raMwVFowZBSmzl+BBaPkW53CX776FsAQjA6LhdsKHhUCS4xD/J4qHNijDjfFANY/FDGy5XOnhyKgpx3GHQDmjEQQetB60FJluWa+k7YCi19F/Pge1L8hq4AseBTVx/0RPl0Z3CmqQgs+RwcAHN8r2/8LaLIVADujqsBcU/UJujEOEYsdPEYa9yuy4HLHcmxt7EFAZLwyoPb/HkabFZ7KCbKEgBvoeF9WtVvwOTogvxY7sShZdU0LqlHfY329nHsKxWI1sqWSdScWvSEEp7NV56+4/juWw+jJtSaiy4fegEO5kcL3uhgk6gEgBvkHl4mVnzqEifPntbULt89L1aFZZcss1aFR84UQtng36m0c5uujxj46AS+oa8bXvh4DERERERHRAOHjcHWI+O8ZdKkmpEq5KdQSrJo3D0VUsnLRye/PCKuGjPBsCAWPWqoSxUrFA/JKVqugbzZiwvzR3fahEBzu+BCtPcLjih0FkzLPTh4HSOGsTOv3PU5mtW9HV487J+ddz04eB+B7nFSNu+Jgu/Ng1p6279HtxuZz176FA3uqcGCP0CLA8fWyYfF1CAHQdVIVfu/4EK09QMjkp9zbHxGRQ5bq0KJUec9V6zYB/c86CCYiIiIiIiL3+LwtgMAP6nnez/943sZ253FevfgqP+8MYcdy3CPdeo9xiN8shWwvYGdjj6VaUWwJYKlUFaoqLbe3V+HAZhcCOv+bsHCPuL34tTDSHwgaObCrInu+R6udVUGj++52eSlUtbRSENsAeKQHXW12Vg30609ElxhLgJlVJrYEUHwts9nr9JrJMTaWSrfll6BKPRmW2KMVoaFu9UKNniW0J6jN2WyzgtYm/SRc48YxiIiIiIiILmc+Dlfb0dMDAEPgf5NyTeFfm60rGnuasX+LclGUv1D92tPT7p0hiX1W5SFbxcF2dIutARQtAWTWzFf1RXUWsPZ8Yum3Kv8a6JMlOZgAzKoa1FvmrEJmpD+6Gwu9dH38ERRmZ1XXqYF9/YnokiMFmEWp2SiXF4g2NNoNNHWh10LRt1VYag5qizZth2VXjViZKrYemBXp3uCiEpAFACjB3HnyfQL1hgiEGuQ9Yb/BUZ9X2xIREREREQ0sPg5XP0XDtz0ARiE88Ublqu3L8NQLNejoOY9z58+j+3gNCpYsQ7lioxsxO2wUgB6cbPy074Yp3vofPn02wkfIWgLYogpnK05+b7WJrT6ulwKhP+oIjFaNe+70UATgKzQV2HyYlyj72lrbiZNdLuxG7FtrVWU755cI9wc6jr7QizESEdkg9VeFEUuny1oDpKbhxUo7t+MHT0IsrG/Xj84tFcLQulxMNbcYSEMRAOgNeCTK3cFFYoU0MZdinxGYWwyg+GVLIGxqRxuA2FkxblXHEhERERERXc583hagfM/n+A7AmFsfRIpqXeuufDyUlIRfzUpC4rx87FTfyp30IKaMBtD1Od7b7uaB56zCu3tU/VUBcdImoOOgvEJyJxYd/AoBYQ8iZrwq5Fv8qmqW+acQMR6WALbte+t+pOLkVdGPKY89d+0q5VgGGlvjNleVVlsmufK2HafQpep7u6FS6Lkq1/p9DzD+OifX8AVkvP8VAiKzZT1yZ2PDQzchoOcT7OzTgJiIrkw6pGxpwqE85a3+sXk1WKu39xBhsqzao9+oVkRiRUuNGNbKZJSifUuSZ6GnLglb7e2zpRAp0k47m1GLGCTqGa0SERERERFJtL4eAPZsw+H7b0T8+JuQue5eGJe8g5OuPG7UvXjhoZsQgPPoOLIN77l94A+x9VcfIqYyG/F7qhBvXt6D+lcSLTPXSwo+R8dddyKk5xNFS4Bn8Tmqu+7Ewj1VWCgtPL4XM6SZ7Xcsx9bpb2HhXVU4cJe4bv4LWDM/Ea1r38JC+bF7elC/GMAADvjWzE8ENlcprlnH+4nI6NMxv4CM96/DgbuycWBPNqTnqDpR/rwBFc/8RfF8dryfiAxbvVULHsUMvIoD0nMCmJ8XIrpSCIGn+kM9SXRuE9pz5ZsnYWtLkkv7sHqstHVyIdqTrZfbG1/crBgg52WUZ8sCThfGbmtfzrd3to0J5ZtKAL0BccxWiYiIiIiIzAbF3pnwb18PArcswht/uBMhQ4DvGouwdEm53UmTAABhKXhhVRaig4Bzx/fiP+ZtwOE+H6RQLRneVoh7numj3qJEl7gVy3Og0Wrhp9XCz88PGq0WWo0WGo0GgzUaaLUaDB48GBqNBoMwCIMGCV8Q/7148SIuXLiAM2d6MCl8grAOsGwnfi//V/29o2VEl5ZGrJyYhra8GmxN9nGiadqOzOm5CCtrwgq3Ww8QERERERF5R3PrMQQEBAqZg0bTq335DbrglTH5vC0AAOCjDVj6ygc4cR64OjILr7y9Cf+ZdCNGq7cbdSNSlm9C5UYxWD35AV5a3h/BKsSenM76fhIREXlLJB7Ji0Ftzma7E1/1l/rCXNR61NOViIiIiIjo8jYwKlcltzyMF55MQPToIeKC8zh33rJ66BDL8hONu7F+yev9E6xKPT67eOs4kSOsXCUiIiIiIiKivjIQK1d933NV7qPX8VT6O7hjXjZSZtyI8NH+GDpEtv58D060fYr9lYUoPHCqHwYkmziJPTmJiIiIiIiIiIhIZmCFqwCAU9i/5Xns3+LrcQDATixKZhsAIiIiIiIiIiIisjYweq4SERERERERERERXWIYrhIRERERERERERF5gOEqERERERERERERkQcYrhIRERERERERERF5gOEqERERERERERERkQcYrhIRERERERERERF5gOEqERERERERERERkQcYrhIRERERERERERF5gOEqERERERERERERkQcYrhIRERERERERERF5gOEqERERERERERERkQcYrhIRERERERERERF5gOEqERERERERERERkQcYrhIRERERERERERF5gOEqERERERERERERkQcYrhIRERERERERERF5gOEqERERERERERERkQe0vh6AfcPw82vGIEA3DjdeA3z16Vcw9ZzA1//vB18PjIiIiIiIiIiIiGgAhqv+NyEhdSair9VhuGzxlCniN2dN+LJ+H96u/gQ9vhgfEREREREREREREQZYuHrNbfPx64RQBAAAfkS3yYT/+Z8TOPE98LMxYzDiZzroAnS4dtoDyLlxCnb9ZTM++NrHgyYiIiIiIiIiIqIr0oAJV6+JX4B508bCDz/i+y/2obKsFl/a6AAwbEIsUpNnYuKIUMz67QKM+NNL2O1pwHr341g5bQRayp5HyT96NXwiIqL/3979B0dV3/sff0ISmlSg0rLtDZIqQbYSwRDvVxhDNkyvd6YmoJVA0+a2MYk4aMv1dqa3coNr7LemES62ztR+0cqIEMP90qb8uHpJwndGv98hCVjk1gRCgUkkUYOkt0uVNtCgQe/3j3PO7tmzP7KbH2yA12MmQzx79pz3nj1B8trP5/0RERERERGRa8y4WNAqNaecb+fOIIV+ehpf5Gcvhw9WAS6+08zLz7xIQ08/pMwg9x/KyUm9vPWKiIiIiIiIiIiIjINwdQ73ftXNFAbpO7idLW/0xvCcXt54aTsH+wZhipu/u2fOmFcpIiIiIiIiIiIiYpf4tgCeu5g7DfjwKK80xRKsWnppfPUocx/6W6bNvQsPXbSMUYkF360hNz3w330HvTy3L3ifeaWP8805aYToO0DV841jVJmIiIiIiIiIiIgkSsLDVc/cdFIYpLejgeDWqankfOO7FN7mIg1gwMfRpuepb7P1CzjdQEfvbeRnpOO+E1reGP36jGD1DAef2EQTwLwyHiuu4THXr3iqrgOwglXorPcavVvvXkN17oywIayIiIiIiIiIiIhcHRLcFmAuGdenAOfoawlusprqKedeK1gFSHNx2z3leIL6q16kue8ckML1M2eNfnl3ryE3fYDOejNYBThWy6tdA6TNyacAgPnkzEyDvrcCi2Lta6ZzANJnFY5+TSIiIiIiIiIiIjIuJDhcTSE5GRgc4EPHAlZ3zE0nJWT3dLLuCN508dwAg0Bq2pRRr65g1gzgQ84eC95+rK2XAWYw6+7ozx84H0+bAxERkWvAhX76//gHfn/kPd79Yz/9FwYTXZGIiIiIiMiwJbwtAAApyTij0UuXwu8asn1yMilAhN1HbuA8kSLS613zgQ7q2vKpzr2d0nmNZluAfNxpA3S2dYxVVSIiIleQC7z75kl++cY5Wj8JfXRyUirfvtPN1xe6Qv49cE3y7aF8sZfZ9cepWpDoYkREREREJJoEj1w9w/mLAGmkTg9+5I3DXfQ7d+/v4k1HX9XpqUbjgIv9Z8amxLTJZER46JzPDE/39dBHGu7iGqqfrKE6dxqd9T8JtAkQEREZc0eodmeR6c6ifLcv0cUEfNDJs5t+y3dawwerAOc/ucgLrUe5b9MhDn0QYacRCVybzBFco7aacXZtR1P7euPa1BwJ+7Bv9+rxd2/JFce6j0K+HPfdUPdbW43xvOr2y1G1iIiISHQJDlfP0nV2AJhGxp2OdLVjO5vqD9HXP8jg4CD9fYf49XPbCR4LOp3cjGnAAL63z456dU09Z4BpTJ8XvH1eTgZpnKHHXKyq4LuLSe87QNUTXvNLwaqIXN2sX2wj/WJ8ZTADtyuwdiN4WM1Oe+7gAzzGt7MzXYkoK1TfcdZt6+U3HwVvnpyUzM2fSebmz0xksm37xx+d54fbfstrfaMYsPr2UO4u4dSG/XR3Hje/djC7ckmcQaGPU92jV9a4VdtIW8hGH/sbWi/L6UPCtzA/n86/f+IPfJ1hu+NnKWwtofvEUqux4x7K3VlkrtpDbJVa9a0P815EFi1wjLnWkR43ptdYyi7/z6Lx81hRWxK2puaG1jDHO8Le2pjLFxERERlzCQ5XoeNgD/2Aa/4y5jseO9/xCps2/ogfP/kj/vW5V+g479hh/jLmu4D+Ht4Yixn4+zZxsC8Nd/Eac/EqYF4Z985JY6CrObDIlYjItcIMCVY4f7GtLYkjOBgnfN2cSnQNw3T6RJigy5VN1RYjrBgXU8kvvMOzu/uwVzrps1N59jv5NH1/CVvXLGHrmq/S9L0F/HRmMpP8e13kx7vf4vcXRqeMts1emj01PF1kD5yzqeo8zraicRJCjxeeUio8dex1hmi+Vva25JHvGcuT+9i5KotFlbNswZszdDNCxxXdNRyy9jlQA/EE5e3ryXSE7Yc2wNrFweGpb/dqFlXCxgPh9omlVkNbTRaZi700x3oVdq8m013C1hj3N54U4e9l4qs1vuMary34uPvZiJdFcf+/IJuq+lKo3RQcYJeVUtHSxH7nwdob2erJIz+uc4iIiIiMnYSHq7y9j46+QUhzU3j/7aTG+rzU27m/wE0ag/R17KNr2AXYpvPbvr5nLlbV9LyXg30zyLUeK3Zz7qCXp+oCaW7T8wfoS18ccozqJx+ndF6E04qIXHF87Kw0QwKPLdzo3M9GD1QszUt0gTJufELXaz1BI1YnTf0S2x++g5wvOparTP0Ci4oX8uxM2z9JPvoLT712evTKaTnJkEezRheGG6no20O5ewlrW6C5cknwCL329WFGNRqBlj288rcUsKbf25/j32Zufz/O+sznhwaMoXVEdwvLluaxtcExRbulieayApaFFmUcP+woUnP0ZZigzQgQnaMyXazccpzuznXk+Ldl8/CGPNtoWiMU796yHH8s7lrO98sijXAMY8E6uh3BuqtoDRW0srclUPsvK1vJ31DDSpe1Tw0bPdY+sdRqyPEaf0/uKoulOHAVbTbD3Ah/n1r3gf09dS1nmxk0hwaOMdYa7h6KelzrtdmP62LlI6UQLhAdyg23hDlHIcvK7O+Loa2hjvylBcyO8xQiIiIiYyXx4SpnaXz1TfoGYcqclXz//oVBUwTDmryQ+/9pJe4pMNj3Jq80DbMlwL5Ntqn8wV/P7Qvs1vR85MdgPqXrFsPB0GMc7EvDfU8ZyldF5KrQ/iJrWwBK2WUPN8xf3quKXLiwTRMNCnTCTHM1f5mvbrdPLV3NTp8Z2Kzag88+fdd/PGegExxsGVNYbccJM101aDRZbYm5T7gpuIFjBE2JDdef0hl+hYRK0euOfD0IOYcxkqyVtYvtgZZ1fGcoaNbpDPB89vcl0rTfIWqO5M9d/NupT4M2eb5yI+kADPBuy2HWbTrAsy1nMPLXNG79Wjp32fZ/79S7tPw5hnMNIWdpKVDHimhTrH17KF/cxLIDganKu8paWVtpvoeu5Wzr3EEFkG+NeAz6GYhNc4OX8oZC8xybjeCufT2ZxXVU1FvnroFfOEY6DlXfgnXsChcwmiNON67Ojq3AlpPgKSA/KCA0WgKEfnjiY+eqJexdamu3UF9Kc6XXvEfM0YghQZtxvPwND9pCuchcmbOG3Gfm3JF+sDODufZRub5uTpHHMo/9HXYxOzN6iBtLrSP2/knj3ujuHtFMAWetvu4eAJpPjGwNA+M4s5gd7w+H9brsuruZubTUcc2PsLc2j2WezBHVKSIiIjKaxkG4CpxuYEv97/ANwpQ59/HPax/m3pzpoaNYU6eTc8/D/MsP7jOCVd/vqH+pYejRKGNp3u1kpA3Qn9AiRETGXltDHUDMoUisTv1iNYsqzcnjngKWWL+UtzTx6KrA9NiKpdkYYeASM+S1tIZM6TW2OfZr8fLomC3Gc4Rq59TfFvv02FjrjnI9RqK2hMziOse5s0KmH28tttcTe81O/Uf/xOuOba8ffpOHXnmPrtf+kwcO/4XWjy7ym8NdNPWaO3wulc8HPeMih045mrUOx4J1dNdbAWuEgNi1nG1W2GnKWV1D/nBG4EVVwNNee9B5hOriOijbYWvl4GLlBsdIwRjqy1kaGmT6WppojvcecuWxzN4aoP1F1raUsmzBGU4E3QvGhypBrRUWPGgb3QksKHSMCMUf+AYHl5H42PmLOvDcwsyI+xijTMnMjDvs9jM/OPL3Kg4X9GGGuBFHQcdS6ygwR94OJ9wPCK3VGjHb7Y0xiA+nfT2LKmMPzgPl7KG8uA7K1gTd44BxD9nua9/uTWz1FLCEK7eti4iIiFx9xke4Clw8uYufv7SXzg8HSZnyZRYW/YDHq3/Mj54IfP3E+wNWLPwyU1IG+bBrL1ue3cWJiwku/JiPc6Th9hQGbZ5X+ji56dDXVovWthKRK19gMZ/RXiypuaU1wmjAVppbAgufVC0wf7GGoLYExvTZ0KmjkGfrl2iMbLNGQOV4j5uBG1C2wxx5t274oXF7o1GX/1jHObShxj/CN566I18PzJDNaMNgf30x9Q61agua4mtdX+uYrZwwp6THd62DvecL/z/n46e6eODox3wMQDJfvyOL+zLMBz/4K32O/Q/1jlKyaQVSB2rI9wfL0UcqGyObA9djTJh9f40PDmJ6QuT6QoJMc4To0rw4QzgXS2ytAdoa6oYMywIjrc3WCf7Rj9ksc4yojSvwNUPPikciB4nGfRrH6NzQI5hBYw0PB/UqjnP0ZQy1jhujXKt/gbHiHjYeiOXvI+uDjsC9PLs+UrCbbWsNYI6ivhKusYiIiFxTxk24CsDpg7z8zHq2vPo7enz9DJJCSkrgi8F+fD2/45Ut6/nZywcTO2LVr5HnngjtufrNOR9yMKSFgIiIhAhZbCigot4eeForluexcUPgl2ujX2LodN2K+sBIP5enYGwXP1lQSAUYI0TNVgGuouVm7fHVHe16DJunhkNWcOHKY5k/nLWurzHlGeBUdyDEiLlmp0vRy5k0dTrbH1rCD/2jFwf4/Wv/hXOZrj98NMSB4mX1kLRGsoa0mrBNc4/QZ3JUvX+SZvKYe8NQO8ZSn9FH0//exDVCNJjL3xrAmoId/hhWqLqoocAM4K2QPiB4hG0cga9/NOOOyAu0+UdK1oSOeIxRW80S1rYE3+eGHk7Fmu3HUut4MQa1Wn1luztroDLSBxd2pbZFsIZehC/Hag3ga2VvSynLxvs1FhERkWtOcqILCHWRnsO72HI40XXEo5HnnmhMdBEiImPIDN9azPBtwSiGfxGn8zpDJ2tasjHycO3oVTAKsqnq3AHuErbWlpBZC0Z4uZmVrjjrHsn05lEzltc6mUe+ls2N15n/+ce32f7qu7zwl1E9SXQL1rGrrI4V3d34yIbdXiNgO7B52CHd8JmjT6Oc1xdjfS5PAfmVTez3LWeJOUL06eG8Hlce6p+s1AAAHUlJREFUyzxe9u6+hVOeAh4OdwzfHh6tNEZZRx2paB2rxcdKjxn4bhiiKN8eyhd7abZ/KOBk9qqlbEdsI7fDaKsx+hfbP4gBzMWVekL2P32iFTwFwdP+Y6l1vBjzWl2s3LKDE+4Sfr77wWG/LyEWFFLRson9LbNoLitk2+gcVURERGTUjK+RqyIiMm4ZCwNBc+WLQ4xKGivWojOB6fBBXyPqQTgazJXMbdPnjQWHxnvd4Yys5slTo312m8qNVisA3uHZ7ZGD1ZunhnRfHztDTlV3LHo0GswRz8Zo4SHEMpXelccys+fp6RPDaQngP5DRGqDSC1GPEcvIWONYzQ2t+N4/OXRLACsADFk4z8YKVkcQElrBav6G/aGjJl2ZzA5pf2G0Rgm6prHUOl5cSbWGMFoDrK2si6OFhoiIiMjlo3BVRERiY019p44V/oWaDG01WYHp8NYq1P7VrH3sXBW8cNLwGCGNMZoyeNqpr/3I8FfOjrrqtnO6PIFptXa+PZTbpsJa0+eNxW/GqO4x7Qc6sppvzPgskyI+ep5/euZ1PM+8jueZU/wmynFyMkYYAfn2UO4OM025fb0xYtHs3ejKnBW8GJQ/iLKLsFq82et07WZ7iwEve2Mq0OxJWum1LbLlY2dl8Lljq8+oceUjpTQ3ePm5Yzq/1Rezuj3kSWEZ93CU8DQkgPSxc5VzATTbsVqaePQXddED3/b1Zi/ZUnZF6IHs2706EKxGCAmjv1ajxYIVrIYfXWm2WLC9L8bo4VK+b+0fQ61jwrqn/S0tYhBLre3ryXRnUR7zon9HqHZnkRny/4IStsYUuscnZ3UN+aglgIiIiIxP47AtgIiIjE/ZVB2o4dRiL80tXha5vY7HN7Fz9WZW3nAL+RBhn5FxFa2horKVrdSxwh0ccFbUR+/bFyKkzvDBw8y5RsjYXLmEzMrwh2rbbARdzY6arNW4R7VuW4uGrcVZbMUKieI5RgxnGUnNt6ZT8dpfeOGTcA9O4pHl/4PiWWl81NPGY3s+4M1wuyVdT8GtScN/AQDk8XTnfvavWuJ4DcaIXP9U8AXr2FWWxQqrBYKnhkOdO/iluyToaDneHVS4S8z7xZqmn01VfSlbi4PbQXx/c1bYFeedcrzHOTR3NYv87Rfy2HhgBxWLbeeOsT5j30IqWkrY6qmxtQQILEgXe1uPbKo6N0d/vL6UzGLr58K4prs2Z7EizL7LylpZUZvHxogtAcyFpQDC3HOU7aDbC7+sNDvzhvn7xfo5iPpazcWcgDA/04HWC66izRzC+b6s8/dRHrrW7DAhuNdx7zivwRGq3fYPolr9x/b/zL1/0jie2dLCRWAUrqXZ/HvBqGNGTLX6uo02CMZiZEZh0Y+bTVXnfuauWuJ4H8YobHYtZ1vnaB9UREREZHRMyP/7wv9OdBEicnWoeqySpORkUpKTSUlJISk5meSkZJKSkpiYlERychITJ04kKSmJCUxgwgTjC/PPTz/9lEuXLnHhwnluufkm4zEI7Gd+b//T+X20bTJawoxQs8IEizVtF7B+2aYmixW1tl+8bT0Tg1eJto4fucek85f+ivrjPHyDD5fLZeujaAsA7b0G7aPdguqM8XxmyFPtLmGrvfagYxF2ZF20uiNfj3Ac74EVojivW9jXHf762qdJ20fzRa05ij/9vxaK2z7mY+cDU7/Evz84jy8A8CGNL77F+jBtARbm3M7PvjptiOsgoYz3d+/S0FGZvt2reZSa0euFGU9Vu1cbC19dpinpiXytIiIiIjJ2Tr79DlOmTDUyh6SRDcZImTA6C+gqXBWRUaNwVUQC/kTji+1hgtPP8tOH7mTRdcCFTn76Qi+vOPaYNPVLbH9wHumXp9Cri28P5YubWOb8oMC3h/LFJ/n+5ZzCHjh5xMB3bE6XyNcqIiIiImNpPIaragsgIiIiY+ALFJbM5eMdJ/hZUMD6V374wn7u+ptJ9P3hrxx3PGvS1Om8VKJgdXjMfq1lO9gWEqwagWsiwkarX+muLZcrWE3caxURERGRa4/CVRERERkb183gvgev48bdR3nsnY8573/gEq//IfRT4gU3zeZ/Ft1ktgyQ2NnaRIRrK+FazrbO5Ze/qt2rWVTZypj14QwnQa9VRERERK5dCldFRERkDH2OnCIPTX98j8bW92nq/SvttoWuJidNYlHGNL6R9xVu/WJK4sq8orlYueU4KxNdhoOraDPdo7zQmoiIiIjIeKNwVURERMbeF79MYdGXKUx0HSIiIiIiIqNoYqILEBEREREREREREbkSKVwVERERERERERERGQaFqyIiIiIiIiIiIiLDoHBVREREREREREREZBgUroqIiIiIiIiIiIgMg8JVERERERERERERkWFQuCoiIiIiIiIiIiIyDApXRURERERERERERIYhOdEFRJbK9JnpTHFlMH8m9Hb04jvfx+mzFxNdmIiIiIiIiIiIiMg4DFcn30Zh8V3kzHKRZtu8cKH5zYCPnrbX+XXTUc4noj4RERERERERERERxlm4OvPOB/l2YSZTABik3+fj3Lk++j6E69PTmXa9C9cUF7Nyv0Xl/IU0/O8XeeN0goseC3evoTp3BgNdv+Kpuo5EVyMiIiIiIiIiIiJhjJtwdWbBP7IqdwYpDPJh1+vsrm+mJ0wHgNSb8ikuugv3tEyWPvCPTHvpf9E4jIC14Ls15Kaf4eATm2gacvt8Std9C/e5A1Q93xj/yeI0zzUNgLTJGYDCVRERERERERERkfFoXISrqTnlfDt3Bin009O4nS1v9Ebc9+I7zbz8TA93PvAdls6aQe4/lNP37Dba4mzF2tRzhtz0Gcy6G9hnbS1kVjrANKbPA45Z2zOYkgZ9bWMfrAIcq/tJ4NQiIiIiIiIiIiIyLk1MdAEwh3u/6mYKg/QdjB6sBvTyxkvbOdg3CFPc/N09c+I/7b4e+oDrXfMD2+a5uJ4BBgbSyMgJ3d5/NbYgEBERERERERERkWFJ/MhVz13MnQZ8eJRXmmIJVi29NL56lLkP/S3T5t6Fhy5a4jpxL/0DkG6bej8vJ4O0vrc4yGJy7VPyZ04mjQ856x9OarYJsK24FdwftZDvPXk7/fU/4aynhtx0YKCTX6+vJeO7NeRygKoWF48Vu/2LdvUd9PKcNYJ2XhmPFbs5Z9tWEMvzbM+1LwZmCLQ6MFofBB4JOYaIiIiIiIiIiIgMKeHhqmduOikM0tvRQPDA0FRyvvFdCm9zGUHhgI+jTc9Tb5//f7qBjt7byM9Ix30ntLwRz5k7OHvuW7ivd2F1AMiYnMbA+V6afGfIzZ1FAdCE2QN1oBcj+jWC1YzTv6LKClPvXkN17tcpnddBnT+ATSPjnseZ0ual6vnAWTMA0hdTfU8nv37CyzHMsDN3DQX7gvu/hhjqeWawSpdVWyHfe3Ix6X2BXrHzSh8P7ik7r4zHimM4t4iIiIiIiIiIiARJcFuAuWRcnwKco68luGlqqqece61gFSDNxW33lONJte91kea+c0AK18+cFffZe88PQNpkI/A0+62e83XA6fMMWH1XmU/OzDQ45zP7oHZQt95rG6UK7Gum09lKAOD0K+FHhJqjWK0ctqmlkwHM/q/RDPG8eTkZpHGGNn9tjTR3DUC6ERSDESDT1xMIUo/V8tQTClZFRERERERERETileBwNYXkZGBwgA8dC1LdMTedlJDd08m6I3jTxXMDDAKpaVPiPvuxtt5AiDrPxfWcoWcfcOwtev1hqbmYVU/oYlbzSh+n+skaqp80WgSkTc6Iu4bLYuA8VsOFpp4zxgjYdWXMS2hRIiIiIiIiIiIiV7ZxsKAVkJKMMxq9dCn8riHbJyeHhrCxOubjHGlMmYnRV9UfQnZw9pwZloZZzMoKVb85s5dfP+Gl6olf0Tkw3CJGz7G6t+hjBjml1gjaQvLnpDFw+i3/aFf2baKqvpOBNDfffLKG6icfp1Qpq4iIiIiIiIiISNwS3HP1DOcvAmlppE4HzgYeeeNwF/mzsoJD1/4u3nT0VZ2eajQOuNh/ZhjnNxa1ynDNp2DyDAZO/yow5b7nDLk5LuY5F7OaV8a9c9IcC1iNF4309C0md863qH7yW4BzoS3TsVqeOgb+hbmKH6eUn9j6xYqIiIiIiIiIiMhQEhyunqXr7AC3T5tGxp3T4T9s6WrHdjbxdcoKbmd6Klw8+xaNL79CcEw4ndyMacAAvrfPEj9zUavJtzP9ejjXYzv66fMM5GaQPwvbYlaWAXrbxluwCty9JnixqiF1UPcft/NYsdsYvatwVUREREREREREJGYJbwvQcbCHfsA1fxmO5aA43/EKmzb+iB8/+SP+9blX6Djv2GH+Mua7gP4e3hhm1mn0IHXjTjP7rVrMvqvp6Y5p9WYrgcDiVebozzSuAPMpXVfD92wLZ1mLYPWEW3hLREREREREREREIkrwyFXg7X109M0hN91N4f230/XyW1wc+lmQejv3F7hJY5C+jn10Dff8p88zALZ+qxZzVGsanPPZk9tGnjs4i+pca+r9AJ31Xg56asgdbg2jZd8mDs6qIffJ0FoGun7FU20ZnG3rJCO3hmr/DgN01sc60lVEREREREREREQsE/L/vvC/E10EM5ey5oHFpKdAf9e/s+nlN3EOUg0yeSH3f+8+3FNgsO8AW55r4HS0/a8R80of55uT36Lq+cbgB+5eQ3XuNDrr1VdVxlbVY5UkJSeTkpxMSkoKScnJJCclk5SUxMSkJJKTk5g4cSJJSUlMYAITJhhfmH9++umnXLp0iQsXznPLzTcZj0FgP/N7+5/O76NtExEREREREZEr18m332HKlKlG5pCUNKJjpUy4NCo1JbwtAACnG9hS/zt8gzBlzn3889qHuTdnOqnO/VKnk3PPw/zLD8xg1fc76l9SsGqYT87MNAbO9w69q8gYihRqKuwUERERERERkatN4tsCmC6e3MXPX+rj/uKv4Z72ZRYW/YCFRYMMDgb2SUlJMb8b5MOu/8OvXz6oYNXPbGMwJ58COgLT/OeV8VjuDOg7oFGrIiIiIiIiIiIio2jchKsAnD7Iy8+8xaw7lvJ3d7qZ6ZqCP08FGOzHd7qTg/+3gcPvxNSZ9ZrS9LwXvhvac7XvoJentGCVjGP2af8icpW70E//hQu81/cxk9On8fnrUplyXcrQzxMRERERERmHxle4CsBFeg7vYsvhRNdxZWp63qvFqUREZJy5wLtvnuSXb5yj9ZPQRycnpfLtO918faGLKZe/OBERERERkWEbHz1XReSqFO9oVI1gFbkKfdDJs5t+y3dawwerAOc/ucgLrUe5b9MhDn0QYafL7gjV7izKd/tGfijfHsrdWWTWHBn5sSIaxXpFRERERCRmCldFRERkbPQdZ922Xn7zUfDmyUnJ3PyZZG7+zEQm27Z//NF5frjtt7zWN14C1lHy/kmaAbq7UfQpIiIiInJ1GYdtAUTkSmWNOo02+nQ4o1lFYtVWk8WKWqioP07VAvsjPnauWsLaFvOxG/ZQvthrBF6RlO3g0NxNLKpsjXpO41xHqHaXsDXi42P0OiI85uep4dCW5biinMOvbAfd3myMEZDhX0ssx/W78A7P7u7DfvUmfXYqPy1aQM4XbT1WL/6JQ68e47HTl/jY2MCPd79Fevkd3HpdtBNcQRaso7tzXaKrEBERERGRMaCRqyKSMApO5VqwtXisp4NjTjt3BKsALV4WuVezM2i4pI+dqxzBKkBtCZnu9bSNSkGf0PVaT9CI1UlTv8T2h+8IDlYBUr/AouKFPDvT9k+Sj/7CU6+dHpVKRERERERExpLCVREZc1FDVAWskgiu5WzrPE5353G6O/ez0WNsrqi3th2n25uNq2hz4L8P1JAPQCm7OgP7BY8eDX6su77U2FzbOEqhZTg+dlaao3A9NRwKeV2trF1sC03bXzRD2OBad5VB/oZCZvqyqXJsB8jfsD/wuoYatfrnLv7t1KdBmzxfuZF0AAZ4t+Uw6zYd4NmWMxj5axq3fi2du2z7v3fqXVr+PLIrY2mrySLTbfsKF3ZbfVHNr+r2CMepOeLY1wqvjZ6n4Z8f2g81/LHCnzesWJ/n2C+4J6tRV3U7+HavDlyfVXuM9gXt623XLVzwbgT1mSHXIkrZu1ebxw++XuF6xTrft5DX6NtDuXs1O32OOqz6gwSfL+T1BL3WMPeI/1yOusz9wl4/++sY1n1D6LGd19i3h3L3etrs74Wt9ujX0HFNYvkQyHE/hX2tUV5PpPff2C/4fVT/YBEREblSKFwVkVE1ATMsDdMiQCNV5Zqz4EEz4Ozh1FjlBPawNCj0dLFyixWw1rHXDDl83T3GN2WF5NgOk+M9zraibFxRU9PY9B/9E687tr1++E0eeuU9ul77Tx44/BdaP7rIbw530dRr7vC5VD4f9IyLHDrlaNY6DG01WaxgR3BIXlsSHPr4jDYR2ALkZQ0RWiPUlpBZCU/7A+xW1i7OItPdyDLzuYc25LG1OIZRwEHHMoLsmJ4Xa73t68lc3MSyA1ZYvoPZlUtCQqutxVk8Sk3g+rR4WeTOIrOh0BbU17EiKHwz21BgC/TrZ7F2cQwBcYuXRY7r1VzpDQoNjbYVtg8ADtRwqjhc4NbK2sVe2BB4jRUtXhbZQz/fHsrdJWwtC9wHhzb0BF5P+3oyi+tsH67sZ2N3SZiQ1niv9y61fXhSW0Km23b9zPM/6qxzmPdNW00WixoKHNfYGWL38PNVtmvgzSYwQt15Dc3jm9cE52uOFrC2ryfTcd/tygy81pjfM8f7b9z3WWS6ba+hvjTknhAREREZrxSuikhCKGiVa0srJ94fmyNHCksNLpYszQNga4MRmrg8BcYI3Npw4dHoeM93Mez246e6eODox2Zv1WS+fkcW92WYD37wV/oc+x/qHXl1OV4rbDK5lvP9ssD18I/89dTwdJHL9rwdVIQ7YFC/Wev65rHxwDr/9TeucSDQjsjRuzZndU0Mz4u13iNUF9eRv6GGlf7dsqmqL6W5oTXofc/fsJ9t1rFceSzzmLX5r5v5Om0jsH27vaxtcQT6C9YZQdkvhrqvStnVabteRWuooJW9Leaz2tezojb4muJaztMb8miufDEkfK6o3xzyGmlpYr8v+Hodst0HrqLNgR7DxXXkb9hvG4XuYuUGI2T+peO9COp1vKDQuOZlOwLXj2yWlRFyjYd131jXYYPzGtuuFQCtzH7Efg2s9yf0Gm7rXEeOdU3KdoS+5oij7I3rFPxarQ9lXHG+Z8Hvf87SUvPa2l7DgsLge0JERERkHNOCViIy7ih3lZHaWpwVfUGmy8QIOABKWRbnolYQ2+s4fcJYMip/7oywj7syZwGt5kr12bhcy3l6Q5OxUFeLl0VuLzC8hbciuhT94UlTp/NSSTY3+hesGuD3r/0XzqXD/vDREAeKhzk60c9jXg/OcKIF8jfkRW91EIFxfXtGq8oYxFhveyNbyWOjx7HXDbeQ33KS0xDh+S5mZwLd0Q7uY39DK3gKmOl4JGdpKRQ3sd+3PCjsi0dbQx1QymzH843w0cve9nXkRLtXb7iFfOrMDzRa2RvterU3shWoyHSezAiZ1zYcoWpBdrhnAjOY64ntNTnFct+0NdSBp4YljtJmzs2j+cQZIr2Dgfcn9LnGw8Y1qXjE8bpcmcymiVM+yHE+z7pOS8NfixG9ZzfcYrZcEREREUm8srKyqI/X1joXr1C4KiJjKLglgG07Q6enGtkqV6Y6VrjrQrbmb3gwzKjSxHEVbaa7yJrGa2zbWpxlTJv2RgqSRksyj3zNFqz+8W22v/ouL/xljE7nD1WN6co5mK/bCg993ZwCZjvDtYQzp93bFimrqD9O1Q3x1GtMPV8bsj2PZeECtHhlZkaI98yR2iM5vueWkODWcqrbBwuiHNyVyWxrvxuMTdGvVx5zb4jwkPWhxNAVjw3bByBBPAVD1xXx/TFE+vCmIuJ7F+U6wcjeMxEREZFxora2NmLAGi5YBYWrIiJyFQodhRkaVF0eeWw8sHnYI/hieR0z5+YBrRFHsvnbBoQJWowp8wQCyNoSqpeOfATr5KnJRB6+msqNVisA3uHZ7e/ymwh73jw1dWSF2KYyDxUaj7/wx8XKLcdZ6dxszpKOrd6R3X9Dihg8DhHCxSLK6Nohg+UwgXn06xUlDB4ioBxzjtYRcRkiGI5/tPoQoflI3jMRERGRcSRcwBopWAX1XBWRUTbBv57V5VnISiNcZXyxLebSeZzuzjEMtkyBHqqbwiz+coRfVhqT7SNN5wX8vTLBDKFG6MaMzzIp4qPn+adnXsfzzOt4njkVMVgFyMkYnYsX9bWb07+NcPoKEGu9Y9qz0uwZaoZpdsZU9oLw09FjZPTgDF0EztfSRHMMLTaM/cyA17pezh6oFrNvash9b02dj3bvjLGcpfbesfGw3p8IzzWvSaDvcAzM6xTpOSN9z0RERETGG3uYGi1YBYWrIjKawgSdzpB1OGGoAlSRKKwFiGhl7WL7SuM+dq6yVpAPhBu+3avJdDtXdD/CXvPfC6MywuzWdCqSIj04iUeW59Lyg7t4bfnnWRhpt6TrKbg14kFiZPTEtAdC9lYIBmuxppKga9JWUzIu+vaGirVec/GqyiXB77VvDzuHWmgrliqKatjoqWOFfVG09vWsqIWKR8yRlr49lLuzoq9AH465aFPQ/ezbw6OVrWFbbAQtoOXfz1rIy8XKR0qhJbCqvVWrcV3CXafAIlgPJzIUDHcdAN/uPREWnQqwFglbW2lfXOwI1TVHCCxeVUK5/ZpwhJ3+//axc1UWmW7r3Nk8vCH0vvPtXm98qBPneyYiIiJyJaitrR0yWAW1BRCRMTBWYahCVpFwXKzcsoMT7hK2hu35al/BOzCSNWy/xVELk2ZScFsPW9s+5mPnQ1OncdesNAA+M+sm7pr6AW+G6be68LZM5oy4DiNE2ru4hEzz30QV9cc5NHc1ixpsexVtpjtzPZm2a1JRv5+N3UvYO+IaRl/M9S5YR/eBWyhfnEWmf2Me+RsyWRlxkaaYq2Dllv2waomtJ2geGw8cD4zWfv8kzTCsvqU53uPsIivofo40jb1iKTzqzjLOBeRv2B+0on3gOiwhs9LaWErFhj34FizHtWAd3fUEXc9YWklcDjle8351ZwU2evLYmLk8+qJeZFPVuZ+5Qe8PVJTVsNOXzUrXcrZ1ZlLttl8TyC/bwRJc/oXerNGoOa7w9x2eUio4AkXZcb1nIiIiIleTCfl/X/jfiS5CRK4OTzz+GJNSUkhKSiI5JYWUlBSSJiaRlJREUrLx58SJE5k4YaIxinXiRP9o1gkTJvDJJ59w6dIlLlzo55abZ/nDVOefkbbZKYi9NlmjEqP1Ko3vMftueyhf7KWZUnZ1rnOMxDpCtbuErWEfu1yvI8yozIj9Gq16A0ICKccxIz0e2Z9ofLGd9SHB6Wf56UN3sug64EInP32hl1cce0ya+iW2PziP9DjOJtcg82dytgI8ERERkWvGybffYcqUqUbekDSymW4pEyKtExEfhasiMmp+VOUlJTmZpKQkUiZNIjk5OWy4mjQxyQg/bcHqhAkT+PTTTxkcHFS4KnK1uHCGf99xgp+FBKzJ3PU3k+j7w1857nhk0tTpvFSSzY3XXaYa5cqlcFVERETkmjMew1W1BRCRURcSgsaxuFUsoaiCU7kyBUadRjSSlcHHo+tmcN+D13Hj7qM89s7HnPc/cInX/xD6D5kFN83mfxbdxBcuZ40iIiIiIiIjoHBVREZVtOBToajItehz5BR5aPrjezS2vk9T719p/yTw6OSkSSzKmMY38r7CrV9MSVyZIiIiIiIiwzCOw9VUps9MZ4org/kzobejF9/5Pk6fvZjowkQkAvtUfWeQqmBVxMXKLcdZmegyEuWLX6aw6MsUJroOuXq4lrOtc3miqxARERGRa9z4C1cn30Zh8V3kzHKRZtu8cKH5zYCPnrbX+XXTUdv0QhEZD+z9UwEmMCFy0Bpmu22PEdchIiIiIiIiIjLW/j9pisdIFz81EQAAAABJRU5ErkJggg==" height="600" width="800" />  </system-out>
</testsuite> <!-- testcases.SystemInfoPage -->
