<?xml version="1.0" encoding="UTF-8"?>
<!-- Generated by org.testng.reporters.JUnitReportReporter -->
<testsuite skipped="0" hostname="LAPTOP-JEI8AS0O" name="testcases.TestCase1" tests="3" failures="0" timestamp="2021-05-22T13:40:49 EDT" time="0.011" errors="0">
  <testcase name="Test1" time="0.005" classname="testcases.TestCase1"/>
  <system-out/>
  <testcase name="Test2" time="0.002" classname="testcases.TestCase1"/>
  <system-out/>
  <testcase name="Test3" time="0.004" classname="testcases.TestCase1"/>
  <system-out/>
</testsuite> <!-- testcases.TestCase1 -->
