<?xml version="1.0" encoding="UTF-8"?>
<!-- Generated by org.testng.reporters.JUnitReportReporter -->
<testsuite skipped="0" hostname="LAPTOP-JEI8AS0O" name="testcases.TestCase2" tests="5" failures="1" timestamp="2021-05-22T14:12:14 EDT" time="37.300" errors="0">
  <testcase name="verifyWelcomeMsgOnLoginPage" time="3.922" classname="testcases.TestCase2"/>
  <system-out>
true <img src="data:image/png;base64, iVBORw0KGgoAAAANSUhEUgAABVcAAAJXCAYAAACXAGQHAAAAAXNSR0IArs4c6QAAIABJREFUeJzs3X9o3Hee5/lnZ1KCQ9qekXfnSgMjs6TMdOluUBFaYgaLayQ6kseuYrsj6ESzE/t6Zd8Qu6PIJPbd2v4j8YHtHazOSO3ECodtFivc2LlDnmuqnLHUINGLDIM0hBL0qjprNbNSb29VTyPNBImZVfXG90dVSaWfliu2S06eDzDIVd/v5/v+/pAhr3y+789X7t+/fx9JkiRJkiRJ+pL49NNPH8k4zzySUSRJkiRJkiTpS8ZwVZIkSZIkSZJKYLgqSZIkSZIkSSUwXJUkSZIkSZKkEhiuSpIkSZIkSVIJDFclSZIkSZIkqQSGq5IkSZIkSZJUAsNVSZIkSZIkSSrywx/+kB/+8IcP3M5wVZIkSZIkSZLyikPVBwWshquSJEmSJEmSxMZh6lYBq+GqJEmSJEmSpC+9rULUzb77yv379+8/roIkSZIkSZIkaaf59NNPH8k4zlyVJEk7z9Rlvt3aSmv+z5t35h7PcdJxugrH6YqTfjxH2W4xxLsK59xFvLzF6DFJ9q48173JclcjSZKkz8twVZIk7TBLjA3GWSz6ZHJonMcUr0qSJElSyQxXJUnSzrI0zuhoFoBAIJD7bPImozNlrEmSJEmSNmC4KkmSdpS5kUFGAagkduwQQQBmuR6fKmdZT0ANsUvDDA8PMzx8iVhNueuRJEmS9CCGq5IkaQdJczc+mfsx0ExTbC+xXLrKYnyQsaXyVSZJkiRJaz1b7gIkSZKWzdxlMJX7MdDUSB27qW6v5Wr/LGRHGRw5StO+XeWtUZIkSdIXxscff1zSfs8//zxguCpJknaQqfh1ZgEI0NTcSAWwuyFGLf3MApM3R5nZ187ubY84x9SdG1y/NUpyep4sASqDdTQdPMrRfXuoesDe6XgXB/tSQJjugdyr+unxG1y9McjY5DxZIFAZpK4xRsfhDhqLXuVfuHeH61dvMpScZTELBKoJRdo43H1k1XZFRyPedZC+FKuOt2UtyTgD128wPpVhPlcMwbomOg4dJBZ5VH0FFpgZHyU+GOfu9AyZ+Wz+8wDVwToisRgvt7WwZ5PMe23dzQt36O/rZyS1SLZQ75HDxOrWDlC4d3eZmsnkr2Elwd11NL98mPaWPWwvZv989T+spfQ4g1dvEB+fIrOY3cZ938ZYyanlugPVQeoaOzh0sI1ITcWm+z7ZZ3e1uXsjDN2Mr1yDQt2RGLGDMVp2P+g3T5Ik6elhuCpJknaIKUaGFnM/BppobswHR7ubebm+n55JYHaQuzPt7N5Oujpzh7dO9HB3vvjDLIuZSYZ6jjIy1M21kw9R3tIM8TdfpW8yu+rj7GKGydGrTI7FiV54n+MRmLp8gjdvTbNqy+w80xM3OX1wiGjPNY5HPk/AlGbkrdc5v/rkILtIZnKIvhNDXK7v5tr3Y3yeiHXh3iBvvd7PmlMuHIz5zCSjVycZvdrP3tM/4GzL1kdbmo1z6q0+UoXx8vWOzBwmVreN42YXyUxPcPP8BDf793Ki5yz7tngWHnX9W1sgefkEpza7752jRC+8T8u2xppj7OLrnBvKsO4SzGeYHOrjxNBlQi9eoOdY5IH/k+CJPbsLSa6cOMXN6fUXPDufP9boda7u7eb82X0P8T9JJEmSdq7fePvtt98udxGSJElLY/8X/+fw3/IZUPmtN/jf//C389/8D+wiyf97NwMs8slvNNLR+NtbjASk43T9b3/Ox4WstjLMC8f+lMPf2s/z//K/M/fJf+GXP7/L6NQ/kP3Vr1gE+Bd/SPuB31sVVC188hG3/vpXwD/yyX/4/xj9z1kI1NLwrX/Ddw99i//l97/KP/7tNL9Y/Aw+W+Q/jS1QMfcu52/9gs+Kttv//L/gH6Y/yW3HP/GfRjKEvvMNdv9GcdELfPLRLf76VwD/gj9sP8DvVW1Uy2/wD1Nxbn08D4FKwt84xHf/9DvE/uD3+eo//i3Tv1jkM+CzzF8zutDIdx50rba4hm+++i4/yedkgVAz3zn0r/mTb+3nm998nn/5G0v8auYXfPoZwD8x+x8mqGj+Fr//m6uHWan7H0j++C6/zAYINnyHo6/9Cc2//1X+8Re7+VbXC8vXYiHZS2f3/81//ix/3GAD3zryXQ59az9/8Ptf5R9/Mc0vPv0M/mmWux+Ns+ubq6/To65/exZI9nZy4oe/IFd2gNqG7/Cnr/1J/r78gumf/4LUSJIZfsWvfpXb6/faDvGH6/LcNPGu/5U/++tPl8cKNf8bDv/pd4h983n+5X+f45P/8iuyn33GfGqIobkI+/+whrVzWJ/sswssJOntPMGtXyzfOBpe6OBfH15f9+LsXT4a38U31/y+SZIkPUn/7b/9NwDS6XRJ+//O7/wO4MxVSZK0IywxPjqWny1XSVtL3apvd7W009wzySj5ha2OnKFp0zei5xjpu7w8O7K6+W3eP9O08gp5YyP7OuYYO/cqb4+mtlnfIvPzEAgf5f1LxW0JGmlpbuTiK6cZWgQWE1y9BYHQi1zoOcbKBL9GGvfFiHd10pfKQnaU0fGTNG1+ElvIkEpBIHyYH1zoYE9ROtXYEuPQeC+dpxPMA/MPvFabmePOxcIM0wDho+9zqX31PMPGxn10nJxhsOtV+lNZYJYb8Sk6jtVtNCCQJZsNEO6+xqXlfgeNtMSKDzvCuVO52iFA+PAPuNBR3L6hkZbYMWbib/Jq3yTZbIq+1y8T+vAYq4/6OOrfwtR1ziXys4gDYQ7/4AIdRTemsSXGoXs3OPX6VVIPeOSmLr+ee0YAqpt5+/0zNBW1LGhs3EfHwji9r75FIpNlPnGKc5EPuNCyWV+DJ/HszjFy7hQrl2CDZ7NxHx1zY5x79W1G5yGb6uP13lo+OB5ZFwxLkiQ9TZ4pdwGSJEnMjTA4mg+Ugh2rXhEHoKKR5uZA7ufsKIMjc5uPNTPKwER+rNrD9BQHq8t20XSmh8O1D1NkPd1nN+j3WtXIyx3Bog9qOXS6OJwqqKGto2n5b+PJ6Yc5+Aa1rA6vVso5xOH6/F+yY4xPlTD8zCg3J/M/1x7hZPtmL3Dvpv1YjMr83xanptny//tXxjgW2/zV+6kbfRRuXWXb2TXBatFRY9/n+y9W5/4yf4srd9Y8D4+r/g0tMTYYXw6Em8+sDlYLqvZ0cOFMM4Gthpq7w5VbhVYPYY7+YHWwujJYI8d/cJKGAECWib4bbH2bH/OzO3WDvpUbx9kLGz+b7GrizA+6CecvwnziCkOlTRSRJEnaMQxXJUlS2c2ND7GchbXv3aAXYwVN7Ssh2OTNUWY2GWvm7mB+USxoOBjboq/jbtoPN2+/yOZ2NpscuDsUWflLuJ3mTQ5aEaojlP95cWlp+8d+iFpgF3WNhcBsw2ajD7S0BMFQkGB1gPCG96NIbR3bnuvZ1LjFtknuxPN9HKjn6OHGLV8Zr+s4TCFDnozfXRWKPrb6N7I0zmjhfwxUxmhv2rzqqqaDHApu+jXpu/Hl34PKF4/RvlUL2F0tHIrlfyMW49xJbrHtY352p0aGWL5zRw/TuNWNq4lxrFA3KQbvbvabLEmS9HQwXJUkSWU2w+jyNMN6Xt4s3alroa2QycxeJ77hVL05Jscy+Z9DNNZt3dGxIrKXhm1WGaoLbf76ckXRfMRQ7RaLSFVsPXPxUdQCVFRVf67xK/a0c+H9D/jgw9tFr/BvomoXW+SFq4TrtpgqPDO1PGuVUBORTcPjvF11LGfIqSTTRXnf46p/Q1PjjBV+3jI8BthNZG/lJt8tMZ1c6RnQ1PjgyDcUacz/lGViavOQ8vE+u2mmJgvRapiWB944qGtpW/4fJbPj0yw8cA9JkqSdy56rkiSpvGbuMliYalrfRuOm2UwdsY4gt67mFraK30lyrC6yZptZ7i2/sRwm9KDF36tqqK2EicUHbAcEdlBjyEBFeYtZWkgzMz1FavwuI0Njy7MtH6SmeovgLTNLIRanconZ8fHlGcgbmyv6forZNGx3+flS69+witnp5fnBW4bHebV1dXBrYqORyCyfUBDmxhkff8BgsyvtEDLTsyyxe8MQ9fE+uxlmln/nQtQ+6HcO8rOFbzEBMJthDlzYSpIkPbUMVyVJUllNxW+shGqTPbzc2rOt/bJDccaORdYv1vRQb8JXs7sW2Ma6VruD20mNnoxQ7YNnBz4qc/fGuTs6xMjoFJmFOTKLpbUaAKis2jzlS2eKZl5OXuX0QyWeGdLzbBiuPsr6N/KwzR2qdm02T7Y4pMww1HOaoYcZOD3PHGw48/SJPbuVFdtbnKp4tnAmzSa3TpIk6alguCpJksqouM/mQ8qOMjhylKZ9TyZo3EkzV5+IuXEun36LW9ObhZEBKoN1NMZqmbua+FyzPx+Lp73+R+hL9+xKkiQ9QYarkiSpbJbG4gwVsq/aBqL12+h+mZkkMZF7f3ry5igz+9asgh7goWavLj3aiYxfDAtJel89TaKwcH2gktpIE/WReppCuwnW1VJTVZWfpZik9xGEk7uqayhMIQ4evsoHHZ9jLuMTrP+hc8tNH7hqaoKQm8bdzNuJM+tnZe90i0vbm8k7N8tK9449n6/nrSRJUpkZrkqSpDJZYCw+ms9BAzQfPsvx7aRJS2MsRt9mFPILW7VzbHntn1r2hMhndCmm0xDZ8o3oWaant/r+y2nq+lvLwWQgfJT3L7Vv/tp2uigo+xwqdlVTCSyydf/Q7XiS9e+qDREgRRZITc3CAxbQSs9udrRdBGvJh6sP10O2vILsDkHuIm7ndw6Yvbdyzasq7bcqSZKeas+UuwBJkvQlNTdGvLCuT6CJ5sZtRmkVjTQ3F9YtXyQ+OFY0W24X9U2FeXDTjCXn1u2+SvFK78qbYmSo0KohyKGTWwSTAJl7jyRcJRShsXBbx0YZf+AUyCkuf/sAL73yCq+8eYXkwsrnT7T+ukaaCj+PjTO15cZzJMc2O1oVocbCglgZhiZmNtmuaLQ7b3Lg26/wyiuv8tadB2//eNRQV1+Z/3kbv3PA1Njo8uTy2saQ4aokSXqqGa5KkqSymBm9ufwqdqAt9hCvQFfQFGujkMNlR1cHcbv3tlOIqCb7rzK+sHb/gjlGrscpsePrF9gSS8sXpYqKLe9LmviVoYdbQ2wzFY00N+XvanaUvitbx5Tp+GXii1nmMxky87uoXk7onnD9xWH/4i0uD6Y333bqBle36D+wuyG2/OzOXulnZKuccinJ9auTZBczZDIzVFSVb8G1upY2CvHq1r9zQDrO5eU+y7XEGp6K6bmSJEmbMlyVJEllMMNEfDb/c4C2lsjD7R7ZR6yQ5jDKYHEKtTtGdzT/5eIQb526wb11Yc8CycunuThhw9X1atkTLvw8zY0bSTbMypZmuPPW6/Sliq7h9L3cW+0lqaDp8DHC+Zxy/tabvDl4b8NjLyQv8/blVD4UrSTaHSuanfqk68/Xnf9bqv91zo1tkIrO3OGtt24xv/6bFbtjdEercz9nJ7j4+kU2GgpmuHPu3EpP2fAxDpezQWtdB90NhYB5s985YG6Mc6/3Ubjk1dFuYmarkiTpKWfPVUmS9ORNxbleyFYrY+x7yGwV6mhpq+TWrdwMuNULW1UQOXKW6N0TJOYhm7rK0ZeGaGh/mfbILhYy4wzdiDORyQIBAoEsWTPWIrvY297A5fMTZIH5xAleSjXTHttLJFgFCxmSd+8QH0uxmAUC1VRXzDO/yEMtJLahmhhnTo7z+vm7zJNlsv8oL10P09QRoy20C+amGYrfYCy1uHyo6uhZjkSKg8Uy1F8T40z3HTr7UmSZZ/TtVxgPt3CkvZlg1RzTQ7e4PjpNFggEAmQ3feByz+6LqTe5NZ0lmxni7ZdHqG2I0d7WSLBqgcz4EIPxCWYLQwTCdJ+JUb55qwC7aDlzgWRn8e9cnIaWGM3NIXYxx/RQnBuFaw4Ewoc5fyRScl9dSZKkncJwVZIkPXFTI0PLr+NXtrVQt+XWG6uLHaL2Vj+zsH5hq6oIx6/9gKoTb3JzOgvZWSZu9jBxs3iEAPXdZ2m6c5r+1Oc4mS+gXS1nuJB8lVOJDFkgOz3Kzb5Rbq7ZLhB6mQs9R1jqb+X0EGx7QaMt1LSc5f2qy5x+6xbTWcguphi9msotYLb66IRevkDPkci6np3lqL8mdolrlW9x4uJdMtksi6kh+s4PrT5eMMqFw3DifGLzgarqONbzA3ZffJvLdzNkyTI7cYu+iVvrr0BwL93nz7KvvMlqzrrfuQwTQ1eZGFq7YYDg3m7On933dKzXJUmS9AC2BZAkSU/W0hiDyz0XK2lrKSVaBXY3ECs0qFy3sBVQVceR928z0NNNW32QykKT1kA1oYaXOX31Q74fq3Xm3IaqiBz/gA/7T/BiQ4jg8sWDQHWQ+ubDnL56i9vvHyFSBXUNDflvp4nf/fwLK+1qPMb7twfo6X6RhlDRvSNAZTBEw4vd9Azc5v0NgtVy1l/TcpYPPrzK6ZcbCFUvP3BUButp6+7h2gfHiezaxkBVe4id/YAPr57mcHM9weqV+glUE6xv5vDpq3z4wVn27aSEMv87d7P/NC+vu+6F+/aXfGCwKkmSvkC+cv/+/fvlLkKSJEmSJEmSnpRPP/0UgI8//rik/Z9//nnAmauSJEmSJEmSVBLDVUmSJEmSJEkqgeGqJEmSJEmSJJXAcFWSJEmSJEmSSmC4KkmSJEmSJEklMFyVJEmSJEmSpBIYrkqSJEmSJElSCQxXJUmSJEmSJKkEhquSJEmSJEmSVALDVUmSJEmSJEkqgeGqJEmSJEmSJJXAcFWSJEmSJEmSSmC4KkmSJEmSJEklMFyVJEmSJEmSpBIYrkqSJEmSJElSCQxXJUmSJEmSJKkEz5a7AO08P/vZz8pdgiRJkiRJ0iPz3HPPlbsEfUEZrmod/8GRJEmSJEmSHsy2AJIkSZIkSZJUAsNVSZIkSZIkSSqB4aokSZIkSZIklcBwVZIkSZIkSZJKYLgqSZIkSZIkSSUwXJUkSZIkSZKkEhiuSpIkSZIkSVIJDFclSZIkSZIkqQSGq5IkSZIkSZJUAsNVSZIkSZIkSSqB4aokSZIkSZIklcBwVZIkSZIkSZJKYLgqSZIkSZIkSSUwXJUkSZIkSZKkEhiuSpIkSZIkSVIJDFclSZIkSZIkqQSGq5IkSZIkSZJUAsNVSZIkSZIkSSqB4aokSZIkSZIklcBwVZIkSZIkSZJKYLgqSZIkSZIkSSUwXJUkSZIkSZKkEhiuSpIkSZIkSVIJDFclSZIkSZIkqQSGq5IkSZIkSZJUAsNVSZIkSZIkSSqB4aokSZIkSZIklcBwVZIkSZIkSZJKYLgqSZIkSZIkSSUwXJUkSZIkSZKkEhiuSpIkSZIkSVIJDFclSdKOM3X527S2tvLqYHqzLbj87VZaW1tp7Yqz2VbjF3PbnBtbKqGKNPGuVlpbu4hvdgBtX7I3d796k+WuZEdJx7tobW1lp1yWZO8jeObTcbpaW3fUeUmSJD0uhquSJGnHqWtqJgBMT02zYSw6k+TuYv7n1BhTCxttNMX4GEADeyMVj6dQSZIkSV9qhquSJGnnqWukCWBsnKkNvk5PjpEhSHNzGJjgbnKDCDY9zdQiEG6iruqxViuVrCZ2ieHhYY5Hyl1JTuT4MMPDl4jVlLsSSZKkp4PhqiRJ2nkqQkTCQDbF9LrXkxeYGktBoIHYy00EgbHx9RHs0nSSFBBsqsecSJIkSdLj8Gy5C5AkSVqvhvqmIKSmGZ9aoL2maOrpUpK7E0BzI3V7drG3Em6NjjF1PEJd0QhT42NAJXsju1cPvTDDyI1+BuJJZhezEKgm1HSIE90x9mx3huvCPe709zMwNkXmgWMscO9OP/0DY0xlFskSoDoUoe1wN0caV8e+6XgXB/uge+AS9VMX6esfYXI+N3597CRnjjWyiznGr1ykP19/oLqe2MmTHGvcIEJOJ4kPXOf6yCTzWQhUBqlr6+bkscbPHTgne1s5kYjSM3yIpSsX6R+cYDYLgep6Wg4f5ei+PWz3cqaTcQauX2dkcp4sASqDdbR1b3JOwMK9O/T3DzA+lWE+C2xxTSHN+JU+rg4lmZ7PQn78po5DHI5F2LV+dGZGbtA/ECc5W7hfTRw60U1s2w/ISo1jUxkWs+SekUgbLx/toGX3yji5e54i2rN29mr+ubm6+hk4eayCG60nSIS7GbgUy93HdJyu3IPDpYZZLl/sY2gqw2I2QGVthNjRkxxpXH+mG8nd1zDdA4XZq0l6W0+QiPYwfKSSeF8P18emc8/TZve6ppYQkCLMnuC2L5kkSdJTyZmrkiRpR9od2UslkExOr/5iapwxoGFvhArqaGoOwOJdkjPFG80wNZEFGomEij5Oj/BW52HO35wgvStCWzRKW6SKmdE+jr60zUV80nG6XjpKz9AUC/kxmkNLG4+xcI8bXS9xtGeIqYVamqJRom0RqmYmuHn6IC/1JlnfLnaeOxdf4dXzI8yHWohGmwkxz+St07zaG+dG1yucHswQbGoj2hymYmGSW6c71y3atTB1mVc7T9A3NMVSqJloNEpT7QJTt05z8KVekhv2qX1Y84z0vsrpm0mItBGNNrN7YZKhnqO89ObmC40VVcnU5VfpPNHH0NQSoeYo0WgTtQtT3Nrk+qTjXbx0tIehqQpCLVGi0ShtDTUszUxw83QnXatuQJp4VyenbyZJB5uI5q//roUphvpO8MqpEeZWj87IW50cPn+TifQuIm2F+zVK39GX1oy9xVkle+nM11iXr7G5DmYmbnL+cCeXN+p1saaO+Jv552YpRHP+OZ26dZrOritMb7JXdvwqr3aeJj5fS1Nb/rrMTnDz9CucGpnbZK9tmo1zrvMol8cDueuSf/aGeo7S+eATkiRJ+sJy5qokSdqZQhEaucXoxBQzRCjMP50aGyVLmKZ8I9W6xiZIjDI2maZjd37W4twkYxmgYS8ra1mliZ87z935AOHDP+BCx8psu6PJXjpPJOh7/TKhD4+tmgG72gyDp/tIZatpfvt9zjQVZgMeJx3vorMvxeX+EZrPtlDFEskrp7maylIdPc+1440rs/uO3uPGqde5mjjFucgHXGgpnlWYITUV5ujVD2gvnPShBt58uYfJRB9Xw0e5ert9+XocGb/IK6eHGI2P0d3UkjvGUpIrp24xvWmdCU6di/DBhZYNZm4+jLskhsIc7r9GR2FW5/GDDHa9Sv/kZfpG9q45t9WWklc4dWuabHUzb79/hpUyc6Fo39rrM3eHi30pstVReq4dJ1I0XfJkepCug/2kbowyE+tgN7A0dpW+VJbaw1e51lE0g/nkDDc6X2Vw9i7JuRYKw6fj5zh/d55A+DA/uNCxMgv5aJLezhMk+l7ncuhDjm3+gAAzxC8mmA808/aHZ2harvE4C2PneOniFBPJKajbfJB0/Bx9k1kC4W6uFWanAidnBul6tZ/UJvtN3x0jfPQqt9tXzvVo/vmYGLxLuiVW+ozlyVGS0fN8WPQcHy9c8/gdksfqWJl4G2R3CJiuotJ+x5Ik6QvOmauSJGlnqoiwtwHIJJlenr44Q/LuIgSbqK8pbLaXBiA1NrU8y3FpKtdvNdxUtxJoTg1yJQXUHuFkx+rXmKsixzn7YiXMxxkc22BxrOUx4lyfBfYepbtpdWhYEzvJodpKdk1PMbUELIxxIzEPlVHOHGtc/dp01R46Th6hliwTV4dYNekWCLQdob24m8GuCC3h3I/NHTGKv6qK7KURYGFx+fznRq6TWIRAczcn19V5lu56yE4MMLr2wCWoPXJyJVgFYDfthXMbvLvF7NU5Rq4nWCRAc/dJVpdZQ+xsN/VkmRgYXb4+c8kJMtUBwoc6VgWruV1ChAAyaeYL28/njl5dvXbj3XRcu82HH5xhJfudYjD3gHDkZMfq9g5VEY6ffZFK5okPjrHFEwLMk84AFdXsWnPYqqYz3P7LD7jWsVU6O8PojRRQT/fZNWHo7nbOHAtvvmugjSPtq9tgVDW20QyQukdmy7ofJMyhjjXPcc1e9oWB7DSza250RQAguO4aSJIkfdEYrkqSpB2qirqmMJBkuTNAOjcjtXLvykxWqupoCgMTd0nmU6/p5DgQpKl+JZqaSd5lEQjF9rKmCyuQnwFLdsPFsQrS01MsAuHGyAb9RHfTce0v+eCDYzRWANNJkgBNTUWzZ4s330ssBGTGmFzzxnZo00aVYSKhNYNVVFG56oMlpiYmAWhpa2L9oXcRaQoBs4ysPfBDCxHbu8HV3N1AWxBIJZneLIlcmiJXZgttTRtcoF0RcmWOLF+fXS1n+ODD21yK1cDSAgszU4yP3+FG7znefOUthtYMUROOUA1M9rzCq+ducCd5j7nN6plJcjf3gLDRKVHXSBOQHRtn65fgQ0T2BmDxFm++corL8RGmZraOY1cpzLoOtxDZYNJvTUMLofUf5w+9h9p1HwbZs0Ueu22BELXrpr3WULthMc5YlSRJXx62BZAkSTtWTX0TQVJMTM1AZDcLU2OkCBBtKp75V1j8aozxKWiKpJmaXITKNorXsppP5+btLYzfoHejGZvZGSqBxelZ0kQ2fH06cy/3Qnao9sEv0y/MZcgCodD6uCtnF8FaYHqehQUofj8/tD7Feghz5CZsVjI91Evv2AabZHJhX+re7OoDP7SNAjeACqqqyc0inYMNL+bcfG5Wa+U0Q729bF5miuIyF+7F6Tt/mdHZbNGWAapDNVRlFpdnrQKw5wg/6J7m1csTTI9epWf0KpBb5KmtvYP2WNF9nk/nZnYujHNj4weEmdwDwmwaIpveoipaTl5g6vVT3Jqd4FbfBLcgtyBVUzuxg7FVC1qtM3sv11M1VLvxK/z5xaI27Lsaqv2cbR62ENrD9temqmJXEAjtfoh9JEmSnk6Gq5IkaefaXUdDABLJaRY6akjenQCaaVzzVnVu8atbuRA2NM34NASiTRv2Ts1MJEg8idq3rYqKjWa2fm6LTI8mNl386NH/VlgAAAAgAElEQVQIbDAz9iEtTjOa2GaVU5fpfP0W84EgDS920NYUpi5Uw66qKioKq9qv2aUmdoG/bJvj3tgQt4aGGEvOslgIPa+v791KZoLE531AqiIcu3abIzNJhobijAyNMTk/z+ToVSZHrzPYfS03+3YT2U2/ecoEHsuDLUmStKMYrkqSpB2sjtx6VRNMsYvxMSAcYe2b8cuLXyWnmavLvY7ftCaBra4JAhnazg9zsrG0aoK5VXqYnp1jw3e2i1TtChIApqdn2XjqZprZKYDAIw5Xd1FdA6RCHB14n/bPMwn2gTabxTnPzCxADdWbXaZd1eTKPMrA++3bWGhpibHBW8wDe0++z9mWh3jvvGIXe1o6ONnSwUlg7t4I13sukphO0DfUzrX23VBdQxDItJ1nuNQHZO1hd0eIHYkQOwIspUnG+znXf5fU5auMtZ1ho24IBPcQBlKbzaBOzz7mwPzRCO4JwzSfP3yXJEna4ey5KkmSdrAKInsbgCTTd6aYyEKwqX594FRY/CqZZHRqguwGvUl31zUQgC17qj5ITV09lUBqPLm8eNSKJcbOHeDbr5wingZCkdzq6WNjy71gV5mZYCgDVNYReqTvclcQioSBacaSn7en6oOkGNnoGDNTTCwCDXs37jcLUBEiV+YY2yuz0O4gTGPdBsHq1Bijqz5YYOziK7zy7U5urHnLf9eeFo4fbgFgdibfSCA/S5oH9lR9gHuDdL3yEgfOrVn4qqKGSPtROkJANt8uYSM1IeoqgdTIhtdlLjn2VISrNbFLDF+KPb42BZIkSTuE4aokSdrRqkIRgmQYi4+RoZK9kY1WG8ovfpW9y43BDASbqF+bwEbaOVQLi7feond8bTS6wHjvS7Qe+DavDt7bvJi6GB21wN1+rqwZY2HqCldHsyxWNOaOXdVER7QaFhOcuzy+OoxduMeNi1eYJUD4SPuG7Qs+j5rmDpoDMNn3FoPr2ofOMNh1gNYDL3FxbH1E/LAmr/YztioEnGHw4hVmqSTa0bTBwl/LVdLc0UyASfreGmR9mYN0HWjlwEsXyZWZn5FLijt31yxNvzBO71u3WFz1YRV19UEyi7PcuLnm+rPA+Giuy2tDpLAiU4T23APCW71rt4eF8V5eaj3At18dZIsnBPbUUbcwT3b0BvG1J5W+y8g0uUB906m6dbQfCQOT9PePsOrSpuO81Te51dElSZL0hNkWQJIk7Wy7I+ythFupFASiNG2SROYWv7pKZh4qX4ywPoLdTcf5bsY7+0icfonR2ghN9UEC2QyTY0lmF7MEglGOtu3Zqhg6znczVhgj3ERzqJJsZpKRiVmygTDd59vzx64gcuQ8h6df52riNC+NhmlqDlGZzTA5MsFsFqqb3+bsFr03S1bVRPeFKFOnEvQfPsCN+ib21lbC4ix3xyaZz0Kg/hAHm1aiz3S8i4N9KYj2MHw8ss0DVVLNGG+/8m3CTc2EKgrnFiAYPcuRTaetFsrs5kJ0ilOJfg4fuEF9015yZd5lbHKeLAHqDx0kV2YFjbEo1aMJUv2dfHtk9bWn/mVerL3JrcmVVgW79p2kO95J39BpXhrLX3+yZCZHmJjNEgh3013UXmB3x3m6xzvpS5zmpdFaIk31BANZMpNjJGcXyQaCRI+2sdUTAnUcOhtl9ETu2scbWqgPBnK9ZcdSLFJN9OyhLQP1mtgZuu900jd6nlfGB3N15/dfqqqmcn6exarKLYLrciv0vw3TPXCJx/GIS5Ik7RSGq5IkaYero6k5wK1EFpoaNw+lCiHsYoDmTRPYGN//MMyd/n4GxpIMJbJAgMpgHW1HDnEwtkGPyw3GuJQf4+rIKIkUEKgm1HyUo0fbV7dirdpDx6UPabjTT//AGGOJFFkCVIcaePlwN0caH1/qVBU5zgfXmrjSd5Wh5CiJSaBw7JeP0tGy+xGEc7Uc6jlDMH6Ri/EEqWyAytoGXj663XOrInL8A641XaHv6hDJ0QS5MqsJNbzMy0c7aNm9UmVF5DjX+vfQd/4KY6lREqkAlbUR2k+/TUfLbuZujHJrMkVyeolYTQVQQ+zSNYJX+rg6lGQ0d7Ny97v7EIdjkTWvrdcQ+/6HhPP3KzmUIAsEKoPUtR3h0MHYBv1lNziryHGu9dfR3z/AWHKI3GNWTSiy/pw2VkPs0gfUDvbTd32M0USKQGUtkfbznIxleOtgH6ngrh0crkqSJH15fOX+/fv3y12EJEmSyi89+CoHZ45ua+ZqsreVEwlnJj5xyV4OnEiw6/BVPujYqEWGJEmStuPTTz8F4OOPPy5p/+effx6w56okSZIAFpIMxmfYu9yDVOWRJt51gG+/Uug1W2yGwStDZKnepPewJEmSnjTbAkiSJImF5BATdWfoafFl8/KqoWFfiMt9Q7z90vhyH9qVfrkBQi+e5dCjXgVNkiRJJTFclSRJElVNJ7nWVO4qBFATu8S12jgD128wNpZgMtf4lWBdG92HDhLbTuNXSZIkPRH2XJUkSZIkSZL0pWLPVUmSJEmSJEkqI8NVSZIkSZIkSSqB4aokSZIkSZIklcBwVZIkSZIkSZJKYLgqSZIkSZIkSSUwXJUkSZIkSZKkEhiuSpIkSZIkSVIJDFclSZIkSZIkqQSGq5IkSZIkSZJUAsNVSZIkSZIkSSqB4aokSZIkSZIklcBwVZIkSZIkSZJKYLgqSZIkSZIkSSUwXJUkSZIkSZKkEhiuSpIkSZIkSVIJDFclSZIkSZIkqQSGq5IkSZIkSZJUgmfLXYB2nv/6X/9ruUuQJEmSJEl6ZH7nd36n3CXoC8pwVev883/+z8tdgiRJkiRJkrTj2RZAkiRJkiRJkkpguCpJkiRJkiRJJTBclSRJkiRJkqQSGK5KkiRJkiRJUgkMVyVJkiRJkiSpBIarkiRJkiRJklQCw1VJkiRJkiRJKoHhqiRJkiRJkiSVwHBVkiRJkiRJkkpguCpJkiRJkiRJJTBclSRJkiRJkqQSGK5KkiRJkiRJUgkMVyVJkiRJkiSpBIarkiRJkiRJklQCw1VJkiRJkiRJKoHhqiRJkiRJkiSVwHBVkiRJkiRJkkpguCpJkiRJkiRJJTBclSRJkiRJkqQSGK5KkiRJkiRJUgkMVyVJkiRJkiSpBIarkiRJkiRJklQCw1VJkiRJkiRJKoHhqiRJkiRJkiSVwHBVkiRJkiRJkkpguCpJkiRJkiRJJTBclSRJkiRJkqQSGK5KkiRJkiRJUgkMVyVJkiRJkiSpBIarkiRJkiRJklQCw1VJkiRJkiRJKoHhqiRJkiRJkiSV4NlyFyBJkrRTPfPMM8t/JEmrffbZZ8t/JEn6sjJclSRJ2sAzzzzDs88+y+3bt+nr6yOVSvHpp5+WuyxJKruvfvWrhMNh3njjDfbt28evf/1rA1ZJ0pfWV+7fv3+/3EVoZ1laWip3CZIkld2zzz7L0NAQf/zHf1zuUiRpx7p58yYvvPACv/71r8tdiiRtqaKiotwlaIcpTJz4+OOPS9r/+eefB5y5KkmStKFnnnmGP//zPwfgX/2rf8WpU6cIh8NlrkqSyi+VSnHhwgV++MMf8v3vf5+2trZylyRJUtnYQEySJGkTP/nJTwAMViWpSDgc5tSpUwB88sknZa5GkqTyMlyVJEnaxOLiIoDBqiStUfh38e///u/LXIkkSeVluCpJkiRJkiRJJTBclSRJkiRJkqQSGK5KkiRJkiRJUgkMVyVJkiRJkiSpBIarkiRJkiRJklQCw1VJkiRJkiRJKoHhqiRJkiRJkiSVwHBVkiRJkiRJkkpguCpJkvQ5tba2lrsESZIkSWVguCpJkiRJkiRJJTBclSRJkiRJkqQSPFvuAiRJ0hdD5vYbdL73002/338hwWv1j+vok7wbPQX5Y0y+G+UUF0g8vgM+Guk4XQfvsG/gErGaUgZI0tt6AnqGOR4ptYQuDval1nwaprvkmsokmSQZiVDiZZAkSZJKYrgqSZIena99j2vvHCD4xA9cz2uJxBM/avlFOD48XNqu6ThdB/tIhbsZGL7Eqhw12UvrwVb6oj0Ml5raPknJXnIZ81NQqyRJkr5QbAsgSZL0ZbM8Y3aY4Usx1k1QjRxneHiA7ukTtPYmy1GhJEmS9FQwXJUkSU9U5vYbRN+4ze13o0Sj+T/vTpJ7tX/ls3cnV+3F7TeKto9GiUbfZWWT3L6r91m97xu3M4/3xNJxulpbaS3+szaYXLNN78Tqr5O9rbT2xol3rWzTFU+v2a+LeHp5D3pbWykcJh3vorUrTjLeVVRHL6urSBM/10eop/Daf7roeF3E04Uxa4hd6iGauJI/Xn67NeeUq7nos7XX4UHbr/0sHaertZd44Ry64qRzG218bZO9tJ5IAAlOFF2L5XE3vG75a1V0rbuWv0yvuv7rr98GNqttk++7VhdCV2sX8XjvumOuqt+QW5IkaUeyLYAkSXryfvoeP3rhGolEEDK3eaPzFNGP9nMhkeA18v1bT73LNxKvUQ9MvtvJe89dIPFOoYdqrsfqqXe/sY2+qkEOvJPgwOM9I3oP9hHqGeZS4c30ZC+tJ07Q21Loh5qk92AfdA8wHKuh0C81RZh9xQMl+rjXM8xwpDDGQVrD3QwMD1NDLnA7cS5Ow0YzTgFSfVzZN8DwcA25oPAgJ3pbVl7vT96gj24GCjW1nmC6e4DhSzX5Ga25mrqDABFaoimuTKSJxWpo2BeGvhGSxwu9TZOMJCDaUxg7F3RGl69DbvxWHra9QIK+ez0MF17zT8fpOjFN98BwPhDOjZu7tscZ7iHfFuB4vq7ceffRzcBw7jql410cPNgFxb1ki681G1yPwn6tvUVjr1F0zseLzrlrzwCXYjX5nras1J6O03XwIF3kvs/fNPru7Mvf4/w9a82NOXyc5fuy8ixJkiRpp3DmqiRJenR++h6d0bUzTKNE37jN6nmj+/nugXxn1uDXeeFr8LXvfYdCTBr83edWbV3/WmJNiFrPN/Y/vtMoxfHhNcFXpIVo0V/T8Sskwt2cWQ7UIhzvKd4iL9xNR2Gc/BjRIytBanBP+AGVRDmyfIx8IDo9S2GuZHIkQXhfQz6oPbG6ppoYR6IAIWpr1h+vpmEfYRKMJJcHI0GUlsjK2ER7iq5D/hwTIw+e/bn2LFqKLmbmHquX3Iqsv97F0hPcSYXpPrNy3WpiZ+gOp7gzUTRrtKj25fNZdY8K+yW4UjzbdNUuG5zz8HA+OE0zcSdFuPvMSqBbE+NMd5jUnQlWVbJ8j/P3rPg5qKkltMmpSpIkqbycuSpJkh6d7S5o9bXnSlr0KnP7DTrf++nKBzssYF2eMVmUBBbi08y9FISOrJ5tGtxDmOnVQ4RqN56Rul3hPVtc2zSz0xBqyc2czeWCq2fABveEIdqy8SzNmgZyk1eTHI9EloPFSNHY4X1rjh5pIcoVZtMQ2faJhdlTPEykg+7wQfoOttIH8KCFtjL3SBHiyKrj5ULLvnsZKJzxmmuVnp2GVIKDrX3rK9q37iM2PeeVQsjd9tUnXtOwj3DfPVYqWXO+kiRJemoYrkqSpB1v8t0opz4C2M+FxDv5VgFRTpW5rmK9ra0kIBf8XYpQeD1858kHeelZpgmzNhfM3EsRXk76cjMvV8LBGmJHovSdGCF5nNUtATaTnmUa2PO5aq4hdmmYGCy3W2hN8OCQdY3MvdSDvw93M7BZy4VHZd1MXEmSJD2tbAsgSZJ2uEl+/BHsv5Agke/BChl+/rMyl7VGgig9w8MrYV8+VCwI7ln9ej5QppAtRW7yZi2hws8F6ThXEhAq9ATI92ftWNfuYJrZ+OqWAFBDbQhS99YsHJafRVq7aVqZm/25bZHjDA8PM7xVu4H8jODZVRc7P8t0iymiwT1hSN1j+0ufbXLOKyOSu+2rWwqkc4WUNHtbkiRJO4vhqiRJeir87OcrAdbku50UdwfYGYrDvNziVcXBaU3sCNFUH+eWe3cm6T2ReLIl5l+Nz4V9EVqikLgSzwe+hZrzM1uTvbSemF7VtzQnt8hVX19iXfuASEsUEidYWdg+f45F2wX3hCFxhZXLcGNVG4UNJXtpbe2iuO1priVBfty1YWpNA/vCKfrOxZfD7HT8HH2pMPsaNp+TWhM7QpQEJ3qLItt0nK7WVno3aRqbO+crq2vrbaW1N0nheqf6zq18n45zri+13PdWkiRJTzfbAkiSpEfnp+/RGX1vw6++9r1rvHOglLl69bx27Xu80dnJ8tD7L3Dte/+ezvd+zORr9dRvuX+G22908qMXSj3+9gx0w8FCT1Ag2jNA95WDy/1Jcwsd9dDbepBCS89odzfhvjuPraaN1DTsg4M3SMaOEzk+QHfXwXyP0Sg9wz3QeiLf2zRKz/ClDXuv5gLFxOpFpyA3q3RgD10HW2ktfLbm1f2a2CV67rVyoqh/ak80wZYNFCLHGejuWnV9c6/vRwonxb5wH30HW7nTPcClWK6NQG1va1H/1DDdA5eIbZlo5u4Rrfm2A8unULR4VrKX1hPQM3w8d20ixxnu6aW1uLaic66JXWK4dvX34XyNkiRJevp95f79+/fLXYR2lqWlpXKXIElS2VVUVFBdXQ3A/Pz8ltu2trYyPDz8JMp6JJK9rZyY3k5v0fwCXazZdm3AKOlLqfjfSP8bQtJOV1FRUe4StMN8+umnAHz88ccl7f/8888DtgWQJEn60okcH6Yn1MfB1la64ukNt0nHu2htPcidfQMMrwlhkyMJwt0dBquSJEn60rMtgCRJ0pdQ5Pgww8fz/UFbN9gg2sPw8Jr4NB2n62AfqXA3A8d9rV2SJEmyLYDW8ZUeSZIeri2AJH0Z2RZA0tPEtgBay7YAkiRJkiRJklRGhquSJEmSJEmSVALDVUmSJEmSJEkqgeGqJEmSJEmSJJXAcFWSJEmSJEmSSmC4KkmSJEmSJEklMFyVJEmSJEmSpBIYrkqSJEmSJElSCQxXJUmSJEmSJKkEhquSJEmb+K3f+i0AUqlUmSuRpJ2l8O9i4d9JSZK+rAxXJUmSNvF7v/d7AFy4cIFPPvmkzNVI0s6QSqW4cOECsPLvpCRJX1ZfuX///v1yF6GdZWlpqdwlSJJUds8++yxDQ0P88R//cblLkaQd68MPP+Sb3/wmv/71r8tdiiRtqaKiotwlaIf59NNPAfj4449L2v/5558HnLkqSZK0oc8++4w/+qM/4i/+4i9obGzkn/2zf1bukiRpR/jN3/xN/uAP/oCbN2/S2trKZ599Vu6SJEkqG2euah1nrkqSlPPMM88s/5EkrfbZZ58t/5Gknc6Zq1rrUc1cffaRVSRJkvQFY2ggSZIkaStOw5AkSZIkSZKkEhiuSpIkSZIkSVIJDFclSZIkSZIkqQSGq5IkSZIkSZJUAsNVSZIkSZIkSSqB4aokSZIkSZIklcBwVZIkSZIkSZJKYLgqSZIkSZIkSSUwXJUkSZIkSZKkEhiuSpIkSZIkSVIJDFclSZIkSZIkqQSGq5IkSZIkSZJUAsNVSZIkSZIkSSqB4aokSZIkSZIkleDZchcgSZK0U/385z8vdwmStOP97u/+brlLkCSpbAxXJUmStvDcc8+VuwRJ2rF+9rOflbsESZLKyrYAkiRJkiRJklQCw1VJkiRJkiRJKoHhqiRJkiRJkiSVwHBVkiRJkiRJkkpguCpJkiRJkiRJJTBclSRJkiRJkqQSGK5KkiRJkiRJUgkMVyVJkiRJkiSpBIarkiRJkiRJklQCw1VJkiRJkiRJKoHhqiRJkiRJkiSVwHBVkiRJkiRJkkpguCpJkiRJkiRJJTBclSRJkiRJkqQSPFvuAiRJ0qOW4fYbnbz3042++xrfu/YOB4JPuqYna/LdKKe4QOK1+nKXIkmSJOkLzHBVkqQvqK997xrvrElRM7ffoLPzXX438RrGjpIkSZL0+dgWQJKkL5Hgge+yn4/48WS5K5EkSZKkp58zVyVJ+lLbqIXAfi4UzWzN3H6DzqINVs+IXbv/StuBzO036PzRC1x75wDBom1/9ELR/pPvEj3FyvEyt3mj8z2Wh9tf/Gr/JO9G/z3Pfe853nvvo1V1Tr4b5dRHywXyvefWn+Oq40qSJEnSI2C4KknSl8jku6f4iP1cqC/8vZP3nrtA4p3iAPMUp979Ri7UnHyXzvee40LinaLw88+4/fVcgLp2/8ztN+j8s9t8/Z0DBL/+Al9770f8TeZArsdr5m/40U/hp89lIB+3Tv74I9h/ITf25LtET33E/gsJcsPlaomu6p36U9770QtcSyRYjndvv8Gpj1aC1lwYDOwvnHWQA+8kOPDYrmrOL0e/zzt/9Xfw23/EG2828z8C8BOu/9sB/iPwPx38dxz6n7fY9pejfP+dv+Lv+G3+6I03ac4NwE+u/1sGcgPw7woDSJIkSdoRbAsgSdIX1E/f6yQaja76UxxCAtS/lliz6FM939i/8rfMz3+2etDgAd5JFBbEyrD+63dIFGaqBr/OC1/7KT/6m0xurL/5EXzve+z/6MfkuhJM8uOPYP83cscvBK0r5dTz2oX9sLx9ztde+Dor808n+X/e+yn7L6ycU/DA/8H3vvYwV+oR+OUoA3/1d7mf/+6vGBj9JQA/uZ4LVgH+48B1frLptr9kdOCvyH36d/zVwCi/zA2QC1ZzA3D9J0/kbCRJkiRtkzNXJUn6gtpoQavNrH31vzDrM3jgu+x/7xSnoh9tMGaQA9/dz3unTpH7eqUlQOH7r7/wtf+fvfsP8rq+70X/tGUpFkjPcoqLjuxJWK+InsP3OLjHVByz9FIi7toGzlixo0wHnYxBIxbNpMTbUedWSUa0YhSdjHA6mFuxnpHkZld06z1s06DHC9xk90b5Me7mFKywsWV7ZamU9YT7x/5gF3YX+Ags6uMxw8z3x+fH6/N5f74T89z3jzzV1t1Ttb1tR6Zc881MmfpUftxyZ6ZXvJu2zM0fd3eJzbttydTZR9U7/ZrMzV/m3fZkes9XUy7st037u2nL1AzcrSIXDpgWAAAA4PTQcxUAPsNanuzu0do99L8hDQ0NWT63/xbTc2fP52vumNrXG3bpy+09X9+ZhoaGNDSsyR1Td+SpRbWprV2a3q8rLpzS0/O0JT/eMDfXTO8OXNvebU/71teyY+41mX50Uf21v5u24b4/W5xXk1uundj9euK1uaVnTP9lC2/JpT2bXHrLwlw25LbnpeaWa9P96cRce0vPVAGXLcwtRw4QswIAAMDZRc9VAPjM6hmWv7yh31D8nqH+g/T8rLjusTRc17tQ1da0X3ddv+H5vfOa9iwetbU9111X0dPzdFl+/GSyYe41uTNJZsxOvvNiXsyOfj1Vu3ub7mg7Mh9rdzlt2ZEp+eOhOuBWXJgp2ZGBuw19DafTeTX35Ns1R396WRZ++9sntu15Nbnn2APksoXfzrFHAAAAzgZ6rgLAZ1zbu+19r1ueXJT+swO0v7w0tbVP9pvztD1bX9vRM+9pe15eWpvaJ/vNiNq+Na/tmJrZM3qTzu45XDds2JCpU3o+q7gwU3ZsyIYB2yXTr5mbbFiWI4dryZPLNiTD9m6dnhvumJoNy47U2P7ydwZcAwAAwOmi5yoAfGZNz51r7sjSRYtS+1TPR3OXZ80df5lFT/04LXdOz/TrHsvyttq+OVd7t2nomVj1useWp622d87V3q8b0n+q1+7QtO3YwLVtdmb075E6/c40rJmSpYtqU9v/XHcOO3FAKq57LGuyNItqe/aaekfumLsjT/Vt0dObdvaJz0ELAABwIs45fPjw4ZEugrPLoUOHRroEADgrvPvuu5kyxepYAENpa2vLhRdeONJlABzX6NGjR7oEzjIffPBBkuSnP/1pof0vv/zyJKYFAAAAAAAoRLgKAAAAAFCAcBUAAAAAoADhKgAAAABAAcJVAAAAAIAChKsAAAAAAAUIVwEAAAAAChCuAgAAAAAUIFwFAAAAAChAuAoAAAAAUIBwFQAAAACgAOEqAAAAAEABwlUAAAAAgAKEqwAAAAAABQhXAQAAAAAKGDXSBQAAnM3a2tpGugQAAOAsJVwFABjChRdeONIlAAAAZzHTAgAAAAAAFCBcBQAAAAAoQLgKAAAAAFCAcBUAAAAAoADhKgAAAABAAcJVAAAAAIAChKsAAAAAAAUIVwEAAAAAChCuAgAAAAAUIFwFAAAAAChAuAoAAAAAUIBwFQAAAACgAOEqAAAAAEABwlUAAAAAgAKEqwAAAAAABQhXAQAAAAAKEK4CAAAAABQgXAUAAAAAKEC4CgAAAABQgHAVAAAAAKAA4SoAAAAAQAHCVQAAAACAAoSrAAAAAAAFCFcBAAAAAAoYNdIFAAB8luzZsydNTU15++23j7vtF77whVx33XWZNGnSGagMAAA4WcJVAIAzaMOGDUmSJUuW5IILLhhyu46Ojvzd3/1dVq9enfvuu+8kz9KSJ2uXZcOg303NHWsey3UVJ3nIs0H7y1m66LXM/qTWn+TYtvkEtwcAAMJVAIAz6Re/+MVxg9UkKS8vz+///u9n69athc81d3lD7pw+8LP2l5dm0aKliUBvBPQEq3OXp6GnYbQHAMAnmzlXAQDOsOMFq/2df/75p/TcFdd9M3dM3ZHXtraf0uNyAlp+nA2Zm+X9Em/tAQDwyabnKgDAZ0p72nYkmT3ws5eXLspTO3rfz83yhjvTGwG2v7w0i16bnTumPJWnesezz12ehjszYIj7MT1lW55M7bJ+A+DvWJPHertn9g7xv2NKnjpy0CzvPmiWDTjPUd1vtz6Z2r59BhlWP9x505Ina/8yU/rOO/BajxyiNstyR+5oe6rvvky9Y00em7E1Sxc9lR1Fzj39zjQ0BACATxHhKgDAZ0j7y3/Z3XtyQNi4LG13rEnDYxU92yzNotonB4aOO57Ka7PXpKGhoicYXZbaDXOzvKEhd/bus+zJXNOzT/vLS7PoqSlZ3tDQc4yWPFm7KEvTP+jckadem030nooAACAASURBVJ01DQ2p6Al4l9VuyNzlDWnoPmiWLlqWJ6/pH9r236d3WP2TubDweYex4am0LW9Iw/T0hKaLUjv1jr79Wp6szbLvvJwZj113pJbjnnuglicX5akdc7P8MXMCAAB8EpkWAADgU2rDstrU1g781x3+9QtNW36cDVPvyDf7hX/dQ9U35C9f7j9UfW7+uHebihmZPTWZescNfcepuHBKv23bs/W1HZm7vH+P0Om5c/nc7HjqxbT0P+ofX9cTcFZkRvdBc8ORg6b/UbtNzR3fvK4vFB1Y64mfd+rsGcMHq8nAWqZfk7kD6k0qpkwtdM29Wp6szbINU3PHmmN7zgIA8Mmg5yoAwKdU/2H63b0qc0yQ1/5uW7JjQxbVPnXM/lP7Tx0wdcrxw8gjR03bju5wd8Mx383tf9BMOekOm1Ny4YB9KnLhlGRHW3cQfGLnTaZceAInnnLhabjmHi1PZtmGZO5yC1kBAHySCVcBAD4DKq57LMvbarPsqJXp29t2JFPvyJrHrjuJIPE42t9NWwaZg/V0G6nzFjh3y483JHOXn/k6AQA4pUwLAADwGTH9zuWZmx156jsvp3fAf8WUqcmOtpzStep7hvO3vXtKj9qjLQMP255325KpUypO83mPYyTPDQDAiBGuAgCcYR0dHadl2+PrngM0O57Kiz2TgFZc98eZmw1Z9mS/WUHbX87S2to8OdhEoSd4nhvumJodT30n/adtbXmyNrVLX/6YQe7AcLj95e/kqR2988GezvMez8mde/qdDWnQbRUA4BPPtAAAAGfQF77whfzkJz/J9ddff9xt33rrrfzzP//zqS1g+g25Y+qGPLVsaaaseSzXVUzPnQ3Lk9plqe03WejHHVpfcd1jWZOlWbSoNn2zuZ6S6Qem5o7ZbVlUW9tb6YAFuk7feY/vZM7d8mRtlmW5gBUA4BPunMOHDx8e6SI4uxw6dGikSwCAT629e/dm9erVSZILLrhgyO06OjrS0dGR3/3d382sWbPOVHkAAJ9Ko0ePHukSOMt88MEHSZKf/vSnhfa//PLLkwhXGYRwFQAAAPg0Ea5ytFMVrppzFQAAAACgAOEqAAAAAEABwlUAAAAAgAKEqwAAAAAABQhXAQAAAAAKEK4CAAAAABQgXAUAAAAAKEC4CgAAAABQgHAVAAAAAKAA4SoAAAAAQAHCVQAAAACAAoSrAAAAAAAFCFcBAAAAAAoQrgIAAAAAFCBcBQAAAAAoQLgKAAAAAFCAcBUAAAAAoADhKgAAAABAAcJVAAAAAIAChKsAAAAAAAUIVwEAAAAAChCuAgAAAAAUIFwFAAAAAChAuAoAAAAAUIBwFQAAAACgAOEqAAAAAEABwlUAAAAAgAKEqwAAAAAABQhXAQAAAAAKEK4CAAAAABQgXAUAAAAAKEC4CgAAAABQgHAVAAAAAKAA4SoAAAAAQAHCVQAAAACAAoSrAAAAAAAFCFcBAAAAAAoQrgIAAAAAFCBcBQAAAAAoQLgKAAAAAFCAcBUAAAAAoADhKgAAAABAAcJVAAAAAIACRo10AZx9Ro8ePdIlAAAAAMBZT89VAAAAAIAChKsAAAAAAAUIVwEAAAAAChCuAgAAAAAUIFwFAAAAAChAuAoAAAAAUIBwFQAAAACgAOEqAAAAAEABwlUAAAAAgAKEqwAAAAAABQhXAQAAAAAKEK4CAAAAABQgXAUAAAAAKEC4CgAAAABQgHAVAAAAAKAA4SoAAAAAQAHCVQAAAACAAoSrAAAAAAAFCFcBAAAAAAoQrgIAAAAAFCBcBQAAAAAoQLgKAAAAAFCAcBUAAAAAoADhKgAAAABAAcJVAAAAAIAChKsAAAAAAAUIVwEAAAAAChCuAgAAAAAUIFwFAAAAAChAuAoAAAAAUIBwFQAAAACgAOEqAAAAAEABo0a6AACAT4PaH30w0iXwGdFw/edGugQAAHrouQoAAAAAUIBwFQAAAACgAOEqAAAAAEABwlUAAAAAgAKEqwAAAAAABQhXAQAAAAAKEK4CAAAAABQgXAUAAAAAKEC4CgAAAABQgHAVAAAAAKAA4SoAAAAAQAHCVQAAAACAAoSrAAAAAAAFjBrpAgAAOIt84Tfzwr8flfzjwdz4xqET2GFMnrl+dCb3/6jro3zvlX/JD49zjnEDPjyclp/vz7JfDH+2P/id8fnqb+fItr3HGuqcJ309AABw4oSrAAAU0h10npPOfzyY2n7B5Z/UfC5fvf5zmbv7g9z+s/57jM7ya8dkelmye/cHufFnRx3r338uDf/uUGqbDp58MWWj8ke/Mzo/FKACAHAGmRYAAICT9x/H9gWrR/cI/YumD/K9fzycyZPHZ/kXjnz+B7/zG5ledjgtPz86dE1++Mb+fO8fDyfjywbsczLG/fZvFN4XAACKEK4CAHDS/uTf/HrS9VH+aoieoj98oyu7c06m/7sxPZ+MydzfPifZ3zXk0P8fvtGV3V2/yi8L1NP5j4fS0nVOpk/9zfxBgf0BAKAI4SoAACdpTKaOT3LwV0PPq5qD2bE/yfhfz58kyX/89UxOsvufhxvyfzC3v3Igf3GceVcH96ss2/FROnumBwAAgDNBuAoAwMn5wq+lPEnnv/7qhHf5g3N/LcnhdPx/p62q5Bf/kr/6x8OmBwAA4IyxoBUAACOmd1GsAfYXXNQqyQ/f+Nd88dox3dMD/OJfhulZCwAAH5+eqwAAnJxf/CodScb9xon/p+QPP/xVknNS/ltHff7G/tT+6IOefwfT0vVxiztkegAAAM4Y4SoAACepZz7VMb82zOJRPfOy7v+f+Ysk+dn/zO4kk//NmCH3OGX6Tw/wW8ffHAAAihKuAgBw0v7i74fvHfoHv1OWyTmclr/vHd5/MBv+8XAyvuyMzIf6wzf+NS1d52T65FEZd/pPBwDAZ5RwFQCAk9fXO3RMXjgqYP2Tms/lq799Tnbv3p9lvzjy+Q/f2J/X9p+T6f/+c8fsk/84Ng3Xj8n0smT3Pxebb3WgnukBTsGRAABgKBa0AgDgGON+e0warj92CP/u3R/k9p91v/7hG/vzw4zJM9cftW3XR/nejwZfTOovmj7IXwy2z1HHPiV+8S/5q0mDLJgFAACnyDmHDx8+PNJFAAB80tX+6IORLoHPiIbrPzfSJQAAfOJ98EH3f7//9Kc/LbT/5ZdfnsS0AAAAAAAAhQhXAQAAAAAKEK4CAAAAABQgXAUAAAAAKEC4CgAAAABQgHAVAAAAAKAA4SoAAAAAQAHCVQAAAACAAoSrAAAAAAAFCFcBAAAAAAoQrgIAAAAAFCBcBQAAAAAoQLgKAAAAAFCAcBUAAAAAoADhKgAAAABAAaNGugAAgE+Dhus/N9IlAAAAZ5ieqwAAAAAABQhXAQAAAAAKEK4CAAAAABQgXAUAAAAAKEC4CgAAAABQgHAVAAAAAKAA4SoAAAAAQAHCVQAAAACAAoSrAAAAAAAFCFcBAAAAAAoQrgIAAAAAFCBcBQAAAAAoQLgKAAAAAFCAcBUAAAAAoADhKgAAAABAAcJVAAAAAIAChKsAAAAAAAUIVwEAAAAAChCuAgAAAAAUIFwFAAAAAChAuAoAAAAAUIBwFQAAAACgAOEqAAAAAEABwlUAAAAAgAKEqwAAAAAABQhXAQAAAAAKEK4CAAAAABQgXAUAAAAAKEC4CgAAAABQgHAVAAAAAKAA4SoAAAAAQAHCVQAAAACAAoSrAAAAAAAFCFcBAAAAAAoQrgIAAAAAFCBcBQAAAAAoQLgKAAAAAFCAcBUAAAAAoADhKgAAAABAAaNGugAA4DTYW5+v37Iy209k27LyVEyYnGk1s1JXNyelSaNPd3WD2rv52axc3Zjm1o50dReW8opZWfLMNzJz3IiUNIzmPP5796YhSS5Zkue+W5dJg2zV+U59HtkyOQ8uKJ3h+gar5dU8/fRz2bStPQe6kqQsYyuqsvCB72b+RSNd3dml+fHfy70N3a9rV/xN7h7B5ttb//XcsrL7l3zJkufy3brBnjQAAEaKcBUAPuu6OtLe3pH2F1rS9MLKlFXdmOUrbkvpDAaae+u/nkUrt/eEqn2FpSOTM/msC1ZPQOc7qX/kgax6vT1dtStGupp0Nj+eRfc2pGPAp1050D4pFZUjVBQAAHwKCFcB4FOvLOUVEzJUf9TOfb09Gbt1tb6Qe/9wW5aseTRnpJNc58as7AtWy1J11cLMq6vKhCT7Do0btEfoWa+1Pitfbx/pKnpsy9r7jwSr5dPnZWFddSrGJZ37RqdqZDoqAwDAp4JwFQA+9ebkvu/fnWFHNh/aleb61Xnk2dfT3pWkqyUr73o8k9fcffp7sO7elm29r6/6RlY8OCufxM6qZ63Ovdl9oOd1xY15+NHbYhaAT45Jdd/N39SNdBUAAAzFglYAQDK6MqX5D+b7z3wtl5T1fNbRkPuf3pzO033uQ4fSm/2lfIJg9VTrPHCkDcsnub8AAHAKCVcBgCMq52f5g3Mytuftgcan07hrRCsCAAA4a5kWAAAYYFz1rfna9MasaEmS3Vlbvy3zF08bZo992fbquqxd/3q27eqZv7VsbCoqp6Xmxlszf9ZFmXDMPntT//Vb0rMI+hEN9+b3Gnrf1GbF3xw7ncHeba+m6aXG1G9rzb72A31ztY6tqMy0q+qyYP6clCYNPpFo/5XXj7cKfJEV4/sff7BrGnS1973NqX9pXepf35ZdvdfTc/+uqluQ+XNKGeJyhtW//j7bV+aW31vZ8+aSLHnuu8fOq3tob5obX8q6+qY0t3YcW09daZh5cJvz+O/dm4YkqV2Rv7l7cjY/+0iefmlLdnclZeVVKc25JUsWzix0TR+n7Qde4ua8tHpd6jdvS/uBrqSsPFWlObl1yW2pPu4kv0dfYynpfCevrl2dFxqbs7v7B5DyqlJq5t2ahV++qF9v4b3ZvG511r20KS0dXT21T8vMW76Wrw3Yrt8193umjn1+BqtlVzauezovNB15nrrv+4352oJZqTxVXZf3bsurTS+lsX5bWvvN21w2tiKV065K3YL5mVOaNMRcz8Wfk762a96W9o6eJ6C8ItOqF2ThLSfW/h+/fgCAI4SrAMBRJmTW/JqsaGlKkhx4vTm7Fk/LYIvKd77zUu6/6+m0dB31RdeBtLduyQsPb8kLT1+Ve1c8mC9/3FXp923KI3c9lMb2o0+WJF050N6aLetXZsv6Vama92hWLJ52lg+B78y2Z+/NPS+05pgr6rl/61duyfpVFZlz3xP5xsxjI+pTbder9+dbK3vm3R2ynqrcuHxFbjvuZLz70vz4Q/lWQ0ffJ10drdlS35yO22ae3EJlp6ztO9O86t4sW3/UPe/qSOuWF/KtRU2pXf5MZp1wYYfSufnx3H5/w1H3rCsdrVuyfsWW1DcuyZpH6zJp78bcf9fDeb1j4HYH2lvSuOJr2Vi/JGu+W/exFnDr3LYq996zPq1H3aaujtZseeHh3PrS6tQufyZ3f6yJlPdl0yN35aHG9mOf2yRdB9rTumV9Vm5Zn1VV8/LoisWZNuzpTvQ5Gfq8XR3taWlcmXsbV6Vq3vKsWFwa5rd/qusHAD7rhKsAwDFGl67KFWnKliRpb05r54Jjerx1Nj+eRfceWYW+rOKK1C2Yk+qKcels35zGl+qzZXdX0vF6Vtz+9XSt6d9LckKuuO3hPHwoSeu6fGt1S/fH02/NwwuqerYpz+QjJ8vjtz+Qxo4j55pVV5OaqglJOtPe/Hperd+U7Qe6knSldf09WVn669w388ymIhOuuC0PP3xoyGsaPflIQLpv40NHgtWyybli1pzU1FRlQjLw/nW1p/GBe1O1ek3mn0RAPbnu4Tw8M8m+pqxc0Zj2JKmYk3uX1PT0JB6dfuVkb/3Xc/vK7X2BU1lVTebXXZXS0e3Z1ZoX7l2UzhVrhg/pGh/Jsq6upKwqcxbfmJqKQ2ltXJ+maXUZrh/0MU5Z23em+fFFubcvxCvL5Cvm58b5pUzobM/mxpdSv2V3GpYtS2tVTszrj2RRQ0c6Upaxl8zMgro5qZqwL62N67O2qbttu1pW5pFnOzP6pdXZ0tV/u860N72QVY09221fmW+9ND1rTqaR+2t9Nsvu2Z7WrqRs8hWpm9/9W9zX2pj1a5u6A9eu9jQseyil7y/PrEJZfWeaH789DxxpjFwxq67fc9uc11+tz6bt3T1mu1rX556Vpfz1fTOHDjtP6DnZm/qvL8rK7X1PZ6pqFmbenKpMyL60NtZn3abtOdDVldb192bRoRVZc/dgAetpqB8A+MwTrgIAxxo3IRVlSXfSti3bdiez+idi+zbmoWW9wWpZLrn1iSxf0H9Yc3Vm1S3Orvp7cvvKlnR1bc/Ku1al6q8X9wQmozOpVN3dK230piQ9QeTkaamuPnb8/ba196c3EyuvfThr7q4eGHZUz0rdbZ3Z/Piinh5wXWmq35wlM2ed0VBk9KRS97Dy417TtqxbuaX79o6dk4e//41UD7ygzKpb2C8MPJHpGQaacFF1d4i6tz3l6QlXy6elVF19bO/IbatyV1+wWp6abz2R+2b136q7nnfWLctdq7enKx1pWLYsF60ZZFqBXl1d6SqvzYo1d6c3g62u/nIWnPAV9JR2qtp+29o81Hugskty6xPLs+Cifk/srLosfGddlt21OtuPnq5iKB0d6Uh5ah9ek7v7NWB19ZdTM+3rueXp7gO1vLA6SXmuundFHuzfhbt6VmrmHPkjxe6XXs+u+ZWD9hI/ru3bs32wtquuzpcX3JKXvn57nt7elXRtyXNNuzKrSIi7bW3uP9IYeXjN3YM8t7elc/PjWfSt7mvqaqrP5iUzM2uoH+IJPCfbVt11JFgtr8kDz9yX/h25q6u/nAWdm/P47fenob0rHQ3L8lDp+1l+dIJ8OuoHAD7zLGgFAAyiIhf19d47kEOHBn67bd3KbOnJOsbOefCoYPWIyrpH8+i88u43Hevz7Kv7Tr6UQ5vyUv2B7tdlNVmyuHqIwHRcqhfemum9b7c0p/Xkz3Zm7G3Ntp5LSs2cowKeXuNSWrwkNWVjU1FRkaocSudpKWZfXn12fV8P5Eu+dnSweqSeixYsz/Lanvbs2p5n1zXn0CBb9pp+68J8rBHop6ztD2XTS/V9fwyouW9gsNp3lIsWZPl9NSk7iRLHzntwQLDaa1LdgtT0e19WsyTfGGRujHGl+Zlf0fOmvTmtH6ORx857cIi2q8z8xXV9C9Xt3tiSk/8ldt/D7tYoS82SxUM8t8m46oW59UhjpPk4P8Rhn5N9r+bZ9X1PZ772xMBgtd9Jc/cT38gVZUnSlS0r12XbGaofAPhsE64CACepOa/2Bl6Znq/dOlTg1W3agiOhV0v969l7sqfbNzpjp1WkomJsyubUZeZwK8xMqEzV2GG+P1v0v4aWbdk15HYzc9/LP8j3v//9PDrsPJIfQ2dzmno62WbsvCyeP9ysn+NS6hdiHmisz+Yh09WqzCx9zHliT1XbH9qcpqbevwbUZf4w00WMm3lLFlYM+fVRKrKgbojexKOrMq3vDxRlmVM31NDyylT1dWzuzIHC4eowtSRJVSnV/d4OF4oPbl9Gj52WioqKjC2bk7rhGyOVJ/xDHP452ft6fY48nosz7OM5YVYW1vWc90B9Xm3u/+Xpqh8A+KwzLQAAcHJ2bevrtZqqmTlufjZhWqorkpb2JNub03qo7uRWip9Unbsf/f4JblyeyslJTnRY90iZMD2zJifbdyfZvTq339yc+bcszJxZ01J5ppcn37ale27dJGU1M48/H+qEmam7YkVatiTp2pzm1mTmoDtdkqqPszpTcuraftvmbOp9PbP6ONdYmdJVY5P1B4bdqlspVcOMrh/d1wW2KhcNE9iOPpmusgVryehx+Xhx4aRU3/1oTrg1TviHONxzciitzUeOMbP6+NNiVJWqk/VNSbqyZduupNR7U05X/QDAZ51wFQA4Oe27u+fvTJKxh7J78+bsHnaHff2+35bde5Nik0oO7lBnZ/bu3pZtzU1patyU5uGLOUtUZs6S2qzrmWuzq31LXlixJS+sSMrKq1Kqqcv8OVeldNGEnO6sdW/7kX6zVcMlgH3GZdLkscmWA0kOpGPfoWSwKismpfxUFTmEE237fbtb+xbqumTa5ME36mfytGnJ+i3H3S4pO+3tc8LKRriWQ53p3Ls727Y1p6mpMZtO9Ic47HOyL+19h6lI9m3O5s3HOd7uIxMetLfuzqFUnth9KVo/APCZJ1wFAAbRnnf6Om1VZFK/9KN/GJeW1flWS05Ce/Z2pHC4emjvtmxsqk9TU3N279uX9o6u4+90lhpXujvPPDw637p/ffdK7j26OlqzZf3KbFm/Mikbm0tm3ZbbbqlL6eP2Aj2Rmsae2MQD/Xv17e3Ylxy7RFZSPu6Uhn0fp+1Pdgj8uAknOC9AVWVOeAaB063qojNXy6G92baxKfVNTWnevS/72jtS+Jc47HPSnl2tR143rvhWGk/m2Hs7MujTeSrrBwA+84SrAMCx9rb2GxA7LZPPQLA3rM53Uv/IA1n1evuQIUh3j8/pGff6+jS1D7HRWWZC9eI88/Jt2bttY+rXrk9jc2sGZIZdB7K9cWXubVybmgeeyX2DruTzKXc2t33ZWdNv9QzpzDv1j+SBVa+nfejGSFWpJtPHvZ71Z90P8ZNePwBwNhKuAgDH2Ne86chq65eUUtUvQ5pQPim9vRYrbl2d7y84hWP8B7U39cvuysrtvWlIWcqnz8xV00oplSZn8uSqVE7q7f22N/XbPjnharfRmTTty7lt+ZdzW5JDe99J85bGvPRSY5p3H+gJFDvS9NAjuer7yzPrNOarnQc6kxNYNqv9nSPLp1ed1uT91LT9SUegh/RjHMze+mW5a+X2vpC7rHx6Zl41LaVSKZMnT05V5aSMG9277bZTEE6WZ1JF0j0PSU0eaLhv+EXNjuPM1w8AfBYIVwGAo+zN6/VHxvpPnjV9wLDa0RPKMzbJgZzknIYF7Xv1kSPhWnltHl5zd6qHzP/6T2fw8YxUvjZ60kWprrso1XWLk32b8/jt30pDR5KuLXnp9X2ZVXdq09VJFZXpDcu3b9ud1B0vLN2X3X3zGIzN6NPY+Keq7SdMrkpZukO1E7nGvbtbh/3+M2nfq3mkL5gsT+3Da3L30I2R9lPyQ5yQisnpCVc/5nzNI1I/APBZ8GsjXQAAcHbp3Pxcnu3LFabnxpqj0oyqUqp7Vzff1JTNx53QcltWfeW6/OHNN+fme55Nc+dJVZPmpiNBb82SxcOEa0n27s6JxmKt/Ra+OdautDaf4IEK2LVxVR665+bc/IdfyePDnWdCdRYsvKTfByc7e+gJmHZFruh9vWlzth1v+32bs7H3+SirTqnq1JfU7RS2/bTqzOx9fdxr3JfmTcLVo3U2N6WvNWqWZPHwjZFTk0+PS1V17wJk7WncsmvYrZNk36v35Lqv3Jybb7499796ZPuRqR8A+CwQrgIAR+x6Kcvub8yBnrfl827Ll4/uKDm6OjUze9LVrqasfHb4qGpv/arUH+hKR3t72jsmpPzE1kzq0ZkD/cLY0cN2k+xM87q1Ga6/Wf8Fm1rfGWY18G31WXcaRwRPGt2Rppb2tHccSNPG5uEj0wFdaE9DN9FxpdRM73l9YH1WvbR3mI0707x2dV9IVTazJtWnrefqKWz70dWpqel5Zo93jdvWZfVJLdL22dA5sDGGfRI7m9dl7Snq+Fl5RV1649Xdzz6djcP9TeRQc9aubknXgfa0t+/K6HFHeiiPVP0AwKefcBUAyKF972Tjs8ty8+1Pp296y/La3HfbtEG2Hp2Zty7OJT1ZVcf6e3LPS+9ksA6pnc2r8sCq3qG4Y1O7pO4kR/VOyuSqsr53G9fWZ/BYbF+aV92bZQ0d/T5rzdGdU8dNm5nefqBdDc/m2XcGqXrXq7n//vV9AXMhFZXp69DZdWx0Orq6Jn1ZX8NDeWTTEInR3vo89GxvF7rpqbvqdEy4OiFfvm1eynvebX/6rjy0cbC73Jl31i07co/LLsniW2eexikhTmXb9zyzPe+2P31XHhrsnve0fcex33zmTZpclb7W2Lg29UPk0/uaV+XeZQ0D7uHwvcSPo7IuS2p7ns6uLXnkrkcy+M9lV1596KH0PQaXLM6t/SZoHbH6AYBPPXOuAsCnXmMeunnLECHYoexr7zh2Ffbyq/KtJ+5OaajkbFJd7vvG5tz18OvpSFdanv5a/nDtJZm5oC5zqiYk+1rTWL8um7YfyJGs9sHcNuQBh1b6cl3KG7oDr67tK7Po5k2ZVVeTmqoJSfaltakpjRu3ZHdXkpSnvLwjHb3JyNG55qSaLKhZlQeaupJszwtf+8NsqVmYeXOqMqGzPZsbX0r9lt3pSlkuuaQq27cX7L42rrwvrEzjI7m/6mupmzwuoyeXUpo0Ohk9M7cuviSbVm5PVzrS9MDN2XzJzNR9+aqUKsYlne1pfv3V1G/angM9N3DyrUuO7UV8qkxbnCeWbMui3noeviWbXqjJ/LruejrbN6fxpfps2d3Xmqm578HjT8/6MZ3atq/LfUtePXKND9yczZfMym3za1Ixbl9aG9dnbVNrupKUlZWlq8uiVgOUvpy68oas726MrFx0czbNqktNTVUmJNnX2pSmxo19z0h5eXk6hmyMkzE6pdsezLzt92R9a1e62hvzwI0bM/mKusyfU52KcZ1p39yYl+p7n4MkZZdkyX11A+aKHrn6AYBPO+EqAHzqdQ/JPzFlqbhqcR74Rl0uOs7w/UmzHswz41blW/evT2tX0nVge5pWb0/TIMesunF5VtxWOoF16AcxbXGeWNKaRStb0pWkq31LGldvSePRZ6m4KksefjClLbfnlqdbk2zPsWsXjcvMJY9m3u7uoCbpSmvT6qwYUHRZpn/tiTxYVZ959xYNV6tTV1OWLU1dSTry+tMP5/UkqV2RU0zlpQAAIABJREFUv7m7lCSZVLc8Txy6P3c93ZKudOXA9qa8sL0pLxxzsLJU3fhoViwoupLPiZlU992sGXt/7n3k9bR3JV2tTXlh5SD1lFXlxuUrclupUGuenFPa9kdfY1cObG/MyocbjzpWbZbfmtz7cMPpvLJPoGlZ/MSStC5amZbuxsiWxtXZcmxj5KolD+fB0pbcfsvTac2JLpQ2jHHTsnjFE6l85IGser09XenK7i3rs3LL+mM27X0WvnzM6UawfgDgU024CgCfcWXlFZkweVpqZs1JzVXVuegkekdOqF6cZ16en+b6l7Ku/vVs29Xe09OyLGMrKjPtqrosmF+X0sfMJSbVPZqXr9icdavXpb55W9o7unuXlY2tSOW0q1K3YH7qek9yYHrGpjUHkmxs3JQl1UcNXR83LYuf+evUbVyXp19o6qu5bGxFplXXZcGtC1I9KcnHWtBqXGbe9/08XP5QVjZuS3tv99PW3dmbUk+PunG5aP6jefmq5tTX12djU3O29fUiPrX370RNmvVgvj9zb5obn8vadZuP1FM2NhXTqlNXd2PmzLoop6sD7aA1ncq2773G6l3ZuO7pvNDYnNaOrnTf72mZuWBhbqkrZVLz42fwCj9BJtXl0ZevyOZ1q7Ouvnng81E5LVfVLcj8ut7n+0Cmj01auxsjm5ZUZ+bHmUNi3EWpe/D7qdm1MfXP1Q94FlJWnopppdTV3ZK6WZVD/xFnJOsHAD61zjl8+PDhkS4CAAAAAOBM+eCDD5IkP/3pTwvtf/nllyexoBUAAAAAQCHCVQAAAACAAoSrAAAAAAAFCFcBAAAAAAoQrgIAAAAAFCBcBQAAAAAoQLgKAAAAAFCAcBUAAAAAoADhKgAAAABAAcJVAAAAAIAChKsAAAAAAAUIVwEAAAAAChCuAgAAAAAUIFwFAAAAACjgnMOHDx8e6SIAAAAAAM6UDz744JQcR89VAAAAAIAChKsAAAAAAAUIVwEAAAAAChCuAgAAAAAUIFwFAAAAAChAuAoAAAAAUIBwFQAAAACgAOEqAAAAAEABo0a6AM4+bW1tI10CAAAAwCkzZcqUkS6BT6lzDh8+fHikiwAAAAAAOFM++OCDU3Ic0wIAAAAAABQgXAUAAAAAKEC4CgAAAABQgHAVAAAAAKAA4SoAAAAAQAHCVQAAAACAAoSrAAAAAAAFCFcBAAAAAAoQrgIAAAAAFCBcBQAAAAAoQLgKAAAAAFCAcBUAAAAAoADhKgAAAABAAcJVAAAAAIAChKsAAAAAAAUIVwEAAAAAChCuAgAAAAAUIFwFAAAAAChAuAoAAAAAUIBwFQAAAACgAOEqAAAAAEABwlUAAAAAgAKEqwAAAAAABQhXAQAAAAAKEK4CAAAAABQgXAUAAAAAKEC4CgAAAABQgHAVAAAAAKAA4SoAAAAAQAHCVQAAAACAAoSrAAAAAAAFCFcBAAAAAAoQrgIAAAAAFDBqpAvgk2B/frLyodTvSc6vuy9Lrh5/wnv+sunRPPbKxNzy7YW57GPV8FbW/ulzefvSW/LthR/vSGePo6+p+/371y7NPTXnnbEqzr426sr+XS1peu0nad71fjoPftT98agxmXj+xZlRMzszLzsvZR+r1pHX1dGcH/xof7608OqcudYGAAAATiXhKse3vzlb94zJmDEHs2dTU967+vpcMNI18em0f0fWf++5vPl+Mm7ypbn6+pqcP7EyF4zqSNv772XX1jfz2nOP5ZVxU/KVr341X/wEp5I7f/R8tr5/bb400oUAAAAAhQlXOa73mjZlTypTd21S/4Ot2bTj+tww9UxXcVkWfvvbZ/qkp9mn7Zo+5vV8+FbWPvpcdo6fkZu++ZWUyvv3TS1P6YIpKZWuzvX729L0/Nr84LGVObh0Sc5gJ18AAACAAYSrHMeubG3uSCZ/KaUZ52bnD3Zm66bmfGVq6dhh2R3NeXHt+jTvOZiPRo3LxXVfTd2ADX6ZpkcfyysTb8o3Szuz5sWtef+jZNS4izN74U2pOb8jP3nuubyysyMfZVQmzrghi24opTzJ0EPoF+eGvJbnX9uZjo+SUWPOT2newtxQKj/Ode1PW9OLebFnv4wqz+QZ1+aP5vWe78hw+Zu+WcrONS9ma3exuXj2wtxUc346fvJcnnul57wTZ+SGRTfkyGk/zK6fvJj1TTuzp7N7WPuoMRMzpeaG3FRTmXMHvaaPoaM56//qtTTveT/do+hHZdz5pVy/sH9NOYvb6Jdp+t5zebv82ixdUjP8MPnxU1Lz1XtSvvbRPP9cUy69pybndTVnzZ89n52D3MuurWvyZy925Nql93QHsfvb8pP1P8prO/fkYE89F8+elxuu7m2X3ntw9LGO/rz3/Q255dwNeX5rZzLm0sz75sLMONicF9f+KM17OvNRklHjzk/p+oX5Sqk8Zb37vZ8kr+SxP30lE3ungujqSHP9X+WVrbuHfC7z1tr86XPv50s3zUjbi69k90ejMvFLX809cyu79//B2qxvHurahvbhrp/kxfWvZeeeg/koozLm/Isze94Nubqyd8+udDTX569e2Zrd3cWlfPKMXPtH8/o9YwPbfO1rO9PZ//cxakfWr3k+W3ufv9kL+/0eAAAA4JPn1x944IEHRroIzmI7GvP8/70n5//uf87V/64yo997LS3b/yljr/xiKn+j33b7/3ueWv5fs/1geS6/7g9Sc1FZ2v7bK2np+Cidnb+V0uxSzsuB/I833sg77e9k688P5sLZtZl9yfi8/05LfvbTtrT9fGPe+vXLc/21X0zlr/4hLS2b8/aHl+bqqeOTvJ/m11ry/sRSZpfO63vf/u7/m83vjs5/mF2bay4em45d27P9/3k7H156daYOOTXsL/OTlY/l+Z99mInVc1J7zYx8/ty92f7mpmx8a1Smf/HzGZvkwP94I2+80553tv48By+cndrZl2T8+++k5Wc/TVvbz7PxrV/P5ddfmy9W/ir/0NKSzW9/mEuvnprxSXb96LGs+r/25NyLZqd2dnVKn/+tdO7Znnd+vjlt467Mf7rwN4a8pn+56Hdy1efHpju8+9/zzP/5Xs6fXRo6cPxwa9Y89EJafvVvM2N2ba6ZMS0X/to/pa11Z362tSNTai7rDubO4jba/9//Mv/l5xfmpiV/kKqypDvIeynfe+b5/OCVxjQ1d+TfTpuSf3j+z/LEj0dlxhen5vNTRuWtV/5b9k2uyWXnTep+Nt/+6Kh71ZWfvfJf8/bo382N/2tlfuPDt7L2kf+STXvKcvGc6zO7ekrO/aed+dmWTXnzvfNzZem8lPXeg7G919Hr6M973v/923n74CW5dt41+fykyvyHz7+fFx75P9JyzoX5ndnX5uoZn8+5e97O5jf+Nv8w8Uu5fNK5+c1/Oym/+qef5x9+dWnq/vPsXD6lMr899p/S9OSK/GD7oZRXX5vrrynlwo92peVnb+bv+j2Xeb85r7X8ff7+5+/mt39nXq4t/VbO/1/+Uy78zR158TtPpvEfzs3Fs2szu/qyXHCoLZs3/W3e6Lu2IR6ht9bmO6s3ZU/OT/Wc2lxz8bn5p50/y5ZNOzNq+hfz+bHJL5uezIofbM+h8upce/01KV34UXa1/Cxv/t1bfdsc3eal2bW5akrP72NnW9qa/i7tVXNyfc3FGfv+O2n52RvZM/FLuXzSrw/1dAMAAMBp8a//+q+n5Dh6rjKst97cmoO5OF+c0Z2CXTbj0uTtt7O1eX+u7rew1Y5XXsnunJ9r7+odpl1KacaUrP3O89lz9EEPjs+VS+/J3POSZEYuPbcjf/bizrxXflO+ubDU3YutNDH7/3xVNrXtTEcuyFD9UA9mSm66Z2FK5/ac8+LyPPrYK9m585fJBYPHkV3N9anfMz5XLl6aeZU9cVOplKtn/CjfWfVK6ptnZlGprO8M469cmnu6i82MS89Nx5+9mJ3vleembx4578T9f55Vm9qysyO5oLwtW5v3Z8ylN+WuhZf1BFqllK6s7O5duXNX8sVTtyhXR3Nzdo2amGu/eseRIfKlGbl4/HfyxKZd2fXLZMp5Z3MbvZemv92diTVLe7b5MG+t/U6eezs5/8prc9OU8dm/87W8uPKJjE8ybsaU7nONL+XKyfV5beeuZGplLrtyRsa8vTVb30ou6729XS1p3pmcX1fK+CQ76l/M2wcn5kt915aUSldmxvrHsurN+rz23mW5/qQnFJ6SeXf9UWb0dr98a23ePlieLy3+ar9zVCZ//r00v7UzXaXLct7UUi5+8/m8ebAyF5e6w+D9P3k+r+wZk0tv+mYWls7ta8cZW9fkoRePfi6TcVcuylevr0wyI0ny3o9+kK2dF+eG+xZlRu9PszQjV25dkwdfHO7a3str9W/nYPnMLP7m9alMTzvNqMyah9Zn69Zdqbl6V55/ZU/GXNqv/VPKjBlbs+ahF/NKfXNmLjrSm/3oNu/9fez/0pHfUqn3t/RWW1I64/OMAAAAwCnxayNdAGexrua8+XaSi2dkem9qctmVmTEm3Qtb9W24Kzt3HEwuvjoz++eZ55ZSM2PcscctvzQz+m1XNqY7459SKvUbHlyZysokHyVdw9U4pZRS/zHF503MxCTv73p/yF3ebt6ZjCrPmI6309zcfORfx0cZl2Rn887+xebSgcV2/0XiqPNWDih2Sub9b3+eB/qC1d59z8+UiUk+Ojj8NR25mNTc8+18+9sLM1wUW/7FRXngz+85Zu7RC6acn+TD7D+YnNVttGtrmjvOz5U9J/xw6/N57u2DufiGe7Jk3tUplUq5+oa7ctOUD9NxsPdeJ8n4jB+fdHbs7347dXouG5O8vfWtvlPt3/rfszPnZ0ZpfJK2tLx1MLm4JrMH3KuyVM6emfPTkeatu4a7ksFNvDiT+19feXnK05E3f/CjvPXehz33prL7mfijy4boPbo/bzXvScbNSE1p4CD58TNmZsaYZOfWlgH3ufLiyn7vfpnmtzuSiWPS1dY84Lne+eGojEtHd5g9mI6daetIJl55ZfofMefOyKI///PcM7cy+99qzp6My4ya0sAh/ONnZGZ3cWnpX9xRbT5m/Lk59rc0OeeXJ/noo8HrAgAAgE8APVcZ0v43m7IzycUzLu0XCE3N9MvGZOvW/gtb7U9HZzJu4sRjgqPyiYP0Zxw1xAyLo4Z9O4STfYR/mY73k3zUlr99vm3wTTreT0e/4w9e7YkU25UPO/Zk1673s6ftrby1c2d2dyTJ/nQkw88rWkDXh/vz/p62vP/erry1sy0727r7o3Znj2dvG3W9/346x01J5fgk+WXebNqZlM/MtTP6z+tQlomV45O3J+biKUMd6ciz+VYuy2XZn7e27k4mfyWl8UnyYT48OPg9yPjylCfZ07E/yZgTuqohXTA7X7lyZ557c1Oee2JTMmpMJp5fypVza3LllPIhwtUPc/BgkgsuyPnHfFeeieOTdAz33Lyf9zuSpCU/eL5l0C063xti71++lz1JLp049BP5YXdxueDY4lLeXVz2Dzj8YG1+7G/pXP8LBAAAwCec/2vLEPaneWt3OLfz+T/Lnz5/7BZDLmzVz//f3v2FtnXneR9/7448K1GL4fAgMTa1tpxnVt6VmBzKYdbesWnFIBb1qcMkLL5wwB7ai1x4oIH4wrnoQAZaNoF1IGGnPOQiyyRQsWghgRoiFu+uwli02nJ2Rt6RiEWfwzzyPBb1YThQedaasWj3Qrbj/3HcTP48/bwgF5F/5+j3O7+fc/HJ9/x+wa5n9KiaSIbzU4cfnHRAnd+RrHx0net3XFYBAkG6gwa9SYt4xaH2sIsf1doit9+7RcnbODiruxvDiGHHAxSrSw+9/GnPkd/0IWR2Is2mS8WD7iGL3W+wt5pr0B2ndytzrePWoS/9oN6y304SdCpUFyHZW6GTrSY5cPvdP4gQ/aeneGdkBbdUouCUcZdKzF4vMZcYZ3oi+Yc7wOk4h6OpclRERERERETk2BSuyv6WCxQbQN8QY8OxXT9sUsnPslArUGpaDIfDGN1Q9TzWie0IWxvLy8Du658mg7AB1FyW1lNED0uGj6s5T/aOSzt+ivPjg9u+o84Hf4BwdXE2S8kzGDh7lhEzvPX8150bFKubrZ6TOVpr0QJC4d3Vo8uUq6sQi231dM2Zo7jax6nktujUHMDudnAWFsn4DkvEGd2qgA0RCsLqPs+Apo8PGJHIts+aNGFbMOuz7AERjqYrijl8EnP4JKw3cbIz5KoFys0kg3vS3hDBILC8TAN712z4eE3ANA75z4DO/FJ3qZN8tNnsjdFDFc9bYWdlq0/h6gwF4zQ/jAeBZZYbYO+6ud/pHMbjLsUWEREREREReQ5oz1XZV90p4xPETp/Esqxdf4Y5OdQDNCgWOsGclQxCrcDc9nLPtQoFZ/UpjeAgXZyw40CNwtyu2tSVu8xceJvLd4+x7+Z2dZcGYNqDO8Lb9bpD9bE/jhUa9RYYCYa2BavQZGHH3rHP7hyFgkFoep0q3839WN3Gjv1FVwo5ij70bOy3ur58l+u5Gj2Z0V1BZQzbMmhVStyuLu3cLxiTE/s9A9apzxVpECSejLIVdHpL2/YVhrVy6UjB+ErhJ1x8+yrzzW0fdoWJhA/7v6wwSasHVh0K5bUdP2k6RZwWmAfvh8DmuPe7fq18k4sX3uaGs7b/pUYc0wCvVGLHyl/5CKfRJhzrI5K06GEVp1Bmx12aDsVO5zisdyIiIiIiIiL/v1LlquxjkZKzCsYQQwcc4h0eSBGfzVJziiyeHKU/M0qifIt712bw0ims8DKlu0Xc1pPt+VF0WSNkClfI37vCO0tDvDYQY63uUCrV8IIJxlNfsoozFqePKtXcDLlmmni4jV8uMFf1H/E3boXCzBXyXoLxAw+1ihKLBcG5x/XrbV4biBFouswXHJZaAeDBK9+xZ3SOwrEYRqtKZRnM3iSpIYNqMcd7t9ukTKiX7lLeCEP9WoEP6i6lqkfwxDhTu0/xAnrtBEaxSLUG8bHEjgrV/pFREpVb3LtyGS+TxjLWcOcLlJZWCSbGycQAwiTtPu7cccheDZBOmeDOU3DaGBFoPGQ80UQSI59n9upPqA8PkjTAr8xTWFgleGKUzULaUCgIXon8vMFAPEH/8BgZ5wr57GWuumlSZmhj3XjQk+HU3nLXneNOj5BwblHNvstMLUM6HsKvfMT8whKtngwj9sZmBJWbXLhVJZI5v/H8ekmPJHBuFXnvsk8mbWGs1ZjLO3jBE7wxFIWuKGMZhyv5LJevuqRTJiG/TGGuikcPmVODT3jrBREREREREZFngypXZY/1cqdSrmcotWffyy1dVueU8FaFhUUglGRi6iwZs00tnyObK+H3ZhgdOOo71E9SlNS5acYG+uiqF8lls8yW6mBmODs1QfLLbogZHuTNyQzxsI8zmyWbvc28H+P0W9OMW0HwXBrrD7/NUZmj5xize2hvjCU35xKyxpieGqEPaLgb9ZfP6hz12iQMH2euwjoQOznJGwMRfCdHNneXes8o56ZGsbsDtNwSJTeANTbN9JkD9i7ttUkYAHHsxK59HzaewUgiiDuXI5udxfHC2KNv7dgLNTz4JpOZOCGvxGw2S74WYvjsWdJHeVTRFJNvnSIR9qnmc2SzOfLVFrHMWabO9G+FvearGeLdTaqzWf5hzgWipCanGRuI0HJmO9fV2phDbzB97vD9gbfGNj3JSCJCs7xxfdUnbI8xPXn49aHkBNOTIySCLnO5LNnZMm0zw+T0Gfq7Noc1yfTYAJGWw2w2Sy5fo20O8cb0OfbJuEVERERERES+Ev7oiy+++OJpd0JEvtrWF9/n3X+oYY5NMWEdsQZyfZm7713jHhnO7wgfNyp+I8c43ElEREREREREvhI+++yzx3IfVa6KyFPX1X+GyYxBNXuZqx+4NB9S2bu+4nDz8jXu+QnGz+6qyqyXKHlB7AEFqyIiIiIiIiLyh6XKVRF5ZvjlHDdyDl47QCRuY1smRgDC4TDNZpO271J2HGpem24zw8R4itjGu/zNxbt84DRoVGt4RobzU0d4lV5EREREREREvpIeV+WqwlURebasN6lXHebnHVzPZ7W1eShXgGC3QcS0SaWHSEZ37qfadK5zOedCd4LTP5zANp5810VERERERETk+aBwVUREREREREREROQYtOeqiIiIiIiIiIiIyFOkcFVERERERERERETkGBSuioiIiIiIiIiIiByDwlURERERERERERGRY1C4KiIiIiIiIiIiInIMCldFREREREREREREjkHhqoiIiIiIiIiIiMgxKFwVEREREREREREROQaFq3IETeavXuDChQtcnW8+0pUrhRkuXLhJ5Uv3ocLNCxe4cPPL30kO9/jm7FF05nemsPKl79Tp/wyP4VYiIiIiIiIiIodSuCoP1yzjNIIEg9AoFlh+2v0RERERERERERF5BgSedgfk2bdcKNIgxkgGZu84FBdPMtr/pHuRZOLSpSf9pfIciqamuJR62r0QERERERERka8ChavyEHWcsg99r2LZIWp3ajjFMqf6Lbp2N/XL5G7eptxo0Q50Ex85y8iOBisUZq6Qj4wxbdW4kXPw2hDojpOeGCPV4zN/6xb5mk+bABF7lDdHLQyg89r4LaqJcS5NJLf+7mUmGWWO7FwNvw2BYA/W6QlGLePgIVVucuGWR2ZyFOZuMldbpR0I0mOdZuKUhbFtYGv1eXK3C9Qaq7QBAkEiZorRsRSx0FYjCtkcBdej1YZAMIKZOs1oyiTMUdq45C5exzE3x9bh5i5y3Wlx4o1LnNkKszttF+1J3j4Zg3Wf8uz75J0l/DYQMOizM5w5vfncOq/JX8lHGB0PcTfrsEqQxOlpJuzQEebsUfiUb7/PXLmB12oDEOjuwTq5ez7WqBeyD+YsMsD4ZPzhc7RtTQQWb3Mj69BotR+sn40J6YwXMuenSEV3rrmbt8s0Wm0IGMTTY4ylYoQQERERERERETmer128ePHi0+6EPMMW/5nsvzfo+d7fMPynMb6+PMfC/d/wwsAgsT/Z1q75ET/523/ifsvg5f/1fVLf6sL91zwLfpvV1W9gpS2i/JZfffghn3z6Cc4vW7yYfp30n4fxPlngFz93cX/5b1S+9jInM4PEPv9/LCx8THUtwXB/GPAozy3gRSzSVnTr75/++j/5+Ndf59vp13kl/gJ+/T73/6PKWmKY/vABY/LKzC18yq//80M++fzbZL6fIh76lOrHH3LvfoATgy/xAkD9A6689y80Qt8i/Xqa71gv8Y3VBvc/+SUfu90M/OWL/AkrFK5dI+99g8T3XuN730nS+/tPKH1Y5JdbfX9YmxjU51hwuzBTyY1QdIVy/md88l/w2xfivNL/jU7f3TlyJZ+/eO37JI0VCn//d9y5/3uM72Q4+YrFi+06C78o8bPKg3H89lcf8uEn/5dqtcWfZ07zykvfJPbtPyP6+6PMGZ2g80qWcuAE333phQMe6hrOjXf5x4XP+R92mtdfsfmLF/+Y37j/h9ovHHwzRXIjX3Vz7/K/f/YpgZeG+H5mkBebP+dO8Vd8vroK3/qrzndszdHH/PrrFunXv4u5sSZqrkvhZ5/yP//6JKn4C53182GDyKsv882vbY4XvvVX3+WlF3auud7vvUb65Riff3qf+wslGpFXefmbX/syvyEiIiIiIiIi8hz63e9+91juo8pVOVSl5NAizqDdSSqTdgKqVZxyk+HhB+nlYj7PEj1k3jpHKgpgYdkmNy9naey+aSvMwPkpXosC2CRCPj/K1Vg2xpiesDqVhFaE5jvvUXRr+PRyUB1qC5OxqQms0MZ3xg1mruSp1VagN3rIyFq0jAznz6U6AaJlYcdu8ONcntnyEG9aXbhOmWYwwdhbEyQ3qlkta4DYjR+RrdWoM0hypYrjQWLsHGesjVtbCcLXf8xtt8YKvUSP0CaejEO1Tn0FzCjQdKl4QYLBFqv1ZZrECAP1yiKtYJITJjTns+QbQRJj00xYG/WXlo3t3ODdbePYZJ5+izP2gzrNxdwjzNnD+GXK9QCRzFl+mNp87hZ2PMzla0XqmwNrzvOB0yKYGGdqIrkx1zaJuzNcaUBk1xxhjjG1Z000eXVr/Vhb66fignXQdhU71hxYdqRTCV2ugZU84CIRERERERERkcPpQCs52HqZUhWI25zYzOiSA9h7DraqU1tsQXyYoe15ZsgiZXfvva+RwN7WrivYyfhNy9r2inaMWAxow/phfTQtrO3vdUcjRACv7j10eIn0RrC62V17gARQq7idW59+m3cuPghWN3pLjxkB2rTWAcPAAKr593Hq/kZfQ9hnL/HOZnB7hDZd8QR9eFTcZudr6jWWMEmn+2CpRh2AFdzaKpgJ+mlSKTeg2yZl7XyxPWwPYQeh5ixse3YR4n3b2z3CnCUnuHTpElOpQ8JqY5A3L76zt02vSQ+w1mwBsF6r0aAbO5Xc8Tp+NJ1i18YAwO41ESQcYu/66evBANrtg7u3+xqIEIsAnsfKIZeJiIiIiIiIiBxGlatyoGapQA2I24lt+6v2cyIZxHG2H2zVxF+F7khkzz6sRmSfmtPAAbtcBg796wGOu4Q3wrV9Pqs2GqzQvxW8rq/5NOp1vIZLpVKjtuQD0PSBqMXIqRLX7yyQe2+BHAG6e+IMp9LYVm9nz9WuI7QJmyQjkK/WWB+0abh16EtjxX2KOLh1SBouFQ/iqTjg02oBvb307BmbQSQM+E38A8f/iHN2VOtrNL0GrrdMvVLDrbmdKli/Exr7TR/opXd3p7sMwkH29ne/6d2zfkIPXwUHrTkRERERERERkS9B4aocoEnZ6bwcXsv+iAvZvS0OPNhqm2DXcxhqBeiMaeUjrl+/g7va+TDYHcToTWLFKzi1B82jg2d5225SrzrMzzvUGlXy2Sr5woNtBx7eJooZ74ZihRomnruKETcJR1cxg/dwXZ/1cJV6Y+OzAAAEsUlEQVQl+jgVP+yJf3nHm7M1Fm+/x62St3HwVzfdhkHMjhMoVll66PUBgvrXSERERERERESeM4ozZH/LBYoNoG+IseHYrh82qeRnWagVKDUthsNhjG6oeh7rxHaErY3lZWD39c+CJt4q7NgXAI+6B0E7hkGT+ewd3HacU+fHGYw+GFX9g53hKgBdYWJWijNWClhn+e41rt0rcM9NMWoerU0s2U+wuIjruniNIObJKGBgxsCp16lSg75TJMMAIYJBYHmZBvauJ+zjNQHTIAoHvPb+mOdscZZsycMYOMvZEZPw5g3XHW4Uq1vNjLABLLPcAHv7V6x7nfkQEREREREREXmOaM9V2VfdKeMTxE6fxLKsXX+GOTnUAzQoFjpBnJUMQq3A3PYkb61CwXlWE7MWlfkya9s+8ecLVAmSPGECddwGYNo7glXW6zjVB2Nar7zPO29fJLe4/d5dGNHwI7UBwExgsor7wTw1Yph9nXam2QNunrwLkaTZ2UaAMEmrB1YdCuW1HbdpOkWcFphxk4M93jlbadRpYZAY2hasAs2FMttz6K54Z4xOYeezXynOszuvFhERERERERF51qlyVfaxSMlZBWOIoQNOXw8PpIjPZqk5RRZPjtKfGSVRvsW9azN46RRWeJnS3SJu68n2/FG0qllmfuKSGjahNkfe8QgmxhnpB4gR74NqNcdMrkk6HqbtlynMVfG3/dp0xW3MwALOrRmaAwPYsTDNeoli0YWeDK+a0LX+8DYdcZJxyNUa0GNhboSURqyXYMvBx2Ao/qDUNjw8Rsa5Qj57matumpQZwi8XmKt60JPh1OCu8HaX2FHnrHKTC7eqRDLnDzzUKhqLEcTh3vXrtF8bIBZo4s4XcJZaBICts6bCg5zKlLiS3/vsRURERERERESeN6pclT3Wy53Kx56hFL0HNeqyGLKD0KqwsAiEkkxMnSVjtqnlc2RzJfzeDKMDe06NemYkRt8g2S6Tz2aZLbcxM2eZmtg8xT7M4JuTZOJhfGeWbDbL7Xmf2Om3mB63COLhNtahq58zU28w1AP1UqfdbGmZoD3G9GRnv9UjtQGgi3iiD4Bu02TrWCkzjgnQncDaMSFRUpPTjA1EaDmzZLM58rU25tAbTJ9LsX8Mus3jnDNzlHNjNj3tOsVclmxuDjdkMTY9xUgf0HBZ3ux1apLpMZuw5zCbzZKvBLDGRkg8+reKiIiIiIiIiDxVf/TFF1988bQ7IfJEbVRiJsYvMZF82p0REREREREREZEn7bPPPnss91HlqoiIiIiIiIiIiMgxKFwVEREREREREREROQaFqyIiIiIiIiIiIiLHoD1XRURERERERERE5Ctlvz1Xf/CDHxx6zU9/+tM9n6lyVURERERERERERL7y9gtPH/YzhasiIiIiIiIiIiIi7B+iHha6KlwVERERERERERER2bA9TD0sWAXtuSoiIiIiIiIiIiJfMfvtuXocqlwVEREREREREREROQaFqyIiIiIiIiIiIiLHoHBVRERERERERERE5BgUroqIiIiIiIiIiIgcg8JVERERERERERERkWNQuCoiIiIiIiIiIiJyDApXRURERERERERERI7hvwE/GTfpX26d+AAAAABJRU5ErkJggg==" height="600" width="800" />  </system-out>
  <testcase name="verifyLoginSuccessful" time="7.968" classname="testcases.TestCase2"/>
  <system-out>
true <img src="data:image/png;base64, iVBORw0KGgoAAAANSUhEUgAABVcAAAJXCAYAAACXAGQHAAAAAXNSR0IArs4c6QAAIABJREFUeJzs3XlsnPl95/n3c9ZNsqpI8ZBI6qAO6qaklqy+b9ttu5P1OJ3pxFjPAptBZox41wYWRmAkg01gBEEwMZCgAQPBLtIYz3jija9Ou7vddrsPtfqURN0HSUm87+JRVaz7eX77RxVLpHjoolpS9/cFyCKfeo7f8xSpNj/8/r4/bd/9jyqEEGIFuK5b/ljTtNtyjdt1XiGEEEIIIYQQQnx2vPHqL1fkPPqKnEUIIa6ilEKplf/dze04pxBCCCGEEEIIIcTNkHBVCHFbSRgqhBBCCCGEEEKITysJV4UQt91KV7FKYCuEEEIIIYQQQoi7gYSrQogVo5SCZYJPCUWFEEIIIYQQQgjxaSLhqhBiRSmWD1FXKmCVoFYIIYQQQgghhBB3moSrQogVpEp/JGAVQgghhBBCCCHEp5+Eq0KIFaPK2eonF7AKIYQQQgghhBBC3CkSrgohVpCak61KwCqEEEIIIYQQQoh700svvcRLL710zf0kXBVCrJhi5aoErEIIIYQQQgghhLh3zQ1VrxWwfibDVaVA6QbK9lDwBykEQjh+P5gmEvMIcQvKwapa+L10m0JUCWeFEEIIIYQQQgixUhYLU5cLWM3bOZi7kavruKEqCs3rKKxtwY3Wgm1BIoHV3YVx9gTW1ASaxKxC3DCFQlOgNA1NKRQamqag9B2lKQWatvA4pdAW2S6EEEIIIYQQQgjxSVkuRH3ppZd49tlnF2y/58NVpekoTYNSmIPrsFREo0yTwrqNpA4+htuyFeXzgV4q3lWKwtZdWGtb0H/3CuZw/yd2D0J8aihQmip9D2qzG1jym3KlLivhrBBCCCGEEEIIIW7RYuHptdyT4apSgGVRCFWi6leTr21As2zU1Dhmbw+e8REo5Ocd4xomzrpNpL78BzgNTVdC1VmahvL6yLXugJkk/ld/ipHLfnI3JcSnQLFytRhyKq34sdKuVKwWa1iXOFYCUiGEEEIIIYQQQtxj7rpwtVyJCmjKLYYyc18HVCBAft1m0vsO4rRsAa8fUGjZLNn+btxDb+A7dwJcp3yMU1HFzP2PLR6sztI0lO2l0LAaVRmGseHbd6NCfBoV5/6X/ioFq5TaA8xGq0u0BgAJWIUQQgghhBBCCHFvuWvCVaXrOD4/hXA1uj8EuLiJOJ7YKNrcClJfgPSuA6QfeRotWjMvKFU+P2rdJtKajj3SjzE+WtxuGKj61bgbtiwdrJZoGmimjbLumkcjxD1EoZRWrE7VypvmlasuV716S1eWYFYIIYQQQgghhBCfsE8kQVQAWjHU1JS7cAevl2xDM7k9B8htaEUPBMFVMDGG8/EhfMfeR89mUbpBtqWV9KOfR6tetfjFDB0tWk1uVR2+UriKbpCvDINlXWOgChwH4pPoifhN368Qn1VXglM15+NFeq8uU70qhBBCCCGEEEIIca+47eGq6/HiBCtwff7iBacn0RPT5YzFtWxyG7eTfeyLFBrXouk6s40AVCBAxu/DHB/F03kW17bJbtuNFqle5ooaSjfQNOPKJqXQ8nlUwQF7icOUAuWiT09inznxmQ5XDcPANE1M00TXi++U6yoKhQKFQgHHce7wCMVdS6nizH9K1as3sZ6VVKAKIYQQQgghhBDiXnHbwtVin9NK8tvayLa04tTUAuC9cBbPO7/GTEwXWwE0rWfm6a9A3ZoFU/Y1TYPKCIXGZuzOszjeAIX61ctO7ddcF31yAn1ibM42B2uoj8xwP2rtBtCNeccopdAcB31qAs+JI3gvnL7di5vfdTRNw+PxUFlRQe2qGurqaglXVREI+AGNdDrNxOQkI6OjDA+PMjk5STaXu9PDFnehUtvVojmtAWb7r5Y3SvWqEEIIIYQQQggh7rD29vabOq6trQ24TeGqUopCdS2ZJ54ht2Mf+APl17I1dTAVwzj8Bq7HR2rfg4sGq3AlpClmMBoYGmjGgv3K+7suWjKBde4ERmy8vF1zXfSxEXzv/Y6sYeJGa3AtG7TSa5kMxtgw1ul2vMc/QE8mVvR53O1s26a+rpYd27exb28bmzdupDoawevzYhrFLxHXdcjlcozHJjh2/AT/9qtXOXP2POqqBcfEZ5tSqtRvtdgKYH5rgDn7LdiyyHkkeBVCCCGEEEIIIcRd7raEq67XT/b+x8nvOQjW/Hn4yrRw6tcUq1YrwxTWbli6ElUptGQcY3gAlMJIpbDGh8jX1YNhzttPKYWWTGCeO4l98ghGLjPvVEYui+fUMbSZBIWWreSrImiWBak01ugg5qXzmCND6HMXz/oM8Hg8bNm0kaefeoIHDh5gVU01pmmWQ1OlFEoVWwX4/X6a/H4SiSSVFZV3eOTi7jY/Pi1+tkiPAKleFUIIIYQQQgghxD3s9oSra5rJtO1HsxY2OFUKtMQ0ALrHg+b1sljtoyr1STW6zmH2XC7un01jHf0AtzKCU1sPpoVSCj2Xw4hPoXecwffBO5hjQ4uOSy/k8XScxbrUhcfrQdcNVD6Pns2gu5+9PqKmabJp4wa++vvP8tADB0stAMBxHNLpDPFEgpmZFPl8DtO0CAT8+H0+evv7GR4ZkapVsaxS+9WiRfLTa1Wv3tw1i1+TUvUqhBBCCCGEEEKIT8KKh6tKKXLrNqKFFqlsVAojPoHZ3YXmumipGdTUBIQqr1SvzVahZrNYF8/jO/wGVqo4TV9zXTwXTmOkk+Q276BQGUZzXczJGFbvZfTeS5jpmWXHpwFGIYeRzJXHe6tBjKZp2JYFmkY+n8d13eI228a2LUzTxCk4pDMZ8vn8sucyDKN4nGWh6RqO45DL5sjl8wvCTNM0Cfj9aLpGOp0hm81eOd620TTI5/JkstlFF6Fa3VDP5598ggfuP0AwGCi+d/k8/f2DHDt+nLPnLjA4OEQqlcLn91FfV0fjmtV09/QyPDI671we2yZUEaIiFMLr8QCQzeWYmUkRT8TJZLK4rjvvmQWDAfw+X/G55fIkZ2bI5/P4fT4qKysIBoNYpkkmm2U6HiceT5Ar9Xmd7Q9bWVmBbVkUCgXiiQRT03HS6XT5WVZUhMrvTTqVZiaVAiAYCFBVVVl8fprGTCrFdDxOIpGkUCigaRo+n5dwVRXBYBBD18nmckzH40xPxxd9H3Vdx+fzUVUau2mauK5LMpkkHk+QnJkpvw+aplFRUYHXY4OmkcvliMcTuK5LMBgoXjcQwFWKyclJxmMT5WN1XScYCFBZWUEgEMA0TQqFAplMhkQiSSKZLD+nWcVxVVJREcIqPa90OsN0fJpEIrmii5SpUmq6oBGA0hb2XZ09YJHvQWkNIIQQQgghhBBCiLvdyleu6jqO17cwLFEKZhLYJ49i9V4uRivxSTwnj5Dz+nBDVcX2AG4BfXoKo/cynvffxBzonX/6Qh77Uidmbzeu7Sm2DnAK6LnsdVXBKcC1PCifF+Xxg6GjFwqQSaGnUmg3UcEarqpi+7ZWNE3jfEcniUSC1Q0NrFvbTDQSxufzkU5n6O3v59Kly4yOjS8Is0zTJBoJs7qhgYaGOsJVVZimRSaTYWR0jL5StWgikSwfs6qmmgP37SMQCHD6zFl6+/pZvbqexjVrqI5G0HWd6ek4A4NDdPf2MjExSaFQAMDr9bJtayv37dtDKBgEwHVdenv7+Ldfvcbv3nqH2MTEvHGeOn0Wr8eDQpFOF9suWJbFqppqWjasZ8vmTTQ3NVJZWQHAzEyK4ZFRLnR0cqGjk4HBoXLw6fV6uW/vXrZva8WyTMbGxvn4aDvpdJptW1vZtnULqxsasC2LeCLB5e4ejhxtp/PiJbwem9Ytm9m+bStrmxoJBoNkczn6+gc41n6Ck6dPMzExSWVFBY8+8iDNjY3ohk5n50WOnzxFIBBg545ttG7ZTHU0iqHrjMdidHZd5MjRdvoGBorv6dZWduzYRn1dHbZlMZNKcfHSZT4+eozzFzqZmbkS5Hs8HpqbGmndsonWzZupq6vF6/WQz+UZGR3j0uXLHD9xiss9vaTTabxeL4889ADr1jZjmgaDQ8O8+dYhvF4Pe/fsZvvWVupqaykUCnx89Bi//LdXiCcSVFZW0NzUROvmTbS0rKdu1SpMyySfyzMdj9Pb18/xk6c4fuIUuVwOy7JYs7qBra1baN28iTVrVpfHNTk1xaXL3Rw/eYqOzi5SqfQNf+3fqttRvSqEEEIIIYQQQoi7x6YvfpNvPNkEPccZDO1mR7CX1/+fF/hZ150e2cpY8XBVUwq7vxtnegK3ogoAlS+gJ6exzp7A++5vMUrVpXomi+fj99CTCfJNG8C2UJkMdncXnsud6FOxJYMXrZBHd91SIOtcV+9GVzdwwlFyjetQ9Wtwo9Uo3UTLpTHGRjAvdWIO9aGnU9ddMWcYBo2Na/jj55/D4/Hw0suvkkgkeOShB9m8qYVgqbIQDUZGxnjvgw955bXX6entK1eiejweNqxfxyMPPcCe3buoqanGskx0vbh4VyqVorPrIoff/4CPPj7KyOgYAHW1tXzh80+yZnUD7763msuXe/jc/n00NzXi9/sxTZNcLsfw6Cjvf/ARbx86zKXL3eTzeaLRCNu3tdJQX4emaSilmJqO894HH/HGm28zNj6+4F4dxylXfkKxWnXDhvU8/ujD3P+5/axuaMDjsdE0rXzOQqHAeGyC9uMneP2NNzlx8jQzMzP4fT5279rBl77wNH6/n+GREaqrq7FMk/v27aGuthbLMtE0Ddd12X/fXlo3b+Ltd9+jOhrhoQcO0tTYiMdjo+s6Sin2tu1m145t/PylX/Hm2+8QDAZ46P6D7Nu3B9MwOXf+AvX1daxtbmLXju2Ew1Xoun7lGvv2smH9Oo62n2DTxhY+t3/fvHEopdi/by/bWrfwP/7lXzl2/ATZbBa/38funTv4wtNPsqdtN+GqSkzzyjGuq0gmk7SfOMkvX36FY+0n8Ho93P+5/Xxu/314PB76+vuZnppm69ZWHnnogXI4DjCTSvHa629Q5/fz0IMHefzRh9mwbh2BgB/DMMpfq0opstksDfV1nDt/AYCdO7bxlWe+yN49u4lGwuVzapqG47hkMmn2nW3j5y+9zAcffjzv/b0ZxWpTSqnp3EWt5laqcuuJamQD25uDLGw8UrT492+OZM85OiZu8dpCCCGEEEIIURJtaaU5lCPWfpGeOz2YGxJm07Ymgnby2mMv/fyVi52go3e5HcVn0Ve/9bc8vbH003myix//+Qu8fdU+iWiQqG3Dxv1EAYgQSvKpcVt6rpoXzuAJvU5h01aUrqNNTWL2dOI9exI9GS/vp2lgJacxjxzGPnMMXTdwHQcjnVoye3F1AxUMUYiuohCOgGmhZTOYsTHM8VH0zOLhkGta5BvXkt13P/lN26GiEnQDNA3lKvRchsLmPqwjh/GcaceYuf532TQNqiorWVVTzZe/+PliH1hDp+viJabjcXxeL+vWNrNu3VrC4Uocx+F//uSnTMfjeGyb7dta+dr/8nvs2b2L5MwM5y90MDwyguO4rKqpZsP6dRzYv491a5sJh8P86tVfMzExiaZrmIZJuKqKB+//HNu3tpJKpTl15hyZTIZAwE/jmtWsbWqkrraWqqpKfvrzl+ju6aV2VQ1rm5qwLAsohmL9pcrP8VjsmvdsGAYtLRv4d6V+raFQsfo1ncmQTM4Up/0HAni9HupqV/H4ow8TiYTRNI0jR44BoGsahmFgGDqraqr54tNPYpoGum6QSqUwDAOfz4thGAT8fvbs2c3atc14PR68Xi+5XI5cPofP68OyTGzbYmPLBp56/FF6+/qIxSbQDQND1zEMnfXr1rJmdQNerwfHdUkkkti2jcfjwTB0wuEqHnnoQXbv2kkoGMQ0i+MwTROfz1ua9u9l757djI6N0z8wwMjoGHvbdvP8c19jx/at2LZNoVBgdHSMVDpNRUUFVZUVVFSEeODgAXxeLzMzMwwODhefga5hGDrV0SjPfvkZ1q5tIhgIks3mcBwHwzDo6e2joiLE5596gi88/STV0Si6XgyEE8kkyWSx3YDf78fn9TI6Nk6h4LCtdQv/2//6x+zeuaPcomBsPMbMzAzBYIBIOILf72fvnjYikTCpVJqPjhxd0RYBt8sjf/wN/v3G4tfcYkHqUr8cSXT+K//XPxy+rWMTQgghhBBC3Hvu2pB0kcKS5IqEnEGKJ7XxRIBSEUpzyy5C9HK6a/JWL3Bnff27/PBAkI6f/AV/f+hOD+YGPPRN/u65IKf/7G958U6P5bqECUXnfHUGg6yFeeHqwa9/ky9vqwMmOPqLl+hufpZ/1xZhz3/6Nvz2B7x4L70/S7gt4aqRnsHz4dtYXWdRpomRiKMlptGXCm2UQssX0HQH3XEX3wdwTItC4zryW7aTW78JN1wDhl5c+Gq4H8+pY3hPH0NLzw9YlW5QqF9D9oEnybfuBK933uuaoaF8fvLNG3AsCz2dQj99DO0GF2zyen3U19Xy0ZFjvPPuYbouXiKRSBYDubbdPP+Hf0Bz0xp27tjGO+++RzyRoL6+jqcef4z9+/YSm5jgldde5933PmB0dAxXKSLhKvbtaeMrX/oiLRvW8fijDzM4OMQ7775Xvq6u62hodHRe5M233+HipctkMlkCAT9bW7fwhaefZG/bLvbv20t3Ty/jsQki4TCROZWMhYLD8MgIg0ND17VQVTQS4YGDBziwfy8VFSEAYrEJjp88xfmOTjRg08YWdu7YTk11FI/Hw47t2xgcGqa/f5DkVeG1ZVkEAhojo2Ocv9BB/8AgoVCQ3Tt30tS4GtM08dg2q2pqGB8f5+TpM/T09mEYOju2b2Pjhg3lAHRtcxONa9aQTM7vv+v3+zBNk+6eXs53dBCLTbC6oZ7du3aWK0X9fh+2bTE8Msr5Cx309Q9QURHivr17aKivwzRNTNNk86aN1FRXo+sGTz3xGK2tm7FtG8dxuNDRxaHD7zM8MkLL+nU8+cRjrKqpwbIsdu7YzoP3H+TVX/9mXgDo8/nYsX0r6UyGk6dOMzA4RCaTIRQKcqGji/337eWpJx4rtjEwdAqFAhcvFVsN9A0MUMgXiEYjNNTXcbT9OH6/jy8983l27tiOaZoopbjc3cMbb77NwOAQqxvq+eLnn2J1QwO6rrFu7Vo+//QTnO/oYHJy6oa+7pemULM1q8tUqyqKFe/Sd1UIIYQQQggh5mjawJ5okGTsBKdnw9TIBrY372ITtxqw9tHR3nfVtjAeD5C9lfOKW9IcJHSnx3ANm77+Xf5kG5xu76W5bT8Nwbmv1nHwv/4F0fYu2LiVaOw1OkItRINAcoKON07wdmQrj7btJxpporkZkHB1cRoUe6CODqMpF1x30VxFoeEGghRW1ZGvrkW3LFQ2iz3YizE6NC+MdQ2T3PpN5B58gkJLK3i8xUCmFMo4lWFSVVH0TBr7qmDU8fvJ7N5PfutO8HgXGUlp3KaJqq0nt2UnVuc5jCWqYJfiOA4XL3fzk5/+nPMXOq5UAE5CwXHYsX0ba5sbqayoJBqJ4PV62diygfv27cFVLkeOtfOrV1+fNyU/mUwSTyQIBPxUV0dpWrOGfXvbOH3mXHmfQsGh8+Ilfvnyrzh1+mz5urGJCWITk5imQeOa1dSuqmFbaysnTp4uVjn6fFeer+swM5O6rr6bul6sAt2zexeRcBiAbDZL+4mT/ORff875jk4AWjasJ5fL8dgjD+P3+/D7fOzcvo0jR9vnjX9WLDbBb954k9+88SYDg4OEq6rIZnPUVEfLlbGpVIp3Dr/PK6/+mu7ePkzT5JnPP0k0EqHBW2xx4PV5qSotdDWXUoqe3l5+9suXeP+Dj5mOT9Pc1ITf76eycg8eu/jblsmpKV799W944823GRoeIRgIoKHx5BOPEgoG0TSNyooQFRUhGhvX0LplMz6vF03TmJya4pXXXud3b73DdDxOe3U19fV1VB2sxOfz4vV62LVjOx98+PG80NAwdBzH4eix4/zsl//GxUuXyecLBIMBQsEgX/39r1BTXQxWlVJ09/TyL//6c97/4COmpqcBsG2bSLiK6XiCbVu3sG9PG1apPUE6neHVX/+Gl371GolEgmCguGjW733lGWzbxjB09uzeSV1tLVNT09cVsN+oYr46G7jeWm+At//7i8Rusi2AEEIIIYQQQtz9wmwKBSExMT9EnbjIaWl1Ju6Uluf5xoE6QsDBh+oW38eOsOnA/uLHkWep//CfeSv7Rzza3MKX/+/v8rRdR5Qc3R/+Mz975RMb+W214uGqAtzKKgo1DRTCEYxcFiM2hjE8gF64ssK60nUKdWvI7dhDbuNWnEgNGAZaPofTcxHP4d9iXypWQCo0CqvqyT38NIWNW8EsDVvTrlS7GQbU1JLZvR/r4nm01EzpOgZOdR2F7XuWDVbL4zIs3OoaNL8fbjBczRfyjIyM0N3Tu2BqdSadYXRsjILjYJoGHo9NRShI65bNrFpVw+DgEMdPnFp0Sv70dJyTp8+yf99e9u1tY11zM6sb6suvO47D+Pg4ff0DC647MzPDhY4uLnf30FBfT31dLbWrVpWm3+vl/Vy32B/VdZeuHJ7l8XhYv66ZxsbVGIaBUorYxCTHjp/gfEcn2Wzx11ydXRc52n6CXTt34PMVw8dVq2poalzD5e6FEy0Ghob46OOjdF28hFKKXC7PwOAg6VIFJ0A8HufkqdN0XrxELpcDoKevn6npaRrqi9/YGsV2A9qc+4NiuHruQgcfHznG0HBxWn5f/wCjo2Pkc/lyuDo6OsbRY8fp7unFdV0ymQw9vb2k05ny4l+GYRAIBNi+tbXcuxUglUpj2xbbtm7BVQqr9LXqquJz1TSNutpVROf0VJ01Nj7Oy6+8xvHjJ8mW7m16eprHH32Y5qZGDKPYgzefL/C7t97hnUOHiScS5ePT6TQD6TSGYbBz+zYi4apyyJjNZikUHHZsa0VRqna+6vpVlZWsWd1AR2fXyrUGuF0rVl3j/1BItasQQgghhBBiJTS37CI6p5Rw6Sn5sz1Mi5/lEnOn1jeyqS0CsRPE7FaaQ7NlItfR79RjEwWWbN4X2cD2ZptczzmykTljTUxwrKuv1O5gdlBJes5cLJ+ruWUXUU9p29z2A3YTe9qaFuwPLHu+e9E3vvcDDs7JCAc//DZ/9aP5+zzyrb/m+Y1BFhj+iD/9/o+LH3/9u/zwQN3ir5Vfv7pNwQN852++xqZkcd+5Yzn4jz/g4BLjuZOeemZ3qWfqVXJJEjmbUPDqEiibtRv3c7QnCc0RQpHZZ5QkcebTsybKioarStcpNDSR27WP3NpNuJWV6I6DOdSP+cHbeDvOMLvWTaG6lvTDT5HbuhvN5y8HPUop8r4ApGYwB3oxsllcyyK/bReF9ZuuBKtX0zQwTZxoNcoXhFK4iq4XF66qDF/XPWgAmo7S9GvtusgDKC5etPhLal5wqWkagUCgONXcMEgkk4yMjC5aMaiUYmJigqGREZRSBINBqqoqiccTc/YBtcS1E4kksYkJXNchEPATCgUpFJx5AZqua1i2hWka17xNn9dLNBLBP6fydWpqipGR0XLgCRQX0xoZYXJyqrxw1uyxXu/CoDufy5PP58vPQCmFU3DmPRPHdXGcq7Y5Dq7rlqeQ67q2aLimVHFMhcKcimjXWXg+18WZ814VF+YqLZo2RyDgL7Y8sK/841EdjfCVLz1Tfg6GYRCNhPF6POV9PB4PgUAA46pwc2R0lP6BQXL5K7+E0DSNhvr6cjgNkM6k6ejsIpVevMrYNE0a16wuL6oF4A/4efbLXyw93+K4KitCmOaV6l7LsqisqFiRYHLeLP9ywHqNpPVGWgPIglZCCCGEEEKI26wYrM4JQEtT8rfbV/ckDRJts0n2nODYxGwAWcemyOS8nz+C0V3YiV6OtU8yG7hGWxrp6bp6ej7AJLFsHcFQkOZtG2DZENMm2LwLYic41k6pnUCEPW0Rclddr74lTGyxfqoTFzk9UdzHTizec3Xe+Es/ky15vntAMcwc5v3Z/qYPfZO/e+4H/F3kylodxWAVOn7y7WIoWgpR54WeC7YVQ9Mf/k1k0cWdlvLi979N97f+muc3Jq+M6S7T09tLrLmFuW1WYx/+M3//oxPEgPonvsl3fr9lTmuDJIOdxzn2CkSDu+GVf+LY9m/y5eBH/Kz9kx//7bJy4aqmkV+zluyjXyC3eTt4i8GbC+TCNTiahqfvMlo6heP1kWs7QH7nPrSrqkk1TUPZHvLNG3CDFeiZMVx/kNyWHddVeapp+rz8RmkayrSuv3rOcdCmJm+4avVGaZqGx7YJBgJAsbIwk8ksuX82myOZnMF1FZZl4vV6SSSub9Etx3HI5XK4rouuF8PTRCJBIpFA1dWiaRqmaVIdiRAOhxkZHVv2fJZt4fUV+5fOyuXzZLO5BeFwJpMtV7JCsWLStExM49oh7t3OMi08Hk/xa67E7/ezbm3TovvPhuu6UVxg6+oAMJVKk5sTLgPlPrBzg9hCvkAqnV5y6r6u6+X2BbNsy2Ld2uZF91dKlc9l29ai+1y3OQHpolHq7MarXrzRAldZ0EoIIYQQQghxWzVtIBrKkeyZU1k6cZGhSCvNoQjNTM6pOJ1fgRrrShJti2BHwjBxJXicX83aRywRJBiyaYZFq1djXeegpZXmUJDmtl00L1PpOq+itjdHMgrBxMS862UTEYKeCFEmb6radN41Ji6SiOwiegvnu6O+/l0O1iXp+MmcEPPQC7zc9tc8v/FBvsFhXuQB9tYHYfijK9WmP3qXjm1fY1Pz88CPgef5ywN1JDr/dU6F6WH+/pXd/N1zLTzydXj7Lqo8vVUdv3iB7wXnVOnmuni/FKwCDL3xPzj98F9yMFL8PNH5Gn/1o48B+J//UPybrhf4+0922LfdioWrhaoomce+SH7r7oXVpZaJ07gOVVEF6RRO7WrybQeWCUsVmmmi62YxcfH5ccI11wxflOuiT4xDes5CRq6DNj0FM0m4VvWvinHLAAAgAElEQVSq66JNxfBcOIWevr3hKhQDpdkKSUM3sOyl6vBA07VywOa6Lu5V1ZbL0Q0dy7LQdZ1CIU86nWZ0dIyh4RFaNqzHMAwMw2DNmtVs3rSRy5e7y9PSFx23q1BXtQ+wLQvbs3D8pmFgzel9WnAc8rn8vMrQe5Gm6yjlFitmufI+jI6O0dPbNy9QvlommyMWm1zwDFzXXVAdq5QqVdZe2WaaJl6Pd9kKU6dUyTtramqaC51d5Jd5XwH6B65vQbNrmx+Xzlnaasl9VpIshCWEEEIIIYS4Fc12EEiSvWrmW2wiR30oiKcJuKUFpa5PrOtcMbgqLW4VbdtF9JrT8ZOQi9z+wd3DvtFcBwwTu2oxpbfbh/nyxhaavw4sE4omEqU3/+tNNACDE1cV8Rw6ztAzLXNCWPFptiLhqgKyrTvIb96x9LT9OdyGNThVi3ZpAEoLYiWmIT1bmanAKSw/BtdFn0lidZ6bF4xqjoM5OojZc5HCtt1gLDE+10VNxrBOH8PsPIN2m8M/pRTZbJZEqWdmIOAnXFW55P5ej5eKigo0DZIzM0xNx8t9PK8lGAgQjUTQdYNUKs10PM7I2BgXL12mbffO8lTw2lWr2L9vDxcvXebc+QtL9t3M5nIkZ2bI5fKlyk2NiooKopEItm3PmxIfDlcRnFNFmc1mmZqeJr3ElPZ7STqdIZFM4hQcZuenDwwN8fOXXmZoaJilIkrXccjmchQKy39NQzFwHRsbn7evz+djy+aNnDx1el7P1VmO4xCLTeC6qhwyTsfj/OwXLzE6OrbkuABGRkZvqd/qvLj09mWn11zQCharXpUFrYQQQgghhBA3IAdLzRe17TDwCU6H773Isd7ZlgP39nT8u0YySfcSL4UiDwCH+fszD/LDA1v5zkOU2gI8yKZgko72uWFqkuRSjXODER6B624NcLfb9Ny3+ZO5vWXtFh751mMc/Yc3GQLqn/gjts/J9UMbn+X73wry4k8mOPjcfvjwBd6v/yZfjpzl5f/3TTo+8Tu4PVYkXHVtD7mNW2FOX8mr6ZPjaDOlf5b8weICVItQSqGnU9gXzqCnUsVKvlQSY6gPNxKFq3uhlqY069kM9rlT2OdPzgtGNcCIT+P96DBZj5dc0wY0r6d4nmKjUshkMWKjmKeP4jl5FCM+fauP5JqUUiSTM/T1D5DL5QmHw7RsWM/R9uOkUvODR8MwqK2tYc3qBgoFh+HhEYZHRohErt1H1mPbNK5ZzZrVDeRyOQaHhhgfjzE1Nc2p02do27WTnTu2FashvR7adu0klUrj9/u4dLmbRDxBwXHQdR3btqmqrEDTdEZGRpmYnCQYDKBpGuGqKra2bubM2XN09/SilGJVTQ2tWzYTjYSL7R6UYmxsnJ7evgX3eK9RrstMKkV3Ty87d2wr90QNV1Xh9XoZGhlhejpebgWgaRoejwePx0MymaSiInTdFaKXunuITUwQCoUwDA3LMnnogfu50NFJ+4lTzMzMlENUr9eL67qcu3CBJx5/BMsqTp2vqAgRDAZoP3GSRCI5b1y2VWzzMDMzc12B7zWfzTWrRlcgdb2OFTKlclUIIYQQQghxS2wIsvhiUrncnQk2Y13DRLc1ESTIJxrufhoFg6xl8eAzMVuJ+qNeBg/sZ9NzP+CHzwEkr1qUCiBIsBk4tOA0kJz41ASrAM11dXP6qRaFNj7Lf/mvXyCLzcIJzTbRaB31T+7n4MYIbCwu1AURnmp7k45PSd/VFQpXvThVkaXjkmwW+9wpSBXDVS0xCfncgrYASim0fA6z8yzWqaNorgOahjGTxD7+EbloLe6q2ivVp6VwVEtMY50/g+eDtzAmxhdcXi/kMS+eQyvk0LbuQtWupuD3o7kORiKBPjqEOdiL1XUePRm/XcV2CySSSc5f6GBgcJA1qxvYu6eN8xc6OdZ+vDwtX9d1aqqr2du2m6bGNUxMTHD23HlGx8bL4aqua9i2hc/vg8kr/7halsX69es4+Ln91NWuYmx8nLPnLjA2XqyEvNDZxaHD7xONRlizejW6rhGJhHnkoQeor6/jQkcnwyMjZDIZDN2gqqqS2tpVXO7uYWBwiAsdXdTVrsLj8eDz+bhv7x5yuRztx09RKORp3bKZ+z93gFCoGPCl0mnOnD3Hpcvd5PLLT0+/F+TzBdpPnGTXju1UhCqwbYuGhnp+78vPUFe7isvdvcQTcVDg9XpoaKjH0A1+99bb8xbVupbe3j7aT5xkVU0NwWCxR++G9ev4w699lcY1q+ntGyCXy+Hzeamvq+PUmbOcPHWGrouX2LVjO7quU1VZyVd/71nq6+qKoXkiSaFQwOv1UF9XRzhcxa9efZ2h4eHb8KRuQwlrZD3bm0M3VbkqC1oJIYQQQgghrqUnlySKjScCzPkZIhqxsUmS+ARaAnzyPjvtBF7sGeZgXZDoQ8wLRR9pqyPEMKdLLQG+8b39NAx/xJ9+f4mp/T/qZfBAXbnSteyh3dQHYfDMjbUEeHsiyfM3dMQn6zevHOfgf9pPw9U/jNs2i5dbJun44Dhrt20FcsSGJ8jaERoiEaLbdrFp6AQdtyOG+IStSLiquQWMdIoFk9RdFxwX+0w7nhMfoZeq5cxLnVidZ8lv3AqWDZqGchXaTAK78yyew29gxkbLp9EdB8/5U2i6QaF1B86qhmL7gWwGMzaGebkTs/MM5vjokhGOkcuiXzyPMTKIW1GF6/WDctFnEujJBFo6hX6N1gMrLZvNcqGji3fefY9nv/RFWjdv4g//4Ks01NfR3dNLJpslGgmzc/s2Hnn4QQA+PtrOhx8fnTet3jRNNra08KUvPM2p02eZnp7Gsm0a1zRw39697Nu7m0wmy4cfH+XIsfZy1ejExCRvHXoX27b5/FOP09S4BtM0qaysYG/bLra1biadzpAvFNBLVZEej83HR9v5l//vZ7zz7mHq6lbRunkTlmXRUF/PF59+ivv27sVxHKKRMJWVFRiGQTab5fTps7z1zmH6BwbLC3nd6zo6u/jtm29RVVVJU+MabMtix/atNDc1MjU9zcxMCk2jWPVbVUk8nuTi5cv09Fz/f4njiQSv/vo31NfWsnfPbjweD7ZtsXfPbtata2Zycpp8IY/X46WyIsQvX36FH/34J/z8ly8TCgZZt7YZwzDY2rqZxsbVTE5OMZNKUSgU8Ng2kUgEyzS5dLmb0bGxW2oLMN/SoaoCtMVenrMg1nIe/uNv8PzG4u/LlqpQXWy7LGglhBBCCCGEKE6tt+cs0NRINGRDInllsajei8TsXUSbN9A8UVpEKrKB+pBNLjG86KJSK6rUY5Wr+qtGW+oI2jmSQ3234aKTZLNNt7To1T3jR3/L+80/4OBz3+Ubh0qLWj30Tb68MUii87Uri1xd04/5qw+b+OGBr/GXXz9cWtTqAb7zTAuhZBcvz/Ztna2Affh5OPTj4j5/8wXqrz5dT5LEgWv3fL1jun7MC78I8s2HbU6/08vaJx9kU+SqpDU5zPuvvAsHHqc5+Ttie/4DB+uAZBevf/8F3m75Bt//P3bTcOA/8O/59pyFwO5dKxKuGpk09vnTpFc3o/kDoOvFHqbxKezOc3je+x1G7MoK9PrEOJ5Dv0GbjOHUNqBME2NiHHOgB7vrPMbwwIKep2Y6hXb6GOZgLyocRZkW5POYkzGMqRhk0tesjdNcFyM+hRGfKvedvBMTh2dngyulGI/FePOtd/D5fDx4/+fYsW0ra1Y3MDY2Ti6fJxQMUlMdJZvL8dahd/n162/Q29dfntYNxRCpvq6Wzz/1BPft3UMqlcIwTaqjEaKRCMmZGQ6//yG/fv239PUPzBmHYmhomNd/+waJRIIHHzjIppYNVFVVYhgGgUCAwJwQVCmF67pUVISwbZv24yfx+Xxks1k2bWwhGAhQURGiouJKkbjrukxOTnH67Dlee/23nDp9hmw2Ww5XFera0+PVdewzb4zz91fXON5V7vWNY875ZqVSaQ69+z6GYfD4ow/TsmE9AX+AqqpKwuGq8r6zbRFsy6Zu1SoGBgYXPd9Szl/o5Cc//QXZXI6d27eV36Oa6mqqo1f6F7uuYm1zE6Zh8MGHH+OxbZ584lFaN28mGAxQEQpRWVGx4Jr5fIGmxjUYhrGC4SrMC1gXzVqvbLyNLVqFEEIIIYQQoizWdY5Y0wb2RHexZ/bHqcQEx7rmB5Y9XSegZVdxEanStiuB7O0VTU5wrDfHprYIzW27aC6/kiTWfvG2hbs9XRN4ytcszf67Tde6/YJzpvNfMfhhMdB78fvfhu/9gIP/ODtV/cprs178/kc0/+N+fviP+68695z2AD/6W/6U7/LDAz/ghwdKLy+odp0NYWfPVTz+9MNXrg3AoRd4ue2veX72XMtVzd4hsUP/xF/NVvse+je+8b0fFMNTAIZ5/89LYfWhYmHTwa/vZlOwhWiwjr3P3YcdbCIKZCd66bntv6X4ZKxQ5aqL58wxXL8Pp6kFZdkYM3HMixewOs9ijg7NC01018W61IkxMY5TEUaZBsb0NEZ8Ci27dEhqZDMYQ/2oof5igFu69o1SmobSDZRpoTkFNNcttiC4CUop4vEEJ0+doaqqksvd3Yv2rSw4BYaGhjl67DhjY+NMTk4VtxcKXOru4RcvvUxfXz/btxfD1XC4CiiGd6fOnKX9xElOnDxNT08v+Xx+/rkLDj29fVy8dJm6ulVEo1F0XSOVStN18QinTp/lyLF2+voHFozNdV0GBof4zRtvculyN1tbt9DSsp7V9fUEg0Fs20LTNHK5HIlkktHRMc6dv8Dg0BATk5O88+5hRkZG2bVzOxtbNlBbu4qA3w/ATCrFyMgo585f4PiJU3R0dZFIFFtDZHM5evv6OdZ+AtuyALjQ0UlyZmbe+MbGxzlx6jSVFRWlz2NMTEzOC5fj8QTnzl0gNVNcyCyXyzEwOESy1HYBpdB1HYXicncP2Wx2zv0runt6OXrsOH6fD4DLPT0kk8l5AeTwyAjtJ04Srqoq39vU1BSO4zA6NsZv33iLvr4Bdu7YRsuG9dTUVBPw+zENA8d1SWcyTE5O0tc3QE9fH5lMlouXLmPbNlZpEbiOzi4ymStjmyufz3PkWDvxeJw9bbvYvGkjdXW1VIRCWKaJ47rMzKQYHRuj/fhJ8oU8qVSaN956h/7BQXbv3EHLhvXU19cRDAQwTRPHcchms0xOTjEwNERH18V5z/V2WKkA9Z3//iITN9kWQAghhBBCCCFmF4i6lp6uE8sGmbGuc4tUePbR0d63zOfLHVt6bWISmFz0uHkWXY9iko4zC/uxXn0vi9/bYmNdfM2Laz2bO+pHf8ufXkdF5Ivf//YyVaoP8J2/2Q8ffnvBub7xvR9w8Jlv8sihF4o9Va/neovtc2jh9d/+h7+4p/q0JhJJsnVBPEB2YnhBGP/+j16g++t/wX85EGHTQ3/EJgAmOP3ffsCLXZ/4cG8Lbd/9j15fud41KMANhXCroijdRM+kMKYmIJu5ZphyI4GL0jRcywZFKRh1rvtYV9NR4Qj5pnU41bUUfAH0fL5YNTvYizk8gF7IX/tEV/H5fNTVrsKyLOLxBCOjowsqA3VdJxIJUx2NksvlGB+PzVvpXdM0/D4f0VK1qT/gR0MjnU4zMTnJ6Ng4qVRq3nn37tnNf/6P/zstG9bz1juH+PFPfophGISCQXRdI53OMDE5xXgstuDYxei6jt/vJ1xVSTgcJhgM4LFtNE0jm8uRTCaZmoozNT1NMpksVzgahkFFRYjqaJRwuGpeuDo5OcXo2Pi8/WePqa6OUlVRgVYKylOpFGPjsXktD8LhKqKRCGYpgMzn84yOjZVDWoCA3091dRRfKRxVrktscpJUKlV8ln5/OWibnJoiFpsoh8zFnrZRKiqK7QsA0ukMo2Nj88ZRVVVJNBLBKgXBrusyNDw8bxyGYRAKBYlGIlRVVeL3+bAsC8dxSaVTJBJJJicnmZyaxnEc6uvqCPh95fuPJxKMjY0vCM+vFgoFiYTDhMNVhIJBbNumUHCYSc0wOTnF+HiM6Xh83vsaDASIRMJEImGCgQCWZZHPF8jlckzH40xOTjE1PU0mk1n22tcyk0ygadq8P8x+TOljmPN3+X+48un1T/NfjixoJYQQQgghhBDipj30Tf7uuTqGFixgVQpXg138+M9fuKeC0Dsl+tCf8J3fb4Ge43TbW9keGuY3/+0FXr7D4eobr/4SgPb2m1tZq62tDVihylUohiJGIoGRSFx3WOoaBsowQYGezy57jGtaOJEo+TXrKNTUgWFgzcTRh4ew+i6jp5LLHA2Ox0N+3UZybQdwGppRgRCuZaI5Cj2dpDA6jHXhFJ5Tx9AT0zdw55BOp7ncvfzva1zXZXw8xvj44r+XUkoxk0oxk0rR1z+AXgrcXNe9rmnj+XyBsbFxYhMT6LqOpmk3PL3bdV2SySTJZJL+gcHyeWbHt9RYHMdhcnKKyckpdF2fN/alKiEdx2FkZJSRkdFFX581e97lzKRSzPSmFn0tlRpYdPss13UZGR1jZHRs2f2mpqaZmlr+68JxnPJ+s89O1/Xyc7v6WfQPLD+2pSQSSRKJJL19/eXnPfusF3t/XNclnkgQTyTo6e2bd8xi47otZM6/EEIIIYQQQoh7yaEJEs+1zOmTWvTIt/6ag3Uw+KEEq9crduif+N6ha+93r1qxcNWxPWi2B2WakJrByC0+vRnA8fgorG7CaWik4A9gFPIYw/2Yl7owMwtDsoLXT2HLdnI79+LUNuAEK9A0HSefRZuMUTh/Cu9H72LEFw/hXI+PfOtOMg88TmF1M5ptX6mcA5xgEBWO4karcT0+fEcO33DAupKUUjfV93I2WFuJsOxmx7BcoPpZMvsMVrZ/6Xyz79GNXONmjhFCCCGEEEIIIT57fsxf/Rn85YKeq8O8/2d/cQOLXolPu1sOV13DJN/YTKF1N044ArYXY2QQ6+QRrMFetKsq6ZxINZmDj5Ffvxk3HEGZFo7joCWmsI59CB++g5m+0nfT8XjJth0gf/+jODUNYBrlakpXBSBUiVsZRtN0PG//ekGo6xoGubUbyDzyNM6ateUp2HNpmlYcx6oG3PseQJuJ4z3yPvpN9mEVQgghhBBCCCGEEPe6H/NXf3Z3LSgl7j63FK46Hg+51l3kDjyEU9+Ea3vQDJ3C2hbykWpCr/0MI3ZlurUbqWHmsS9Q2LEXFQiVF6VylUIFQ6gDNsb4CObpYwAoTSe3dgO5B57Ara0v7z+PbqAqw+S2taFfOI3Re2ney8oXIL99L05D0+LHz9I0MAxUuJr8tj1YFzvQY8tPWRdCCCGEEEIIIYQQQnx2LZM2Lk9pGrnte8g+/gyF9ZtRoQo0jwdMCxWqoNC6g8LajeX9XcMkfd+D5HfuQwUr5gedpQVv3HANhS07cI1i5usEAuTbDiwdrJYWy1G6gVsVRtU1zB+jbuBGV5Fv2QLm9eXIyjRxV9XhRKtv/KEIIRZaomXwiqykJ4QQQgghhBBCCHEH3XTlaqFuNdmHn6ZQ14hmLDLV3usnu7oR+5iGphROXQO53fshEFp8NXBNA0MnV12L17LRXAdnVR2F9VuWrziluE6OMm0KlRGUppVbEShdpxCOoiqrrvu+NE0D2wJ/6LqPuVOmp+OcPnuOyclJLl6+TKFQuNNDEuIaZGUrIYQQQgghhBBCfHrcVLiqNI3c5u04dWsWDVaBYljqlv5WCmfNOtxIZPFg9cqZQbnFelpNx62MXH8wqhz0XHZ+j1cNlNdT7Kl6nfcGxSHg3P1BZf/AID/56c/x2DaJRJKZ1MLFwIS4+0ngKoQQQgghhBBCiHvTzYWrhonTvGHZqfZaPocxMQaOg9J1crV1YFjLn9h1McZH0bM5FOB6faAb1x4PCiObxRgbvup8CiOZQBXyYHuu484ApdBnkphzesXerTKZDAMDg3d6GELcPMlVhRBCCCGEEEIIcQ+7qZ6rqlSNuhx3YhxPd2dxmr2mgauWrlpVCuW6aNksdscZdKeAhsKMT6EV8tcYjEIrFGB4AKO/e95LmuugjY9hjl3nwlRKoaVTGJ1nZTErIW7GNf5dEEIIIYQQQgghhPg0ualw1XAKaJMTS76u5bL4Th5FHy1WkmquiznUh5bLLn2M62BevIDZc6m4wXXRRoZQYyPLjkUphT49iaf9A6xkcv45lcKYimGcPgrpmWvel3IKMNCL99RRtGzmmvsLIYQQQgghhBBCCCE+u24qXMV1sbrOos0kF7yk5bIYZ45jfXwYfU7VqdF7GaO/Z+G5lAKngHm5E//br2ImpornAaz4FJ4j70Jq4XUAlOuiT8aw3/0t9vnT4DoLbzCbwXPyKJ5jHy4dsCoF2SzGxQsE3nkNa6hPZioLsQJutI5VgVS/CiGEEEIIIYQQ4p5xUz1XAczuLryH3yBz/+MofwCtkMediOE7eQTzyGGsq3qW2uOj8OYrJC0LrbYBZVqAQkskMM6dJPD+mxiDvfMXpMpm8B55HwybzP4H0KsiV47LZrC6u7A/ehf7wim0TGbRtgOaUpgTY/Dmq2ixEQq7DlCoqQWvD1CQycL4MJ6Os3hPfIQ+PLhoSCuEEEIIIYQQQgghhBBz3XS4aqRT2Id/hz7YixOqQM/lscaG0UaH0NNptKtq1jTlYnaeIzA1iWpoxLUtNFdhxsbQRgYwkgk0151/jKZhzCTxvfc7PN0dFKKryscZiWm0kUHMqclihexS/VwptSWYimF8eIhC5zncmjqcQADNVejZDMbYMHpsFD2TRVPukucRQgghhBBCCCGEEEKIWTcdrmqAkYyjnzsJml6sOHVdtGWqPo18Dn2oH8aGUYBCoTkumuMsmY1qGhjZNHrPJcy+bpSmoZRCUwpdueBeXxiqKYWWSWMN9aNGh0thrAJVWvjqOs8jhBBCCCGEEEIIIYQQcAvhKhQDVq1QuLFjlAv53PyeptfR4FRzHXCdW+6FqimFNqcXrBBihSm1aCW5QqFJN2MhhBBCCCGEEEJ8itzcglZCCCGEEEIIIYQQQgjxGSfhqhBCCCGEEEIIIYQQQtwECVeFEEIIIYQQQgghhBDiJki4KoQQQgghhBBCCCGEEDdBwlUhhBBCCCGEEEIIIYS4CRKuCiGEEEIIIYQQQgghxE2QcFUIIYQQQgghhBBCCCFugoSrQgghhBBCCCGEEEIIcRPM2oY1d3oMQohPif/zP/9HDNPEMk0sy8IwTUzDxDAMdMPANA10XccwDDQ0NK34B+3Kx1f/ARZ8PPfvqz9ebpsQQgghhBBCCCFEUWFFzmKODPavyImEEEIIIYQQQgghhBDis0TaAgghhBBCCCGEEEIIIcRNkHBVCCGEEEIIIYQQQgghboKEq0IIIYQQQgghhBBCCHETJFwVQgghhBBCCCGEEEKImyDhqhBCCCGEEEIIIYQQQtwECVfF/8/evYdFXef9H3/hcAgDK5VSsCA0RDdvMFPTRNy2o6kpmGWtoW1Ze+fW5SF/GrlmRrolene6d0M3ZF0PmZIpZWlZCEnqmrB6C5IguIImShuwEij6+2MGmIEZDgM4gz4f18XVMPP5fr7v+TLS5cvP9/0BAAAAAAAAYAfCVQAAAAAAAACwA+EqAAAAAAAAANiBcBUAAAAAAAAA7NBm4arBYGirqQG0AH82AQAAAAAAWodra0/YsWNHzY+erY6enrrpxh6tPT2AFjqaf0y/lP+iBa//SeXlvzi6HAAAAAAAgHar1cPV+S+9qB3fpOiL7V+19tQAWskD992t+S/N1px5rzq6FAAAAAAAgHarVdsCGAwGeXbsSLAKOLmtX3ypq6++mhYBAAAAAAAALdCq4WpVVZX8aQUAtAs33dhDVVVVji4DAAAAAACg3WqzDa0AAAAAAAAA4HJGuAoAAAAAAAAAdiBcBQAAAAAAAAA7EK4CAAAAAAAAgB0IVwEAAAAAAADADoSrAAAAAAAAAGAHV0cXAKBpDB06qGvXLvLrfoNuuL6rrrvmGrm6GlRRUalTp8+o8MRJFZ48pdKy/zi6VAAAAAAAgCsCK1eBdqBjR0/1DuqpO24PVc+b/dX52mtU/ssv+vfPJaq6UKUbfLrq1r7Buj20n/xv9JObm5ujS4Yk6bS2PH+7Bg68XQOf36LT9s6y5Q/GOQb+QVvsneQyxbUBAAAAADgSK1cBJ9e1S2cF39JT117jJVeDQceOF6j4p59VWlamqvNVcnd3l7f31ep2vY+uu6aTfhV8i2643kffZxzU+fPnHV0+AAAAAADAZYtwFXBiHT091f0GH3Xtcp3Onz+vg5nZOnmqSOXlv+icKTjt4OKiM8VuOlP8b93o111+3W9Ql+uukV/3G5T/rwIHv4MWOrhMQ6eut/6al7+CfAN067h7FDH01+rt63FpawMAAAAAAFc8wtVmum7IoxoTXKbU+CTlOLoYXNZcDQb5dO2sHr7dVFlZqZyjx5Sbf0znzlmuRq26eFFVFRWqqKxURUWlLly4IP8bfXVLYICKTp/R2fJfHPQO2lhZvrKz85X9p2Qlyl1dhkzTmzGPqZ+3owsDAAAAAABXCqcMV3ve/6SGdTd7ojRXmzd8o58cVhFw6XXq5K1uN/jIzc1NhSd+VN6x4/WCVXMXL15USWmp/nW8UNd08la3633U/YbrlZN37BJW3XYeWb5b0/tJLi4ukiSXyjIVZn+jdSveU2LaGZ1JW6onx+xTzOpY3evr4GIBAAAAAMAVwck2tOqmO8Y/qWFeudoc/4ESTF+pZYEaM36ErnN0ecAldO01nXTtNdfo7NlynfjxlCoqK5t0XNl/zqrgxElJUg+/7o2Mbsc8vOXbb7RmvPW5PnkrQv6SVJas6OdjdaDC0cUBAAAAAIArgXOFq71uV2/vszq8w3KVas7nHyiBlau4wri5ucnD3U2V587pp3+XNPm4ynPn9PPPpTpfdV7du13fhhU6j65DX9Lbfxwid0nKX6sFa463KrMAACAASURBVA87uqT6undRyzsWBMi3ayvUAgAAAAAAWoUTtgXoqGs6SypuZFjnEYp8KFBepm/Lsj7TxrSTta/3GqWoMPNg6ZRFn9TrhjyqMdf8nxL2dKmZ52TKB/riiCT1031TBqqbjWONuumO8SPV29vG+YEWcHFxkaGDiwwGgy5elM6ft90OoK6LFy+q8tw5VVae19UdO7Zhlc7Fd/R8zdl+v15Nk/KXb9S+x6I1wNoeVxWFOpycpsRtG7VvX7byyyTJS/63DVVk1DRFDPWV7a2xSpW3a4viEjYq7ft8GQ/1121DIhU1dbSGBjQQn7p7m+Y9rQNbEpSQsEXJ+WWmc9+rqBl/0Ojejcev7qY6Dm+L0/KEbUrLPqNKuavLrSM0amKUou7t3YQQ97QObFmrtUnf1LwPL/8gDRgyUVFRo9WvsQDX7mt4QLEDp2idhuiPW9/R6K5S6eEvFLc8TknJ+SqTl+55c4NeH2FZgHFMgranZetMpeTlP0BDIqdqxsQBjb5TAAAAAADaknOFq0fydTLsenULe1L3qTrotKLXKEWFeenwJx/ou2LJGIaOVKRMAWevUYoKk1LjPzAFosYgdNj9/ZTz+YHaebx+pci7TmpH/Ae1q2KrQ9sTe5VgGnvdkEc1xuLY6zVsyggd/uQDJRRXb3I1QnccXmeqB2i5qqoLunjxojp0cJFcmn6cMZjtIIOhgy5cuNB2BTqdrhoRca9eTdsmVSZq275ZGjDUPOI7rX0rFyh6eZrO1OuwUKb877dp6ffbtPHReK2e2c9KOFiobbMeU3RyWZ1D8/X99qX6fvtSeYXP1+qY0fK1lc4WfqEFLy5QUrZ5AWXK/z5Rr/52n7I/WKOZ/WxHu5JUmrdFC6IX1ZmjUmcOblNC9DatXTtNH/xlsnrbmKYib6OipyxS/beRreT8BUpeF6vwOSsVExlg5Rq09BpWy9OZM1Lh9zP1eHSyakvx1YAA82C1UN8smKXopGxZXLH8fdq+9Bltjxug5yK72DwLAAAAAABtzbnaAuiAvojfq5OSuoU9qagpTypySLc6Y/rpvrDrVZb1jVmQeUBfpJySl1+wsS/rkSQlWKw0Panv0k9J3f3V03wq7zKlW7Qb6KY77gqUV2muNpuFsD+lrasJWo1OKTW+Nkj9Ke3/dFId5de7bq2AfS5evKgLphWoFy9caNYK1A4dOsizo6eu7uipn0tK27BK5+N9a7iGmB4nfZ9d59UzOpCUpjOVXrrt0fn64JOvlbr3H9q79x/au2O1/jjKX5KUv+4ZLd1Xv2lr3saXTMGqvyLe2lx7bOpmfTBnlILcpS63BtkOVg/GasrD0dqme/XHv39uOv5bbf37XA0x9jPQuui1arihwVq98PACJRX203NvbdAOUw2pWzco5tEguUuqPPiunly6S1bbzhZu0YuPm4JV/1Ga80Ht+0j9JF5zRvlLKlPy4sf04pZCKxO07BrWOqH8pFg9H52mgKi39dGO6msZr8iA6jEVOhD7B71oClb9R83X37d+axy391t98sFcjfI9oPcStjV4xQAAAAAAaEtOFq5KxoD1AyXEf6bDpZJX8EhFTXlS9/UyvdzLX910VgWH69yCX1ymMm8vdbZ4sp/um2IMaY0tArzkYznAUudg+XlLZQVZ9HeFw50t/0Xl5b/I29urWb1TPa+6Std37aJz587reOEV1qqiq69xYytJldmFOm3xYm9NjHlbf9n6jd6fOVr9fL1rV1Z699bo+a/rue6SVKnEjWmyjKUP65uEg5Kk7s+9rrnmt717+Kpf5Cta/fnXip/c23ZtBw8qb8h8fbT6FY3u3dV0vIe69o5UzPxw45gTcdp+wPYUkuQ/KkaffP2+Jg8NqLn936NrgO6dGa+3HzVuYFaZuEj1287maWP0AqVVSuo+UX9Z/Yoi+9W+Dw/ffoqcv0YfPOovqVJpr76kjXl152jJNbSUtG6jfP+4QfHThqqmm4JHbTJdsStWz67LN77nR+O1ev5o9e5aU618+0Vq/uoNirnnMt60DQAAAADg9JyrLYCFk/puwwf6rrr/adgo9TxSvRq1o3o/9KTqxxhn5dNZyimu7Zl6MuUDJRxRTSuBpigrusICKTil02eKdU0nL/W62V9dr7tW13TybnQlqsFgUJfO1+pGv+46X1WlwhM/XqJqnUUXBd0m6XtJqnffujx6D5XtLp29NSSiu95774S0fZ+yXx9hNrZSZ04YH3l721ia6u3dcK/ToBmKXzJavtYOvXWEblOyvlelsvNOy3bT0yGKeu4+q3NIHhowdZrC10UrWSeUmHZYk3vX/pas2LdGSw9KkrvumTHVej9aeajftJmKSHxeiZUHtXTtPo2aO8Di9n77r2Ed4fMVM9r6O5EKlbQ80fgT7D5R86fZajHgq9uGBEjbT9isCAAAAACAhvTv379FxzvhytW6jLf8W646PWvsdxpf98t4q37P+weqm04pNb6Bvq0N8PLh9n44XkVFhYp/+rfOni2Xr283DbwtRNdd08nmeDc3V/n38FXwLT11/vx5Hc3/l04XX2lrsN3VQKPPRnXpUn1Pep4KLZa9BqifaXFp9tJYWb1jvtHJvWXzn3e6dFGArdeaw7ufwm8zPjyRlq3aMiu0b5sprNQojRrSQAzsMUD3jjJum1WZ+IUavLvfCtvXsI7uvrbD6NP7lHzQNCxilBppQwsAAAAAgMM48cpVG47k62TYQGN/07QGVpieyDfrudpExVkqKA1Ub79gXaeTtAaAQ3l5Xa2unTvLy+tqubu56fquXdTvV8E6dbpYRUWndbb8F1VVVcnV1SBvby/d4NNVvt1uUMeOV+nfP5cq52i+qqqqHP02LrEyVZ5p6tgKFR7ep33f79PBfWk6mFeo7PwyG2O9de+M+UpKW6C0yjS9+tBQrbtnmqKiRii8t29L8lwjD2+5t3QOSZKvfINkXLn7fbbOSKZVrnnKTjMNGTJAQQ0W7CH/AQOkxDRJacrOk4ba7HbQnGvYdBXZB1Rdbni/BlotAAAAAADgYE4UrnbTHeNHqre38Vb+2hWnxg2sdGKvaQOpA/oixV9RYSN1X5HZuM4jdEfnb/TdEan457NSsL966oAxYO01ytRz9WwjNRg3vuodFqi7hmRpY3V422uU7lOSXatgAXtc3dFTPQNukv+Nfrq6o6d++aVCJaVl6tqls669ppO6+XTRufNVunjxolxcXHTVVe7yuvpqVVVVKTfvmIrO/FslpS0PudqfUuVV72Pl5W019CzN26WkuDjFbT+oZl0h39F6+yN3LYpepMSDZcrevlTR25dKXrfqnqlTNXWUWe9QB7Ie0ta2NZC/r2w1HajWtXuApDRJJ3SmfncF+69hE5XWFDtAQbRUBQAAAAA4MScKV6XDOz7Q4d6PakzYk4oKq32+LOszJZivUj2SpITiEYp8yHzcWZVl9ZOOHNBPad/osN9IDZvypIZJ0om9SvikTJEPNeF2/5q5RyoquPrJUzqZNULXHfmmNd4m0CAvr6sV6H+jbva/UZ28vVT2n7PKO3ZcP546reuu7SSfrl109dVXy93NVR0MBlVVVemXXyp0+kyxfjx1Wid+PKX/nC139NtwjMI8VWer3YO617ntvEKHVz6jJ987aLo93l1dbh2hURGjFN4vSAFdvFX6zSw99GqabPK9T3Pj79M0U7iYkHxQZ8oOavvS57X93SBFvf2+pg1wgoS1zbTCNWwWd1tpMQAAAAAATsGJwtWT+qlYUto6JTTl7+XF32hjvK2ws3ozLEsb42sf/9TQeRqa2+pxB/RFfCNbfANN0NHTUzff1KMmWD1bXq5jxwv0Q06eSkpLdarotIr//bO8rr5abq6uMhg66HxVlcrLf1FJaZl+LinR+fNXWiuAWqUHvzHuZSV3hQ+wvJ289JsFNaGg/6j5ipkxWr3r5KBNbS/qHTBUE18fqokq1eEtsXp1cZKyK7OV8OxL8v/kHdncp6nNndaJfNPD7l3Mckl3deku6YSk/EKdVr8GV6+ePpFXPYm6mIWbrXkNG+LhXT1pmrJPSI0utQUAAAAAwEHawYZWwJWho6enbukZoN639NQ1nbz1n7Plyv+XMVgtLSuTi4uLzp0/r8ITPyr7SK4OHf5BBw4d1qGsH3Q0/186U/zTFR2sSnnatjbZ+NB9lEYEmb92Wt8kbjOutrx1rpbMrx8K2sdbvUe/otUfzdcQSVKalm873BoT26ciW/tqeqsGmW2SFaCgIaaH+w7qRL0DLZ04sK96EgXVTNJW17A+7+5Bqu4GkJ/X0K5YAAAAAAA4FuEq4CQCA27ULT0D1NHzKlVUVCr/2HH9kJOnn0tKrY6/ePGiLl68eImrdF6FW2K11LTD/K0zHtMAi4arJ2o2dLotYohZ6NhKfIfoHlN4ecJak9JLpDQtSUmSJHdF3DvArOeshwbcG2FcyVq5UUm7GlhfWrFLSYmmm/4j7jO7jm18Dc0F9NMQ04rZtO1pIl4FAAAAADgrwlXASfTtfYs83D1UUVmpI0fzdPhIrv79c4mjy2oXCre9oudfTTOuqvSfpjmR9aM/D1NYdzD7jNU5Sg9v1KuLbfUKqdCBjWu0z1bKV3FC2aY76bt3acsmofu0PTnP+q33pfsUt9S0stR/qiIs02V5DHhMM26VpEolLn1XB6xOUqED78bKmK366+mIARabgrXsGjaDxwBFPG1au5q2SMtthcGFW1rnfAAAAAAA2IlwFXAS1WFq5uEjOvxDrkrL/uPokpxaRelp5e3boqXP/loPRScpX5L8I/TWXyard73RQRoyypgMVq57RQu2HFb1euCK03natfIZjfntIu1z97K6f1Lhlll6dvFSPfvACD2zcpfyTteGfRWnD2vL4le07oQk3aqoe+ufvfVUKm3xeN3/zErtyjttClkrVHhgoxZMecZUg78enT/RyjUIUGTMfOOK0Py1evLxV7TxQGFNUFtReEAbFzymJ9flS3LXkD++o8kWk7TsGjZX78iZuse41FaJLzymBVsO63RtsTqw8RU9/vAC7WPHKwAAAACAAznRhlbAlS3jYKYyDmY6ugyn9eHTg/WhzVfdFTRqrmLmjFaAh7XXPTRg2hJF7Hteifn5Snr1cSW9Wuf4R9/WWxPP6NWHFqjuWkjfEVM1bXu23k07o+/fe14Pv2ftHP4a9ebrimzLzawiYvRB0DY9v/hdvfDwu/Vfdw/So2++rZn9rF4EyXe03lxdqegpi5Scn6TFTyZpcb1BXgqfs1Ix9Xblatk1bDbvEZq/eq4qpyxScpm18xk31VodJS19uBXOBwAAAACAHQhXAbRP7l0UFHCrbh0XoYn33amAxjZX8h6qufGrNSAuTgnb05R9plLy8tdtQyI1dVqkBvh6SDogf6l+UOfdTxPf/kIRhQe0be1KrUvbp+z8MkmSl3+QBgyZqKio0erXxrvau3v7ql9krL4OP6AtCSuVkJSs/DLJvUuQhtwTpaen3tfoJlMeAZFa8nW4DmxZq7VJ3yjt+3yVNfV9tOQa2sEjIFJLNg/QrqQ4JWzcpe/zyyR5yT98tKKiojS6X1ep9Bt5tcK5AAAAAACwh8vtQ0e06o44n3y0Wg89/HhrTgmgDbTFn9VFr70qg6ur3Fxd5ebmJoOrq1wNrjIYDOpgMMjV1aAOHTrIYDDIRS5ycTF+yaX2cd0vSfUem/+37uOGngMAAAAAAJAkN5fzrTIPPVcBAAAAAAAAwA6EqwAAAAAAAABgB8JVAAAAAAAAALAD4SoAAAAAAAAA2KFVw1WDwaCjecdac0oAbeRo3jEZDAZHlwEAAAAAANButWq4WlVVpYqKX/TAvXe35rQAWtnI++9ReXm5qqqqHF0KAAAAAABAu+Xa2hO+8tqf9Mfo2Rp5/z266cYerT09gBbKyz+ms+XlWvDaYkeXAgAAAAAA0K61erha/ssvmjvvVRkMBlbFAU6IP5sAAAAAAACto802tCK8AZwTfzYBAAAAAABaR5uFqwAAAAAAAABwOSNcBQAAAAAAAAA7EK4CAAAAAAAAgB0IVwEAAAAAAADADoSrAAAAAAAAAGAHwlUAAAAAAAAAsAPhKgAAAAAAAADYgXAVAAAAAAAAAOxAuAoAAAAAAAAAdnD9x6+/rvnm9q9/7cBSAAAAAAAAAKD9YOUqAAAAAAAAANiBcBUAAAAAAAAA7EC4CgAAAAAAAAB2IFwFAAAAAAAAADsQrgIAAAAAAACAHQhXAQAAAAAAAMAOhKsAAAAAAAAAYAfCVQAAAAAAAACwA+EqAAAAAAAAANiBcBUAAAAAAAAA7OB6qU845LcL9fTIm+TdKrNVqvC7OL3w9t5WmQ0AAAAAAAAAmurShqv952nO74fJtxWnDPCfozf/L1IvftWKkwIAAAAAAABAIy5tuHpL59oVqxWVqmjRZO7y8DD+17tLC+sCAAAAAAAAgGa65G0BjMq07y+j9ez6FkwxYZl2vBDaSu0FAAAAAAAAAKB5HBSuXpnmrd6h0Z3TFfvADH1oc9RsrU+9X12+f1e/eT7xElbXNI+8vVkzbyvWlmGTtdDRxQCSLl68aPHf6scuLi6OKgkAAAAAANhg/vf16sft+e/wV3y4agwLveo8W6Z9b43R7z9ySEkAmujixYu6cOGCqqqqdOHCBV28eLEmZG3Pv5gBAAAAALicubi4yMXFRR06dJCrq6s6dOjQbv8ef8WHq0bHLFZiPvL2Zs18YYe+CnPO1aMAVBOqni6p0J92eeibf3mp8KxH7YB2+ksZAAAAAIArgV/HCo24sVzzhpfrmqs95Orq2i4D1g6OLsAZffj8GMV+Xybv26Zp/UuOrgZAXRcvXlRVVZWSj1Tq/nXXaM3hay2DVQAAAAAA4NQKznpo9eFrdf/aTtqTX6mqqiqLln/tBStXbfjw+VRFpt6vgF/NlvSG8cmHl+ori0206rcPqNtmoNRq71RjX9UA03d5n92lCa/Xr2He6h0a7V/93TErfU4j9Oet0zSgpiAr7QwarXm21qcO05m3xqhwrOl8pbV9YS1qKE3Xlh/q1wlcahcuXND58+f1da6LTpQTqgIAAAAA0F7llV2lrT+U6Ta/c3JxcZHBYHB0Sc1CuGrTGzqQf78COnfTI5I+fHipvnqhl7LfuqsmmJy3eodGP7lUj3xk2qDqpZWaeZu0r2bMbK1Pnaw/P5xYG2Z6h2pm6jFtGXaXJlTPMXKl5r1uGZx63zZN/T67S4Mel6pD1NGpK6WagNUUrCpdscNqz7/nhR1af4sprG1KzZIkLwU9uVldUqrPZzbW3yzUfXipvnrBS1Jxa15ooFmq+6qeO3dObp7XKuVp6QYvqUtH6TrP2nHt8E4CAAAAAACuGD+VS2fOSqf+I23c76lz50rl5ubW7jappi1AA7LPlEnenRUkSR/N0G+GWa4KXbgpXaXevTTiYeP3j3TrLJUe0Tc1Y97QhDrHqDRdsWYrUBduSlepblK/Ou0HSr9/12w1a6J+/4HluEfenqwB3se05QGzkPT1ydqSLwWELdUjTay5xg8rLVfPvrRSo/2lvM/MQt+PZiju+7KGLxrQxmo2sTp/XjEPuGvoTVKvLpbBKgAAAAAAcG7XeRr/Pj/0JmnePR66YLZZdXtCuNpsEfrz1h3ak7pDe14Ilbe81OUW4ysfphxRqXeoZqau1LzWPu1HJ3VGUpduEZIiNOIWL6m0WNl1hi38v2NSvfDUds22PNKts6RjOmClXQHgaBcvXtSFixfU6Sp+hQEAAAAA0N5d29FVVRfaZ89VkokGBHUxDzCrA8ppCvrhXQ0adpcGvZWuUvMDPpqh3wz7XHm6SaNTjWFm622IdURnSiXvLr1qnyo+aXZrv7nq8LQJNdtg+d4B51LdGgAAAAAAAFwe2uvf9R3Uc9VLQRMS9NHYFkzh3tlsk6a2MFv9/CXlGwNM4234VjaMqucNTRhm3ADL2E91h9bL+oZVzdNLXbyl0h+O1D5V3Q+23tgynfmhOTXbUN0SAXAi7fEXLQAAAAAAuDxd2nD1TKUqJHlL8u5+U+uFo5WtNVGtR94epgCVad+mN2qftOin2riFj3+ufqn3m27lT2xZQS/1VYCkvJPGeb75YbIG3FY//Jz3q5uk0nRjnWHNr7mm9v87ptH+neX7sCR7glkAAAAAAACgmdrboqpL2xbgq6Va/uUxlVZUqsLmV51jGhxbprydK7VgU+uW+cjbmzXzNi+Vfr+yZsXnhyeLLXuZPrxUX70QahEQz1u9Q1+9HVH7xEt9FaAyZac0P1j1vm2y/lzTN3W21o+8Scr/vGYF7IfPr9S+0ps0eqtp8yqpdhOqFOMmV02p2abXDylPXhrwpNn8Dy/V1Nu8mv1egLbQ3n7ZAgAAAAAA29rr3/MvcVuAH5U4P6rBNZyPvrNFM80CvIofVmrYM2vbuC5jj9TRNd8f05ZhY7TQfMjrk7XlVzs0+oUd2vOCpNJ0xQ77XJGp95sGzJb+73OdGTlNe1Kn1RyW99lddtySX6Z9b62UnjSdS5LyP9egx81W0SpRv39A+vPWaZqZukMza44zO1+jNTfkDU0YdsRy/tJ0xX52TDNHNvf9AAAAAAAAAJcfF0XXxsK3f/3rS19Bt9Ga8ftQdZEkeSkobJACPMxerzimXSlHVCZJKta+P7+nxJOXvkwAjVv02qsyuLrKzdVVbm5uMri6ytXgKoPBoA4Gg1xdDerQoYMMBoNc5CIXF+OXXGof1/2SZPH4woULOnfunMrKShXcK6Dm9bqsPQcAAAAAAJxT1pE8eXt3MuYJBkObn8/N5XyrzOOgDa1q3fr7xzTx7m62B3jcpKF331Tz7W1eR5Q484tLUBkAAAAAAAAA2ObwcPXgn+O0snKYfN2bMrpY+/5MsAoAAAAAAADA8Rwerurk13ov5mtHVwEAAAAAAAAAzdLB0QUAAAAAAAAAQHtEuAoAAAAAAAAAdiBcBQAAAAAAAAA7EK4CAAAAAAAAgB0IVwEAAAAAAADADoSrANBMJTsXaeKYmdpy3NGVAAAAAAAARyJcBYBmydTq+au0O2urXoxLUYWjywFsSV+kwKC+Wpju6EIAAAAA4PJFuAoAzVDy6Xt6s8BXw8P+S5Xr3tOGHEdXhFZjCiMDYzIcXQkAAAAAoJ0gXAWAJsvU6nd2SGHP6c3/naHH3P+phQmtvXo1QwuD+hpDvuqv332sIvMhRR9rctBUbSiyNYf9ihKn1j/f5aax65ebe3m/fwAAAABAqyFcBYAmKtm+Qm/luuuxqSPl4zFIU6JbefVq0ceaHDRROYuTlZt9yPS1VlNSojX4cg88nUHoXOM1/+s4+Ti6FgAAAABAu+Dq6AIAwBlVlJSoqCBLx3OPamdmpnJ2/lM5BVmqDJmvZwd7SJJ6Rjynx2Ke0cJJEVoTeLPuCA1Rn0HB6ul3s3r28FEnj+adc39ctHaGxWh3hHm0F6J52Yc0r/XeGq4UfsEa7ugaAAAAAOAyx8pVAKijZPtLCrn9Dg1/aLIem75Af4nbqhxJPR98Sm+9OlY9qgd6hOnZ/52j8aGSSvZqddxizX5qsiIfCFdov0e1+nhzzlqknFxJKVlq6LD9MX0VeGe0dipVs+/sW6dHaJE2/K6RlgLVc8RkyLwFweTEb7QwqK8Gz0mVUqI12PS87c2QmnYuo/qtDiznrT/X5MQ6M1X3Q7X1utmt/kWJU22eq8HrV/SxJteZu7ZNQp0arb5XK9ckqG+T+rjuj2nk/cvWz63IxhyLtL+B8zV0jRo9V52fxWXfRgIAAAAAGuB6+9e/dnQNAOBUOvUIVk93KbPTWP3lk9d1bwP3iPcY/oReG/5Ezfcl6cs1ecIypQeGqG+z7i330fg/TNLslFWKDJI2Zs9Vfyuj+kcfUu6DixQ44aje+DZO42vOUaQNvwvX7MC1yv1riOm5DC0MmqjBMYHKjQ6xnCj3PU0OulkvmK+KjTikUTF9FZkbo90N3hrfjHOlL1LghFVS1Nra59MXKfCdj/XsX8fJp+hjTb7TtGI323TOoo81+c4V2h9hvAb7Y/oqMmGY3vj2kOn9ZmhhULgmK1krLVb5GgPT4YuTlZttfH5/TF9FTugrrT+keaENXb8GpERrcJDx/Lk156/7Xk3XRLXvoyhxqgbPUSPnMR2XMsnsZ258f4GfWvk5WPu52ZxjonZK6mnzfHHGsUUfa/KdfbXQdI0aPJfp5znFbOz+mL56MXFYnZ8FAAAAAGdXVZSlr/YV6qynr+4YFqxuhppXVHxon3bmlekqvxDdE9JFhoYmusKxchUA6urzhBI/mq7Qkk16dtIifVfStMMqcj7U879dpvTACYpfNVf9m9kWQKFzlbt+kqRVimx05WhdPhr/10N1QtQQPbt4mJTwWf1VjCk36wUbAW7rnatIG95ZJYXFaLf52NC5NX1N98dFa6cmaaN5iOgzTiurayv6WG8lSFPWmweUIZq3fpJ2zllR730NX2wZuPaPXqspkuI/bXjlaMOG1QlIQzQqSpYbX6Wv0OwUacofat+HT0SM3ghLVVJKA+s601dodsowvfGt+c/C+P6UEq2/1P35W/u5VZ97vZU5mnI+n3F6c/Ewxb9TZwWqlXMV5R6VNEmjzELY/tGHCFYBAACAdig/p1BlF6QL/ynUd6lZOlklmQerFySdLTiqow6u09kRrgKAFR59ntbaT+Zr+PFVemxC4wFrRc6HeuahBdrZY5LWrH9F4fZmTdWbKn0bo+GS4ic0N2SVxW3bg+ek2llIK5yrKFVJKdLwB4fZWAWboaQESVEjbYa8RSlbtbNOmCfJ1E/0qHIavR/dFIRaC5hbqpEWDlKhMlManmL/p6uksAfqf15CRzY5FN7/6SrVDTybez6fwJub8H4kn7AHNFyrFGlqwQAAAACg/Qr8rz7q7m58bAxYD+mIWbAquarrr36lXg6ssT1gQysAsMGj5yN6rBYSNQAAIABJREFU/xPpmYcW6LEJftr++RN1brE2KflKL5uC1Y2f2LFi1RqfcVqZPc50y3a04ics0qjGVppW34Kv2lvoq29Nb3VNOVdBlnZKmhJoI2kuylWOpOF9fG2e5nhmqqRURQatsvLqMI2y+w20stCn9EbYKs2ubncgqSjxPcVrmN4Is5W0m/rsWuWrPmEyrY4NabBFQ06upLDg2l7AjY1NidbgoGgrr1tZ6VqXzzitzB5mbC1wZ1/NlixbPgAAAACQJFUVZeu7nDJVNWm0q27o/Sv1vu4S33zfsbuGDJXSdmXqRKV04T8n9c//1NbU9VcDNdzf89LW1A4RrgJAAzx6jtWUiAXamestm5mph7s8KqXBU59onWDVnM84vbl4qwbPMa7S7G8zZcvQwrq9TdtME8/V2G71PoHqKSmngSE9+gyTdLPNHrSNa0742BKmnrkTzIPLSY3U7aOegZKsBqymVa9RgQ0Eq2ZzJBhXnTZprBrrqdsYY1uI8ZIpZJ+oQBGwAgAAAOaO/HBcP/676eOLD59U7zv82q4gW0wB67e7MvVjZfWTrrquD8FqU9EWAAAaVKDj6ZL6+NkO5zz81CdY2p1Z0KIzFRU15z7rVFmczrQKdMqDrRBwNXZ7eFPPZQpP6/XyrGFcnWmtd2rNFKbb0JOa0xbBgjGkrN+aoM71a7EMLZxw1LjpVXb1V+OBcP8HJ0kpW5Vc9wKlf6Z4Ne3naQygm9IioYHz2St0rjbW7T8LAAAAQFe5Ni9yu8qrUxtV0pgqFef9S0WV5s+d18/H8k09WNEYwlUAaEhFgTKzpMF9TP+CWJKr5PejFHJrhF5MzJSxFaufeoRKyixotGelTemLNPjOcAUGLbIMGos+1otzUqWo52o3VDKtCM3JNYuzqoNMsx6dxtv0m9dztUlBXZPPVbsx0+AYs96h6YsUGJMhyUfjF8cYe3j+ziyALfpYk6u/9xmnF6Kk+Al1e3xmaENi/SJ3zok2G1ekDb+bqHhN0gvmGy5Zu34tVZSrHHsC29Cn9EZYqmbfaf5zN60MDovRs03oo+oT8ZymKFWz55iH2KY5mnQ+SUUfa0MTAuz9MX1NP7va8yQlSApsbIUtAAAAcGXxHzRCESPvavLX/bd6O6BKy82rJFd5mO5xt9zkCg2hLQAANOR4ofZLuqOr9N3KmVq4ZKsyK70VGChtnBOpjTED9eKy+bojMFhaZ1zxadft56FzlZv9lDb8Lrxef9Ep6w9ppXnI5jNOK9dnKXBCuALnSNW3n8/7NkY5d05UYIJx2PDFycpdv0KBE5pehk9EnDZm9lVkg/00Q5p+rtC5yv02WJPNxkrSlKiR2i+pv884rcwO1MKgiRZ9QIdHxeh4keTjY9yNPvfBRQqsrqlmzFqFy8ci1Bu++DlpTl8FVm8kFRaj3dl1boG3cf3saztQd86+iq/3YkPzG2+x7xnT1+LnPnxxsnIjmhpXhmhe9lrJ4hpO0kbTc9bOF544VYOD+po9P0zDFwdqfGhDK2UzpAfXasoEy58lPVcBAACA9uk/OfvrbF41UMN9/m3Wg7VQ3+1y1YiwXrrWwbU6M5fbh4646OgiAFweFr32qgyurnJzdZWbm5sMrq5yNbjKYDCog8EgV1eDOnToIIPBIBe5yMXF+CWX2sd1vyRZPL5w4YLOnTunsrJSBfcKqHm9LmvP2aNi5yvq89R603fu6jNyhuZFP6E7fKSSzM/0VswCxe8pNb0+UG/sSND4tm3uCWtMG39pcbJWNjmUbO3zZ+mFeiFqkXHzpxb3OQUAAACA1lWUkaqUgkrV27zq7ImagFXu1+uOu2+V7W2IW0/WkTx5e3cy5gmGtt/cy83lfKvMQ1sAAGiIh4e85a6uYdO1Zsduffo/xmBVkjr1Gal5f9+t9E9iFBnsLrl7yKO1N7RCu7A/Llo7o0ZaWZ1avYkUAAAAADgXn5ABGuDXVTf9V53Nqzp215ChfXTTDd00YOilCVbbM9oCAEADPAbPVcaBGWooNe3UZ5ze3DxOr1U0OAyXsR59hklzJmrhg4c0z6yFw/6YvopMkKasZ9UqAAAAAGfjKf+Q/5K/tZc6dtftA7pf6oLaJacKV6/qOVSj7hokf2+3Zh5ZriOfvqtPDrdJWQCudE1MTAlWr1w+EXHKDVxUv+eqtZ6vAAAAAIDLhtOEq1fd/ozmTOyjTnYe33l4f31yeH/jAwEAlx+fcVqZPc6xNYTOVW72XMfWAAAAAAC4pJyk5+pQPTnW/mAVAAAAAAAAAC415whXb+2j6z0bHwag+TwCx2vGomWa/+xw3eToYgAAAAAAAC4jzhGuurqquV1WL19jNWPJMr32VGjjQ4FGeASO13NP3yk/N6lTr/t1X4ijKwIAAAAAALh8OE3P1Xp+3KP3Nu6x/br//XrywV5qmwWvoXp6YZSCzScvz9Tf5sUpo8lzjNWMJYNUuuolLW/6QUCrMQ9WJakk62P9jc8iAAAAAABAq3HecLVTL419yM/2667ebVN8yFS9NqmPPAuSNXPZJtOTxrD1ieljzZ5rbJ7r1VlSaVvUCDSifrC6RotX7FWFY8sCAAAAAAC4rDhvuOoQoXp6fN1gVZLStXxeusOqAprFZyzBKgAAAAAAwCXgvOHquWLl5/9o+3XvXrr+hk6te84xdyvYs1xZO5qwOnXMLMUON19ZW6DkWUu0WVLIU6/rCVNPgeBJyxQ7SSrPStDLK9JrV8bWHFeurKa0Dqh7nNU2BWM1Y0m46q/3beI5AAAAAAAAADSZ84arnXpp6NBel/SUY3r6SSrQj42FkGNmKXa4lDxrujZLqm4bED59rDYv26SMFS9p5phZih3e2TLUDJmq1yYFKH/V9JrnxkxfpvDxUxWS0UA/V1OwqqwEzVyRXnPcE0tm1QS6NcFqzapbU99YNbdXLNq9ok16b7lr7UZWwY9pzlNi9SoAAAAAAEAr6+DoApxOeYnyGxuzeYlm1oSakpSu5XsLJL9eGtPQcRlxenmW5QrSzTsyVe4ZoEE2d3GvbVXw8ora1gSblyWrQH4a9FSo8YkxveQn81W3ppoanBuXq4rcDXpv+bcqOGf83hiwDpSHY8sCAAAAAAC4rDjvytV2oe5t+OW6IURqfJmoaVVpbW8AefvbOC5kkPw9pfLSvDovbNKRgnCF+w9SiNIbOGVx4ytxcVkyBqwyW8E6Tk+E7KU9BAAAAAAAQCth5Wpdnp3k3+igsZqxZJlil4RLO6dr5qzpmrmzoAmTh+rphcsUuyRK/vkJxuNWZaq8CUcWn7KxoVZ1vZu/VFa5p4LvGlt7roF+UsERsxW2uNKYr2AtOfK5viBYBQAAAAAAaDWsXDWzOadA4X6dG119OmZ6uPzMNrBqqpCnJhg3zLJjc6nO14dKshKw1rQxSNee/AkKDg43hr6SVNN/FVeyitwNWjp3g6PLAAAAAAAAuOw4Ybharh8LinW+SWM91dmvszxVrvy9+1t+6s1HVDA83Lj6M6ORULKxFaH5JSpX5/rPl+dpT3OC1Yw9yh/fR8HeAbIMV8eql59UnrXHmAOHTNXDwVKW2WZZAAAAAAAAANqOk4Wr53Rk06v635Sm3CgvSeM0MzZcfirWjzbumm+eTVq66nq9NilcsdNltuqzukeqcbVqfmm5FGzcvGqzJI2ZpdjhfpL5Df4Zp1Q8qY/8B4ZKGemmp4qlYOMGUxkZkkKm6rVJfeSphqRr+YZBem1SuF57Kq9mU6ua1bMrWuWNAwAAAAAAAGgm5whXS8tVLslTbro+uL+8U3ap1FG1ZMTp5QxjmFpze70klWfqb7PijKtEV6xX1sIohS9ZpnDJePv9qhK9NinAbKJNWrqzl2KHRyl2SZTx+HlLlNxzmcInLVPspOo5k/Ub8/NUb1QVHKUZY9K1dLOpJk3Va5NMc9Wtx1T3RwNf1xPVc5ujPQAAAAAAAADQ6lxuHzrioqOLkII1KfpZ9bdyF33TnFPBzjcV+8mp1iyqfRkzS7EDS/S3eXGW7WJNq2OLd043BrVAG1r02qsyuLrKzdVVbm5uMri6ytXgKoPBoA4Gg1xdDerQoYMMBoNc5CIXF+OXXGof1/2SZPH4woULOnfunMrKShXcK6Dm9bqsPQcAAAAAAJxT1pE8eXt3MuYJBkObn8/NpWlNSRvjHCtXlaVVq77UdVPvVkDD98jb4Cbv626QdOWGq2N6+knFRxrahwu47OTl5UkiXAUAAAAAAI7hJOGqpGNJevvlZPnePkhD/Zu7hLVYWZ8eaJOy2gtjH9hBejpkk9mGVmM1Y1IfeZZn6itWreIyFBDAylUAAAAAAC4HWUfyHF2CXZwnXJUklarwH19pwz8cXUf7k7HiJf3tqfo9V8uzEjSTTa8AAAAAAACAVudk4SpaImPFS5rp6CIAAAAAAACAK0QHRxcAAAAAAAAAAO0R4SoAAAAAAAAA2IFwFQAAAAAAAADsQLgKAAAAAAAAAHYgXAUAAAAAAAAAOxCuAgAAAAAAAIAdCFcBAAAAAAAAwA6EqwAAAAAAAABgB8JVAAAAAAAAALAD4SoAAAAAAAAA2IFwFQAAAAAAAADsQLgKAAAAAAAAAHYgXAUAAAAAAAAAOxCuAgAAAAAAAIAdCFcBAAAAAAAAwA6EqwAAAAAAAABgB8JVAAAAAAAAALAD4SoAAAAAAAAA2IFwFQAAAAAAAADsQLgKAAAAAAAAAHYgXAUAAAAAAAAAO7g68uT+Yb/TQwM7y83suXOFyYpbt0e/OKwqAAAAAAAAAGicQ8PV0IH9FOBX50m/cN23bo8+cUhFAAAAAAAAANA0Dg1X07Py1P96P3lKktzk5iZJneV3Vy/1zLdvzvJTR1RY2molAgAAAAAAAIBVDg1X8z/7H73ymembqx7W/4u5UzfIU70enKZe9k5akKwZSz9upQoBAAAAAAAAwDrn2dDqlyydKmn5NOWlBS2fpMXGasaSZXrtqVBHFwLII3C8ZixapvnPDtdNji4GAAAAAADgMuLQlauWDij/p3Pq18mt8aENKD61p8WVjJm+TOHmvWDLM/W3eXHKaPHMwKXlEThezz19p/zcJPW6X/eF7NRyPsgAAAAAAACtwonCVengqVKN8u/cghmKVZDWkgpC9fTCKAUrU3+bVRumjpm+TE8snErAinbFIliVVJL1sf7GBxgAAAAAAKDVOFW4eurIjyof2Nm0wZUdyn9UzqkWFDDmbgV7litrlWWIunnZdG1uwbTApVY/WF2jxSv2qsKxZQEAYIcMLQyaqHhJ0iRtzJ6r/g6uCAAAAKjmVOGqDharRLI7XD136oj2trgIT3n7Sw0vUTWtcDUrtDwrQS+vSG9k7rGasSRcNR0HCpI1c9mm2pdDpuq1SX1q3z/tCGAPn7EEqwAAAICjZC5X2EPLVCBJYTHa/ddx8nF0TQCANuM8G1pJLd7UqvTUgZadf/MRFUjyG75MM8bYGmQMVv3zEzRz1nTj184CeQZP0NMhDcwdMlWvLQmXdpqOmZWgrM7hip0+1jRgrGZM6iNl1c6bXNxHD7MpFgAAsMPxxCgFBvU1fv0xpfF/ZKtI0cvV44NeUXIT/lXuu5i+NedYuLs1qgaAy0DXrurp6BoAAJeMc4Wrpk2t7FOuU1kt6QkgSZu0dFZyTcAau2SZXqsXbqZr+bzplqtUN3+prHJP+Q+0FYSG6unxfeRZkKylNf0F0rV8Q6bK/XppjCSFXK/OKlf+3tp5Ny+b3oTVsEAdRZv03vJvVWD6o9Qp+DHNeWqgPBxbFQDgEusRGCL36m9SspTT2AGZqdpQ880m7cxs7IACHa8ZM0yhgXYUictCUeJUU8g+VRuKHF0NnEOGFlb/Y00M9+EBAC5vThauGje1ssu5H3WkVXLITVpavbK0XPIMjlLsEusrWUOeel2xS5YpdomxRYCnd4D1KUMGyd9TKsjZZPl8xikVq7NuCJGUsUf55Z4KntTQqlmgaSpyNxCwAsCVLjBE91Y/LtirnEZCr5zMvaqs+a5S23Y3kq5W5Cp9j+mx30D15J7XK1ZJxWlHlwBnU1FCSyoAwBXDuXquynJTq4Jd72pTUwPT8h8bX5HRLOlaPi9dNX1Sh8/SmM1LtFnGUPWJYE9jT9RZccqo7sHayIx+w5cpdnj95wv8JWUYzzdm+jKFV4+r25MVaAZjwKqa/qudgsfpiZC9Ws7iAQC4MnS6WYODpaQsSdqjzAJptM0AtEj7v8yyeKZgT5aKnulju09gbpaSqx+HBXML7BWsJDer8UG4spSc1nFH1wAAwCXidOGq/nFKxRP7yE9S5+BxGuvfhGPK8/RF/EdtVNAmLd3ZS7HDTStMNVUPB3s2cQMrSwU7p5u1BbBu87Lp2ixJY2Ypdni4YqeLgBV2Mw9YvfM/1xcEqwBwBQlUz8GSsiSpUvtzC6RQP+tDK7KUniJJ7ho1cpiSPtshpaRqf8k43dvJ+iElx7OMm7VIGhwayN0RAAAAuCI5XVsA6YBOFRsfeXb2k59fE756DdJdQy9ljZa9URuVsUf55ZJfz7GNj622eYmSCyR1vl4N7ZMFNKYid4OWzp2uBX/ZqWOOLgYAcEn1DB1W83h3ZoHtgTX9Vn+jUZPD1EeS9JV259o+JCfjK9Mjd/UPtBHa4gpQpOMNfE5whSo4qu8cXYOzCAy0fQcAAOCy4Hzh6lWW3547d66Br+pR5yU1ZYlrQ0L19MJlVvqrjtWM4X5SwR7j7dQZp1Qs882rTC0BPBuau3rzqvA6G2SN1dPV34+ZpdiFU82C1LHq5SeV5+8Riw0BAIA9fAIHqib23H3UZgulQ7u/MvZbHTRMfUNv1h2SGu67WqSczOoOrb9hM6srHL01UV+FWQ/nK5BPIK1SAOAK4nRtAXo/+oT6d679vnjvm/rTxlNWRvbSpOhpprGeCngwSpPyX9WqFjRe3bNhuvYMfF1P1OmNWp6VoJk1LQCq2wREKXZJlKRyZa2aruS7lim85ohNOlIQrvDgKM0Yk25sBZARp5czxmrGkurjTHMXSCFKl7+OKLk4XE8sWVZ74oJks/MCAAA0Ux/jplbxkpS1Rzklj6hnvdv8i3RoT6EkyT00UD3kq9AwSSlSQUqWjj/TRz3qTXxUmSmmh8GDrMxZR0mmtsSt0Jqde7U/67QqJbl3DVb43Y/osagHFN7oBM1VoePpn2nNyk1K3pOhzNOVktzVNXiY7p34hF6YOKiRlWS2jg/RHcPHakrUOPVvdClakTb8LlyzUySNfEfp//MbdZJqr8WXqdqdW1o7b8Rzmje5bl1F2p+4Qn9ZuVXJpuvmHThQ4Y9aG9uAVr/+Rdr2/57RW5mnlWOazyhVs+/sq9kWY4fpjW/jNN5qsSXK2blV8es+1He7s5RbKkneCgweqDsmPqIpD4Y1/tmypmKPXh4wWWsqJem/tHDHOj1e/0NcT87aCN0z39g/9p5l3+n9B62dvBU+G0Ufa/Kd0dopSZqkjdlz1b+h4YlTNXhOqiRp+OJkrYyof4LaMRMUf+AVhXtIUpG+W7lYb60zfda8b1bk4pV6856mr6OsOJ6hLQnLFZ+yV5nGH5DxM3i3lfea/jc9+MdNqiio/lmaJExUYEKdiaPWKjfaxv15JblK/vRvWrN2r77LOirjx+Jm9Rk8UI89+oRGDw9UYx+LFl+PS/47CwDQnjlduBrc2fJ/VJ06+0myFq766zpv8+895eltZViTpSsjQ1LGS5rZ2NDNSzSzbu/UDFOv1Oohyyy/N9qkpbOs90/N2LxJ0iYrxwAAANjr5pqgVMpQToFUL5Uo+ad2moLS8YOCJXmo5yBfKaVQ2pOqQyXj1KPuMTlmt/wOvrmBFVol2r/yD5r8+l6V1nml8nSWtq9boO3rFqlP1DtaGR3WKrfOVuR8rJenL9DGrLrr5ip1OmuH1szfoTVL7tLC9bF6vKeVTrHHP9OL//2SjeP3Kilrr5LiFjSv5tISVahEhxIX6/k5m2R5F71p3tcna1viU1r70Qz195BK0v+mZ363WLvrXLjSXOPYpHWTtPGTuerfYLPbtrv+JaezlNmCfaxsvT+pVLlZO5Q7f4fWzPfWPQtW6s2JfRoN0yx4DNJjf/DVmthCSf/UmpRcPT6xseXVufpubfUbekCRYVbO2BafjVZXqKISSRVf6cWn/qCN5h+20qPy8GjqlazQofejFBH7z3orUEtz9yopbq+S4hZr8Etxen9yiOnnU6DMrJZsbmb786rSo8r88qjmfble87zv0sK/v67H+zTlvTT3elz631kAgPbP6doCfLEzUyU135XoyN79NkbuUlpO7UiVHNEeFnkCAACY8TEGpZKkQu3OLao/JHePtkmSBio00JjU9exT3at1q6x1BqgoyFT108NDb7Zx7gJt+e97FGktKLFQqcyEZzQxJqPFt5cX7XxFDz4QbSX8qqN0h+Y9MFUb6mxnXpG+VA/eP6vx4001h/3u46btiJ6yVS//9z0aVS9YrTNr1go9vyRF+9dOU9gEa8GjmdxVmhiT0sA1u/TXv6mOf9qE9ydJKtX2+ZGKiNlj9veDpun74NOqbsaVGfeVDjV2QM5eranOBR8dq/A6mVubfTZa3WlVFGRoYd0gUZL5n/HGFH36B6vBqqVS7X59osL+mNLsn099Tf28yvjn96GJWri7KWdtzvVw3j8zAADn5nTh6i//eF+xcR8redcWrf3TIsXbDEzLtXf5Ir23IVm7Pl2jxX/6q8hWAQAALNUGpdLO9MJ6r9f0W3UPUU/TrdMefQapukPStvT66WpOZqrpka8GB1pfu3Xo/al64UtTROEerMgFK7X92/3KzT5k/DqQrO0rpmuw6c6j3ISZeiO9BVFFzod65qn1teGle7BGvfS+xTkzd6zVwnHBcpcUGDVDo81vFS/6TM/8doVqWsm6BytywVrtPGCqN3u/0s2Ol6TKlGhNjNnThIAlVdtN1yLw7jlas2N/zZy7P4lRpNmiyoKEZxQ5f4fpVuiBenHVdmXW1L9Sz4a414ytXPehttnIl9r2+vto/F+rr8taTal5fpje+PZQ7TmyDyk327IlQEX6Uk2evqM2vPIeqBdXJGm32XXevfV9vTio9pa03ITJej6xgQ3ZrOnxgKbcbXpc8J42NvIXhZw9H9b8g8Fjdw+SRQTZpp+N1palhb+NUnyu5B48VgvX135+cg/EaXwT2iNImdqwJLUmWA0cF6Mki8/Odm1cPMn02RmmeVPDjCtXQ+fWjNm9uPb3jqLW1vlMHKrTEqBC+5eYfV4leQ+arvityWa1W35epaOKnzSr3j+QtOR6XPLfWQCAy4bThauSVHo4WZ9s/Ep7T5U3MrJcOWkfa8OOPTr1yyUpDQAAoF3xCAzR4OpvMnPrrKYr0KEUU+AaMVB9q5/2CdY9waYRn/6zzkZYRcrZUx3SDlNfa3dbH/9QL8ceNT4OnKD4rxP15sRB6uljFll5+Kjn8Ke19uv39Zi7JBUqPu4rO1fAFWj1nAW1/9AeOFZ/+TxRb08OszinR48QPf6nRKWsX6uV0SFmAVqFvnvnJe2stDz+zYkh6lEzyEOdTMd/uXhYTYhWkPCSPrC175eFmxW5bLu+/N8ndEfNpB7y6TNOb743X6F1RruHzdf2XQn6/WC/mjo9egzS7L+/Y7pekrRDu62FO5f8+jdVgTbErKgJwN1DpitpV4J+PzxQPmbX2adnmH7/9+1aE1W7KnrnnEX/n727D2ryzBf//7aoWf8gM7+OtDOG2dbgOAnTbcL0CB5X4LRC14q1iFrFVsFV0daqVbGtT7UuIlZRat0+iLpFbUVbRWvF9gi2Q2D3CJ5+IT0dknWatJ4hndnG8Y+4M2x0Z8/vj4SQZ5IQBPXzmmEGkvvhuq/7uq/c+XDdn4svoiqckqeLnnefp1t8Uhcu0OmVEmDk80zP8A6t3om2EV+3bt1iZGY5jed28IK+t/2giGzUKnYzrT2xbNUa3n17Jqk+bUdFWsEGar9t4PixrREGbMPoOktZtbu9MhL9utO0fbyU7JQkr7L3tNcaFnn6nBZe23GhzzYbUX3E/ZoZyWj3bIJZ2jFBlxBCCHHvGJLBVSGEEEIIESfJatJ6oj1tRizeESaHGUOb69esDI1XsFFNapZ7JXMbFp/owc+YWt2/pusIlra0s/6gO9A5hvVVb5EdLjGhMpNFm9yR3MZLXI4lume6wIfGnj/GsnznVp4OE/BJ0ut8J+myX+DDEz3RszEs2hZ+/eSC/RyY11OpP7P7QF9ByTEsOlbH7jxV8LdTJjBL0/vnyMxyGg/PDVq3KNLJLej9s+t64J7veP1HquMoZZ7zNJntVUtJDRnvUzJx037KPAMcv2ZXbXSRSkXGXFa7q/zWiQtcDhVd9UoJMLJgmm8e2wFvGwNAtYCa92cGmYguUl4VkKgkdEhWxcSMEG06Cu1HKnr/MZK5lXeXaUPvU5nOFu9/RjTu5ZO+mkUE9RH/a2Y0SX2l+RVCCHHPkOCqEEIIIcQ9bSz6nsej+Y4u76GrpjbOA6AhV+MbTUhNz3f/9iUG79GRXVba3bGmkXp1kICFiaYT7pGtmqU8re27hCnaCe7fLtERLilpCJ2Gk3geGs9ZwXJ9hCP03OxtX7pnbgc0S5mf0df6CrILV+AJK11opj3s08FqtGFzXapJyej9a2Le5DCBIAUp+gmevwwm/1QPd77+I9XeeLI3h+e8Bb5pGYJS82zxU56/AkdR90XLsyWPu3//lOONwcOcvSkBRvJCgW9KgIFvG/GXsXIhE6O7BHwlTWB6pvt3cwWrypvpGrBjMNJQ25vZdX7RtL6DwileKR/4mfN9NNq+62PoXjNCCCHuDsMHuwBCCCGEEGIgKUnJ0MAFM2DGZHPSMyTSYr3iWmTkBFJTfNdy5V39FAPQZLJCljviYDPTM3D1aV2Qyay8Hyk2byN3/LYoynorhhyVdjrbegOMWXkToptZHuisfcuvAAAgAElEQVTqaPH8PjJLQ0qYZT20Op4GPgI8QeuIVgwumliYItzSd7z+I2XHYuoNovmOlA5NqZtCBl+72pzZRFdv841Ics5csrZ+hwFoqLuEPW+m3wzvXikBVCuY5ZefYSi0jWgpGNn3QmElMXvbflqXrOS01TV5U9aRRNQ5z7Aoby7ZOVqvlAj9ZLfS6WkWk8nQRtQqSMuZAI2u/stksuFEHbI99VkfQ/aaEUIIcbeQkatCCCGEEPe4FHXvSMcmU88wKzudje6gUsHk3nyrPbzzrjabPblaPQFZNGSoow1jDrwUVbjnefs2UR1pfkQV2vSe381Y+5ziXHiL+Dwlq7za5s/Yo33GPmkKs3pGOTaf5KL/BEhdVzjdE1udF+Q68HJftY3kKez+9DS7PJN03cTa+Clb1swi6zcZFLy6ly9M8U54MJbkiJuFVx4N2/U7n3pBCCGE8CLBVSGEEEKIe51aR5b7V5vpZ3cg4kc6ml2vZemDjSL0yrvqydXqpMvkjkQxgZRgo/Gc3OGRXLf6vcN7auTZHa//SPX/PMXGe2Kr7zje7PsMd1fzGU+uzflZgc+DD826vEOUWma/XYf5v8/z0bbnyVUnut+4SceFQ6x+biI5r5/xzeMcraHQXge6DPEa5SuEEGLIkrQAQgghhBD3uqSxZKjAYAMajViYQprlRy4DMIYMbfDhYqnp+VD9KXCWVtNbZOttdPXMPJMZ4hFphVcsQbOVhnNzB/iJ6JE+wQuLzQ766Eavesc+LPbrQCTr2zC19fw+htFDJYByx+s/Ur7nyW53QCQJHLpsdHr+SEQZQz27Jrb6lN02MFVforNQ7R6haqOp7jvXQqq5ZAfJtXlPtY1YKdVkF75FduFbOO1WLte/x67KLzHdAuuZTeRdV9B8eFpENRPAu71yncibhbn3j7CTbkVZhrhdM0nMPtzJ7H5vRwghxN1ARq4KIYQQQtzz1KT2TFBzy0yXHezmS65JfEZOYWKICVxceVcBbtFutYHTRs/A1ZFadfBgSpKa1J4Uh+ZmOgf8ed0kUrS9ORUNreaoR6El6yd7frc1fof/k+NBmYxc9PwxmdShMjP4Ha//SPmep4vNkZ0nh/GSJ8cvmnRSYspE4TWxle0kTT2zy9vbaDC6lyiZEjQlwJ1oG33Vg3Pwx3Z6KJLUZBfvof4vNSxyH9et5o182BF+vZC82yuXMJgiahW0N17x/KXNGBt1nuWQZRhS14wQQoi7hQRXhRBCCCHued4zzLfQYQNLz0Q9OemhR2l55V1tNZhxdP1Mu/utoJNZAaAhq6AnUvE1+6qNAx4aSs3M752y5sR7nIpuSnmS0p/xpE3AeJCPOvoOdzXVvkfPHDhMyyRtyIxOvPP1H6m0nLme83TrxCG+sPe1hpUvar72/KXKezzmEYXJeQvJBeBnjhtc0VVHRwsGAB5nfmbwCOiAtA2F0isYeAVLuPbadYbNb14Js8AgUaazvKQn8HwLi7XPkxmCjtxCT6vgePUF+tyS5Us+auz5YwzT9f39z8bQvWaEEELcHSS4KoQQQghxH0hW6zyBLYu1GYt7OGBGlibMqC+vvKuNRjptJtdo17CTWSmYWLiCnnCHtbqIZXW2EMv2snfFGpxxP/btia98x5YVb9EUbnNdF/ig3iv3ZtI0Fs3rqZ2f+eiNirDrd9WtZNmJninOx7CoeHL/Rs7F1SDUvyey3UJHuJGH+rls0fUuu/mNk2HydTq4XL6SLcaevyezuiDEEOtIKKd4zrFt/1nacdLe/KXrPd1MspNDrDcQbUM5Bq2q5w8zp9us/ku4N3aJ9Us2YbgV/O0B42xm8xMFlBnCtQknFlOIcoNvPoVWM+Hix2nzNqDv+aN5G+trraGDm442ylZswzNQNnMFs/vRLFwG4JqxN1M2JwP1+AwKypv7DhgLIYS4q0lwVQghhBDifqCd4Mn/Z6g/RoMZYAxZvVGeoFLT812/3GrhoxPu/JShJrPy7Gshu0t6RrbewvBGLroXKzjVYcPhHTVx2rEYjrJqTgYZU9+jqc/hYldoDxql0fL7bQvwHIn1UxY9WcD6WiNdXjt02q00HShC91Qpu9ds5BPPthRkr9xBTxzZZ33P6k4cXUY+eb2AnDda6Il3jZy3ldf0Q2bYqsuA1X8wY9Hn9P51fEcFTZ5Kc2K3mLzqUM3sTUs8QaxbzdvInVTEBwYrdq96tlua+eDFXOYf+dGzXf22N5gdU1LPHq4Amgrg1knOG9poOOF6J6vwKULFVgembahJy+xNkdCxdSXr60y9deC001lfQcHUlZy2wsiRI4NsY6DYOPXySo7fNPPRkmx0c97iE79247RbaaosovjIz+5XxpKl8z05SeoJvdejuYKyWu/js9Fp8Xr2PiWfLd7tdet00l88SJPF3htkddqxGA5S+GQxH3liuo9TtnFmbLle/cX1mnFwsXIlHxlvAjfpOLKSfa0yFlYIIe5lw/5t0n/832AXQghxb6jY/gcShg9nxPDhjBgxgoThwxmeMJyEhAQeSEhg+PAEHnjgARISEhjGMIYNc/0wrPd3/x/A5/d//etf3L59m7///SaacY963vcX7DUhhLi/2Tj1Yi6vtXm/toDjVzcwMdxq9gsU/7bU/fi0W2YlrX1OYGPji5cLWN14M+ISZuxsoLbAP9hr5ZMZ09niNX8NRTVYN6X7LefEUruSvK29wa3wEsmtOs+BvN6jcHbspeDFQ5giHCk4MnMr9e/PJSVobNXOqcXZvNYMMJldf64OGxxsL09l1hHX71k7m6gpCL2wva6EjDfcaR2KarFu0gVZKl713zdHwzrSV3wZot7HsP7zRl7yGl3YVf8KeWu+JtKSqecdoPYPmXEIotn4ZE4uW4wwMjERbt7kFk+x77//yLN9DD2Ob9sATAfJea6KMGM/XdvRraFuk5L1z2/DROi24d0m+mo/felq2EjxirN9lq2HuqiW+k06v0mlTHwwdRa7Q21k2n463pniNao32vY6lvmHatieFfw4Y6uPeF0zRj54opDdXpvRb2ugrjD6a0sIIe435h9+IjFR6YonJCQM+P5GDPtnXLYjI1eFEEIIIe4LKlL0fiPgpqUHncTHh1feVc+W0sdGEOhS8ez7DZzf9hSJfS06UsOsnac5EDSwpya78HHfl0y2IBMLKUgprKb50AK0fQ30S5zA5k8bfAKrAAr9Wuq/qmSWpq8NjERbdIDmw2GCZ4MuXvXfN2XuWnbnhNrLzxhMvo9YJ+f9keZP3yCjz4IlkrvtNHVxCawCqMgucLWlWzdvuoLBOdPIjiCnQ9zbhnYh7657nNBbG4l2ZiWNny0lVTUyTscfmeTcHTT+uYb16X2doJFoZ+6nJiCwCqDl9zuXhL4WL7TR6fOCq72e3jih7/aa+BRln9eGDKzGLl7XzFhScrwPfCQpo/vcohBCiLuYBFeFEEIIIe4TKbopPn9HNsu2V95Vt2xtpBPIKEkt/CPG/2ng9M4lTE/XMNqzqUTUmqdYtLMWw7d17C7QhixLcuF+jq97CrU7PpF4/WbIHIZJWRuo/76J81VbmZ+j8awDiajTn2HzofN0fHuE3+tD7C15GrvPtWL4tJzl0yag9RR4JKM1E5heUs7pP3dQvyleAb+BFJ/675srKNVw6A2mp4/1BKYS1a76ei0zMACl1C+k9tvLNBwKcp40TzF/2wEa/ruVA4X9KVeg3omtXHLzosiXG9e2oSB12QmaPy1nUY7XeRk5Gm3OAvZ9bqD+7WmudAXK0WHSFgyQpHRe+riVji8PsNnnWCFRrSF33lY++tJA/dtTQpZNoV9L/Te17Cp6qnf9kaPR5jxP2aG5Qf6xoySt+AjG/z7PR9ueJ1fT25ZIHOte7zwd3/6RF7QDleU4HteMkqdL97NIlwgkoi/az2u5QycrsxBCiPiTtABCiLiRtABCCCGEGNq800w8w4f/vYenJe4lhBBCDAmSFkAIIYQQQgghhjLLFY735O+dlx9RSgAhhBBCiHAkuCqEEEIIIYS4DzhpOlKBCYCRzM9LD5IrVAghhBAiOhJcFUIIIYQQQtzznB17KTtxy/WHbgOLMiS0KoQQQoj+k+CqEEIIIYQQ4p7jdDrdv9jprNtIwYvHsAIwkvkr80kZxLIJIYQQ4t4xfLALIIQQQgghhBDxZWTfE4V8eCvwHXXREbZkyahVIYQQQsSHjFwVQgghhBBC3Fu6rLQHC6zO3E/NJp3kWhVCCCFE3MjIVSGEEEIIIcQ9xXn9JqgTwXoTSESdPpn5K9/g9xlJg100IYQQQtxjJLgqhBBCCCGEuKco9Aup/WrhYBdDCCGEEPcBSQsghBBCCCGEEEIIIYQQMRjaI1d/9RATJk1lgv5hRgHdv/w/rlz8C1d+6R7skgkhhBBCCCGEEEIIIe5zQza4mvjvi1n93G94cITXiyoV49Km8rv2z6j8uI1/DFrphBBCCCGEEEIIIYQQ97uhGVzVL2bd7N+g5DaOa+18/XUbtu5RqCZM5XcTVDyYNp9SHGz/2DzYJRVCCCGEEEIIIYQQQtynhmBw9SFmP+0KrNoMf2TP59c871gs/0PblTmsXvpbHk6byeyLFZz6ZRCLKoQQQgghhBBCCCGEuG8NvQmtHspB8zDgMHPeK7Da4x+Wz/hPSzfwMCmZo+548YS42yjUs1lbUcXW5Vn8erALI4QQQgghhBBCCHEPGXojV8ckMgrg5g3+GmKRjl9usFCjQvmgBmgfgELoWVpWhMY7dttt4uiWaozx2oWuhO0LlLSVVnIuXtsUwo9CPZsVS3+LagQwbiq/0xk4GLdGLIQQQgghhBBCCHF/G3rB1X/+k9vAqOHD+RUEnbTqoVGuqGd39834719XwvYFWkbZmlhXddb9oivYunBNvtdr/fSIEhl3KwaST2AVcJjPcFQCq0IIIYQQQgghhBBxM/SCq9//wC+3f4PyYS35v4YT/+u/gIbfpTwIdHPD8kOcd65n6Wz/wCpABwe3dMR5X0IMnMDA6nF2HrqCc3CLJYQQQgghhBBCCHFPGXrBVZq49H0249IeJH3RK/zy8WG+tnS73vrVOPJKikh7ELjxP9T/V5x3PSMHzahuzF/3MTp1Ril7sh7EfGyj1yPW7lQCN7wCsz2jYHsWcacWeGRNFdkq10vZlVVkAzbDGva68wPM8Hofv/cAdEt2sPCRnzi65RemVGaj8lnON6VBt/kImw/5BYb9yuW7TD5rK9O5eWwjf3vKXQ53uVmyg4VeuRKCblsMvqR8CawKIYQQQgghhBBC3AFDMLgKf/34CE0PvUK2ahzTX67gd7dvu94YMYIRAN0/cenYcQKnu+qfGSkqwMbf4vLodD5rF2jBfIR17gDkjDVVzFmiZ3PVGq4t2cFCzQ2a/HKuugKrtt7XdSVsX1DF9of8ApmjtCysVNJUuoa9PetlVbEnqxvzsTWsM+IOAj/PUl1HbxDYExhe434tn7WVRWxfgtf2R/HI7B0kXlnDuiqv9TT4ree3bSGEEEIIIYQQQggh7iMPDHYBgrvG53v/wNG//MSNbhgxYoTrh25uXPszf9r+DvUB6QLipNsRn6Ct7iEepJtrV3oDoueq1oQf6TmjlGxVN+ZjXgFXYzWfmbsZpclhhs/CNp/A7DmLzfWqwWs07bkfsDGKRybo3S/kszZLRbf5U6+A6Fn2GmyMeiQdnffmr33qO1r2oQeh+yfavNcr3SiB1aHIfpb3Dv4Zm/t/EkrNfN5YMgHF4JZKCCGEEEIIIYQQ4p4zBIOro3jo178h67kclH/9jH2bX2Xtup6fDew7dY2H8maS9ZiKxMEuajjGNq51j0KzoIq1M/peHHpGzt4IGDlrvPIT3agYF2471xx097mDcaj8Ar6edUcpeSTMqsYrP9E9SsvCylIiPBwxiJzWUxJgFUIIIYQQQgghhBhgQyotwK9SplOyKIdHe9J6ZmWTD9z2TwsAMCmbfBz8UH+UP339A/+IVyHcQcb+D8h0TYLV+7g+EDBRVhBhRs4++JAe6G+OU1fAd8+CgB3zsI7QB26sZrMxn7WV2UHzxIqhxxVgxZN/VamZyULdFRltLIQQQgghhBBCCBEnQye4+uuZrFiajWoE3HbYsPzVBmPG8chDDzJqRE9I9TbdN37hmsUGYzSkqJSMy1vGisQ/sufz/j/Mf85iI1v1YPggY7TbrFrjenR/Ril7srLZs4bwAdYwwd0bv8Rj8qhuv4m4onGWvaWusvcEjdciAdahzDvAmnjtK/5TAqtCCCGEEEIIIYQQcTNEgqsPMXueK7DqMB9n58G2iEaiJv77MtbN1qL695nk/ec71Pd3+Oq5H7BlZaN5Kh+MfYwwjXrblTSlVJH94EPoAOMvN0Djt0iI4K5uwqOMwsYP/Q1iuo/vkQl6MPYvUHuuqolxldlxGk0rBpLTeoq9G04NdjGEEEIIIYQQQggh7jlDI+fqQzloHgYc/0NthIFVgJv/dYD//KEbRjyK5nfxKMhZ9h4z0a3KZs+afK/X9Swtq2JPT75R90RRmqfyvd5/3jdn6YxS9pSVeE0Slc84FXRfa3PFTa85AvOonqukyTYKzQKvvKa6EuZoRtFtbqT/A0Tdk1dpinzzwOpKWNpHItUZa6rYvkTv9UKI/K1CCCGEEEIIIYQQQtwnhsbI1TGJjAK4eYO/Rrnqf/18gznjVDz4UBrQ3v+yGKvZbNSztKyIPZXZva93mzhaWu0eUHqWvYZxrsf8K7PpedS+7SlXLlKAGfxA041sFlZW9W7D1sS6Qx2e/Xw2YQcL/fKxnqtaA2uqPHlNIc65Tc9Vsu5aCdsXuPfrOji6zflAqNG6+WBp4kZWEXsqi3oPx7BG8ncKIYQQQgghhBBCiPvWsH+b9B//N9iFQL+M8gVaRjl+4C/f/y26dR/6DZPGKek2H2HTwTgEV4UQMavY/gcShg9nxPDhjBgxgoThwxmeMJyEhAQeSEhg+PAEHnjgARISEhjGMIYNc/0wrPd3/x/A5/d//etf3L59m7///SaacY963vcX7DUhhBBCCCGEEEIMTeYffiIxUemKJyQkDPj+Rgz7Z1y2MzRGrpp/4G+3tTyqHMekSeNi2ICDH65IYFUIIYQQQgghhBBCCHHnDI3g6j8u8W65jaynfsNDUZfon/zyfSOGaPMJCCGEEEIIIYQQQgghRD8MjeAqwE0zhs/Ng10KIYQQQgghhBBCCCGEiMgDg10AIYQQQgghhBBCCCGEuBtJcFUIIYQQQgghhBBCCCFiIMFVIYQQQgghhBBCCCGEiIEEV4UQQgghhBBCCCGEECIGElwVQgghhBBCCCGEEEKIGEhwVQghhBBCCCGEEEIIIWIgwVUhhBBCCCGEEEIIIYSIgQRXhRBC3AXsXHw1A82Mo1gGuygRcdBUXkThASPOwS6KuHc4mil7sYgPOu6fVtVenkpZxyAXwt7Gn16dh258KurxGeS8fJDL9kEu092qowJ1uXGwS3EPsXNqcQmnpD0KMYTYuPjmPNIfS0X9WBarGu7zC9R+huLFZ7jPa0HcByS4KoQQIjy7kVPlr5A3SY96vOtGseDVo3c4uJDE0++cZ3uSDYfP60bKhuQNmxOH1Ui79bpfcDXa8g6F47szZWgvlwBBj5B14byJpcOI1X7/BFcHm9N0kMKXz6Jctp+2q51Yrxo4kPcjmxfspb2v09BRgXoArh17XcngB5yF6A/7GYrvqiD7UPgsvt/dPefAUV/BKsdC6r/vxPr9ebZnJQ3IfuS+SYihZfhgF0AIIcTQ1dWwkeI3bMyq2kpN6R9JUgA46Wo9yvrnCjC8X8tresWdKYy9hfOqKRy4M3vrpySePdzBs4NdDHFvSZpGzffTBrsU9xWFahrvfqxy930AClLytrK9NYOPDEtIy1UOZvGEEEIMMZaOr3mh+I+4QqpKlHfoNlkIMbgkuCqEECIoZ0cFxXsS2f7NESb6xA8UJGcspfabKXTa79Ado9PIrjeuMH/nTOQeVQhxxyhVBI45UpCiT6fdagMkuCqEEEIIcb+T4KoQQoggrJwqb2FWVb1fYNWLQk1q8h0qjmIsy6t2oPQvi912l+RgdYu2vEPh+O5IGex0WQd8J3cJqYu7gcN5nZTk0YOy7y5rG6gHZddCxIftRy7fTY14KHwW3+/kHPiRewUhhhrJuSqEECKQ6RIfKpcwWxvtig4shqOsejHPM/lLwasnaXcEWbSjguI6O2Dncs06Ctw5XTWTSigz2PwWVvoFVu18sTgV9W9LMTRvImN8qisf7PhQ+adMfPDkOi4GKYe9rgT1YxW0B1mr80AOmw3eiRUjPz57XYn7+GIpb6TLO+isr2DZ1AzX+0/ksaz8Ap3B6jsYp5VTPZMujNeTPmcdf2qNpswxnG/3PnXjU9G8eglzfQnq8dmsbm7htd/27CPVq+5CsdNeV8GyGVlo3LmAi8ub6Qq5uGtSot5jfYtTpmAnLvLlPng5z2uSowqaguzckx/TYeKL8lfIecJ1fLqpr1BWb/XJyWvvsy6CT14Tch9z1vGJKURiUJ/yB/70ndMzmrbXkyvPiaXuLQqeSEX92Doueh9HiHpXqjWh91/3lle/MY9VtUYCdx9+3/bWgzFcPyYuHhnDrMw459Hrq0117EUzPpVZ1bf46Hmv8xUud2W4iURCvBdbnUS7nv/5C9bvey1tukCZX9184X9dmg6S+eqlIG3AzqnFqWiC1pOJD558i6Zgl4mzjc1PvMXlkLl1TXzw5MaAdSMqq1u4CduinszNr/0UvHqSzpBl9//cnceqmraAtuCof4XMA6Yg6xspeyxEP+24xKoZJ0MEwozseiwV9fOHuHWk0KvP8f8Mjqx8IQW5loKfg776kWg/u91r+Xz+R/Jebz5Re+tRVs3p/VyLJMd9V+08CmrDXD/1r5BX4xeJC+hzvT//43U8Yfp8H+7lgp7vgbgfsnNqsavN2VsPUjxJj3p8Fh94N/UIP+N9N3uG4vGpzDpCbx/t3cf6zWEQrt8L15/2fa8QsoAR3jf11o9/fxa+XwlyDg60YVeMJpqxGA7TGTb7XAMh7ivjVJ90naRgzsnQ94+OCyy7aybUFYNJgqtCCCECWDq+RJmjC/I4bBhOE3+aM53NprGsrqrDeLUT69UGtmcZWb84+Bctp+ks6+dsol27ltq/dGC92onxWD72rSW+N7kBknj2cCfWP5eTlVlO69VOrFc7sV6tZnbQQmuZmHMJQ8As6w7aDWNYVGjkcsD+rLTX68jqySkbw/HFXt5IlrdxanEu6w0aVh8zuN7/Sw2rtS2sf7KEU319CcDKJy8WcF67lcbvO7Fe7aD5/SUo6za5Z6Pvowyx1IejhV2vnyW55AjGq52Y35mCJq8a69UmdmVOZtefe/bRSU1BmNZnv8SqScs47pzGls8MmK92Yv22luWK98h7sxn/s+zs2Eve1L1cL9xDc8+xVk3D+mYhu7zaROTLVZAz9SiKkmrPJEe1KzWcfzl4vXfVVVCw+BiOvA3Uf+s6vrZDC1HUFFJc2/uFNymWuuip2tajFC8+hrNgq2cfzZs0nJ6zMfCfCl1nKJ66l5tFPeVvp/XzcmZpJrPra9e6W/Th9hZL27tJU+VGTquWUvttJ9bv9/B0kld9PulX7+/PhZoSCiuDDc1x79+Uzu6vXP2G+Zs9zLdVUFhuDDj/ofbtNLxF5lYb8w+5j+HbOrbk2Nj15oWwQZyuuioaitbybBwzAkTUpvRrMV/t5HQRLPq0t31YN+niV44Y6ySq9RxGPnm1hI+YS00E/X5XXQmZr7egXVnjUzeG13MprvP6Iq1N5+nG5sCJxhzfYVAt4IWONjr9N275jvO6TNKC5ZtRpDO/pIWPGkNEiE0tnM7MZ6LXuhGXNa6cWBsrKHjDSNrG3r54i/YMBa8HCTY7jZRNnc4+51ze/cbr+nG+R87UCp/6U6ZPIaX+u8D+3NSGpXABSsN3Adt3djTTnvc4KUHLquO17zuxfroAimp72/DVDaTFUL7g1dHM5ie3YZvXcy21Ur9xCl2V2/jCpzFG0o9E+9ndD3YjH76cx6qOsaw+3PO5dprtWWY2Tw0X5IfkvIUkVV8IbN8AOGiqv878nN6Rwq7+5j2cPp91c3Hun05O0D40FqH7fH+W2iLy6rVs95yH/SxXnmX9ASPOAbwfstRtZJdtMru/6cB61cBLWu/6ifwz3iNpJjX+ffThmSQB9oZ1pC8+iTNvA3U9/d6nS1DsL/D7J37f/WlM9wpR3jfBTS7XlFBc42TWtgj6FWycWpzFKu9z8G0dW/RGVj1fyhdhqs2bqw81k7HzvKuM3zfwbqGNshd9r/141ifJz7Ao6SBfhPje4Wi+gL1wSog+TYheElwVQggRwGE1k6ZSRbeSQssLHxuoXZZJimf2FyWpBVvZoj7IxSA3La1WBcs/rualDJUnl6oiZRrbS8eyrz6+MwmnZuZzqtns+6LTiIFMVufoON/hP6rDSEPSZNJ6AigxHN9A6jxQwj71furenklqT3kUSaQW7KDu/bHsW9NHwNdupEGxle2FWk/WSEWSltlvV/NSJJOUxVAfhhNmct9ey8TkfmbOTZrC7m/q2F2ow7MphYqJpTtY3XGWJu+7fmczZS+aWfT5CV7zbmfJ6bz2WX3vhGzRLLf4R5Z//kd+r+9ZTkGSdia7357AhzsuBHzp6FJOo+azHbyg99vux5WklO/li0hHGodx2TaW3Z/tYLY2ybMPpX4p21caOd7sHVFwcrl6G0lVR7yO06v81W19frGOqe01n8SUs8Onbl3FaabsRWNgvSdpmf32Cd4tuBWwf0vtOj5UV1O3aRopnsarYmJpNavtG/mTf9sLse/O5k95YdtbZPc2IpIzllLzzrSQ/1hydlSwrP4Z3i2M4yPNMbSpgRJLnUS9ntFMUukJdhd49T2h+n3TQYr3j+WAT9t2181n+0nZv45PPPVc0l4AACAASURBVI1NQ1bBWQx+59/Z0QyZK8jVf0m7X8O0Gy+RlPV4yMy5qXlLsdd8GXREU6fhLBPzdL1tKqqyxpORy458ag8v9epblaQt28pq40ma/Eb3XXy9CEtJHbXL0n37z2VHqC/5kcJyr0BLko5cLtHuFyG3dFwho2AhWdcDg9mdzV/ydEbUj73EVr5gTC0cL9zK9izf/valw3t41qsxRt2PDDTzdfTb6l2fqb0fyqQW7OBAqZn1NWEKpJzCosxDHG8NUjOOFs7bZ5LdM3TQcYn1L/7I8s+P+N57Jafz0sd1LLcWUWaIQ3g1VJ8fwE57o4Lt2+aS6nfcNct0EeXZj+1+6CTnWcHuAq3XhIUMWH+clLuD5nNB7gN2rqC9rsVnm7H2w+ELEMV9EwBt2NTlvnUasl9xXU+bVfup91nePUfDoTdIjaSMlpOsqh5LzWcbeLb3IiA5Yy01K6/7XAPxrU8lTxdN5sPaYPc/rn9OzMqM8juRuC9JcFUIIURQihimN1UEXUVBSoaKVmuQcU9qHSlB1lGq1NB1Pa4BBUXGFGY3+o1cMrXQlfU4Sm06KY1GnxFWjo4WHDnpPjeyUR/fgDFyev9YXluZHvSLhyJjBa8l9RHwVShR2sx09eM7VNT1kTkt+AixuO1bTWrGJbzj5Pb6YzStXMPsPp5Ji2q5khDLaaewqKstINiQpB4TPHijyGRWYQsNrf1v6Sl6TdAvXUnJaixd171ecdBlSydDG6QCVSpSbLY+rrtY295kpgcJ2tvrj3GqYC2zQwwJCVzDyPHy0axeGexLt5LsggmB/ygJsW/F6DFYbFGMJnQa2ffmjyzfOTOqRxz7EkubGihR10ks62XO5ekgxxqs32+ve4+U0hU+o0N7d5rO6tLRfNjY09gUTMzJ52Krb+PrbP6ZLL2S1PSxNBh9ennaDQ5y08OEK5KfYVHSmSCPA5toOjOZWRm9BYuurPGUzvwCbZDrYTTJais+l7/9EseNK3itIHigILlgDaubT3qNdlczsfA6hg7vs2KnvXEsE7UqUjOv+AWzTVxufobcWGOrUZcvCMVoVFZb6Ed8gdj6kYGmIjlEU0zJmUvKiZYQI1MBFEwsXMLl+sBRp47mCzgLn/L0WfbGk7SH/KxTMbt0BU0ngo1MjFbwfjeQAmWiDZMt1k4u1s+kdKYHCZgNXH+sCB4oTtEwsdHoE/yNtR/uswQR3jf1vK7XBmuQQfoVjBwvhy0lmcGPURHsszxQ+4kKklauCHqfqMzKZ6LPKPr41qciYy7L2y4EefKhhfPO4J9ZQviT4KoQQoig7PbYb62dXSaa6o6y+eUC8qZmkPXGFaJ6zkw1lok3HXF6NM1NoSNL5ztyqbP1R3J1SaB8nCxavHI6OWlv/pFZ6cG/4PX7+PrLYuayfkrvqNoAStJyVBhMYW4mlVN4beNNyp4soqzO2K8g6+DVhxO7xcgXtRWserGAvEl65h+55bVrJ50dLTyt7+ubfjTLtfFsyFFZKpL1PxPNpZOsTeei8cfIV4hSkmostuveoz+TSMu00dAWWEin1UhnojL8l6B4tL3ePdLZ0cILecG/FIfcf8a0kBPtKVRasN6MaFOpxfvJqisk79WjNFn6PmmOxoNcLnzDZ/Rb/8W/TfVHtHXS3/V8BPT7VjpbdeTqQudfUOqmkNxs9gTSFPpM0ny+gJu4bJ1CWhIo9ZPB+zF2pxGDdSYTw35pVvJ0kYaP6v0iMx1n+TBzWu+j7DGUdeAlkaz+metefbHTZMSQowszikxLWs7XdHgdbor+GdqbvYJ2ju8wqCaTCqRmTKbJO5ht+Y7z6VNi/idaLOULXGQhBzLPUjBjHX8yWIMHCePYj9wRSWpSbFewhPsfrnYai0xH/QLPdi7W3WK6Jz90BJ91Wh1PNxrDBHLjTcnTpRtwlOdSWH6G9mhvRuL+mTTA/bHTjqXjAp+Ur6NwRgHpjxXz0S3fY45Lfxq6AH3cN/UlsF9xnYO5vaOjY2KlszWd6ekhL0q0BLme41afWp4tMgekgbE3nsWZNzn2EcPiviLBVSGEEAGUag2W69f7XtCPw3SG9TMyyNx6ki6Fhvkba6j9vJXWnZMHoJTRUpKWNdpr5JKV9rYJpKUAJDExx+aVk9WMoe0Z93u9hszx3bRi6mMkgAIFrabw5zA5dwf13+xgOhcoey6L9MWhJ14JZjDrw956kMInsli2/xJO1TRWV9VQ+00Hp4t8SojdRgRDJqJZ7hYfek8m5POTxqIT0R/LrTsZmAdSiqvJrV/Jrlab+wuVE7vpJKsWtzB/2ZSQj0gDcWt7LpHWu9/+m0u9JjXx+3lmGxGPDVRo+f3HBmpXjsWyv4T0sJPmOLjc8DOz0uM9w/nAtKmYRVUncVgvrJtYzX02NhRt5t79KB8nK8nrMXbLd7Smu/N/JqWTa/N6jN3UwuWQuUG9dpExl1lnzvpMuNRe38LyAu9ctzGUdRA4rv9MXxecArDYvEqpTefp+t5Rk640C+4Rn9opTGzsDWbbjZdIyYzsUe64lS/IEqnFR2j7eAUp1vconhRkUqh49iN3UPiPChXPFsPpRq8DtbdwXpHvles0kj5XAfxI151sqMlT2H2ugd15cH5HAemTSiirN0U2ejbun0kD1R/buXygCN2klexrdJKct4J3P66h+ftaFgUUeCD600jvm2IQwTmIYCNYzS2s/m2oup/OFp/MXvGvz+S8hVB3yet1O031I5mVI6FVEZnhg10AIYQQQ0+K/hkcb16hq1Ad+eOvpoMUrLGx5Vgru/3uQwbzy6S3pMxnoPw7HAVTUHZdoSF9Mi+430tOn0nnCTNk6cDURlNmOlu8Vx5Kx5eoRusM/0XLiZMM7ei+t6VQkVawgQMFG3B2tbFvTS6nC+uoCfFYpscg1oejYR05J9Kp/aa1N0dbUEqSVETwJTma5caw/vNGz8QX/eXEiVadGJ+NRamrdh2Zi7/j+q1E1Dn5rP60jmf7ijTFs+2hQBntoSeq0U7bT+07fQSBo6BMyeT372Tyexx01u2kcOoldn++wW/0nRPHzdEo4jiJlXvvcW9T8RBZncRvveASUWv6bGw4071TYiSRnQdlHQ5m5yrpartERtZc93sqJhaYOW6CbD10traQnbEhgnJoyZ5ZyvFWJ2kZCsDI+eZ8Zm3qb1nvPOXoMfQVonMCKSrvUuqYXrCRyyZI0zppb7xJbqn7QlDoyNUeot0+l5QkB+0GyNoU+0USW/lCbUxNdvEesotd/wgsW5BHw846tugVA9KPDCwnMIakPgqrzJyJcvHXdBXMJRmwN3+JIq/S6xjdn3Vhq9gJjA2ZomDgKEjWz2TL+zPZ4rRxef86MuvmUn+4jzQscf1MGqj+2MHFV6dzPKOG5m+1Ebe5ePankd83xUAxmv5nJE1ErXmGDz/ew9N9lm+A6lM5mVmJJVzsmskLybj/OTGNd++OTkIMATJyVQghRCDtFJZzkI86Ih9S117/Hikr15I9lP/Bm6Qj1+oauWRvu0SK96NfKY+T655N2tLxJRMzNT6rDqnjS9EwseOSVxoDfw7aG42kqqO73VUkp/Pa4a0o3jzpM0ormMGrDztNJ4wsL50bwRcEBSnaxwNyMPZnuVS9moaOeOVCc52nidp4j4YMz163jYa8/bz7zgnavnfNpt34/gaeDZYA2V9c256SZO0YLpuiyG2YomFiczOdAzLaV0lqwQ7enXmJfY3+/yJIYvbhAZghPO5tKt7C1clArOdNTWqGkQZj6PFrDuMl2rW+/wRM0k3B0mzEiZ3LjWOZ6N3N66fQ3moCrLTXTyArwgBKat5COmvdk6R0XKBp5mS/R9djK+udptDqyAr7yLeJ9sbJ+HdJqZk9OUjNNNgmez1OryAtM9GVk9VpxOBOwXCny9cXpXYmu6vyubjfPSptQPuRAWAycjFTR2pfXbRyMvO1R92znttpqk9kVqb3B6WCVP1kLobLq2AycjFTM7gzo7snFtuu2Mbxjj6Wjetn0gD1x/YWjhuX8Fph5IFAX/3tT6O5b4qBSk1as7Gf15Oa1IwWDOEj/y4DVp9Ksgt708DYm79EOXPyXfIPGDEUSHBVCCFEEGpmb5pC0xt7uRzyhtXGqQMXfPLHKUYGW85O+0BNDKFQomz9MYocdmrS8q5gMDloN4zx+2KtZaL+Eu0W12QdWcEmwOnv8UVb3pDL65i18kf27Q+cvALA2foeu+wbmK8Ps22HPbIRpmHKHL/zrUCZ2Ia1v99nHCba/XadnLeUtOoqTvVR6ZEul5Qzl+TKg0Fm1g3NSeCM9xDqPMWpLsLoMrWQrIr160Ic2p6X1JyFOKtPcjno9yk7XQH1oGNWyRV21fa3T3Fitw+NyEq0bco1OUeEX7CVo0kO+qXXweXqQxh8Xou1TgauLtMKVmDZ/17wCWScbeyrvM6WeTrf11MeZ3pbC51euUE9tOmkNX6HxW6kQZ0Z+Qiw5GdYdOsMTQ5orzeyKCcwKhtLWZVqTfB/LnSdYV9thGWLRtIU5usOsasueAfTVVfFvswFAXmFFfpM16SPpjYsOTqf0bdK/WQczUacEaZZcG3QNelUQCuOsXzenHZ7BPkjo+xHovzsVo4eg6HDHFgORxsfVreEXC94uW2cqnyP7KJIZopXMLEwnwaDyTXqTpVPtl9Xn5QzN8xnXfB9xXo8kXFgj6Q7G8j7IS+xfMb3h8PkO/lS5P3pwN03RU05gekzz/JRffDCOG0/RnS/mVawhMuVJ/3qIzqx16eLImMusxpb6MROU/0YZmVJaFVEToKrQgghglLoN1Cz7iabnyziA4OV3nsTJ10dJ1k/YyWtap1nFE5qzlza9+ylyTMZgZOu1qOsmrOJBscA3ZwoNWRoL3C6wX3b5nTg6OMeKjUrH0vrSQwEfrFOzdTQ0HgWQ2LgRBdxOb5oyxtm+dRl1Sy3llDw+hk6e06O005n3UYKXv6R1VVzw3zJdWKp30TejI180mHr/ULiMPHJG9uwrHymd6KWEGWI7/lWkpqh4QtPrisnjpAVk8TEPDX7Kk/S2fPlx2mns76C4sXHAh/tV07htZ2j+fC5Ij5o7T1WZ5eRT16fR0HPl+soltt9WEHZk77L9dR9cU3giKD2NwspPNCMxXMROcKcp2jqIjYp6fmc2n8GS4yb7V/b8y/MXHbntFA8p4IvPBNNuPuYOTvpGK0JWCV1WTXzmwvJ894/4Oxq44PFG8PPJN7D3sa+xbl+58VJl6GC9dU65mf6hTGcbZQ9oScvyPnttyjbVIp+MpfrvvS0/7DtQ5HO9HlnKStv9kxa5+wy8qdXSzDkveGbmy7aOunvepHQLqWm5EeK52zklKknaObEbjrD+jkrsazcwwsBjU1L9swfuVzrlRvUQ0OW9hIX61pQ5k2IYkSSkqeLRnO8/iTnTTPJDtbAYyhrSuZcFOU7+cST69qBpb6CgkoFy/8wELmrlTz9djUp1QUUHmjrncjQaePygSLyqsdSuynIjN/KCeQqjJwyXCFD7zdsNElHrqmFP7UamRXpUGC1juzWs705vh09E5nFWD4PO5f3LyPzxYM0Wexe/XgzZa8fIm1e78Q0UfUjUX52KzKmMb9uJ2WG3rzWXR1HWbW4hekbF4RY6yTL5vh+Jju72vjgxQI+VB9hS1aE/wnQTmNW80k+afyS5GCTBSqnsPvw2CCfdaH3FdvxRMZp+ZL1zxWwvtZ7Yk0HnbUb2WxdwfSeoOiA3Q/5ieEzvk9JE5iufo9dtb15ZJ12E1+Ul1BcY/ZdNuL+dADvm6Km5OmVW+HNApbVeJ1Hh5WmAyUU1jsiG7GvXUpNYQsFM7z7UNzXfwnrG9yFH5D69BSCZwtaOF77NedV05jofwGZjpL3WB67oniyT9w/JLgqhBAipOTcHTR+tZak5r0UP6l3JZV/LJdVNU5mHa5jd27vY1YK/Qbqtqk4viQL9fhUNJOK2GXSsOWzarbkjR2gEqp4oWoDVE9HPT4V3XMb+aKvmWa16aTsr6Ir6/GAL9YKfSbKPVU4gr4Xj+OLtrzhllcx+3ADu7PM7FvgKpN6UjH7TJPZ/U01s8PeySpIKaym7XA+zpp1ZD7mmjBA9/x7WPNqqV/m/QU5eBnifb6TC/ewhYPkjE9F/UQB6+u9vtT4SSrYT32eic1T9e4ybeM0+bz72Q4WpY8J3HbuDuo/XwJHVrqPVU/mmjMoiqupK1RHvZxCv4HGr1agqPWqu+dKOc4C3i0ODC5M/EMt72Zc5/gbuWjGp6J+ojDseYqmLmKhzF3BFnZS2HNNe370pM94hTJDX0Nh+tP2/ClI21RHY+lozq/IdW3riQLK6hNZdHgPy/XB8uQF2f9jWRTsMJK2c0cE+dqApEy2nzvPluQWdnm2kcuqOhVbvook51uEmjeFnjRn8RnPaJ5o2pQiYwN1mS0UT3Idd3FluIlOFEzcVMdy3qPgiVTU4zPI29FG6qYTvKb3H9IWY50McF0mF1TT/PZkTPuLSR+finp8FoX7zWS93RAyN3Rqxlj27fmZLP9jdD/GvnvPzSDvhafImEtW9Tba8yaHDBREXdbkuRw4PAHDmlx3P1rCR858at6ZNnCPZSt0bPnqPKsVJ1nl7gM0T67juGIFjV+FyueoZGLOz+ze75tmwUVNWs4ldu/XBXkvVBnS2fLZZAyLs1z9zuK9vRNOxVS+Hklk/6GOxk0qDHt6zoGezDVnUW06z7u53uc8mn4kys9uRTpbPl8C+wvR9fRprRq2fLY2zKz2czlweAnJHXspfKKn3CdRrDxP46ZoJglT8WzhdbaUj2F6kCdwIFh/08e+YjqeyChS5lLzlwPMch71nG/1E4Xss06j7vOlXiPPB+p+KEiZovyM71sSs9+vY7ppGzmPufvhrWehoJK6txeQ4d01RNGfDuR9U9SSZ1LzTTVZ1gr3Z42e9MXvYdGXU7epj7y53psJ6EP1pM+poF1fzm7P9Tsw9ekpQ95c7FsrSM4LvBacTgmqitCG/duk//i/wdr5rx6bzsKntCSGnVarm2tfH+FUx00embaM5zRKRvzzBlfOHsbwv3eqpEKISFRs/wMJw4czYvhwRowYQcLw4QxPGE5CQgIPJCQwfHgCDzzwAAkJCQxjGMOGuX4Y1vu7/w/g8/u//vUvbt++zd//fhPNuEc97/sL9poQQtxp9roS1lNOTcFQSNYL4KS9vITzedWuiV383+1qpmzJNlRVQ2uCJSEGn4OLr5ZgLz3hmuxEiLgxUjb+AtOvbuh9aqQ/TAfJqdVR/4cgI1eFEH0w8cHUk6R9/lbgyFVxR5h/+InERKUrnpCQMOD7GzHsn3HZTtiw5sCaxO/n5TBuVN9Lqhas56HEw7x/4Sss45Yz5REVqpfX8/+9v5vPJcAqhBBCCBGZrrOUOZdQG2pEU3ImszJ/Zp/VzkvaoRIQFmIIcLRw+uZctktgVQxxnYazZBcslcCqELEwtXA6cyYvyQUkojSIaQEeZpRPYPU2t2+HWlbJuPzFvJwJ9e9+yNkfHDBCRfbL63nu1wNfUiGEEEKIe8JNB/brN0OnGXAaOd/8OLk6CawK4a2z9hCKeVMimFRIiEHkuMSH9fnMinACJyGENwcXD3zJrAJd34sK4WdI5Fy9/bc/896m9bz+xgbeu3IjxFK9AVbDB4clwCpEhBTq2aytqGLr8izkUhFCiPucdhqrndso9JvEBafDPYnUSrpW7pHHnoXwcNJleIv1bQt4LVdmjhZDmMPEJ2veI+kPC71ylQohIuOgs7aUfUlb+b2kRRIxGBLB1RuW81j+AdCNpd7E30IuKQHW2OlZWlbFnspSZgx2UcQdo1DPZsXS36IaAcpxU/md/BNOCCHucypmHz7P9gwz+xa7J9gan4rmyWLK6mDW+w0cyAs+SZAQ9xcbp17Uox6fxapGHe++H/mkLELcSc6OCnTjU9FMrcJRciBoPm0hRAhOI2VPpKJ+bDq7HEuoiWoCOSF6DeKEVjNZtycbFa6Rq+/v+oxrwCOzNvDypIcZEXZdBz+cPcz7zZD10mLyxynhto2mfudgzWdtpatMvroxH9vIQWN/tn0H6UrYvkBJW2kl5zwv9hzbXXYsImbegVUAh/k4Ow9dieuM0/5kQishhBBCCCGEEELEQia06ocRD/+W1Tt/g6N7FEpl+LCqi3sEK4d5/4PD8NJi8se5RrASh0muus1H2Hyow/O3bskOFi7YwVLukqDkI0oC5wk7y97Ss4NQGDEYBiOwKoQQQgghhBBCCHG/GRJpAQAYoYwwsNrDO0XAbj4zD1yKAOOhTzF3j0LzVH58NyzEQEjKl8CqEEIIIYQQQgghxB0wJEauxs5rBOvB42i2Luc3yviNYO3Vwd9uFKHp+dPz2H0jD5cVoRkF2JpYV3UWV25T92tAsJQCM9ZUkU0T675+iO0LtO5Rpj3L+aYmsBnWsLf32f7e9b1yF3gv4/1edmUV2V7vz1hTRfaDJo5uqcZTHF2JVxmAbr/33ekEMKzh0kM7WOg5MBtNPmkHwpdLCCGEEEIIIYQQQoh7zdAZuRozJePyZvIUZtp/7na9NEJF9uyZcdyHnocf9H/tQdLLnodTa1hXusY3sIqJo6Xu1w030CyoYq3/LFKqbPbMhs9K17Cu9IhrZOyCKvZUjuMH97pHzd2osnwnoHIFMG009Wz/mIkHs6rYvkQPwLkq13qu4KdrmZABTndgFfMR17ZK19B0Q8vCIJNeqbKqmMOn7uWasKEie03vSF7dkh1ByiWTZw0K+1neO/hnbLddfyo183ljyQRJzC2EEEIIIYQQQggRZ4MYXDXxy42B3cOv4rSdGWuK0Izqxvy1d87SUdy44jsiVbfkeTSjbDR5j/w8V0mTDVQTSvCZqN1nhGgHbde6cY1e7R0NarzyE92oGNcToZxRSrbKdxmM1Xxm7maUJifKQKaepbO1jLI1+eSXPVflCpymu4O1nuL65KE9yyVzN6jGefb5SOIosP3gU67NfiNbxZ3jtJ6SAKsQQgghhBBCCCHEABvE4KqZY8eaPMGf2HXzk+EMX6MhbYz7kfXbNppOneEfMW5xlKaIPZVVnp/sB00cLe1rMis96Y+Mgm4H1/zeOWexwahHSdcFXREAYwSR5hkpKuAGf/MrR0AQNhK6dB4ZBd03f/J74yw/2GDUI+mEKW6AcxabazRuWUlU64mBExhgnclCOTlCCCGEEEIIIYQQcTO4OVf/9wx73od1L2d7Jt+JTjc/XfqQdy/8woSlG/iNEldgtZ/5Vn1HaUbpxi8Ej8GOIvERCPFm5IIEb3s8+JAeiK7cN34JsfwoJVEV91wl66650gwsrKwiWK5Zcee5AqywYulvSbz2Ff8p50MIIYQQQgghhBAibgY/5+r/nmHP+7GMYPUNrBZqlHEJrPbbgw+FGLnZzc1QUdFouIOewYQMlIbhCsgGESaIG5Kxms0+OWR3sFRGSg46p/UUezesYduHBgbz0hBCCCGEEEIIIYS41wx+cBViCLAOxcCqO29qkODnjBQVdP9EWz9HDZ6z2IAHedgvYKmb8CijsPGDO8FpJCkGMLZxrRtGJT7q90Y+41TQfa2tH4NsOzh4ykR3z2hdIYQQQgghhBBCCCHuQUMjuApRBFiHYmDVxXjoU8zdKrK9847OKCVbBbYr1f3OCOCaHGsUmgWlvZNX6UqYoxlFt7mxd/Koa44IcrC6A6CqbLZ7TV41Y002Kmy0RZUWQc/SsirWeu3PP+ArhBBCCCGEEEIIIcS9ZnBzrvrrMwfr0A2sunRwcAssLSty5x0FV+7RNXHLPXquag2sqSK7sops92s2wxr2egcxjdV8NmEHC7Oq2JMF2JpYV3U2cGPGajZTwvYFReypLHIX18TR0igDwbpH+dsVE4/07M+1IczHKpHYqhBCCCGEEEIIIYS4Vw37t0n/8X+DXYgAv54ZJMA61AOrQoiK7X8gYfhwRgwfzogRI0gYPpzhCcNJSEjggYQEhg9P4IEHHiAhIYFhDGPYMNcPw3p/9/8BfH7/17/+xe3bt/n732+iGfeo531/wV4Td5KdU4s3wc5qZicNdlnuZkbKxl9g+tUNpA3E5jsqUNdPw7rp7kqQ3V6eyvm8TraESBs+pDiaKXv5EKNLq3lJr/C8bK8rYT3l1BQMhQtkgNvZvS7EORb3sbuuTdi4+OY6Ntd9x3VGM73qNO/mDnLfdJd+PoUTtN+3nGTZmjamH97Ds0Ph4yCs+/2zwkFT+Uo+HL2WmmU6Iruy7786s9S+wqrWadS8M40h36TFkGT+4ScSE5WueEJCwoDvb8Swf8ZlO0MnLYC3gBQBElgVQojBYq8rQT0+NYKfEk7ZB7u04dnrSiiLfu4/IWLnvImlw4jV7hzkghgpW3yGIX6JDhlR9RVD5hwPpMFrP+3lg/vZEq4thCzbXdYmHPUVrHIspP77Tqzfn2d71h0KidjPUFwep8f77lLOmzYsZjN2x2CX5F5l5ZMZRZzqCv6uvb4E9YyTWIK+6+DiqwV84nnTicNqpN16Hd8r+z78fA157Tpx2H7EZL6ONGlxvxlaaQG8/e8Z9pSbyHpKC+ZGDH+9CcD/fP0VY26M4trFS3TcHOQyCiHEfSCpoBprge9rd9XIQSEGU9I0ar6fNtilEANJzrHwd5e1CUvH17xQ/Ef3KDMlyrthsO09QqFfS+PVtYNdjHuYmpSMK5y3Opmd7N+wnXS2QlbSJdrtc0kJ+J+CmdYLE8h9p+fvJJ493MGzA17mu5mCtNJ6rKWDXQ4h7ryhOXK1x00zhs/PeAKrAP+w/IXPT0tgVQghhBBCCCGEEKGlpj9Dk8ka5B0zBtMUFuVBhynIKHPLj1yelk7qgJdQCHEvGNrBVSGEECKOuqxtg10EIQaH3RbisUcRjPQVfgat/djpChYTuYNCt4XBL9tdz/Yjlwe7DOKep1Sno2w2E5AZwNRGe87jWg5mxAAAIABJREFUZGsncLnZHLCew9oGGWNR9rWD+/HzVa5dIQJIcFUIIcTAsrfxwct56Manoh6fQcGrJ+kMmYbOzuUDr5DzhCuPq27qK5QZbJHtpvUgy6ZmuPK/PpHHsvILdPYkfOrYi2Z8KrOqb/HR8155Yv3zRfmVNeflCpqC5Ony5OBzmPii3K+89VYCD8+Jpe4tCibpUY9PRTNpHqtq2qLKz2VvPcqqOVloxqeifiyLglePcjnkBmKvx95NtPGnV+eR/lgq6vF60ues40+t/jt08MXLOXxgCrJ+RwWaEHl4HQ3ryKuNICoRUIa3OGVyoFRrQqzgoNO/nmuNQfJ+RXE+QpTB/1iL6+zgtHLqzXnoxqeiefWSe3t2Ti0OkzMy4jbUs/gZNvu0g5O0h01sZueLxamof1uKoXkTGX3kSPbffnF5c+AXUq+6ieR6CVamU4sraPff3xN5LKsxeY7d+5rWTX2FDwLan3e5L1DmV5Yv/M9TkO3G3FcEHE9gfXr3E6fe7GlDGeS8fLS3D/SuwyfyWHYgWDv0rq8gx2kJndcz8nrp3Ye99SDFk/Sox2fxgSmS9uPAYjjKqhd9+/mg7bLnWsHO5Zp1XtdgSUAfZa8vQT0+m9XNLbz2295z4Vo/lOiu7bDtN0xb6LtsfbcJn+t+zjo+CTZyzr0t7/484MerbYZt20E3fYbi8anMOkLvMfrljozq2uo5PnsbHyx2XdfpB4J9QBjZ9Vgq6ucPcetIodfxuNqgL/9+PbCt+CwddR/pt6/6igjrMPR1Gf4+x5+RsoDjjnXbkX4GBjucwOsh1HmG6D8r+r6fcC8a9f1VBFI0ZHcY8e8qLR2XSMvQgjad7OY2Ov1WsxhbmKhVB5TP+zofsM/XICK/FoO1qfDvxfXa7agI8pnZm5c24vtZ9z1VJO0mUDTXcuiyRXuOxP1NgqtCCCEGiBNrYwUFbxhJ21iH8Won1qsNbNGeoeD1S4E3+04jZVOn85FiKTV/6cR6tZO2YyvQ1q+kuC58YNBpeIvMrTbmHzJgvdqJ9ds6tuTY2PXmBdeXRP1azFc7OV0Eiz51bdt6tdNnFmJnRwU5U4+iKKmm7Won1qsGaldqOP9ySdCJELrqKihYfAxH3gbqv3WX99BCFDWFFPsFDi21ReTVa9n+VQfWq52Yv9nPcuVZ1h8w9v1FYbSN4y/nsapjLKsPGzBf7cT67Wm2Z5nZPPUtLvtvoB/16FsX7+Es3EPz951Yr3bQXDUX5/7p5JR7l1nJxBw15zsCA6WdrT/yQlEihg7/M+2kvdnIdL06YJ2AMjy5l+veZXh/LtSUUFgZLDBr49TiXNab0tntqec9zLdVUFjuW8+Rng9nx17ypvqVoWoa1jcL2dXhV/GOFna9fpbkkiMYr3ZifmdKn7PkOg1VEbchgK66EjJf///Zu/ugpq598f/vHu3J8Q8y8+2YnpmGua2h4yWZ3ga+vQI/D4RvC/S2olaj1uIT9Khg60GrotYHai3iI0qVa6tYW9Qq2mp8xPYKtsPD6QD9nR9JT4fwdUo8vUM6cxqndybeGb9p79zv74/wkIcdSEIQtZ/XDDMKO3uvvfZaa6/9ydprdZG684q3HHxbz4E8J2ULdtARsiBpmHa0E8efyzFllNPWV/ZvVDPbL4G36ahdQ0ENzOsvZzXMcm2lQOEBK9L6Euw2rYfzKaobz6t9x/tyC/Gn8yiytHNt/SussBopvdiG40YnzZUZtC0u5qRiXSwkY30L+uIav7Q0rc8JKvOxaCsi4W47Qt7rn6HJr6b9W28buE17BvPr52mt34h5lU/7+GUFpvZCimqV6qmTc+WvUFBzm6n97WkTNfkqPnq50GfBlejypU+3ZSO7nens+dKK40YTr+mHKD8eOx/Omcpm+wRWVg6089tMNtYuVl4kxmO/wNo5m+jQr6b2K28dtJ2YgWtLod8XNZrcahw3Gtmdkc7uPw9cC7+V1gPTH3bdDqP8DlIWoklbH3fbcQoWn8Bj3tJf75s3JXJuzkauBd0YnZxdPJXdtxf1t+f2P59j98xETDvr/crmkGVbiWYmNYHneHRmf9sVTRnCcZ61FU4yd9bTdaOT9iK9wkZG1n3bieOThZBfO5C3gSuqu22cfKOQj5hLzSBlpU90baRvXuewtimRlSd68/CrGlbqW1j7bKh27TatNYUU1HiYtTWMfk5EIt13+PfAIJ5mNj+7FecrffWhjbqNWfRUbOVyUOGJ5l4RTn9iQCT9q/BMICm7hU6/j7roaEjEpAdIxJTyGR1+DZaTbms6qYN2VUbm/qokqroYqVjWXSUuG4fC7s86OLnAzBX9Fhr6+4BLUFs28X5g/ytIFHXZ08XZ9a+w1prIuo+ju0ZCSHBVCCHECLHR6p5B7dGlpPUvIqAmuWgLK21naPTrsHtoLC+ku9DC4QIjfZurNHpm7yontXoHlwd5Suls/oT5W98ms/84KuJTl1Lz7pQhA1zewzdTtvgmyy7+K39M0qLq3YdGP5M9uyZxaPvVoAeZHvUUaj7dzvz+7UEVn8K6jytIKN/nk14XHQ0qtm2di6Hv3TKVBoN5OzVFRoZcN+TWzyRtrKO2KIOEgM8fLulibY1vp294+QiA+zprF9xk2cVjvJbqf26vfWxhmSOfsqaBjq3GmAUNtoCHdwcd7ZOYlZ+Oqznw4amLpros0pT67P2n0UzZAhuvXjzNOt80aPTM3nWaA+afgz7SXbuGQ7pqLJum+OSTlrSSala6NvJhfzaFeT08zZQt6ApOQ3wK6z6tY12S/5VrOt1Fzq7VPmV9aD2aGWGWIaD7DCuqJ1Dz6QamDZwg8amrqSm+FVAOomHDPn41ll0zffJFx7R3VpNQ9Zn/KJco6kuwdm4lVVFb4lOu1SmU7pxL65tbacqtorYopb8Mq/VzKd30M4fqAs7TfoSCqgkc/nQ7s/Ua/7R8WkVC1Rq/wOOw24oItd4ycvjj1WQOnCRpm7Yzv20Tm5tf5PDHPu2jWs/8jRvwVF8NGkEFP6DOrcayay7JfmlfTW3lBMr2BuR5hPnidYYrLGePWY8m3GKs0jP/4yZv+6QZaOcN5i2U6o5wTaFYtjlULPu42r99SZjCtpIJ7K8bzsrxEdTtYZff6LU6J7DH77qAOmkp24ptnGr2b0k9bUfYPL6C2pIUhfb8iF8wIuZlO6oyBCfrYOWumRjCLkSDsHWhKTnNHrO+/9XskGVlmG1k5+FC9uuqvG2gpj+zMZi3Y3lvAvtXKX1Z0I5TV+7/mZD9nEhFtu/w74EK7C2cytvCNlPAPf/oXqYFFZ4I7hUR9if6hN+/Cpcag0lLm8Mn09zf0IQRgwpAhSFpPPU237930eROGcjLYYkgz5REWRcjFdO6q6TrFklbw+zPumzUq7awLc+n7mv0zN5VzWtJg6cvqrrcfhNV4TFqfPodEV0jIZDgqhBCiBGTwjyzXiF4OJ54nYOeWz6/cl3lo+YlrDNrFfaj5/n8H2gb5Jtq1fjH6HZG/829q+4EjYWrmB2vdPgsXu1pDxr1otE9pjwPlyqDWXkt1Lf19f5VqOOc2J1RvcwGTMCglC4gIXsuCadbBgIxw8xHAFfDGTqKQ+QFWmaXLKfxtM+omYRJzHO1+L926bJRr0vBEJ+Iqb3FP1Bkb6cxN2vQBSJcdSc4a17N7ATlvweXKRunysezslgpWK0m0zzJZ3RteNfDVXeCxpD5oCBjCskRPo8k6EPM5RZUhqDj9A40xcsVj6E2zSCt7pthzvmWzrwchXKj1pKAE5fP9Y2mvgTTodcpnL02kTTSmWUKDgcl6CfhvOUfWO+wHCShZDlpSnmvSmFlyXgONQw8sA23rYiU8jV+DH0qZJozgoNeCYmkOW8pjOYaj06r/JSvMs1kftN1Wn2uUaT54pXC1AyltmNwKsVyryIhNSCY0UdnJEGpHGt10HNrGIHNCOr2sMtv9BKSEhWDnZp4Hd1+N0ZwO38gLTVRoV3TEq/7gR6fzIp12Y6uDEFabjrhNptDypjL8wo7Uyorw2sjbZyrmsC64hTFLzxVqctZp1H6skBHkl7pair0cyIWyb4juQcqUI1H63CG+fpzBPeKSPsTvcLvX4UvXmek1Xpz4BeOdnqyjf11UWPMwtX0zUBaHDYaUxMJ0Q2JUPh5piTauhipmNZdRVriQ3zTE9SfValRO7voibgtjrYuTyBZ+cYU1jUSAiS4KoQQ4q7TEK/7gVs+HSaP3UZrbugVWeO1T9NzK3TPxlBQhcmSR+4bx2nsjrQH5KHT2s601FBDKbXEJ/0QUccqXp/CNVtfJ17N8yUbcJfnkFd+no7Ie4qhaXQkOL+muzd+Mdx89OZFC88nDTKsVG/k+QabT8BUR3KujSafoK3b2kJ8RiKgJy2jhVafTmy39TPSsgcbsetNw/xc5Y6xou4uWlOnkBZihIlKqwfH7d7/hXM9wsiHEeZfhhx0tqUwNSXkCaLHMUKj7R5Dl3obd382xb6++NHoBn+YdTh9Rkk76GwzkmMMPbRIbcwi3mchk+G1FbGiIWHQV01v0hPRiLfH0KdeZyB2Enm+xIKnx06j5TibXzeT+0Iqpje/JqIJErUTSLvtjm5ORSD8uj2C5XcYNNoJQV8eaIzp9DR8rTCNzk2s9jjUPo1kbMv26JShsAWVlWG2kd1dtCZlkRzydNUkZ2tpsocbvA7u58SOwr4jugcq0C/icMYFzNPX8GFTtPcSpXtFpP2JofnfGyOgn8Rsn2N1ttnI8Z2eKOFpptoG5l3tcdjITJkQ+XEiEphnSu7xuhgrAf1Z1Fms23ibsmfzKbPYwg+yxrwuh3ONhPAaO9oJEEIIIdy3fuDn6jx01aG3Me1cHvqPKj1//LiJ2d3NnK0qZG07pBWuprQgJYzXId24nD9z6GUDh0Juk87u4iF35Odn345YfBZ7LqXTY73KR9vNFFm1TNu0ipW5+qFXoQ1D36GGnY+4cTlRGhrqQ0V/8Kc3cw2pWVyu62KbyYh3TlUwlXh3YsieRJnVwWt6Hd7XdidgqhzsAOGkIcBtB/bmE6ROLAm9TX7twL+HvB5RpGEEDJSh2zi6WvjoDwZWhtx6IefuSqpGpr6Ez7di3cbRpUI/2HVSgaq9Cxd4R+QMq624eyJ/jvvZ5zNR5MswuO3nKVu/k0bNi6w0T2HexhrWadR46gpZO8x9Ryysuj2a5TdCCYuoyf4TRRXj2VPsfV3V47Jzdkshja/UUOp7A4lp2b67ZWj4htlG3nZgVymNEB6gQkWb/RYQ+ejuERfpPTCICkPBMdrNDhotByl482tIWcK6TYtIi7phjK4/EY6fowl0qRJJ0p2g27UUg8ZBR52R5CLfDfSkZZfQaoc0vYdu621S82MyJ8Aw3W91cXj8us4526kzOemoO07ZS8V0aF+ktGQ50/SDXJf7vS6L+5oEV4UQQow69fjH0K45R7Pi5PkR7Cchgz++m8EfcdNp2UneC9fZc3HDEK9rq9FoH2PtxQZei9FARQ8e9Lq4gN+qiE+aSel7Myn1OGmtWkOGZS51R2cOozPsAR5D09vPHH4+qtFoIeSi1f3HnOD/alfSFGa/2U4nRgweG/XuLNb1pkmVlIWh2oYrT4fG/Q1NpPsHBIKoUAdm3VDidOinVFH7blYEwerBrkdvPkSYjFjyL0Nx6BJf5NDHe3l+1J/1Yl9foheHLtEzeCTSA56U4Newo2sr7lU/gyeRgSYn+nyJmP0I5lVOSk+0sSdgZ8OabnJYhqrb90r5jUDPGVY8W4j11s/E6Z5jdnEtdbnKw59jU7bvYhmKiWG2kXE69EOerodU/fhoEziyoroHKlDryCzYS2ZB75cmC3Op32mhdIg5LkPsLLr+xBCU+1fh0GBIcXDOAdNUN2nTpTAtYAtDxiR22528pnfT2Z5O2jtRHCbm7re6GC3//mw/lZZk8wYOmzfg6Wln/6oczuVZqFGc/or7vy6L+5pMCyCEEGLUqfRGEhq+ieErTWoM5u0cmHmd/Q1DPeKrMCTpqLfGaq46Nx0NNtL0g7z327vIxDbVVk5Zh3Eou41rGX0LMsQiH1UYktK5Zh0krGi3cS0jcB4yn5V27dfpMU0aeMBTGTHFeedk9Vib6faZ40yZmnj9Y7TaI1gROCGRtOZmOqN9bSvoeqhI0D/NtbbRCq8GliEdhtQWmgZ/Sr1LYl1fhkOHIdVGvS30S6xu23U69LpBvsCIpK24R7lt1FsnYeivlLHIl/B01B0koXg1mffqU71C3b53ym8YXOfZ3DCFw+/uxfKVdwV42+f/SmmuLoyB9cMp23evDMXGMNvIhETSrNf95w73422TDbp7dKTbcO+BCtT6meypnMG1qutRflESbX9iMGH0rwaRoE+n1eHAY23GbXo6KBCt0qegaurC7bpJW6IxRvOtDtf9VhejFNCfVaKKT2Hd0S2o3joTeoGp+70ui/uaBFeFEEKMPk0W87T7ONQUzUxfHlyu8J4ovAt+BD8maLLnEl9xhMYIDu8heMV6AE/bQXa7NjAvqe83blzDitl4QnwD7+RsxUEy831Wgh5WPvbuInsuydWVnFWM0CocEwAVyRkTqLe56Gy7SY7R969qkk23abJ66Gz+mqlJQz8UGbIX4ak+47cS9gAXPUFxESOzCr9md204Adnwrkd87tJB8iE2PJ5wyxAkm5fQWqG0WnWYVGrUbTdj8gVGNPVlpCSbl9NddVB5ASJPO/srblH6irHvF8NuK0ZPqKE4Hlqr9uHaNJdkn99Gli9hGKT8qH6r9AEXHYMtoBP+gVHHteMIKxYaXt2OtPyGLguRpC1Kzi6atNowRiOGX7bDFfMypKR3IaVY1LThtZFGZhXfZH+VTbGaKbXJ95ZI7oHBPC7XMOY6Di26/kQk/avIqPQpaNpu0mr/IaCf0pfgRHIc7XQ6u8CUGP4o4BjeX5VEXhfj0CV+TadCZeixHORkLBIVZd0Nuz/rdkXZLtzvdVnczyS4KoQQ4h6g5vld1ai255B3uN1n4noPLvt51i4+HnrBA1c7+xfnkHe4me7+h0sPPU07WFttZF7GQAc6ISmdVstndPY+VLv7ZqhXZ7HnqIqyZ/N5v8050CHzuOi0bKSgJnjkRcdbeQHHdNNp2Yj59ZusrJzbP+LB0/0Za18ys7bWd0J+N521G9nsWM7UoTp42m/YPWcjJ60D6fL0tPP+AjOHdMcoNfl+zR9NPgZ0P9VZ7Dk6gUMv+edF6GP2fiw1C5X1Ao3tk0gOGO6hMWbR2XycVusMMsN5FTdhLnuyWyiYs4PL/QuzeOixnmHtnJ1YxycGfcRQVM285jxy15+n0yfI4Olp5/3FG7nWu5uwr4c6i3U7xyvkg42T61/BHOVDrC9X7RoKwihDAOiXUpPXgnn6Rs7afR6EPU5aDxeytn6ISJE6kVT9Vc7V961+5o5+gYYo6suI0S+lpvAmBXN886W3vM8pprt4L/P7MjIWbcWosbH55Xzeb3IwUFzsnF2fR5FjOQfyAr60iCRfwhGi/Biy59Kxdx+NPT752XacFXM2Ue+OxRwWagypiVy29I2e84S8FpHU7UjKb+iyEH7aoqZLYZblIGe7h9hvBGU7bLEuQ0p0RjLbLnDZ3p+50Qf5htlGGoqqWeYoxOx7D+ktE4ptcpRCBQ6HK9x7YDAXrVVFZCw4QmO3y+de10zZ+g9IfiU9+tfNo+xPhNu/AnDXb8T4VCGXw4nEaSaQ2nWGj9oTfUb6+/Iu0PlRdVdkIxtjeX9VEnFd1JGZ91vKtp/pb7dwO7hc/gq7VUvYlhGDNEVVd89QFFZ/1kN33SZyp/tvi9vOyTe30l38ot+XiYHuVl0WIpAEV4UQQtwbVEZKP7/CStUZVjybhG6iAd0zZlbUwquVizCE+pwmg22XrlAa38LuhSbv557KYYVFS+nn/vOvqVI3YMlooWCyAd1TJgoq2vu/GVclbaDh8+WoateQ8ZQB3UQDxpdKOMVCDhQERwTT3qnlQOotTr2ZQ+JEA7pn8thvT2fPl9XM9nk3S5Uwl5qvDjPLc9znvPLY75iC5eLS0OfVR7eQA0eXEG/dR94zBnQTk8hYdQZV8RUaNhmDXw2NJB91KcyyFJBYYfPfRVBeDHFMAPUkcpyV7NelBJ9TwtPkNFSyP0nhb4pUJG+y0FAynivLc/rPoawujleP7mVZktJcWVpmH61nj6mL/f3lwIR5u43kndv7y0Ek1yM+Zzt1F5fAsWKffDiPqqAaS2AwKwqZ75xmTxhlqD895mqad6VjryogZaI3PSlzdtCRVM6enKECWVrmV26A6qm9ZXsjl8NefjdYpPVlJAXni4m8qi5Mu+r952WLUVsxOlLY9kkFabfOsLa33BpfPojdVE5ziHmbw86XsCiXH1XSBixbtZxa4s3PxMn57LYnUvppNaW5sVlpOz5vL6UcIbu3HVhb51R8iI+kbkdSfgcrC+GmLWrqLFZugrKFvW2Ez0/iZDNF5c3e0XIRlO1IxLYMKVClUPppOk2LTd72bPE+WodR0YbbRgbdQyYXDNomR0qjT8f9Vg4FdSPRmoR3D1RIFZnvWGjYpKVp70C+Zay6gHbTFQ4MmW+Di6Y/EW7/CsDzcySvUOhJzmihSTspZF/EkGqksSGOMF6y8RHb+6uSSOtifF4VNSnNrHi2tx4sPo7HXM2BGLXL0dXduRwOqz+rIiGvmvajM/DU+LTRLx/EkVtL3ZDrCox8XRZCyUP/PPl//d/RToQQ4sGwY9s7jBk7lofHjuXhhx9mzNixjB0zljFjxvCbMWMYO3YMv/nNbxgzZgwP8RAPPeT94aGBfwf+AH7//u///m9++eUX/vM/b5P45BP9fw+k9DshYsVlKWQt5dSY79WJBoUQDw4XZxdvgp3VzJYm51fFY91BQd0UapSCUB4njeWFbNZWDHsxSCHuFdK/elDZKJt4lak3Ngw66lQIgK7v/kZcnNobTxgzZsSP9/BD/xWT/cjIVSGEEEIIIYS4pzg5W+5hWUmItwVUWjLN6Tjbb47yqGohhBBCSHBVCCGEEEIIIe4pbty3bg0yd6OHjroWkrKN0c+JKYQQQoiYkOCqEEIIIYQQQtxT9Ewr/pnNCwIWaMKDu8fGyfV5FDmXcyAvBnOfCiGEEGJYxo52AoQQQgghhBBC+Is3V9OgO8+hqiJ2N3Vx62fgt+PRm55jXn4Vzala5SkDhBBCCHFXyYJWQoiYkQWthBBCCCGEEEIIEQ1Z0EoIIYQQQgghhBBCCCF+RSS4KoQQQgghhBBCCCGEEFGQ4KoQQgghhBBCCCGEEEJEQYKrQgghhBBCCCGEEEIIEQUJrgohhBBCCCGEEEIIIUQU7v3g6u8eZdJzc5j9XAqP/m60EyOEEEIIIYQQQgghhBBeY0c7AcrG8eg/T+ZfJv+BxMcfYRwAf2By7kx++t7OV199zlf/74/8n1FOpRBCCCGEEEIIIYQQ4tfrHgyuJvPqlnz+SQ24/05X0ymufNHOD2iZ9NxUnkv6n0zN+59Mzf0rx7cexTrayRVCCCGEEEIIIYQQQvwq3YPB1Sd4RA2//GTnq387z7/1j1B18vXF43zvfIEZ/zKZxEce4XGQ4KoQQ1DpZrN86R+I+/48Hx1q4t9HO0FCCCGEEEIIIYQQD4h7MLjq9fAjejLz9GTO+Im/fftnvuWfmPzUEzwyDrjzC7+M6NGTWFqWT+I4n1/dsXO8tBrbCBzNuGQ7i+LaWVN5YQT2DhgL2bZQTXtJBZdG5ggiGnfhuvQFVrUPA0++wL8YmzgyEoVYCCGEEEIIIYQQ4lfong2u9hv3CE9MmsYTgPvvf+XKiU/4Ytw8yheqR+Z4xkK2LdQzztnoE+z0BlsXrZoxIgHQx+PGDb3RsA6gZoSPIKIxwtfFL7AKuLvOc1wCq0IIIYQQQgghhBAx85vRTkDYnI28vfsoX/zv2yN4kCSWzg4MrAJYOVK6auRGlgoRY8GB1VPs/OBrPKObLCGEdQe6cvmW44HnbqZsQT7vWwNaXcXr7+Ls4kLOuu5a6mLngS7P9/F1iTjtbhrL88k7bJN+wqiQ/B+O7to/kfvGVfyLu42yiTvoCNjWZSmkwDJ0xQh3uwdZR7mBMpl/776kXH6V6oS0PULE0j01cjXusRSey03kkcG2+cdMck1axvIwiUtn8kNdA1//EKOA6/RsEsfdoeuLcIKogVMH3KHrxEa/V66NS7az6PG/cbz0R7IqMtH2bdl1jM0fWIEZrO7/fSZ7KzIBJ40+r4lPX1VJZt8HA/429P79P59ZUUkm4Gxaxb7A99CNhWxb+ATfn9jI35/zOWZvoNm4ZDuL+k42aIqE4GkUfNPQnw4aWfPFo96RwX27D0xL38jhgT0F5WvwNkr545u3A+cxeHr6juX/WaX8umvXJRqaGRJYFUKI0eS5TbfVhtvlAVSjnRrxgOooL6S7sJrZmuHuyYPbYaPDfQspsaNhJPPfydnF+bhKGnhNH2IT+xEyqrTUvTeFEXovcAR5cDtvYu+6hRsYdlUQI8hG2WIHy47OHMXrdHfSELu2eaRJ2y9ELN0DwdU4kl6ax78k6fm9GrjzE3/rsjPusd7/93nkn1i/JdP7O/ff6er6iUcfzyRvTSZ57r/TZf2c2osdDCfMOj1BCzj5+5CDMHqDidg5XtIbZJxewt6Flax+PCBANk7Pogo1jSWr2Edv4C3xZZYarRyxXWBfyd+8+/opcLRs0sDvS7y/Ny7ZzqKKEvCdo3PQ/cOlylV8v2Q7ixJ/8gsAKhtH4sJK4ppWsaay95xM3qDvna5jrCkZCAjPWZKE7QNrfzof//4Ya/qCqdNL2GsaSEM/bSZ7Z9s5XrIKG70BRlMJ0y/1pqs/wLuq/3PTV1WSObsQo603n3sDq3T1Ha83EOobPO3d5qemVay5NJCXe1fhn8d+6enN74WV7F3o9M9P3zSOynURQghxX9FMoebbKaN80auuAAAgAElEQVSdCiHCpGHaUSvTRjsZv1ojmf9aphVnkXv4OvPfzVIInrq5dvgz5hVb7sPAKoCK5JI6HCWjnQ4h7kfS9gsRS6M+LUDCglUsMj3JuP/4/7hSu52Nm9/hwJHD7Nr6Bluqz9P+/U/cARg3jof/o50L1aWs3rqD6iPvsm3zBnbWXqbjP8aRYMpn5YInh5+gO26+H2IT45KXSRznpNF39OalChqdoJ1UiNFva/9RjbYP2nEyjscnJYV3DJ9goO2DT+i6o+XJ6cPffyh+oycvfYcTwNnoMwr1At85YdzjKb3n6Z0ywXeUKpca6LqjkIaAEa+XvrBzB5/zsVWzucR/lOqlL+zcGfcEKb2Zapz0BONw0u6Tnutdd0D7JN7dDEztMBDktnLkrJ07/dsopcdK+/d38I5e9cnPr//ml8bRui4RcV3g4JE/4+xd9U2dOI83l0ySbyOFEEIIIX5lVElLWHZ7HyftCn+0n2E/y5kfalSrEEIIIcIy6sHVuHHjgIdRP/oETz35JNrf9f7hd4+SmJjI4//jkd5XtsfxyP94nMREPY/2b6Ml4cl/4vFH1TwMjBsXdxdSnETK4+MUg7CXup3gEwgc9jGc3wWMaLTy95/gkUfvQoAOgL9x+074WxuXbGdvRSV7K7xTBIyLeyLK4yaxtKzSu6+FesYxjrjHh/hI3/UwpvD4OHB2B0ztYPuRn3iE3w9ybWw//jRkuu6N6zI0j+OsBFiFEEKIB5aLHsdop0HcHzRMK07n3OHruP1+7x21OrVIaUSrEDHmctL9q0iDtM1C/FqNenC137hHeGLSyywv38HmdW9RXr6RPJOecXf+ynd9MS/170k0zePN/m3+xJxJTzD2p+/4+y+xSoeaoeJ4APz0I8qzB4QRCAyXNrM3WDnwk6kdTtByZPQFVRc9/jeOl6xiTckxuiIIyg7oC6r2TjNQsoo1J+z47so7AlRLypK+QOYMshLHcef7dr/roTVVBuRdJtpYXZv75LoEB1hnsmjYgX8h7n9u+3k2zzGRONGA7ikT5jfO0OFW2tJFh2UHRdMHti0ob6Yn1I5d7Xz4xiukPGVANzGJlDlvc9auuGPATaflbcyTk9BNNJA4uZCyJmdY6XdZCr2LTLjtXC7/E9nPGNBNNGB84U+U1TmU51d22Thb/idywzqef9qCfhaf9184xNXO+6/nYpxoQDcxlezXd9AYMpMAPLS+lcrmttAzQXcezmZtU8Dfg/J3DR+2KS84MthCHEMv0mHn/WfXcE3h0rksheieCl4kpS/Nm/vTPDKLIbnajlD0Qqr3OjyTS1H5VToVi1hg+XqFFbU2lEtjJNuGEll5dtuvUhZQZi4H1hX7ETLeCAwGgTdvDSQqLqRl5/1n36ZxyEnG3XTW7fDPy8PthH+5ws8zd3czH76RP1BP56zhpFVpSxtli8/jwkO35W3MzxjQPbWGawqJctUVopuYycrmFtb9YaBuKi7AE1A/zW+coVMhfxQXQPE4OPtWeHXOj3VH775ctNas8c+nGqV8dnF2sbdeudqOUDA5Cd1EE+/b/bcJb18DgsvZEVoVPhDePaH3ugx1fIX2MKhsK4hp/ivwjl49wmXfyFL3Z3ykOGo1grx2nacg8J4Qzt8AcHP59eyA69zLuoPEicptqLt+Dbm1Dr9tR2xhvUjusxDF/bBPGPU/7H3Hpu+i1iX6bBTlfbs3PZcXG9D9oYSm5k2k9vcnAq+vQrsc8h6nYND6El4awm6v+9q43mMaJxpIfOM6XZG0zQMJD69tgWGUr9AU256QbXgM+45CPIDuneBqv3E88vs4fvn+z9Tu2sDbu4/iDArUebe5810jx99+g7f3/Zn/+K/hH/lStxOGGN3Y75FHUd7sDreHmlcgXM5Gb4Ax8KcynAW37hJjIXMSx3nnZPVb5CqKXS152bug2ImAaQb89E5LkJjfHzR9JGDxLPBOb6CUdzFZMOp+uC69fAOs7u8+598e1EWdhQhTj6WQjPVdpO68QteNThzf1nMgz0nZgh10+D4TuK6zYnIRpzxTKP20ybvtX2pZpjpI7lvNQQ9WHus+cl/Yx628vTR/24njhpXmyik43spjd+CK8W4bJ98o5CPmUvOVFceNTmwnZuDaUqj8kKl4HjswLz6BO3cDdX/pxHGjk/YPFqGqyaOg1n/IhKt+DSmLz+DJ3YCl73ifLEFVZfYJBvafCR3leaxoM7Ltc++2jr/Wc6rwafT5tdhvdOLwWQjCY91B9gvHURVW036jE8eNJmqLE7nyeiFnQ3b4VaTlLaHxmFLgDMBO4/l0ZqUOjLX3HucgHr/8nYunairZ5bFe5VZPWvZ1mgKvG246mh7j1TwbrUHXyUFHnRFT0si9H+BpepuMLU7mfdDkvS5/sVCa7WT3W4GrZDs5uziHtfYU9vRew64v9zLPuYO8oLyKZNsQIizP3jrYgr64xq/MNK3PocDi89CmT+H5hmb/egng/oYm7ULmW9vpDNx59zdcMWaQPOhlcHL59RxWNCWy8kRfXtayUnOBgsVXQwcgfD4fXp556Kx5hewtXSQUV/TX0+Z30rG+WchJxeFTt2ms2Mg57VJq/9KJ49u9PK+wIIomtxrHjUZ2Z6Sz+8/e/TpudFJj9t3Yg6NhB+Y3bSRvtGC70YnjRj2l+vOY14eqe74cnFxg5op+Cw19de69Jagtm3g/qG4Ec1k/oOiFEjp0ywfKxcUtmOxbyX6rXbFsdVs2stuZzp4vrThuNA0swOSxUfbCVPZ75nLgS5889xwk+4UdwWUE6Kn7ExmrfMtZG5bi8ZxbXMhln4sc7j2huzaf3Dp9f7vY9WUVy9QXWOu7yranmc3PbsX5SnX/Mes2ZtFTsZXLEUcVhpf/wTTMLsnio2N9ee+h9dhVphYHjFqNIq+jpyYtW8cVa/Awv862m8zPj6MpKLDloaPZxtQkXSwTosjTVBn2fRaivR/6Cl3/w953xH2XHWQ/G9B3eW8u1BSSV+F7jpHftwdomHa0E8efyzFllNN2o6/N8l3wqbdd9W2Xv6phpb6Ftc+Gk39D1Zeh0hBFe+1uYff6C8QXHsN2o5Oud7NIDKtt9hdW20IsyldkPPYLrJ2ziQ79amqHvLdH1ncU4kF1DwZXAf6LH5o+5esfBxv++CN/ff881uGsYBXo0nc4GUficzMG2ah3bk6FEa7TE7Rw52+0RxTA8r5SrniMwDlCozT06+7DdYfvvx50GFAEuxoi/6aXkKn1LjjVF9T0C6za2vn+DmgTBruG0brfrouXx3GWfRtWsfVQE/9+V44oxD2q+wwrqidQ8+kGpiX0PU6qiE9dTU3xLdbW+PQWNVns+dLCnjwj8X3PCiotaSXbWWm9QKPv04WnmbIFXbx68TTrUrX902+o4lNY92kd6wIDbrYuNCWn2WPW9z/UqhKmsK1kAvvrwruB9KinUPPpduYnBRzv4woSyvdx2Sd9mpztNF9S2HbncjosLf4PSj0XKGuby+FdMzH0J05LWkk1y5w7/DvwnmbKFt9k2cV/5Y/9+1ah0c9kz65JHNp+NXQARz+FZa7jfkGOfvYWzqVMGQiQua+zdsFNll08xmsB+fvaxxaWOfIpUxwtEz1DxgzONnf5/9Jjo4kMVmYbg4MBLhv1mnSSR/Dd2s7mT5i/9W0yBwok8alLqXl3it8DS3ftGg7pqrFsmkJCwDVc6drIh/botg0pkvJsP0JB1QQOf7qd2XqNf5n5tIqEqjU+D7GJmMwXaApIg8faDBnLyUn6jI6AB16X7Toa09ODvuLcXbuG3doq6nbNxKDpy0s1BvN26o5OIX6I0w0/z1QY8o7R/vFSMhM0/eVWrZ/Jto06DjUoZG7zGezZ2/3akejZaHXPoPboUtLiB84zuWgLK21naBwq2OeyUa/awrY8n+uq0TN7VzWvhfElgv2WkW2fH+M1ky7g81WssyuVrTNcYTl7zHo0frt3c219Pt2FFmqLUvzb46Jj1BXeJK88IGjUfYYVFVoOX/QtZ96833OpmmnxPtuFdU9w0dGgYtvWuT7togaDeTs1RcaBa2Vv4VTeFraZAtqpo3uZFmlUYZj5r0g/l5W39nnb8e4L7GcJsxN8N4gir4dJY8yCBlvAF0QOOtonMSs/HVdz4Jc8XTTVZZF2F+aI7dHMCPs+O6z7YZ9Q9T+SfUfcd7EF9100embvOs0B88/+6Yvkvh2hzsOF7NdVYfFtl3vrmOW9CexfdWbw1/mHXV8ib6+bTneRs2u1T/sajTDblliUrwi1OVQs+7jav98V6t4eSd9RiAfYqAdXf/hpkKYgLpnZK95hsjb0Jr9LmMwrq2eSOA7cP4X3SmVoF9h3ws4dbSZ7V/kG5/peVy9hOgMLGGWW+SxeNb2ETC04v4589Ob3t4MDdorHAKYvCVwwK5wDuP0Xjool24/85LdQUxJLy7xzrka+q5/856w1FrJtoZ7IdtW3eFUm25b4zoE6g6VLhj8n6n1zXYQQQTpO70BTvFyx8682zSCt7hu/zrtKsb+sw5B6Hd/YmqvuBI3Fq5g9VFSmT8ZcnlfYVq3VQc+tsDrIGt1jygEkVQaz8lqob/Pdi0o5UJOQSFqDzf+B5ZYDa6qRhKCN1SQYf8Bxa+A3rroTNBaGOG99Fq/2tA8yyknLtILxnGsOvm93Nl0g05zSn2ZXwxk6Quavltkly2k8Hc5IvPCpUrOY3RAwMtLeQo/padT6FBICggFuawvu7JQRHZWhGv8Y3c6h+jk2TpWPZ2WxUeGaq8k0T/IJDEey7SAiKM8dloMklCwnTalAqlJYWTLe5yFWRVr2DK61+T/Udjb/gClJjSFlAvU2v6tAR5ObnJTBroL3nNcVp0QZvIwwz5QbEVS6ScS331R4RTKdqTEb/ZzCPLNeIZ3jidc56Lml8BG/RKpRO7voiTaSptWGqA86ns/TcSowak4KUzMUOvyu65yyLWedWflhIN68ipXNZ/ym8eg4vQNNqHJGwHZh3RNUqOOc2J1DZIZqPFqHM4zRz2EYbv4rUjOtOIuPqq9y+dhVpuZn+JePKPJ62BImMc/V4j8Ng8tGvS4FQ3wipvaWgHa4ncbcLAwxTELIpOknhH2fHd79sI9y/Y9035H0Xc6aVwcE2H32E/Sb8O/bkbFxrmpCyHZZlbqcdZojXBvsy75Y1JdI2+uM6IPJPnsPq22JTfmKkM5IglLbqNRXjaDvKMSDbNSDqz+ee5eDdX/l736DVMfy6HNvsevtfCY/eofvm05R2/RdwDZxPLn6Hba//jIpj9zhr3WHeO/cj8NPkK2azSXH6HrEd17NfBKxc7x/9XcrR0qP0YWeRX3bmB6h60R0r533B+x697V6et8xVtH4k88xKirJfFzN45FG8WzVfNp1Z2Ae0lWxHNV5gX1NTp/X9F+Gs6tojCbOfamCRuc4Ehf2pnM2fFrSiDNom4G88v3pD6baqtlc0shP/WnyTh/weNwTkQdAg9wv10UI4c9BZ1sKU1NCjGlTadHjUAjQeXB127hcu4MVC8zkTk5i3rGf/V/9tbbwfFIMhtFoJ5B22z3sUUHx+hSu2W4G/8Hjott6lZPla8ibbiblqQI++jngaLoUZjUrvG6Ni8723zJ+YBgFndZ2pqWGOm8t8Uk/4BrkIVydvQjDsasBx7Jxrjqdqf3fhYWRv3ojzzfYFNI8DCojJqP/yMjOtpvkGDWgfhoTvsEADx3NN5mVMsg3wTFgKKjCZMkj943jNHaHyNjuLlpTp5AWspjrwXE78m2jEVSeHXS2Gckxhh5XqjZmEd/c1R+cUiVlkOz3pYedVkcWyRpQJ6VD0zcDddZjo8kxk7TBvuTo7qI1KSv6EcbR5pnHSWfTeT5860/kTs/F+Nwm2mI8mUX4NMTrfuDWUIdXZ7Fu423Kns2nzGKLaZBPo5uAUzG4HMxjt9GUbRwkmKYnOfsLrP2Bl6HL2cB24d4T1DxfsgF3eQ555efpCJUZ+kUczriAefoaPmxSup9EYKTyXz+XlbdKWMvyoKBa5HkdCzqSc21+07C4rS3EZyQCetIyWvymYem2fkZattKXG3eX/312+PfD0KLdd3h9l/m5kQVEw7tvR2jIdllNcraWJvsgD5exrC93tb0Op20ZyfIVBaW+ath9RyEebGNHOwFwh+4vjrLrizj+8bmXmfHcP/H7cQ/zyCO/8F3TMU5c7MDbTW3n64txJL2Uz79MepLfj1OjfeTv/LXuFGe/6CKWswN4A2hDveY+9Da2DzayJui3F9hXEjg3Z+h9XapcRah4bfj7D7Wt7wbVbA4acqucrqA0XapgTWAibf7bKJ6HwjGVtrP5nI9xyXYyaWRN4DlOL2Gv6WWWGq0csUGofBg0PYrnoZQvd/G6CCFi5DaOrhY++oOBlSG3Wcg5n/+52o6w4vUP8GTMZZ55Cisrl6NRq+muMHClfys3LidKQzxGlX/M1EXr4RKKqj1k5s1lVu5yDhSPR62+ye6JV/0/qM5i2852Ctafp3RT7+tdHieNFcWUxW2gub9v78bl/JlDLxs4FDIV6ewuHiSRqhTmzdzKOetSDH0PZdarNBbOoLR/o3DyVwXcpMcFsRs6qibZNJ61NhfzEzT0vaaaXASgIS3bySGrh+dNKqCLpvYXmfVOrI4dgkrPHz9uYnZ3M2erClnbDmmFqykt8Bkxe9uBvfkEqRNLQu8nvzbybWPiNo4uFfrBrqUKVO1duMD7er76aUyaTXS45pKgAbq/oS3laV4D0KSQ4zxChyeLTBVgb6E1dwbbBk2CA7sqMfrqGmmeue2cLd9EWfN4phXPYGreBmaXjEftuUrBm9Em4u6Jz9lOnclJR91xyl4qpkP7IqUly5mmj8X8F+EFK9y3fmCoBlYFdDv7GoAwyhkQ8T0hPos9l9LpsV7lo+1miqxapm1axcpcvc/oRhWGgmO0mx00Wg5S8ObXkLKEdZsWkRZF2zQy+a8mLTudNCYE5WrkeR0bhtQsLtd1sc1kxPtlFZhKvOkwZE+izOrgNb0O7yvUEzBV3hs33IH7bAzuhyFFvu8R7buEdd+OUBjtsgoVbfZbQOgvMYddX0arvR6ybRnJ8hUjYfcdhXiw3QPB1T63+d9fHGXXF+N49B8e4c6/OxUCprexXvxXrBfjeOwfxvHTv//I/xmFlIrRkkTK4+O48/3fRjshQoj7Thy6xBc59PFeng+jn+2uX0P26RRqv2wbmD9KkRqNFmI6kGeYPHjQ6+J6/+fm2htTOZVaQ/Nf9IPORenndgv7X95JveM2vx3/NM8XvknDphSfz6vRaB9j7cWGgUVnomAwzWBFbTvrkryjZzrqWphl3uCzRW/+DhqH8QATiI/xO/majBeh/Bvc5izUPV9Tn5LO/N6/xafMpPN0F5iM3tdUM1Kif7CMkDohgz++m8EfcdNp2UneC9fZc3GD9/XEOB36KVXUvps19LWOZNuYiEOX6Bk8puYBT0qiT9hGQ2YulFndzM5R09N+nVTT3N6/aUkzd3HKDplJ0NnWQmbqBuX99idBx7Ce8SLKMzvvv1yCc2MNtl0BhfN+WjJZpSXZvIHD5g14etrZvyqHc3kWakK8Oh4WD6AdH1a5U49/jKECsR4gQduXx3H4LXIeUmT3BC8V8UkzKX1vJqUeJ61Va8iwzKXu6Ez/uXrVOjIL9pJZAG77ecoW5lK/00JpNFM+jET+hxB5XsdI0hRmv9lOJ0YMHhv17izW9V4TVVIWhmobrjwdGvc3NJFO6d1psAblf5+Nzf1QWWT7Dr/vokIdN9jfQxv6vh2hOB36IW8NHlL144feV9T1ZbTb68HalpEsXzE2ZN9RiAfbqE8LEOwOPyoGVn3d5gcJrP4KeRf/GpeY7b+glLGQbSYtONt7R60KIUQgHYbUFpoGj9L1ctF42saykrlDPJwAqEjQPx00L+TocdPRYCNN37uSsquFU7YlrMsLN7BqY/eb4yl9by+HP2/zrlz71WkOFATOJ6rCkKSj3jrMuc71U3jVfqZ3kQ0bV5pnkOn38KDCkJTOtcHeQ7XbuJaRqDDX1zBpjOQ4vKvVu9qvk+D7Sl7C0+T0rlbfbf2MtIywojkx5l2E6cDM6+xv6H36S0gkrbmZznCKeSTbxoQOQ6qNelvodxfdtut06HV+gSqNMYvuZhseXLQ2TPBbyCYhKYuONjvgoKNuEqahHjzjJ5Dcdp3WaF+fjCTPrJ+xX7ecdaYHZ31kVXwK645uQfXWGTqGsZ9O63VMSeGNIFbpjZgGnfbDTkdDOvr+xeO1JCS1U98+1EWO5J6glDDvYi3bVFs5NciLbGr9TPZUzuBa1fVhx2hilf8h9x9xXsdKIqaU3mlY7NfpMU0auF+pjJjivNOweKzNdGcb74EVxwPus7G6HyqKZN+R9F3UxOsfo9UexrzagYa8b0coIZE063X/eXf9ePPboIvsC4WI6su91F4HtS0jWb5iJdy+oxAPtnswuCpEaJcqVwXPubpQz09Nq1hTGXoaACGESDYvobViiBVnh+K20xHwLBKfu5Tk6sq7uhqqh5+Vf992kN2uDcwLY+4zt90WnBcuB93a8WF1hjXZc4mvOOK/+nDEtEwr8HCu2Q3Wq3TkBy9UosmeO0j+OjlbcZDM/Cl+aVbrEpUfGnvOsz/sN911JOd+TZPdTUfTYwGBOz1pSdfp6O59TTVmixCF4sHlCicIZGRW4dfsrg3ngTmSbWMj2byc7qqDygtveNrZX3GL0lcCJjBPeJqp7S10ur+hSZvuXz70KSQ3fEO3y0a9LmPoxUVUKcwrvsn+qsAVyMMVYZ79VjlBLqtC3YuYCnVcO46Ret52u4YZDAyRwz3n2V2Vzqu5YT5ya7KYZ/yA3RblE+2xVLI/YyHT+nenIi1vkHLmI/x7ghtXGJnhcbliNzPjsPM/ChHnNaAeT3yzTeELBzet1R/QFNaBVSRneBeo65/beuAAJJtu02T10Nn8NVOTYh7ZDcnjCf8+G5v7obKY7Fuh72LIXoSn+gytioXWRU/ItmXo+7YilRp1202FBd+MzBqkXQ6rXxNufQmZBmLYXkfSNofXtoxk+YqJCPqOQjzIJLgq7juXKlexpsT/J5qFxIQQvzL6pdTktWCevpGzdp+HYI+T1sOFrK3v67VqSMvVsb/iDJ19v/K46KzbQcHiE8FTAKizWLdzPIdeyuf9Nmf/fj09Nk6ufwXzCASvOt7KI+9wM939ATc3nZaNmF+/ycrKuQOjODWTmKo7yO5aOwOnYudyeSEFNV3BO9YYMTk/4FBbGD14dRZ7jqooe9b/vPG46LRspKAmvNG86uxFaGo/42RdF7MyFB6c1VnsOTpBIX/beX+BmUO6Y5Sa/B+KEjLmoirfyUl733m46a7bgblCxbJ30sNKF3hff+xuO0MTwYE7Q0Yi9Q0XaIoLvcCRMuUFKwaNyrja2b84J+Cae+hp2sHaaiPzMgYeaQxF1cxrziN3/Xk6fQKynp523l+80W+l70i2jQn9UmoKb1Iwx7cOenDZz7N2TjHdxXuZHzQEWU/mzJu01jZDRuBCNomY9Ne5ZmlBnTsprNHZhoIKZlkLMfuds5vupiPkvfB2wMNr8HUJO8/0Wcy37WN3k3+Z/fCNV1jbcDsGr0mqMaQmctnSNyLSg9sdq9Ceh+66TeRO38hJq0/ddts5+eZWuotfJHmoXdQWY15/xmeBFg89bUfIe+kDEj7e4J0nNyxqnt9VTUK1mbzD7QML1XictB7OJ7d6ArWbAla91y/iwExbQDkDd3cz7y/IZXNT70UK857g6f6MtS+ZWVvru1COm87ajWx2LO9dyMdFa1URGQuO0Njt8rnmzZSt/4DkV9IjCDxEkP/24+Q+lctuayyufRR5rUph6isXKCtv7t/e02PjwzcKacp9k1fDPXJqFirrBRrbJ5Ec0AZojFl0Nh+n1Rr5CEnl1lY5aBrIVbuGgnDusxCz+6GisPcdYd8lYS57slsomLODy/2LJHrosZ5h7ZydWMeHfiNjyPu24ocSSdVf5Vx9bzTR46avyTIUVbPMEdAu956fYn77iaC+hEpDTNvr8Nvm8NoWoipfIb+Ej+hcwhRJ31GIB5gEV4UQQvxqxJurad6Vjr2qgJSJBnQTk0iZs4OOpHL25Ax0nzXmKupy7Wx+IQndRAPGl7Zyjhkc+HQ7r6Y8FrzfnO3UXVwCx4rJeMq734xV51EVVGPJi/1Im7R3ajmQeotTb+aQONGA7pk89tvT2fNlNbP9Jv/TMPs9C1PtW8l+yoBuYiq5Wy6AuQLLroWkBr1lp2P+1nSurZqKcaIBne/PM7nkvXHG79U9VdIGGj5fjqp2Te95GzC+VMIpFnKgIMynYFUK8zKOUGqdQmaIld6Dj5NExqozqIqv0LBJYeXo+LkcPjqJplU56CYaSJxcyEeeGdS8OyWy6QP0KSRUVdJjejro4UqVlIF6byVuhb+FpEthlqWAxArfOWw0GDJus/m5Qi6HGsGiyWDbpSuUxrewe6HJez2eymGFRUvp54FzRmqZfbSePaYu9vdva8K83Ubyzu3D2DY2guugibyqLky76kPOi2dIncD+vT9gSgq6CiRnxLFn722Fv4Wg0vPap1fYlmSjrO+cn8ljt93Igc/fJrN/N6GuS5h5pjJS+skWtKcLvef5lIm8ii4Mm05TsynCchhCfN5eSjlC9kQDumfMrK1zxujBWUVCXjXtR2fgqfGp2y8fxJFbS11RGHU7r4qawsfoqMj3tiVP5bCiVsXKz+sin3tUZaT08yusVJ1hxbPeNjnx2TWcUi2n4fMNCiOWVRiKTtPwjhFreV85S8W8t4vkyjq2mQbKSjj3BFXCXGq+Oswsz/H+4+ueyWO/YwqWi0t7R+1pyHzHQsMmLU17B/aVseoC2k1XOJATSWUKP/89nhiHSqLI67RNFpZxEPMzvfeY7e0YNp1mXbh1EkA9iRxnJfZHx8UAACAASURBVPt1KcGjIBOeJqehkv1JCn8LaQKpMy8w76l9fq+Ea/TpuN/KoaBu6OGCme+cZk9Y91mvmNwPQwh335H1XVQkb7LQUDKeK8tzesu1mbK6OF49updlSYPMcRrGfTuYlvmVG6B6am/aNnK5P6Ko0K5OLhg0v33PI/z2KkQaYtxeh9s2h9e29G4bQflSLufKdSI2Ius7CvGgeuifJ/+v/zvaiRBCPBh2bHuHMWPH8vDYsTz88MOMGTuWsWPGMmbMGH4zZgxjx47hN7/5DWPGjOEhHuKhh7w/PDTw78AfwO/f//3f/80vv/zCf/7nbRKffKL/74GUfifEg8BlKWQt5dSYR+AFrJ7zFG2H0vcCFmiB3hESmzC3zaU9xosguevXUHBrNZa82C/SIoS4y6w70NVNwbHJOPS2Qoj7kty3Rb9R6juKB1fXd38jLk7tjSeMGTPix3v4of+KyX5k5KoQQgghAA+t1WcwrVHoHAOoNBiyXyStIRbzRfpy03j+NvOy5QFNCCGEuPfJfVv0Ga2+oxD3HgmuCiGEEALvvGC3cA8yHV1P82d0mNMjeDUzDPYzHPrtXJ6XlRCEEEKIe5/ct0W/Ueo7CnEPkuCqEEIIIQA1mQVZnFvgXTDBd/0Fj8tB4+F8zDWJ1GxKCZ7jNEqenmY2r/+aV0vkVTEhhBDiXif3beHv7vcdhbhXjR3tBAghhBDi3qBK2kDdxWZOVmzE/PrXOG4DxKFLSef5vDdpuKSPycNUjyWf7De/RmV8mdLKqiEWqxBCCCHEaJL7tgjlbvUdhbjXyYJWQoiYkQWthBBCCCGEEEIIEQ1Z0EoIIYQQQgghhBBCCCF+RSS4KoQQQgghhBBCCCGEEFGQ4KoQQgghhBBCCCGEEEJEQYKrQgghhBBCCCGEEEIIEQUJrgohhBBCCCGEEEIIIUQUJLgqhBBCCCGEEEIIIYQQUZDgqhBCCCGEEEIIIYQQQkRBgqtCCCGEEEIIIYQQQggRBQmuCiGEEEIIIYQQQgghRBQkuCqEEEIIIYQQQgghhBBRkOCqEEIIIYQQQgghhBBCREGCq0IIIYSILXczZQvyed/qGe2U3FUd5QbKrAG/7D5D0fQ1XHaNSpL8uCyFFFhGMyFOrr31CilPGdA9ZWJF/T2QKWIILs4uLuTsA3qpRrxOWHegK7eN3P6FuIsU73EK7va9JqLjedy4f11dEyHEXSLBVSGEEELEluc23VYbDpc8wXhuO+nu6sLlHsZOXOcpeAACNO66HaxwL6Lu204c315hm0kjwad7REf5gxtAHXEPSP0cDpelMKyg2/3A3d3Mh2/0fgk00YDxhXxW1LQj1ePB4KorYUWdXE0hROyNHe0ECCGEEOIBo5lCzbdTRjsV9wRV0moabqwe7WTcE7qtXzC/4F/RAKBGrRrlBAkhhA+PdQfmN2+zrLKK5nc1qAA8TjosBymYfoGV723n+fjRTqUQQoh7kQRXhRBCCCGEEEL8itn5cNVNln1SzWyNz69VWpLztlOXYadbE/LDQgghfuXu+2kBHv9/5vF6QRaPAv/40p94fVYycaOdKCGEEEKIWHHepHW00yAeYC56HKOdhvuY1E96HO2jnYThc3XR5pxAQqgAaryeBBltL4QQIoR7MLg6jqeem8PsWb0/zw0SLP3Hxbw6O4Un/2kab+7cQ5HpSZ6cnM/KBY/fzQQLIYQQwo/yIjj98/K57ZztW9hoYirZrx+ns296Vlc777+ei3GiAd0zuRQdVprrzsXZxTvoANz282yeYyKxb/saO/27ajtC0QupvfPm/Yn32waZZ833uBNTyX59B409obcdmJMviZQ5b3PW7katS1TY2EbZRG9a/bnpbjrOigUDxzS/cYYOt/9ndz9lQPfyB/x8LA/dREPvT8D+Ikl7Pw+tb6WyuS30vLidh7NZ2zTEvLkuG2fL/0Tu5CR0Ew0kTi6krMkZsM15CiYamHUMPnrZ4HMeBnQvnwDfc1t8PuB6u2g9/CeynzH0X8eg/eNTtlztvL/YWx5SDtuD09tzBvOcM4TMHvdViqYfp9v/l3TW7egvS7pncikqv0qn0jy6rvMUBJ1DGH8L3tjvvIN+Aub4dNuvUhZQBi7bh57o11VXiG5iJiubW1j3h4H9Ky4OE1DOzG+cGai3vpsNeS1GOj/ddFrextxbJoN+FD8TUM7mrOGkfag5o8OsnwppUqwnvlv7tmtPmRTaht5U+7Rxg+ZjmPVIkUL70l+2rPtInGhgVvXP/nU7cA7aMNso33vE5fKA9NY5CL4iHrr98vWV6OdH1ehI+K2Tnkjnxw66H6zhw8HuNUEiLK8RHy+C+hbyGIPd48IUbdsYIi3h6LEUklveznCmPBdCiHDde8HVp+YxO/cPTJ7c+5P7MnlJIba94+bOL73/fvjh3n/8gvunH+9CQoUQQggRKXfbEfJe/wxNfjXt33biuFHPNu0ZzK+fp7V+I+ZVNpI3WrDd6MTxZQWm9kKKapWCALdpPZxPUd14Xj3aRNeNThxfbiH+dB5FlnaurX+FFVYjpRfbcNzopLkyg7bFxZxUeKD3WHeQ/cJxVIXVtN/oxHGjidriRK68XsjZHoVtn93Hrby9NH/bieOGleb35kJNIXkVYQ7/89j5cM5UNtsnsLKy91xv1LPNZGPt4jM+gT0j677txPHJQsivxXGjs/dnA8lRpN2firS8JTQeux7iwdNO4/l0ZqWGHqrlql9DyuIzeHI3YPnKiuNGJ7ZPlqCqMrPZNyirmUnNjU7O5cOrn3T6nIfCuR2dSf/AMY+Nshem8pFqKTVfef/efmI5+rpiCiwKZcJxnrUVTjJ31tN1o5P2In3wNvEv8qrmCJcV4q4A7uaruPKySOj/jZOzi3NY25TIyhNN3jR+VcNKfQtrnx0qj6Pl5Oziqey+vaj/vO1/PsfumYmYdtZ707DJ2L91j6WQjPUt6Itr/MpA0/oc5XzyocmtxnGjkd0Z6ez+88B1qTH7Dt/z4GjYgflNn7p5o55S/XnM60OUn5DXYqTz00NHeR4r2oxs+9xbJh1/redU4dPo82uxB5YxwOP4grI5m+hI2kDdX7zn37wpkXNzNnJt0KjM0PUTALeNk28U8hFzqemrJydm4NpSyPtK8X9LIRnru0jdecXbrn1bz4E8J2ULdtDhU608TW+TscXJvA968/EvFkqznex+66p/kCrSeuT32WY2P7sV5yt97UsbdRuz6KnYymUXkLSaLqW67VM+I22jeiw7MC8+gTt34Hq0f7AIVU0eBbX+bWx3bT65dfr+a931ZRXL1BdYe9imEIgdipFX3/mZzYv30RruwvPWHWS/cBCP7/2gci6eqqlkl4eThsjKa+THi7y+xeQeFyMe6z5yXwhIS+UUHG/lsds6RO52n2Ft3Ysc3pSC+u4kVwjxK3fPBVd/FzeOhwN+N3bcuKDtEl7ZwK7X/8DvH4Y7333CljVvsP+rv/MLD/NE1juUv5bF7+5OkoW4p6l0s1m9o5Ity0z8w2gnRgjxq9d6y8jhj1eTmdD3uKMmbdN25rdtYnPzixz+eClp8b0BPbWe+Rs34Km+SmfQntq5lVRFbUkGA7tKoXTnXFrf3EpTbhW1RSkM7GoupZt+5lBdQDTD00zZ4pssu/iv/DFJ613ABBUa/Uz27JrEoe1XB4JHnmbKFth49eJp1qX2bQsqjZ7Zu05zwPxzeJmg0jP/4yZqizJI0PTtRY3BvIVS3RGuhQj8BYkk7Ur0U1jmOs5lpYCWvYVzKVNIHuQ1WE3OdpovbWd+kk9exKewbudyOiwtwxwt5KGxvJDuQguHC4z919Gb1+WkVu/gcsABTtbByl0zMWgGe3dXzfP56RyqbVcIRLhprLvFrAxt/286DxeyX1eFxXe/Kg0G83Ys701g/6ozAaNch8/TdoTN4yuoLUlROO8jtPom3H6EgqoJHP50O7P1Gv8y8GkVCVVrODnsBP7/7N17WFTV+sDxL4LilOARRdOhIyEp+KsDWqJ5gZPXUjNErdS8VIKWWSJo3kgNUVOUsjLRTNPUzAt4KzW0QLyAmZAmUILQEUxRSBDGkcv8/gBGhhnu1/T9PA9PNuzZ692b2Wtm3r3Wu6I5neHK9g3Frk3M6TJ5Ae9G7yDUQCKqtL9FrZ/PK8H4RrxM4IfD6VzUL5gq6eG9jinJSw0mk85FZDDi63W8WeyaNnd0Z/G0aLYdr4FVxaNjsfT+hhVu9tokj2mHwSz2foyPD5YY4Rm/g3fWPcamnXN4QduxmWLVfQabpt1g5qZ7ncPF498ydtFCXLR/E1Osuruz6aPBxZLHlb+OdMSEs230AhY7617jb25YyQsVqT9ahT7qivlgNu000K987U8Hv1XF4k3lXIgpixe9XOxvXfBa2jTZgarM4LdyW0eItxkfP+fIkOmbCY0v4+RkHGXmq5eZsvcrndeOqZUTb369hykJE/Atb+R/ZV6vVWiv0tdbTb3H1QT1cXxfjdWPxcqJWTsPMsuxjL+wOhrfBQnMWjMcWX9MCFFX6j252v7FmfgtnoNHXydefGcpS0baoptKVWA7cil+M0bR7elReC1YynuvOmFhZq4drJpx/RyZQNLxJDIBaIyitTW2dXwsVefKDP8AVvoHsNJ/Ce4Ojrj7BrDS35th9R1aBQzzLIq7viMRJZnajGSqey+UjcHc9jkGyd9ICFHPOtg/ZmAUSTvsu4OLWx/0vq93sKNH8g0DiTAb7G0MjEdR2tGD3oxw1v/m38G+G8k3dL8cph7cQqiHJyMNfQOz78drVyK1o8VSD25hl9sMRnYwsC1U6su8qcGNTenQXUlEQgUnjlcidsOUvDCxFbuP649euxgWjIubUznHZGr49x3s6BESXb0kWep3bDw+iVluSgO/tGfghBQiSoxc6jGkd4W+SJt2f5kpkd/pn5uMcA6oXy62Gng0uz95jFnTDJ8H0+5TmWVZiWR4BWUkp9Cju52BNpVY2aToTFs+t+czOnhPpYfBAJ1417sVa0OqG6ATY9zsDcTTCiubBK7c0H+G4b9FHZzPGwlEdXdA/xI1p4NDCgmGYh3tSmcDAVla2RBv6OAqq8/LBleYN1fawJUbOsnFc98sxXLaVIM3NcydXelx8FftdWXaqh3xyeWMPK3CdaTDtBXKhOTSy2iUoyp9lKVNO8MjDU37MGJ0OD9EFJ0xU8zNkolJrvwY1bJYdndn+9kIAkfD7tkDsOvpwedhCXpJ4NSQHZybVsqxoWSk91RCvyltZkChSrxeK99e5a+3mnyPq67Ug1sILfV4y5LMLs/12C+bU+rNwQ42sjKZEKLm1W9ytdN4xjkrUSjaYDdkDC7t9UeoFlEoezF6dC+U5gradBlOt+shnLyUBkCbLm8zbsQY3nLvggWQkxZD6JEQLlQ5sKLkZrEfXw9qKy81zNMFJcmEenvi5T2X9dHWmCkALGjToJJhrszQS6I60sYCQIGZlLptUIonVgEyYoPYHF32c4QQon5Y0sGmrN9f5kpFB5BZ2hj4olpMQnKxKbNqLkZF8kJ3A9PHAVBi5ZhCakbRtuGMHVJewrFy1FdiCN2zmflvuTHkue44zz5DxeazVib20pn3H0/nr0qODI5m97reDC2tLJNeKKnER33HVj8vRg9zw+mJiWy8W72EhzommtNDnOhcyu+tlP/hyo2qjo2154UJsWwM0X1+akgw6iG97yX442M57diPLqXOKTWnS38lYTEVrF1ZQZYOvbkSckY/KaO+TFSMGebaF2ACFyMcGOBQ+qRXc4d+WB2PrXJyrJxIsbJJ4UZF/9R1cT5tnBhxPNLASPdULkY2oVUlLl5L5WN6N2NqlPIxemRmFLvcE7gY4cRQp1JOkKkSe+4l+TpP/ATnPaPLHGFZ7evIfjyBfYJxG+bFlwYSjGWrmT5KJ157J45EXy78P3MGes8hw28Ao/2COHelJpOsplh1H8/qnREFpU72eNNn1PpiNYYL3g8GOpZ2bIC9AwNDog28Foup8Ou1Cu1V+nqrnfe4qqnA8ZbyvHN+Hswye5kXZMiqEKKOmdRf060Z+WJXLKr0XAW2jtYc/fAE7Ra+gLVCSZeeRXdkc0gKC2TvqSqG5eDB4nH2KJJD8QoILnzQEXffCYz3dC32WE0pTE4mX2Kf9rFgVnnXdDs1wKE1FlA4OrhIFOt9ouonHlEq/cTqNpZ9caYK9aeEEKJhqLn+q/ieMkhNvsvalzqzttTte7N8WtG21NjQnYyYIHzfW0ao5fO86zaYMXM3McvSHPVBD2ZWbA+ViL0Mpk6MGb6I3VHudC5KpkZ9R6iHKz7lxpDK6UBvJq9T4zL6ZUYMmcrqaa0wN7/M8o7fVegoSpNxI4W760Zjs670bZyXTa3y/q2GjAfPo6QOKapnmErowSaMCCg2oikzgRhTQyNI7zHFlIiYG4ChkYFV1GE8m/q/zWT/VqyYVlAaQJ0aw64FHoS+sgkfbbIkk4RYU+zLDhDTyFhSof6nx9bF+TTvx+JlkUx8LwifeYVTrdXJhPpPw9dsDscrm6upU5kkxIazsVdn3i11m3HsLvqnqT2vfx3GyPjj7PrEg5mR0MNjBj4TnbQ3CKp/HZnSeeJXRLolELrnMybOPgNOk5g1bzw9yh38V0N9VAk6922s+rFiX2+uRH3HxiVuTI5S8sI8T94dYl9jdTZNrZx4/aM9uGx6hSF+DkR/4IRphd4PTNHeGCztXFX49VqF9ip9vdXse1z1VCWWu1zZM435alfGRC/jy5g+vNmgr3chxP2mHpOrT9KulMyqKjmSw0ciSVZZ0OXF4fRUGhjRam6BnXlaQX3WnDSSUzIwaWFNG/NcaNwaqMqiVo64jyyZWAVJIIp/FEtXSawKIUSFmGOpbMfMvSEV+BJmirlZDTUbsx43z2R8tkSwosSX7opXeKxM7GXr7OzKO9sjmeVYMGLp3MFwRrjNKedZGRyZPpRt3Tdx/GzNJTKKmLdqh9JrN8cNLUpVIw30ZoSZB0euDGesFZAazgHTwawufiBmNtiry07sq1HT3b5V7cR4ZQfvPOtB1I27mNn0ZeS07RwcUnyItxk2duUGiNrJrtTcTp2qy/OZGc7HLy3jh4RMmrT6DwM9ZhPS4Be2McPG7nnWfr2SgZUI1LxDH17/qA+vk8HFPcsY/dxRVuwtmBJdY9eRuQ0uE1fiMrHwxtC4IfywbA8+ZdW9rME+qogaNfY2JTtiU6wch+OzZjg+6mROf+JFnz0vc3BDzdbb7ODmzsCnj3LxAye6YI6lEmLK/HCtBh7DqiIXX7mv1yq0V+nrrQbf46qt8Hgr8YzUg4uYzPMEbhiOVQz0f38HA3e+rDeTxVL5WE0GKoQQWvWYXD3Kar80Rrq/pJs8vXaCj1ft1KZG41ddg1lv07PNvWWuVMknCP76AGeuq2B2CO3aQUpKJpgpaUcyKbpDKytuWH/sFCpij1Vk1GjBaFY7begqYrfMZX2xadcOk5Ywvn0im32u08/fRXsPXhX7FfO/iKJgmn3h40oXVvq7aH83zDMAF4sYNvusI7r4/uwMJJoLk8GGnlM0EjctzJNV+yhs04nMLXO51jcAFyWgKnzOMG9WOhcfKZBMqLc/+0q0bTcugJXj7h1Hwe/StNtW9PwM8wzAhVC8jrUuGC1c1Ko2ViGEEKI2mdLZ0YaPo5J50768kXLmWNm34+OYBHAss4ZBuc4d/IwO08JwqVbGqzKxl8N+MK/FrCI0w4mB5tEcOO7KiHnlPCc1nG3Rk5j1Uc0nVgFM7R3o8MmvXJlsX0sjLs1xGW3HkIMxjJ1sT+rx7zEf7q97LB3s6BG1nnMZw7EyeJAZnAuJprNHDY5aBUgNYn7IYALXDC7n3NrQuXs0a6MzGGk4QDKij3LO3r3+R61CHZ3PaJbPboXPoTmlToVvuGzo3D2c3TFqBnavyvBBczq7LWF1an+Wh0xi0xDLWrmOzO2HsyLgBn38jzJlw+AyEvc12EcBRa+PHh5l9L+Fi0EtfsuZbVHDmVXR0iYVYdqk2PVoSmfH3syPisGntLIHMdEc6WPHlDJ3WtHXaxXaq/T1VnPvcdVnSgf7/zA/IgafCpYGiEl+jN17CxPq9uNZ0d0N3z292VSy3nD3ORWYlSGEEJVXvzVXM8+xKz5N56Fr8QdKjDlNYldciVGomZcKEqsF/1OQWAXIrEZiFRjWQQmkca3cupSFiUNi2OztiZe3J15hadiNC2BGyRWoFPaM97flUuF2m2NVKOxeKqxbGswq76+IVVGQIPX2LEy66itIYELslqL2CurjJId5VqFUgYL2I5dgG1+4L21ilcK6r554eX9FrEqJi6crANFfzC1sU6WNobRYK3V+lC6sHAk7C7cLTQal8z9jIa8GKzWYz9afIDmn4H/N7cYwe1K3hjHLRwghGhjL/i9j5b+e0ArU/evcfzzqdTt0V2vXSuVKJUpFmjYxvI9zUQkGNi5YVKbkqNbKxF42JS9MVLP7eAZEfce5Cf2qlZjKiKnmYlYAlv0Yo1zF2rBqH1ypTLu/zIiQcC6SSujBdoxwLpmBcGDEtMt8/Em0wdFf6ojPWJ46hzHFEzjmrbA6Hl2sNmORDE6v+4KwigSWHEuYUlmhpHUXt6nEf/KZ4YXL1JF87H8Dn1fKK+BvirlZJAk1WzrWgDo4n6kJxCtb1e1I3VKuz6ro4jaJ0/47KnD9qElNrcCcpGpeR+rU1ArNfCpYXEv/DFSlj1JjuM6t/usjg9SaOOkApBL6vhefR5UeqDriKPuHO2lHQlr2f5ku6wLYZbCgcTK7/D/DZUJZyWcq9XqtfHuVv95q8j1OTyWvZash7mUcrz5nj0nFFrAypcu0JXTYtIj9NfYaEUKIstVvctUAhYFVkZqa6A6wVamqkUEtjyqDpHI2cZj0EnaKZEKLjxDd51+QGOxWcuGrZJ0RndFfRJKMgvbdKnMr1RGn9gpIjrw38nNfCLEqUHZwrcR+ikn6Vnd06D5/vHRGnkax/kwyKG0rneis1PlR6Y603XcsBhVKbCW7Wi3qhF2SYBVCiIow78eKDab4PjuBzyOS730JVadycc9cJm4qNjGxw8us6B/OxFFL2a9dQEbNlagdzBy1jKhWdhVqsnP/lzm3chWh2gVY1FyJ2Mw7o+bxQ4aBlJqNAy4RweyPKWwzo3ARnMrErm3JcOLCvP94LLd/z9aDsYzoU4FRS5bdGGrzGcu3x2gXuVGnxrDfz4OJm2LLf34RpR3OIUEcSS3aR9ECP+YM/HAdpksGMDowkntr1ahJjQli5huby14opkLsecEtnG3bj3FAOZgeBt4kO09ex5QED9zeC+JiUTKr8Py6vXWZdwNKTDs1dWLoK8H4+h3Xxqy+Es2X0z0IGzKb1yoSlo0TI/Z8xq74CqS17N3Z5HGZiaPmsiumKBFWeI5GTSN+2krGlrnCG4A5nbvbsX/P0cIEoZqMjNopJlTr59PSAefkL1gbUXtJeT2lXZ9VYe/OptHhuA0r/vcE1MmcDvRg5g+FbaRG8vEbAxgdeJz41GL9SNhSZq5zYEyfohRbda6jVE5/Mpk+r64nNP5eLOorx/F97wu6vHJv8bcOjr05ved7LmpPQeHWVeijzr0/usRxZRh8fajjv2fmi27M3B5d7LgyuLh9LvMTphZbkC+GL4c50t/fcJKxgCUuHoNJeH8AQ97bwbkrGTrn/tz2uQzxvMHiaf3u3fQw78eKDY+x9kXdY1NfieTzV91Ya/MVPs7lfPKuzOu1Cu1V+nqrofe4gmeVeK+p7LVs3o9Zy1oZON5otr73Cm7bDdyI1GnPgVnzHuNjv6PFFmJLZf8bjti98V2N3AwRQoji6jG5quCJEdNZ+IzuUH1zuxd48d/FHmjqxPgn2uhsY9HlDbxGdMEMMHMczrgRTjQF2g8ewyvP2NK0VuMuTHQaSMLui08GhTVO5Q0QqEGqzMQa3qMrM/wDWOkfUFgiwII2lTqehnV+HmT6CdbhjJdzL4QQekwd5xByaCqm273o80RnbDp2xuFFb7YxjtUTi09JNKXLvD2EeLfiwNQB2HTsjM1TbvgeNOO1DSuZ4lixWpGmjnPYs0jJtknO2HTsjF3PCSyPscNn5zp8hhioB2fqhM/O3oS94YxNR0ec3ljF6dTKxg6W9r3JeH8AEw8a+Fpp6sSYPuvxiRqMS4XmD1sycs0ehsYsov8TnbHp2J0hC4LBzZ89H46je0VnAVsOZ/FcWPtc0T6+R5tTNHXA59AB3jXdwTvPOmrP9zvb4bWA8TUy7dtqyMukLliK1RCHUm5AKhm54QdWOMfy8biCv5dNz4l8HNObFT+uY6TeuTKlx7w9TOEz3J4qPKYlkXSe9w2zHCtYQMG8H+/OA99xA7DrWPA3Lfqx6+nGZL/jFB/MZeW2juMf9ibmk4k4deyMTUdnRn8Si/OHP+hPiS3tPIxeiQ/r6V94jmceTK56grBMtX0+bRi7qDdHPIfiUOLc2Tw1hNHTd3CupvOuZVyfVaH/93TEadRSzjn6sWJA4TFb9mHxvgP4WIWzvOg8PjGAd/Yo8TlUomZrla8jS1w+2EPIPCVhK+/F0sczGOW8A6weUGySfPc57OkTzsSenbF5wpmJ/pHa5FVl+iiAHh9sZ3X3G2ybXfj6f2q0wdeHaYeX2XQykBHqzcWOazQfJwxmz173e8elvlux17JVP1bs+4EVzslsnD268Hg74/DiXDaqnyfwx0/1VqDXPzZH+njuwHTaAULmldanFFe512vl26v89VYT73GG32sq3zdaDVjCwb2T4KtpxY43CNOJ69gzuvybgKbdZ+BjPpflYbLyhBCi9hk93fO/mvppuh/vLHsB68aGfqfiWlIymZjRun2bUqZFJRO6Lo0uHk9iDuTk5EDjxjQGrp38gA93pxl8VlmGeQbgokwuUTu0pMIp72klF70CCmuWFtUMNVyLtKDOqoW27qrhROFBtgAAIABJREFU/enVTx3mzUpni3t1S0v+v6HnQCk1V4u3rxuXkmI1TyvQJpQ8zoqfn4rFK6rL1GYkU917YZYUxMa1YfxZi20tXfwBxiYmNDYxoXHjxhibmGBibIKxsTGNjI0xMTGmUaNGGBsbY4QRRkYFPxjd+3fJH0Dn3/n5+eTk5HD7diZ2ttba35dk6DEhhBCly/jBi4k3ZrBndA3XEG3QYvj8uR102bvQ4MjV+qCOWsrEg4PZZChZok4m1M+D+Ur/2lvs65/sShCTl4DPGgOLGalTubhnHm4RLxP5Ub8GvrjVgyl1jwcz8WOTW4NYgq32yetVCCH0xF5KxMzMvCCfYGxc6+01Nsqtkf3U48jVo4TFq0r5nYI27W2xLTWxCjlJv3A4PYOiPTQuTKxCDpnXS9tv2fbFJ1PhkZoWrTG8mYrM8uoKVMW+SySjKFhMyj/AYJKzOoZ5uqAkmVDvGkpq1vX5EaVSJ+xi1RxPFtVyYlUIIcQ/WQahQZmM6f8gJVaBmHB29xneYBKrkMwuPzVTvEsZ9WaqxMWtN8mRl2Vaqx41p9ftwNmrlFXiTS3p3P95eoTUQE1gIapNXq9CCHE/qdeaq1FbgojVTnXIqfgTc5I5k2TNVPeutAFykk/w2TwfAs9cI4fG2A6aiderPSsfUFECs29ZdUyjiExSgcKcktVhh3VQgiqRyBpKeOrs29MFZeGiVwU/NZdY1Uq+VMaIXSDpXjK7dPVzfoQQQghRDTE7WNvkZQY+IAPGCmRwJPB7Rrg1pJo5GWTcuEHpJU/VnDsYjmN/h7pdtOkfQU1Gxg0yDJcVBuDK8e8559a7RkpKCFE98noVQoj7Sf0uaHUnknUbvyU07Fs+mzeTBVtOkGyoDlJGMie3+DBj3hK2HzzBga8/5VJrW5QWCgCux+8k/k4mcQcvkQagsEDZwZ4nKh1QMKu2xKBSurDSs3iC1RF33wBW+hesYh/9xbfEqpS4+BZbnGmYNy5KSD5TbIp7HSuoaWpPv6LFoBw8WDzSukLPTcpU6S5eVTiFX0f0ddIqsBhXQz0/QgghhNCnvnKc+e+d4TXvB2nqaQYXt3vzseUCXm9Qs+vteWHaXea/WmJBI9RkXIlm63ujmZw8ldUPVOmGijLHZWI/dr9asABO8QS1OjWB0MAJuG2yY9M8J1ngUzQA8noVQoj7iUl9B8CfJ9lbNFc5aicrscBvnD0K7QYqYveuYFcUQCZnju0EoCkhnDTpRU9bC5SO03kx7RyKboUjWdNiOBN2ggtViSd6HfOjC+qGrvR3ufe4KobN3kWJwSjW+4C77wTG+wfci3OLZ82PJi20LyAUW38X3Zi07RaOYt3nT2iHAFycA1jpXBizTyT99J6jL/qLb4n1nYCLfwAuAMmheG3JYPG44snZYFaF2bLSeQIr/ScU7n+dgb3V/fkRQgghROVc2TOB/rPPYOrwEj4BnxhY3OQ+pI7Gt+doNqpb4TzN33Bd03pm5baOEJsg1n4ymeVhsdy4CzRphb1zX8ZM+ITj3ZUNLuaGwtRxDgf3Hmer/1zc3jpDQiaAGTZOvRk4ejYh++wfoBsIoqGT16sQQtw/6nFBq1K0Ho7XDBeU2oWu0ohc8wHfGCo203QoXn790b13r+LSrjmsOVXbgdalgmSv2Rn9eqgGF4USop7IglZCCCGEEEIIIYSoin/qglb1P3K1pOtBrJwdhFk7W1qbZJD853XulLatUoFJDtBYRVpyGlgosVCYoGjdGrhedzHXNgcn2itUJMlCUEIIIYQQQgghhBBCNBgNL7laKDPlEpnlbRS/kw/9ztOtg4ozUUk07fAktpmXuHC9/GWX/lGir5M2zr5goa3oYO3DDpOWFNQxDZNRq0IIIYQQQgghhBBC1LUGm1ytsMxYzkQV/PNO/Pmq1Vlt8IJZ5Q0z9GquJhPq7c++Up8nhBBCCCGEEEIIIYSoLf/85OoDI5hV3sHlbyaEEEIIIYQQQgghhKgTjeo7ACGEEEIIIYQQQgghhPgnkuSqEEIIIYQQQgghhBBCVIEkV4UQQgghhBBCCCGEEKIKJLkqhBBCCCGEEEIIIYQQVSDJVSGEEEIIIYQQQgghhKgCSa4KIYQQQgghhBBCCCFEFUhyVQghhBBCCCGEEEIIIapAkqtCCCGEEEIIIYQQQghRBZJcFUIIIYQQQgghhBBCiCqQ5KoQQgghhBBCCCGEEEJUgSRXhRBCCCGEEEIIIYQQogokuSqEEEIIIYQQQgghhBBVIMlVIYQQQgghhBBCCCGEqAJJrgohhBBCCCGEEEIIIUQVSHJVCCGEEEIIIYQQQgghqkCSq0IIIYQQQgghhBBCCFEFklwVQgghhBBCCCGEEEKIKpDkqhBCCCGEEEIIIYQQQlSBJFeFEEIIIYQQQgghhBCiCiS5KoQQQgghhBBCCCGEEFUgyVUhhBBCCCGEEEIIIYSoAkmuCiGEEEIIIYQQQgghRBWY1HcA5Wna+kmc+nShPUmcOx7Jheuq+g5JCCGEEEIIIYQQQgghGmhytWlrnujWn77OT2JtoSh8sCtdeg5HlZbI+bCjHDtznut36jVKIYQQQgghhBBCCCHEA6wBJVcVtH7Cib59XXiyvQWK0raysMbJ9Q2cXFWkJZ0n7FgIkReuI3lWIYQQQgghhBBCCCFEXWoAyVUzHEe8wdAu1liUzKiq0ki8EMqxY5Fcwhanvv1wfqJoOwUW7Z1wfc0JV1Uaief2s3H3OTLr4QiEaMhMbUYy1b0XZklBbFwbxp/1HZAQQgghhBBCCCHEfaLek6utR7zN+J5tij1S2ojU84R9c54wQyNcFRZY95zAWyTz4e7rdX0IQjRYRYlVZWPA9jkGOYSxPrq+oxJCCCGEEEIIIYS4P9R7crWdhXnhvzJIPLqTb46VV0tVxfULoXxzIZRvmrbmib5jGNnPGnPA3EIJVD+5OswzABdl8SZj2OyzjprJSbkyw9+JzC1zJcklapVOYhXIiA1is7zmhBBCCCGEEEIIIWpMvSdX7zHHut8bvNslkfNhhzh4PLaMKf5mdOrzAoN0FryqCY64+07Ajhg2e99Lpg7zDGC8r0fNJFgdWmMBUr5A1Cr9xOo2ln1xBnX9hiWEEEIIIYQQQghxX2lAydUCBQtWTcHJNYNrsec4tvcQZ66rAGja2olBL/aji10bzMvZT5UM64+dQkXsFt0k6r4AT/bVRntC1AZLV0msCiGEEEIIIYQQQtSBBpdcvcecNnYujLZzwTXtGhmY06bkKFVVGokXLsETTljX2ABWBWbtwfAQVVdm+LugNFAmwGHSEsbbpRHq7c++ou20v00m1NufpElLGG9XEKjduABWjgNV7FfM/yKqcCceLB5nT9Gh6PyucJ+EeXK09b39aEsWDPNmpbNSpz1JCAshhBBCCCGEEEIIUXsa1XcAFaGwaKOTWM24FkPo9iXMnf8Bq7+JocwSrZWx7xLJgNI5gBnDDG0QzKqwZFBY4+RQ/HFHnNorUMWGsA9H3H1dUCaH4uXtiZe3J5tjLXDxdCX6i7l4hSUDKmK3FPxOmzwd5s3KcdYkFT7u5R1Kmt0EFk9y1IlA6RzAKL4t2GZLDCqFPeP9A1jZ4VLh874iVqXExdO1ps6K+KdJDeaz9SdIzin4X3O7Mcye1A3T+o1KCCGEEEIIIYQQ4r7zj0iuFsgh7VIo2z+cw8Llgez9+XrNJVW1glnlHapNsK70D9BLbhYkYBW071bscQcn2itUJJ2JAqwxU0ByfLD219FfzMUrIJjSuTLDWYkq9ttii1wVJHIV7Z0onsfVGc0aHUmSioLRq9r9RxGZpAKlLQbzw+KBoE7YJQlWIYQQQgghhBBCiFr2D0qu5nL9VJC2/mrtCWaVdgQoKOwmsNK/+EjWYC4lo5P0dOhmjUKVSGT0vd8rnQ0kZkszzBYlRcnZYpIyUCnMaV/qE6O4lla5oxMPDv0E63DGO5T9HCGEEEIIIYQQQghRcQ245mp9i2K9TxTaOqvO3gzbV1DHdN+xGJzGFZQGiI4uLAmQFKmtwbovwLOwvuoEVvpPuFcXtcz2FNo6rLpUtHGglBqwQpStIMEKU917YZZ0iMPyOhJCCCGEEEIIIYSoMf/s5KpZF0a+NpwONbaYlSHBrAqzZaWzxb0kZ3QkSSPtC0sDFC8JcE/0F3PxAu0iVeN9PcpJsKqI3TK3WFkAIWqGOmEXq+bsqu8whBBCCCGEEEIIIe479V4WIDY2mUpP9Dfrwsh3PuDDhRPo2d6cxgBkkHQutsbjM6ygrqmivRMO7c2LlQQwIHodO2NVUDS9PylD/3gN1XEVQgghhBBCCCGEEEI0aPWeXL1z/FN81+zn/LUKpFgVhpKqoEqOZOeapaz7uTr1WB1x9w0oUV8VihabIjlSZ1Rp9BeRJCusGdVNqVMSAAcPFvt7F1tMqqBsAMmX2AcQfZ00vURq4eJVdhN023bwwF1WpRJCCCGEEEIIIYQQokFqEGUB7sQfZePyozTt0I/RI/rzZBtD8/wV2I2coPOIKjmSA3uDOBVfM4tcRe7yJLLbEsY7B7DSuVg7sV/h9UWJxaYI5lKyCy5KFbHFSgI4tL9OZKw1Lv4BuGh3EMPmgGDt8wrKDJSox7rPH68kDxaPK962ClWsKxCMEEIIIYQQQgghhBCiYTF6uud/NfUdREllJ1lrPqlaVQ6TljC+fWIFFqsS4sGwdPEHGJuY0NjEhMaNG2NsYoKJsQnGxsY0MjbGxMSYRo0aYWxsjBFGGBkV/GB0798lfwCdf+fn55OTk8Pt25nY2Vprf1+SoceEEEIIIYQQQgjRMMVeSsTMzLwgn2BsXOvtNTbKrZH9NIiRqyWVNpK1oSRVCxRM99cpCSCEEEIIIYQQQgghhHhgNMjkahFtkrV1e9pwnaTrDSGpWsBh0kvYKZIJ1SsXIIQQQgghhBBCCCGEeBA06ORqkTvXk0iq7yAKOUxawng7BZBMqLd/wSJVQgghhBBCCCGEEEKIB84/IrnakER/MRev+g5CCCGEEEIIIYQQQghR7yS5KoQQ9STnbiy5ucnk5aaSn5dKXu518vKuk5ebCoCxiSXGxq0xNmmNsbFlwX9N2tG4iV09Ry6EEHUjOS6JtJQb3EpNJ+PG39xKTefW9XRupaYD0NyyBc1bt6C5ZQvMLf9Fc8sWWLRthbJT+3qOXAgh6sat+J/J/iuBOzevcOdmcuF/r6C6kQyAopWSpi2t7v20suKhNo/RvMPT9Ry5EELcPyS5KoQQdSQ/7wbqO2dRq35GfeccGs3tMrfPzUkiN0e/KIqRUTNMFV0xbfo0pk270si4VW2FLIQQdSrz5i3if4nl0tlYLkf9zp2ssuvtp/75F6l//qX3eNOHFdh06USHp+zo0KUTZi2b11bIQghRp9TpKdz49Rg3fz3GzQs/kZt9q8ztb1+J5faVWL3HTR5qTssn/0ur//Sj5ZPPYtqiXW2FLIQQ9z1JrgohRC3Kz79FVmYQatUpg4nSqtBobnMnO4w72WEAmDRuj6niGR42G06jRpJAEJWjUqnw9PQkMTGRrVu30rJlSwByc3O5fPkyVlZWKBSKeo5S3M+yM7KICA4lLuKCwURpVdzJUnExPIqL4QULj1r++xE6dX+C7i8681DzZjXShrgnLi6Ol19+mREjRuDj41Pu9jdv3mTs2LFYW1sTEBAgfUwDd/36dXJzc2nbti1GRkZV3k9aWhqrVq3i66+/BmDq1Km8++67NGnSpKZCvW/lZN4k6dDnpP7yvcFEaVXkZt/iWsRerkXsBaCZlR2WXZ/n34Om0MRcbtyLivH19WX37t3s2LGDTp06lbt9RkYGN27cwNramkaNGtVBhPXbrnhwyKtKCCFqgUaj4vatLaSmTCAr45saS6wakpuTRFbGN6SmTOT2rS1oNNm11pZ4cHzyySd07NiRhQsXcvfu3foOR9yH7qrUhG49xOo3fAnfGVJjiVVDUv/8i/CdIXzi7kfotkPcValrrS0h7idJSUkMHz6cnj17Eh0dXeX95OXlERgYiJ+fH0lJSSQlJWFiYiKJ1XLk3blN/O5lHPfswuV9ATWWWDXk9pVYLu8LINzrKeL3fEjencxaa0s8mG7dusUbb7yBo6Mj33///X3frniwSHJVCCFqkkZNVmZQQaIzYysazZ26a1qj4nbGVlJTXiM7MxjIqbO2KyI3N5dPP/0Uc3NzTpw4Uevt+fr6YmRkpPPTsmVLXnjhBTZs2EBWVlatx/BPZmVlRdu2bXn00Udp3LhxfYcj7iO56hwi9obyyaTFhH1zhJw7dZe8v6tSE7b9CJ9MWkzkvjDycvPqrO2y5Ofns3//fvr374+RkRF2dnYsW7aM1NTUOmk/KyuL1157DSMjIzZs2FAnbQo4ceIERkZGdfKeWFUPPfQQjz76KI899hgtWrSo8n4yMjI4ceIEzz77LAkJCeTl5fHWW2/VYKT3l/y7Kv489DnHZ3QlIXgFeeq6+8ySd+c2CUHLOT7jKf48HIgmt2HcYM3PzyckJETbT1pbWzNp0iSio6PRaDS12nZiYiJeXl7Y2dlhZGREjx49+Pzzz6v1WVKlUjFlyhSmTJmCSlV2CZz7RZMmTbCysqJdu3Y88sgj93274sEiZQGEEKJG5JF9+xC3M7aSn5dWr5Hk598i4++1ZGUG0az5eBQPP0t93kvTaDRcvnyZRYsWsXnz5nqLAwqmJB44cIADBw6wf/9+AgMDadOmTb3G1FCNGjWKUaNG1XcY4j6Sn5fPuSOnCfvmCLfTMuo1luyMLA6vD+b03lD+O/Z5nvzvUxg1qvp05+rIzc0lICAAX19fMjMLRorFxcUxZ84cTp8+XSf9VHx8PDExMbi4uBAeHs4rr7zCww8/XKttin8GS0tLvvnmm2rvJz8/n9zcXDp27MgjjzxCo0aNMDU1rYEI7y+avFySQ78mIWgF6r9rbzR/ReRk3iTu67kkHfoc2xFzaNtrFBjVz+dJQ/1kUlISGzZsICQkhK+++goXF5daafvXX39l/PjxOiO3IyIiiIiIIDg4mE8//ZTHH3+8Vtq+3ygUCgICAggICHgg2hUPFhm5KoQQ1aVRk566gIz0T+o9sVpcXt41bqWtID11IRpN/U2B/f3333Fzc6uXxKqDgwOxsbFoNBo0Gg05OTlcunQJT09P9u7dy7Zt2+o8JiEeRLnqHL7x/YLv1uyq98Rqcbeup7M3YBs7Fm8gR10/o7OCg4Px9/fn/fff59atW2g0GlJSUnB3d2fv3r0cOHCg1mM4evQojz76KFOnTuXs2bMkJiZW6vlmZmaVGtXYpEkTWrduXdkw7zs3b96s7xBEA5J/V8W5VWOI2ehV74nV4u7c+B8XAt/i3Kqx5Knrp/RUUlISe/fu5a233iIlJQWNRkN2djbr1q0jLS2NvXv31koJI5VKxZo1a/j777/ZsmULt2/fRqPRcPv2bXbs2EFqaiqnT58mPz+/0vu+e/eu9AFC3EckuSqEENWQn3+Lm9e9Ud/5ub5DKZX6TiRp12eh0cg0eBMTEzp06MCcOXPo378/cXFxOlOxUlNTmT9/PtbW1pibmzN8+HBOnz6tM92saBpX0eiJhQsXYm1tjaurK+np6ajVarZv306PHj20U8e2b9+OWq2b4NZoNPzyyy+MGTOGli1b0rJlS15//XWD09vi4uJwdHTkxIkTJCYmMmPGDKytrWnZsiUeHh7873//0zvW/Px8fvzxR4YPH465uTnW1tbMnz+ftLSK3QAomq66detWvccM/Tz33HM6XxKysrL4+OOPtVPo+vfvz/79+0v9ApKXl8f7779Pjx49uHz5st7vU1JSePbZZ1m8eLH2/FTmHBo6niK+vr44OjoSFxenfaz4OY+NjeWll17C3Nyc5cuXV+j8iXuyM7LYNPtT4s/WXq3A6vrjzEU2z1mDOqvuSrkU6d+/P0FBQXh5eWFubg5A27Zt8fLywsHBgZSUlFpt/9atW5w8eZKePXvSu3dv2rRpQ3h4eKnbl+yDpk+fTkpKSqmjEFNTU1m2bBl2dnaYm5szYcIELly4QNOmTcuM67fffqNz586sWrXK4JTfwMBAveu2qN/p2rVrmVN3i/rxkv0W3Lv2fX19dR739fVlypQp/P333wQGBmJnZ8czzzxDfHx8qcdd/P3kpZde4pdffkGj0ZCQkMCAAQN48cUXAejduzdGRkZVPp6KxFdySrWdnR3Lly/XjgIsTWnn6sSJE9p4o6Ojef3112nZsqXB95qgoCA6duzI4cOHCQwM5KGHHtLZX2X68vtVTuZNziweys1fj9Z3KKW6EXWEn5e8SG523d8g69ChA/v372fJkiW0bdsWKBiN6OrqSvfu3Wut3ezsbBITExkwYABubm7aEf0PP/wwL730EmFhYYwePVpngaSi13PR5wZra2tmzpzJX3/dS5h/9NFH2NjYsGvXLu01YWRkpNfvFLd161aDZUQqco2WjKeinwcTExPx8PDQXpceHh4Gb761aNGChx9+WKeP6dGjB9988w25ubk625b3mctQmyU/5xb/LG7o8+axY8f0+o6KtFuRz9cl++WSP2X9DcX9TZKrQghRRfl5N7h5bTo5d/+o71DKlXM3jpvXvMjPu1HnbXfq1ImoqCg0Go12heD6lpOTQ25uLsbGxtqVj2NiYnjhhRe0i21kZmYSHBzMkCFDCAkJ0dtHSkoKXl5eLFq0iKSkJJRKJQqFgrVr1zJmzBgiIiKAgqljY8aMwc/Pjzt3ChI3Go2G7du389///pft27eTlpZGWloaGzdupG/fvuzYsaPUZMJzzz1HQEAASUlJpKWlsX79evz8/PSSxO7u7vTt25fg4GAyMzNJSkrCz8+PBQsW1Eptr+effx4LCwsArl27xtixY5k+fbr2Q+zRo0cZO3YsGzduNHhsxsbGDBo0iIsXL3Ly5Em93//222+cPXuWZ599FiMjoyqfw8o6efIkEydOZOfOnWRmZtK+fftq7/NBknnzFl96fcTVS/pfUBqalD/+ZNN7n5Bx4+86bfdf//oXPXv21FuFvVWrVnVSGy4uLo7z58/Tq1cvWrduTbdu3QgJCeHWrVt628bExPDKK6/o9EEff/wxQ4YMMXjdXrt2DXd3d+bMmUNcXByZmZls3ryZQYMGsXfv3jLjsrGxwdnZmR9++EEvAZqZmcmJEyfo0aMH//73v7VtFfU7586dAwr637feeovXXnuNa9euVfUUaaWlpbFs2TKmTJlCXFwcLVu21PZ7xaWnpzN16lSd95OdO3fi5ubGwYMHycnJKbeeblWOp7T4cnNzWbFiBQMGDODo0YLkXVxcHO+99x6enp5kZFQtWZaQkMDy5cvp27cvGzduJC0tTfteExgYSF5eQU3j7OzsUhM5ddWXN2Tq9BQiFg4k43JUfYdSroyEXzjjOxh1Wu3e9DGkRYsW2iTm3bt3uXTpEkuXLuWPP/7gxRdfrJXF0UxMTDAzM+Pq1asGX8PNmjXDxORepcXir+eizw1JSUn4+/szYcIE7c2yzMzMCt/sro6EhATefvttvXj8/PyYNGlSmf1QYmIir776KuvXr9del+vXr8fV1ZVffvlFZ9u8vDxWrVqFm5ubto+JiIhgxowZBt8bSrNw4UKeeuopvTZHjRrFH3/of9/av38/zzzzjN7nTVdXV3bs2FHhdiv6+TorK4tZs2bp9MtCFJHkqhBCVEFuThI3rk0nL/dqfYdSYbk5iYUx1/0H4oYiNzeX+Ph4Fi1axE8//UTXrl1p2rQp6enpLFiwgObNmxMWFkZOTg75+flcuXKFESNG8Pnnn5Oenq6zr7Vr15KUlMSZM2fIy8tj9erVqFQqfvjhBwYNGkRcXBz5+fncunWLL7/8ku7du2tHap09e5a5c+diY2PD4cOHycnJIScnh8OHD/Poo4+ybNkyfv/9d734t2zZQr9+/bRT4v744w8GDRrEyZMnSUpK0m539+5dsrKy+Pbbb7VT2IqmGe/evZuLFy9W6fz16tVLW2KhaEre22+/jbu7O5MmTcLIyAi1Ws2KFStITExk3759ZGdno9FoSEtLY8aMGaxfv77UKcedO3emf//+hISE6IzM0mg0RERE0KtXLzp16lStc1hZs2bNok+fPqSkpJCfny91aCsh9c+/2OD1Eel//XOmPV5PusrGmatJv1r3N6JKio+PJzY2lq5du9ZaGxqNhvDwcDp37szjjz+OsbEx/fr148yZM1y6dEln26J+8uLFi3zwwQfcunWL/Px84uPj6devn94IyKK+oORU3pSUFCZPnsz169fLjE2hUDBw4EBOnDiht0p9SkoKv/76K3369EGhUOi05e3trdOWt7c3O3fu5Msvv9Qm+6pq586dHDp0SNvn7Nu3j3/9619628XFxXHo0CHmzp2rPU+XL1/G3d2dJ554QnvTseiGY3h4OBqNhqioKDp16lTl4yktvoMHD7Jq1SqWLVvGtWvX0Gg0qNVq9u7dS0hIiMEbiBVRlDSePn269jhPnz6Ng4MDx44d0yaPxo4dy40bNxg0aBCTJ08mOzubQ4cO0bJlyzrryxuqrOQ4IhYMQnW9cqU46tPtKzFELBqE6pr+LJPadvPmTZ577jlMTU15/PHH+euvv9i7dy/Ozs610l7z5s3x8PDg1KlTDB48mE8//bTMvqvo9Txp0iQuX75Mfn4+OTk5nDx5klu3bvHNN9+g0Wjw8fHRuyaKHq9JmZmZRERE8P7775OWlqbts0ePHk1QUBDHjx8v9bkRERGcOHGCtWvXkp2dTV5eHufPn8fNzY3HHntMZ9vjx4+zZ88e1qxZQ3Z2Nnfu3CEwMJCrV68aHEVampCQEF5//XWuXLlCfn6+ts+LiIhg//79evs5c+YMbdu2JTIykpycHLKzs9myZQsWFhZ8++23ep/dS1PRz9dHjx5lzZo1uLu7az8X/v777wyuHIMBAAAgAElEQVQZMoS3336b7OzsGv8bin8OSa4KIUQl5effIi11Xr2MAq2u/Lwb3Lw+i/x8/RFJ96Po6GjtNCEjIyMaN26Mra0t69atY8KECbi6ugJw8eJFIiMj8fX1pU+fPpiYmGBkZIRSqeTtt98mISGBhIQEnX3b29uzYsUKnn76aRo1aoSxsbH2d506daJ9+/YYGRlhbm7Oa6+9xpAhQ4CCu/v79u0jLS2N5cuXM3DgQExMTDAxMWHgwIEsWrSIhIQEvvvuO73j8fb2ZtWqVdopcba2tgwfPpzz58/rjOxq164d27ZtY9SoUdopbG3btuXVV1/l6tWrxMZWf3q2RqMhKCiIn3/+GU9PT207iYmJhISE8P777/PCCy+gUCiAghEnHh4eKBQKzp8/b3CfLVq0YMiQIUREROgkYG/evMmJEyfo1q0bLVq0qNY5rKzx48fj4+ND27ZtMTIy0pn6J0qXnZHFtgXryLz5z+trMm78zea5a8jOqL9SKllZWXzxxRc4OTnRs2fPWmvn77//Jjw8nN69e2uThEWJ1tDQUJ0vshcvXuTQoUN4eHgwa9YszM3NMTIywsbGhgULFuDg4KCz76K+YNSoUSxevFjbb7Vt25bZs2czaNCgcuN75pln6N69O6GhoTqJxJ9//pm7d+/i6OgIwKVLl/juu+90rteitubOncuoUaM4cOAAV65cqdb5MjMz0+lzGjVqpDfiuLinnnpKe56sra2ZN28e1tbW5bZT1eMxFN+dO3f4/vvveeWVV5g+fbq21m2TJk0YMmQIY8aMITw8vMr1KpcsWcK8efO0x/n0008zePBgUlNTyx2ZV5d9eUOUk3mTs8tHok7/5930VqelcGbJMHIy6/fm2S+//MJvv/1WK/VWi/Tv35+DBw/Srl07pk2bhq2tLRMmTODUqVM6pY40Gg2HDh2ia9eu+Pj4YG1tjZGRESYmJjzzzDO89tprnDp1qsojxavqww8/xMvLixYtWmj77Hnz5mFvb8/Ro0e1s6oMadu2LV26dEGhUNCoUSOeeOIJ3n//fb0a223btuWLL75g7NixKBQKTE1NGTp0KP/973/566+/ymyjuFmzZrF06VKUSiVGRka0bduWGTNmaKf6//237sySPn36sGHDBrp164aJiQkKhYLRo0czfvx4QkJCdEoAlKWin69/++03nnzySWbMmKH9XPj444/z7rvvVmvwgrg/yDcEIYSolDzSUxf9IxOrRfLzbpB+4wOgeiN4/oksLCwYNWoUe/bsITAwkJYtWwJw4cIFkpKS6N69u17tJAcHB6Kjo/U+GP773/9GqVTqPNaiRQsmTJjA119/zciRI9m2bZveCIfbt28TExNDr169DI5I69atG0899ZRePVgAc3NzvbqGzZo109tHURIwKyuLn376iblz5+Ls7MzQoUMrfrLKERYWxsKFC5k2bRp2dnbax//880+io6MZMWKE3rlUKpX89NNPZdb469GjBwCnT5/WPpaQkKBdydzY2Lha57CybG1ttXUwRcXk5+Xz7eINdT69viZl3Pibb/2+JD+v8ouUVFdubi6ffvopR44c4d13363UQlGVdfHiRX755RdtzU+A1q1b88wzzxAeHq7zRfbChQtkZmYybNiwCq3yXtQXDB06tMrHUBTLqVOntH2pWq0mMjKS7t27axOV8fHxxMTEMHDgQL3rtUWLFvTr14+TJ09WO7lqY2NTodIgDg4OvPHGG7i7u/P222/z008/VaovqurxGIovPT2duLg4Vq9eTdOmTXX6ZBMTE5YuXaodlVYVxadqQ0GJl6KbauWpy768odHk5RIV8Gq9TK+vKeq0FKI+GocmL7f8jWtIy5YtOXToEGq1mvPnzzN48GDGjh3L6tWrqz0yvTRF9UO/++47zp8/z+uvv86BAwfo2bMn7u7u2qn1t2/f5vfffycoKAgLCwu9z0BTpkwhMzNTrwZpbSu68VFcu3btsLGxISkpqdRrq2/fvjg7O/PSSy8xf/58zpw5U2rsrVu35tFHH9Vpx9TUtELvFcWVLLMABX1Mx44d+euvv/RKxDz00EN6/Y2xsTH/93//py2BUBEV/Xz973//mzt37hhM5l+9erXCSWRxf5LkqhBCVEJG+mfk3P3n35XMUf9GRvpn9R1GrXNwcCA2NlY7jf3mzZt8++23DB8+XOdDVHnTUytj5MiRHDt2DAsLC6ZMmYKtrS2enp7ahQxyc3O1tTuLRnsWV5UPoyXl5uYSGBjI//3f//Hss8+ydOlSjh8/Xu7CJRUVExPDe++9x7Bhw7RJ1CLVPZe2trYMGDCA0NBQbbwnTpzg8ccfp3PnzkDdnENRdd+v3c3/Yv45U1xL87+Ll/l+7e46bTM3N5eVK1fi5+fHkiVLanXUal5eHocPH9a7sWRiYoKvry+nT5/WqXF3/fp17O3ttTelylPUFzz66KNVjtHY2JihQ4fy22+/ceHCBQD++usvfv75Z3r37q29/ov6itJGhRr6klybFAoFy5YtY926dfz66688++yzdOnShQ0bNugtbmhITR5PZmZmhafG1rUHuS+P/WoWf/8RWd9hVNvfv0cQ+9WsOm+3SZMmPPHEEyxdupR33nmH4ODgat88KU/RyM2PPvqIy5cvs2LFCnbu3MkHH3yASqXi7t27Nfp5sjY1bdoUKysrcnNzS11o1NLSkg0bNvDee++xb98+7UyKshYnra1YH3nkEXJzcyucQLeysgKo8UR2UW3yTz/9lKtXr2pLCHz88cf07NlT2654MElyVQghKij79kGyb98/U9Oyb39H9u2D9R1Gg9CsWTOefPJJYmJidGqKFv/p1atXhfZVNNr1q6++4urVq2zfvp0TJ07w1ltvkZqaql0cISkpyeCKz2q1ukJfvsuya9cuZs6ciZ2dHZs3byYhIYHMzMwyVwCvqGvXrjFnzhweeughPD099b74mpmZAWinFBv6GTt2bKn7NzU1pV+/fpw+fZrLly9rVzJ/5plntNNZ6+Iciqo5+/1Jfjl0qr7DqDG/HDrF2e8rvhhHdahUKvz8/PDz88PHx4eXXnqpzCnn1XX9+nVOnSr9b3X16lWOHDmiLQ3QrFkzYmJi9KZllqaoLyhawKWqOnXqRK9evfjxxx/Jy8sjOjqa9PR07Sj34m2VVs/59u3b1YqhKkxNTRkxYgShoaFcvXqVN954g1mzZlVohF1NHk/Tpk15+OGHWbBgAfn5+Qb75LVr11Z4tGlNelD78itHN3Llx6/qO4wac+XHr7hydGO9tG1qaoqTk1ONjEyvDHNzc6ZPn86bb77JqVOnSE5O1r6eJ02aRFZWlsFrrajWcH27ffs28fHxtG7dusyFwB5++GHefPNNoqKiiI+Px8XFhUmTJvHtt9/WWazZ2dn8+eeftGjRQts3lic+Ph5A+7mxplhbW/Pee++xfv162rVrR6NGjejYsSMHDx7E1dVVkqsPOEmuCiFEBdy9c5aM9DX1HUaNy0hfQ476t/oOo9795z//ITExkcOHD1drVWKNRkNOTo72/x9++GGGDBmCn58fQUFB/P777zRr1gx7e3uio6P59ddf9fZx5swZzp49S6dOnar0ZffOnTscP36c/v37s337dsaNG8djjz1Gs2bNql3nKysriw8++ICoqCgWLFigVxYBoEOHDtjb27Nv374qfynu1q0b7du359SpUyQlJfHbb79pSwIA1TqHJUeVXLt2jbNnz1YpTqEr4VwchwL31HcYNe5Q4B7+d7F2F25JS0vD29ubhQsXMm/ePDw9PfWmRta0ixcvEhERwddff62XAPj7778ZOXIkoaGh2lH3HTp0AAoWOSnZT2ZnZ5Odna3zmFKp1C40UrIvUKlUetuXpnnz5jz33HOcOnWKlJQUTp8+rVMSoCg2e3t7QkND9ZJ06enpHD161OCooszMTJ1EpUaj4ezZs3o1tisrLy9Pm0A1MjLikUceYcaMGUyePJmjR4+Wm6Cu6vEY0qpVKzp27EhISEiFp8jWldp+P2yIbp4/RuyW2fUdRo2L3TKbv3+PqLX9JyYmGrwu8/LyiIuLo23bttpFQ2tSVlYW+/fvN/h5xsjICGNjY+2IyqLX8w8//FCrtTdLTo1PTEwkKiqqUvs4d+4cERERWFtb89BDDxncpvio1kaNGmFjY8P777/PoEGDKl3qpDouXbrEiRMnsLa2pnnz5uVun5GRwdGjR7G3t6ddu3Y1Gkt6ejpbtmxh0KBB9OvXD4B+/fqxe/duPD09ddZfEA8eSa4KIUS5criVtpr7s0ZpHn/fXA7klLtlbVOr1SxevBhnZ+cKF6CvKV27duW5557Dx8eHlStXaqdQ3r17l5CQEIKDgyu0n9jYWAYOHMjXX3+t/UKcnp5OUFCQ9oO/sbExw4YNo0mTJsyYMYMjR46Qm5tLbm4uR44cYcGCBdjY2DB48OAqHYtGoyEvL4+EhAQSExPJz88nKyuLL7/8kldffbXU5+Xl5ZU5zUuj0bBt2zbWrFnDm2++WepIXltbWwYPHszKlSuZP38+ycnJaDQacnNzOXv2LBs3bix31NYjjzzC888/z4kTJwgPD0epVGpLAgBVOoetWrXCwcGBw4cPc+nSJTQaDQkJCXh6erJ3794y4xHly8vJ5cCn39ZLjdLalp+XT/CqreTl1E6dvKSkJCZNmsSWLVtYvnw5Xl5epSZWa6qfzMvL4+jRo3Tu3Nlg6YHmzZvTv39/IiIitEmC//znP/Tq1YvVq1ezdetWVCoV+fn5/Pzzz8yePVunhAAU1P/s3bs3Gzdu5JNPPiEjI0N73c2aNavMVapL6tu3LyqVitDQUM6dO6dTEgDu9Tvr169n4cKFXL16FSgYfbtkyRJ27tzJ0KFDtcnIoimxJ0+e5PDhw6jValQqFVu3bmXu3LnVKqGi0WjYvn07rq6u2hqFGo2G3377jWPHjmFmZqb39w0LC0OtVnPnzh1yc3MrfTxlefjhh3F1deXXX39l8uTJOjElJycTGBjItWvXqny81VHb74cNTX6OmotfzqjTGqV1RZOXy4W1U8jPqfmRxiqVCn9/fwYPHqzz+SorK4uvvvqKzz77jB49emBjYwPU7OfJLVu2MGzYMEaOHElYWJi21mZWVhbbt29n27ZtdOzYkdatW2tfzwCTJk3i0KFD2u3T09PZsGGDwXiKRoXm5+eXedPJ2toaMzMzgoKCSE1N1fa/06dPJyKi9MT2ihUr2L9/PyqVSnttzZo1CwsLC4YNG2YwIZibm8uyZct47bXX+OOPP8jPzyc/P5+IiAjCwsJ46KGHaiWRuGHDBr788ksyMjK0xzdz5kyuXLmCq6urXvmQw4cP4+fnR2JiIhqNhqtXr+Lr68vmzZsZPHgwtra2NRpfXFwcly5d4qOPPiIkJASNRkNISAhubm61fkNUNHySXBVCiHJkZewhL69+vnjUhby8a2Rl1M5oM5VKxZQpU7S1/IqSe0WLpzg6Omo/aN6+fZvw8HCOHz/Ozz//XCvxlKZFixYsWrSIzp07M3PmTO1CBKampgwYMIAff/yxQnfoLSwssLS0ZNy4cTRr1gwjIyMsLCz4/PPPGT58uHbhp6eeeoolS5aQkJDAoEGDaNy4MY0bN2bQoEH873//Y/bs2XTs2LFKx6JQKOjTpw/R0dF07doVY2NjmjVrxhtvvEHv3r31FjsxNjbmoYceIiQkhLfeeotbtwyv7p6Wlsbu3QX1J2fPnk3jxo11Fmoo+lv+P3tnHtbUtbXxNwMkATIQFRAQUJFBQQYVRREVW+tUlSpWa9Xr1Dp1cOq9V2tvr7Z2UtveOrR1oGrpAFatWrV+ijjXGZUqKiogIINCAigJU74/8BwyJ5ATArh/z5NHSfbZe51h73POu9dei8fjYcmSJRg9ejRWr14NT09PsNls2NnZoWfPnti/f79Jry0Wi4WoqCicP38e//vf/zRCAlA09Bh6eXmhT58++PPPP9GlSxew2Wx07twZT58+xUcffdSYQ01Q4689xyEvbJ5xHZlAVlCMv/Yct0rd27dvx+7du2FnZ4dvvvlGp2+xWCwkJCQAYG6cLCgowNmzZ9G7d2+Dnj2RkZFwc3PD8ePHUVNTA29vb8ydOxfFxcWYPHky/XLdq1cvVFZWolevXhrbOzs7Y968eZBKpViyZAnEYjHd7zIyMjBw4ECz7XV3d0fv3r3x0UcfoaioSCMkAACdccfd3R0sFgvu7u5YvXo14uLiMH36dFoMYLFYiI6ORvv27fHmm2+Cz+fDwcEBc+fOxfz582mPpMbAYrHg5eWFO3fuICIiAnZ2dmCz2QgJCcGNGzcQGxtLJ6kKDQ1FYGAgli5dCj6fDxcXF1y8eLHB+2OKESNGYNmyZTh8+LCGTZ6envjkk08s9tS1BGveD5sbWYc2QvHoga3NsBoVRdnIOrSR8XoFAgGWL1+O7t27azxfUc82QqFQI/kfk8+TU6dOxcqVK3H8+HEMGDAAPB6Pbnvy5Mng8/mYP38+3bb69Txs2DC6vFQqxYIFCzQ8tCUSCSIiInDu3DkEBweDw+FgyZIlBpMidenSBYMGDcIPP/xAi7m9evVC586d8c477xjch8LCQowaNQoODg5037p37x7mzZuH0NBQvdtwOBz4+vpi//798PPzA4fDAYfDwYsvvggAGD16tNFwAo2lsrISM2bMgFgspvfv8OHDmD59Ol544QWd8i4uLti8eTM6duwINptNj5H9+vXDrFmzGI/ZXFNTg/z8fGRnZzdp3FlCy4CIqwQCgWAEleopykt/tbUZNPa87hA5vw1Jm39C4ND4lz9tykt/hUpl3hJNa+Hk5ISoqCj0798fPXv2bPL2AwMDsW/fPnzyySfw9/cHAPTu3Rs//fQTPv/8c7OWJLq6umLbtm344Ycf0Lt3bwBAWFgYvvrqK3z++ef0jDuLxcLEiRNx8uRJTJs2DVKpFFKpFNOmTUNycjJeffVVi2Itjhs3Dlu2bEFwcDCEQiHGjBmD5ORkbN68mRZ4Kezt7REbG4vg4GCUl5drhDVoLK6urkhISMCGDRvo4+Dv74+vvvoK27dvNyveWLdu3RAZGYm8vDyNkAAUDT2GAoEAH374IWbPng2pVApvb28sW7YMW7dubZDIQ9ClskKJU0lHbG2G1Tm98yiUT62XCbi4uBgPHhgXXpgaJ//66y+kpKTQYoE+OnbsiD59+uDkyZMoKCig+9y+ffswZswYCIVCul8nJSXpzfY+YMAA7Nu3j+6jVL/7448/EBMTY7a9PB4Po0aNQl5eHoKDg/UmetI37vTu3RsbNmxAfHw8XF1dNcpHRUVh3bp1dNnBgwdjz549mDNnjsXeTtHR0UhOTsa///1veHt7QygUYujQodi1axcmTJhAj01du3bFunXr0L9/fwBAREQEHXKhoftjDC6XiyVLliA5OZk+d1KpFLNmzUJKSgoiIyMt2l9LsPb9sLlQoyjD/b1fNWgb58B+CJy+FhEf/onIj09Y9On1/h/wm7gCPGdml0lrk7nvK1RXMJM8Ux3q+eqnn36iJz+8vb2xYMECeiyjYPJ5UiAQYNmyZTh37hwWLFhAT1CHhYVh5cqVOHz4MKKjo+ny+q5noVCIuLg4pKSkYNy4cXRZDoeDd999F0uXLqXHxzZt2hhc3ePi4oLPPvsMcXFx9Pj79ddfY82aNTqTW+ps27YNO3fupMeZwYMHY9euXUZXSbBYLEyYMAFnzpzBrFmz6H45ceJE7Nq1S2OfmWTVqlVITk7GyJEjAdQ/h3/22Wd6k96NGjUKZ8+exTvvvKNxj9m9ezf9LM8kfn5+6NOnD1566SVwOByNSdDw8HB8/fXXeuNHE54PWD37Dmx8cDkCgUBQ45OPVoDD5cKOy4WdnR04XC64HC44HA7YHA64XA7YbHbdzQj1NyNoeeiofwBo/L+2thZVVVUoLy9DgK8P/bs2TD2Il8m24ElZEiN1WYqD0wgIxf8Ai/0smLuqEk+fHGIsFqyjMA5CyQxG6iIQLKWmpgbLly/HhQsXsH37drRv397WJhEMcPSH/TjzW7LV6he2ESN4YA/k38tFTnomXln8Ojr3CASLBWT/fQ8HNv4GUVsJvLp1Qtrxy3j0wHorDfqOjcHgf4y0Wv0Ew1y7dg3jxo3DP//5T8yYQe5VhJbFnV//i8z9/zO7vHv0JPhN/BB2TlJG7SjP/hvX1s/CkzzrhV/yGfk2urz6H6vVTzCP06dPIyoqCj/++KPRRKLNgVu3buHVV1/F2LFjsXz5cpPlKyoqsGDBAmRmZiIhIaHJkoQVFxdj5cqV+PPPP1FQUIDi4mKdMmvWrMGCBQtaxaSQrUjPyIRQKKrTE5ogjq0di5lQLcRzlUAgEAxQU1OAJ2Xmxdq0NjrCKgCw7OHgOBQi57mMtPGkbA9qa83LAk0gWJvs7GwkJyfrDQlAaD7IC0twbu8Jq9QtbCPGmIWTMHfjv+AX0Q056ZkYNvsV+PYMBJvDBovNhndQZwx9IxY56Zlw7eiOWV8txMT/zIKHv7fpBhrBub0n8ETW9Jnnn3eouHZcLlcnJACB0NxRPHqA7D+/a9A2Lj2GMS6sAoBDe1+4RoxivF51sv/8DpWlRVZtg0BoapRKJVatWoXKykpcuHABjx8/1kgEeffuXfTv3x+3b982GNqB0Loh4iqBQCAYoFy+A80h0ZNeYZWCUYG1CuXy7QzUQyA0DirDdlFRET755BPk5+cbTLZAaB6kJByySqKn4IE9MH31Owge1AMAkHb8Mrr07IouvbqBxVZ7fGWx0CGwI3qNiMLfJ66gurIKvj0DMeGDmegzZoCB2htPTVU1UhIOMl4vQT+VlZWora3FgQMH8L///c8qCUoIBGuT8dunDU70xOHpz+BuKWyuPXhS664Eqa1S4u7OT6zaBoHQ1JSXlyMtLQ2FhYXIzc1FdXXds09tbS3y8vLw22+/4e+//0ZQUJBZocQIrQ8irhIIBIIBKpXptjYBAGBn7wcWWzfOEM0zgVUoedPitpSKa6YLEQhW4u+//0ZgYCBcXFywadMmzJkzx2CyBULzIPdWJuN1Rk8cguFzx0HUVgIAKM57hGvHLiJ4UA8IhLqCA5dnh4C+3XH7/N8ozMoHADiIHDFo8nAMnf0K4/ZlXc9gvE6CLjU1Nfjwww/B4XAwcuRIuLm5YcaMGYwnKCEQrI08o2mTdBqFxQKLZf0Jy+Kbp63eBoHQlEgkEgwePBg7d+6Ev78/nXySw+HAw8MD7733HsaOHYvXXnvN1qYSbAQRVwkEAkEP1dUPUFOdY1Mb7Oz9YM8LQWnJt1AqLgIwkpWSZQ+B40Dw+JYF7q+pzkF1devNZEto3sjlcjx+/Bj+/v749ttv8e677xpMtkCwPY9yCvE4l9mlnz2G9UXv0QNgL6gT0FS1KjxIvw/3Lh3g1snD4HbS9m3gF9ENmdczUFNdlwyEa2+HsBd7Y9Dk4Yza+Di3CI9yChmtk6CLQqFASUkJnQzmhx9+QGBgoK3NIhAaxJO823ia37wmZLgCIdr3G4/2/cZD2rW/Vdp4mp+BJ3m3rVI3gWALOBwO3n77bezatQtxcXGQSuvCdnh7e2Pq1Kk4fPgwvvnmG/p7wvOH7d9YhB7o7CIAKgpwN4/5zIIEAoHQGJRPz9i0fSoUAFgslMl2QPboE0ja/vuZeKp/XozF4oHNFlvctvLpGXBFr1pcD4HQUPr374/Hjx/b2gyCmdw6e53R+jr3CEDU+BfAd6xfTlepUOLhnQfwDvaFg9jJ4LY8BwE8A31w9/ItKMor4CipK8u1t0PPEf1Q+kiGSweZG9dvnb2OtnGDGauPoIujoyM2btyIjRs32toUAqHRFF46YGsTdHDtPRquvUfX/aFS4XHaMVz93zTUKJiNJ1146QA6uvsxWifBfPr16weVqmXkLvf390dqaqrZ5QUCAb799lsrWqQfHo+H2NhYxMbGNnnbhOaPzT1XQyfMx7y58zFv7msgC/8IBEJzQVFhO3FVPcYqi+UEoWQyBI5DIHv0iVEP1traMlRX51rcvi33nUAgtBxu/cWcuGov4KH/+BfpUAAUFWVPUZSdjzYe7cDhGl7KymKz0K6DG+6c/xtPZJqT9XxHAXqNjELbDq6M2cvkvhMIhNZLUTMUVzVgsdAmaBBC39kGDt/wBFZjaPb7TiAQCAxie8/VBtL59Q8wL0zX1Tr3xLtY87sNDCIQmjm8TuMwb1Y/CLN2I/7bE8i2tUEtgNraYlRV3rJJ2/qSV1ECKwCDHqwqVTmelO5CVaXlcWKrKm+htqYYbA5Z1kIgEPRTXlKG3NvM3VF6jYhC+86eOt+XFZci784DSN3bmaxD1FYCqXs7yAoew8VHM2FLG/d2CBvSG/+3ZS8j9ubezkZ5cSmcpCJG6iMQCK2PSlkB5Hcv2doMHeQZF/E0/y7snJwh7RYNth0f0m4DEPrONqR+PZUxD1b53UtQyvLBk7gxUh+BQCA0Z1qcuFqWV4qKMCmsk39tDBauHgDdiF4VSN+xFJuuWqVRiwiZuQpThOex6Ms9tjaF0AyhhFUPOwC+Q/FSyIlmeR03N6pslMhKU1itRaUyDRxOO3C47Y0KrCpVOcpkO/C0nLkZpqqqe+ARcZVAIBiA6URWRQ8KsH99os73ZY/lELYR46/dKWCxWUbrqFJWobykFCd//T/cOK17s6upqmHMXgAouJ9HxFUCgWAQ2d1mlMhKjfKcdNzY8g4AIGDKZ/AY+LrVBNby7L+JuEogEJ4Lmq24yg+Kw/QhPqhOT8T3B7Lo7wuTv8L3zv/GO32ZW9qlTUX6Nry/uT7mR8jMVZgy+Uss9F6Atcw4PDCGt9A6MjOh5aMhrAIoTd+N7URYNYuampImb1NbWK14kozSkvVwbvcfcLh1Hlj6BFZ7+wCUyRMYFVYBoLammNH6CARC66K8hNk4+bfPpRn9Pe34ZWSFkP4AACAASURBVLPryrvzAHl3rJ+Yr7yk1OptEAiElkulrPknvkvf/k8AsJrAqpQVWFwHgUAgtASapbjKD3oN77weAVc7AB7zschuHdb8/kxg9YrFuF7WE1b1cXVzItJXTkVA5zEAiIcoofmjK6z+hE83X4DStma1GJpaWDQorLb9APa8EI2y6gJrSdEHVrOpprppH4ZPnz6NqKgonDp1Cv369WvStgkEQsNhUljs+8ogDHhtKLg8O43va6prcHrnUcgLivHSG7GwF/CM1mOqvKpWhYsHT+PQt7sYsVtWSCahCASCYZTy5i+uAtYVWCseWX+ii0AgEJoDzU5c1RBWAQB28Iiej0VYhzVXgvH2GwPqBaOCAti5ulopRIA6qSgonooAqQtCANQ5/2mFEMg9rrE0P2TmKkzxzsT2nUDc5EDaRm2vWADAqMVYE60WjECrLoS8gY8mi3B+8RG4rpyKAAGA3Bzkeng+a38A1qweACAXxxevxl4AoxZ8iQHqVZ5ofl63BCvRbgwRVi2kpqbphEWjwio/FIDuMlgWywmOorGoqryDqsobVrGrKY8BgUBoecgKmPPwl3q46Air6ohdpeDYmX5k5XDYcJIIUZxXpPd3FpuFNmbEbjUXJo8BgUBofVQUtZxMB/oE1m4zv8a1dTMsqrclHQMCgUCwhGYmrg7AdFpYrULuhStAaAQ87OoE1o8j7SCgBKPrP+HTH87Ddfi7mNZXgCyrhkgMhasUQHFhnbAa8gY+mhyI4hMLsGhv3e+zVk7FmgXQFEUFgZgy7ia2L15Qt92oxVgTPRUfzUS9wPpMWK0XP5/VtdIF25d/j/pV3FJErByPrJ0LsIj+sq5sQLGusDvAo15orbN3MUbtffY3gUAwSlN5bTZGWAWo5FW/WU1YBZo+NMLjx4+btD0CgWAZcga9NiWu+uM711bX4KmsHA4SMzNYs1hgsdlGiwhEjg01zyAkLACBQDCG4lHLEha1BVanDl3B4TtZ5L1a2UK8dwkEAsFSjD+BNjnH8cfZXFShCrkn1mHNLz9h/Y/nUVAFALrCqgJA1oGv8OH7n2CnFRN7j1owFQGCCqQn7wEQilnjAiHIPa7mCZqKTTtvosLDF6M0tszFcXWBdO9qHM8FBN4RqFvoOwYLoz1Qkb5Nty5BIAZrVCZA8QXzkmp5CwVAbka9kHr1e7y/mAirzw1Fe7B+02nkVtX9KQp4Df+a2QvGF1MS1GkKYdESYZXp5FX6YDI0QlFREd5//334+PhAJBJh/PjxuHz5MlQqFe7du4cXX3wRo0ePBgBERUWBxWIhNDQUt27VD+xPnjzB119/jfDwcLBYLPTp0wcbN27EkydPdNpbuXIlZs+eDZlMhu+++w4BAQGIjIzE3bt3AQAqlQqXL1/G+PHjIRKJ4OPjgyVLliA/P5+xfSYQWjtNISyqVCoonlYwWifXDA9Yc3kiYzbuLIFAaF0om2nM1TbBgxD58Qm9H+fAKEClAgBwBU4QdwqzqC2lnKyEIhAIzwfNzHMVyPr9C/znTwEUirqHaUXaT/h6JxeLx4VDaqcprFoLQcBUrFk9Ve2bCqTveCZshkTAWwDk3tWKvXq1EMWTfeBaHzdAL1llFYCHCN4Aro7yhQeA3EKtMAFXzyNrXGCjY7zuvZuLAdED9Hi/Ep4XlPd2Yv0m0OEB6gRWkPAAZmLtmKvNXVgFmPPeLSkpwbx585CUlER/l5SUhPPnz2PdunXo0qULior0L+GlKCgowJtvvonff6/f73PnzuHcuXM4duwYvvnmG7i6asbiLi4uxqefforPPvsMADBixAhIpVKoVCr8/PPPmD17NsrK6oSRsrIyrF69GteuXUN8fDzc3d0Z2XcCoTXDZEIrVW2t3u9ZLBb4DswGf6quqmasLlkBiblKIBAMU9lMhUV+Gw+gjYfpggygIGEBCATCc0Iz81ytgxJW6b8vbsfqtV9i/derrC6sAnVxURctXoBFO26iAkBFeqKOx6hH9JdYs1r9MwAeEEDobbzuq4XFAKR1ImxdayjLMlD4WYzXBrN3dZ3tgkBMWf0l1qxehVmNqojQkqkTWNU9WGMxhVwHNqclCKtMcuvWLRw6dAhLly6FXC5HbW0t7t+/j1mzZiEoKAj+/v5ITU3Fjz/+CAA4deoUVCoVUlNT4e/vD6VSiS+++AK///47Fi9ejLy8PKhUKuTl5WHx4sVISkrC1q1bUVNTo9FuUlISDh06hD///BNVVVXYu3cvJBIJLl26hKVLl2LmzJm4f/8+amtrUVVVhTNnzkAul+OXX36B6pnHBoFAaBrkRTK937O5HPNDAgCASmVQqKWoKNX1dicQCAQCgUAgECyh2XmuGkJRmIW7Td3o1e+R1GsVpgS8gFFI1VhW39gEUSEuUgDFKLgKwBsAJcjqcy+lYrw2hqvf4/2rAB2XdfIqzIJ5YQUIrQd1D1Zh1iH8Sc6/WbA5UtRUP2W83pYkrLI5+mMgNpYePXpAJBIBAHx8fLBs2TKztsvIyMCBAwcwZcoULF++nK6jffv2WLp0KbKysrB//3689tpr8Paun90SCoX4/PPPMWTIEPo7lUqFQ4cOITw8HMuXL4ezszMAgMvlIjIyEtOmTcORI0cwY8YMiMVipnadQGiVODkLoXzKzHR3cW4hqpVVBpNayQuKUVNVDQ6XY7SemppalMvKwOHoL6eqVeGxgWRXjcHJWchYXQQCofVhL3ZFdcXzHT7EXuxquhCBQCC0ApqPuMqVImxsHHwbXUE1clMP4exdZmNzXd18HrmrB2DAgjHY++UeC5fshyLCWwBUlCILAPZmIDfaA1KXUABqoQEMhR7QIRUFxVMRYKLMpp0R+GhyoGERl9CqUd7bibX/3mlrM1oUHI4zaqpzGK1TU1gFqipvN1thFag7BkwQEhKCGTNmYNasWUhOTsa4cePQu3dvCATmLfW9e/cubt68iWXLltHCKoWzszMGDx6M2bNnIycnR0Nc7dSpk8bfAFBeXo7bt29j9+7d2L17t972XnrpJVRXM7dsmEBorTg5i/A4lxmh8syuYziz65jRMqlHzjeozoaWbwxOziLThQgEI8QnJEImL8Wc6ZPB51s3On58QiJu3LqDeTOnwsfLEzJ5Kdau34TIiB4Y9sJAq7bdGA4eScHZ85ewcN4sSMQts6/xJC54mp9hazNsCk/iYmsTWhSZ2TlYv3kbJsXFIjS4q8Fy2v2Zaaxdvy1pirHP3PNIaF00H3HVzhXBfS2b2aqQZuLs3SsMGUSxB0fTIzAlIAKzQvZg01VKrByAj2Zm4v3NlCg6BrNmZmLTZvX4qR6ImBmKvc++C5k5vi4x1g4qDuoerD3hizXRU7FwVOozT9hnCbMqbuKoGZ6xWWUVQEBdIq264nWeqsIL9Z61Ib18IEAuMkhGKwLBLNgMCYsU2sIqANjZd0E7961gsyVobsIqwNwxEAgE+PTTTxEVFYWvv/4a69evh7+/P5YsWYLXX38dPJ7xl0kqLqqPj4/e352czF8yXFlZicLC5plcgkBoaTgy7LXp090Xwja6HuNlj+XIu/MAncL8YWfAs5WiSlmFe1duoa2nC9p46r7QV5Q9RcbFm4zZzNQxUCiU2Lh1B+5l6sYmdJaIGywuHTySgvyCQkybNJ4R+1o6mdk5+ClpD+bOnNJiRTp1GnN+FQolZPJS+l9C02AvbtnCIovFgaNHAJSyQjzJa1z2aKaPwcEjKThwOJn++3kcI63dn1vTeNFSz3VLtft5x+biavrdAlQF+MD447J5VDGYpECdq5sTka6xtP57vH91DBau1kx8VZELhCBVzTk0F1kYr1ZGLTEWxd7VWITFWBP9JdZEU5sdx6IvzfOKpWwbsPpLDACQe/M4Mi7chLd6fahA+o7VINoqgWAeTC6Jt+MFwVE0XkNYrYMDNtuwgGnrGKtMHgMej4exY8filVdeQUFBAXbs2IH33nsPxcXFWLhwocElvEDd8n4AyMzMRL9+/XR+Ly8vN9sOLpcLoVCImTNn4uuvv4aDg0PDd4ZAIABg3mvTw88b0ROG6IQGeHAzEz+89z9EjX8B7Tsb954pznuEwsyH6P/qi/DrHaTxW211Dc7vP8mouMr0MQgPCWLkRSq/gEwiqSOTl0KhbD3pPBtzfvl8HhbMnWkFawjG4EmstCRepUJl2SNUP5WD38YTbDt+o6qprVJA8TgHXAcx7IVtAZbmZL+9xBUBUz7F4+vJuPx5XKPaYPIYxCck4n7WA6xctpgWUw8eScHa9ZsaJLC29DHS2v25NY0XLfVct1S7n3dsLq4qkr/CP5NNl2sa9mDtYn2iZio2LU81s6wmBZuXYpOpQntXY5Ex5ZOOn6oPfbYBe4mSSiA0Go4R0bPBdXHagc12Qm3NI5Q8/hQ8fhicROMBI1NKthZWAYDDYeZhmEo0xeFwwGKx4ObmhoULF6KkpARHjx7F9OnT0aZNG4Pbd+7cGYGBgTh+/DjGjBkDR0dH+jeqjr59+8LT0/SSJScnJwQGBmL79u24ceMGevbsafkOEgjPKU4SZj1XL/xxCl16dUWHrh01vhdKRXDv0gHFeUUmxdXSRzIU5xVB4qo7pjzOK8KVw+cYtVniwuwqBwKB0LqwxGuzsvQRoFLpCJ6q2hrkn0lC2nfzAABtug9GtxlfgSd1b1D9yuI8/L3lXTy+dhQAEPTmerj1jQOLrTvhre87cxG07dDobdXJzM7BjVt3MCkuVkNEHfbCwGYZ1oJAIDx/2FxcJRAIhOYG174zc3Vx3cFi2aOmthBVyjTw+GFGyzcHYRUAuHaWPwyrVCr8/PPP+PXXX/HBBx8gLCwMHA4Hf//9N5KTk9GhQwdwuZq3oRMnTqBnz55QqVTgcrnw9fXF8OHDsWbNGojFYixcuBDt27fHw4cPsXbtWiQlJWHVqlVmiascDgejRo3C9u3bMXPmTHz66aeIiYmBvb09SkpKsGvXLkRFRcHf39/ifScQWjtunTwYra+yQomTif+HkfPHQ9RWQn/vIHKEi3d7PM4tQk11jcGkVqpaFYoe5KNLRDc4agm/iicVuLD/FB49KGDU5raeTZuoJT4hEQAwqH9frN+8DQpFnTfmjMkTEBrclY4jVyKTAwAuX03TWTIbn5CIy1fTAOgup6WWIarXT9UNAKnXb2DLjl8wfEiMhphBhTWQiEW05y1VlkLbKzf1+g0kJO3WiOenrx5TNlFQ8e2oY9LJxwtzpk/Gz7/9Tu/v8o9Xaxwv7eOh/Zup9rWPtynPY+3wD+EhQXrLGarX1PnVPub6zq+pGKbabZhacq19/LSPgalr1lBdnXy8WkWcR5F3cKO3vbdnDRw9/CHs0E1DYK0oysK939fSfz++dhT5f+2G10tvgsUx79VeVVON/L9208IqANz7fS3EXSLg4NpJt3xtTaP3w9Hdr9Hb6uNhQaHJGJaN7UPq6IuHrC+OJnWNh3UP0uh/+q5xQ/YZskE9BAI1plG2aPfnzOwcbNnxCybFxeLgkWP0OKNvu/TbGRj2wiBs+fEXuk9qj+uG6p8xeQKOnTyj0Ve1Y0Zrh26g0DdGGqqXKmvsGOg7luaca3XUx01950F73ObzeXrj0KrXw+fzMGJIjM7+ax8X7WOub3+0r1Fz7SHYBiKuEggEghY8fgjqPEurLK6Lw20HwA411fkAgNqaYlRVZoLF4oLNkYLNro8x2FyEVRbLATx+KAP1sODl5YU7d+4gIiJC4zehUIi3336bTlIVGhqKwMBALF26FEuXLoVQKMThw4fRp08fLFmyBBkZGVi9ejVWr16tUU9cXBymT59uNLSAOj169MCqVaswe/ZsDBs2TMemLVu2EHGVQDADn5Au4HA5qKlu/Eu3NncvpeNU4hHETB0BvmNd0js7nj3c/bxw41Qqwl7srTcuKwAon1Yg52Ym3Lt0AN+pPmFedWUVLv5xGpcOnmHMTgDgOfDRMaQLo3Waw+WraZDJS7Fy6WLw+TzEJyRi176D8PHyhEQswtKF83UESkBTuPzm8xUA9C+nvZeZDYVCSdevTmhwV4SHBCH9dgYGRUXSv+cXFqG4RIbYkUMB1L9kUuIC1faXGzY3KnGTMZuAupfRrT/+ipjofvSLanxCIo6dOotpk8bDzdVFr6iovcSYEk4eFhRqvPDqa19bZKH2MT4hUa/ASv0OAF+sWAY+n0cfp04+XnQ5U/UaOr+p129g176D9L5Q2+3ef8jsUBMKhRLxCYno6N0BK5YuAlB3jRiqgxKVqOuJsj31+g0NUcnUNWvsXAj4jVvu3lyQdu0PFtcequrKBm/7JO8WLqwcgTbBg+DkEQCfEfPB4TtBVV2Fp/l3NcrWVD4FVLUAANntc8hJ/kFvnZ4x/4DErzegqq3bRo2n+Xehqq577q1RlCPzj3WoKMqCqrYGZVlp+qozCVcghLRbtOmCZuDm0g7ubq60OGXIW7WxfcgSKEFQfWxVHwPVMbefURNZ33y+gt6nY6fOGvXSVSiV2PLjLzpJ6zZu3aEx9t7LzMbBI8foPqkuDJqqf8267zFj8gRMmzRer10Hj6Qg+cRpLJr/Bny8PHXuB+bUS21z+WoafQyofVFvq7Hnmooje+BwMsJDgjTqVz8PhsZtylbtiUftex4lXFNl1I+LTF6KDZu3I9DPV0MYNec+bsoegu1g29oAAoFAaH7YwZ7fnZGaOFxXALWorZUBAJ6W/4HHBW/hUf4cVFfdo8s1F2EVAOz5IWBq7i06OhrJycn497//DW9vbwiFQgwdOhS7du3ChAkTwHrmjdG1a1esW7cO/fv3BwBERERApVIBAFxdXZGQkIANGzagd+/eAIDevXtjw4YNiI+Ph6ur+d5jLBYLEydOxMmTJzFt2jRIpVIIhULExcUhJSUF48aNY2S/CYTWDofLgXewL+P1Xjp4BqcTj0D5RAEAYLFZ8PDzRt6dB8i/l2twu+KHj3H7/N/oENiR9m6trqzClf87h2M7DjBup3ewL9gGvGgby+WraXjrvQ/oz5IPPkZmdo5GGW3PnUH9+6JCodApp82xU2dRIpPTAigADIqKhLNErLEti8XCxHGjDQqgYd2DkJdfgPzCIvq7m7czIHWWwM2lHWTyUuzadxDDh8TQL3p8Pg+xI4ciL78A6Xfu6q3XGKZskslLoVKpEOhXfz1OmzTeqEiQev0Gbty6g+mvv0oLfD5enoiJ7oez5y9pJHHRbl+hUGL3/kPo6t9FZx8f5hfqTQBz7NRZ5OUXIHbkULoeSqymaEy9FKHBXbFi6SJ6X/h8Hgb174v7WQ/MTkijUCpRIpMjrHu9TcNeGGhQgJo2abzGbz5enujq3wVXrmkKcaau2dTrN3D5ahpeeXmYzrlo6bC49pAGRjV6+xpFOQov7IMs4wKqFXUx5nkSV7hFjtUoJ/IJAYtrDwB4WnAPD08n6v08LbhH2yXyCdGowy1yLB0ftVpRDlnGBTw8nYj8s781OpmVc2AUWBwmMqvUXdNzpk9GJx8vHDicjLfe+4AW+Cks6UOW0MnHCxPHjqb/HhQViU4+Xjp9ATC/n82YPIEew6i+lX47Q0Ow08ekuFharJOIRXjl5WE6Y7azRIxpk8brjEXm1K8u4mnbpVAokX47A139u9A2BHTpbPBYGKvXWSJGeEgQfQwkYhE6enfQaMvScz18SAx93CViESIjemiMmdR9U9+xOnbyDJ3wa9e+gwgPCdKxQ/2e9bCgEO5urnBzaUe3t3TR/AZ5nJpjD8G2EM9VK3F181IssrURBAKh0fAFfVGpuGRRHSyWAGxOWwBsCBwGo6ZGjnL5D2CxBODxw8Fi1cUPbU7CKgDw+MzGInV3d8eqVauwatUqg2VYLBZiYmIQE6O7jAYAHB0dMWfOHMyZM8dke8uXL8fy5cuNthUSEoKtW7eaNp5AIBgkIDIY96407qXbGGd2HUNZcSlipo6AqK0EUve26D6oJ64fuwTPAB8IhJrJ6KqVVUg/cw0dQ/zg4t0eAPBEVo4zvx3FX3uOM24fAPj2CGC8TqYSWmlDvfB29O6g4bnJ5/MgEYvMWmZL4ePlCQGfj5u3M+Dj5UnXHeDnCz6fh/Q7d1Eik6O9q2asScrr7Mq1NMa9a9xc2kHqLGmQ986Va2kQ8Pk6y3AD/XyRfOI0MrNzDNaTX1iEvPwCDOrfV+N7qi6ZvFSn3nytF+vG1mtse6qM+pJSPp+n1x59UOKFvtAPxtAOR9DJxwsKhdJsD+WHBYVwlohb7bJWlx7D8fi6ZQlGitNSUFFwHzyJG7iOEvhN/C8cXDtBUZwH114j0Sa47tmpRlEO+d3LBuuR370M114vg8N3QpvgGIQt+hkFF/aDL3WHZ8xUcB3rQrJUFNxHcVqKRTYDQNvugy2uQx31REtUGAnKu3HYCwMZ6UNM2SkRi+qS6Wn1hcb2s8aivu/GcHN1wf2sB1Aoze+7DcHN1fz4w3weD84S/atUKKx9rql7m7NEDD5P83iEdQ9CQtJuWrCuUCg0xHJ9UPeWVWvXNSj5WkPtaa3jaEuBiKsEAoGgB56gJ1BiWR12vACwnwmoYNnDSTQejsLRYLF4oBYONDdhFXi27wQCgWCCzuHMC4wU11MuIfN6BgZPHQn/PkEIGhCOnz78Hr4XAhA8sAdY7GeLr1QqPLh5Hxf+OIWX33oVPAce0s9cw5ldx5B7K8tq9llz360FJURoYyj2pz4o7x4qNAAVEkDda5QSFvRBiQ1MQgku8QmJtMhnjlCt7yWVwhzBWV1QVEdbxKC8myRikVmihbF6DYkF6qIqJTBTcW0bAhVG4cDhZBw4nKw3xiEFJao6S8T0cn4qTmVDyH8mrho6Fy2dNgwJjPf2foluM7zBk7qD59wencf+S+N3VW0NCi/uR85RwxPHOUe3QuLboy5xFYeLtqFD0DZ0iEYZZXEe7u39khGbmdp3fUybNB4Tx47Gxq07kHzitMYY1Jg+xDTGxMqG9DNLkYhFEPD5Jse09q4uqFAozJ6M0QflMZ+QtBuZ2Tnw8fJE+p27tNe+NbD2uTY0blPjuno5Y/h4eWLZorewdv0mvfG/mbaHYBuIuEogEAh64HBcweF6oqba+FJLY7BZTmCx1JdDscFi8aBSPUVN9SNUVz+A8ulfqHh61GAdTQ2H6wkOp2mTtBAIhJaJxFWKNh7t8Di3yHThRlD2WI49axMgbCNG8MAe8AzwwcFvd0Hg5IDOPQLBYgHZf9/Doe93o0PXjih++Aib3l3LeOIqbdp4tIPEVWrVNqwBU56xgX6+OHPuIvILizRCAlAYe8kzV2BsDNQydXVPSmP7WyKTG/TS0va81UdDX4z1ebE1tF5DwvTu/YcAgBY5LYHKvk7FM9SO1whAYyksE9eUsXPR0hG084KDmy+e5mdYVM/ja0dx59cV6PzKPyFw8dFIclVbpUDBhX24ue2fJuu5ue2fAJsD114vg22nFtNWpUJFYSbu7vpMI9FVY3Fw84WgnZfpghZALb9ev3mbhijYmD7ENKYmDQz1M6aRyUtRoVCYHNMeFhTq9eZvKNTqhjXrvgdg/YRL1j7XhsZtbe9kc4RNiVhEx9mlJgOZuo8Ym9QkNB1EXCUQCAQD8AQ98bSs8eKqouIkOKUusOcFoaa6AJXK61AqLkOlqmDQSmbhCyJtbQKBQGhBdO4RaDVxlaLssRxnfqtfVvvLyi06ZR49KMDdS+lWtYPCv0/jM4BbG30vWHw+DwF+vnQsUUtfwKhl+DdvZyC/oJAOCQDUx8rT9pIytITTGlAx6KiXUH2iQlj3INy4dUfneNy8nQEBn29UCGhoiAP1429MQDSnXmMv0NphHyxFPQatIbtNLYU1B0PnojXRNmQwsi0UVwHg4ZkkFF4+iPb94iDx7QUW1x6V8gI8PL0TpfevmFVHjaIcaRtnI/vQd2jfbxzsxa5QVVc+i7GahJpnsV0txaXncEbqaQiW9iGmkMlLcT/rATp6dzA5YaDdz5jm5u26687YPhtbct5Qdu8/pJGsy1pY+1wbG7evXEujw7xIxCK99zxTxI4civtZD/RuZ+o+bswegm0hCa0IBALBAI7CWACWBeJ/UvYbSh79F6Wyb6GoON2shVXADg7CkbY2gkAgtCB6j4oGx+75mavn2HHRc3jzTrRDLUdV96ShklfFJyRqePOknDrbYO8eaunnmXMXcS8zW2M5LpVA5cDhZKRevwGgPsmMu5srArp0BlDv3XTs5Bm6THxCIopLZA3e39TrN/Dlhs30flDCBiX6SsQinaRfocFd0dW/C7b++Ct9nDKzc5B84jQiI3oYfSGnvOVu3LqDg0fq41LK5KX464L+eJeBfr6oUChoD1PKbvUwDebWq+/8an+nHQfVHDKzc7BqzTq6DkOxeoH6mIjqSWqoGJgNhboWdu8/RJ9D6ly0Frxemg22HTNeuTWKcuQcjUfad3Nxff1M3PpxmdnCqjql96/g1o/LcH39TKR9Nxc5R+MZE1bZdjx0GDydkboo4hMS8dZ7H2j0De2xxZI+pE1Y9yDcy8ymk/BlZucgIWmP3rLq5YB6T3J9S+Eb0s8ag3piI6ofxUT305gwKpHJcVbteOhLuNfcYfJcG0LffZMatwf170vfXzp6d6BjdQP116X6vTU+IVHDzszsHFQoFBr3T3XMvY9r20OwLc/P0zCBQCA0EA7HFQ7CEXhapv9hqrXhIBxBQgIQCIQGIXGVosewvji/94StTWkSegzrC7GLs1Xq1hcTtTFLKgdFRSL9doZOXDcqLumSDz6my7Z3dUGAny/c+A3zePHx8gSLxYKzRKzjLRMa3BUzJk/QEPe0l49TIuyWHb/g8tU0ej8psbWhSMQijf1SzzJNeYZpx2OdNmk84hMS6eMEmL/UXz1+3oHD9V7VfSN6IDS4m85Lrnr5t977gLZj+JAYpN/OaFC9+s6v9nfhIUFYNP8NowIrJQocOJyM9q4u4PN421Ve+gAAIABJREFUCPT31Tge2lnQKdSXY1P7M2PyBLi5umjsjzlIxCIsXTgfG7fuoM9hJx8vjH15GA7837EG1dVcEbTzgmfMP5D953e2NqVJ8Iz5B/htOzBWn0KhROzIoQjrHoQtO37R6BvaY0tj+5B2v6c84Kk+1MnHCzMmv4oNm7fr2NfJxwtnz1+iyzpLxAaTFikUSrP7WWPw8fLE8lWrafFNX9IsZ4kYMpmc7rtMLt2PHTlUY5yjsEZ4gMaea3Nt4PN5mDN9ssbYxOfzsGj+Gxp1TJs0HgePpGiEQpgUF0snFpTJSxHWPQi79h3UsNOYLYauUXPsIdgOVs++A1W2NoJAILQOPvloBThcLuy4XNjZ2YHD5YLL4YLD4YDN4YDL5YDNZoPD4YAFFlisug9Y9f/X/gDQ+H9tbS2qqqpQXl6GAF8f+ndt9H3XGGprZSjKmw6V6ikj9TVXWCwHtHOPB5ttPDsngUAgaPNEVo71b66C8qnC1qZYFXsBD29tWgYHsZOtTbE5CoUSG7fuQICfr9WzXRMIrYHK0iKcXtwL1RVltjbFqnD4QkStuQh7UVtbm9IkUEncrJWQylyo2K2T4mKNThAdPJKCs+cvNSpjvSmo+8Kg/n11bGgux4nQMkjPyIRQKKrTEzgcq7dnx6pmpB4SFoBAIBCMwGZLnoUHaN04iV4lwiqBQGgUjhIn9B4dbWszrE5U3AtEWH1GfmERiktkBpc0EggETexF7eA1dI6tzbA6HUe9+9wIqwRNqPtCa42dTCCYgoirBAKBYAJH0Viw2RJbm2E12GwxHEWv2NoMAoHQgukzZiAcJa1XeHQQO6HPmAG2NqNZQMWT6+TjRZYiEggNwHvYXNiLWm/SGXtRW3g/BwIyQT8SsQgsFksnvMvBIykkLijhuYDEXCUQCAQTsFgOELdZjJKi5QBaWyQVFiRt/gVLE3cRCITnG54DH6PffQ0//XcToGpl4ySLhVcWv/5cJe7SB7Xk815mtk6cQwKBYBquQIigN9fj8upXW+U4GTznO8YSdxFaHhKxCAvnzdKJueosEWPlssXEo5XQ6iExVwkEAmO0xpir6jwp/RVl8njG67UlQsmbz0XYAwKB0DScTjqK5O1/2NoMRhkyczR6jyZeqwQCgRnu7/sKGYkrbW0Go/hP+ui5CHtAIBCsD4m5SiAQCK0cR9GrEDgOs7UZjOHgNJwIqwQCgVH6xQ1G+Et9bG0GY4QPjSTCKoFAYJSOL78Lj0FTbG0GY3gOmkqEVQKB8NxDxFUCgUBoAGLpfNjxutnaDIuxsw+EyHmerc0gEAitkGFzxqFD1462NsNiPAO8MWz2WFubQSAQWiGBU7+AxK+3rc2wGLFvTwRM/dzWZhAIBILNIeIqgUAgNAgOnNt+ADan5WZCZXPaQtruvwCsv8yCQCA8f7A5bIxfNh2iti03EaCwjRgTls8Em0MelQkEAvOwOFyEvrsDPKm7rU1pNDxnd4Qt+hkszvMdj5pAIBAAIq4SCARCg2GzxXXiJMve1qY0GBbLAdJ2K8Fik6DyBALBejiIHPHq8hng2re8ZHn2Ah5e+/ANCESOtjaFQCC0YuyEbRC28Cew7fi2NqXBcPhChC/5FXZOUlubQiAQCM0CIq4SCARCI+DadYarewLseWG2NsVs7HkhcHHfBq5dy1+uSyAQmj9unTzw7g//QceQLrY2xWx8uvvi7S3L4eLT3tamEAitHoVCiS83bMYHq9ZAJi+1tTk2QegdjOj/pUHareXEdpZ27Y/+X16BU4eutjYFB4+kNPj60d4mMzsHSz74GPEJidYys0mRyUvxwao1OHgkxdamEAjPFURcJRAIhEbCYgshdfkYDk4jbG2KSQSOQyF1+QQsttDWphAIhOcIgdABk1bMRo9hfW1tiknChvTG6yvnQCB0sLUpVuHgkRSriAcyeSlWrVmHzOwcxutu6ZBjYxyFUokSmRwVCsVzK64CgJ2TM3r8cyc8Y/5ha1NM4jHwdfT41y7YOTnb2hTGkMlLoVAo6X8Jjcda9xlrQMZnAtOQACkEAoFgEWyInN8C164TSks2Aqi2tUFacCGWzofAcaitDTGKTF6Ktes3ITKiB4a9MNDW5jQJLWmfU6/fwJYdv2D4kBjaVsr+EpkcfD4P82ZOhY+Xp8m6MrNzsH7zNkyKi0VosPleL43drjkQn5CIy1fTAEDjGD4vsNgsDJ87Dq4d3XHo+92ora6xtUkasLkcDJ8zDmFDWn5yGWPkFxRapV6ZvBQVCoVV6m7pkGNjHIlYhBVLF9najOYBi43AaWsg9A5G+vZ/QVVTZWuLNGBx7BD4j9XwGPi6rU1hnNDgrvjm8xW2NqNVYK37jDUg4zOBaYi4SiAQCAzg4DQCPH4ISku+hVJx0dbmAAB4/J4QOc8Gh2ta8GoK1AUmAHCWiLFw3ixIxCT+a3MiPiERbq4uGgLgw2cPy+oPzbv3HwIArFy2mPFzqM+Glkrq9Ru4fDUNMyZPaHGiMNP0GNYXPsG++HPTHty9nG5rcwAAncMD8NKsMWjj6WJrUwgEAgGeMf+ANLAf0n9cisfXkm1tDgCgTfcYBLy+Cg7tW06IFwKBQGhqiLhKIBAIDMHhesK53UdQKi6itORb1FTbZpkJh+sJkfNs8Pg9bdK+NpSHo7NEjC9WLAOfzwNQJ6DFJyRizvTJNraQQEEti3Nz1RSahr0wUEPopMp19O7AuLBqyIaWysOCQjhLxGZ59T4PtPF0wWv/fQN3L6fjz0178DjHNl4ubTxd8NKsMegcHmCT9tWhxshXXh6GK9fS6Eko7QmozOwc/JS0B9Mnv4qfd/6Oe5nZCA8JwrRJ46FQKLFx6w7cy8wGAA1vcnUvcwC4fDVNp271yS99E1/adVBlzl64jAOH6wSgNeu+B6Drna3P8x0AbbNELMK0SeN17ACgMymRev0GEpJ2a3jKG6rHzdUF7V1dsGXHL0a96w8eSaH3Qd1+Q97y8QmJkMlLMWf6ZPD5vEYfG+q4UFDnUt918bCgkK6rk48X5kyfjPQ7d+ntzTln2vUbOkYAsH7zNnp5NNUede82dv4MnSNDx1jf8czMzsGWHb9gxuQJOHbyDH096LND+3rRV39LxKF9F4QvScLja8lI/3Epnj68YzM7Al5fhTbdY2zSvj7Uz3knHy+D91ZTY5o66iuJBkVFYuPWHQCgc70dPJKC5BOnDY6t5vYxfTabGvsOHklBfkEhBvXvS/dPqgw1VlF9duyoYXr3U7uc9mqkDZu347W4MXS/o/pcfmGRyTHB1H3G2D3KGGR8btz4TLANRFwlEAgEhuHxe6Jd++/wtHw/yuQ/QlVb1iTtsthCCEWT4CB8GQCnSdo0h937D8FZIta5+as/RCiUJMYVgfA80Tk8ALPXvYeLB07j+E9/QlH+tEna5Ts5IHriEPQaEQU2p3mlHqAEJXWxdO36TRovZRUKBbbs+BWT4sboiIsA6Ams1Os3sGbd9/TL99KF8/UKYeoCGbUs9uCRFI12qZfYrv5d6CXcB4+kYPf+Q5g2aTzau7roiGnqhAZ3RXhIENJvZ2BQVCR9H8gvLEJxiQyxI+vC1sQnJOJ+1gPaG55q92FBYaOEsjPnLqKrfxejy33jExJx49YdLJr/Bi2WbNi8HYF+vma1oVAoEZ+QiI7eHRp0bKgXd+r8UOfhyw2bde6VlDD9zecr6GOy5IOPER4ShG8+X0FvS7UJ6IZRocrEJyRqnH/tY0S98MdE99MQP4+dOttosTL1+g0knzit9xgbElYUSiV9/U6bNJ7eH3U7tK8XbeGrNdCmewz6fnIKD45uxd1dn6H6iaxJ2uU6StA5dgk6vDATLE7zkQsMjRECPp8uY86YZgw+n4dB/fsiIWk38guLNMbZ9NsZ6OrfBT5eno3uYw3ZL+2x715mNhQKJVYuXUyPEVRZ7T5LiXYU2pMeVF8HQG+nUCqRkLQHI4bE0Psgk5di64+/mhwTJGKRyfsMYPgeZei4kPHZuuMzgVmaz2hJIBAIrQoOHJxGQ+AQg/Ky36B4koKamnzrtMRxA99xIJyEY5tdwqrM7BzcuHUHk+JizZ5VVZ8t1jfba+7st6lZZ8C0p4CxWX59aNenr01T2xnysDBWRvuYaNtqjocRUD8bfi8zGwcOJ+t4LUyKi4WPl6eOd8LwITG0t4c5XkyGUD/e2jaoo+7JYI4HhT6PAAAaHiDUdSQRizS21ffgb65HjHq55R+v1rDVnGvPkJdia4HNYSPi5f4IHtgDf+1OQdqJy5AVFFulLYmrFEHR4egTO7DZJqwaPiSGvgb4fB5iRw7F+s3bkJmdQ3+vUCoxdtRwjb507NRZlMjkWDhvFt0PKEHz2MkzCOjS2WCb1Lbq19WgqEik385AZnYOArp0xu79h+Du5oqJY0fTZRr6IhfWPUhHrLh5OwNSZwncXNoh9foN3Lh1h+6DAODj5YmY6H44e/4SInuFN9hLXuosoYVbfaiH7KBskohFWLpoPgCYleSESsg0qH99wjZTx0YmL8WufQcNnu/0O3c1xgL1sdzNpR3c3VwBgD4ffD4PAX6+OHv+EmTyUvB5POzefwhd/bvo1P9T0h7I5KX0sdQ+RjJ5KVQqlYZ4YemY87CgEO5urnBzaQdA8xgbQ31M9PHyRFf/LrRAr1AqcT/rASIjetD7EtkrHGfPX8LN2xmtRlwFABaHC68hb6B93zhkHVyP/LO7UFGUZZW2BO284Rb5CryHzWt2CavU+6u+MYLC1JhmTniegC6d4e7mqnEtqfd1hULZ6D6mb7/MHftYLBYmjhtNj/OUHe5urhgUFUnXGTtyKO5nPaD/psacmOh+GmPdKy8Pw7GTZzS2DQ8J0jhGTIwJ5tyjtN8RyPjcNOMzgVmIuEogEAhWhMUWQij+B4Tif6C6KgOKp6eheHoK1dUPTG9sBC63A/gOUeA79APXzrwZXFtw83YGAJj9UnzgcDI920sJZOqzvebOfpsz63zwSIqOp8BPSXvg4+UJiVhk1iy/OpRgR80wU0Jh6vUbRh/mDxxONuqtZsoLg8/jYePWHQjw88WCuTPp/U9I2m3UM0gbHy9PLFv0lskkW4a8E5jIsGuODfq8BNRn7c31CLh8NQ0yeSlWLl0MANi4dQfWrPteQyw9eCQFu/YdpK+JhnrETJs0Hm6uLjh7/pLOEmxzvFT0eSm2RgRCBwyaMhyDpgxH/t1cpJ+9hpunr+KRhSED2nq6ILBfCAIiu8OtswdD1jYdErEIAj4fDwsKDY4hlDeVs0QMPk/z5VRd0KSELX3baof34PN5kIhFeFhQCIlYhLz8AsRE97No2aGPlycEfD4tVlBtB/j5gs/n4cq1NAj4fJ0+FOjni+QTp80WRRrClWtpFofskIhF6OjdQW/YA0NkZuegRCZHe63QJ9SL+ZVraQb3lTo3MnmpwfrzC4uQl1+gIShQtgLQeHnXxs2lHaTOEpMeZQ2BOoer1q5rkjjr2se1tWDn5AzfuPfhG/c+yjKvoeDifhRe2IcnebctqtfR3Q8uvV6Ga8+REPp0Z8ha5jEnxI45Y5o51zQliKl721Nino+Xp0V9TBtLxj5KPIyM6GF0fM7MzkGFQqHj8SkRi1BRoTC6eszSMcHce5T2eSXjsy7WGJ8JzNK8xVW+C7w9RHDxDoM3snAlqwBluVkoJEndCARCC4Rr5wsnsS+cxFNRXf0Ayoq/UFNdhNpaOWprSuv+rS1FbU2dxxybIwabLQKbLQabU/cvh9sOPEEfcLkdbLw35qPvodEQ6g8/ErEIkRE96NleiVhk1uy3Qqk0a9Y5v6BQ4wHcx8uTnhE3Z5Zf+0FWe/aY8rQx9iBG7bMxbzVzvDAoUZVCn9dFa8GYNxMAsz0CtD1eA/x8kZdfgOmvv0qX0X65YcIjpiFeKvq8FFs7bp094NbZAwNfH4ZHOYW4ff5vlBaW4GnpEzwtLX/2b90HABxEjmofJziIHCFycYZfRDe0beFJqvg8HpwlYrOyL0vEIr0v13QMYz3iKsXlq2l641aGhwTRL+OWClbUeE71VSokgPrLvr6XbwpzRZGGYqxNc6EmUQ4cTtbwtjcmdlAv4fqQyUsZmaxSX7mhXb8xuxbMnYn4hER6e0s95tUnzZZ/vBqA/hUBDUH9+YAaM89euEy319oR+nSH0Kc7fMctxZO82yi68icUj3NQVfYYlWXF9f+WPwYA2Dm1gb1QCjth/b/8Np5oF/YSHN39bLw35pH/TFw1p78aG9PMJdDPF2fOXaSFvyvX0uhnRqoPNaaP6aOxYx+V7d6c8VmhUNKxRdWh4pIaGo+YGhNM3aP0QcZnXbuYHp8JzNIsxVVhaCwmD4mAr6tA7dt+oPT9ioIMnD+8Db+nNk0cQwKBQGAaLrcDuMKWI5A2B8yd/ZbJS82adQ7rHoQtO37RCHxPYc4sv6EHM+1wBJ18vOhl5+ag7q0W0KVzg7wwtAP/W9tDqLlhiUeAqZcTpjxibOGh11Jp6+nS4gVSS6C8kgLMiC9HvfBpjzPGXhIpjL2cUd5aTIib6mKFekgAihKZ3ODYai1vRGNtNgQq6R/lhb5x6w6jyRqNCQqUCGFpLHJLBMxpk8Zj2qTxGvczS17gJWIRHfOQEgYsFVipMZMSbE0lLWqtOLr7tRiB1FLM7a9MCE6Ul+DN2xmQiEW4n/UAr7ysmSiKKe9BS8c+c8ZnUwmkTAnClo4JjblHkfFZP0yPzwTmaGbiqjei58zAGF/jN0WBqy8GTF6JsMjdiN94HNaJOkMgEAgEJqhQKBq0RMoU5sx+mzPrHBrcFYvmv0EHn9d+8GzoLD/1kOMsEdPLvamspQ1Bn7eaKS8MSlTt5OOFL1YsAwA6fMLzCFPeJPpgwiPGFh56hJaHoeWJ6qjHc9N+Cb1yLY2OdalvTNSOBadvzKQmpbSTUakjEYvM8i5SFyvyCwrpkABA3QTZjVt3dOy4eTsDAj7fKt6IYd2DcPlqGqMTGupe6AqlUu+x8fHyhLNErNPXDU0ONRRzlq+aC7UyxJAw0hioeJCWjHVUrEn1xC6E1o2hMUIdc8Y0c1EPDeCstsoEYLaPWTL2UXaYWt2gHZbFEoyNCabuM8buUdqQ8dk01hifCZbRjNKkemP0wvl6hdWqqqq6j9b3It9YzF0YC++mMZBAaJHwOo3Dwk++xH9mR8PL1sYQnjsoz08mRC0KQ0ty1B/qzJl1Buoeor5YsQxfrFgGdzdXejk+Vd+i+W/gm89XaHy+WLFM5+GUCiMQHhKEFUsXWfRAT3mruakJKlQcWu0PlUU5+cRpDB8SgwVzZ5KHK9R5BOg7Xkw8oBs7F+ZCeWPoo7XGCySYhhIEAM0xxdR1OygqEs4SMeITEumxkUoGMqh/X3pMcHN1wf2sBxpjo75tASDl1Fn6ZW1Q/764l5mNY6fO0r+nXr+B1Os3ANSNqSwWi46xbQiqrjPnLuJeZrbGyoDQ4K7o6t8FW3/8lbaPGtvUkxZRIsGxk2cA1GeDLi5peBb1gC6d0cnHC7v2HaTbpEQ7hUJJvwQfO3mGPjbxCYnIy68XMjKzc7BqzTqN7dU93PUdGyrEzIHDyfQxVE9MYywBmTlQoVBu3LqDg0dS6O9l8lL89WzpvCFSr9/Alxs20/srk5fiftYDDSFcvZ0AP1/cuHWHvm+mXr+B3/Ye0BAs4hMSNewwtDKEQDAG1fep/gnUjxHqmBrTGkKgny+KS2T443CyxqoVS/qYNuaOffqg+uDlq2n0WALUhUeiknIC+sccqp3023eN2teQMQEw/z6j7x6lDhmfdWnouSA0Pc3Ec1WAXrNmYICHndp3VShOP4SfdxzFXTrGqhD+MVMxcYQvqGHGzmMAps3KxaebzqP5hWIdg4WrB0Cavg3vb061tTGE5xBep3GYN6sfPOwA+A7FSyEnsOmqra0iPE+oP/zoywbaEMyd/ZaIRQ2edVaPdSqTlzZ6lj+su/nei4ZQ91Yz1wuDz+Mx8qJKec3aEktsYNIjQMcuhjxibOGhR2gZBPr5Yu36TfRLsblLW/l8HuZMn4yNW3dgyQcf098tmv+GxvVExQfWjntJxXCjtgXqRP4AP1+48dtpePlTYUecJWKEde+GgC6d6ZfRLTt+MRnTzsfLEywWC84SsY630rRJ4xGfkEjbp24jhXpbl6+m0SsOKLG1IajHr1Nvs6t/F2Rm5yDArzN9X6COzYzJE+DmWoj0Zy/jCoUSgf6+Gtt38vGiM0UbOjahwV0xY/IEDS97JmPnqcc5VQ8V0zeiB0KDuxm9F0vEIo1rITwkyKB3KHVNUas8wkOCNPZLJi9FWPcg7Np3UMMO9QzgjUH9nq1eL/D8hgdo7agn06Suz04+Xhj78jAc+L9jdDn1fm1oTKNCSsQnJBpdHk5529/LzNZ5vrOkj2ljzthniGEvDER7VxeNsWRS3BgdBwP1cZwqy+fz0DeiBwL8jAuGjRkTtO8z5tyj1CHjs34aci4ITQ+rZ9+BKlsbAf8peP+NcEjpL6qQe2Id1vyuf8E/v+eb+NfEQNTfMotx5fsV2HHLUkOMiaGNEUqJuEqwHRrCKoDS9J/w6eYLsDwEt2E++WgFOFwu7Lhc2NnZgcPlgsvhgsPhgM3hgMvlgM1mg8PhgAUWWKy6D1j1/9f+AND4f21tLaqqqlBeXoYAXx/6d230fUewDTJ5Kdau3wRniVjjhTs+IVEjsY++DPEHj6RoZFqnsrUDoOuiluOrP4hqf6e9HVC3bH5Q/770Ntpt6as3MzsHCoVS50FUPYs89fAVn5CIy1fTDAoN1HGpUCjocATUdx29O9D16NtnoM4Lo0/PcCiUSo1jR5W/l5mt8TB48EgKkk+cptuiPIwAzRddKpSBeltUnKpJcbEax1N9f81tQ7sufZhjg6GyVDn15aIyeSnSb2egT69wg/WnXr+BhKTdGqEhDO23oXOh74FY+7qi2r+f9YD+Tp/N5hwnQuuA6vfa419rhOpDAX6+rX5fCdZDJi/Fhs3b8VrcGA1xxtC9iUAgEAgth/SMTAiFojo9gcOxent2rGpG6mkWnqsxLwWrCasAqnJxJblOWOUHxeGN0eFwRQGu/P4ddqZVQHHxO5zo+wVGelOerlIEvTQYuHW0qU0nEJolthBWCQRDUIkstL0InCViLFv0lkbmVVOY66FlatY5v7AIkb3CkZC0W2MGXz2De0Nm+dW9aN567wMA1Ay6Cz2Drnd/eDy8Nm4Mdu8/hHuZ2Tp2UnUb9cJwaacx827Ik8uUhxFF7MihWLt+k0YcWnMxpw3KuzQhaTckYpFerwVLbGDSm0QbczxizMESLxUCoSWTX1iE4hIZWRJOsIjM7Bw6ZiKBQCAQCM2BZuC5Ohhvf/oyfOy0vq4qxvXDNyEdUi8QoeA0Vn6ehBIAobM+wZQAgVr5DOz51zqcsMgW4rlKaAW0G4OFCwfYRFglnqsEAoFAIDSM58VzlXgVEphCn7c/oLkihoRYIRAIhJYJ8VxtLEE+kGoLqwBgJ0XwiH71f5dm4uhv+1ECABDAQ8DVKe/dGYDxmMzME/IGPpocCErmrTAhpIbMXIUp3pnYvhOIa8B2BAKBQCAQCARCS8NQqBICobH4eHli3sypOjFXO/l4YeXSxSS5C4FAIBCaHNuLq1wu9Gmr9VSh4MJ2fP3LdTphFb/nFPTy1t5KAIHQKhYaZtRirImWIn3HgmdJgsZg4eqp+GgmjAulgkBMGXcT2xcvwFW6HjO2IxDMoWgP1m/i0mEBRAGv4V8zQcICEAgEAoHQDKFCp7RWqHAaBAKT+Hh54osVy2xtBoFAIBAIAJqDuGqKgvOIp4RVvi9iJr+GlwKkJgRZyxAETMWa1frju1XQ/xuDhdEeqEjfppZ9fQ/WnvDFml4RCEEqDCdlz8Xx5d/X/753NY53/hIDvE1tRyCYh/LeTqzfBCKwEggEAoFAIBAIBAKBQCBYEduLq3llqAAgMPBzRUkWCp/9P3TyDIwMMFgSpXnMmKR/if6z+KnUn6N84YEKpF/QKpdViopoEbyBBomkWWUVgEfDtyMQDKErsMZiSsgFtckAAoHw/+3dfUxVd57H8Q+CuYc/ChezBepQpBYRjc9dTbAdW0ljbOvMlpnRdcuyxrbjpjOa7NROk9UdN3HamWRa6R8jmlGUWJaJSzvV2g50jEGrVTJ2FBBCURkFfChgohd2Eg5h090/9Bzvw7lw7/VeLtD3KzHR+3B+v/PkH5/7Pd8fAAAAAAAPIv7hau9X6h1YoilBMtPk/JdUuuOlkbcz0KO23pE/Fl3Jyi95TztKAiajjPkKKyVt6r0t5U8J+3vAcLwD1oc6P9OfuLYAAAAAAACiJv7hqhr0eXuR8uemOL47dPusKnf8Xi2aq7Wb/0VLHFe/kvrbP9fodysdUFvllqhUAs5PnyLptnoIvxBlg1c+VOm/fxjvaQAAAAAAAEw4k+I9AUm6WNOgG0PO7/W2/F4tpiSzWQdbgpSmDt1QQ01bzObn6Ei7bihZ0xYviMLGFmjJtGRpoF+dUdgaAAAAAAAAgNgbA5WrknoP6cP6XP1k2XcCFqqaMvVpGfpcppK1bOoUhy8P6UZ9tT4e9ZYA9xavWrZOr3+/UaVH7r08f4N+PG2P9h4Z7rvf0ZJXF+jIvb6u819do/zkAbVV7qEjAAAAwLdQ7bETqjlaZ/87zZ2q13/6Y7lT7z/d1dF1XWXlB2Sa95enfKVkrRbMnS1J8vT1q7RsrwqWPKHnnn1m9CYPAADwLTY2wlVJnR/vVGXyv6lkcYZPwJqcW6Rf/edS9ShDGQGdA4bU8+X7Kvs4TvWeR97V5s4NeqvkPe1YZr04oIG2FyUdlnRY7Tee1tP5fgGsbqhTa7Tj3XX2d6LVXgAAgJFYAU3x6iI7lImGUIOdWI0fS7XHTqj+7LmAsAuIhoqqal3tvKZfbn3Dvr5qj51Qadle+5prbG790doFAAAM80lEQVTVvsqDPmGqdS9JGjf3EgAAwEQzZsJVaUAtB3+tXTf+VSUvzJJPa9WUDGX4f3zottr+eEB7TkUzWD2s0jcOh/de0x79xzCh6JH3fianItae8i3aG8kUAQAxVXvshLp7erW+eE28pwLgW6Cj67paL15W8eoin+D+uWefsX+kMM1BHT91Rovmz/EJUXOys/TO9q2jPmcAAADcN4bC1bs6T/1Ob32Zq4IXV2rZzGnKSPFtFDDU36POi5/rT4fP6K9mnCYJAJiwuntGvc8MAOjrnt4Rq089ff0yzUEZhmuUZgUAAICRjLlwVZJktqv+4E7Vx3seAAAAQAxlpj+sqZkZdr9Vp5YahuFSfl6uao7Waff+Sr32cgkBKwAAwBgxNsNVAMC4Z/UHfH5FoU9YYJqD2r2/Uu7UFPvRe+uzlkXz5/g8lt/Y3KqqDw7pp6+uU052VtDtVFRVKzMjXY9kpGtf5UEZhsvnOxb/hWOeX1GogsWLVFq2V3c8fZKk800tPgvKWONd6eiSJMdtDze+/0I0/sfFX0VVtc43tQQ9JrXHTqjtUrv+6Uf/oF3l79vzdtqu9/E1DJdeWFEYdNxQx5cCF9f54fefc9xWqONbx/iOpy+gt6n/NTDS+XC6Ppy24+nr167y9/XS6hd1/NQZnW9q0fSc7JDDK//j5N0PM9hxsnhfXyPdA5i4DMOl114u0e79lao5Wqeao3WO59+6r2uO1unn2952XPAKAAAAo49wdZQ1lW/R5nhPAgBGwYK5s7Vo/hy1XWrX8qcK7KCqu/eWbt/xqGjVSkkKWKTFCsXe21UeUXXWmT//RbNnztBvf7Pd8f3G5lbVnTytzRs3+IRrs/JyteX1jY6BnDUnSXpn+1YZhkuNza3asXNPQJjmNL5ToFdadrfztlPAWlFVLUn2NqxwrrG51WesKx1d2lX+vh2w1B47obqTpzUrL9cOGYMdX/+gL9zxrdcKlz1p70NFVbUd8nrve6jjG4ZLRatWqqz8gDq6rvvsa8OFFs2eOcMnWA3lfITCHBxU1QeH9cKKwrACTf9FiKxj8nVPr31M/I+Tde4fm/ZowI8L0boHMP4Yhks/+8mrku4H9uebWgJ+LLH6sFrXzC/efjesHwMAAAAQfZPiPQEAwMS1cN4c3ezuUXfvLfu1ry61a0qaW5npD8vT16+PPqnV8ysK7UDMCthudveo7fJfwx5zSprbDm6dfN3Tq6mZGcpMf1iS5E5N0ZbNGwOqW70d/6Jedzx9Wl+8xg4wrPD4+KkzPkGh//jWPhYue9Iew52aoh987zm1XWp3DBnXF6/xCflysrM0e+YMNVxo8fmcf+VaweJFSjYMfXWp3Wds70VwrOM7XBAz0vimOahDn36mqZkZWv5Ugf25olUrleZODdj3cMa3HpH23ldPX7+udl7TwnlzJIV3PkLlv1DQSBqbW9V68bJe/ud/tI9/TnaWCpc9qfqz5+Tp65d093pPNgwVLF4k6e65L1jyhK52XpOnrz8m9wDGt/XFa/TO9q2anpOtupOn1dF1PeAzC+bO1m9/s13PryjUlY4uHf+CZloAAADxQrgKAIiZnOwsn7DPNAfVdqld+Xm5MgyXOrqu646nT49kpPt8zylgi5ZZebm62d2jX5XutAOw4VhzTnOnynD5BoJO4bG/jq7rGjBNzcrL9XndnZqigQFT5mDwILCxuVWb3tymTW9u0/mmFnsxm1B5+vo1YJp2KBmuYOObg4O64+mzz2M0x7d6S1rhoyQ7XLKqVh/kfERLw4UWJRtGwCPZs/JyNWCajoGYN2v+8bgHMPZZAbukYf+fWv5UgabnZLMQHwAAQBzRFgAAEDNWlZ7VGsBqCeAdNBqGK2jPwHDDxFDkZGdp6+ZNKi3bq1+8/a4k5z6Z/typKY5BomkOjhjSmuagduzcE/C6Ybjk6esP2H/rkd80d6r9yHlFVXVIYbA36/Ph9mQcaXwrNPUPBKM1fsHiRao/e85uDdBwoUWPTXvU7n1rbXO482FVJseSU8BrsVZ+t/al/svzdluA+rPnVLDkCXv+odwDPPINAAAAjE2EqwCAmJqVl6szf/6Luntv+bQEsAwXTgYL0B6UOzVF27fc7YBdUVVt97vMn/F40O8EC7mGC8a8P+O0sFawcaxH6aOxoFEo4W+k41sBYjTHl+6en8emPaqGCy3Kyc7S1c5r+sH3fBfLepDzES13PH0yB52DTyt4tvbFWqhIClx0LB73AMYOq8eq93Xh3Xojf8bj9g8e/v1Vj39Rr5vdPcO2QgEAAEBsEa4CAGIqM/1hTUlz66tL7eru6fV5lDwnO0tp7tSAkK6795Zudvdo+XeXxnx+RatW6mrnNXsO/sGc9Zh6/dlzAUFaw4UWn/6tTrxbI4QSrloifZTff2yn4/ug41uPrI/0KPKDjv/RJ7Xq6Louw+Wyj92Dno9oWThvjlovXg6oPLZ6rHovKOa96JW/sXAPIH5Mc1BFq1Zq4bw52ld50A7gJfn8wJGZ/nf65dY3VFq2Vz/f9rb9mTR3qrZu3hRwbXmH+U7bAwAAQPQQrgIAYsowXFr+3aX6w5EaSfIJi6yFnfZVHtQjGen2SuneFVvS/YDy+KkzWl+8RqY5qIqqat2+4wm7SrGiqlqZGek+q7l790TNzEi3FySytr38qQK1XWpXRVW1XTXW2Nyq800teqVk7bCVhU77aI1rmoPKz/OtljVcLqW5U9VwocX+rFXZNj0nO6x9taom606e1qy8XLtn6aFPPwvabiGU8a2As+ZonRbOu78Q1KFPP9MdT98DjW/Jn/G40typ+uPROk3NTPc5z6Gej/y8XHtBoJzsLDU2t+oPR2qCPsofDqtdwf7/+m97UbGOruuqO3lahcueDPm6DPUewMRkGC4ZhsteoCqYzHuV0FbFfTDeVfkAAAAYHYSrAICYy8nOUkJCgtLcqQFVhQvmztYrJWu1r/Kg/Zp/hZV3AHW+qcV+zP74qTNhzcPT129XRHpXdb1SstauNLSCO/9+rK+9XKLd+yvtqjHDcGnzxg0hVaMumDtbmzduUFn5AXs/DcOlpUueCAxX7y1kU1Z+QJve3GbPITMjXW33FgYLx/riNao9dsLu+WoYLhWvLvIJQSMZ/7lnn9EjGek+56149YsBj7eHO773PKwA94UVhQHvhXI+rHNpjb1o/pyAay1Us+4Ftd6B7vriNaqoqravFSmwf68Vwnp/xmI9Bh7KPQAAAABgbEr4+6XP/F+8JwFgYvj1W9uVmJSkyUlJmjx5shKTkpSUmKTExERNSkxUUlKiJk2apMTERCUoQQkJd/8o4f7f/f9I8vn7N998o6GhIf3tb/+j/Nwc+31/Tq8hfkxzULv3Vyo/L9en1yQwnMbmVn30Sa1dGToe1R47oe6e3oCgtLG5VVUfHAq5Fy8AAAAw0bW1d+ihh1Lu5gmJiTEfb3LC/0ZlO5OishUAAIbR3XtLt+947EfvgVA0XGjRY9MeHbfBqmkOqu1Su/1INwAAAICJh3AVABBTVv/I6TnZVOghZI3NrWq9eHlcL+hkGC65U1PsHr6Wjq7rqvrgkGbPnME9AQAAAIxz9FwFAMSE1QrgSkcX/SMRssbmVu2rPGj31R3v4aNTX1YpsDcrAAAAgPGJnqsAooaeqwAAAAAAIBL0XAUAAAAAAACAbxHCVQAAAAAAAACIAOEqAAAAAAAAAESAcBUAAAAAAAAAIkC4CgAAAAAAAAARIFwFAAAAAAAAgAgQrgIAAAAAAABABAhXAQAAAAAAACAChKsAAAAAAAAAEAHCVQAAAAAAAACIAOEqAAAAAAAAAESAcBVAVCUkJIT1OgAAAAAAwHhFuAoAAAAAAAAAESBcBRB3CQkJVLYCAAAAAIBxh3AVAAAAAAAAACJAuAogZsKtRqWCFQAAAAAAjCeEqwAAAAAAAAAQAcJVAFFjVZ0OV30aSTUrAAAAAADAWES4CiBuCE4BAAAAAMB4RrgKIOaGDVEJWAEAAAAAwDhFuAogqhJ0Lyx1aBFApSoAAAAAAJhICFcBxAVBKwAAAAAAGO+S4j0BAPBH8AoAAAAAAEbbunXrhn3/wIEDAa9RuQogZnxbAni9rpHDUwJWAAAAAAAwmpzC05HeI1wFAAAAAAAAADmHqMOFroSrAKIqwV7PanQWsqLCFQAAAAAARJN3mDpcsCrRcxVANDkEnf4hayRhKAEqAAAAAAAYTSOFqhYqVwFEXazCUEJWAAAAAAAwlhCuAoiqYO0AHIPRe5WswSpaCVMBAAAAAMBYRrgKIGpC7bNKmAoAAAAAACYCwlUAURcQsoaxuFUoASshLAAAAAAAGAsIVwFE1UgVqwAAAAAAABMF4SqAqLHCU6fH/glWAQAAAADAREO4CiBq/BenSpDzYlVWq4BggeuDBrEEuQAAAAAAYDT8P+/XhZIsT8A0AAAAAElFTkSuQmCC" height="600" width="800" />  </system-out>
  <testcase name="verifyLoginSuccessWithUserRemember" time="7.657" classname="testcases.TestCase2"/>
  <system-out>
<img src="data:image/png;base64, iVBORw0KGgoAAAANSUhEUgAABVcAAAJXCAYAAACXAGQHAAAAAXNSR0IArs4c6QAAIABJREFUeJzs3XlsnPl95/n3c9ZNsqpI8ZBI6qAO6qaklqy+b9ttu5P1OJ3pxFjPAptBZox41wYWRmAkg01gBEEwMZCgAQPBLtIYz3jija9Ou7vddrsPtfqURN0HSUm87+JRVaz7eX77RxVLpHjoolpS9/cFyCKfeo7f8xSpNj/8/r4/bd/9jyqEEGIFuK5b/ljTtNtyjdt1XiGEEEIIIYQQQnx2vPHqL1fkPPqKnEUIIa6ilEKplf/dze04pxBCCCGEEEIIIcTNkHBVCHFbSRgqhBBCCCGEEEKITysJV4UQt91KV7FKYCuEEEIIIYQQQoi7gYSrQogVo5SCZYJPCUWFEEIIIYQQQgjxaSLhqhBiRSmWD1FXKmCVoFYIIYQQQgghhBB3moSrQogVpEp/JGAVQgghhBBCCCHEp5+Eq0KIFaPK2eonF7AKIYQQQgghhBBC3CkSrgohVpCak61KwCqEEEIIIYQQQoh700svvcRLL710zf0kXBVCrJhi5aoErEIIIYQQQgghhLh3zQ1VrxWwfibDVaVA6QbK9lDwBykEQjh+P5gmEvMIcQvKwapa+L10m0JUCWeFEEIIIYQQQgixUhYLU5cLWM3bOZi7kavruKEqCs3rKKxtwY3Wgm1BIoHV3YVx9gTW1ASaxKxC3DCFQlOgNA1NKRQamqag9B2lKQWatvA4pdAW2S6EEEIIIYQQQgjxSVkuRH3ppZd49tlnF2y/58NVpekoTYNSmIPrsFREo0yTwrqNpA4+htuyFeXzgV4q3lWKwtZdWGtb0H/3CuZw/yd2D0J8aihQmip9D2qzG1jym3KlLivhrBBCCCGEEEIIIW7RYuHptdyT4apSgGVRCFWi6leTr21As2zU1Dhmbw+e8REo5Ocd4xomzrpNpL78BzgNTVdC1VmahvL6yLXugJkk/ld/ipHLfnI3JcSnQLFytRhyKq34sdKuVKwWa1iXOFYCUiGEEEIIIYQQQtxj7rpwtVyJCmjKLYYyc18HVCBAft1m0vsO4rRsAa8fUGjZLNn+btxDb+A7dwJcp3yMU1HFzP2PLR6sztI0lO2l0LAaVRmGseHbd6NCfBoV5/6X/ioFq5TaA8xGq0u0BgAJWIUQQgghhBBCCHFvuWvCVaXrOD4/hXA1uj8EuLiJOJ7YKNrcClJfgPSuA6QfeRotWjMvKFU+P2rdJtKajj3SjzE+WtxuGKj61bgbtiwdrJZoGmimjbLumkcjxD1EoZRWrE7VypvmlasuV716S1eWYFYIIYQQQgghhBCfsE8kQVQAWjHU1JS7cAevl2xDM7k9B8htaEUPBMFVMDGG8/EhfMfeR89mUbpBtqWV9KOfR6tetfjFDB0tWk1uVR2+UriKbpCvDINlXWOgChwH4pPoifhN368Qn1VXglM15+NFeq8uU70qhBBCCCGEEEIIca+47eGq6/HiBCtwff7iBacn0RPT5YzFtWxyG7eTfeyLFBrXouk6s40AVCBAxu/DHB/F03kW17bJbtuNFqle5ooaSjfQNOPKJqXQ8nlUwQF7icOUAuWiT09inznxmQ5XDcPANE1M00TXi++U6yoKhQKFQgHHce7wCMVdS6nizH9K1as3sZ6VVKAKIYQQQgghhBDiXnHbwtVin9NK8tvayLa04tTUAuC9cBbPO7/GTEwXWwE0rWfm6a9A3ZoFU/Y1TYPKCIXGZuzOszjeAIX61ctO7ddcF31yAn1ibM42B2uoj8xwP2rtBtCNeccopdAcB31qAs+JI3gvnL7di5vfdTRNw+PxUFlRQe2qGurqaglXVREI+AGNdDrNxOQkI6OjDA+PMjk5STaXu9PDFnehUtvVojmtAWb7r5Y3SvWqEEIIIYQQQggh7rD29vabOq6trQ24TeGqUopCdS2ZJ54ht2Mf+APl17I1dTAVwzj8Bq7HR2rfg4sGq3AlpClmMBoYGmjGgv3K+7suWjKBde4ERmy8vF1zXfSxEXzv/Y6sYeJGa3AtG7TSa5kMxtgw1ul2vMc/QE8mVvR53O1s26a+rpYd27exb28bmzdupDoawevzYhrFLxHXdcjlcozHJjh2/AT/9qtXOXP2POqqBcfEZ5tSqtRvtdgKYH5rgDn7LdiyyHkkeBVCCCGEEEIIIcRd7raEq67XT/b+x8nvOQjW/Hn4yrRw6tcUq1YrwxTWbli6ElUptGQcY3gAlMJIpbDGh8jX1YNhzttPKYWWTGCeO4l98ghGLjPvVEYui+fUMbSZBIWWreSrImiWBak01ugg5qXzmCND6HMXz/oM8Hg8bNm0kaefeoIHDh5gVU01pmmWQ1OlFEoVWwX4/X6a/H4SiSSVFZV3eOTi7jY/Pi1+tkiPAKleFUIIIYQQQgghxD3s9oSra5rJtO1HsxY2OFUKtMQ0ALrHg+b1sljtoyr1STW6zmH2XC7un01jHf0AtzKCU1sPpoVSCj2Xw4hPoXecwffBO5hjQ4uOSy/k8XScxbrUhcfrQdcNVD6Pns2gu5+9PqKmabJp4wa++vvP8tADB0stAMBxHNLpDPFEgpmZFPl8DtO0CAT8+H0+evv7GR4ZkapVsaxS+9WiRfLTa1Wv3tw1i1+TUvUqhBBCCCGEEEKIT8KKh6tKKXLrNqKFFqlsVAojPoHZ3YXmumipGdTUBIQqr1SvzVahZrNYF8/jO/wGVqo4TV9zXTwXTmOkk+Q276BQGUZzXczJGFbvZfTeS5jpmWXHpwFGIYeRzJXHe6tBjKZp2JYFmkY+n8d13eI228a2LUzTxCk4pDMZ8vn8sucyDKN4nGWh6RqO45DL5sjl8wvCTNM0Cfj9aLpGOp0hm81eOd620TTI5/JkstlFF6Fa3VDP5598ggfuP0AwGCi+d/k8/f2DHDt+nLPnLjA4OEQqlcLn91FfV0fjmtV09/QyPDI671we2yZUEaIiFMLr8QCQzeWYmUkRT8TJZLK4rjvvmQWDAfw+X/G55fIkZ2bI5/P4fT4qKysIBoNYpkkmm2U6HiceT5Ar9Xmd7Q9bWVmBbVkUCgXiiQRT03HS6XT5WVZUhMrvTTqVZiaVAiAYCFBVVVl8fprGTCrFdDxOIpGkUCigaRo+n5dwVRXBYBBD18nmckzH40xPxxd9H3Vdx+fzUVUau2mauK5LMpkkHk+QnJkpvw+aplFRUYHXY4OmkcvliMcTuK5LMBgoXjcQwFWKyclJxmMT5WN1XScYCFBZWUEgEMA0TQqFAplMhkQiSSKZLD+nWcVxVVJREcIqPa90OsN0fJpEIrmii5SpUmq6oBGA0hb2XZ09YJHvQWkNIIQQQgghhBBCiLvdyleu6jqO17cwLFEKZhLYJ49i9V4uRivxSTwnj5Dz+nBDVcX2AG4BfXoKo/cynvffxBzonX/6Qh77Uidmbzeu7Sm2DnAK6LnsdVXBKcC1PCifF+Xxg6GjFwqQSaGnUmg3UcEarqpi+7ZWNE3jfEcniUSC1Q0NrFvbTDQSxufzkU5n6O3v59Kly4yOjS8Is0zTJBoJs7qhgYaGOsJVVZimRSaTYWR0jL5StWgikSwfs6qmmgP37SMQCHD6zFl6+/pZvbqexjVrqI5G0HWd6ek4A4NDdPf2MjExSaFQAMDr9bJtayv37dtDKBgEwHVdenv7+Ldfvcbv3nqH2MTEvHGeOn0Wr8eDQpFOF9suWJbFqppqWjasZ8vmTTQ3NVJZWQHAzEyK4ZFRLnR0cqGjk4HBoXLw6fV6uW/vXrZva8WyTMbGxvn4aDvpdJptW1vZtnULqxsasC2LeCLB5e4ejhxtp/PiJbwem9Ytm9m+bStrmxoJBoNkczn6+gc41n6Ck6dPMzExSWVFBY8+8iDNjY3ohk5n50WOnzxFIBBg545ttG7ZTHU0iqHrjMdidHZd5MjRdvoGBorv6dZWduzYRn1dHbZlMZNKcfHSZT4+eozzFzqZmbkS5Hs8HpqbGmndsonWzZupq6vF6/WQz+UZGR3j0uXLHD9xiss9vaTTabxeL4889ADr1jZjmgaDQ8O8+dYhvF4Pe/fsZvvWVupqaykUCnx89Bi//LdXiCcSVFZW0NzUROvmTbS0rKdu1SpMyySfyzMdj9Pb18/xk6c4fuIUuVwOy7JYs7qBra1baN28iTVrVpfHNTk1xaXL3Rw/eYqOzi5SqfQNf+3fqttRvSqEEEIIIYQQQoi7x6YvfpNvPNkEPccZDO1mR7CX1/+fF/hZ150e2cpY8XBVUwq7vxtnegK3ogoAlS+gJ6exzp7A++5vMUrVpXomi+fj99CTCfJNG8C2UJkMdncXnsud6FOxJYMXrZBHd91SIOtcV+9GVzdwwlFyjetQ9Wtwo9Uo3UTLpTHGRjAvdWIO9aGnU9ddMWcYBo2Na/jj55/D4/Hw0suvkkgkeOShB9m8qYVgqbIQDUZGxnjvgw955bXX6entK1eiejweNqxfxyMPPcCe3buoqanGskx0vbh4VyqVorPrIoff/4CPPj7KyOgYAHW1tXzh80+yZnUD7763msuXe/jc/n00NzXi9/sxTZNcLsfw6Cjvf/ARbx86zKXL3eTzeaLRCNu3tdJQX4emaSilmJqO894HH/HGm28zNj6+4F4dxylXfkKxWnXDhvU8/ujD3P+5/axuaMDjsdE0rXzOQqHAeGyC9uMneP2NNzlx8jQzMzP4fT5279rBl77wNH6/n+GREaqrq7FMk/v27aGuthbLMtE0Ddd12X/fXlo3b+Ltd9+jOhrhoQcO0tTYiMdjo+s6Sin2tu1m145t/PylX/Hm2+8QDAZ46P6D7Nu3B9MwOXf+AvX1daxtbmLXju2Ew1Xoun7lGvv2smH9Oo62n2DTxhY+t3/fvHEopdi/by/bWrfwP/7lXzl2/ATZbBa/38funTv4wtNPsqdtN+GqSkzzyjGuq0gmk7SfOMkvX36FY+0n8Ho93P+5/Xxu/314PB76+vuZnppm69ZWHnnogXI4DjCTSvHa629Q5/fz0IMHefzRh9mwbh2BgB/DMMpfq0opstksDfV1nDt/AYCdO7bxlWe+yN49u4lGwuVzapqG47hkMmn2nW3j5y+9zAcffjzv/b0ZxWpTSqnp3EWt5laqcuuJamQD25uDLGw8UrT492+OZM85OiZu8dpCCCGEEEIIURJtaaU5lCPWfpGeOz2YGxJm07Ymgnby2mMv/fyVi52go3e5HcVn0Ve/9bc8vbH003myix//+Qu8fdU+iWiQqG3Dxv1EAYgQSvKpcVt6rpoXzuAJvU5h01aUrqNNTWL2dOI9exI9GS/vp2lgJacxjxzGPnMMXTdwHQcjnVoye3F1AxUMUYiuohCOgGmhZTOYsTHM8VH0zOLhkGta5BvXkt13P/lN26GiEnQDNA3lKvRchsLmPqwjh/GcaceYuf532TQNqiorWVVTzZe/+PliH1hDp+viJabjcXxeL+vWNrNu3VrC4Uocx+F//uSnTMfjeGyb7dta+dr/8nvs2b2L5MwM5y90MDwyguO4rKqpZsP6dRzYv491a5sJh8P86tVfMzExiaZrmIZJuKqKB+//HNu3tpJKpTl15hyZTIZAwE/jmtWsbWqkrraWqqpKfvrzl+ju6aV2VQ1rm5qwLAsohmL9pcrP8VjsmvdsGAYtLRv4d6V+raFQsfo1ncmQTM4Up/0HAni9HupqV/H4ow8TiYTRNI0jR44BoGsahmFgGDqraqr54tNPYpoGum6QSqUwDAOfz4thGAT8fvbs2c3atc14PR68Xi+5XI5cPofP68OyTGzbYmPLBp56/FF6+/qIxSbQDQND1zEMnfXr1rJmdQNerwfHdUkkkti2jcfjwTB0wuEqHnnoQXbv2kkoGMQ0i+MwTROfz1ua9u9l757djI6N0z8wwMjoGHvbdvP8c19jx/at2LZNoVBgdHSMVDpNRUUFVZUVVFSEeODgAXxeLzMzMwwODhefga5hGDrV0SjPfvkZ1q5tIhgIks3mcBwHwzDo6e2joiLE5596gi88/STV0Si6XgyEE8kkyWSx3YDf78fn9TI6Nk6h4LCtdQv/2//6x+zeuaPcomBsPMbMzAzBYIBIOILf72fvnjYikTCpVJqPjhxd0RYBt8sjf/wN/v3G4tfcYkHqUr8cSXT+K//XPxy+rWMTQgghhBBC3Hvu2pB0kcKS5IqEnEGKJ7XxRIBSEUpzyy5C9HK6a/JWL3Bnff27/PBAkI6f/AV/f+hOD+YGPPRN/u65IKf/7G958U6P5bqECUXnfHUGg6yFeeHqwa9/ky9vqwMmOPqLl+hufpZ/1xZhz3/6Nvz2B7x4L70/S7gt4aqRnsHz4dtYXWdRpomRiKMlptGXCm2UQssX0HQH3XEX3wdwTItC4zryW7aTW78JN1wDhl5c+Gq4H8+pY3hPH0NLzw9YlW5QqF9D9oEnybfuBK933uuaoaF8fvLNG3AsCz2dQj99DO0GF2zyen3U19Xy0ZFjvPPuYbouXiKRSBYDubbdPP+Hf0Bz0xp27tjGO+++RzyRoL6+jqcef4z9+/YSm5jgldde5933PmB0dAxXKSLhKvbtaeMrX/oiLRvW8fijDzM4OMQ7775Xvq6u62hodHRe5M233+HipctkMlkCAT9bW7fwhaefZG/bLvbv20t3Ty/jsQki4TCROZWMhYLD8MgIg0ND17VQVTQS4YGDBziwfy8VFSEAYrEJjp88xfmOTjRg08YWdu7YTk11FI/Hw47t2xgcGqa/f5DkVeG1ZVkEAhojo2Ocv9BB/8AgoVCQ3Tt30tS4GtM08dg2q2pqGB8f5+TpM/T09mEYOju2b2Pjhg3lAHRtcxONa9aQTM7vv+v3+zBNk+6eXs53dBCLTbC6oZ7du3aWK0X9fh+2bTE8Msr5Cx309Q9QURHivr17aKivwzRNTNNk86aN1FRXo+sGTz3xGK2tm7FtG8dxuNDRxaHD7zM8MkLL+nU8+cRjrKqpwbIsdu7YzoP3H+TVX/9mXgDo8/nYsX0r6UyGk6dOMzA4RCaTIRQKcqGji/337eWpJx4rtjEwdAqFAhcvFVsN9A0MUMgXiEYjNNTXcbT9OH6/jy8983l27tiOaZoopbjc3cMbb77NwOAQqxvq+eLnn2J1QwO6rrFu7Vo+//QTnO/oYHJy6oa+7pemULM1q8tUqyqKFe/Sd1UIIYQQQggh5mjawJ5okGTsBKdnw9TIBrY372ITtxqw9tHR3nfVtjAeD5C9lfOKW9IcJHSnx3ANm77+Xf5kG5xu76W5bT8Nwbmv1nHwv/4F0fYu2LiVaOw1OkItRINAcoKON07wdmQrj7btJxpporkZkHB1cRoUe6CODqMpF1x30VxFoeEGghRW1ZGvrkW3LFQ2iz3YizE6NC+MdQ2T3PpN5B58gkJLK3i8xUCmFMo4lWFSVVH0TBr7qmDU8fvJ7N5PfutO8HgXGUlp3KaJqq0nt2UnVuc5jCWqYJfiOA4XL3fzk5/+nPMXOq5UAE5CwXHYsX0ba5sbqayoJBqJ4PV62diygfv27cFVLkeOtfOrV1+fNyU/mUwSTyQIBPxUV0dpWrOGfXvbOH3mXHmfQsGh8+Ilfvnyrzh1+mz5urGJCWITk5imQeOa1dSuqmFbaysnTp4uVjn6fFeer+swM5O6rr6bul6sAt2zexeRcBiAbDZL+4mT/ORff875jk4AWjasJ5fL8dgjD+P3+/D7fOzcvo0jR9vnjX9WLDbBb954k9+88SYDg4OEq6rIZnPUVEfLlbGpVIp3Dr/PK6/+mu7ePkzT5JnPP0k0EqHBW2xx4PV5qSotdDWXUoqe3l5+9suXeP+Dj5mOT9Pc1ITf76eycg8eu/jblsmpKV799W944823GRoeIRgIoKHx5BOPEgoG0TSNyooQFRUhGhvX0LplMz6vF03TmJya4pXXXud3b73DdDxOe3U19fV1VB2sxOfz4vV62LVjOx98+PG80NAwdBzH4eix4/zsl//GxUuXyecLBIMBQsEgX/39r1BTXQxWlVJ09/TyL//6c97/4COmpqcBsG2bSLiK6XiCbVu3sG9PG1apPUE6neHVX/+Gl371GolEgmCguGjW733lGWzbxjB09uzeSV1tLVNT09cVsN+oYr46G7jeWm+At//7i8Rusi2AEEIIIYQQQtz9wmwKBSExMT9EnbjIaWl1Ju6Uluf5xoE6QsDBh+oW38eOsOnA/uLHkWep//CfeSv7Rzza3MKX/+/v8rRdR5Qc3R/+Mz975RMb+W214uGqAtzKKgo1DRTCEYxcFiM2hjE8gF64ssK60nUKdWvI7dhDbuNWnEgNGAZaPofTcxHP4d9iXypWQCo0CqvqyT38NIWNW8EsDVvTrlS7GQbU1JLZvR/r4nm01EzpOgZOdR2F7XuWDVbL4zIs3OoaNL8fbjBczRfyjIyM0N3Tu2BqdSadYXRsjILjYJoGHo9NRShI65bNrFpVw+DgEMdPnFp0Sv70dJyTp8+yf99e9u1tY11zM6sb6suvO47D+Pg4ff0DC647MzPDhY4uLnf30FBfT31dLbWrVpWm3+vl/Vy32B/VdZeuHJ7l8XhYv66ZxsbVGIaBUorYxCTHjp/gfEcn2Wzx11ydXRc52n6CXTt34PMVw8dVq2poalzD5e6FEy0Ghob46OOjdF28hFKKXC7PwOAg6VIFJ0A8HufkqdN0XrxELpcDoKevn6npaRrqi9/YGsV2A9qc+4NiuHruQgcfHznG0HBxWn5f/wCjo2Pkc/lyuDo6OsbRY8fp7unFdV0ymQw9vb2k05ny4l+GYRAIBNi+tbXcuxUglUpj2xbbtm7BVQqr9LXqquJz1TSNutpVROf0VJ01Nj7Oy6+8xvHjJ8mW7m16eprHH32Y5qZGDKPYgzefL/C7t97hnUOHiScS5ePT6TQD6TSGYbBz+zYi4apyyJjNZikUHHZsa0VRqna+6vpVlZWsWd1AR2fXyrUGuF0rVl3j/1BItasQQgghhBBiJTS37CI6p5Rw6Sn5sz1Mi5/lEnOn1jeyqS0CsRPE7FaaQ7NlItfR79RjEwWWbN4X2cD2ZptczzmykTljTUxwrKuv1O5gdlBJes5cLJ+ruWUXUU9p29z2A3YTe9qaFuwPLHu+e9E3vvcDDs7JCAc//DZ/9aP5+zzyrb/m+Y1BFhj+iD/9/o+LH3/9u/zwQN3ir5Vfv7pNwQN852++xqZkcd+5Yzn4jz/g4BLjuZOeemZ3qWfqVXJJEjmbUPDqEiibtRv3c7QnCc0RQpHZZ5QkcebTsybKioarStcpNDSR27WP3NpNuJWV6I6DOdSP+cHbeDvOMLvWTaG6lvTDT5HbuhvN5y8HPUop8r4ApGYwB3oxsllcyyK/bReF9ZuuBKtX0zQwTZxoNcoXhFK4iq4XF66qDF/XPWgAmo7S9GvtusgDKC5etPhLal5wqWkagUCgONXcMEgkk4yMjC5aMaiUYmJigqGREZRSBINBqqoqiccTc/YBtcS1E4kksYkJXNchEPATCgUpFJx5AZqua1i2hWka17xNn9dLNBLBP6fydWpqipGR0XLgCRQX0xoZYXJyqrxw1uyxXu/CoDufy5PP58vPQCmFU3DmPRPHdXGcq7Y5Dq7rlqeQ67q2aLimVHFMhcKcimjXWXg+18WZ814VF+YqLZo2RyDgL7Y8sK/841EdjfCVLz1Tfg6GYRCNhPF6POV9PB4PgUAA46pwc2R0lP6BQXL5K7+E0DSNhvr6cjgNkM6k6ejsIpVevMrYNE0a16wuL6oF4A/4efbLXyw93+K4KitCmOaV6l7LsqisqFiRYHLeLP9ywHqNpPVGWgPIglZCCCGEEEKI26wYrM4JQEtT8rfbV/ckDRJts0n2nODYxGwAWcemyOS8nz+C0V3YiV6OtU8yG7hGWxrp6bp6ej7AJLFsHcFQkOZtG2DZENMm2LwLYic41k6pnUCEPW0Rclddr74lTGyxfqoTFzk9UdzHTizec3Xe+Es/ky15vntAMcwc5v3Z/qYPfZO/e+4H/F3kylodxWAVOn7y7WIoWgpR54WeC7YVQ9Mf/k1k0cWdlvLi979N97f+muc3Jq+M6S7T09tLrLmFuW1WYx/+M3//oxPEgPonvsl3fr9lTmuDJIOdxzn2CkSDu+GVf+LY9m/y5eBH/Kz9kx//7bJy4aqmkV+zluyjXyC3eTt4i8GbC+TCNTiahqfvMlo6heP1kWs7QH7nPrSrqkk1TUPZHvLNG3CDFeiZMVx/kNyWHddVeapp+rz8RmkayrSuv3rOcdCmJm+4avVGaZqGx7YJBgJAsbIwk8ksuX82myOZnMF1FZZl4vV6SSSub9Etx3HI5XK4rouuF8PTRCJBIpFA1dWiaRqmaVIdiRAOhxkZHVv2fJZt4fUV+5fOyuXzZLO5BeFwJpMtV7JCsWLStExM49oh7t3OMi08Hk/xa67E7/ezbm3TovvPhuu6UVxg6+oAMJVKk5sTLgPlPrBzg9hCvkAqnV5y6r6u6+X2BbNsy2Ld2uZF91dKlc9l29ai+1y3OQHpolHq7MarXrzRAldZ0EoIIYQQQghxWzVtIBrKkeyZU1k6cZGhSCvNoQjNTM6pOJ1fgRrrShJti2BHwjBxJXicX83aRywRJBiyaYZFq1djXeegpZXmUJDmtl00L1PpOq+itjdHMgrBxMS862UTEYKeCFEmb6radN41Ji6SiOwiegvnu6O+/l0O1iXp+MmcEPPQC7zc9tc8v/FBvsFhXuQB9tYHYfijK9WmP3qXjm1fY1Pz88CPgef5ywN1JDr/dU6F6WH+/pXd/N1zLTzydXj7Lqo8vVUdv3iB7wXnVOnmuni/FKwCDL3xPzj98F9yMFL8PNH5Gn/1o48B+J//UPybrhf4+0922LfdioWrhaoomce+SH7r7oXVpZaJ07gOVVEF6RRO7WrybQeWCUsVmmmi62YxcfH5ccI11wxflOuiT4xDes5CRq6DNj0FM0m4VvWvinHLAAAgAElEQVSq66JNxfBcOIWevr3hKhQDpdkKSUM3sOyl6vBA07VywOa6Lu5V1ZbL0Q0dy7LQdZ1CIU86nWZ0dIyh4RFaNqzHMAwMw2DNmtVs3rSRy5e7y9PSFx23q1BXtQ+wLQvbs3D8pmFgzel9WnAc8rn8vMrQe5Gm6yjlFitmufI+jI6O0dPbNy9QvlommyMWm1zwDFzXXVAdq5QqVdZe2WaaJl6Pd9kKU6dUyTtramqaC51d5Jd5XwH6B65vQbNrmx+Xzlnaasl9VpIshCWEEEIIIYS4Fc12EEiSvWrmW2wiR30oiKcJuKUFpa5PrOtcMbgqLW4VbdtF9JrT8ZOQi9z+wd3DvtFcBwwTu2oxpbfbh/nyxhaavw4sE4omEqU3/+tNNACDE1cV8Rw6ztAzLXNCWPFptiLhqgKyrTvIb96x9LT9OdyGNThVi3ZpAEoLYiWmIT1bmanAKSw/BtdFn0lidZ6bF4xqjoM5OojZc5HCtt1gLDE+10VNxrBOH8PsPIN2m8M/pRTZbJZEqWdmIOAnXFW55P5ej5eKigo0DZIzM0xNx8t9PK8lGAgQjUTQdYNUKs10PM7I2BgXL12mbffO8lTw2lWr2L9vDxcvXebc+QtL9t3M5nIkZ2bI5fKlyk2NiooKopEItm3PmxIfDlcRnFNFmc1mmZqeJr3ElPZ7STqdIZFM4hQcZuenDwwN8fOXXmZoaJilIkrXccjmchQKy39NQzFwHRsbn7evz+djy+aNnDx1el7P1VmO4xCLTeC6qhwyTsfj/OwXLzE6OrbkuABGRkZvqd/qvLj09mWn11zQCharXpUFrYQQQgghhBA3IAdLzRe17TDwCU6H773Isd7ZlgP39nT8u0YySfcSL4UiDwCH+fszD/LDA1v5zkOU2gI8yKZgko72uWFqkuRSjXODER6B624NcLfb9Ny3+ZO5vWXtFh751mMc/Yc3GQLqn/gjts/J9UMbn+X73wry4k8mOPjcfvjwBd6v/yZfjpzl5f/3TTo+8Tu4PVYkXHVtD7mNW2FOX8mr6ZPjaDOlf5b8weICVItQSqGnU9gXzqCnUsVKvlQSY6gPNxKFq3uhlqY069kM9rlT2OdPzgtGNcCIT+P96DBZj5dc0wY0r6d4nmKjUshkMWKjmKeP4jl5FCM+fauP5JqUUiSTM/T1D5DL5QmHw7RsWM/R9uOkUvODR8MwqK2tYc3qBgoFh+HhEYZHRohErt1H1mPbNK5ZzZrVDeRyOQaHhhgfjzE1Nc2p02do27WTnTu2FashvR7adu0klUrj9/u4dLmbRDxBwXHQdR3btqmqrEDTdEZGRpmYnCQYDKBpGuGqKra2bubM2XN09/SilGJVTQ2tWzYTjYSL7R6UYmxsnJ7evgX3eK9RrstMKkV3Ty87d2wr90QNV1Xh9XoZGhlhejpebgWgaRoejwePx0MymaSiInTdFaKXunuITUwQCoUwDA3LMnnogfu50NFJ+4lTzMzMlENUr9eL67qcu3CBJx5/BMsqTp2vqAgRDAZoP3GSRCI5b1y2VWzzMDMzc12B7zWfzTWrRlcgdb2OFTKlclUIIYQQQghxS2wIsvhiUrncnQk2Y13DRLc1ESTIJxrufhoFg6xl8eAzMVuJ+qNeBg/sZ9NzP+CHzwEkr1qUCiBIsBk4tOA0kJz41ASrAM11dXP6qRaFNj7Lf/mvXyCLzcIJzTbRaB31T+7n4MYIbCwu1AURnmp7k45PSd/VFQpXvThVkaXjkmwW+9wpSBXDVS0xCfncgrYASim0fA6z8yzWqaNorgOahjGTxD7+EbloLe6q2ivVp6VwVEtMY50/g+eDtzAmxhdcXi/kMS+eQyvk0LbuQtWupuD3o7kORiKBPjqEOdiL1XUePRm/XcV2CySSSc5f6GBgcJA1qxvYu6eN8xc6OdZ+vDwtX9d1aqqr2du2m6bGNUxMTHD23HlGx8bL4aqua9i2hc/vg8kr/7halsX69es4+Ln91NWuYmx8nLPnLjA2XqyEvNDZxaHD7xONRlizejW6rhGJhHnkoQeor6/jQkcnwyMjZDIZDN2gqqqS2tpVXO7uYWBwiAsdXdTVrsLj8eDz+bhv7x5yuRztx09RKORp3bKZ+z93gFCoGPCl0mnOnD3Hpcvd5PLLT0+/F+TzBdpPnGTXju1UhCqwbYuGhnp+78vPUFe7isvdvcQTcVDg9XpoaKjH0A1+99bb8xbVupbe3j7aT5xkVU0NwWCxR++G9ev4w699lcY1q+ntGyCXy+Hzeamvq+PUmbOcPHWGrouX2LVjO7quU1VZyVd/71nq6+qKoXkiSaFQwOv1UF9XRzhcxa9efZ2h4eHb8KRuQwlrZD3bm0M3VbkqC1oJIYQQQgghrqUnlySKjScCzPkZIhqxsUmS+ARaAnzyPjvtBF7sGeZgXZDoQ8wLRR9pqyPEMKdLLQG+8b39NAx/xJ9+f4mp/T/qZfBAXbnSteyh3dQHYfDMjbUEeHsiyfM3dMQn6zevHOfgf9pPw9U/jNs2i5dbJun44Dhrt20FcsSGJ8jaERoiEaLbdrFp6AQdtyOG+IStSLiquQWMdIoFk9RdFxwX+0w7nhMfoZeq5cxLnVidZ8lv3AqWDZqGchXaTAK78yyew29gxkbLp9EdB8/5U2i6QaF1B86qhmL7gWwGMzaGebkTs/MM5vjokhGOkcuiXzyPMTKIW1GF6/WDctFnEujJBFo6hX6N1gMrLZvNcqGji3fefY9nv/RFWjdv4g//4Ks01NfR3dNLJpslGgmzc/s2Hnn4QQA+PtrOhx8fnTet3jRNNra08KUvPM2p02eZnp7Gsm0a1zRw39697Nu7m0wmy4cfH+XIsfZy1ejExCRvHXoX27b5/FOP09S4BtM0qaysYG/bLra1biadzpAvFNBLVZEej83HR9v5l//vZ7zz7mHq6lbRunkTlmXRUF/PF59+ivv27sVxHKKRMJWVFRiGQTab5fTps7z1zmH6BwbLC3nd6zo6u/jtm29RVVVJU+MabMtix/atNDc1MjU9zcxMCk2jWPVbVUk8nuTi5cv09Fz/f4njiQSv/vo31NfWsnfPbjweD7ZtsXfPbtata2Zycpp8IY/X46WyIsQvX36FH/34J/z8ly8TCgZZt7YZwzDY2rqZxsbVTE5OMZNKUSgU8Ng2kUgEyzS5dLmb0bGxW2oLMN/SoaoCtMVenrMg1nIe/uNv8PzG4u/LlqpQXWy7LGglhBBCCCGEKE6tt+cs0NRINGRDInllsajei8TsXUSbN9A8UVpEKrKB+pBNLjG86KJSK6rUY5Wr+qtGW+oI2jmSQ3234aKTZLNNt7To1T3jR3/L+80/4OBz3+Ubh0qLWj30Tb68MUii87Uri1xd04/5qw+b+OGBr/GXXz9cWtTqAb7zTAuhZBcvz/Ztna2Affh5OPTj4j5/8wXqrz5dT5LEgWv3fL1jun7MC78I8s2HbU6/08vaJx9kU+SqpDU5zPuvvAsHHqc5+Ttie/4DB+uAZBevf/8F3m75Bt//P3bTcOA/8O/59pyFwO5dKxKuGpk09vnTpFc3o/kDoOvFHqbxKezOc3je+x1G7MoK9PrEOJ5Dv0GbjOHUNqBME2NiHHOgB7vrPMbwwIKep2Y6hXb6GOZgLyocRZkW5POYkzGMqRhk0tesjdNcFyM+hRGfKvedvBMTh2dngyulGI/FePOtd/D5fDx4/+fYsW0ra1Y3MDY2Ti6fJxQMUlMdJZvL8dahd/n162/Q29dfntYNxRCpvq6Wzz/1BPft3UMqlcIwTaqjEaKRCMmZGQ6//yG/fv239PUPzBmHYmhomNd/+waJRIIHHzjIppYNVFVVYhgGgUCAwJwQVCmF67pUVISwbZv24yfx+Xxks1k2bWwhGAhQURGiouJKkbjrukxOTnH67Dlee/23nDp9hmw2Ww5XFera0+PVdewzb4zz91fXON5V7vWNY875ZqVSaQ69+z6GYfD4ow/TsmE9AX+AqqpKwuGq8r6zbRFsy6Zu1SoGBgYXPd9Szl/o5Cc//QXZXI6d27eV36Oa6mqqo1f6F7uuYm1zE6Zh8MGHH+OxbZ584lFaN28mGAxQEQpRWVGx4Jr5fIGmxjUYhrGC4SrMC1gXzVqvbLyNLVqFEEIIIYQQoizWdY5Y0wb2RHexZ/bHqcQEx7rmB5Y9XSegZVdxEanStiuB7O0VTU5wrDfHprYIzW27aC6/kiTWfvG2hbs9XRN4ytcszf67Tde6/YJzpvNfMfhhMdB78fvfhu/9gIP/ODtV/cprs178/kc0/+N+fviP+68695z2AD/6W/6U7/LDAz/ghwdKLy+odp0NYWfPVTz+9MNXrg3AoRd4ue2veX72XMtVzd4hsUP/xF/NVvse+je+8b0fFMNTAIZ5/89LYfWhYmHTwa/vZlOwhWiwjr3P3YcdbCIKZCd66bntv6X4ZKxQ5aqL58wxXL8Pp6kFZdkYM3HMixewOs9ijg7NC01018W61IkxMY5TEUaZBsb0NEZ8Ci27dEhqZDMYQ/2oof5igFu69o1SmobSDZRpoTkFNNcttiC4CUop4vEEJ0+doaqqksvd3Yv2rSw4BYaGhjl67DhjY+NMTk4VtxcKXOru4RcvvUxfXz/btxfD1XC4CiiGd6fOnKX9xElOnDxNT08v+Xx+/rkLDj29fVy8dJm6ulVEo1F0XSOVStN18QinTp/lyLF2+voHFozNdV0GBof4zRtvculyN1tbt9DSsp7V9fUEg0Fs20LTNHK5HIlkktHRMc6dv8Dg0BATk5O88+5hRkZG2bVzOxtbNlBbu4qA3w/ATCrFyMgo585f4PiJU3R0dZFIFFtDZHM5evv6OdZ+AtuyALjQ0UlyZmbe+MbGxzlx6jSVFRWlz2NMTEzOC5fj8QTnzl0gNVNcyCyXyzEwOESy1HYBpdB1HYXicncP2Wx2zv0runt6OXrsOH6fD4DLPT0kk8l5AeTwyAjtJ04Srqoq39vU1BSO4zA6NsZv33iLvr4Bdu7YRsuG9dTUVBPw+zENA8d1SWcyTE5O0tc3QE9fH5lMlouXLmPbNlZpEbiOzi4ymStjmyufz3PkWDvxeJw9bbvYvGkjdXW1VIRCWKaJ47rMzKQYHRuj/fhJ8oU8qVSaN956h/7BQXbv3EHLhvXU19cRDAQwTRPHcchms0xOTjEwNERH18V5z/V2WKkA9Z3//iITN9kWQAghhBBCCCFmF4i6lp6uE8sGmbGuc4tUePbR0d63zOfLHVt6bWISmFz0uHkWXY9iko4zC/uxXn0vi9/bYmNdfM2Laz2bO+pHf8ufXkdF5Ivf//YyVaoP8J2/2Q8ffnvBub7xvR9w8Jlv8sihF4o9Va/neovtc2jh9d/+h7+4p/q0JhJJsnVBPEB2YnhBGP/+j16g++t/wX85EGHTQ3/EJgAmOP3ffsCLXZ/4cG8Lbd/9j15fud41KMANhXCroijdRM+kMKYmIJu5ZphyI4GL0jRcywZFKRh1rvtYV9NR4Qj5pnU41bUUfAH0fL5YNTvYizk8gF7IX/tEV/H5fNTVrsKyLOLxBCOjowsqA3VdJxIJUx2NksvlGB+PzVvpXdM0/D4f0VK1qT/gR0MjnU4zMTnJ6Ng4qVRq3nn37tnNf/6P/zstG9bz1juH+PFPfophGISCQXRdI53OMDE5xXgstuDYxei6jt/vJ1xVSTgcJhgM4LFtNE0jm8uRTCaZmoozNT1NMpksVzgahkFFRYjqaJRwuGpeuDo5OcXo2Pi8/WePqa6OUlVRgVYKylOpFGPjsXktD8LhKqKRCGYpgMzn84yOjZVDWoCA3091dRRfKRxVrktscpJUKlV8ln5/OWibnJoiFpsoh8zFnrZRKiqK7QsA0ukMo2Nj88ZRVVVJNBLBKgXBrusyNDw8bxyGYRAKBYlGIlRVVeL3+bAsC8dxSaVTJBJJJicnmZyaxnEc6uvqCPh95fuPJxKMjY0vCM+vFgoFiYTDhMNVhIJBbNumUHCYSc0wOTnF+HiM6Xh83vsaDASIRMJEImGCgQCWZZHPF8jlckzH40xOTjE1PU0mk1n22tcyk0ygadq8P8x+TOljmPN3+X+48un1T/NfjixoJYQQQgghhBDipj30Tf7uuTqGFixgVQpXg138+M9fuKeC0Dsl+tCf8J3fb4Ge43TbW9keGuY3/+0FXr7D4eobr/4SgPb2m1tZq62tDVihylUohiJGIoGRSFx3WOoaBsowQYGezy57jGtaOJEo+TXrKNTUgWFgzcTRh4ew+i6jp5LLHA2Ox0N+3UZybQdwGppRgRCuZaI5Cj2dpDA6jHXhFJ5Tx9AT0zdw55BOp7ncvfzva1zXZXw8xvj44r+XUkoxk0oxk0rR1z+AXgrcXNe9rmnj+XyBsbFxYhMT6LqOpmk3PL3bdV2SySTJZJL+gcHyeWbHt9RYHMdhcnKKyckpdF2fN/alKiEdx2FkZJSRkdFFX581e97lzKRSzPSmFn0tlRpYdPss13UZGR1jZHRs2f2mpqaZmlr+68JxnPJ+s89O1/Xyc7v6WfQPLD+2pSQSSRKJJL19/eXnPfusF3t/XNclnkgQTyTo6e2bd8xi47otZM6/EEIIIYQQQoh7yaEJEs+1zOmTWvTIt/6ag3Uw+KEEq9crduif+N6ha+93r1qxcNWxPWi2B2WakJrByC0+vRnA8fgorG7CaWik4A9gFPIYw/2Yl7owMwtDsoLXT2HLdnI79+LUNuAEK9A0HSefRZuMUTh/Cu9H72LEFw/hXI+PfOtOMg88TmF1M5ptX6mcA5xgEBWO4karcT0+fEcO33DAupKUUjfV93I2WFuJsOxmx7BcoPpZMvsMVrZ/6Xyz79GNXONmjhFCCCGEEEIIIT57fsxf/Rn85YKeq8O8/2d/cQOLXolPu1sOV13DJN/YTKF1N044ArYXY2QQ6+QRrMFetKsq6ZxINZmDj5Ffvxk3HEGZFo7joCWmsI59CB++g5m+0nfT8XjJth0gf/+jODUNYBrlakpXBSBUiVsZRtN0PG//ekGo6xoGubUbyDzyNM6ateUp2HNpmlYcx6oG3PseQJuJ4z3yPvpN9mEVQgghhBBCCCGEEPe6H/NXf3Z3LSgl7j63FK46Hg+51l3kDjyEU9+Ea3vQDJ3C2hbykWpCr/0MI3ZlurUbqWHmsS9Q2LEXFQiVF6VylUIFQ6gDNsb4CObpYwAoTSe3dgO5B57Ara0v7z+PbqAqw+S2taFfOI3Re2ney8oXIL99L05D0+LHz9I0MAxUuJr8tj1YFzvQY8tPWRdCCCGEEEIIIYQQQnx2LZM2Lk9pGrnte8g+/gyF9ZtRoQo0jwdMCxWqoNC6g8LajeX9XcMkfd+D5HfuQwUr5gedpQVv3HANhS07cI1i5usEAuTbDiwdrJYWy1G6gVsVRtU1zB+jbuBGV5Fv2QLm9eXIyjRxV9XhRKtv/KEIIRZaomXwiqykJ4QQQgghhBBCCHEH3XTlaqFuNdmHn6ZQ14hmLDLV3usnu7oR+5iGphROXQO53fshEFp8NXBNA0MnV12L17LRXAdnVR2F9VuWrziluE6OMm0KlRGUppVbEShdpxCOoiqrrvu+NE0D2wJ/6LqPuVOmp+OcPnuOyclJLl6+TKFQuNNDEuIaZGUrIYQQQgghhBBCfHrcVLiqNI3c5u04dWsWDVaBYljqlv5WCmfNOtxIZPFg9cqZQbnFelpNx62MXH8wqhz0XHZ+j1cNlNdT7Kl6nfcGxSHg3P1BZf/AID/56c/x2DaJRJKZ1MLFwIS4+0ngKoQQQgghhBBCiHvTzYWrhonTvGHZqfZaPocxMQaOg9J1crV1YFjLn9h1McZH0bM5FOB6faAb1x4PCiObxRgbvup8CiOZQBXyYHuu484ApdBnkphzesXerTKZDAMDg3d6GELcPMlVhRBCCCGEEEIIcQ+7qZ6rqlSNuhx3YhxPd2dxmr2mgauWrlpVCuW6aNksdscZdKeAhsKMT6EV8tcYjEIrFGB4AKO/e95LmuugjY9hjl3nwlRKoaVTGJ1nZTErIW7GNf5dEEIIIYQQQgghhPg0ualw1XAKaJMTS76u5bL4Th5FHy1WkmquiznUh5bLLn2M62BevIDZc6m4wXXRRoZQYyPLjkUphT49iaf9A6xkcv45lcKYimGcPgrpmWvel3IKMNCL99RRtGzmmvsLIYQQQgghhBBCCCE+u24qXMV1sbrOos0kF7yk5bIYZ45jfXwYfU7VqdF7GaO/Z+G5lAKngHm5E//br2ImpornAaz4FJ4j70Jq4XUAlOuiT8aw3/0t9vnT4DoLbzCbwXPyKJ5jHy4dsCoF2SzGxQsE3nkNa6hPZioLsQJutI5VgVS/CiGEEEIIIYQQ4p5xUz1XAczuLryH3yBz/+MofwCtkMediOE7eQTzyGGsq3qW2uOj8OYrJC0LrbYBZVqAQkskMM6dJPD+mxiDvfMXpMpm8B55HwybzP4H0KsiV47LZrC6u7A/ehf7wim0TGbRtgOaUpgTY/Dmq2ixEQq7DlCoqQWvD1CQycL4MJ6Os3hPfIQ+PLhoSCuEEEIIIYQQQgghhBBz3XS4aqRT2Id/hz7YixOqQM/lscaG0UaH0NNptKtq1jTlYnaeIzA1iWpoxLUtNFdhxsbQRgYwkgk0151/jKZhzCTxvfc7PN0dFKKryscZiWm0kUHMqclihexS/VwptSWYimF8eIhC5zncmjqcQADNVejZDMbYMHpsFD2TRVPukucRQgghhBBCCCGEEEKIWTcdrmqAkYyjnzsJml6sOHVdtGWqPo18Dn2oH8aGUYBCoTkumuMsmY1qGhjZNHrPJcy+bpSmoZRCUwpdueBeXxiqKYWWSWMN9aNGh0thrAJVWvjqOs8jhBBCCCGEEEIIIYQQcAvhKhQDVq1QuLFjlAv53PyeptfR4FRzHXCdW+6FqimFNqcXrBBihSm1aCW5QqFJN2MhhBBCCCGEEEJ8itzcglZCCCGEEEIIIYQQQgjxGSfhqhBCCCGEEEIIIYQQQtwECVeFEEIIIYQQQgghhBDiJki4KoQQQgghhBBCCCGEEDdBwlUhhBBCCCGEEEIIIYS4CRKuCiGEEEIIIYQQQgghxE2QcFUIIYQQQgghhBBCCCFugoSrQgghhBBCCCGEEEIIcRPM2oY1d3oMQohPif/zP/9HDNPEMk0sy8IwTUzDxDAMdMPANA10XccwDDQ0NK34B+3Kx1f/ARZ8PPfvqz9ebpsQQgghhBBCCCFEUWFFzmKODPavyImEEEIIIYQQQgghhBDis0TaAgghhBBCCCGEEEIIIcRNkHBVCCGEEEIIIYQQQgghboKEq0IIIYQQQgghhBBCCHETJFwVQgghhBBCCCGEEEKImyDhqhBCCCGEEEIIIYQQQtwECVfF/8/evYdFXef9H3/hcAgDK5VSsCA0RDdvMFPTRNy2o6kpmGWtoW1Ze+fW5SF/GrlmRrolene6d0M3ZF0PmZIpZWlZCEnqmrB6C5IguIImShuwEij6+2MGmIEZDgM4gz4f18XVMPP5fr7v+TLS5cvP9/0BAAAAAAAAYAfCVQAAAAAAAACwA+EqAAAAAAAAANiBcBUAAAAAAAAA7NBm4arBYGirqQG0AH82AQAAAAAAWodra0/YsWNHzY+erY6enrrpxh6tPT2AFjqaf0y/lP+iBa//SeXlvzi6HAAAAAAAgHar1cPV+S+9qB3fpOiL7V+19tQAWskD992t+S/N1px5rzq6FAAAAAAAgHarVdsCGAwGeXbsSLAKOLmtX3ypq6++mhYBAAAAAAAALdCq4WpVVZX8aQUAtAs33dhDVVVVji4DAAAAAACg3WqzDa0AAAAAAAAA4HJGuAoAAAAAAAAAdiBcBQAAAAAAAAA7EK4CAAAAAAAAgB0IVwEAAAAAAADADoSrAAAAAAAAAGAHV0cXAKBpDB06qGvXLvLrfoNuuL6rrrvmGrm6GlRRUalTp8+o8MRJFZ48pdKy/zi6VAAAAAAAgCsCK1eBdqBjR0/1DuqpO24PVc+b/dX52mtU/ssv+vfPJaq6UKUbfLrq1r7Buj20n/xv9JObm5ujS4Yk6bS2PH+7Bg68XQOf36LT9s6y5Q/GOQb+QVvsneQyxbUBAAAAADgSK1cBJ9e1S2cF39JT117jJVeDQceOF6j4p59VWlamqvNVcnd3l7f31ep2vY+uu6aTfhV8i2643kffZxzU+fPnHV0+AAAAAADAZYtwFXBiHT091f0GH3Xtcp3Onz+vg5nZOnmqSOXlv+icKTjt4OKiM8VuOlP8b93o111+3W9Ql+uukV/3G5T/rwIHv4MWOrhMQ6eut/6al7+CfAN067h7FDH01+rt63FpawMAAAAAAFc8wtVmum7IoxoTXKbU+CTlOLoYXNZcDQb5dO2sHr7dVFlZqZyjx5Sbf0znzlmuRq26eFFVFRWqqKxURUWlLly4IP8bfXVLYICKTp/R2fJfHPQO2lhZvrKz85X9p2Qlyl1dhkzTmzGPqZ+3owsDAAAAAABXCqcMV3ve/6SGdTd7ojRXmzd8o58cVhFw6XXq5K1uN/jIzc1NhSd+VN6x4/WCVXMXL15USWmp/nW8UNd08la3633U/YbrlZN37BJW3XYeWb5b0/tJLi4ukiSXyjIVZn+jdSveU2LaGZ1JW6onx+xTzOpY3evr4GIBAAAAAMAVwck2tOqmO8Y/qWFeudoc/4ESTF+pZYEaM36ErnN0ecAldO01nXTtNdfo7NlynfjxlCoqK5t0XNl/zqrgxElJUg+/7o2Mbsc8vOXbb7RmvPW5PnkrQv6SVJas6OdjdaDC0cUBAAAAAIArgXOFq71uV2/vszq8w3KVas7nHyiBlau4wri5ucnD3U2V587pp3+XNPm4ynPn9PPPpTpfdV7du13fhhU6j65DX9Lbfxwid0nKX6sFa463KrMAACAASURBVA87uqT6undRyzsWBMi3ayvUAgAAAAAAWoUTtgXoqGs6SypuZFjnEYp8KFBepm/Lsj7TxrSTta/3GqWoMPNg6ZRFn9TrhjyqMdf8nxL2dKmZ52TKB/riiCT1031TBqqbjWONuumO8SPV29vG+YEWcHFxkaGDiwwGgy5elM6ft90OoK6LFy+q8tw5VVae19UdO7Zhlc7Fd/R8zdl+v15Nk/KXb9S+x6I1wNoeVxWFOpycpsRtG7VvX7byyyTJS/63DVVk1DRFDPWV7a2xSpW3a4viEjYq7ft8GQ/1121DIhU1dbSGBjQQn7p7m+Y9rQNbEpSQsEXJ+WWmc9+rqBl/0Ojejcev7qY6Dm+L0/KEbUrLPqNKuavLrSM0amKUou7t3YQQ97QObFmrtUnf1LwPL/8gDRgyUVFRo9WvsQDX7mt4QLEDp2idhuiPW9/R6K5S6eEvFLc8TknJ+SqTl+55c4NeH2FZgHFMgranZetMpeTlP0BDIqdqxsQBjb5TAAAAAADaknOFq0fydTLsenULe1L3qTrotKLXKEWFeenwJx/ou2LJGIaOVKRMAWevUYoKk1LjPzAFosYgdNj9/ZTz+YHaebx+pci7TmpH/Ae1q2KrQ9sTe5VgGnvdkEc1xuLY6zVsyggd/uQDJRRXb3I1QnccXmeqB2i5qqoLunjxojp0cJFcmn6cMZjtIIOhgy5cuNB2BTqdrhoRca9eTdsmVSZq275ZGjDUPOI7rX0rFyh6eZrO1OuwUKb877dp6ffbtPHReK2e2c9KOFiobbMeU3RyWZ1D8/X99qX6fvtSeYXP1+qY0fK1lc4WfqEFLy5QUrZ5AWXK/z5Rr/52n7I/WKOZ/WxHu5JUmrdFC6IX1ZmjUmcOblNC9DatXTtNH/xlsnrbmKYib6OipyxS/beRreT8BUpeF6vwOSsVExlg5Rq09BpWy9OZM1Lh9zP1eHSyakvx1YAA82C1UN8smKXopGxZXLH8fdq+9Bltjxug5yK72DwLAAAAAABtzbnaAuiAvojfq5OSuoU9qagpTypySLc6Y/rpvrDrVZb1jVmQeUBfpJySl1+wsS/rkSQlWKw0Panv0k9J3f3V03wq7zKlW7Qb6KY77gqUV2muNpuFsD+lrasJWo1OKTW+Nkj9Ke3/dFId5de7bq2AfS5evKgLphWoFy9caNYK1A4dOsizo6eu7uipn0tK27BK5+N9a7iGmB4nfZ9d59UzOpCUpjOVXrrt0fn64JOvlbr3H9q79x/au2O1/jjKX5KUv+4ZLd1Xv2lr3saXTMGqvyLe2lx7bOpmfTBnlILcpS63BtkOVg/GasrD0dqme/XHv39uOv5bbf37XA0x9jPQuui1arihwVq98PACJRX203NvbdAOUw2pWzco5tEguUuqPPiunly6S1bbzhZu0YuPm4JV/1Ga80Ht+0j9JF5zRvlLKlPy4sf04pZCKxO07BrWOqH8pFg9H52mgKi39dGO6msZr8iA6jEVOhD7B71oClb9R83X37d+axy391t98sFcjfI9oPcStjV4xQAAAAAAaEtOFq5KxoD1AyXEf6bDpZJX8EhFTXlS9/UyvdzLX910VgWH69yCX1ymMm8vdbZ4sp/um2IMaY0tArzkYznAUudg+XlLZQVZ9HeFw50t/0Xl5b/I29urWb1TPa+6Std37aJz587reOEV1qqiq69xYytJldmFOm3xYm9NjHlbf9n6jd6fOVr9fL1rV1Z699bo+a/rue6SVKnEjWmyjKUP65uEg5Kk7s+9rrnmt717+Kpf5Cta/fnXip/c23ZtBw8qb8h8fbT6FY3u3dV0vIe69o5UzPxw45gTcdp+wPYUkuQ/KkaffP2+Jg8NqLn936NrgO6dGa+3HzVuYFaZuEj1287maWP0AqVVSuo+UX9Z/Yoi+9W+Dw/ffoqcv0YfPOovqVJpr76kjXl152jJNbSUtG6jfP+4QfHThqqmm4JHbTJdsStWz67LN77nR+O1ev5o9e5aU618+0Vq/uoNirnnMt60DQAAAADg9JyrLYCFk/puwwf6rrr/adgo9TxSvRq1o3o/9KTqxxhn5dNZyimu7Zl6MuUDJRxRTSuBpigrusICKTil02eKdU0nL/W62V9dr7tW13TybnQlqsFgUJfO1+pGv+46X1WlwhM/XqJqnUUXBd0m6XtJqnffujx6D5XtLp29NSSiu95774S0fZ+yXx9hNrZSZ04YH3l721ia6u3dcK/ToBmKXzJavtYOvXWEblOyvlelsvNOy3bT0yGKeu4+q3NIHhowdZrC10UrWSeUmHZYk3vX/pas2LdGSw9KkrvumTHVej9aeajftJmKSHxeiZUHtXTtPo2aO8Di9n77r2Ed4fMVM9r6O5EKlbQ80fgT7D5R86fZajHgq9uGBEjbT9isCAAAAACAhvTv379FxzvhytW6jLf8W646PWvsdxpf98t4q37P+weqm04pNb6Bvq0N8PLh9n44XkVFhYp/+rfOni2Xr283DbwtRNdd08nmeDc3V/n38FXwLT11/vx5Hc3/l04XX2lrsN3VQKPPRnXpUn1Pep4KLZa9BqifaXFp9tJYWb1jvtHJvWXzn3e6dFGArdeaw7ufwm8zPjyRlq3aMiu0b5sprNQojRrSQAzsMUD3jjJum1WZ+IUavLvfCtvXsI7uvrbD6NP7lHzQNCxilBppQwsAAAAAgMM48cpVG47k62TYQGN/07QGVpieyDfrudpExVkqKA1Ub79gXaeTtAaAQ3l5Xa2unTvLy+tqubu56fquXdTvV8E6dbpYRUWndbb8F1VVVcnV1SBvby/d4NNVvt1uUMeOV+nfP5cq52i+qqqqHP02LrEyVZ5p6tgKFR7ep33f79PBfWk6mFeo7PwyG2O9de+M+UpKW6C0yjS9+tBQrbtnmqKiRii8t29L8lwjD2+5t3QOSZKvfINkXLn7fbbOSKZVrnnKTjMNGTJAQQ0W7CH/AQOkxDRJacrOk4ba7HbQnGvYdBXZB1Rdbni/BlotAAAAAADgYE4UrnbTHeNHqre38Vb+2hWnxg2sdGKvaQOpA/oixV9RYSN1X5HZuM4jdEfnb/TdEan457NSsL966oAxYO01ytRz9WwjNRg3vuodFqi7hmRpY3V422uU7lOSXatgAXtc3dFTPQNukv+Nfrq6o6d++aVCJaVl6tqls669ppO6+XTRufNVunjxolxcXHTVVe7yuvpqVVVVKTfvmIrO/FslpS0PudqfUuVV72Pl5W019CzN26WkuDjFbT+oZl0h39F6+yN3LYpepMSDZcrevlTR25dKXrfqnqlTNXWUWe9QB7Ie0ta2NZC/r2w1HajWtXuApDRJJ3SmfncF+69hE5XWFDtAQbRUBQAAAAA4MScKV6XDOz7Q4d6PakzYk4oKq32+LOszJZivUj2SpITiEYp8yHzcWZVl9ZOOHNBPad/osN9IDZvypIZJ0om9SvikTJEPNeF2/5q5RyoquPrJUzqZNULXHfmmNd4m0CAvr6sV6H+jbva/UZ28vVT2n7PKO3ZcP546reuu7SSfrl109dVXy93NVR0MBlVVVemXXyp0+kyxfjx1Wid+PKX/nC139NtwjMI8VWer3YO617ntvEKHVz6jJ987aLo93l1dbh2hURGjFN4vSAFdvFX6zSw99GqabPK9T3Pj79M0U7iYkHxQZ8oOavvS57X93SBFvf2+pg1wgoS1zbTCNWwWd1tpMQAAAAAATsGJwtWT+qlYUto6JTTl7+XF32hjvK2ws3ozLEsb42sf/9TQeRqa2+pxB/RFfCNbfANN0NHTUzff1KMmWD1bXq5jxwv0Q06eSkpLdarotIr//bO8rr5abq6uMhg66HxVlcrLf1FJaZl+LinR+fNXWiuAWqUHvzHuZSV3hQ+wvJ289JsFNaGg/6j5ipkxWr3r5KBNbS/qHTBUE18fqokq1eEtsXp1cZKyK7OV8OxL8v/kHdncp6nNndaJfNPD7l3Mckl3deku6YSk/EKdVr8GV6+ePpFXPYm6mIWbrXkNG+LhXT1pmrJPSI0utQUAAAAAwEHawYZWwJWho6enbukZoN639NQ1nbz1n7Plyv+XMVgtLSuTi4uLzp0/r8ITPyr7SK4OHf5BBw4d1qGsH3Q0/186U/zTFR2sSnnatjbZ+NB9lEYEmb92Wt8kbjOutrx1rpbMrx8K2sdbvUe/otUfzdcQSVKalm873BoT26ciW/tqeqsGmW2SFaCgIaaH+w7qRL0DLZ04sK96EgXVTNJW17A+7+5Bqu4GkJ/X0K5YAAAAAAA4FuEq4CQCA27ULT0D1NHzKlVUVCr/2HH9kJOnn0tKrY6/ePGiLl68eImrdF6FW2K11LTD/K0zHtMAi4arJ2o2dLotYohZ6NhKfIfoHlN4ecJak9JLpDQtSUmSJHdF3DvArOeshwbcG2FcyVq5UUm7GlhfWrFLSYmmm/4j7jO7jm18Dc0F9NMQ04rZtO1pIl4FAAAAADgrwlXASfTtfYs83D1UUVmpI0fzdPhIrv79c4mjy2oXCre9oudfTTOuqvSfpjmR9aM/D1NYdzD7jNU5Sg9v1KuLbfUKqdCBjWu0z1bKV3FC2aY76bt3acsmofu0PTnP+q33pfsUt9S0stR/qiIs02V5DHhMM26VpEolLn1XB6xOUqED78bKmK366+mIARabgrXsGjaDxwBFPG1au5q2SMtthcGFW1rnfAAAAAAA2IlwFXAS1WFq5uEjOvxDrkrL/uPokpxaRelp5e3boqXP/loPRScpX5L8I/TWXyard73RQRoyypgMVq57RQu2HFb1euCK03natfIZjfntIu1z97K6f1Lhlll6dvFSPfvACD2zcpfyTteGfRWnD2vL4le07oQk3aqoe+ufvfVUKm3xeN3/zErtyjttClkrVHhgoxZMecZUg78enT/RyjUIUGTMfOOK0Py1evLxV7TxQGFNUFtReEAbFzymJ9flS3LXkD++o8kWk7TsGjZX78iZuse41FaJLzymBVsO63RtsTqw8RU9/vAC7WPHKwAAAACAAznRhlbAlS3jYKYyDmY6ugyn9eHTg/WhzVfdFTRqrmLmjFaAh7XXPTRg2hJF7Hteifn5Snr1cSW9Wuf4R9/WWxPP6NWHFqjuWkjfEVM1bXu23k07o+/fe14Pv2ftHP4a9ebrimzLzawiYvRB0DY9v/hdvfDwu/Vfdw/So2++rZn9rF4EyXe03lxdqegpi5Scn6TFTyZpcb1BXgqfs1Ix9Xblatk1bDbvEZq/eq4qpyxScpm18xk31VodJS19uBXOBwAAAACAHQhXAbRP7l0UFHCrbh0XoYn33amAxjZX8h6qufGrNSAuTgnb05R9plLy8tdtQyI1dVqkBvh6SDogf6l+UOfdTxPf/kIRhQe0be1KrUvbp+z8MkmSl3+QBgyZqKio0erXxrvau3v7ql9krL4OP6AtCSuVkJSs/DLJvUuQhtwTpaen3tfoJlMeAZFa8nW4DmxZq7VJ3yjt+3yVNfV9tOQa2sEjIFJLNg/QrqQ4JWzcpe/zyyR5yT98tKKiojS6X1ep9Bt5tcK5AAAAAACwh8vtQ0e06o44n3y0Wg89/HhrTgmgDbTFn9VFr70qg6ur3Fxd5ebmJoOrq1wNrjIYDOpgMMjV1aAOHTrIYDDIRS5ycTF+yaX2cd0vSfUem/+37uOGngMAAAAAAJAkN5fzrTIPPVcBAAAAAAAAwA6EqwAAAAAAAABgB8JVAAAAAAAAALAD4SoAAAAAAAAA2KFVw1WDwaCjecdac0oAbeRo3jEZDAZHlwEAAAAAANButWq4WlVVpYqKX/TAvXe35rQAWtnI++9ReXm5qqqqHF0KAAAAAABAu+Xa2hO+8tqf9Mfo2Rp5/z266cYerT09gBbKyz+ms+XlWvDaYkeXAgAAAAAA0K61erha/ssvmjvvVRkMBlbFAU6IP5sAAAAAAACto802tCK8AZwTfzYBAAAAAABaR5uFqwAAAAAAAABwOSNcBQAAAAAAAAA7EK4CAAAAAAAAgB0IVwEAAAAAAADADoSrAAAAAAAAAGAHwlUAAAAAAAAAsAPhKgAAAAAAAADYgXAVAAAAAAAAAOxAuAoAAAAAAAAAdnD9x6+/rvnm9q9/7cBSAAAAAAAAAKD9YOUqAAAAAAAAANiBcBUAAAAAAAAA7EC4CgAAAAAAAAB2IFwFAAAAAAAAADsQrgIAAAAAAACAHQhXAQAAAAAAAMAOhKsAAAAAAAAAYAfCVQAAAAAAAACwA+EqAAAAAAAAANiBcBUAAAAAAAAA7OB6qU845LcL9fTIm+TdKrNVqvC7OL3w9t5WmQ0AAAAAAAAAmurShqv952nO74fJtxWnDPCfozf/L1IvftWKkwIAAAAAAABAIy5tuHpL59oVqxWVqmjRZO7y8DD+17tLC+sCAAAAAAAAgGa65G0BjMq07y+j9ez6FkwxYZl2vBDaSu0FAAAAAAAAAKB5HBSuXpnmrd6h0Z3TFfvADH1oc9RsrU+9X12+f1e/eT7xElbXNI+8vVkzbyvWlmGTtdDRxQCSLl68aPHf6scuLi6OKgkAAAAAANhg/vf16sft+e/wV3y4agwLveo8W6Z9b43R7z9ySEkAmujixYu6cOGCqqqqdOHCBV28eLEmZG3Pv5gBAAAAALicubi4yMXFRR06dJCrq6s6dOjQbv8ef8WHq0bHLFZiPvL2Zs18YYe+CnPO1aMAVBOqni6p0J92eeibf3mp8KxH7YB2+ksZAAAAAIArgV/HCo24sVzzhpfrmqs95Orq2i4D1g6OLsAZffj8GMV+Xybv26Zp/UuOrgZAXRcvXlRVVZWSj1Tq/nXXaM3hay2DVQAAAAAA4NQKznpo9eFrdf/aTtqTX6mqqiqLln/tBStXbfjw+VRFpt6vgF/NlvSG8cmHl+ori0206rcPqNtmoNRq71RjX9UA03d5n92lCa/Xr2He6h0a7V/93TErfU4j9Oet0zSgpiAr7QwarXm21qcO05m3xqhwrOl8pbV9YS1qKE3Xlh/q1wlcahcuXND58+f1da6LTpQTqgIAAAAA0F7llV2lrT+U6Ta/c3JxcZHBYHB0Sc1CuGrTGzqQf78COnfTI5I+fHipvnqhl7LfuqsmmJy3eodGP7lUj3xk2qDqpZWaeZu0r2bMbK1Pnaw/P5xYG2Z6h2pm6jFtGXaXJlTPMXKl5r1uGZx63zZN/T67S4Mel6pD1NGpK6WagNUUrCpdscNqz7/nhR1af4sprG1KzZIkLwU9uVldUqrPZzbW3yzUfXipvnrBS1Jxa15ooFmq+6qeO3dObp7XKuVp6QYvqUtH6TrP2nHt8E4CAAAAAACuGD+VS2fOSqf+I23c76lz50rl5ubW7jappi1AA7LPlEnenRUkSR/N0G+GWa4KXbgpXaXevTTiYeP3j3TrLJUe0Tc1Y97QhDrHqDRdsWYrUBduSlepblK/Ou0HSr9/12w1a6J+/4HluEfenqwB3se05QGzkPT1ydqSLwWELdUjTay5xg8rLVfPvrRSo/2lvM/MQt+PZiju+7KGLxrQxmo2sTp/XjEPuGvoTVKvLpbBKgAAAAAAcG7XeRr/Pj/0JmnePR66YLZZdXtCuNpsEfrz1h3ak7pDe14Ilbe81OUW4ysfphxRqXeoZqau1LzWPu1HJ3VGUpduEZIiNOIWL6m0WNl1hi38v2NSvfDUds22PNKts6RjOmClXQHgaBcvXtSFixfU6Sp+hQEAAAAA0N5d29FVVRfaZ89VkokGBHUxDzCrA8ppCvrhXQ0adpcGvZWuUvMDPpqh3wz7XHm6SaNTjWFm622IdURnSiXvLr1qnyo+aXZrv7nq8LQJNdtg+d4B51LdGgAAAAAAAFwe2uvf9R3Uc9VLQRMS9NHYFkzh3tlsk6a2MFv9/CXlGwNM4234VjaMqucNTRhm3ADL2E91h9bL+oZVzdNLXbyl0h+O1D5V3Q+23tgynfmhOTXbUN0SAXAi7fEXLQAAAAAAuDxd2nD1TKUqJHlL8u5+U+uFo5WtNVGtR94epgCVad+mN2qftOin2riFj3+ufqn3m27lT2xZQS/1VYCkvJPGeb75YbIG3FY//Jz3q5uk0nRjnWHNr7mm9v87ptH+neX7sCR7glkAAAAAAACgmdrboqpL2xbgq6Va/uUxlVZUqsLmV51jGhxbprydK7VgU+uW+cjbmzXzNi+Vfr+yZsXnhyeLLXuZPrxUX70QahEQz1u9Q1+9HVH7xEt9FaAyZac0P1j1vm2y/lzTN3W21o+8Scr/vGYF7IfPr9S+0ps0eqtp8yqpdhOqFOMmV02p2abXDylPXhrwpNn8Dy/V1Nu8mv1egLbQ3n7ZAgAAAAAA29rr3/MvcVuAH5U4P6rBNZyPvrNFM80CvIofVmrYM2vbuC5jj9TRNd8f05ZhY7TQfMjrk7XlVzs0+oUd2vOCpNJ0xQ77XJGp95sGzJb+73OdGTlNe1Kn1RyW99lddtySX6Z9b62UnjSdS5LyP9egx81W0SpRv39A+vPWaZqZukMza44zO1+jNTfkDU0YdsRy/tJ0xX52TDNHNvf9AAAAAAAAAJcfF0XXxsK3f/3rS19Bt9Ga8ftQdZEkeSkobJACPMxerzimXSlHVCZJKta+P7+nxJOXvkwAjVv02qsyuLrKzdVVbm5uMri6ytXgKoPBoA4Gg1xdDerQoYMMBoNc5CIXF+OXXGof1/2SZPH4woULOnfunMrKShXcK6Dm9bqsPQcAAAAAAJxT1pE8eXt3MuYJBkObn8/N5XyrzOOgDa1q3fr7xzTx7m62B3jcpKF331Tz7W1eR5Q484tLUBkAAAAAAAAA2ObwcPXgn+O0snKYfN2bMrpY+/5MsAoAAAAAAADA8Rwerurk13ov5mtHVwEAAAAAAAAAzdLB0QUAAAAAAAAAQHtEuAoAAAAAAAAAdiBcBQAAAAAAAAA7EK4CAAAAAAAAgB0IVwEAAAAAAADADoSrANBMJTsXaeKYmdpy3NGVAAAAAAAARyJcBYBmydTq+au0O2urXoxLUYWjywFsSV+kwKC+Wpju6EIAAAAA4PJFuAoAzVDy6Xt6s8BXw8P+S5Xr3tOGHEdXhFZjCiMDYzIcXQkAAAAAoJ0gXAWAJsvU6nd2SGHP6c3/naHH3P+phQmtvXo1QwuD+hpDvuqv332sIvMhRR9rctBUbSiyNYf9ihKn1j/f5aax65ebe3m/fwAAAABAqyFcBYAmKtm+Qm/luuuxqSPl4zFIU6JbefVq0ceaHDRROYuTlZt9yPS1VlNSojX4cg88nUHoXOM1/+s4+Ti6FgAAAABAu+Dq6AIAwBlVlJSoqCBLx3OPamdmpnJ2/lM5BVmqDJmvZwd7SJJ6Rjynx2Ke0cJJEVoTeLPuCA1Rn0HB6ul3s3r28FEnj+adc39ctHaGxWh3hHm0F6J52Yc0r/XeGq4UfsEa7ugaAAAAAOAyx8pVAKijZPtLCrn9Dg1/aLIem75Af4nbqhxJPR98Sm+9OlY9qgd6hOnZ/52j8aGSSvZqddxizX5qsiIfCFdov0e1+nhzzlqknFxJKVlq6LD9MX0VeGe0dipVs+/sW6dHaJE2/K6RlgLVc8RkyLwFweTEb7QwqK8Gz0mVUqI12PS87c2QmnYuo/qtDiznrT/X5MQ6M1X3Q7X1utmt/kWJU22eq8HrV/SxJteZu7ZNQp0arb5XK9ckqG+T+rjuj2nk/cvWz63IxhyLtL+B8zV0jRo9V52fxWXfRgIAAAAAGuB6+9e/dnQNAOBUOvUIVk93KbPTWP3lk9d1bwP3iPcY/oReG/5Ezfcl6cs1ecIypQeGqG+z7i330fg/TNLslFWKDJI2Zs9Vfyuj+kcfUu6DixQ44aje+DZO42vOUaQNvwvX7MC1yv1riOm5DC0MmqjBMYHKjQ6xnCj3PU0OulkvmK+KjTikUTF9FZkbo90N3hrfjHOlL1LghFVS1Nra59MXKfCdj/XsX8fJp+hjTb7TtGI323TOoo81+c4V2h9hvAb7Y/oqMmGY3vj2kOn9ZmhhULgmK1krLVb5GgPT4YuTlZttfH5/TF9FTugrrT+keaENXb8GpERrcJDx/Lk156/7Xk3XRLXvoyhxqgbPUSPnMR2XMsnsZ258f4GfWvk5WPu52ZxjonZK6mnzfHHGsUUfa/KdfbXQdI0aPJfp5znFbOz+mL56MXFYnZ8FAAAAAGdXVZSlr/YV6qynr+4YFqxuhppXVHxon3bmlekqvxDdE9JFhoYmusKxchUA6urzhBI/mq7Qkk16dtIifVfStMMqcj7U879dpvTACYpfNVf9m9kWQKFzlbt+kqRVimx05WhdPhr/10N1QtQQPbt4mJTwWf1VjCk36wUbAW7rnatIG95ZJYXFaLf52NC5NX1N98dFa6cmaaN5iOgzTiurayv6WG8lSFPWmweUIZq3fpJ2zllR730NX2wZuPaPXqspkuI/bXjlaMOG1QlIQzQqSpYbX6Wv0OwUacofat+HT0SM3ghLVVJKA+s601dodsowvfGt+c/C+P6UEq2/1P35W/u5VZ97vZU5mnI+n3F6c/Ewxb9TZwWqlXMV5R6VNEmjzELY/tGHCFYBAACAdig/p1BlF6QL/ynUd6lZOlklmQerFySdLTiqow6u09kRrgKAFR59ntbaT+Zr+PFVemxC4wFrRc6HeuahBdrZY5LWrH9F4fZmTdWbKn0bo+GS4ic0N2SVxW3bg+ek2llIK5yrKFVJKdLwB4fZWAWboaQESVEjbYa8RSlbtbNOmCfJ1E/0qHIavR/dFIRaC5hbqpEWDlKhMlManmL/p6uksAfqf15CRzY5FN7/6SrVDTybez6fwJub8H4kn7AHNFyrFGlqwQAAAACg/Qr8rz7q7m58bAxYD+mIWbAquarrr36lXg6ssT1gQysAsMGj5yN6rBYSNQAAIABJREFU/xPpmYcW6LEJftr++RN1brE2KflKL5uC1Y2f2LFi1RqfcVqZPc50y3a04ics0qjGVppW34Kv2lvoq29Nb3VNOVdBlnZKmhJoI2kuylWOpOF9fG2e5nhmqqRURQatsvLqMI2y+w20stCn9EbYKs2ubncgqSjxPcVrmN4Is5W0m/rsWuWrPmEyrY4NabBFQ06upLDg2l7AjY1NidbgoGgrr1tZ6VqXzzitzB5mbC1wZ1/NlixbPgAAAACQJFUVZeu7nDJVNWm0q27o/Sv1vu4S33zfsbuGDJXSdmXqRKV04T8n9c//1NbU9VcDNdzf89LW1A4RrgJAAzx6jtWUiAXamestm5mph7s8KqXBU59onWDVnM84vbl4qwbPMa7S7G8zZcvQwrq9TdtME8/V2G71PoHqKSmngSE9+gyTdLPNHrSNa0742BKmnrkTzIPLSY3U7aOegZKsBqymVa9RgQ0Eq2ZzJBhXnTZprBrrqdsYY1uI8ZIpZJ+oQBGwAgAAAOaO/HBcP/676eOLD59U7zv82q4gW0wB67e7MvVjZfWTrrquD8FqU9EWAAAaVKDj6ZL6+NkO5zz81CdY2p1Z0KIzFRU15z7rVFmczrQKdMqDrRBwNXZ7eFPPZQpP6/XyrGFcnWmtd2rNFKbb0JOa0xbBgjGkrN+aoM71a7EMLZxw1LjpVXb1V+OBcP8HJ0kpW5Vc9wKlf6Z4Ne3naQygm9IioYHz2St0rjbW7T8LAAAAQFe5Ni9yu8qrUxtV0pgqFef9S0WV5s+d18/H8k09WNEYwlUAaEhFgTKzpMF9TP+CWJKr5PejFHJrhF5MzJSxFaufeoRKyixotGelTemLNPjOcAUGLbIMGos+1otzUqWo52o3VDKtCM3JNYuzqoNMsx6dxtv0m9dztUlBXZPPVbsx0+AYs96h6YsUGJMhyUfjF8cYe3j+ziyALfpYk6u/9xmnF6Kk+Al1e3xmaENi/SJ3zok2G1ekDb+bqHhN0gvmGy5Zu34tVZSrHHsC29Cn9EZYqmbfaf5zN60MDovRs03oo+oT8ZymKFWz55iH2KY5mnQ+SUUfa0MTAuz9MX1NP7va8yQlSApsbIUtAAAAcGXxHzRCESPvavLX/bd6O6BKy82rJFd5mO5xt9zkCg2hLQAANOR4ofZLuqOr9N3KmVq4ZKsyK70VGChtnBOpjTED9eKy+bojMFhaZ1zxadft56FzlZv9lDb8Lrxef9Ep6w9ppXnI5jNOK9dnKXBCuALnSNW3n8/7NkY5d05UYIJx2PDFycpdv0KBE5pehk9EnDZm9lVkg/00Q5p+rtC5yv02WJPNxkrSlKiR2i+pv884rcwO1MKgiRZ9QIdHxeh4keTjY9yNPvfBRQqsrqlmzFqFy8ci1Bu++DlpTl8FVm8kFRaj3dl1boG3cf3saztQd86+iq/3YkPzG2+x7xnT1+LnPnxxsnIjmhpXhmhe9lrJ4hpO0kbTc9bOF544VYOD+po9P0zDFwdqfGhDK2UzpAfXasoEy58lPVcBAACA9uk/OfvrbF41UMN9/m3Wg7VQ3+1y1YiwXrrWwbU6M5fbh4646OgiAFweFr32qgyurnJzdZWbm5sMrq5yNbjKYDCog8EgV1eDOnToIIPBIBe5yMXF+CWX2sd1vyRZPL5w4YLOnTunsrJSBfcKqHm9LmvP2aNi5yvq89R603fu6jNyhuZFP6E7fKSSzM/0VswCxe8pNb0+UG/sSND4tm3uCWtMG39pcbJWNjmUbO3zZ+mFeiFqkXHzpxb3OQUAAACA1lWUkaqUgkrV27zq7ImagFXu1+uOu2+V7W2IW0/WkTx5e3cy5gmGtt/cy83lfKvMQ1sAAGiIh4e85a6uYdO1Zsduffo/xmBVkjr1Gal5f9+t9E9iFBnsLrl7yKO1N7RCu7A/Llo7o0ZaWZ1avYkUAAAAADgXn5ABGuDXVTf9V53Nqzp215ChfXTTDd00YOilCVbbM9oCAEADPAbPVcaBGWooNe3UZ5ze3DxOr1U0OAyXsR59hklzJmrhg4c0z6yFw/6YvopMkKasZ9UqAAAAAGfjKf+Q/5K/tZc6dtftA7pf6oLaJacKV6/qOVSj7hokf2+3Zh5ZriOfvqtPDrdJWQCudE1MTAlWr1w+EXHKDVxUv+eqtZ6vAAAAAIDLhtOEq1fd/ozmTOyjTnYe33l4f31yeH/jAwEAlx+fcVqZPc6xNYTOVW72XMfWAAAAAAC4pJyk5+pQPTnW/mAVAAAAAAAAAC415whXb+2j6z0bHwag+TwCx2vGomWa/+xw3eToYgAAAAAAAC4jzhGuurqquV1WL19jNWPJMr32VGjjQ4FGeASO13NP3yk/N6lTr/t1X4ijKwIAAAAAALh8OE3P1Xp+3KP3Nu6x/br//XrywV5qmwWvoXp6YZSCzScvz9Tf5sUpo8lzjNWMJYNUuuolLW/6QUCrMQ9WJakk62P9jc8iAAAAAABAq3HecLVTL419yM/2667ebVN8yFS9NqmPPAuSNXPZJtOTxrD1ieljzZ5rbJ7r1VlSaVvUCDSifrC6RotX7FWFY8sCAAAAAAC4rDhvuOoQoXp6fN1gVZLStXxeusOqAprFZyzBKgAAAAAAwCXgvOHquWLl5/9o+3XvXrr+hk6te84xdyvYs1xZO5qwOnXMLMUON19ZW6DkWUu0WVLIU6/rCVNPgeBJyxQ7SSrPStDLK9JrV8bWHFeurKa0Dqh7nNU2BWM1Y0m46q/3beI5AAAAAAAAADSZ84arnXpp6NBel/SUY3r6SSrQj42FkGNmKXa4lDxrujZLqm4bED59rDYv26SMFS9p5phZih3e2TLUDJmq1yYFKH/V9JrnxkxfpvDxUxWS0UA/V1OwqqwEzVyRXnPcE0tm1QS6NcFqzapbU99YNbdXLNq9ok16b7lr7UZWwY9pzlNi9SoAAAAAAEAr6+DoApxOeYnyGxuzeYlm1oSakpSu5XsLJL9eGtPQcRlxenmW5QrSzTsyVe4ZoEE2d3GvbVXw8ora1gSblyWrQH4a9FSo8YkxveQn81W3ppoanBuXq4rcDXpv+bcqOGf83hiwDpSHY8sCAAAAAAC4rDjvytV2oe5t+OW6IURqfJmoaVVpbW8AefvbOC5kkPw9pfLSvDovbNKRgnCF+w9SiNIbOGVx4ytxcVkyBqwyW8E6Tk+E7KU9BAAAAAAAQCth5Wpdnp3k3+igsZqxZJlil4RLO6dr5qzpmrmzoAmTh+rphcsUuyRK/vkJxuNWZaq8CUcWn7KxoVZ1vZu/VFa5p4LvGlt7roF+UsERsxW2uNKYr2AtOfK5viBYBQAAAAAAaDWsXDWzOadA4X6dG119OmZ6uPzMNrBqqpCnJhg3zLJjc6nO14dKshKw1rQxSNee/AkKDg43hr6SVNN/FVeyitwNWjp3g6PLAAAAAAAAuOw4Ybharh8LinW+SWM91dmvszxVrvy9+1t+6s1HVDA83Lj6M6ORULKxFaH5JSpX5/rPl+dpT3OC1Yw9yh/fR8HeAbIMV8eql59UnrXHmAOHTNXDwVKW2WZZAAAAAAAAANqOk4Wr53Rk06v635Sm3CgvSeM0MzZcfirWjzbumm+eTVq66nq9NilcsdNltuqzukeqcbVqfmm5FGzcvGqzJI2ZpdjhfpL5Df4Zp1Q8qY/8B4ZKGemmp4qlYOMGUxkZkkKm6rVJfeSphqRr+YZBem1SuF57Kq9mU6ua1bMrWuWNAwAAAAAAAGgm5whXS8tVLslTbro+uL+8U3ap1FG1ZMTp5QxjmFpze70klWfqb7PijKtEV6xX1sIohS9ZpnDJePv9qhK9NinAbKJNWrqzl2KHRyl2SZTx+HlLlNxzmcInLVPspOo5k/Ub8/NUb1QVHKUZY9K1dLOpJk3Va5NMc9Wtx1T3RwNf1xPVc5ujPQAAAAAAAADQ6lxuHzrioqOLkII1KfpZ9bdyF33TnFPBzjcV+8mp1iyqfRkzS7EDS/S3eXGW7WJNq2OLd043BrVAG1r02qsyuLrKzdVVbm5uMri6ytXgKoPBoA4Gg1xdDerQoYMMBoNc5CIXF+OXXGof1/2SZPH4woULOnfunMrKShXcK6Dm9bqsPQcAAAAAAJxT1pE8eXt3MuYJBkObn8/NpWlNSRvjHCtXlaVVq77UdVPvVkDD98jb4Cbv626QdOWGq2N6+knFRxrahwu47OTl5UkiXAUAAAAAAI7hJOGqpGNJevvlZPnePkhD/Zu7hLVYWZ8eaJOy2gtjH9hBejpkk9mGVmM1Y1IfeZZn6itWreIyFBDAylUAAAAAAC4HWUfyHF2CXZwnXJUklarwH19pwz8cXUf7k7HiJf3tqfo9V8uzEjSTTa8AAAAAAACAVudk4SpaImPFS5rp6CIAAAAAAACAK0QHRxcAAAAAAAAAAO0R4SoAAAAAAAAA2IFwFQAAAAAAAADsQLgKAAAAAAAAAHYgXAUAAAAAAAAAOxCuAgAAAAAAAIAdCFcBAAAAAAAAwA6EqwAAAAAAAABgB8JVAAAAAAAAALAD4SoAAAAAAAAA2IFwFQAAAAAAAADsQLgKAAAAAAAAAHYgXAUAAAAAAAAAOxCuAgAAAAAAAIAdCFcBAAAAAAAAwA6EqwAAAAAAAABgB8JVAAAAAAAAALAD4SoAAAAAAAAA2IFwFQAAAAAAAADsQLgKAAAAAAAAAHYgXAUAAAAAAAAAO7g68uT+Yb/TQwM7y83suXOFyYpbt0e/OKwqAAAAAAAAAGicQ8PV0IH9FOBX50m/cN23bo8+cUhFAAAAAAAAANA0Dg1X07Py1P96P3lKktzk5iZJneV3Vy/1zLdvzvJTR1RY2molAgAAAAAAAIBVDg1X8z/7H73ymembqx7W/4u5UzfIU70enKZe9k5akKwZSz9upQoBAAAAAAAAwDrn2dDqlyydKmn5NOWlBS2fpMXGasaSZXrtqVBHFwLII3C8ZixapvnPDtdNji4GAAAAAADgMuLQlauWDij/p3Pq18mt8aENKD61p8WVjJm+TOHmvWDLM/W3eXHKaPHMwKXlEThezz19p/zcJPW6X/eF7NRyPsgAAAAAAACtwonCVengqVKN8u/cghmKVZDWkgpC9fTCKAUrU3+bVRumjpm+TE8snErAinbFIliVVJL1sf7GBxgAAAAAAKDVOFW4eurIjyof2Nm0wZUdyn9UzqkWFDDmbgV7litrlWWIunnZdG1uwbTApVY/WF2jxSv2qsKxZQEAYIcMLQyaqHhJ0iRtzJ6r/g6uCAAAAKjmVOGqDharRLI7XD136oj2trgIT3n7Sw0vUTWtcDUrtDwrQS+vSG9k7rGasSRcNR0HCpI1c9mm2pdDpuq1SX1q3z/tCGAPn7EEqwAAAICjZC5X2EPLVCBJYTHa/ddx8nF0TQCANuM8G1pJLd7UqvTUgZadf/MRFUjyG75MM8bYGmQMVv3zEzRz1nTj184CeQZP0NMhDcwdMlWvLQmXdpqOmZWgrM7hip0+1jRgrGZM6iNl1c6bXNxHD7MpFgAAsMPxxCgFBvU1fv0xpfF/ZKtI0cvV44NeUXIT/lXuu5i+NedYuLs1qgaAy0DXrurp6BoAAJeMc4Wrpk2t7FOuU1kt6QkgSZu0dFZyTcAau2SZXqsXbqZr+bzplqtUN3+prHJP+Q+0FYSG6unxfeRZkKylNf0F0rV8Q6bK/XppjCSFXK/OKlf+3tp5Ny+b3oTVsEAdRZv03vJvVWD6o9Qp+DHNeWqgPBxbFQDgEusRGCL36m9SspTT2AGZqdpQ880m7cxs7IACHa8ZM0yhgXYUictCUeJUU8g+VRuKHF0NnEOGFlb/Y00M9+EBAC5vThauGje1ssu5H3WkVXLITVpavbK0XPIMjlLsEusrWUOeel2xS5YpdomxRYCnd4D1KUMGyd9TKsjZZPl8xikVq7NuCJGUsUf55Z4KntTQqlmgaSpyNxCwAsCVLjBE91Y/LtirnEZCr5zMvaqs+a5S23Y3kq5W5Cp9j+mx30D15J7XK1ZJxWlHlwBnU1FCSyoAwBXDuXquynJTq4Jd72pTUwPT8h8bX5HRLOlaPi9dNX1Sh8/SmM1LtFnGUPWJYE9jT9RZccqo7sHayIx+w5cpdnj95wv8JWUYzzdm+jKFV4+r25MVaAZjwKqa/qudgsfpiZC9Ws7iAQC4MnS6WYODpaQsSdqjzAJptM0AtEj7v8yyeKZgT5aKnulju09gbpaSqx+HBXML7BWsJDer8UG4spSc1nFH1wAAwCXidOGq/nFKxRP7yE9S5+BxGuvfhGPK8/RF/EdtVNAmLd3ZS7HDTStMNVUPB3s2cQMrSwU7p5u1BbBu87Lp2ixJY2Ypdni4YqeLgBV2Mw9YvfM/1xcEqwBwBQlUz8GSsiSpUvtzC6RQP+tDK7KUniJJ7ho1cpiSPtshpaRqf8k43dvJ+iElx7OMm7VIGhwayN0RAAAAuCI5XVsA6YBOFRsfeXb2k59fE756DdJdQy9ljZa9URuVsUf55ZJfz7GNj622eYmSCyR1vl4N7ZMFNKYid4OWzp2uBX/ZqWOOLgYAcEn1DB1W83h3ZoHtgTX9Vn+jUZPD1EeS9JV259o+JCfjK9Mjd/UPtBHa4gpQpOMNfE5whSo4qu8cXYOzCAy0fQcAAOCy4Hzh6lWW3547d66Br+pR5yU1ZYlrQ0L19MJlVvqrjtWM4X5SwR7j7dQZp1Qs882rTC0BPBuau3rzqvA6G2SN1dPV34+ZpdiFU82C1LHq5SeV5+8Riw0BAIA9fAIHqib23H3UZgulQ7u/MvZbHTRMfUNv1h2SGu67WqSczOoOrb9hM6srHL01UV+FWQ/nK5BPIK1SAOAK4nRtAXo/+oT6d679vnjvm/rTxlNWRvbSpOhpprGeCngwSpPyX9WqFjRe3bNhuvYMfF1P1OmNWp6VoJk1LQCq2wREKXZJlKRyZa2aruS7lim85ohNOlIQrvDgKM0Yk25sBZARp5czxmrGkurjTHMXSCFKl7+OKLk4XE8sWVZ74oJks/MCAAA0Ux/jplbxkpS1Rzklj6hnvdv8i3RoT6EkyT00UD3kq9AwSSlSQUqWjj/TRz3qTXxUmSmmh8GDrMxZR0mmtsSt0Jqde7U/67QqJbl3DVb43Y/osagHFN7oBM1VoePpn2nNyk1K3pOhzNOVktzVNXiY7p34hF6YOKiRlWS2jg/RHcPHakrUOPVvdClakTb8LlyzUySNfEfp//MbdZJqr8WXqdqdW1o7b8Rzmje5bl1F2p+4Qn9ZuVXJpuvmHThQ4Y9aG9uAVr/+Rdr2/57RW5mnlWOazyhVs+/sq9kWY4fpjW/jNN5qsSXK2blV8es+1He7s5RbKkneCgweqDsmPqIpD4Y1/tmypmKPXh4wWWsqJem/tHDHOj1e/0NcT87aCN0z39g/9p5l3+n9B62dvBU+G0Ufa/Kd0dopSZqkjdlz1b+h4YlTNXhOqiRp+OJkrYyof4LaMRMUf+AVhXtIUpG+W7lYb60zfda8b1bk4pV6856mr6OsOJ6hLQnLFZ+yV5nGH5DxM3i3lfea/jc9+MdNqiio/lmaJExUYEKdiaPWKjfaxv15JblK/vRvWrN2r77LOirjx+Jm9Rk8UI89+oRGDw9UYx+LFl+PS/47CwDQnjlduBrc2fJ/VJ06+0myFq766zpv8+895eltZViTpSsjQ1LGS5rZ2NDNSzSzbu/UDFOv1Oohyyy/N9qkpbOs90/N2LxJ0iYrxwAAANjr5pqgVMpQToFUL5Uo+ad2moLS8YOCJXmo5yBfKaVQ2pOqQyXj1KPuMTlmt/wOvrmBFVol2r/yD5r8+l6V1nml8nSWtq9boO3rFqlP1DtaGR3WKrfOVuR8rJenL9DGrLrr5ip1OmuH1szfoTVL7tLC9bF6vKeVTrHHP9OL//2SjeP3Kilrr5LiFjSv5tISVahEhxIX6/k5m2R5F71p3tcna1viU1r70Qz195BK0v+mZ363WLvrXLjSXOPYpHWTtPGTuerfYLPbtrv+JaezlNmCfaxsvT+pVLlZO5Q7f4fWzPfWPQtW6s2JfRoN0yx4DNJjf/DVmthCSf/UmpRcPT6xseXVufpubfUbekCRYVbO2BafjVZXqKISSRVf6cWn/qCN5h+20qPy8GjqlazQofejFBH7z3orUEtz9yopbq+S4hZr8Etxen9yiOnnU6DMrJZsbmb786rSo8r88qjmfble87zv0sK/v67H+zTlvTT3elz631kAgPbP6doCfLEzUyU135XoyN79NkbuUlpO7UiVHNEeFnkCAACY8TEGpZKkQu3OLao/JHePtkmSBio00JjU9exT3at1q6x1BqgoyFT108NDb7Zx7gJt+e97FGktKLFQqcyEZzQxJqPFt5cX7XxFDz4QbSX8qqN0h+Y9MFUb6mxnXpG+VA/eP6vx4001h/3u46btiJ6yVS//9z0aVS9YrTNr1go9vyRF+9dOU9gEa8GjmdxVmhiT0sA1u/TXv6mOf9qE9ydJKtX2+ZGKiNlj9veDpun74NOqbsaVGfeVDjV2QM5eranOBR8dq/A6mVubfTZa3WlVFGRoYd0gUZL5n/HGFH36B6vBqqVS7X59osL+mNLsn099Tf28yvjn96GJWri7KWdtzvVw3j8zAADn5nTh6i//eF+xcR8redcWrf3TIsXbDEzLtXf5Ir23IVm7Pl2jxX/6q8hWAQAALNUGpdLO9MJ6r9f0W3UPUU/TrdMefQapukPStvT66WpOZqrpka8GB1pfu3Xo/al64UtTROEerMgFK7X92/3KzT5k/DqQrO0rpmuw6c6j3ISZeiO9BVFFzod65qn1teGle7BGvfS+xTkzd6zVwnHBcpcUGDVDo81vFS/6TM/8doVqWsm6BytywVrtPGCqN3u/0s2Ol6TKlGhNjNnThIAlVdtN1yLw7jlas2N/zZy7P4lRpNmiyoKEZxQ5f4fpVuiBenHVdmXW1L9Sz4a414ytXPehttnIl9r2+vto/F+rr8taTal5fpje+PZQ7TmyDyk327IlQEX6Uk2evqM2vPIeqBdXJGm32XXevfV9vTio9pa03ITJej6xgQ3ZrOnxgKbcbXpc8J42NvIXhZw9H9b8g8Fjdw+SRQTZpp+N1palhb+NUnyu5B48VgvX135+cg/EaXwT2iNImdqwJLUmWA0cF6Mki8/Odm1cPMn02RmmeVPDjCtXQ+fWjNm9uPb3jqLW1vlMHKrTEqBC+5eYfV4leQ+arvityWa1W35epaOKnzSr3j+QtOR6XPLfWQCAy4bThauSVHo4WZ9s/Ep7T5U3MrJcOWkfa8OOPTr1yyUpDQAAoF3xCAzR4OpvMnPrrKYr0KEUU+AaMVB9q5/2CdY9waYRn/6zzkZYRcrZUx3SDlNfa3dbH/9QL8ceNT4OnKD4rxP15sRB6uljFll5+Kjn8Ke19uv39Zi7JBUqPu4rO1fAFWj1nAW1/9AeOFZ/+TxRb08OszinR48QPf6nRKWsX6uV0SFmAVqFvnvnJe2stDz+zYkh6lEzyEOdTMd/uXhYTYhWkPCSPrC175eFmxW5bLu+/N8ndEfNpB7y6TNOb743X6F1RruHzdf2XQn6/WC/mjo9egzS7L+/Y7pekrRDu62FO5f8+jdVgTbErKgJwN1DpitpV4J+PzxQPmbX2adnmH7/9+1aE1W7KnrnnEX/n727D2ryzBf//7aoWf8gM7+OtDOG2dbgOAnTbcL0CB5X4LRC14q1iFrFVsFV0daqVbGtT7UuIlZRat0+iLpFbUVbRWvF9gi2Q2D3CJ5+IT0dknWatJ4hndnG8Y+4M2x0Z8/vj4SQZ5IQBPXzmmEGkvvhuq/7uq/c+XDdn4svoiqckqeLnnefp1t8Uhcu0OmVEmDk80zP8A6t3om2EV+3bt1iZGY5jed28IK+t/2giGzUKnYzrT2xbNUa3n17Jqk+bUdFWsEGar9t4PixrREGbMPoOktZtbu9MhL9utO0fbyU7JQkr7L3tNcaFnn6nBZe23GhzzYbUX3E/ZoZyWj3bIJZ2jFBlxBCCHHvGJLBVSGEEEIIESfJatJ6oj1tRizeESaHGUOb69esDI1XsFFNapZ7JXMbFp/owc+YWt2/pusIlra0s/6gO9A5hvVVb5EdLjGhMpNFm9yR3MZLXI4lume6wIfGnj/GsnznVp4OE/BJ0ut8J+myX+DDEz3RszEs2hZ+/eSC/RyY11OpP7P7QF9ByTEsOlbH7jxV8LdTJjBL0/vnyMxyGg/PDVq3KNLJLej9s+t64J7veP1HquMoZZ7zNJntVUtJDRnvUzJx037KPAMcv2ZXbXSRSkXGXFa7q/zWiQtcDhVd9UoJMLJgmm8e2wFvGwNAtYCa92cGmYguUl4VkKgkdEhWxcSMEG06Cu1HKnr/MZK5lXeXaUPvU5nOFu9/RjTu5ZO+mkUE9RH/a2Y0SX2l+RVCCHHPkOCqEEIIIcQ9bSz6nsej+Y4u76GrpjbOA6AhV+MbTUhNz3f/9iUG79GRXVba3bGmkXp1kICFiaYT7pGtmqU8re27hCnaCe7fLtERLilpCJ2Gk3geGs9ZwXJ9hCP03OxtX7pnbgc0S5mf0df6CrILV+AJK11opj3s08FqtGFzXapJyej9a2Le5DCBIAUp+gmevwwm/1QPd77+I9XeeLI3h+e8Bb5pGYJS82zxU56/AkdR90XLsyWPu3//lOONwcOcvSkBRvJCgW9KgIFvG/GXsXIhE6O7BHwlTWB6pvt3cwWrypvpGrBjMNJQ25vZdX7RtL6DwileKR/4mfN9NNq+62PoXjNCCCHuDsMHuwBCCCGEEGIgKUnJ0MAFM2DGZHPSMyTSYr3iWmTkBFJTfNdy5V39FAPQZLJCljviYDPTM3D1aV2Qyay8Hyk2byN3/LYoynorhhyVdjrbegOMWXkToptZHuisfcuvAAAgAElEQVTqaPH8PjJLQ0qYZT20Op4GPgI8QeuIVgwumliYItzSd7z+I2XHYuoNovmOlA5NqZtCBl+72pzZRFdv841Ics5csrZ+hwFoqLuEPW+m3wzvXikBVCuY5ZefYSi0jWgpGNn3QmElMXvbflqXrOS01TV5U9aRRNQ5z7Aoby7ZOVqvlAj9ZLfS6WkWk8nQRtQqSMuZAI2u/stksuFEHbI99VkfQ/aaEUIIcbeQkatCCCGEEPe4FHXvSMcmU88wKzudje6gUsHk3nyrPbzzrjabPblaPQFZNGSoow1jDrwUVbjnefs2UR1pfkQV2vSe381Y+5ziXHiL+Dwlq7za5s/Yo33GPmkKs3pGOTaf5KL/BEhdVzjdE1udF+Q68HJftY3kKez+9DS7PJN03cTa+Clb1swi6zcZFLy6ly9M8U54MJbkiJuFVx4N2/U7n3pBCCGE8CLBVSGEEEKIe51aR5b7V5vpZ3cg4kc6ml2vZemDjSL0yrvqydXqpMvkjkQxgZRgo/Gc3OGRXLf6vcN7auTZHa//SPX/PMXGe2Kr7zje7PsMd1fzGU+uzflZgc+DD826vEOUWma/XYf5v8/z0bbnyVUnut+4SceFQ6x+biI5r5/xzeMcraHQXge6DPEa5SuEEGLIkrQAQgghhBD3uqSxZKjAYAMajViYQprlRy4DMIYMbfDhYqnp+VD9KXCWVtNbZOttdPXMPJMZ4hFphVcsQbOVhnNzB/iJ6JE+wQuLzQ766Eavesc+LPbrQCTr2zC19fw+htFDJYByx+s/Ur7nyW53QCQJHLpsdHr+SEQZQz27Jrb6lN02MFVforNQ7R6haqOp7jvXQqq5ZAfJtXlPtY1YKdVkF75FduFbOO1WLte/x67KLzHdAuuZTeRdV9B8eFpENRPAu71yncibhbn3j7CTbkVZhrhdM0nMPtzJ7H5vRwghxN1ARq4KIYQQQtzz1KT2TFBzy0yXHezmS65JfEZOYWKICVxceVcBbtFutYHTRs/A1ZFadfBgSpKa1J4Uh+ZmOgf8ed0kUrS9ORUNreaoR6El6yd7frc1fof/k+NBmYxc9PwxmdShMjP4Ha//SPmep4vNkZ0nh/GSJ8cvmnRSYspE4TWxle0kTT2zy9vbaDC6lyiZEjQlwJ1oG33Vg3Pwx3Z6KJLUZBfvof4vNSxyH9et5o182BF+vZC82yuXMJgiahW0N17x/KXNGBt1nuWQZRhS14wQQoi7hQRXhRBCCCHued4zzLfQYQNLz0Q9OemhR2l55V1tNZhxdP1Mu/utoJNZAaAhq6AnUvE1+6qNAx4aSs3M752y5sR7nIpuSnmS0p/xpE3AeJCPOvoOdzXVvkfPHDhMyyRtyIxOvPP1H6m0nLme83TrxCG+sPe1hpUvar72/KXKezzmEYXJeQvJBeBnjhtc0VVHRwsGAB5nfmbwCOiAtA2F0isYeAVLuPbadYbNb14Js8AgUaazvKQn8HwLi7XPkxmCjtxCT6vgePUF+tyS5Us+auz5YwzT9f39z8bQvWaEEELcHSS4KoQQQghxH0hW6zyBLYu1GYt7OGBGlibMqC+vvKuNRjptJtdo17CTWSmYWLiCnnCHtbqIZXW2EMv2snfFGpxxP/btia98x5YVb9EUbnNdF/ig3iv3ZtI0Fs3rqZ2f+eiNirDrd9WtZNmJninOx7CoeHL/Rs7F1SDUvyey3UJHuJGH+rls0fUuu/mNk2HydTq4XL6SLcaevyezuiDEEOtIKKd4zrFt/1nacdLe/KXrPd1MspNDrDcQbUM5Bq2q5w8zp9us/ku4N3aJ9Us2YbgV/O0B42xm8xMFlBnCtQknFlOIcoNvPoVWM+Hix2nzNqDv+aN5G+trraGDm442ylZswzNQNnMFs/vRLFwG4JqxN1M2JwP1+AwKypv7DhgLIYS4q0lwVQghhBDifqCd4Mn/Z6g/RoMZYAxZvVGeoFLT812/3GrhoxPu/JShJrPy7Gshu0t6RrbewvBGLroXKzjVYcPhHTVx2rEYjrJqTgYZU9+jqc/hYldoDxql0fL7bQvwHIn1UxY9WcD6WiNdXjt02q00HShC91Qpu9ds5BPPthRkr9xBTxzZZ33P6k4cXUY+eb2AnDda6Il3jZy3ldf0Q2bYqsuA1X8wY9Hn9P51fEcFTZ5Kc2K3mLzqUM3sTUs8QaxbzdvInVTEBwYrdq96tlua+eDFXOYf+dGzXf22N5gdU1LPHq4Amgrg1knOG9poOOF6J6vwKULFVgembahJy+xNkdCxdSXr60y9deC001lfQcHUlZy2wsiRI4NsY6DYOPXySo7fNPPRkmx0c97iE79247RbaaosovjIz+5XxpKl8z05SeoJvdejuYKyWu/js9Fp8Xr2PiWfLd7tdet00l88SJPF3htkddqxGA5S+GQxH3liuo9TtnFmbLle/cX1mnFwsXIlHxlvAjfpOLKSfa0yFlYIIe5lw/5t0n/832AXQghxb6jY/gcShg9nxPDhjBgxgoThwxmeMJyEhAQeSEhg+PAEHnjgARISEhjGMIYNc/0wrPd3/x/A5/d//etf3L59m7///SaacY963vcX7DUhhLi/2Tj1Yi6vtXm/toDjVzcwMdxq9gsU/7bU/fi0W2YlrX1OYGPji5cLWN14M+ISZuxsoLbAP9hr5ZMZ09niNX8NRTVYN6X7LefEUruSvK29wa3wEsmtOs+BvN6jcHbspeDFQ5giHCk4MnMr9e/PJSVobNXOqcXZvNYMMJldf64OGxxsL09l1hHX71k7m6gpCL2wva6EjDfcaR2KarFu0gVZKl713zdHwzrSV3wZot7HsP7zRl7yGl3YVf8KeWu+JtKSqecdoPYPmXEIotn4ZE4uW4wwMjERbt7kFk+x77//yLN9DD2Ob9sATAfJea6KMGM/XdvRraFuk5L1z2/DROi24d0m+mo/felq2EjxirN9lq2HuqiW+k06v0mlTHwwdRa7Q21k2n463pniNao32vY6lvmHatieFfw4Y6uPeF0zRj54opDdXpvRb2ugrjD6a0sIIe435h9+IjFR6YonJCQM+P5GDPtnXLYjI1eFEEIIIe4LKlL0fiPgpqUHncTHh1feVc+W0sdGEOhS8ez7DZzf9hSJfS06UsOsnac5EDSwpya78HHfl0y2IBMLKUgprKb50AK0fQ30S5zA5k8bfAKrAAr9Wuq/qmSWpq8NjERbdIDmw2GCZ4MuXvXfN2XuWnbnhNrLzxhMvo9YJ+f9keZP3yCjz4IlkrvtNHVxCawCqMgucLWlWzdvuoLBOdPIjiCnQ9zbhnYh7657nNBbG4l2ZiWNny0lVTUyTscfmeTcHTT+uYb16X2doJFoZ+6nJiCwCqDl9zuXhL4WL7TR6fOCq72e3jih7/aa+BRln9eGDKzGLl7XzFhScrwPfCQpo/vcohBCiLuYBFeFEEIIIe4TKbopPn9HNsu2V95Vt2xtpBPIKEkt/CPG/2ng9M4lTE/XMNqzqUTUmqdYtLMWw7d17C7QhixLcuF+jq97CrU7PpF4/WbIHIZJWRuo/76J81VbmZ+j8awDiajTn2HzofN0fHuE3+tD7C15GrvPtWL4tJzl0yag9RR4JKM1E5heUs7pP3dQvyleAb+BFJ/675srKNVw6A2mp4/1BKYS1a76ei0zMACl1C+k9tvLNBwKcp40TzF/2wEa/ruVA4X9KVeg3omtXHLzosiXG9e2oSB12QmaPy1nUY7XeRk5Gm3OAvZ9bqD+7WmudAXK0WHSFgyQpHRe+riVji8PsNnnWCFRrSF33lY++tJA/dtTQpZNoV9L/Te17Cp6qnf9kaPR5jxP2aG5Qf6xoySt+AjG/z7PR9ueJ1fT25ZIHOte7zwd3/6RF7QDleU4HteMkqdL97NIlwgkoi/az2u5QycrsxBCiPiTtABCiLiRtABCCCGEGNq800w8w4f/vYenJe4lhBBCDAmSFkAIIYQQQgghhjLLFY735O+dlx9RSgAhhBBCiHAkuCqEEEIIIYS4DzhpOlKBCYCRzM9LD5IrVAghhBAiOhJcFUIIIYQQQtzznB17KTtxy/WHbgOLMiS0KoQQQoj+k+CqEEIIIYQQ4p7jdDrdv9jprNtIwYvHsAIwkvkr80kZxLIJIYQQ4t4xfLALIIQQQgghhBDxZWTfE4V8eCvwHXXREbZkyahVIYQQQsSHjFwVQgghhBBC3Fu6rLQHC6zO3E/NJp3kWhVCCCFE3MjIVSGEEEIIIcQ9xXn9JqgTwXoTSESdPpn5K9/g9xlJg100IYQQQtxjJLgqhBBCCCGEuKco9Aup/WrhYBdDCCGEEPcBSQsghBBCCCGEEEIIIYQQMRjaI1d/9RATJk1lgv5hRgHdv/w/rlz8C1d+6R7skgkhhBBCCCGEEEIIIe5zQza4mvjvi1n93G94cITXiyoV49Km8rv2z6j8uI1/DFrphBBCCCGEEEIIIYQQ97uhGVzVL2bd7N+g5DaOa+18/XUbtu5RqCZM5XcTVDyYNp9SHGz/2DzYJRVCCCGEEEIIIYQQQtynhmBw9SFmP+0KrNoMf2TP59c871gs/0PblTmsXvpbHk6byeyLFZz6ZRCLKoQQQgghhBBCCCGEuG8NvQmtHspB8zDgMHPeK7Da4x+Wz/hPSzfwMCmZo+548YS42yjUs1lbUcXW5Vn8erALI4QQQgghhBBCCHEPGXojV8ckMgrg5g3+GmKRjl9usFCjQvmgBmgfgELoWVpWhMY7dttt4uiWaozx2oWuhO0LlLSVVnIuXtsUwo9CPZsVS3+LagQwbiq/0xk4GLdGLIQQQgghhBBCCHF/G3rB1X/+k9vAqOHD+RUEnbTqoVGuqGd39834719XwvYFWkbZmlhXddb9oivYunBNvtdr/fSIEhl3KwaST2AVcJjPcFQCq0IIIYQQQgghhBBxM/SCq9//wC+3f4PyYS35v4YT/+u/gIbfpTwIdHPD8kOcd65n6Wz/wCpABwe3dMR5X0IMnMDA6nF2HrqCc3CLJYQQQgghhBBCCHFPGXrBVZq49H0249IeJH3RK/zy8WG+tnS73vrVOPJKikh7ELjxP9T/V5x3PSMHzahuzF/3MTp1Ril7sh7EfGyj1yPW7lQCN7wCsz2jYHsWcacWeGRNFdkq10vZlVVkAzbDGva68wPM8Hofv/cAdEt2sPCRnzi65RemVGaj8lnON6VBt/kImw/5BYb9yuW7TD5rK9O5eWwjf3vKXQ53uVmyg4VeuRKCblsMvqR8CawKIYQQQgghhBBC3AFDMLgKf/34CE0PvUK2ahzTX67gd7dvu94YMYIRAN0/cenYcQKnu+qfGSkqwMbf4vLodD5rF2jBfIR17gDkjDVVzFmiZ3PVGq4t2cFCzQ2a/HKuugKrtt7XdSVsX1DF9of8ApmjtCysVNJUuoa9PetlVbEnqxvzsTWsM+IOAj/PUl1HbxDYExhe434tn7WVRWxfgtf2R/HI7B0kXlnDuiqv9TT4ree3bSGEEEIIIYQQQggh7iMPDHYBgrvG53v/wNG//MSNbhgxYoTrh25uXPszf9r+DvUB6QLipNsRn6Ct7iEepJtrV3oDoueq1oQf6TmjlGxVN+ZjXgFXYzWfmbsZpclhhs/CNp/A7DmLzfWqwWs07bkfsDGKRybo3S/kszZLRbf5U6+A6Fn2GmyMeiQdnffmr33qO1r2oQeh+yfavNcr3SiB1aHIfpb3Dv4Zm/t/EkrNfN5YMgHF4JZKCCGEEEIIIYQQ4p4zBIOro3jo178h67kclH/9jH2bX2Xtup6fDew7dY2H8maS9ZiKxMEuajjGNq51j0KzoIq1M/peHHpGzt4IGDlrvPIT3agYF2471xx097mDcaj8Ar6edUcpeSTMqsYrP9E9SsvCylIiPBwxiJzWUxJgFUIIIYQQQgghhBhgQyotwK9SplOyKIdHe9J6ZmWTD9z2TwsAMCmbfBz8UH+UP339A/+IVyHcQcb+D8h0TYLV+7g+EDBRVhBhRs4++JAe6G+OU1fAd8+CgB3zsI7QB26sZrMxn7WV2UHzxIqhxxVgxZN/VamZyULdFRltLIQQQgghhBBCCBEnQye4+uuZrFiajWoE3HbYsPzVBmPG8chDDzJqRE9I9TbdN37hmsUGYzSkqJSMy1vGisQ/sufz/j/Mf85iI1v1YPggY7TbrFrjenR/Ril7srLZs4bwAdYwwd0bv8Rj8qhuv4m4onGWvaWusvcEjdciAdahzDvAmnjtK/5TAqtCCCGEEEIIIYQQcTNEgqsPMXueK7DqMB9n58G2iEaiJv77MtbN1qL695nk/ec71Pd3+Oq5H7BlZaN5Kh+MfYwwjXrblTSlVJH94EPoAOMvN0Djt0iI4K5uwqOMwsYP/Q1iuo/vkQl6MPYvUHuuqolxldlxGk0rBpLTeoq9G04NdjGEEEIIIYQQQggh7jlDI+fqQzloHgYc/0NthIFVgJv/dYD//KEbRjyK5nfxKMhZ9h4z0a3KZs+afK/X9Swtq2JPT75R90RRmqfyvd5/3jdn6YxS9pSVeE0Slc84FXRfa3PFTa85AvOonqukyTYKzQKvvKa6EuZoRtFtbqT/A0Tdk1dpinzzwOpKWNpHItUZa6rYvkTv9UKI/K1CCCGEEEIIIYQQQtwnhsbI1TGJjAK4eYO/Rrnqf/18gznjVDz4UBrQ3v+yGKvZbNSztKyIPZXZva93mzhaWu0eUHqWvYZxrsf8K7PpedS+7SlXLlKAGfxA041sFlZW9W7D1sS6Qx2e/Xw2YQcL/fKxnqtaA2uqPHlNIc65Tc9Vsu5aCdsXuPfrOji6zflAqNG6+WBp4kZWEXsqi3oPx7BG8ncKIYQQQgghhBBCiPvWsH+b9B//N9iFQL+M8gVaRjl+4C/f/y26dR/6DZPGKek2H2HTwTgEV4UQMavY/gcShg9nxPDhjBgxgoThwxmeMJyEhAQeSEhg+PAEHnjgARISEhjGMIYNc/0wrPd3/x/A5/d//etf3L59m7///SaacY963vcX7DUhhBBCCCGEEEIMTeYffiIxUemKJyQkDPj+Rgz7Z1y2MzRGrpp/4G+3tTyqHMekSeNi2ICDH65IYFUIIYQQQgghhBBCCHHnDI3g6j8u8W65jaynfsNDUZfon/zyfSOGaPMJCCGEEEIIIYQQQgghRD8MjeAqwE0zhs/Ng10KIYQQQgghhBBCCCGEiMgDg10AIYQQQgghhBBCCCGEuBtJcFUIIYQQQgghhBBCCCFiIMFVIYQQQgghhBBCCCGEiIEEV4UQQgghhBBCCCGEECIGElwVQgghhBBCCCGEEEKIGEhwVQghhBBCCCGEEEIIIWIgwVUhhBBCCCGEEEIIIYSIgQRXhRBC3AXsXHw1A82Mo1gGuygRcdBUXkThASPOwS6KuHc4mil7sYgPOu6fVtVenkpZxyAXwt7Gn16dh258KurxGeS8fJDL9kEu092qowJ1uXGwS3EPsXNqcQmnpD0KMYTYuPjmPNIfS0X9WBarGu7zC9R+huLFZ7jPa0HcByS4KoQQIjy7kVPlr5A3SY96vOtGseDVo3c4uJDE0++cZ3uSDYfP60bKhuQNmxOH1Ui79bpfcDXa8g6F47szZWgvlwBBj5B14byJpcOI1X7/BFcHm9N0kMKXz6Jctp+2q51Yrxo4kPcjmxfspb2v09BRgXoArh17XcngB5yF6A/7GYrvqiD7UPgsvt/dPefAUV/BKsdC6r/vxPr9ebZnJQ3IfuS+SYihZfhgF0AIIcTQ1dWwkeI3bMyq2kpN6R9JUgA46Wo9yvrnCjC8X8tresWdKYy9hfOqKRy4M3vrpySePdzBs4NdDHFvSZpGzffTBrsU9xWFahrvfqxy930AClLytrK9NYOPDEtIy1UOZvGEEEIMMZaOr3mh+I+4QqpKlHfoNlkIMbgkuCqEECIoZ0cFxXsS2f7NESb6xA8UJGcspfabKXTa79Ado9PIrjeuMH/nTOQeVQhxxyhVBI45UpCiT6fdagMkuCqEEEIIcb+T4KoQQoggrJwqb2FWVb1fYNWLQk1q8h0qjmIsy6t2oPQvi912l+RgdYu2vEPh+O5IGex0WQd8J3cJqYu7gcN5nZTk0YOy7y5rG6gHZddCxIftRy7fTY14KHwW3+/kHPiRewUhhhrJuSqEECKQ6RIfKpcwWxvtig4shqOsejHPM/lLwasnaXcEWbSjguI6O2Dncs06Ctw5XTWTSigz2PwWVvoFVu18sTgV9W9LMTRvImN8qisf7PhQ+adMfPDkOi4GKYe9rgT1YxW0B1mr80AOmw3eiRUjPz57XYn7+GIpb6TLO+isr2DZ1AzX+0/ksaz8Ap3B6jsYp5VTPZMujNeTPmcdf2qNpswxnG/3PnXjU9G8eglzfQnq8dmsbm7htd/27CPVq+5CsdNeV8GyGVlo3LmAi8ub6Qq5uGtSot5jfYtTpmAnLvLlPng5z2uSowqaguzckx/TYeKL8lfIecJ1fLqpr1BWb/XJyWvvsy6CT14Tch9z1vGJKURiUJ/yB/70ndMzmrbXkyvPiaXuLQqeSEX92Doueh9HiHpXqjWh91/3lle/MY9VtUYCdx9+3/bWgzFcPyYuHhnDrMw459Hrq0117EUzPpVZ1bf46Hmv8xUud2W4iURCvBdbnUS7nv/5C9bvey1tukCZX9184X9dmg6S+eqlIG3AzqnFqWiC1pOJD558i6Zgl4mzjc1PvMXlkLl1TXzw5MaAdSMqq1u4CduinszNr/0UvHqSzpBl9//cnceqmraAtuCof4XMA6Yg6xspeyxEP+24xKoZJ0MEwozseiwV9fOHuHWk0KvP8f8Mjqx8IQW5loKfg776kWg/u91r+Xz+R/Jebz5Re+tRVs3p/VyLJMd9V+08CmrDXD/1r5BX4xeJC+hzvT//43U8Yfp8H+7lgp7vgbgfsnNqsavN2VsPUjxJj3p8Fh94N/UIP+N9N3uG4vGpzDpCbx/t3cf6zWEQrt8L15/2fa8QsoAR3jf11o9/fxa+XwlyDg60YVeMJpqxGA7TGTb7XAMh7ivjVJ90naRgzsnQ94+OCyy7aybUFYNJgqtCCCECWDq+RJmjC/I4bBhOE3+aM53NprGsrqrDeLUT69UGtmcZWb84+Bctp+ks6+dsol27ltq/dGC92onxWD72rSW+N7kBknj2cCfWP5eTlVlO69VOrFc7sV6tZnbQQmuZmHMJQ8As6w7aDWNYVGjkcsD+rLTX68jqySkbw/HFXt5IlrdxanEu6w0aVh8zuN7/Sw2rtS2sf7KEU319CcDKJy8WcF67lcbvO7Fe7aD5/SUo6za5Z6Pvowyx1IejhV2vnyW55AjGq52Y35mCJq8a69UmdmVOZtefe/bRSU1BmNZnv8SqScs47pzGls8MmK92Yv22luWK98h7sxn/s+zs2Eve1L1cL9xDc8+xVk3D+mYhu7zaROTLVZAz9SiKkmrPJEe1KzWcfzl4vXfVVVCw+BiOvA3Uf+s6vrZDC1HUFFJc2/uFNymWuuip2tajFC8+hrNgq2cfzZs0nJ6zMfCfCl1nKJ66l5tFPeVvp/XzcmZpJrPra9e6W/Th9hZL27tJU+VGTquWUvttJ9bv9/B0kld9PulX7+/PhZoSCiuDDc1x79+Uzu6vXP2G+Zs9zLdVUFhuDDj/ofbtNLxF5lYb8w+5j+HbOrbk2Nj15oWwQZyuuioaitbybBwzAkTUpvRrMV/t5HQRLPq0t31YN+niV44Y6ySq9RxGPnm1hI+YS00E/X5XXQmZr7egXVnjUzeG13MprvP6Iq1N5+nG5sCJxhzfYVAt4IWONjr9N275jvO6TNKC5ZtRpDO/pIWPGkNEiE0tnM7MZ6LXuhGXNa6cWBsrKHjDSNrG3r54i/YMBa8HCTY7jZRNnc4+51ze/cbr+nG+R87UCp/6U6ZPIaX+u8D+3NSGpXABSsN3Adt3djTTnvc4KUHLquO17zuxfroAimp72/DVDaTFUL7g1dHM5ie3YZvXcy21Ur9xCl2V2/jCpzFG0o9E+9ndD3YjH76cx6qOsaw+3PO5dprtWWY2Tw0X5IfkvIUkVV8IbN8AOGiqv878nN6Rwq7+5j2cPp91c3Hun05O0D40FqH7fH+W2iLy6rVs95yH/SxXnmX9ASPOAbwfstRtZJdtMru/6cB61cBLWu/6ifwz3iNpJjX+ffThmSQB9oZ1pC8+iTNvA3U9/d6nS1DsL/D7J37f/WlM9wpR3jfBTS7XlFBc42TWtgj6FWycWpzFKu9z8G0dW/RGVj1fyhdhqs2bqw81k7HzvKuM3zfwbqGNshd9r/141ifJz7Ao6SBfhPje4Wi+gL1wSog+TYheElwVQggRwGE1k6ZSRbeSQssLHxuoXZZJimf2FyWpBVvZoj7IxSA3La1WBcs/rualDJUnl6oiZRrbS8eyrz6+MwmnZuZzqtns+6LTiIFMVufoON/hP6rDSEPSZNJ6AigxHN9A6jxQwj71furenklqT3kUSaQW7KDu/bHsW9NHwNdupEGxle2FWk/WSEWSltlvV/NSJJOUxVAfhhNmct9ey8TkfmbOTZrC7m/q2F2ow7MphYqJpTtY3XGWJu+7fmczZS+aWfT5CV7zbmfJ6bz2WX3vhGzRLLf4R5Z//kd+r+9ZTkGSdia7357AhzsuBHzp6FJOo+azHbyg99vux5WklO/li0hHGodx2TaW3Z/tYLY2ybMPpX4p21caOd7sHVFwcrl6G0lVR7yO06v81W19frGOqe01n8SUs8Onbl3FaabsRWNgvSdpmf32Cd4tuBWwf0vtOj5UV1O3aRopnsarYmJpNavtG/mTf9sLse/O5k95YdtbZPc2IpIzllLzzrSQ/1hydlSwrP4Z3i2M4yPNMbSpgRJLnUS9ntFMUukJdhd49T2h+n3TQYr3j+WAT9t2181n+0nZv45PPPVc0l4AACAASURBVI1NQ1bBWQx+59/Z0QyZK8jVf0m7X8O0Gy+RlPV4yMy5qXlLsdd8GXREU6fhLBPzdL1tKqqyxpORy458ag8v9epblaQt28pq40ma/Eb3XXy9CEtJHbXL0n37z2VHqC/5kcJyr0BLko5cLtHuFyG3dFwho2AhWdcDg9mdzV/ydEbUj73EVr5gTC0cL9zK9izf/valw3t41qsxRt2PDDTzdfTb6l2fqb0fyqQW7OBAqZn1NWEKpJzCosxDHG8NUjOOFs7bZ5LdM3TQcYn1L/7I8s+P+N57Jafz0sd1LLcWUWaIQ3g1VJ8fwE57o4Lt2+aS6nfcNct0EeXZj+1+6CTnWcHuAq3XhIUMWH+clLuD5nNB7gN2rqC9rsVnm7H2w+ELEMV9EwBt2NTlvnUasl9xXU+bVfup91nePUfDoTdIjaSMlpOsqh5LzWcbeLb3IiA5Yy01K6/7XAPxrU8lTxdN5sPaYPc/rn9OzMqM8juRuC9JcFUIIURQihimN1UEXUVBSoaKVmuQcU9qHSlB1lGq1NB1Pa4BBUXGFGY3+o1cMrXQlfU4Sm06KY1GnxFWjo4WHDnpPjeyUR/fgDFyev9YXluZHvSLhyJjBa8l9RHwVShR2sx09eM7VNT1kTkt+AixuO1bTWrGJbzj5Pb6YzStXMPsPp5Ji2q5khDLaaewqKstINiQpB4TPHijyGRWYQsNrf1v6Sl6TdAvXUnJaixd171ecdBlSydDG6QCVSpSbLY+rrtY295kpgcJ2tvrj3GqYC2zQwwJCVzDyPHy0axeGexLt5LsggmB/ygJsW/F6DFYbFGMJnQa2ffmjyzfOTOqRxz7EkubGihR10ks62XO5ekgxxqs32+ve4+U0hU+o0N7d5rO6tLRfNjY09gUTMzJ52Krb+PrbP6ZLL2S1PSxNBh9ennaDQ5y08OEK5KfYVHSmSCPA5toOjOZWRm9BYuurPGUzvwCbZDrYTTJais+l7/9EseNK3itIHigILlgDaubT3qNdlczsfA6hg7vs2KnvXEsE7UqUjOv+AWzTVxufobcWGOrUZcvCMVoVFZb6Ed8gdj6kYGmIjlEU0zJmUvKiZYQI1MBFEwsXMLl+sBRp47mCzgLn/L0WfbGk7SH/KxTMbt0BU0ngo1MjFbwfjeQAmWiDZMt1k4u1s+kdKYHCZgNXH+sCB4oTtEwsdHoE/yNtR/uswQR3jf1vK7XBmuQQfoVjBwvhy0lmcGPURHsszxQ+4kKklauCHqfqMzKZ6LPKPr41qciYy7L2y4EefKhhfPO4J9ZQviT4KoQQoig7PbYb62dXSaa6o6y+eUC8qZmkPXGFaJ6zkw1lok3HXF6NM1NoSNL5ztyqbP1R3J1SaB8nCxavHI6OWlv/pFZ6cG/4PX7+PrLYuayfkrvqNoAStJyVBhMYW4mlVN4beNNyp4soqzO2K8g6+DVhxO7xcgXtRWserGAvEl65h+55bVrJ50dLTyt7+ubfjTLtfFsyFFZKpL1PxPNpZOsTeei8cfIV4hSkmostuveoz+TSMu00dAWWEin1UhnojL8l6B4tL3ePdLZ0cILecG/FIfcf8a0kBPtKVRasN6MaFOpxfvJqisk79WjNFn6PmmOxoNcLnzDZ/Rb/8W/TfVHtHXS3/V8BPT7VjpbdeTqQudfUOqmkNxs9gTSFPpM0ny+gJu4bJ1CWhIo9ZPB+zF2pxGDdSYTw35pVvJ0kYaP6v0iMx1n+TBzWu+j7DGUdeAlkaz+metefbHTZMSQowszikxLWs7XdHgdbor+GdqbvYJ2ju8wqCaTCqRmTKbJO5ht+Y7z6VNi/idaLOULXGQhBzLPUjBjHX8yWIMHCePYj9wRSWpSbFewhPsfrnYai0xH/QLPdi7W3WK6Jz90BJ91Wh1PNxrDBHLjTcnTpRtwlOdSWH6G9mhvRuL+mTTA/bHTjqXjAp+Ur6NwRgHpjxXz0S3fY45Lfxq6AH3cN/UlsF9xnYO5vaOjY2KlszWd6ekhL0q0BLme41afWp4tMgekgbE3nsWZNzn2EcPiviLBVSGEEAGUag2W69f7XtCPw3SG9TMyyNx6ki6Fhvkba6j9vJXWnZMHoJTRUpKWNdpr5JKV9rYJpKUAJDExx+aVk9WMoe0Z93u9hszx3bRi6mMkgAIFrabw5zA5dwf13+xgOhcoey6L9MWhJ14JZjDrw956kMInsli2/xJO1TRWV9VQ+00Hp4t8SojdRgRDJqJZ7hYfek8m5POTxqIT0R/LrTsZmAdSiqvJrV/Jrlab+wuVE7vpJKsWtzB/2ZSQj0gDcWt7LpHWu9/+m0u9JjXx+3lmGxGPDVRo+f3HBmpXjsWyv4T0sJPmOLjc8DOz0uM9w/nAtKmYRVUncVgvrJtYzX02NhRt5t79KB8nK8nrMXbLd7Smu/N/JqWTa/N6jN3UwuWQuUG9dpExl1lnzvpMuNRe38LyAu9ctzGUdRA4rv9MXxecArDYvEqpTefp+t5Rk640C+4Rn9opTGzsDWbbjZdIyYzsUe64lS/IEqnFR2j7eAUp1vconhRkUqh49iN3UPiPChXPFsPpRq8DtbdwXpHvles0kj5XAfxI151sqMlT2H2ugd15cH5HAemTSiirN0U2ejbun0kD1R/buXygCN2klexrdJKct4J3P66h+ftaFgUUeCD600jvm2IQwTmIYCNYzS2s/m2oup/OFp/MXvGvz+S8hVB3yet1O031I5mVI6FVEZnhg10AIYQQQ0+K/hkcb16hq1Ad+eOvpoMUrLGx5Vgru/3uQwbzy6S3pMxnoPw7HAVTUHZdoSF9Mi+430tOn0nnCTNk6cDURlNmOlu8Vx5Kx5eoRusM/0XLiZMM7ei+t6VQkVawgQMFG3B2tbFvTS6nC+uoCfFYpscg1oejYR05J9Kp/aa1N0dbUEqSVETwJTma5caw/vNGz8QX/eXEiVadGJ+NRamrdh2Zi7/j+q1E1Dn5rP60jmf7ijTFs+2hQBntoSeq0U7bT+07fQSBo6BMyeT372Tyexx01u2kcOoldn++wW/0nRPHzdEo4jiJlXvvcW9T8RBZncRvveASUWv6bGw4071TYiSRnQdlHQ5m5yrpartERtZc93sqJhaYOW6CbD10traQnbEhgnJoyZ5ZyvFWJ2kZCsDI+eZ8Zm3qb1nvPOXoMfQVonMCKSrvUuqYXrCRyyZI0zppb7xJbqn7QlDoyNUeot0+l5QkB+0GyNoU+0USW/lCbUxNdvEesotd/wgsW5BHw846tugVA9KPDCwnMIakPgqrzJyJcvHXdBXMJRmwN3+JIq/S6xjdn3Vhq9gJjA2ZomDgKEjWz2TL+zPZ4rRxef86MuvmUn+4jzQscf1MGqj+2MHFV6dzPKOG5m+1Ebe5ePankd83xUAxmv5nJE1ErXmGDz/ew9N9lm+A6lM5mVmJJVzsmskLybj/OTGNd++OTkIMATJyVQghRCDtFJZzkI86Ih9S117/Hikr15I9lP/Bm6Qj1+oauWRvu0SK96NfKY+T655N2tLxJRMzNT6rDqnjS9EwseOSVxoDfw7aG42kqqO73VUkp/Pa4a0o3jzpM0ormMGrDztNJ4wsL50bwRcEBSnaxwNyMPZnuVS9moaOeOVCc52nidp4j4YMz163jYa8/bz7zgnavnfNpt34/gaeDZYA2V9c256SZO0YLpuiyG2YomFiczOdAzLaV0lqwQ7enXmJfY3+/yJIYvbhAZghPO5tKt7C1clArOdNTWqGkQZj6PFrDuMl2rW+/wRM0k3B0mzEiZ3LjWOZ6N3N66fQ3moCrLTXTyArwgBKat5COmvdk6R0XKBp5mS/R9djK+udptDqyAr7yLeJ9sbJ+HdJqZk9OUjNNNgmez1OryAtM9GVk9VpxOBOwXCny9cXpXYmu6vyubjfPSptQPuRAWAycjFTR2pfXbRyMvO1R92znttpqk9kVqb3B6WCVP1kLobLq2AycjFTM7gzo7snFtuu2Mbxjj6Wjetn0gD1x/YWjhuX8Fph5IFAX/3tT6O5b4qBSk1as7Gf15Oa1IwWDOEj/y4DVp9Ksgt708DYm79EOXPyXfIPGDEUSHBVCCFEEGpmb5pC0xt7uRzyhtXGqQMXfPLHKUYGW85O+0BNDKFQomz9MYocdmrS8q5gMDloN4zx+2KtZaL+Eu0W12QdWcEmwOnv8UVb3pDL65i18kf27Q+cvALA2foeu+wbmK8Ps22HPbIRpmHKHL/zrUCZ2Ia1v99nHCba/XadnLeUtOoqTvVR6ZEul5Qzl+TKg0Fm1g3NSeCM9xDqPMWpLsLoMrWQrIr160Ic2p6X1JyFOKtPcjno9yk7XQH1oGNWyRV21fa3T3Fitw+NyEq0bco1OUeEX7CVo0kO+qXXweXqQxh8Xou1TgauLtMKVmDZ/17wCWScbeyrvM6WeTrf11MeZ3pbC51euUE9tOmkNX6HxW6kQZ0Z+Qiw5GdYdOsMTQ5orzeyKCcwKhtLWZVqTfB/LnSdYV9thGWLRtIU5usOsasueAfTVVfFvswFAXmFFfpM16SPpjYsOTqf0bdK/WQczUacEaZZcG3QNelUQCuOsXzenHZ7BPkjo+xHovzsVo4eg6HDHFgORxsfVreEXC94uW2cqnyP7KJIZopXMLEwnwaDyTXqTpVPtl9Xn5QzN8xnXfB9xXo8kXFgj6Q7G8j7IS+xfMb3h8PkO/lS5P3pwN03RU05gekzz/JRffDCOG0/RnS/mVawhMuVJ/3qIzqx16eLImMusxpb6MROU/0YZmVJaFVEToKrQgghglLoN1Cz7iabnyziA4OV3nsTJ10dJ1k/YyWtap1nFE5qzlza9+ylyTMZgZOu1qOsmrOJBscA3ZwoNWRoL3C6wX3b5nTg6OMeKjUrH0vrSQwEfrFOzdTQ0HgWQ2LgRBdxOb5oyxtm+dRl1Sy3llDw+hk6e06O005n3UYKXv6R1VVzw3zJdWKp30TejI180mHr/ULiMPHJG9uwrHymd6KWEGWI7/lWkpqh4QtPrisnjpAVk8TEPDX7Kk/S2fPlx2mns76C4sXHAh/tV07htZ2j+fC5Ij5o7T1WZ5eRT16fR0HPl+soltt9WEHZk77L9dR9cU3giKD2NwspPNCMxXMROcKcp2jqIjYp6fmc2n8GS4yb7V/b8y/MXHbntFA8p4IvPBNNuPuYOTvpGK0JWCV1WTXzmwvJ894/4Oxq44PFG8PPJN7D3sa+xbl+58VJl6GC9dU65mf6hTGcbZQ9oScvyPnttyjbVIp+MpfrvvS0/7DtQ5HO9HlnKStv9kxa5+wy8qdXSzDkveGbmy7aOunvepHQLqWm5EeK52zklKknaObEbjrD+jkrsazcwwsBjU1L9swfuVzrlRvUQ0OW9hIX61pQ5k2IYkSSkqeLRnO8/iTnTTPJDtbAYyhrSuZcFOU7+cST69qBpb6CgkoFy/8wELmrlTz9djUp1QUUHmjrncjQaePygSLyqsdSuynIjN/KCeQqjJwyXCFD7zdsNElHrqmFP7UamRXpUGC1juzWs705vh09E5nFWD4PO5f3LyPzxYM0Wexe/XgzZa8fIm1e78Q0UfUjUX52KzKmMb9uJ2WG3rzWXR1HWbW4hekbF4RY6yTL5vh+Jju72vjgxQI+VB9hS1aE/wnQTmNW80k+afyS5GCTBSqnsPvw2CCfdaH3FdvxRMZp+ZL1zxWwvtZ7Yk0HnbUb2WxdwfSeoOiA3Q/5ieEzvk9JE5iufo9dtb15ZJ12E1+Ul1BcY/ZdNuL+dADvm6Km5OmVW+HNApbVeJ1Hh5WmAyUU1jsiG7GvXUpNYQsFM7z7UNzXfwnrG9yFH5D69BSCZwtaOF77NedV05jofwGZjpL3WB67oniyT9w/JLgqhBAipOTcHTR+tZak5r0UP6l3JZV/LJdVNU5mHa5jd27vY1YK/Qbqtqk4viQL9fhUNJOK2GXSsOWzarbkjR2gEqp4oWoDVE9HPT4V3XMb+aKvmWa16aTsr6Ir6/GAL9YKfSbKPVU4gr4Xj+OLtrzhllcx+3ADu7PM7FvgKpN6UjH7TJPZ/U01s8PeySpIKaym7XA+zpp1ZD7mmjBA9/x7WPNqqV/m/QU5eBnifb6TC/ewhYPkjE9F/UQB6+u9vtT4SSrYT32eic1T9e4ybeM0+bz72Q4WpY8J3HbuDuo/XwJHVrqPVU/mmjMoiqupK1RHvZxCv4HGr1agqPWqu+dKOc4C3i0ODC5M/EMt72Zc5/gbuWjGp6J+ojDseYqmLmKhzF3BFnZS2HNNe370pM94hTJDX0Nh+tP2/ClI21RHY+lozq/IdW3riQLK6hNZdHgPy/XB8uQF2f9jWRTsMJK2c0cE+dqApEy2nzvPluQWdnm2kcuqOhVbvook51uEmjeFnjRn8RnPaJ5o2pQiYwN1mS0UT3Idd3FluIlOFEzcVMdy3qPgiVTU4zPI29FG6qYTvKb3H9IWY50McF0mF1TT/PZkTPuLSR+finp8FoX7zWS93RAyN3Rqxlj27fmZLP9jdD/GvnvPzSDvhafImEtW9Tba8yaHDBREXdbkuRw4PAHDmlx3P1rCR858at6ZNnCPZSt0bPnqPKsVJ1nl7gM0T67juGIFjV+FyueoZGLOz+ze75tmwUVNWs4ldu/XBXkvVBnS2fLZZAyLs1z9zuK9vRNOxVS+Hklk/6GOxk0qDHt6zoGezDVnUW06z7u53uc8mn4kys9uRTpbPl8C+wvR9fRprRq2fLY2zKz2czlweAnJHXspfKKn3CdRrDxP46ZoJglT8WzhdbaUj2F6kCdwIFh/08e+YjqeyChS5lLzlwPMch71nG/1E4Xss06j7vOlXiPPB+p+KEiZovyM71sSs9+vY7ppGzmPufvhrWehoJK6txeQ4d01RNGfDuR9U9SSZ1LzTTVZ1gr3Z42e9MXvYdGXU7epj7y53psJ6EP1pM+poF1fzm7P9Tsw9ekpQ95c7FsrSM4LvBacTgmqitCG/duk//i/wdr5rx6bzsKntCSGnVarm2tfH+FUx00embaM5zRKRvzzBlfOHsbwv3eqpEKISFRs/wMJw4czYvhwRowYQcLw4QxPGE5CQgIPJCQwfHgCDzzwAAkJCQxjGMOGuX4Y1vu7/w/g8/u//vUvbt++zd//fhPNuEc97/sL9poQQtxp9roS1lNOTcFQSNYL4KS9vITzedWuiV383+1qpmzJNlRVQ2uCJSEGn4OLr5ZgLz3hmuxEiLgxUjb+AtOvbuh9aqQ/TAfJqdVR/4cgI1eFEH0w8cHUk6R9/lbgyFVxR5h/+InERKUrnpCQMOD7GzHsn3HZTtiw5sCaxO/n5TBuVN9Lqhas56HEw7x/4Sss45Yz5REVqpfX8/+9v5vPJcAqhBBCCBGZrrOUOZdQG2pEU3ImszJ/Zp/VzkvaoRIQFmIIcLRw+uZctktgVQxxnYazZBcslcCqELEwtXA6cyYvyQUkojSIaQEeZpRPYPU2t2+HWlbJuPzFvJwJ9e9+yNkfHDBCRfbL63nu1wNfUiGEEEKIe8JNB/brN0OnGXAaOd/8OLk6CawK4a2z9hCKeVMimFRIiEHkuMSH9fnMinACJyGENwcXD3zJrAJd34sK4WdI5Fy9/bc/896m9bz+xgbeu3IjxFK9AVbDB4clwCpEhBTq2aytqGLr8izkUhFCiPucdhqrndso9JvEBafDPYnUSrpW7pHHnoXwcNJleIv1bQt4LVdmjhZDmMPEJ2veI+kPC71ylQohIuOgs7aUfUlb+b2kRRIxGBLB1RuW81j+AdCNpd7E30IuKQHW2OlZWlbFnspSZgx2UcQdo1DPZsXS36IaAcpxU/md/BNOCCHucypmHz7P9gwz+xa7J9gan4rmyWLK6mDW+w0cyAs+SZAQ9xcbp17Uox6fxapGHe++H/mkLELcSc6OCnTjU9FMrcJRciBoPm0hRAhOI2VPpKJ+bDq7HEuoiWoCOSF6DeKEVjNZtycbFa6Rq+/v+oxrwCOzNvDypIcZEXZdBz+cPcz7zZD10mLyxynhto2mfudgzWdtpatMvroxH9vIQWN/tn0H6UrYvkBJW2kl5zwv9hzbXXYsImbegVUAh/k4Ow9dieuM0/5kQishhBBCCCGEEELEQia06ocRD/+W1Tt/g6N7FEpl+LCqi3sEK4d5/4PD8NJi8se5RrASh0muus1H2Hyow/O3bskOFi7YwVLukqDkI0oC5wk7y97Ss4NQGDEYBiOwKoQQQgghhBBCCHG/GRJpAQAYoYwwsNrDO0XAbj4zD1yKAOOhTzF3j0LzVH58NyzEQEjKl8CqEEIIIYQQQgghxB0wJEauxs5rBOvB42i2Luc3yviNYO3Vwd9uFKHp+dPz2H0jD5cVoRkF2JpYV3UWV25T92tAsJQCM9ZUkU0T675+iO0LtO5Rpj3L+aYmsBnWsLf32f7e9b1yF3gv4/1edmUV2V7vz1hTRfaDJo5uqcZTHF2JVxmAbr/33ekEMKzh0kM7WOg5MBtNPmkHwpdLCCGEEEIIIYQQQoh7zdAZuRozJePyZvIUZtp/7na9NEJF9uyZcdyHnocf9H/tQdLLnodTa1hXusY3sIqJo6Xu1w030CyoYq3/LFKqbPbMhs9K17Cu9IhrZOyCKvZUjuMH97pHzd2osnwnoHIFMG009Wz/mIkHs6rYvkQPwLkq13qu4KdrmZABTndgFfMR17ZK19B0Q8vCIJNeqbKqmMOn7uWasKEie03vSF7dkh1ByiWTZw0K+1neO/hnbLddfyo183ljyQRJzC2EEEIIIYQQQggRZ4MYXDXxy42B3cOv4rSdGWuK0Izqxvy1d87SUdy44jsiVbfkeTSjbDR5j/w8V0mTDVQTSvCZqN1nhGgHbde6cY1e7R0NarzyE92oGNcToZxRSrbKdxmM1Xxm7maUJifKQKaepbO1jLI1+eSXPVflCpymu4O1nuL65KE9yyVzN6jGefb5SOIosP3gU67NfiNbxZ3jtJ6SAKsQQgghhBBCCCHEABvE4KqZY8eaPMGf2HXzk+EMX6MhbYz7kfXbNppOneEfMW5xlKaIPZVVnp/sB00cLe1rMis96Y+Mgm4H1/zeOWexwahHSdcFXREAYwSR5hkpKuAGf/MrR0AQNhK6dB4ZBd03f/J74yw/2GDUI+mEKW6AcxabazRuWUlU64mBExhgnclCOTlCCCGEEEIIIYQQcTO4OVf/9wx73od1L2d7Jt+JTjc/XfqQdy/8woSlG/iNEldgtZ/5Vn1HaUbpxi8Ej8GOIvERCPFm5IIEb3s8+JAeiK7cN34JsfwoJVEV91wl66650gwsrKwiWK5Zcee5AqywYulvSbz2Ff8p50MIIYQQQgghhBAibgY/5+r/nmHP+7GMYPUNrBZqlHEJrPbbgw+FGLnZzc1QUdFouIOewYQMlIbhCsgGESaIG5Kxms0+OWR3sFRGSg46p/UUezesYduHBgbz0hBCCCGEEEIIIYS41wx+cBViCLAOxcCqO29qkODnjBQVdP9EWz9HDZ6z2IAHedgvYKmb8CijsPGDO8FpJCkGMLZxrRtGJT7q90Y+41TQfa2tH4NsOzh4ykR3z2hdIYQQQgghhBBCCCHuQUMjuApRBFiHYmDVxXjoU8zdKrK9847OKCVbBbYr1f3OCOCaHGsUmgWlvZNX6UqYoxlFt7mxd/Koa44IcrC6A6CqbLZ7TV41Y002Kmy0RZUWQc/SsirWeu3PP+ArhBBCCCGEEEIIIcS9ZnBzrvrrMwfr0A2sunRwcAssLSty5x0FV+7RNXHLPXquag2sqSK7sops92s2wxr2egcxjdV8NmEHC7Oq2JMF2JpYV3U2cGPGajZTwvYFReypLHIX18TR0igDwbpH+dsVE4/07M+1IczHKpHYqhBCCCGEEEIIIYS4Vw37t0n/8X+DXYgAv54ZJMA61AOrQoiK7X8gYfhwRgwfzogRI0gYPpzhCcNJSEjggYQEhg9P4IEHHiAhIYFhDGPYMNcPw3p/9/8BfH7/17/+xe3bt/n732+iGfeo531/wV4Td5KdU4s3wc5qZicNdlnuZkbKxl9g+tUNpA3E5jsqUNdPw7rp7kqQ3V6eyvm8TraESBs+pDiaKXv5EKNLq3lJr/C8bK8rYT3l1BQMhQtkgNvZvS7EORb3sbuuTdi4+OY6Ntd9x3VGM73qNO/mDnLfdJd+PoUTtN+3nGTZmjamH97Ds0Ph4yCs+/2zwkFT+Uo+HL2WmmU6Iruy7786s9S+wqrWadS8M40h36TFkGT+4ScSE5WueEJCwoDvb8Swf8ZlO0MnLYC3gBQBElgVQojBYq8rQT0+NYKfEk7ZB7u04dnrSiiLfu4/IWLnvImlw4jV7hzkghgpW3yGIX6JDhlR9RVD5hwPpMFrP+3lg/vZEq4thCzbXdYmHPUVrHIspP77Tqzfn2d71h0KidjPUFwep8f77lLOmzYsZjN2x2CX5F5l5ZMZRZzqCv6uvb4E9YyTWIK+6+DiqwV84nnTicNqpN16Hd8r+z78fA157Tpx2H7EZL6ONGlxvxlaaQG8/e8Z9pSbyHpKC+ZGDH+9CcD/fP0VY26M4trFS3TcHOQyCiHEfSCpoBprge9rd9XIQSEGU9I0ar6fNtilEANJzrHwd5e1CUvH17xQ/Ef3KDMlyrthsO09QqFfS+PVtYNdjHuYmpSMK5y3Opmd7N+wnXS2QlbSJdrtc0kJ+J+CmdYLE8h9p+fvJJ493MGzA17mu5mCtNJ6rKWDXQ4h7ryhOXK1x00zhs/PeAKrAP+w/IXPT0tgVQghhBBCCCGEEKGlpj9Dk8ka5B0zBtMUFuVBhynIKHPLj1yelk7qgJdQCHEvGNrBVSGEECKOuqxtg10EIQaH3RbisUcRjPQVfgat/djpChYTuYNCt4XBL9tdz/Yjlwe7DOKep1Sno2w2E5AZwNRGe87jWg5mxAAAIABJREFUZGsncLnZHLCew9oGGWNR9rWD+/HzVa5dIQJIcFUIIcTAsrfxwct56Manoh6fQcGrJ+kMmYbOzuUDr5DzhCuPq27qK5QZbJHtpvUgy6ZmuPK/PpHHsvILdPYkfOrYi2Z8KrOqb/HR8155Yv3zRfmVNeflCpqC5Ony5OBzmPii3K+89VYCD8+Jpe4tCibpUY9PRTNpHqtq2qLKz2VvPcqqOVloxqeifiyLglePcjnkBmKvx95NtPGnV+eR/lgq6vF60ues40+t/jt08MXLOXxgCrJ+RwWaEHl4HQ3ryKuNICoRUIa3OGVyoFRrQqzgoNO/nmuNQfJ+RXE+QpTB/1iL6+zgtHLqzXnoxqeiefWSe3t2Ti0OkzMy4jbUs/gZNvu0g5O0h01sZueLxamof1uKoXkTGX3kSPbffnF5c+AXUq+6ieR6CVamU4sraPff3xN5LKsxeY7d+5rWTX2FDwLan3e5L1DmV5Yv/M9TkO3G3FcEHE9gfXr3E6fe7GlDGeS8fLS3D/SuwyfyWHYgWDv0rq8gx2kJndcz8nrp3Ye99SDFk/Sox2fxgSmS9uPAYjjKqhd9+/mg7bLnWsHO5Zp1XtdgSUAfZa8vQT0+m9XNLbz2295z4Vo/lOiu7bDtN0xb6LtsfbcJn+t+zjo+CTZyzr0t7/484MerbYZt20E3fYbi8anMOkLvMfrljozq2uo5PnsbHyx2XdfpB4J9QBjZ9Vgq6ucPcetIodfxuNqgL/9+PbCt+CwddR/pt6/6igjrMPR1Gf4+x5+RsoDjjnXbkX4GBjucwOsh1HmG6D8r+r6fcC8a9f1VBFI0ZHcY8e8qLR2XSMvQgjad7OY2Ov1WsxhbmKhVB5TP+zofsM/XICK/FoO1qfDvxfXa7agI8pnZm5c24vtZ9z1VJO0mUDTXcuiyRXuOxP1NgqtCCCEGiBNrYwUFbxhJ21iH8Won1qsNbNGeoeD1S4E3+04jZVOn85FiKTV/6cR6tZO2YyvQ1q+kuC58YNBpeIvMrTbmHzJgvdqJ9ds6tuTY2PXmBdeXRP1azFc7OV0Eiz51bdt6tdNnFmJnRwU5U4+iKKmm7Won1qsGaldqOP9ySdCJELrqKihYfAxH3gbqv3WX99BCFDWFFPsFDi21ReTVa9n+VQfWq52Yv9nPcuVZ1h8w9v1FYbSN4y/nsapjLKsPGzBf7cT67Wm2Z5nZPPUtLvtvoB/16FsX7+Es3EPz951Yr3bQXDUX5/7p5JR7l1nJxBw15zsCA6WdrT/yQlEihg7/M+2kvdnIdL06YJ2AMjy5l+veZXh/LtSUUFgZLDBr49TiXNab0tntqec9zLdVUFjuW8+Rng9nx17ypvqVoWoa1jcL2dXhV/GOFna9fpbkkiMYr3ZifmdKn7PkOg1VEbchgK66EjJf///Zu/ugpq598f/vHu3J8Q8y8+2YnpmGua2h4yWZ3ga+vQI/D4RvC/S2olaj1uIT9Khg60GrotYHai3iI0qVa6tYW9Qq2mp8xPYKtsPD6QD9nR9JT4fwdUo8vUM6cxqndybeGb9p79zv74/wkIcdSEIQtZ/XDDMKO3uvvfZaa6/9ydprdZG684q3HHxbz4E8J2ULdtARsiBpmHa0E8efyzFllNPWV/ZvVDPbL4G36ahdQ0ENzOsvZzXMcm2lQOEBK9L6Euw2rYfzKaobz6t9x/tyC/Gn8yiytHNt/SussBopvdiG40YnzZUZtC0u5qRiXSwkY30L+uIav7Q0rc8JKvOxaCsi4W47Qt7rn6HJr6b9W28buE17BvPr52mt34h5lU/7+GUFpvZCimqV6qmTc+WvUFBzm6n97WkTNfkqPnq50GfBlejypU+3ZSO7nens+dKK40YTr+mHKD8eOx/Omcpm+wRWVg6089tMNtYuVl4kxmO/wNo5m+jQr6b2K28dtJ2YgWtLod8XNZrcahw3Gtmdkc7uPw9cC7+V1gPTH3bdDqP8DlIWoklbH3fbcQoWn8Bj3tJf75s3JXJuzkauBd0YnZxdPJXdtxf1t+f2P59j98xETDvr/crmkGVbiWYmNYHneHRmf9sVTRnCcZ61FU4yd9bTdaOT9iK9wkZG1n3bieOThZBfO5C3gSuqu22cfKOQj5hLzSBlpU90baRvXuewtimRlSd68/CrGlbqW1j7bKh27TatNYUU1HiYtTWMfk5EIt13+PfAIJ5mNj+7FecrffWhjbqNWfRUbOVyUOGJ5l4RTn9iQCT9q/BMICm7hU6/j7roaEjEpAdIxJTyGR1+DZaTbms6qYN2VUbm/qokqroYqVjWXSUuG4fC7s86OLnAzBX9Fhr6+4BLUFs28X5g/ytIFHXZ08XZ9a+w1prIuo+ju0ZCSHBVCCHECLHR6p5B7dGlpPUvIqAmuWgLK21naPTrsHtoLC+ku9DC4QIjfZurNHpm7yontXoHlwd5Suls/oT5W98ms/84KuJTl1Lz7pQhA1zewzdTtvgmyy7+K39M0qLq3YdGP5M9uyZxaPvVoAeZHvUUaj7dzvz+7UEVn8K6jytIKN/nk14XHQ0qtm2di6Hv3TKVBoN5OzVFRoZcN+TWzyRtrKO2KIOEgM8fLulibY1vp294+QiA+zprF9xk2cVjvJbqf26vfWxhmSOfsqaBjq3GmAUNtoCHdwcd7ZOYlZ+Oqznw4amLpros0pT67P2n0UzZAhuvXjzNOt80aPTM3nWaA+afgz7SXbuGQ7pqLJum+OSTlrSSala6NvJhfzaFeT08zZQt6ApOQ3wK6z6tY12S/5VrOt1Fzq7VPmV9aD2aGWGWIaD7DCuqJ1Dz6QamDZwg8amrqSm+FVAOomHDPn41ll0zffJFx7R3VpNQ9Zn/KJco6kuwdm4lVVFb4lOu1SmU7pxL65tbacqtorYopb8Mq/VzKd30M4fqAs7TfoSCqgkc/nQ7s/Ua/7R8WkVC1Rq/wOOw24oItd4ycvjj1WQOnCRpm7Yzv20Tm5tf5PDHPu2jWs/8jRvwVF8NGkEFP6DOrcayay7JfmlfTW3lBMr2BuR5hPnidYYrLGePWY8m3GKs0jP/4yZv+6QZaOcN5i2U6o5wTaFYtjlULPu42r99SZjCtpIJ7K8bzsrxEdTtYZff6LU6J7DH77qAOmkp24ptnGr2b0k9bUfYPL6C2pIUhfb8iF8wIuZlO6oyBCfrYOWumRjCLkSDsHWhKTnNHrO+/9XskGVlmG1k5+FC9uuqvG2gpj+zMZi3Y3lvAvtXKX1Z0I5TV+7/mZD9nEhFtu/w74EK7C2cytvCNlPAPf/oXqYFFZ4I7hUR9if6hN+/Cpcag0lLm8Mn09zf0IQRgwpAhSFpPPU237930eROGcjLYYkgz5REWRcjFdO6q6TrFklbw+zPumzUq7awLc+n7mv0zN5VzWtJg6cvqrrcfhNV4TFqfPodEV0jIZDgqhBCiBGTwjyzXiF4OJ54nYOeWz6/cl3lo+YlrDNrFfaj5/n8H2gb5Jtq1fjH6HZG/829q+4EjYWrmB2vdPgsXu1pDxr1otE9pjwPlyqDWXkt1Lf19f5VqOOc2J1RvcwGTMCglC4gIXsuCadbBgIxw8xHAFfDGTqKQ+QFWmaXLKfxtM+omYRJzHO1+L926bJRr0vBEJ+Iqb3FP1Bkb6cxN2vQBSJcdSc4a17N7ATlvweXKRunysezslgpWK0m0zzJZ3RteNfDVXeCxpD5oCBjCskRPo8k6EPM5RZUhqDj9A40xcsVj6E2zSCt7pthzvmWzrwchXKj1pKAE5fP9Y2mvgTTodcpnL02kTTSmWUKDgcl6CfhvOUfWO+wHCShZDlpSnmvSmFlyXgONQw8sA23rYiU8jV+DH0qZJozgoNeCYmkOW8pjOYaj06r/JSvMs1kftN1Wn2uUaT54pXC1AyltmNwKsVyryIhNSCY0UdnJEGpHGt10HNrGIHNCOr2sMtv9BKSEhWDnZp4Hd1+N0ZwO38gLTVRoV3TEq/7gR6fzIp12Y6uDEFabjrhNptDypjL8wo7Uyorw2sjbZyrmsC64hTFLzxVqctZp1H6skBHkl7pair0cyIWyb4juQcqUI1H63CG+fpzBPeKSPsTvcLvX4UvXmek1Xpz4BeOdnqyjf11UWPMwtX0zUBaHDYaUxMJ0Q2JUPh5piTauhipmNZdRVriQ3zTE9SfValRO7voibgtjrYuTyBZ+cYU1jUSAiS4KoQQ4q7TEK/7gVs+HSaP3UZrbugVWeO1T9NzK3TPxlBQhcmSR+4bx2nsjrQH5KHT2s601FBDKbXEJ/0QUccqXp/CNVtfJ17N8yUbcJfnkFd+no7Ie4qhaXQkOL+muzd+Mdx89OZFC88nDTKsVG/k+QabT8BUR3KujSafoK3b2kJ8RiKgJy2jhVafTmy39TPSsgcbsetNw/xc5Y6xou4uWlOnkBZihIlKqwfH7d7/hXM9wsiHEeZfhhx0tqUwNSXkCaLHMUKj7R5Dl3obd382xb6++NHoBn+YdTh9Rkk76GwzkmMMPbRIbcwi3mchk+G1FbGiIWHQV01v0hPRiLfH0KdeZyB2Enm+xIKnx06j5TibXzeT+0Iqpje/JqIJErUTSLvtjm5ORSD8uj2C5XcYNNoJQV8eaIzp9DR8rTCNzk2s9jjUPo1kbMv26JShsAWVlWG2kd1dtCZlkRzydNUkZ2tpsocbvA7u58SOwr4jugcq0C/icMYFzNPX8GFTtPcSpXtFpP2JofnfGyOgn8Rsn2N1ttnI8Z2eKOFpptoG5l3tcdjITJkQ+XEiEphnSu7xuhgrAf1Z1Fms23ibsmfzKbPYwg+yxrwuh3ONhPAaO9oJEEIIIdy3fuDn6jx01aG3Me1cHvqPKj1//LiJ2d3NnK0qZG07pBWuprQgJYzXId24nD9z6GUDh0Juk87u4iF35Odn345YfBZ7LqXTY73KR9vNFFm1TNu0ipW5+qFXoQ1D36GGnY+4cTlRGhrqQ0V/8Kc3cw2pWVyu62KbyYh3TlUwlXh3YsieRJnVwWt6Hd7XdidgqhzsAOGkIcBtB/bmE6ROLAm9TX7twL+HvB5RpGEEDJSh2zi6WvjoDwZWhtx6IefuSqpGpr6Ez7di3cbRpUI/2HVSgaq9Cxd4R+QMq624eyJ/jvvZ5zNR5MswuO3nKVu/k0bNi6w0T2HexhrWadR46gpZO8x9Ryysuj2a5TdCCYuoyf4TRRXj2VPsfV3V47Jzdkshja/UUOp7A4lp2b67ZWj4htlG3nZgVymNEB6gQkWb/RYQ+ejuERfpPTCICkPBMdrNDhotByl482tIWcK6TYtIi7phjK4/EY6fowl0qRJJ0p2g27UUg8ZBR52R5CLfDfSkZZfQaoc0vYdu621S82MyJ8Aw3W91cXj8us4526kzOemoO07ZS8V0aF+ktGQ50/SDXJf7vS6L+5oEV4UQQow69fjH0K45R7Pi5PkR7Cchgz++m8EfcdNp2UneC9fZc3HDEK9rq9FoH2PtxQZei9FARQ8e9Lq4gN+qiE+aSel7Myn1OGmtWkOGZS51R2cOozPsAR5D09vPHH4+qtFoIeSi1f3HnOD/alfSFGa/2U4nRgweG/XuLNb1pkmVlIWh2oYrT4fG/Q1NpPsHBIKoUAdm3VDidOinVFH7blYEwerBrkdvPkSYjFjyL0Nx6BJf5NDHe3l+1J/1Yl9foheHLtEzeCTSA56U4Newo2sr7lU/gyeRgSYn+nyJmP0I5lVOSk+0sSdgZ8OabnJYhqrb90r5jUDPGVY8W4j11s/E6Z5jdnEtdbnKw59jU7bvYhmKiWG2kXE69EOerodU/fhoEziyoroHKlDryCzYS2ZB75cmC3Op32mhdIg5LkPsLLr+xBCU+1fh0GBIcXDOAdNUN2nTpTAtYAtDxiR22528pnfT2Z5O2jtRHCbm7re6GC3//mw/lZZk8wYOmzfg6Wln/6oczuVZqFGc/or7vy6L+5pMCyCEEGLUqfRGEhq+ieErTWoM5u0cmHmd/Q1DPeKrMCTpqLfGaq46Nx0NNtL0g7z327vIxDbVVk5Zh3Eou41rGX0LMsQiH1UYktK5Zh0krGi3cS0jcB4yn5V27dfpMU0aeMBTGTHFeedk9Vib6faZ40yZmnj9Y7TaI1gROCGRtOZmOqN9bSvoeqhI0D/NtbbRCq8GliEdhtQWmgZ/Sr1LYl1fhkOHIdVGvS30S6xu23U69LpBvsCIpK24R7lt1FsnYeivlLHIl/B01B0koXg1mffqU71C3b53ym8YXOfZ3DCFw+/uxfKVdwV42+f/SmmuLoyB9cMp23evDMXGMNvIhETSrNf95w73422TDbp7dKTbcO+BCtT6meypnMG1qutRflESbX9iMGH0rwaRoE+n1eHAY23GbXo6KBCt0qegaurC7bpJW6IxRvOtDtf9VhejFNCfVaKKT2Hd0S2o3joTeoGp+70ui/uaBFeFEEKMPk0W87T7ONQUzUxfHlyu8J4ovAt+BD8maLLnEl9xhMYIDu8heMV6AE/bQXa7NjAvqe83blzDitl4QnwD7+RsxUEy831Wgh5WPvbuInsuydWVnFWM0CocEwAVyRkTqLe56Gy7SY7R969qkk23abJ66Gz+mqlJQz8UGbIX4ak+47cS9gAXPUFxESOzCr9md204Adnwrkd87tJB8iE2PJ5wyxAkm5fQWqG0WnWYVGrUbTdj8gVGNPVlpCSbl9NddVB5ASJPO/srblH6irHvF8NuK0ZPqKE4Hlqr9uHaNJdkn99Gli9hGKT8qH6r9AEXHYMtoBP+gVHHteMIKxYaXt2OtPyGLguRpC1Kzi6atNowRiOGX7bDFfMypKR3IaVY1LThtZFGZhXfZH+VTbGaKbXJ95ZI7oHBPC7XMOY6Di26/kQk/avIqPQpaNpu0mr/IaCf0pfgRHIc7XQ6u8CUGP4o4BjeX5VEXhfj0CV+TadCZeixHORkLBIVZd0Nuz/rdkXZLtzvdVnczyS4KoQQ4h6g5vld1ai255B3uN1n4noPLvt51i4+HnrBA1c7+xfnkHe4me7+h0sPPU07WFttZF7GQAc6ISmdVstndPY+VLv7ZqhXZ7HnqIqyZ/N5v8050CHzuOi0bKSgJnjkRcdbeQHHdNNp2Yj59ZusrJzbP+LB0/0Za18ys7bWd0J+N521G9nsWM7UoTp42m/YPWcjJ60D6fL0tPP+AjOHdMcoNfl+zR9NPgZ0P9VZ7Dk6gUMv+edF6GP2fiw1C5X1Ao3tk0gOGO6hMWbR2XycVusMMsN5FTdhLnuyWyiYs4PL/QuzeOixnmHtnJ1YxycGfcRQVM285jxy15+n0yfI4Olp5/3FG7nWu5uwr4c6i3U7xyvkg42T61/BHOVDrC9X7RoKwihDAOiXUpPXgnn6Rs7afR6EPU5aDxeytn6ISJE6kVT9Vc7V961+5o5+gYYo6suI0S+lpvAmBXN886W3vM8pprt4L/P7MjIWbcWosbH55Xzeb3IwUFzsnF2fR5FjOQfyAr60iCRfwhGi/Biy59Kxdx+NPT752XacFXM2Ue+OxRwWagypiVy29I2e84S8FpHU7UjKb+iyEH7aoqZLYZblIGe7h9hvBGU7bLEuQ0p0RjLbLnDZ3p+50Qf5htlGGoqqWeYoxOx7D+ktE4ptcpRCBQ6HK9x7YDAXrVVFZCw4QmO3y+de10zZ+g9IfiU9+tfNo+xPhNu/AnDXb8T4VCGXw4nEaSaQ2nWGj9oTfUb6+/Iu0PlRdVdkIxtjeX9VEnFd1JGZ91vKtp/pb7dwO7hc/gq7VUvYlhGDNEVVd89QFFZ/1kN33SZyp/tvi9vOyTe30l38ot+XiYHuVl0WIpAEV4UQQtwbVEZKP7/CStUZVjybhG6iAd0zZlbUwquVizCE+pwmg22XrlAa38LuhSbv557KYYVFS+nn/vOvqVI3YMlooWCyAd1TJgoq2vu/GVclbaDh8+WoateQ8ZQB3UQDxpdKOMVCDhQERwTT3qnlQOotTr2ZQ+JEA7pn8thvT2fPl9XM9nk3S5Uwl5qvDjPLc9znvPLY75iC5eLS0OfVR7eQA0eXEG/dR94zBnQTk8hYdQZV8RUaNhmDXw2NJB91KcyyFJBYYfPfRVBeDHFMAPUkcpyV7NelBJ9TwtPkNFSyP0nhb4pUJG+y0FAynivLc/rPoawujleP7mVZktJcWVpmH61nj6mL/f3lwIR5u43kndv7y0Ek1yM+Zzt1F5fAsWKffDiPqqAaS2AwKwqZ75xmTxhlqD895mqad6VjryogZaI3PSlzdtCRVM6enKECWVrmV26A6qm9ZXsjl8NefjdYpPVlJAXni4m8qi5Mu+r952WLUVsxOlLY9kkFabfOsLa33BpfPojdVE5ziHmbw86XsCiXH1XSBixbtZxa4s3PxMn57LYnUvppNaW5sVlpOz5vL6UcIbu3HVhb51R8iI+kbkdSfgcrC+GmLWrqLFZugrKFvW2Ez0/iZDNF5c3e0XIRlO1IxLYMKVClUPppOk2LTd72bPE+WodR0YbbRgbdQyYXDNomR0qjT8f9Vg4FdSPRmoR3D1RIFZnvWGjYpKVp70C+Zay6gHbTFQ4MmW+Di6Y/EW7/CsDzcySvUOhJzmihSTspZF/EkGqksSGOMF6y8RHb+6uSSOtifF4VNSnNrHi2tx4sPo7HXM2BGLXL0dXduRwOqz+rIiGvmvajM/DU+LTRLx/EkVtL3ZDrCox8XRZCyUP/PPl//d/RToQQ4sGwY9s7jBk7lofHjuXhhx9mzNixjB0zljFjxvCbMWMYO3YMv/nNbxgzZgwP8RAPPeT94aGBfwf+AH7//u///m9++eUX/vM/b5P45BP9fw+k9DshYsVlKWQt5dSY79WJBoUQDw4XZxdvgp3VzJYm51fFY91BQd0UapSCUB4njeWFbNZWDHsxSCHuFdK/elDZKJt4lak3Ngw66lQIgK7v/kZcnNobTxgzZsSP9/BD/xWT/cjIVSGEEEIIIYS4pzg5W+5hWUmItwVUWjLN6Tjbb47yqGohhBBCSHBVCCGEEEIIIe4pbty3bg0yd6OHjroWkrKN0c+JKYQQQoiYkOCqEEIIIYQQQtxT9Ewr/pnNCwIWaMKDu8fGyfV5FDmXcyAvBnOfCiGEEGJYxo52AoQQQgghhBBC+Is3V9OgO8+hqiJ2N3Vx62fgt+PRm55jXn4Vzala5SkDhBBCCHFXyYJWQoiYkQWthBBCCCGEEEIIEQ1Z0EoIIYQQQgghhBBCCCF+RSS4KoQQQgghhBBCCCGEEFGQ4KoQQgghhBBCCCGEEEJEQYKrQgghhBBCCCGEEEIIEQUJrgohhBBCCCGEEEIIIUQU7v3g6u8eZdJzc5j9XAqP/m60EyOEEEIIIYQQQgghhBBeY0c7AcrG8eg/T+ZfJv+BxMcfYRwAf2By7kx++t7OV199zlf/74/8n1FOpRBCCCGEEEIIIYQQ4tfrHgyuJvPqlnz+SQ24/05X0ymufNHOD2iZ9NxUnkv6n0zN+59Mzf0rx7cexTrayRVCCCGEEEIIIYQQQvwq3YPB1Sd4RA2//GTnq387z7/1j1B18vXF43zvfIEZ/zKZxEce4XGQ4KoQQ1DpZrN86R+I+/48Hx1q4t9HO0FCCCGEEEIIIYQQD4h7MLjq9fAjejLz9GTO+Im/fftnvuWfmPzUEzwyDrjzC7+M6NGTWFqWT+I4n1/dsXO8tBrbCBzNuGQ7i+LaWVN5YQT2DhgL2bZQTXtJBZdG5ggiGnfhuvQFVrUPA0++wL8YmzgyEoVYCCGEEEIIIYQQ4lfong2u9hv3CE9MmsYTgPvvf+XKiU/4Ytw8yheqR+Z4xkK2LdQzztnoE+z0BlsXrZoxIgHQx+PGDb3RsA6gZoSPIKIxwtfFL7AKuLvOc1wCq0IIIYQQQgghhBAx85vRTkDYnI28vfsoX/zv2yN4kCSWzg4MrAJYOVK6auRGlgoRY8GB1VPs/OBrPKObLCGEdQe6cvmW44HnbqZsQT7vWwNaXcXr7+Ls4kLOuu5a6mLngS7P9/F1iTjtbhrL88k7bJN+wqiQ/B+O7to/kfvGVfyLu42yiTvoCNjWZSmkwDJ0xQh3uwdZR7mBMpl/776kXH6V6oS0PULE0j01cjXusRSey03kkcG2+cdMck1axvIwiUtn8kNdA1//EKOA6/RsEsfdoeuLcIKogVMH3KHrxEa/V66NS7az6PG/cbz0R7IqMtH2bdl1jM0fWIEZrO7/fSZ7KzIBJ40+r4lPX1VJZt8HA/429P79P59ZUUkm4Gxaxb7A99CNhWxb+ATfn9jI35/zOWZvoNm4ZDuL+k42aIqE4GkUfNPQnw4aWfPFo96RwX27D0xL38jhgT0F5WvwNkr545u3A+cxeHr6juX/WaX8umvXJRqaGRJYFUKI0eS5TbfVhtvlAVSjnRrxgOooL6S7sJrZmuHuyYPbYaPDfQspsaNhJPPfydnF+bhKGnhNH2IT+xEyqrTUvTeFEXovcAR5cDtvYu+6hRsYdlUQI8hG2WIHy47OHMXrdHfSELu2eaRJ2y9ELN0DwdU4kl6ax78k6fm9GrjzE3/rsjPusd7/93nkn1i/JdP7O/ff6er6iUcfzyRvTSZ57r/TZf2c2osdDCfMOj1BCzj5+5CDMHqDidg5XtIbZJxewt6Flax+PCBANk7Pogo1jSWr2Edv4C3xZZYarRyxXWBfyd+8+/opcLRs0sDvS7y/Ny7ZzqKKEvCdo3PQ/cOlylV8v2Q7ixJ/8gsAKhtH4sJK4ppWsaay95xM3qDvna5jrCkZCAjPWZKE7QNrfzof//4Ya/qCqdNL2GsaSEM/bSZ7Z9s5XrIKG70BRlMJ0y/1pqs/wLuq/3PTV1WSObsQo603n3sDq3T1Ha83EOobPO3d5qemVay5NJCXe1fhn8d+6enN74WV7F3o9M9P3zSOynURQghxX9FMoebbKaN80auuAAAgAElEQVSdCiHCpGHaUSvTRjsZv1ojmf9aphVnkXv4OvPfzVIInrq5dvgz5hVb7sPAKoCK5JI6HCWjnQ4h7kfS9gsRS6M+LUDCglUsMj3JuP/4/7hSu52Nm9/hwJHD7Nr6Bluqz9P+/U/cARg3jof/o50L1aWs3rqD6iPvsm3zBnbWXqbjP8aRYMpn5YInh5+gO26+H2IT45KXSRznpNF39OalChqdoJ1UiNFva/9RjbYP2nEyjscnJYV3DJ9goO2DT+i6o+XJ6cPffyh+oycvfYcTwNnoMwr1At85YdzjKb3n6Z0ywXeUKpca6LqjkIaAEa+XvrBzB5/zsVWzucR/lOqlL+zcGfcEKb2Zapz0BONw0u6Tnutdd0D7JN7dDEztMBDktnLkrJ07/dsopcdK+/d38I5e9cnPr//ml8bRui4RcV3g4JE/4+xd9U2dOI83l0ySbyOFEEIIIX5lVElLWHZ7HyftCn+0n2E/y5kfalSrEEIIIcIy6sHVuHHjgIdRP/oETz35JNrf9f7hd4+SmJjI4//jkd5XtsfxyP94nMREPY/2b6Ml4cl/4vFH1TwMjBsXdxdSnETK4+MUg7CXup3gEwgc9jGc3wWMaLTy95/gkUfvQoAOgL9x+074WxuXbGdvRSV7K7xTBIyLeyLK4yaxtKzSu6+FesYxjrjHh/hI3/UwpvD4OHB2B0ztYPuRn3iE3w9ybWw//jRkuu6N6zI0j+OsBFiFEEKIB5aLHsdop0HcHzRMK07n3OHruP1+7x21OrVIaUSrEDHmctL9q0iDtM1C/FqNenC137hHeGLSyywv38HmdW9RXr6RPJOecXf+ynd9MS/170k0zePN/m3+xJxJTzD2p+/4+y+xSoeaoeJ4APz0I8qzB4QRCAyXNrM3WDnwk6kdTtByZPQFVRc9/jeOl6xiTckxuiIIyg7oC6r2TjNQsoo1J+z47so7AlRLypK+QOYMshLHcef7dr/roTVVBuRdJtpYXZv75LoEB1hnsmjYgX8h7n9u+3k2zzGRONGA7ikT5jfO0OFW2tJFh2UHRdMHti0ob6Yn1I5d7Xz4xiukPGVANzGJlDlvc9auuGPATaflbcyTk9BNNJA4uZCyJmdY6XdZCr2LTLjtXC7/E9nPGNBNNGB84U+U1TmU51d22Thb/idywzqef9qCfhaf9184xNXO+6/nYpxoQDcxlezXd9AYMpMAPLS+lcrmttAzQXcezmZtU8Dfg/J3DR+2KS84MthCHEMv0mHn/WfXcE3h0rksheieCl4kpS/Nm/vTPDKLIbnajlD0Qqr3OjyTS1H5VToVi1hg+XqFFbU2lEtjJNuGEll5dtuvUhZQZi4H1hX7ETLeCAwGgTdvDSQqLqRl5/1n36ZxyEnG3XTW7fDPy8PthH+5ws8zd3czH76RP1BP56zhpFVpSxtli8/jwkO35W3MzxjQPbWGawqJctUVopuYycrmFtb9YaBuKi7AE1A/zW+coVMhfxQXQPE4OPtWeHXOj3VH775ctNas8c+nGqV8dnF2sbdeudqOUDA5Cd1EE+/b/bcJb18DgsvZEVoVPhDePaH3ugx1fIX2MKhsK4hp/ivwjl49wmXfyFL3Z3ykOGo1grx2nacg8J4Qzt8AcHP59eyA69zLuoPEicptqLt+Dbm1Dr9tR2xhvUjusxDF/bBPGPU/7H3Hpu+i1iX6bBTlfbs3PZcXG9D9oYSm5k2k9vcnAq+vQrsc8h6nYND6El4awm6v+9q43mMaJxpIfOM6XZG0zQMJD69tgWGUr9AU256QbXgM+45CPIDuneBqv3E88vs4fvn+z9Tu2sDbu4/iDArUebe5810jx99+g7f3/Zn/+K/hH/lStxOGGN3Y75FHUd7sDreHmlcgXM5Gb4Ax8KcynAW37hJjIXMSx3nnZPVb5CqKXS152bug2ImAaQb89E5LkJjfHzR9JGDxLPBOb6CUdzFZMOp+uC69fAOs7u8+598e1EWdhQhTj6WQjPVdpO68QteNThzf1nMgz0nZgh10+D4TuK6zYnIRpzxTKP20ybvtX2pZpjpI7lvNQQ9WHus+cl/Yx628vTR/24njhpXmyik43spjd+CK8W4bJ98o5CPmUvOVFceNTmwnZuDaUqj8kKl4HjswLz6BO3cDdX/pxHGjk/YPFqGqyaOg1n/IhKt+DSmLz+DJ3YCl73ifLEFVZfYJBvafCR3leaxoM7Ltc++2jr/Wc6rwafT5tdhvdOLwWQjCY91B9gvHURVW036jE8eNJmqLE7nyeiFnQ3b4VaTlLaHxmFLgDMBO4/l0ZqUOjLX3HucgHr/8nYunairZ5bFe5VZPWvZ1mgKvG246mh7j1TwbrUHXyUFHnRFT0si9H+BpepuMLU7mfdDkvS5/sVCa7WT3W4GrZDs5uziHtfYU9vRew64v9zLPuYO8oLyKZNsQIizP3jrYgr64xq/MNK3PocDi89CmT+H5hmb/egng/oYm7ULmW9vpDNx59zdcMWaQPOhlcHL59RxWNCWy8kRfXtayUnOBgsVXQwcgfD4fXp556Kx5hewtXSQUV/TX0+Z30rG+WchJxeFTt2ms2Mg57VJq/9KJ49u9PK+wIIomtxrHjUZ2Z6Sz+8/e/TpudFJj9t3Yg6NhB+Y3bSRvtGC70YnjRj2l+vOY14eqe74cnFxg5op+Cw19de69Jagtm3g/qG4Ec1k/oOiFEjp0ywfKxcUtmOxbyX6rXbFsdVs2stuZzp4vrThuNA0swOSxUfbCVPZ75nLgS5889xwk+4UdwWUE6Kn7ExmrfMtZG5bi8ZxbXMhln4sc7j2huzaf3Dp9f7vY9WUVy9QXWOu7yranmc3PbsX5SnX/Mes2ZtFTsZXLEUcVhpf/wTTMLsnio2N9ee+h9dhVphYHjFqNIq+jpyYtW8cVa/Awv862m8zPj6MpKLDloaPZxtQkXSwTosjTVBn2fRaivR/6Cl3/w953xH2XHWQ/G9B3eW8u1BSSV+F7jpHftwdomHa0E8efyzFllNN2o6/N8l3wqbdd9W2Xv6phpb6Ftc+Gk39D1Zeh0hBFe+1uYff6C8QXHsN2o5Oud7NIDKtt9hdW20IsyldkPPYLrJ2ziQ79amqHvLdH1ncU4kF1DwZXAf6LH5o+5esfBxv++CN/ff881uGsYBXo0nc4GUficzMG2ah3bk6FEa7TE7Rw52+0RxTA8r5SrniMwDlCozT06+7DdYfvvx50GFAEuxoi/6aXkKn1LjjVF9T0C6za2vn+DmgTBruG0brfrouXx3GWfRtWsfVQE/9+V44oxD2q+wwrqidQ8+kGpiX0PU6qiE9dTU3xLdbW+PQWNVns+dLCnjwj8X3PCiotaSXbWWm9QKPv04WnmbIFXbx68TTrUrX902+o4lNY92kd6wIDbrYuNCWn2WPW9z/UqhKmsK1kAvvrwruB9KinUPPpduYnBRzv4woSyvdx2Sd9mpztNF9S2HbncjosLf4PSj0XKGuby+FdMzH0J05LWkk1y5w7/DvwnmbKFt9k2cV/5Y/9+1ah0c9kz65JHNp+NXQARz+FZa7jfkGOfvYWzqVMGQiQua+zdsFNll08xmsB+fvaxxaWOfIpUxwtEz1DxgzONnf5/9Jjo4kMVmYbg4MBLhv1mnSSR/Dd2s7mT5i/9W0yBwok8alLqXl3it8DS3ftGg7pqrFsmkJCwDVc6drIh/botg0pkvJsP0JB1QQOf7qd2XqNf5n5tIqEqjU+D7GJmMwXaApIg8faDBnLyUn6jI6AB16X7Toa09ODvuLcXbuG3doq6nbNxKDpy0s1BvN26o5OIX6I0w0/z1QY8o7R/vFSMhM0/eVWrZ/Jto06DjUoZG7zGezZ2/3akejZaHXPoPboUtLiB84zuWgLK21naBwq2OeyUa/awrY8n+uq0TN7VzWvhfElgv2WkW2fH+M1ky7g81WssyuVrTNcYTl7zHo0frt3c219Pt2FFmqLUvzb46Jj1BXeJK88IGjUfYYVFVoOX/QtZ96833OpmmnxPtuFdU9w0dGgYtvWuT7togaDeTs1RcaBa2Vv4VTeFraZAtqpo3uZFmlUYZj5r0g/l5W39nnb8e4L7GcJsxN8N4gir4dJY8yCBlvAF0QOOtonMSs/HVdz4Jc8XTTVZZF2F+aI7dHMCPs+O6z7YZ9Q9T+SfUfcd7EF9100embvOs0B88/+6Yvkvh2hzsOF7NdVYfFtl3vrmOW9CexfdWbw1/mHXV8ib6+bTneRs2u1T/sajTDblliUrwi1OVQs+7jav98V6t4eSd9RiAfYqAdXf/hpkKYgLpnZK95hsjb0Jr9LmMwrq2eSOA7cP4X3SmVoF9h3ws4dbSZ7V/kG5/peVy9hOgMLGGWW+SxeNb2ETC04v4589Ob3t4MDdorHAKYvCVwwK5wDuP0Xjool24/85LdQUxJLy7xzrka+q5/856w1FrJtoZ7IdtW3eFUm25b4zoE6g6VLhj8n6n1zXYQQQTpO70BTvFyx8682zSCt7hu/zrtKsb+sw5B6Hd/YmqvuBI3Fq5g9VFSmT8ZcnlfYVq3VQc+tsDrIGt1jygEkVQaz8lqob/Pdi0o5UJOQSFqDzf+B5ZYDa6qRhKCN1SQYf8Bxa+A3rroTNBaGOG99Fq/2tA8yyknLtILxnGsOvm93Nl0g05zSn2ZXwxk6Quavltkly2k8Hc5IvPCpUrOY3RAwMtLeQo/padT6FBICggFuawvu7JQRHZWhGv8Y3c6h+jk2TpWPZ2WxUeGaq8k0T/IJDEey7SAiKM8dloMklCwnTalAqlJYWTLe5yFWRVr2DK61+T/Udjb/gClJjSFlAvU2v6tAR5ObnJTBroL3nNcVp0QZvIwwz5QbEVS6ScS331R4RTKdqTEb/ZzCPLNeIZ3jidc56Lml8BG/RKpRO7voiTaSptWGqA86ns/TcSowak4KUzMUOvyu65yyLWedWflhIN68ipXNZ/ym8eg4vQNNqHJGwHZh3RNUqOOc2J1DZIZqPFqHM4zRz2EYbv4rUjOtOIuPqq9y+dhVpuZn+JePKPJ62BImMc/V4j8Ng8tGvS4FQ3wipvaWgHa4ncbcLAwxTELIpOknhH2fHd79sI9y/Y9035H0Xc6aVwcE2H32E/Sb8O/bkbFxrmpCyHZZlbqcdZojXBvsy75Y1JdI2+uM6IPJPnsPq22JTfmKkM5IglLbqNRXjaDvKMSDbNSDqz+ee5eDdX/l736DVMfy6HNvsevtfCY/eofvm05R2/RdwDZxPLn6Hba//jIpj9zhr3WHeO/cj8NPkK2azSXH6HrEd17NfBKxc7x/9XcrR0qP0YWeRX3bmB6h60R0r533B+x697V6et8xVtH4k88xKirJfFzN45FG8WzVfNp1Z2Ae0lWxHNV5gX1NTp/X9F+Gs6tojCbOfamCRuc4Ehf2pnM2fFrSiDNom4G88v3pD6baqtlc0shP/WnyTh/weNwTkQdAg9wv10UI4c9BZ1sKU1NCjGlTadHjUAjQeXB127hcu4MVC8zkTk5i3rGf/V/9tbbwfFIMhtFoJ5B22z3sUUHx+hSu2W4G/8Hjott6lZPla8ibbiblqQI++jngaLoUZjUrvG6Ni8723zJ+YBgFndZ2pqWGOm8t8Uk/4BrkIVydvQjDsasBx7Jxrjqdqf3fhYWRv3ojzzfYFNI8DCojJqP/yMjOtpvkGDWgfhoTvsEADx3NN5mVMsg3wTFgKKjCZMkj943jNHaHyNjuLlpTp5AWspjrwXE78m2jEVSeHXS2Gckxhh5XqjZmEd/c1R+cUiVlkOz3pYedVkcWyRpQJ6VD0zcDddZjo8kxk7TBvuTo7qI1KSv6EcbR5pnHSWfTeT5860/kTs/F+Nwm2mI8mUX4NMTrfuDWUIdXZ7Fu423Kns2nzGKLaZBPo5uAUzG4HMxjt9GUbRwkmKYnOfsLrP2Bl6HL2cB24d4T1DxfsgF3eQ555efpCJUZ+kUczriAefoaPmxSup9EYKTyXz+XlbdKWMvyoKBa5HkdCzqSc21+07C4rS3EZyQCetIyWvymYem2fkZattKXG3eX/312+PfD0KLdd3h9l/m5kQVEw7tvR2jIdllNcraWJvsgD5exrC93tb0Op20ZyfIVBaW+ath9RyEebGNHOwFwh+4vjrLrizj+8bmXmfHcP/H7cQ/zyCO/8F3TMU5c7MDbTW3n64txJL2Uz79MepLfj1OjfeTv/LXuFGe/6CKWswN4A2hDveY+9Da2DzayJui3F9hXEjg3Z+h9XapcRah4bfj7D7Wt7wbVbA4acqucrqA0XapgTWAibf7bKJ6HwjGVtrP5nI9xyXYyaWRN4DlOL2Gv6WWWGq0csUGofBg0PYrnoZQvd/G6CCFi5DaOrhY++oOBlSG3Wcg5n/+52o6w4vUP8GTMZZ55Cisrl6NRq+muMHClfys3LidKQzxGlX/M1EXr4RKKqj1k5s1lVu5yDhSPR62+ye6JV/0/qM5i2852Ctafp3RT7+tdHieNFcWUxW2gub9v78bl/JlDLxs4FDIV6ewuHiSRqhTmzdzKOetSDH0PZdarNBbOoLR/o3DyVwXcpMcFsRs6qibZNJ61NhfzEzT0vaaaXASgIS3bySGrh+dNKqCLpvYXmfVOrI4dgkrPHz9uYnZ3M2erClnbDmmFqykt8Bkxe9uBvfkEqRNLQu8nvzbybWPiNo4uFfrBrqUKVO1duMD7er76aUyaTXS45pKgAbq/oS3laV4D0KSQ4zxChyeLTBVgb6E1dwbbBk2CA7sqMfrqGmmeue2cLd9EWfN4phXPYGreBmaXjEftuUrBm9Em4u6Jz9lOnclJR91xyl4qpkP7IqUly5mmj8X8F+EFK9y3fmCoBlYFdDv7GoAwyhkQ8T0hPos9l9LpsV7lo+1miqxapm1axcpcvc/oRhWGgmO0mx00Wg5S8ObXkLKEdZsWkRZF2zQy+a8mLTudNCYE5WrkeR0bhtQsLtd1sc1kxPtlFZhKvOkwZE+izOrgNb0O7yvUEzBV3hs33IH7bAzuhyFFvu8R7buEdd+OUBjtsgoVbfZbQOgvMYddX0arvR6ybRnJ8hUjYfcdhXiw3QPB1T63+d9fHGXXF+N49B8e4c6/OxUCprexXvxXrBfjeOwfxvHTv//I/xmFlIrRkkTK4+O48/3fRjshQoj7Thy6xBc59PFeng+jn+2uX0P26RRqv2wbmD9KkRqNFmI6kGeYPHjQ6+J6/+fm2htTOZVaQ/Nf9IPORenndgv7X95JveM2vx3/NM8XvknDphSfz6vRaB9j7cWGgUVnomAwzWBFbTvrkryjZzrqWphl3uCzRW/+DhqH8QATiI/xO/majBeh/Bvc5izUPV9Tn5LO/N6/xafMpPN0F5iM3tdUM1Kif7CMkDohgz++m8EfcdNp2UneC9fZc3GD9/XEOB36KVXUvps19LWOZNuYiEOX6Bk8puYBT0qiT9hGQ2YulFndzM5R09N+nVTT3N6/aUkzd3HKDplJ0NnWQmbqBuX99idBx7Ce8SLKMzvvv1yCc2MNtl0BhfN+WjJZpSXZvIHD5g14etrZvyqHc3kWakK8Oh4WD6AdH1a5U49/jKECsR4gQduXx3H4LXIeUmT3BC8V8UkzKX1vJqUeJ61Va8iwzKXu6Ez/uXrVOjIL9pJZAG77ecoW5lK/00JpNFM+jET+hxB5XsdI0hRmv9lOJ0YMHhv17izW9V4TVVIWhmobrjwdGvc3NJFO6d1psAblf5+Nzf1QWWT7Dr/vokIdN9jfQxv6vh2hOB36IW8NHlL144feV9T1ZbTb68HalpEsXzE2ZN9RiAfbqE8LEOwOPyoGVn3d5gcJrP4KeRf/GpeY7b+glLGQbSYtONt7R60KIUQgHYbUFpoGj9L1ctF42saykrlDPJwAqEjQPx00L+TocdPRYCNN37uSsquFU7YlrMsLN7BqY/eb4yl9by+HP2/zrlz71WkOFATOJ6rCkKSj3jrMuc71U3jVfqZ3kQ0bV5pnkOn38KDCkJTOtcHeQ7XbuJaRqDDX1zBpjOQ4vKvVu9qvk+D7Sl7C0+T0rlbfbf2MtIywojkx5l2E6cDM6+xv6H36S0gkrbmZznCKeSTbxoQOQ6qNelvodxfdtut06HV+gSqNMYvuZhseXLQ2TPBbyCYhKYuONjvgoKNuEqahHjzjJ5Dcdp3WaF+fjCTPrJ+xX7ecdaYHZ31kVXwK645uQfXWGTqGsZ9O63VMSeGNIFbpjZgGnfbDTkdDOvr+xeO1JCS1U98+1EWO5J6glDDvYi3bVFs5NciLbGr9TPZUzuBa1fVhx2hilf8h9x9xXsdKIqaU3mlY7NfpMU0auF+pjJjivNOweKzNdGcb74EVxwPus7G6HyqKZN+R9F3UxOsfo9UexrzagYa8b0coIZE063X/eXf9ePPboIvsC4WI6su91F4HtS0jWb5iJdy+oxAPtnswuCpEaJcqVwXPubpQz09Nq1hTGXoaACGESDYvobViiBVnh+K20xHwLBKfu5Tk6sq7uhqqh5+Vf992kN2uDcwLY+4zt90WnBcuB93a8WF1hjXZc4mvOOK/+nDEtEwr8HCu2Q3Wq3TkBy9UosmeO0j+OjlbcZDM/Cl+aVbrEpUfGnvOsz/sN911JOd+TZPdTUfTYwGBOz1pSdfp6O59TTVmixCF4sHlCicIZGRW4dfsrg3ngTmSbWMj2byc7qqDygtveNrZX3GL0lcCJjBPeJqp7S10ur+hSZvuXz70KSQ3fEO3y0a9LmPoxUVUKcwrvsn+qsAVyMMVYZ79VjlBLqtC3YuYCnVcO46Ret52u4YZDAyRwz3n2V2Vzqu5YT5ya7KYZ/yA3RblE+2xVLI/YyHT+nenIi1vkHLmI/x7ghtXGJnhcbliNzPjsPM/ChHnNaAeT3yzTeELBzet1R/QFNaBVSRneBeo65/beuAAJJtu02T10Nn8NVOTYh7ZDcnjCf8+G5v7obKY7Fuh72LIXoSn+gytioXWRU/ItmXo+7YilRp1202FBd+MzBqkXQ6rXxNufQmZBmLYXkfSNofXtoxk+YqJCPqOQjzIJLgq7juXKlexpsT/J5qFxIQQvzL6pdTktWCevpGzdp+HYI+T1sOFrK3v67VqSMvVsb/iDJ19v/K46KzbQcHiE8FTAKizWLdzPIdeyuf9Nmf/fj09Nk6ufwXzCASvOt7KI+9wM939ATc3nZaNmF+/ycrKuQOjODWTmKo7yO5aOwOnYudyeSEFNV3BO9YYMTk/4FBbGD14dRZ7jqooe9b/vPG46LRspKAmvNG86uxFaGo/42RdF7MyFB6c1VnsOTpBIX/beX+BmUO6Y5Sa/B+KEjLmoirfyUl733m46a7bgblCxbJ30sNKF3hff+xuO0MTwYE7Q0Yi9Q0XaIoLvcCRMuUFKwaNyrja2b84J+Cae+hp2sHaaiPzMgYeaQxF1cxrziN3/Xk6fQKynp523l+80W+l70i2jQn9UmoKb1Iwx7cOenDZz7N2TjHdxXuZHzQEWU/mzJu01jZDRuBCNomY9Ne5ZmlBnTsprNHZhoIKZlkLMfuds5vupiPkvfB2wMNr8HUJO8/0Wcy37WN3k3+Z/fCNV1jbcDsGr0mqMaQmctnSNyLSg9sdq9Ceh+66TeRO38hJq0/ddts5+eZWuotfJHmoXdQWY15/xmeBFg89bUfIe+kDEj7e4J0nNyxqnt9VTUK1mbzD7QML1XictB7OJ7d6ArWbAla91y/iwExbQDkDd3cz7y/IZXNT70UK857g6f6MtS+ZWVvru1COm87ajWx2LO9dyMdFa1URGQuO0Njt8rnmzZSt/4DkV9IjCDxEkP/24+Q+lctuayyufRR5rUph6isXKCtv7t/e02PjwzcKacp9k1fDPXJqFirrBRrbJ5Ec0AZojFl0Nh+n1Rr5CEnl1lY5aBrIVbuGgnDusxCz+6GisPcdYd8lYS57slsomLODy/2LJHrosZ5h7ZydWMeHfiNjyPu24ocSSdVf5Vx9bzTR46avyTIUVbPMEdAu956fYn77iaC+hEpDTNvr8Nvm8NoWoipfIb+Ej+hcwhRJ31GIB5gEV4UQQvxqxJurad6Vjr2qgJSJBnQTk0iZs4OOpHL25Ax0nzXmKupy7Wx+IQndRAPGl7Zyjhkc+HQ7r6Y8FrzfnO3UXVwCx4rJeMq734xV51EVVGPJi/1Im7R3ajmQeotTb+aQONGA7pk89tvT2fNlNbP9Jv/TMPs9C1PtW8l+yoBuYiq5Wy6AuQLLroWkBr1lp2P+1nSurZqKcaIBne/PM7nkvXHG79U9VdIGGj5fjqp2Te95GzC+VMIpFnKgIMynYFUK8zKOUGqdQmaIld6Dj5NExqozqIqv0LBJYeXo+LkcPjqJplU56CYaSJxcyEeeGdS8OyWy6QP0KSRUVdJjejro4UqVlIF6byVuhb+FpEthlqWAxArfOWw0GDJus/m5Qi6HGsGiyWDbpSuUxrewe6HJez2eymGFRUvp54FzRmqZfbSePaYu9vdva8K83Ubyzu3D2DY2guugibyqLky76kPOi2dIncD+vT9gSgq6CiRnxLFn722Fv4Wg0vPap1fYlmSjrO+cn8ljt93Igc/fJrN/N6GuS5h5pjJS+skWtKcLvef5lIm8ii4Mm05TsynCchhCfN5eSjlC9kQDumfMrK1zxujBWUVCXjXtR2fgqfGp2y8fxJFbS11RGHU7r4qawsfoqMj3tiVP5bCiVsXKz+sin3tUZaT08yusVJ1hxbPeNjnx2TWcUi2n4fMNCiOWVRiKTtPwjhFreV85S8W8t4vkyjq2mQbKSjj3BFXCXGq+Oswsz/H+4+ueyWO/YwqWi0t7R+1pyHzHQsMmLU17B/aVseoC2k1XOJATSWUKP/89nhiHSqLI67RNFpZxEPMzvfeY7e0YNp1mXbh1EkA9iRxnJfZHx8UAACAASURBVPt1KcGjIBOeJqehkv1JCn8LaQKpMy8w76l9fq+Ea/TpuN/KoaBu6OGCme+cZk9Y91mvmNwPQwh335H1XVQkb7LQUDKeK8tzesu1mbK6OF49updlSYPMcRrGfTuYlvmVG6B6am/aNnK5P6Ko0K5OLhg0v33PI/z2KkQaYtxeh9s2h9e29G4bQflSLufKdSI2Ius7CvGgeuifJ/+v/zvaiRBCPBh2bHuHMWPH8vDYsTz88MOMGTuWsWPGMmbMGH4zZgxjx47hN7/5DWPGjOEhHuKhh7w/PDTw78AfwO/f//3f/80vv/zCf/7nbRKffKL/74GUfifEg8BlKWQt5dSYR+AFrJ7zFG2H0vcCFmiB3hESmzC3zaU9xosguevXUHBrNZa82C/SIoS4y6w70NVNwbHJOPS2Qoj7kty3Rb9R6juKB1fXd38jLk7tjSeMGTPix3v4of+KyX5k5KoQQgghAA+t1WcwrVHoHAOoNBiyXyStIRbzRfpy03j+NvOy5QFNCCGEuPfJfVv0Ga2+oxD3HgmuCiGEEALvvGC3cA8yHV1P82d0mNMjeDUzDPYzHPrtXJ6XlRCEEEKIe5/ct0W/Ueo7CnEPkuCqEEIIIQA1mQVZnFvgXTDBd/0Fj8tB4+F8zDWJ1GxKCZ7jNEqenmY2r/+aV0vkVTEhhBDiXif3beHv7vcdhbhXjR3tBAghhBDi3qBK2kDdxWZOVmzE/PrXOG4DxKFLSef5vDdpuKSPycNUjyWf7De/RmV8mdLKqiEWqxBCCCHEaJL7tgjlbvUdhbjXyYJWQoiYkQWthBBCCCGEEEIIEQ1Z0EoIIYQQQgghhBBCCCF+RSS4KoQQQgghhBBCCCGEEFGQ4KoQQgghhBBCCCGEEEJEQYKrQgghhBBCCCGEEEIIEQUJrgohhBBCCCGEEEIIIUQUJLgqhBBCCCGEEEIIIYQQUZDgqhBCCCGEEEIIIYQQQkRBgqtCCCGEEEIIIYQQQggRBQmuCiGEEEIIIYQQQgghRBQkuCqEEEIIIYQQQgghhBBRkOCqEEIIIYQQQgghhBBCREGCq0IIIYSILXczZQvyed/qGe2U3FUd5QbKrAG/7D5D0fQ1XHaNSpL8uCyFFFhGMyFOrr31CilPGdA9ZWJF/T2QKWIILs4uLuTsA3qpRrxOWHegK7eN3P6FuIsU73EK7va9JqLjedy4f11dEyHEXSLBVSGEEELEluc23VYbDpc8wXhuO+nu6sLlHsZOXOcpeAACNO66HaxwL6Lu204c315hm0kjwad7REf5gxtAHXEPSP0cDpelMKyg2/3A3d3Mh2/0fgk00YDxhXxW1LQj1ePB4KorYUWdXE0hROyNHe0ECCGEEOIBo5lCzbdTRjsV9wRV0moabqwe7WTcE7qtXzC/4F/RAKBGrRrlBAkhhA+PdQfmN2+zrLKK5nc1qAA8TjosBymYfoGV723n+fjRTqUQQoh7kQRXhRBCCCGEEEL8itn5cNVNln1SzWyNz69VWpLztlOXYadbE/LDQgghfuXu+2kBHv9/5vF6QRaPAv/40p94fVYycaOdKCGEEEKIWHHepHW00yAeYC56HKOdhvuY1E96HO2jnYThc3XR5pxAQqgAaryeBBltL4QQIoR7MLg6jqeem8PsWb0/zw0SLP3Hxbw6O4Un/2kab+7cQ5HpSZ6cnM/KBY/fzQQLIYQQwo/yIjj98/K57ZztW9hoYirZrx+ns296Vlc777+ei3GiAd0zuRQdVprrzsXZxTvoANz282yeYyKxb/saO/27ajtC0QupvfPm/Yn32waZZ833uBNTyX59B409obcdmJMviZQ5b3PW7katS1TY2EbZRG9a/bnpbjrOigUDxzS/cYYOt/9ndz9lQPfyB/x8LA/dREPvT8D+Ikl7Pw+tb6WyuS30vLidh7NZ2zTEvLkuG2fL/0Tu5CR0Ew0kTi6krMkZsM15CiYamHUMPnrZ4HMeBnQvnwDfc1t8PuB6u2g9/CeynzH0X8eg/eNTtlztvL/YWx5SDtuD09tzBvOcM4TMHvdViqYfp9v/l3TW7egvS7pncikqv0qn0jy6rvMUBJ1DGH8L3tjvvIN+Aub4dNuvUhZQBi7bh57o11VXiG5iJiubW1j3h4H9Ky4OE1DOzG+cGai3vpsNeS1GOj/ddFrextxbJoN+FD8TUM7mrOGkfag5o8OsnwppUqwnvlv7tmtPmRTaht5U+7Rxg+ZjmPVIkUL70l+2rPtInGhgVvXP/nU7cA7aMNso33vE5fKA9NY5CL4iHrr98vWV6OdH1ehI+K2Tnkjnxw66H6zhw8HuNUEiLK8RHy+C+hbyGIPd48IUbdsYIi3h6LEUklveznCmPBdCiHDde8HVp+YxO/cPTJ7c+5P7MnlJIba94+bOL73/fvjh3n/8gvunH+9CQoUQQggRKXfbEfJe/wxNfjXt33biuFHPNu0ZzK+fp7V+I+ZVNpI3WrDd6MTxZQWm9kKKapWCALdpPZxPUd14Xj3aRNeNThxfbiH+dB5FlnaurX+FFVYjpRfbcNzopLkyg7bFxZxUeKD3WHeQ/cJxVIXVtN/oxHGjidriRK68XsjZHoVtn93Hrby9NH/bieOGleb35kJNIXkVYQ7/89j5cM5UNtsnsLKy91xv1LPNZGPt4jM+gT0j677txPHJQsivxXGjs/dnA8lRpN2firS8JTQeux7iwdNO4/l0ZqWGHqrlql9DyuIzeHI3YPnKiuNGJ7ZPlqCqMrPZNyirmUnNjU7O5cOrn3T6nIfCuR2dSf/AMY+Nshem8pFqKTVfef/efmI5+rpiCiwKZcJxnrUVTjJ31tN1o5P2In3wNvEv8qrmCJcV4q4A7uaruPKySOj/jZOzi3NY25TIyhNN3jR+VcNKfQtrnx0qj6Pl5Oziqey+vaj/vO1/PsfumYmYdtZ707DJ2L91j6WQjPUt6Itr/MpA0/oc5XzyocmtxnGjkd0Z6ez+88B1qTH7Dt/z4GjYgflNn7p5o55S/XnM60OUn5DXYqTz00NHeR4r2oxs+9xbJh1/redU4dPo82uxB5YxwOP4grI5m+hI2kDdX7zn37wpkXNzNnJt0KjM0PUTALeNk28U8hFzqemrJydm4NpSyPtK8X9LIRnru0jdecXbrn1bz4E8J2ULdtDhU608TW+TscXJvA968/EvFkqznex+66p/kCrSeuT32WY2P7sV5yt97UsbdRuz6KnYymUXkLSaLqW67VM+I22jeiw7MC8+gTt34Hq0f7AIVU0eBbX+bWx3bT65dfr+a931ZRXL1BdYe9imEIgdipFX3/mZzYv30RruwvPWHWS/cBCP7/2gci6eqqlkl4eThsjKa+THi7y+xeQeFyMe6z5yXwhIS+UUHG/lsds6RO52n2Ft3Ysc3pSC+u4kVwjxK3fPBVd/FzeOhwN+N3bcuKDtEl7ZwK7X/8DvH4Y7333CljVvsP+rv/MLD/NE1juUv5bF7+5OkoW4p6l0s1m9o5Ity0z8w2gnRgjxq9d6y8jhj1eTmdD3uKMmbdN25rdtYnPzixz+eClp8b0BPbWe+Rs34Km+SmfQntq5lVRFbUkGA7tKoXTnXFrf3EpTbhW1RSkM7GoupZt+5lBdQDTD00zZ4pssu/iv/DFJ613ABBUa/Uz27JrEoe1XB4JHnmbKFth49eJp1qX2bQsqjZ7Zu05zwPxzeJmg0jP/4yZqizJI0PTtRY3BvIVS3RGuhQj8BYkk7Ur0U1jmOs5lpYCWvYVzKVNIHuQ1WE3OdpovbWd+kk9exKewbudyOiwtwxwt5KGxvJDuQguHC4z919Gb1+WkVu/gcsABTtbByl0zMWgGe3dXzfP56RyqbVcIRLhprLvFrAxt/286DxeyX1eFxXe/Kg0G83Ys701g/6ozAaNch8/TdoTN4yuoLUlROO8jtPom3H6EgqoJHP50O7P1Gv8y8GkVCVVrODnsBP7/7N17WFTV+sDxL4LilOARRdOhIyEp+KsDWqJ5gZPXUjNErdS8VIKWWSJo3kgNUVOUsjLRTNPUzAt4KzW0QLyAmZAmUILQEUxRSBDGkcv8/gBGhhnu1/T9PA9PNuzZ692b2Wtm3r3Wu6I5neHK9g3Frk3M6TJ5Ae9G7yDUQCKqtL9FrZ/PK8H4RrxM4IfD6VzUL5gq6eG9jinJSw0mk85FZDDi63W8WeyaNnd0Z/G0aLYdr4FVxaNjsfT+hhVu9tokj2mHwSz2foyPD5YY4Rm/g3fWPcamnXN4QduxmWLVfQabpt1g5qZ7ncPF498ydtFCXLR/E1Osuruz6aPBxZLHlb+OdMSEs230AhY7617jb25YyQsVqT9ahT7qivlgNu000K987U8Hv1XF4k3lXIgpixe9XOxvXfBa2jTZgarM4LdyW0eItxkfP+fIkOmbCY0v4+RkHGXmq5eZsvcrndeOqZUTb369hykJE/Atb+R/ZV6vVWiv0tdbTb3H1QT1cXxfjdWPxcqJWTsPMsuxjL+wOhrfBQnMWjMcWX9MCFFX6j252v7FmfgtnoNHXydefGcpS0baoptKVWA7cil+M0bR7elReC1YynuvOmFhZq4drJpx/RyZQNLxJDIBaIyitTW2dXwsVefKDP8AVvoHsNJ/Ce4Ojrj7BrDS35th9R1aBQzzLIq7viMRJZnajGSqey+UjcHc9jkGyd9ICFHPOtg/ZmAUSTvsu4OLWx/0vq93sKNH8g0DiTAb7G0MjEdR2tGD3oxw1v/m38G+G8k3dL8cph7cQqiHJyMNfQOz78drVyK1o8VSD25hl9sMRnYwsC1U6su8qcGNTenQXUlEQgUnjlcidsOUvDCxFbuP649euxgWjIubUznHZGr49x3s6BESXb0kWep3bDw+iVluSgO/tGfghBQiSoxc6jGkd4W+SJt2f5kpkd/pn5uMcA6oXy62Gng0uz95jFnTDJ8H0+5TmWVZiWR4BWUkp9Cju52BNpVY2aToTFs+t+czOnhPpYfBAJ1417sVa0OqG6ATY9zsDcTTCiubBK7c0H+G4b9FHZzPGwlEdXdA/xI1p4NDCgmGYh3tSmcDAVla2RBv6OAqq8/LBleYN1fawJUbOsnFc98sxXLaVIM3NcydXelx8FftdWXaqh3xyeWMPK3CdaTDtBXKhOTSy2iUoyp9lKVNO8MjDU37MGJ0OD9EFJ0xU8zNkolJrvwY1bJYdndn+9kIAkfD7tkDsOvpwedhCXpJ4NSQHZybVsqxoWSk91RCvyltZkChSrxeK99e5a+3mnyPq67Ug1sILfV4y5LMLs/12C+bU+rNwQ42sjKZEKLm1W9ytdN4xjkrUSjaYDdkDC7t9UeoFlEoezF6dC+U5gradBlOt+shnLyUBkCbLm8zbsQY3nLvggWQkxZD6JEQLlQ5sKLkZrEfXw9qKy81zNMFJcmEenvi5T2X9dHWmCkALGjToJJhrszQS6I60sYCQIGZlLptUIonVgEyYoPYHF32c4QQon5Y0sGmrN9f5kpFB5BZ2hj4olpMQnKxKbNqLkZF8kJ3A9PHAVBi5ZhCakbRtuGMHVJewrFy1FdiCN2zmflvuTHkue44zz5DxeazVib20pn3H0/nr0qODI5m97reDC2tLJNeKKnER33HVj8vRg9zw+mJiWy8W72EhzommtNDnOhcyu+tlP/hyo2qjo2154UJsWwM0X1+akgw6iG97yX442M57diPLqXOKTWnS38lYTEVrF1ZQZYOvbkSckY/KaO+TFSMGebaF2ACFyMcGOBQ+qRXc4d+WB2PrXJyrJxIsbJJ4UZF/9R1cT5tnBhxPNLASPdULkY2oVUlLl5L5WN6N2NqlPIxemRmFLvcE7gY4cRQp1JOkKkSe+4l+TpP/ATnPaPLHGFZ7evIfjyBfYJxG+bFlwYSjGWrmT5KJ157J45EXy78P3MGes8hw28Ao/2COHelJpOsplh1H8/qnREFpU72eNNn1PpiNYYL3g8GOpZ2bIC9AwNDog28Foup8Ou1Cu1V+nqrnfe4qqnA8ZbyvHN+Hswye5kXZMiqEKKOmdRf060Z+WJXLKr0XAW2jtYc/fAE7Ra+gLVCSZeeRXdkc0gKC2TvqSqG5eDB4nH2KJJD8QoILnzQEXffCYz3dC32WE0pTE4mX2Kf9rFgVnnXdDs1wKE1FlA4OrhIFOt9ouonHlEq/cTqNpZ9caYK9aeEEKJhqLn+q/ieMkhNvsvalzqzttTte7N8WtG21NjQnYyYIHzfW0ao5fO86zaYMXM3McvSHPVBD2ZWbA+ViL0Mpk6MGb6I3VHudC5KpkZ9R6iHKz7lxpDK6UBvJq9T4zL6ZUYMmcrqaa0wN7/M8o7fVegoSpNxI4W760Zjs670bZyXTa3y/q2GjAfPo6QOKapnmErowSaMCCg2oikzgRhTQyNI7zHFlIiYG4ChkYFV1GE8m/q/zWT/VqyYVlAaQJ0aw64FHoS+sgkfbbIkk4RYU+zLDhDTyFhSof6nx9bF+TTvx+JlkUx8LwifeYVTrdXJhPpPw9dsDscrm6upU5kkxIazsVdn3i11m3HsLvqnqT2vfx3GyPjj7PrEg5mR0MNjBj4TnbQ3CKp/HZnSeeJXRLolELrnMybOPgNOk5g1bzw9yh38V0N9VAk6922s+rFiX2+uRH3HxiVuTI5S8sI8T94dYl9jdTZNrZx4/aM9uGx6hSF+DkR/4IRphd4PTNHeGCztXFX49VqF9ip9vdXse1z1VCWWu1zZM435alfGRC/jy5g+vNmgr3chxP2mHpOrT9KulMyqKjmSw0ciSVZZ0OXF4fRUGhjRam6BnXlaQX3WnDSSUzIwaWFNG/NcaNwaqMqiVo64jyyZWAVJIIp/FEtXSawKIUSFmGOpbMfMvSEV+BJmirlZDTUbsx43z2R8tkSwosSX7opXeKxM7GXr7OzKO9sjmeVYMGLp3MFwRrjNKedZGRyZPpRt3Tdx/GzNJTKKmLdqh9JrN8cNLUpVIw30ZoSZB0euDGesFZAazgHTwawufiBmNtiry07sq1HT3b5V7cR4ZQfvPOtB1I27mNn0ZeS07RwcUnyItxk2duUGiNrJrtTcTp2qy/OZGc7HLy3jh4RMmrT6DwM9ZhPS4Be2McPG7nnWfr2SgZUI1LxDH17/qA+vk8HFPcsY/dxRVuwtmBJdY9eRuQ0uE1fiMrHwxtC4IfywbA8+ZdW9rME+qogaNfY2JTtiU6wch+OzZjg+6mROf+JFnz0vc3BDzdbb7ODmzsCnj3LxAye6YI6lEmLK/HCtBh7DqiIXX7mv1yq0V+nrrQbf46qt8Hgr8YzUg4uYzPMEbhiOVQz0f38HA3e+rDeTxVL5WE0GKoQQWvWYXD3Kar80Rrq/pJs8vXaCj1ft1KZG41ddg1lv07PNvWWuVMknCP76AGeuq2B2CO3aQUpKJpgpaUcyKbpDKytuWH/sFCpij1Vk1GjBaFY7begqYrfMZX2xadcOk5Ywvn0im32u08/fRXsPXhX7FfO/iKJgmn3h40oXVvq7aH83zDMAF4sYNvusI7r4/uwMJJoLk8GGnlM0EjctzJNV+yhs04nMLXO51jcAFyWgKnzOMG9WOhcfKZBMqLc/+0q0bTcugJXj7h1Hwe/StNtW9PwM8wzAhVC8jrUuGC1c1Ko2ViGEEKI2mdLZ0YaPo5J50768kXLmWNm34+OYBHAss4ZBuc4d/IwO08JwqVbGqzKxl8N+MK/FrCI0w4mB5tEcOO7KiHnlPCc1nG3Rk5j1Uc0nVgFM7R3o8MmvXJlsX0sjLs1xGW3HkIMxjJ1sT+rx7zEf7q97LB3s6BG1nnMZw7EyeJAZnAuJprNHDY5aBUgNYn7IYALXDC7n3NrQuXs0a6MzGGk4QDKij3LO3r3+R61CHZ3PaJbPboXPoTmlToVvuGzo3D2c3TFqBnavyvBBczq7LWF1an+Wh0xi0xDLWrmOzO2HsyLgBn38jzJlw+AyEvc12EcBRa+PHh5l9L+Fi0EtfsuZbVHDmVXR0iYVYdqk2PVoSmfH3syPisGntLIHMdEc6WPHlDJ3WtHXaxXaq/T1VnPvcdVnSgf7/zA/IgafCpYGiEl+jN17CxPq9uNZ0d0N3z292VSy3nD3ORWYlSGEEJVXvzVXM8+xKz5N56Fr8QdKjDlNYldciVGomZcKEqsF/1OQWAXIrEZiFRjWQQmkca3cupSFiUNi2OztiZe3J15hadiNC2BGyRWoFPaM97flUuF2m2NVKOxeKqxbGswq76+IVVGQIPX2LEy66itIYELslqL2CurjJId5VqFUgYL2I5dgG1+4L21ilcK6r554eX9FrEqJi6crANFfzC1sU6WNobRYK3V+lC6sHAk7C7cLTQal8z9jIa8GKzWYz9afIDmn4H/N7cYwe1K3hjHLRwghGhjL/i9j5b+e0ArU/evcfzzqdTt0V2vXSuVKJUpFmjYxvI9zUQkGNi5YVKbkqNbKxF42JS9MVLP7eAZEfce5Cf2qlZjKiKnmYlYAlv0Yo1zF2rBqH1ypTLu/zIiQcC6SSujBdoxwLpmBcGDEtMt8/Em0wdFf6ojPWJ46hzHFEzjmrbA6Hl2sNmORDE6v+4KwigSWHEuYUlmhpHUXt6nEf/KZ4YXL1JF87H8Dn1fKK+BvirlZJAk1WzrWgDo4n6kJxCtb1e1I3VKuz6ro4jaJ0/47KnD9qElNrcCcpGpeR+rU1ArNfCpYXEv/DFSlj1JjuM6t/usjg9SaOOkApBL6vhefR5UeqDriKPuHO2lHQlr2f5ku6wLYZbCgcTK7/D/DZUJZyWcq9XqtfHuVv95q8j1OTyWvZash7mUcrz5nj0nFFrAypcu0JXTYtIj9NfYaEUKIstVvctUAhYFVkZqa6A6wVamqkUEtjyqDpHI2cZj0EnaKZEKLjxDd51+QGOxWcuGrZJ0RndFfRJKMgvbdKnMr1RGn9gpIjrw38nNfCLEqUHZwrcR+ikn6Vnd06D5/vHRGnkax/kwyKG0rneis1PlR6Y603XcsBhVKbCW7Wi3qhF2SYBVCiIow78eKDab4PjuBzyOS730JVadycc9cJm4qNjGxw8us6B/OxFFL2a9dQEbNlagdzBy1jKhWdhVqsnP/lzm3chWh2gVY1FyJ2Mw7o+bxQ4aBlJqNAy4RweyPKWwzo3ARnMrErm3JcOLCvP94LLd/z9aDsYzoU4FRS5bdGGrzGcu3x2gXuVGnxrDfz4OJm2LLf34RpR3OIUEcSS3aR9ECP+YM/HAdpksGMDowkntr1ahJjQli5huby14opkLsecEtnG3bj3FAOZgeBt4kO09ex5QED9zeC+JiUTKr8Py6vXWZdwNKTDs1dWLoK8H4+h3Xxqy+Es2X0z0IGzKb1yoSlo0TI/Z8xq74CqS17N3Z5HGZiaPmsiumKBFWeI5GTSN+2krGlrnCG4A5nbvbsX/P0cIEoZqMjNopJlTr59PSAefkL1gbUXtJeT2lXZ9VYe/OptHhuA0r/vcE1MmcDvRg5g+FbaRG8vEbAxgdeJz41GL9SNhSZq5zYEyfohRbda6jVE5/Mpk+r64nNP5eLOorx/F97wu6vHJv8bcOjr05ved7LmpPQeHWVeijzr0/usRxZRh8fajjv2fmi27M3B5d7LgyuLh9LvMTphZbkC+GL4c50t/fcJKxgCUuHoNJeH8AQ97bwbkrGTrn/tz2uQzxvMHiaf3u3fQw78eKDY+x9kXdY1NfieTzV91Ya/MVPs7lfPKuzOu1Cu1V+nqrofe4gmeVeK+p7LVs3o9Zy1oZON5otr73Cm7bDdyI1GnPgVnzHuNjv6PFFmJLZf8bjti98V2N3AwRQoji6jG5quCJEdNZ+IzuUH1zuxd48d/FHmjqxPgn2uhsY9HlDbxGdMEMMHMczrgRTjQF2g8ewyvP2NK0VuMuTHQaSMLui08GhTVO5Q0QqEGqzMQa3qMrM/wDWOkfUFgiwII2lTqehnV+HmT6CdbhjJdzL4QQekwd5xByaCqm273o80RnbDp2xuFFb7YxjtUTi09JNKXLvD2EeLfiwNQB2HTsjM1TbvgeNOO1DSuZ4lixWpGmjnPYs0jJtknO2HTsjF3PCSyPscNn5zp8hhioB2fqhM/O3oS94YxNR0ec3ljF6dTKxg6W9r3JeH8AEw8a+Fpp6sSYPuvxiRqMS4XmD1sycs0ehsYsov8TnbHp2J0hC4LBzZ89H46je0VnAVsOZ/FcWPtc0T6+R5tTNHXA59AB3jXdwTvPOmrP9zvb4bWA8TUy7dtqyMukLliK1RCHUm5AKhm54QdWOMfy8biCv5dNz4l8HNObFT+uY6TeuTKlx7w9TOEz3J4qPKYlkXSe9w2zHCtYQMG8H+/OA99xA7DrWPA3Lfqx6+nGZL/jFB/MZeW2juMf9ibmk4k4deyMTUdnRn8Si/OHP+hPiS3tPIxeiQ/r6V94jmceTK56grBMtX0+bRi7qDdHPIfiUOLc2Tw1hNHTd3CupvOuZVyfVaH/93TEadRSzjn6sWJA4TFb9mHxvgP4WIWzvOg8PjGAd/Yo8TlUomZrla8jS1w+2EPIPCVhK+/F0sczGOW8A6weUGySfPc57OkTzsSenbF5wpmJ/pHa5FVl+iiAHh9sZ3X3G2ybXfj6f2q0wdeHaYeX2XQykBHqzcWOazQfJwxmz173e8elvlux17JVP1bs+4EVzslsnD268Hg74/DiXDaqnyfwx0/1VqDXPzZH+njuwHTaAULmldanFFe512vl26v89VYT73GG32sq3zdaDVjCwb2T4KtpxY43CNOJ69gzuvybgKbdZ+BjPpflYbLyhBCi9hk93fO/mvppuh/vLHsB68aGfqfiWlIymZjRun2bUqZFJRO6Lo0uHk9iDuTk5EDjxjQGrp38gA93pxl8VlmGeQbgokwuUTu0pMIp72klF70CCmuWFtUMNVyLtKDOqoW27qrhROFBtgAAIABJREFU/enVTx3mzUpni3t1S0v+v6HnQCk1V4u3rxuXkmI1TyvQJpQ8zoqfn4rFK6rL1GYkU917YZYUxMa1YfxZi20tXfwBxiYmNDYxoXHjxhibmGBibIKxsTGNjI0xMTGmUaNGGBsbY4QRRkYFPxjd+3fJH0Dn3/n5+eTk5HD7diZ2ttba35dk6DEhhBCly/jBi4k3ZrBndA3XEG3QYvj8uR102bvQ4MjV+qCOWsrEg4PZZChZok4m1M+D+Ur/2lvs65/sShCTl4DPGgOLGalTubhnHm4RLxP5Ub8GvrjVgyl1jwcz8WOTW4NYgq32yetVCCH0xF5KxMzMvCCfYGxc6+01Nsqtkf3U48jVo4TFq0r5nYI27W2xLTWxCjlJv3A4PYOiPTQuTKxCDpnXS9tv2fbFJ1PhkZoWrTG8mYrM8uoKVMW+SySjKFhMyj/AYJKzOoZ5uqAkmVDvGkpq1vX5EaVSJ+xi1RxPFtVyYlUIIcQ/WQahQZmM6f8gJVaBmHB29xneYBKrkMwuPzVTvEsZ9WaqxMWtN8mRl2Vaqx41p9ftwNmrlFXiTS3p3P95eoTUQE1gIapNXq9CCHE/qdeaq1FbgojVTnXIqfgTc5I5k2TNVPeutAFykk/w2TwfAs9cI4fG2A6aiderPSsfUFECs29ZdUyjiExSgcKcktVhh3VQgiqRyBpKeOrs29MFZeGiVwU/NZdY1Uq+VMaIXSDpXjK7dPVzfoQQQghRDTE7WNvkZQY+IAPGCmRwJPB7Rrg1pJo5GWTcuEHpJU/VnDsYjmN/h7pdtOkfQU1Gxg0yDJcVBuDK8e8559a7RkpKCFE98noVQoj7Sf0uaHUnknUbvyU07Fs+mzeTBVtOkGyoDlJGMie3+DBj3hK2HzzBga8/5VJrW5QWCgCux+8k/k4mcQcvkQagsEDZwZ4nKh1QMKu2xKBSurDSs3iC1RF33wBW+hesYh/9xbfEqpS4+BZbnGmYNy5KSD5TbIp7HSuoaWpPv6LFoBw8WDzSukLPTcpU6S5eVTiFX0f0ddIqsBhXQz0/QgghhNCnvnKc+e+d4TXvB2nqaQYXt3vzseUCXm9Qs+vteWHaXea/WmJBI9RkXIlm63ujmZw8ldUPVOmGijLHZWI/dr9asABO8QS1OjWB0MAJuG2yY9M8J1ngUzQA8noVQoj7iUl9B8CfJ9lbNFc5aicrscBvnD0K7QYqYveuYFcUQCZnju0EoCkhnDTpRU9bC5SO03kx7RyKboUjWdNiOBN2ggtViSd6HfOjC+qGrvR3ufe4KobN3kWJwSjW+4C77wTG+wfci3OLZ82PJi20LyAUW38X3Zi07RaOYt3nT2iHAFycA1jpXBizTyT99J6jL/qLb4n1nYCLfwAuAMmheG3JYPG44snZYFaF2bLSeQIr/ScU7n+dgb3V/fkRQgghROVc2TOB/rPPYOrwEj4BnxhY3OQ+pI7Gt+doNqpb4TzN33Bd03pm5baOEJsg1n4ymeVhsdy4CzRphb1zX8ZM+ITj3ZUNLuaGwtRxDgf3Hmer/1zc3jpDQiaAGTZOvRk4ejYh++wfoBsIoqGT16sQQtw/6nFBq1K0Ho7XDBeU2oWu0ohc8wHfGCo203QoXn790b13r+LSrjmsOVXbgdalgmSv2Rn9eqgGF4USop7IglZCCCGEEEIIIYSoin/qglb1P3K1pOtBrJwdhFk7W1qbZJD853XulLatUoFJDtBYRVpyGlgosVCYoGjdGrhedzHXNgcn2itUJMlCUEIIIYQQQgghhBBCNBgNL7laKDPlEpnlbRS/kw/9ztOtg4ozUUk07fAktpmXuHC9/GWX/lGir5M2zr5goa3oYO3DDpOWFNQxDZNRq0IIIYQQQgghhBBC1LUGm1ytsMxYzkQV/PNO/Pmq1Vlt8IJZ5Q0z9GquJhPq7c++Up8nhBBCCCGEEEIIIYSoLf/85OoDI5hV3sHlbyaEEEIIIYQQQgghhKgTjeo7ACGEEEIIIYQQQgghhPgnkuSqEEIIIYQQQgghhBBCVIEkV4UQQgghhBBCCCGEEKIKJLkqhBBCCCGEEEIIIYQQVSDJVSGEEEIIIYQQQgghhKgCSa4KIYQQQgghhBBCCCFEFUhyVQghhBBCCCGEEEIIIapAkqtCCCGEEEIIIYQQQghRBZJcFUIIIYQQQgghhBBCiCqQ5KoQQgghhBBCCCGEEEJUgSRXhRBCCCGEEEIIIYQQogokuSqEEEIIIYQQQgghhBBVIMlVIYQQQgghhBBCCCGEqAJJrgohhBBCCCGEEEIIIUQVSHJVCCGEEEIIIYQQQgghqkCSq0IIIYQQQgghhBBCCFEFklwVQgghhBBCCCGEEEKIKpDkqhBCCCGEEEIIIYQQQlSBJFeFEEIIIYQQQgghhBCiCiS5KoQQQgghhBBCCCGEEFUgyVUhhBBCCCGEEEIIIYSoAkmuCiGEEEIIIYQQQgghRBWY1HcA5Wna+kmc+nShPUmcOx7Jheuq+g5JCCGEEEIIIYQQQgghGmhytWlrnujWn77OT2JtoSh8sCtdeg5HlZbI+bCjHDtznut36jVKIYQQQgghhBBCCCHEA6wBJVcVtH7Cib59XXiyvQWK0raysMbJ9Q2cXFWkJZ0n7FgIkReuI3lWIYQQQgghhBBCCCFEXWoAyVUzHEe8wdAu1liUzKiq0ki8EMqxY5Fcwhanvv1wfqJoOwUW7Z1wfc0JV1Uaief2s3H3OTLr4QiEaMhMbUYy1b0XZklBbFwbxp/1HZAQQgghhBBCCCHEfaLek6utR7zN+J5tij1S2ojU84R9c54wQyNcFRZY95zAWyTz4e7rdX0IQjRYRYlVZWPA9jkGOYSxPrq+oxJCCCGEEEIIIYS4P9R7crWdhXnhvzJIPLqTb46VV0tVxfULoXxzIZRvmrbmib5jGNnPGnPA3EIJVD+5OswzABdl8SZj2OyzjprJSbkyw9+JzC1zJcklapVOYhXIiA1is7zmhBBCCCGEEEIIIWpMvSdX7zHHut8bvNslkfNhhzh4PLaMKf5mdOrzAoN0FryqCY64+07Ajhg2e99Lpg7zDGC8r0fNJFgdWmMBUr5A1Cr9xOo2ln1xBnX9hiWEEEIIIYQQQghxX2lAydUCBQtWTcHJNYNrsec4tvcQZ66rAGja2olBL/aji10bzMvZT5UM64+dQkXsFt0k6r4AT/bVRntC1AZLV0msCiGEEEIIIYQQQtSBBpdcvcecNnYujLZzwTXtGhmY06bkKFVVGokXLsETTljX2ABWBWbtwfAQVVdm+LugNFAmwGHSEsbbpRHq7c++ou20v00m1NufpElLGG9XEKjduABWjgNV7FfM/yKqcCceLB5nT9Gh6PyucJ+EeXK09b39aEsWDPNmpbNSpz1JCAshhBBCCCGEEEIIUXsa1XcAFaGwaKOTWM24FkPo9iXMnf8Bq7+JocwSrZWx7xLJgNI5gBnDDG0QzKqwZFBY4+RQ/HFHnNorUMWGsA9H3H1dUCaH4uXtiZe3J5tjLXDxdCX6i7l4hSUDKmK3FPxOmzwd5s3KcdYkFT7u5R1Kmt0EFk9y1IlA6RzAKL4t2GZLDCqFPeP9A1jZ4VLh874iVqXExdO1ps6K+KdJDeaz9SdIzin4X3O7Mcye1A3T+o1KCCGEEEIIIYQQ4r7zj0iuFsgh7VIo2z+cw8Llgez9+XrNJVW1glnlHapNsK70D9BLbhYkYBW071bscQcn2itUJJ2JAqwxU0ByfLD219FfzMUrIJjSuTLDWYkq9ttii1wVJHIV7Z0onsfVGc0aHUmSioLRq9r9RxGZpAKlLQbzw+KBoE7YJQlWIYQQQgghhBBCiFr2D0qu5nL9VJC2/mrtCWaVdgQoKOwmsNK/+EjWYC4lo5P0dOhmjUKVSGT0vd8rnQ0kZkszzBYlRcnZYpIyUCnMaV/qE6O4lla5oxMPDv0E63DGO5T9HCGEEEIIIYQQQghRcQ245mp9i2K9TxTaOqvO3gzbV1DHdN+xGJzGFZQGiI4uLAmQFKmtwbovwLOwvuoEVvpPuFcXtcz2FNo6rLpUtHGglBqwQpStIMEKU917YZZ0iMPyOhJCCCGEEEIIIYSoMf/s5KpZF0a+NpwONbaYlSHBrAqzZaWzxb0kZ3QkSSPtC0sDFC8JcE/0F3PxAu0iVeN9PcpJsKqI3TK3WFkAIWqGOmEXq+bsqu8whBBCCCGEEEIIIe479V4WIDY2mUpP9Dfrwsh3PuDDhRPo2d6cxgBkkHQutsbjM6ygrqmivRMO7c2LlQQwIHodO2NVUDS9PylD/3gN1XEVQgghhBBCCCGEEEI0aPWeXL1z/FN81+zn/LUKpFgVhpKqoEqOZOeapaz7uTr1WB1x9w0oUV8VihabIjlSZ1Rp9BeRJCusGdVNqVMSAAcPFvt7F1tMqqBsAMmX2AcQfZ00vURq4eJVdhN023bwwF1WpRJCCCGEEEIIIYQQokFqEGUB7sQfZePyozTt0I/RI/rzZBtD8/wV2I2coPOIKjmSA3uDOBVfM4tcRe7yJLLbEsY7B7DSuVg7sV/h9UWJxaYI5lKyCy5KFbHFSgI4tL9OZKw1Lv4BuGh3EMPmgGDt8wrKDJSox7rPH68kDxaPK962ClWsKxCMEEIIIYQQQgghhBCiYTF6uud/NfUdREllJ1lrPqlaVQ6TljC+fWIFFqsS4sGwdPEHGJuY0NjEhMaNG2NsYoKJsQnGxsY0MjbGxMSYRo0aYWxsjBFGGBkV/GB0798lfwCdf+fn55OTk8Pt25nY2Vprf1+SoceEEEIIIYQQQgjRMMVeSsTMzLwgn2BsXOvtNTbKrZH9NIiRqyWVNpK1oSRVCxRM99cpCSCEEEIIIYQQQgghhHhgNMjkahFtkrV1e9pwnaTrDSGpWsBh0kvYKZIJ1SsXIIQQQgghhBBCCCGEeBA06ORqkTvXk0iq7yAKOUxawng7BZBMqLd/wSJVQgghhBBCCCGEEEKIB84/IrnakER/MRev+g5CCCGEEEIIIYQQQghR7yS5KoQQ9STnbiy5ucnk5aaSn5dKXu518vKuk5ebCoCxiSXGxq0xNmmNsbFlwX9N2tG4iV09Ry6EEHUjOS6JtJQb3EpNJ+PG39xKTefW9XRupaYD0NyyBc1bt6C5ZQvMLf9Fc8sWWLRthbJT+3qOXAgh6sat+J/J/iuBOzevcOdmcuF/r6C6kQyAopWSpi2t7v20suKhNo/RvMPT9Ry5EELcPyS5KoQQdSQ/7wbqO2dRq35GfeccGs3tMrfPzUkiN0e/KIqRUTNMFV0xbfo0pk270si4VW2FLIQQdSrz5i3if4nl0tlYLkf9zp2ssuvtp/75F6l//qX3eNOHFdh06USHp+zo0KUTZi2b11bIQghRp9TpKdz49Rg3fz3GzQs/kZt9q8ztb1+J5faVWL3HTR5qTssn/0ur//Sj5ZPPYtqiXW2FLIQQ9z1JrgohRC3Kz79FVmYQatUpg4nSqtBobnMnO4w72WEAmDRuj6niGR42G06jRpJAEJWjUqnw9PQkMTGRrVu30rJlSwByc3O5fPkyVlZWKBSKeo5S3M+yM7KICA4lLuKCwURpVdzJUnExPIqL4QULj1r++xE6dX+C7i8681DzZjXShrgnLi6Ol19+mREjRuDj41Pu9jdv3mTs2LFYW1sTEBAgfUwDd/36dXJzc2nbti1GRkZV3k9aWhqrVq3i66+/BmDq1Km8++67NGnSpKZCvW/lZN4k6dDnpP7yvcFEaVXkZt/iWsRerkXsBaCZlR2WXZ/n34Om0MRcbtyLivH19WX37t3s2LGDTp06lbt9RkYGN27cwNramkaNGtVBhPXbrnhwyKtKCCFqgUaj4vatLaSmTCAr45saS6wakpuTRFbGN6SmTOT2rS1oNNm11pZ4cHzyySd07NiRhQsXcvfu3foOR9yH7qrUhG49xOo3fAnfGVJjiVVDUv/8i/CdIXzi7kfotkPcValrrS0h7idJSUkMHz6cnj17Eh0dXeX95OXlERgYiJ+fH0lJSSQlJWFiYiKJ1XLk3blN/O5lHPfswuV9ATWWWDXk9pVYLu8LINzrKeL3fEjencxaa0s8mG7dusUbb7yBo6Mj33///X3frniwSHJVCCFqkkZNVmZQQaIzYysazZ26a1qj4nbGVlJTXiM7MxjIqbO2KyI3N5dPP/0Uc3NzTpw4Uevt+fr6YmRkpPPTsmVLXnjhBTZs2EBWVlatx/BPZmVlRdu2bXn00Udp3LhxfYcj7iO56hwi9obyyaTFhH1zhJw7dZe8v6tSE7b9CJ9MWkzkvjDycvPqrO2y5Ofns3//fvr374+RkRF2dnYsW7aM1NTUOmk/KyuL1157DSMjIzZs2FAnbQo4ceIERkZGdfKeWFUPPfQQjz76KI899hgtWrSo8n4yMjI4ceIEzz77LAkJCeTl5fHWW2/VYKT3l/y7Kv489DnHZ3QlIXgFeeq6+8ySd+c2CUHLOT7jKf48HIgmt2HcYM3PzyckJETbT1pbWzNp0iSio6PRaDS12nZiYiJeXl7Y2dlhZGREjx49+Pzzz6v1WVKlUjFlyhSmTJmCSlV2CZz7RZMmTbCysqJdu3Y88sgj93274sEiZQGEEKJG5JF9+xC3M7aSn5dWr5Hk598i4++1ZGUG0az5eBQPP0t93kvTaDRcvnyZRYsWsXnz5nqLAwqmJB44cIADBw6wf/9+AgMDadOmTb3G1FCNGjWKUaNG1XcY4j6Sn5fPuSOnCfvmCLfTMuo1luyMLA6vD+b03lD+O/Z5nvzvUxg1qvp05+rIzc0lICAAX19fMjMLRorFxcUxZ84cTp8+XSf9VHx8PDExMbi4uBAeHs4rr7zCww8/XKttin8GS0tLvvnmm2rvJz8/n9zcXDp27MgjjzxCo0aNMDU1rYEI7y+avFySQ78mIWgF6r9rbzR/ReRk3iTu67kkHfoc2xFzaNtrFBjVz+dJQ/1kUlISGzZsICQkhK+++goXF5daafvXX39l/PjxOiO3IyIiiIiIIDg4mE8//ZTHH3+8Vtq+3ygUCgICAggICHgg2hUPFhm5KoQQ1aVRk566gIz0T+o9sVpcXt41bqWtID11IRpN/U2B/f3333Fzc6uXxKqDgwOxsbFoNBo0Gg05OTlcunQJT09P9u7dy7Zt2+o8JiEeRLnqHL7x/YLv1uyq98Rqcbeup7M3YBs7Fm8gR10/o7OCg4Px9/fn/fff59atW2g0GlJSUnB3d2fv3r0cOHCg1mM4evQojz76KFOnTuXs2bMkJiZW6vlmZmaVGtXYpEkTWrduXdkw7zs3b96s7xBEA5J/V8W5VWOI2ehV74nV4u7c+B8XAt/i3Kqx5Knrp/RUUlISe/fu5a233iIlJQWNRkN2djbr1q0jLS2NvXv31koJI5VKxZo1a/j777/ZsmULt2/fRqPRcPv2bXbs2EFqaiqnT58mPz+/0vu+e/eu9AFC3EckuSqEENWQn3+Lm9e9Ud/5ub5DKZX6TiRp12eh0cg0eBMTEzp06MCcOXPo378/cXFxOlOxUlNTmT9/PtbW1pibmzN8+HBOnz6tM92saBpX0eiJhQsXYm1tjaurK+np6ajVarZv306PHj20U8e2b9+OWq2b4NZoNPzyyy+MGTOGli1b0rJlS15//XWD09vi4uJwdHTkxIkTJCYmMmPGDKytrWnZsiUeHh7873//0zvW/Px8fvzxR4YPH465uTnW1tbMnz+ftLSK3QAomq66detWvccM/Tz33HM6XxKysrL4+OOPtVPo+vfvz/79+0v9ApKXl8f7779Pjx49uHz5st7vU1JSePbZZ1m8eLH2/FTmHBo6niK+vr44OjoSFxenfaz4OY+NjeWll17C3Nyc5cuXV+j8iXuyM7LYNPtT4s/WXq3A6vrjzEU2z1mDOqvuSrkU6d+/P0FBQXh5eWFubg5A27Zt8fLywsHBgZSUlFpt/9atW5w8eZKePXvSu3dv2rRpQ3h4eKnbl+yDpk+fTkpKSqmjEFNTU1m2bBl2dnaYm5szYcIELly4QNOmTcuM67fffqNz586sWrXK4JTfwMBAveu2qN/p2rVrmVN3i/rxkv0W3Lv2fX19dR739fVlypQp/P333wQGBmJnZ8czzzxDfHx8qcdd/P3kpZde4pdffkGj0ZCQkMCAAQN48cUXAejduzdGRkZVPp6KxFdySrWdnR3Lly/XjgIsTWnn6sSJE9p4o6Ojef3112nZsqXB95qgoCA6duzI4cOHCQwM5KGHHtLZX2X68vtVTuZNziweys1fj9Z3KKW6EXWEn5e8SG523d8g69ChA/v372fJkiW0bdsWKBiN6OrqSvfu3Wut3ezsbBITExkwYABubm7aEf0PP/wwL730EmFhYYwePVpngaSi13PR5wZra2tmzpzJX3/dS5h/9NFH2NjYsGvXLu01YWRkpNfvFLd161aDZUQqco2WjKeinwcTExPx8PDQXpceHh4Gb761aNGChx9+WKeP6dGjB9988w25ubk625b3mctQmyU/5xb/LG7o8+axY8f0+o6KtFuRz9cl++WSP2X9DcX9TZKrQghRRfl5N7h5bTo5d/+o71DKlXM3jpvXvMjPu1HnbXfq1ImoqCg0Go12heD6lpOTQ25uLsbGxtqVj2NiYnjhhRe0i21kZmYSHBzMkCFDCAkJ0dtHSkoKXl5eLFq0iKSkJJRKJQqFgrVr1zJmzBgiIiKAgqljY8aMwc/Pjzt3ChI3Go2G7du389///pft27eTlpZGWloaGzdupG/fvuzYsaPUZMJzzz1HQEAASUlJpKWlsX79evz8/PSSxO7u7vTt25fg4GAyMzNJSkrCz8+PBQsW1Eptr+effx4LCwsArl27xtixY5k+fbr2Q+zRo0cZO3YsGzduNHhsxsbGDBo0iIsXL3Ly5Em93//222+cPXuWZ599FiMjoyqfw8o6efIkEydOZOfOnWRmZtK+fftq7/NBknnzFl96fcTVS/pfUBqalD/+ZNN7n5Bx4+86bfdf//oXPXv21FuFvVWrVnVSGy4uLo7z58/Tq1cvWrduTbdu3QgJCeHWrVt628bExPDKK6/o9EEff/wxQ4YMMXjdXrt2DXd3d+bMmUNcXByZmZls3ryZQYMGsXfv3jLjsrGxwdnZmR9++EEvAZqZmcmJEyfo0aMH//73v7VtFfU7586dAwr637feeovXXnuNa9euVfUUaaWlpbFs2TKmTJlCXFwcLVu21PZ7xaWnpzN16lSd95OdO3fi5ubGwYMHycnJKbeeblWOp7T4cnNzWbFiBQMGDODo0YLkXVxcHO+99x6enp5kZFQtWZaQkMDy5cvp27cvGzduJC0tTfteExgYSF5eQU3j7OzsUhM5ddWXN2Tq9BQiFg4k43JUfYdSroyEXzjjOxh1Wu3e9DGkRYsW2iTm3bt3uXTpEkuXLuWPP/7gxRdfrJXF0UxMTDAzM+Pq1asGX8PNmjXDxORepcXir+eizw1JSUn4+/szYcIE7c2yzMzMCt/sro6EhATefvttvXj8/PyYNGlSmf1QYmIir776KuvXr9del+vXr8fV1ZVffvlFZ9u8vDxWrVqFm5ubto+JiIhgxowZBt8bSrNw4UKeeuopvTZHjRrFH3/of9/av38/zzzzjN7nTVdXV3bs2FHhdiv6+TorK4tZs2bp9MtCFJHkqhBCVEFuThI3rk0nL/dqfYdSYbk5iYUx1/0H4oYiNzeX+Ph4Fi1axE8//UTXrl1p2rQp6enpLFiwgObNmxMWFkZOTg75+flcuXKFESNG8Pnnn5Oenq6zr7Vr15KUlMSZM2fIy8tj9erVqFQqfvjhBwYNGkRcXBz5+fncunWLL7/8ku7du2tHap09e5a5c+diY2PD4cOHycnJIScnh8OHD/Poo4+ybNkyfv/9d734t2zZQr9+/bRT4v744w8GDRrEyZMnSUpK0m539+5dsrKy+Pbbb7VT2IqmGe/evZuLFy9W6fz16tVLW2KhaEre22+/jbu7O5MmTcLIyAi1Ws2KFStITExk3759ZGdno9FoSEtLY8aMGaxfv77UKcedO3emf//+hISE6IzM0mg0RERE0KtXLzp16lStc1hZs2bNok+fPqSkpJCfny91aCsh9c+/2OD1Eel//XOmPV5PusrGmatJv1r3N6JKio+PJzY2lq5du9ZaGxqNhvDwcDp37szjjz+OsbEx/fr148yZM1y6dEln26J+8uLFi3zwwQfcunWL/Px84uPj6devn94IyKK+oORU3pSUFCZPnsz169fLjE2hUDBw4EBOnDiht0p9SkoKv/76K3369EGhUOi05e3trdOWt7c3O3fu5Msvv9Qm+6pq586dHDp0SNvn7Nu3j3/9619628XFxXHo0CHmzp2rPU+XL1/G3d2dJ554QnvTseiGY3h4OBqNhqioKDp16lTl4yktvoMHD7Jq1SqWLVvGtWvX0Gg0qNVq9u7dS0hIiMEbiBVRlDSePn269jhPnz6Ng4MDx44d0yaPxo4dy40bNxg0aBCTJ08mOzubQ4cO0bJlyzrryxuqrOQ4IhYMQnW9cqU46tPtKzFELBqE6pr+LJPadvPmTZ577jlMTU15/PHH+euvv9i7dy/Ozs610l7z5s3x8PDg1KlTDB48mE8//bTMvqvo9Txp0iQuX75Mfn4+OTk5nDx5klu3bvHNN9+g0Wjw8fHRuyaKHq9JmZmZRERE8P7775OWlqbts0ePHk1QUBDHjx8v9bkRERGcOHGCtWvXkp2dTV5eHufPn8fNzY3HHntMZ9vjx4+zZ88e1qxZQ3Z2Nnfu3CEwMJCrV68aHEVampCQEF5//XWuXLlCfn6+ts+LiIhg//79evs5c+YMbdu2JTIykpycHLKzs9myZQsWFhZ8++23ep/dS1PRz9dHjx5lzZo1uLu7az8X/v777wyuHIMBAAAgAElEQVQZMoS3336b7OzsGv8bin8OSa4KIUQl5effIi11Xr2MAq2u/Lwb3Lw+i/x8/RFJ96Po6GjtNCEjIyMaN26Mra0t69atY8KECbi6ugJw8eJFIiMj8fX1pU+fPpiYmGBkZIRSqeTtt98mISGBhIQEnX3b29uzYsUKnn76aRo1aoSxsbH2d506daJ9+/YYGRlhbm7Oa6+9xpAhQ4CCu/v79u0jLS2N5cuXM3DgQExMTDAxMWHgwIEsWrSIhIQEvvvuO73j8fb2ZtWqVdopcba2tgwfPpzz58/rjOxq164d27ZtY9SoUdopbG3btuXVV1/l6tWrxMZWf3q2RqMhKCiIn3/+GU9PT207iYmJhISE8P777/PCCy+gUCiAghEnHh4eKBQKzp8/b3CfLVq0YMiQIUREROgkYG/evMmJEyfo1q0bLVq0qNY5rKzx48fj4+ND27ZtMTIy0pn6J0qXnZHFtgXryLz5z+trMm78zea5a8jOqL9SKllZWXzxxRc4OTnRs2fPWmvn77//Jjw8nN69e2uThEWJ1tDQUJ0vshcvXuTQoUN4eHgwa9YszM3NMTIywsbGhgULFuDg4KCz76K+YNSoUSxevFjbb7Vt25bZs2czaNCgcuN75pln6N69O6GhoTqJxJ9//pm7d+/i6OgIwKVLl/juu+90rteitubOncuoUaM4cOAAV65cqdb5MjMz0+lzGjVqpDfiuLinnnpKe56sra2ZN28e1tbW5bZT1eMxFN+dO3f4/vvveeWVV5g+fbq21m2TJk0YMmQIY8aMITw8vMr1KpcsWcK8efO0x/n0008zePBgUlNTyx2ZV5d9eUOUk3mTs8tHok7/5930VqelcGbJMHIy6/fm2S+//MJvv/1WK/VWi/Tv35+DBw/Srl07pk2bhq2tLRMmTODUqVM6pY40Gg2HDh2ia9eu+Pj4YG1tjZGRESYmJjzzzDO89tprnDp1qsojxavqww8/xMvLixYtWmj77Hnz5mFvb8/Ro0e1s6oMadu2LV26dEGhUNCoUSOeeOIJ3n//fb0a223btuWLL75g7NixKBQKTE1NGTp0KP/973/566+/ymyjuFmzZrF06VKUSiVGRka0bduWGTNmaKf6//237sySPn36sGHDBrp164aJiQkKhYLRo0czfvx4QkJCdEoAlKWin69/++03nnzySWbMmKH9XPj444/z7rvvVmvwgrg/yDcEIYSolDzSUxf9IxOrRfLzbpB+4wOgeiN4/oksLCwYNWoUe/bsITAwkJYtWwJw4cIFkpKS6N69u17tJAcHB6Kjo/U+GP773/9GqVTqPNaiRQsmTJjA119/zciRI9m2bZveCIfbt28TExNDr169DI5I69atG0899ZRePVgAc3NzvbqGzZo109tHURIwKyuLn376iblz5+Ls7MzQoUMrfrLKERYWxsKFC5k2bRp2dnbax//880+io6MZMWKE3rlUKpX89NNPZdb469GjBwCnT5/WPpaQkKBdydzY2Lha57CybG1ttXUwRcXk5+Xz7eINdT69viZl3Pibb/2+JD+v8ouUVFdubi6ffvopR44c4d13363UQlGVdfHiRX755RdtzU+A1q1b88wzzxAeHq7zRfbChQtkZmYybNiwCq3yXtQXDB06tMrHUBTLqVOntH2pWq0mMjKS7t27axOV8fHxxMTEMHDgQL3rtUWLFvTr14+TJ09WO7lqY2NTodIgDg4OvPHGG7i7u/P222/z008/VaovqurxGIovPT2duLg4Vq9eTdOmTXX6ZBMTE5YuXaodlVYVxadqQ0GJl6KbauWpy768odHk5RIV8Gq9TK+vKeq0FKI+GocmL7f8jWtIy5YtOXToEGq1mvPnzzN48GDGjh3L6tWrqz0yvTRF9UO/++47zp8/z+uvv86BAwfo2bMn7u7u2qn1t2/f5vfffycoKAgLCwu9z0BTpkwhMzNTrwZpbSu68VFcu3btsLGxISkpqdRrq2/fvjg7O/PSSy8xf/58zpw5U2rsrVu35tFHH9Vpx9TUtELvFcWVLLMABX1Mx44d+euvv/RKxDz00EN6/Y2xsTH/93//py2BUBEV/Xz973//mzt37hhM5l+9erXCSWRxf5LkqhBCVEJG+mfk3P3n35XMUf9GRvpn9R1GrXNwcCA2NlY7jf3mzZt8++23DB8+XOdDVHnTUytj5MiRHDt2DAsLC6ZMmYKtrS2enp7ahQxyc3O1tTuLRnsWV5UPoyXl5uYSGBjI//3f//Hss8+ydOlSjh8/Xu7CJRUVExPDe++9x7Bhw7RJ1CLVPZe2trYMGDCA0NBQbbwnTpzg8ccfp3PnzkDdnENRdd+v3c3/Yv45U1xL87+Ll/l+7e46bTM3N5eVK1fi5+fHkiVLanXUal5eHocPH9a7sWRiYoKvry+nT5/WqXF3/fp17O3ttTelylPUFzz66KNVjtHY2JihQ4fy22+/ceHCBQD++usvfv75Z3r37q29/ov6itJGhRr6klybFAoFy5YtY926dfz66688++yzdOnShQ0bNugtbmhITR5PZmZmhafG1rUHuS+P/WoWf/8RWd9hVNvfv0cQ+9WsOm+3SZMmPPHEEyxdupR33nmH4ODgat88KU/RyM2PPvqIy5cvs2LFCnbu3MkHH3yASqXi7t27Nfp5sjY1bdoUKysrcnNzS11o1NLSkg0bNvDee++xb98+7UyKshYnra1YH3nkEXJzcyucQLeysgKo8UR2UW3yTz/9lKtXr2pLCHz88cf07NlT2654MElyVQghKij79kGyb98/U9Oyb39H9u2D9R1Gg9CsWTOefPJJYmJidGqKFv/p1atXhfZVNNr1q6++4urVq2zfvp0TJ07w1ltvkZqaql0cISkpyeCKz2q1ukJfvsuya9cuZs6ciZ2dHZs3byYhIYHMzMwyVwCvqGvXrjFnzhweeughPD099b74mpmZAWinFBv6GTt2bKn7NzU1pV+/fpw+fZrLly9rVzJ/5plntNNZ6+Iciqo5+/1Jfjl0qr7DqDG/HDrF2e8rvhhHdahUKvz8/PDz88PHx4eXXnqpzCnn1XX9+nVOnSr9b3X16lWOHDmiLQ3QrFkzYmJi9KZllqaoLyhawKWqOnXqRK9evfjxxx/Jy8sjOjqa9PR07Sj34m2VVs/59u3b1YqhKkxNTRkxYgShoaFcvXqVN954g1mzZlVohF1NHk/Tpk15+OGHWbBgAfn5+Qb75LVr11Z4tGlNelD78itHN3Llx6/qO4wac+XHr7hydGO9tG1qaoqTk1ONjEyvDHNzc6ZPn86bb77JqVOnSE5O1r6eJ02aRFZWlsFrrajWcH27ffs28fHxtG7dusyFwB5++GHefPNNoqKiiI+Px8XFhUmTJvHtt9/WWazZ2dn8+eeftGjRQts3lic+Ph5A+7mxplhbW/Pee++xfv162rVrR6NGjejYsSMHDx7E1dVVkqsPOEmuCiFEBdy9c5aM9DX1HUaNy0hfQ476t/oOo9795z//ITExkcOHD1drVWKNRkNOTo72/x9++GGGDBmCn58fQUFB/P777zRr1gx7e3uio6P59ddf9fZx5swZzp49S6dOnar0ZffOnTscP36c/v37s337dsaNG8djjz1Gs2bNql3nKysriw8++ICoqCgWLFigVxYBoEOHDtjb27Nv374qfynu1q0b7du359SpUyQlJfHbb79pSwIA1TqHJUeVXLt2jbNnz1YpTqEr4VwchwL31HcYNe5Q4B7+d7F2F25JS0vD29ubhQsXMm/ePDw9PfWmRta0ixcvEhERwddff62XAPj7778ZOXIkoaGh2lH3HTp0AAoWOSnZT2ZnZ5Odna3zmFKp1C40UrIvUKlUetuXpnnz5jz33HOcOnWKlJQUTp8+rVMSoCg2e3t7QkND9ZJ06enpHD161OCooszMTJ1EpUaj4ezZs3o1tisrLy9Pm0A1MjLikUceYcaMGUyePJmjR4+Wm6Cu6vEY0qpVKzp27EhISEiFp8jWldp+P2yIbp4/RuyW2fUdRo2L3TKbv3+PqLX9JyYmGrwu8/LyiIuLo23bttpFQ2tSVlYW+/fvN/h5xsjICGNjY+2IyqLX8w8//FCrtTdLTo1PTEwkKiqqUvs4d+4cERERWFtb89BDDxncpvio1kaNGmFjY8P777/PoEGDKl3qpDouXbrEiRMnsLa2pnnz5uVun5GRwdGjR7G3t6ddu3Y1Gkt6ejpbtmxh0KBB9OvXD4B+/fqxe/duPD09ddZfEA8eSa4KIUS5criVtpr7s0ZpHn/fXA7klLtlbVOr1SxevBhnZ+cKF6CvKV27duW5557Dx8eHlStXaqdQ3r17l5CQEIKDgyu0n9jYWAYOHMjXX3+t/UKcnp5OUFCQ9oO/sbExw4YNo0mTJsyYMYMjR46Qm5tLbm4uR44cYcGCBdjY2DB48OAqHYtGoyEvL4+EhAQSExPJz88nKyuLL7/8kldffbXU5+Xl5ZU5zUuj0bBt2zbWrFnDm2++WepIXltbWwYPHszKlSuZP38+ycnJaDQacnNzOXv2LBs3bix31NYjjzzC888/z4kTJwgPD0epVGpLAgBVOoetWrXCwcGBw4cPc+nSJTQaDQkJCXh6erJ3794y4xHly8vJ5cCn39ZLjdLalp+XT/CqreTl1E6dvKSkJCZNmsSWLVtYvnw5Xl5epSZWa6qfzMvL4+jRo3Tu3Nlg6YHmzZvTv39/IiIitEmC//znP/Tq1YvVq1ezdetWVCoV+fn5/Pzzz8yePVunhAAU1P/s3bs3Gzdu5JNPPiEjI0N73c2aNavMVapL6tu3LyqVitDQUM6dO6dTEgDu9Tvr169n4cKFXL16FSgYfbtkyRJ27tzJ0KFDtcnIoimxJ0+e5PDhw6jValQqFVu3bmXu3LnVKqGi0WjYvn07rq6u2hqFGo2G3377jWPHjmFmZqb39w0LC0OtVnPnzh1yc3MrfTxlefjhh3F1deXXX39l8uTJOjElJycTGBjItWvXqny81VHb74cNTX6OmotfzqjTGqV1RZOXy4W1U8jPqfmRxiqVCn9/fwYPHqzz+SorK4uvvvqKzz77jB49emBjYwPU7OfJLVu2MGzYMEaOHElYWJi21mZWVhbbt29n27ZtdOzYkdatW2tfzwCTJk3i0KFD2u3T09PZsGGDwXiKRoXm5+eXedPJ2toaMzMzgoKCSE1N1fa/06dPJyKi9MT2ihUr2L9/PyqVSnttzZo1CwsLC4YNG2YwIZibm8uyZct47bXX+OOPP8jPzyc/P5+IiAjCwsJ46KGHaiWRuGHDBr788ksyMjK0xzdz5kyuXLmCq6urXvmQw4cP4+fnR2JiIhqNhqtXr+Lr68vmzZsZPHgwtra2NRpfXFwcly5d4qOPPiIkJASNRkNISAhubm61fkNUNHySXBVCiHJkZewhL69+vnjUhby8a2Rl1M5oM5VKxZQpU7S1/IqSe0WLpzg6Omo/aN6+fZvw8HCOHz/Ozz//XCvxlKZFixYsWrSIzp07M3PmTO1CBKampgwYMIAff/yxQnfoLSwssLS0ZNy4cTRr1gwjIyMsLCz4/PPPGT58uHbhp6eeeoolS5aQkJDAoEGDaNy4MY0bN2bQoEH873//Y/bs2XTs2LFKx6JQKOjTpw/R0dF07doVY2NjmjVrxhtvvEHv3r31FjsxNjbmoYceIiQkhLfeeotbtwyv7p6Wlsbu3QX1J2fPnk3jxo11Fmoo+lv+P3tnHtbUtbXxNwMkATIQFRAQUJFBQQYVRREVW+tUlSpWa9Xr1Dp1cOq9V2tvr7Z2UtveOrR1oGrpAFatWrV+ijjXGZUqKiogIINCAigJU74/8BwyJ5ATArh/z5NHSfbZe51h73POu9dei8fjYcmSJRg9ejRWr14NT09PsNls2NnZoWfPnti/f79Jry0Wi4WoqCicP38e//vf/zRCAlA09Bh6eXmhT58++PPPP9GlSxew2Wx07twZT58+xUcffdSYQ01Q4689xyEvbJ5xHZlAVlCMv/Yct0rd27dvx+7du2FnZ4dvvvlGp2+xWCwkJCQAYG6cLCgowNmzZ9G7d2+Dnj2RkZFwc3PD8ePHUVNTA29vb8ydOxfFxcWYPHky/XLdq1cvVFZWolevXhrbOzs7Y968eZBKpViyZAnEYjHd7zIyMjBw4ECz7XV3d0fv3r3x0UcfoaioSCMkAACdccfd3R0sFgvu7u5YvXo14uLiMH36dFoMYLFYiI6ORvv27fHmm2+Cz+fDwcEBc+fOxfz582mPpMbAYrHg5eWFO3fuICIiAnZ2dmCz2QgJCcGNGzcQGxtLJ6kKDQ1FYGAgli5dCj6fDxcXF1y8eLHB+2OKESNGYNmyZTh8+LCGTZ6envjkk08s9tS1BGveD5sbWYc2QvHoga3NsBoVRdnIOrSR8XoFAgGWL1+O7t27azxfUc82QqFQI/kfk8+TU6dOxcqVK3H8+HEMGDAAPB6Pbnvy5Mng8/mYP38+3bb69Txs2DC6vFQqxYIFCzQ8tCUSCSIiInDu3DkEBweDw+FgyZIlBpMidenSBYMGDcIPP/xAi7m9evVC586d8c477xjch8LCQowaNQoODg5037p37x7mzZuH0NBQvdtwOBz4+vpi//798PPzA4fDAYfDwYsvvggAGD16tNFwAo2lsrISM2bMgFgspvfv8OHDmD59Ol544QWd8i4uLti8eTM6duwINptNj5H9+vXDrFmzGI/ZXFNTg/z8fGRnZzdp3FlCy4CIqwQCgWAEleopykt/tbUZNPa87hA5vw1Jm39C4ND4lz9tykt/hUpl3hJNa+Hk5ISoqCj0798fPXv2bPL2AwMDsW/fPnzyySfw9/cHAPTu3Rs//fQTPv/8c7OWJLq6umLbtm344Ycf0Lt3bwBAWFgYvvrqK3z++ef0jDuLxcLEiRNx8uRJTJs2DVKpFFKpFNOmTUNycjJeffVVi2Itjhs3Dlu2bEFwcDCEQiHGjBmD5ORkbN68mRZ4Kezt7REbG4vg4GCUl5drhDVoLK6urkhISMCGDRvo4+Dv74+vvvoK27dvNyveWLdu3RAZGYm8vDyNkAAUDT2GAoEAH374IWbPng2pVApvb28sW7YMW7dubZDIQ9ClskKJU0lHbG2G1Tm98yiUT62XCbi4uBgPHhgXXpgaJ//66y+kpKTQYoE+OnbsiD59+uDkyZMoKCig+9y+ffswZswYCIVCul8nJSXpzfY+YMAA7Nu3j+6jVL/7448/EBMTY7a9PB4Po0aNQl5eHoKDg/UmetI37vTu3RsbNmxAfHw8XF1dNcpHRUVh3bp1dNnBgwdjz549mDNnjsXeTtHR0UhOTsa///1veHt7QygUYujQodi1axcmTJhAj01du3bFunXr0L9/fwBAREQEHXKhoftjDC6XiyVLliA5OZk+d1KpFLNmzUJKSgoiIyMt2l9LsPb9sLlQoyjD/b1fNWgb58B+CJy+FhEf/onIj09Y9On1/h/wm7gCPGdml0lrk7nvK1RXMJM8Ux3q+eqnn36iJz+8vb2xYMECeiyjYPJ5UiAQYNmyZTh37hwWLFhAT1CHhYVh5cqVOHz4MKKjo+ny+q5noVCIuLg4pKSkYNy4cXRZDoeDd999F0uXLqXHxzZt2hhc3ePi4oLPPvsMcXFx9Pj79ddfY82aNTqTW+ps27YNO3fupMeZwYMHY9euXUZXSbBYLEyYMAFnzpzBrFmz6H45ceJE7Nq1S2OfmWTVqlVITk7GyJEjAdQ/h3/22Wd6k96NGjUKZ8+exTvvvKNxj9m9ezf9LM8kfn5+6NOnD1566SVwOByNSdDw8HB8/fXXeuNHE54PWD37Dmx8cDkCgUBQ45OPVoDD5cKOy4WdnR04XC64HC44HA7YHA64XA7YbHbdzQj1NyNoeeiofwBo/L+2thZVVVUoLy9DgK8P/bs2TD2Il8m24ElZEiN1WYqD0wgIxf8Ai/0smLuqEk+fHGIsFqyjMA5CyQxG6iIQLKWmpgbLly/HhQsXsH37drRv397WJhEMcPSH/TjzW7LV6he2ESN4YA/k38tFTnomXln8Ojr3CASLBWT/fQ8HNv4GUVsJvLp1Qtrxy3j0wHorDfqOjcHgf4y0Wv0Ew1y7dg3jxo3DP//5T8yYQe5VhJbFnV//i8z9/zO7vHv0JPhN/BB2TlJG7SjP/hvX1s/CkzzrhV/yGfk2urz6H6vVTzCP06dPIyoqCj/++KPRRKLNgVu3buHVV1/F2LFjsXz5cpPlKyoqsGDBAmRmZiIhIaHJkoQVFxdj5cqV+PPPP1FQUIDi4mKdMmvWrMGCBQtaxaSQrUjPyIRQKKrTE5ogjq0di5lQLcRzlUAgEAxQU1OAJ2Xmxdq0NjrCKgCw7OHgOBQi57mMtPGkbA9qa83LAk0gWJvs7GwkJyfrDQlAaD7IC0twbu8Jq9QtbCPGmIWTMHfjv+AX0Q056ZkYNvsV+PYMBJvDBovNhndQZwx9IxY56Zlw7eiOWV8txMT/zIKHv7fpBhrBub0n8ETW9Jnnn3eouHZcLlcnJACB0NxRPHqA7D+/a9A2Lj2GMS6sAoBDe1+4RoxivF51sv/8DpWlRVZtg0BoapRKJVatWoXKykpcuHABjx8/1kgEeffuXfTv3x+3b982GNqB0Loh4iqBQCAYoFy+A80h0ZNeYZWCUYG1CuXy7QzUQyA0DirDdlFRET755BPk5+cbTLZAaB6kJByySqKn4IE9MH31Owge1AMAkHb8Mrr07IouvbqBxVZ7fGWx0CGwI3qNiMLfJ66gurIKvj0DMeGDmegzZoCB2htPTVU1UhIOMl4vQT+VlZWora3FgQMH8L///c8qCUoIBGuT8dunDU70xOHpz+BuKWyuPXhS664Eqa1S4u7OT6zaBoHQ1JSXlyMtLQ2FhYXIzc1FdXXds09tbS3y8vLw22+/4e+//0ZQUJBZocQIrQ8irhIIBIIBKpXptjYBAGBn7wcWWzfOEM0zgVUoedPitpSKa6YLEQhW4u+//0ZgYCBcXFywadMmzJkzx2CyBULzIPdWJuN1Rk8cguFzx0HUVgIAKM57hGvHLiJ4UA8IhLqCA5dnh4C+3XH7/N8ozMoHADiIHDFo8nAMnf0K4/ZlXc9gvE6CLjU1Nfjwww/B4XAwcuRIuLm5YcaMGYwnKCEQrI08o2mTdBqFxQKLZf0Jy+Kbp63eBoHQlEgkEgwePBg7d+6Ev78/nXySw+HAw8MD7733HsaOHYvXXnvN1qYSbAQRVwkEAkEP1dUPUFOdY1Mb7Oz9YM8LQWnJt1AqLgIwkpWSZQ+B40Dw+JYF7q+pzkF1devNZEto3sjlcjx+/Bj+/v749ttv8e677xpMtkCwPY9yCvE4l9mlnz2G9UXv0QNgL6gT0FS1KjxIvw/3Lh3g1snD4HbS9m3gF9ENmdczUFNdlwyEa2+HsBd7Y9Dk4Yza+Di3CI9yChmtk6CLQqFASUkJnQzmhx9+QGBgoK3NIhAaxJO823ia37wmZLgCIdr3G4/2/cZD2rW/Vdp4mp+BJ3m3rVI3gWALOBwO3n77bezatQtxcXGQSuvCdnh7e2Pq1Kk4fPgwvvnmG/p7wvOH7d9YhB7o7CIAKgpwN4/5zIIEAoHQGJRPz9i0fSoUAFgslMl2QPboE0ja/vuZeKp/XozF4oHNFlvctvLpGXBFr1pcD4HQUPr374/Hjx/b2gyCmdw6e53R+jr3CEDU+BfAd6xfTlepUOLhnQfwDvaFg9jJ4LY8BwE8A31w9/ItKMor4CipK8u1t0PPEf1Q+kiGSweZG9dvnb2OtnGDGauPoIujoyM2btyIjRs32toUAqHRFF46YGsTdHDtPRquvUfX/aFS4XHaMVz93zTUKJiNJ1146QA6uvsxWifBfPr16weVqmXkLvf390dqaqrZ5QUCAb799lsrWqQfHo+H2NhYxMbGNnnbhOaPzT1XQyfMx7y58zFv7msgC/8IBEJzQVFhO3FVPcYqi+UEoWQyBI5DIHv0iVEP1traMlRX51rcvi33nUAgtBxu/cWcuGov4KH/+BfpUAAUFWVPUZSdjzYe7cDhGl7KymKz0K6DG+6c/xtPZJqT9XxHAXqNjELbDq6M2cvkvhMIhNZLUTMUVzVgsdAmaBBC39kGDt/wBFZjaPb7TiAQCAxie8/VBtL59Q8wL0zX1Tr3xLtY87sNDCIQmjm8TuMwb1Y/CLN2I/7bE8i2tUEtgNraYlRV3rJJ2/qSV1ECKwCDHqwqVTmelO5CVaXlcWKrKm+htqYYbA5Z1kIgEPRTXlKG3NvM3VF6jYhC+86eOt+XFZci784DSN3bmaxD1FYCqXs7yAoew8VHM2FLG/d2CBvSG/+3ZS8j9ubezkZ5cSmcpCJG6iMQCK2PSlkB5Hcv2doMHeQZF/E0/y7snJwh7RYNth0f0m4DEPrONqR+PZUxD1b53UtQyvLBk7gxUh+BQCA0Z1qcuFqWV4qKMCmsk39tDBauHgDdiF4VSN+xFJuuWqVRiwiZuQpThOex6Ms9tjaF0AyhhFUPOwC+Q/FSyIlmeR03N6pslMhKU1itRaUyDRxOO3C47Y0KrCpVOcpkO/C0nLkZpqqqe+ARcZVAIBiA6URWRQ8KsH99os73ZY/lELYR46/dKWCxWUbrqFJWobykFCd//T/cOK17s6upqmHMXgAouJ9HxFUCgWAQ2d1mlMhKjfKcdNzY8g4AIGDKZ/AY+LrVBNby7L+JuEogEJ4Lmq24yg+Kw/QhPqhOT8T3B7Lo7wuTv8L3zv/GO32ZW9qlTUX6Nry/uT7mR8jMVZgy+Uss9F6Atcw4PDCGt9A6MjOh5aMhrAIoTd+N7URYNYuampImb1NbWK14kozSkvVwbvcfcLh1Hlj6BFZ7+wCUyRMYFVYBoLammNH6CARC66K8hNk4+bfPpRn9Pe34ZWSFkP4AACAASURBVLPryrvzAHl3rJ+Yr7yk1OptEAiElkulrPknvkvf/k8AsJrAqpQVWFwHgUAgtASapbjKD3oN77weAVc7AB7zschuHdb8/kxg9YrFuF7WE1b1cXVzItJXTkVA5zEAiIcoofmjK6z+hE83X4DStma1GJpaWDQorLb9APa8EI2y6gJrSdEHVrOpprppH4ZPnz6NqKgonDp1Cv369WvStgkEQsNhUljs+8ogDHhtKLg8O43va6prcHrnUcgLivHSG7GwF/CM1mOqvKpWhYsHT+PQt7sYsVtWSCahCASCYZTy5i+uAtYVWCseWX+ii0AgEJoDzU5c1RBWAQB28Iiej0VYhzVXgvH2GwPqBaOCAti5ulopRIA6qSgonooAqQtCANQ5/2mFEMg9rrE0P2TmKkzxzsT2nUDc5EDaRm2vWADAqMVYE60WjECrLoS8gY8mi3B+8RG4rpyKAAGA3Bzkeng+a38A1qweACAXxxevxl4AoxZ8iQHqVZ5ofl63BCvRbgwRVi2kpqbphEWjwio/FIDuMlgWywmOorGoqryDqsobVrGrKY8BgUBoecgKmPPwl3q46Air6ohdpeDYmX5k5XDYcJIIUZxXpPd3FpuFNmbEbjUXJo8BgUBofVQUtZxMB/oE1m4zv8a1dTMsqrclHQMCgUCwhGYmrg7AdFpYrULuhStAaAQ87OoE1o8j7SCgBKPrP+HTH87Ddfi7mNZXgCyrhkgMhasUQHFhnbAa8gY+mhyI4hMLsGhv3e+zVk7FmgXQFEUFgZgy7ia2L15Qt92oxVgTPRUfzUS9wPpMWK0XP5/VtdIF25d/j/pV3FJErByPrJ0LsIj+sq5sQLGusDvAo15orbN3MUbtffY3gUAwSlN5bTZGWAWo5FW/WU1YBZo+NMLjx4+btD0CgWAZcga9NiWu+uM711bX4KmsHA4SMzNYs1hgsdlGiwhEjg01zyAkLACBQDCG4lHLEha1BVanDl3B4TtZ5L1a2UK8dwkEAsFSjD+BNjnH8cfZXFShCrkn1mHNLz9h/Y/nUVAFALrCqgJA1oGv8OH7n2CnFRN7j1owFQGCCqQn7wEQilnjAiHIPa7mCZqKTTtvosLDF6M0tszFcXWBdO9qHM8FBN4RqFvoOwYLoz1Qkb5Nty5BIAZrVCZA8QXzkmp5CwVAbka9kHr1e7y/mAirzw1Fe7B+02nkVtX9KQp4Df+a2QvGF1MS1GkKYdESYZXp5FX6YDI0QlFREd5//334+PhAJBJh/PjxuHz5MlQqFe7du4cXX3wRo0ePBgBERUWBxWIhNDQUt27VD+xPnjzB119/jfDwcLBYLPTp0wcbN27EkydPdNpbuXIlZs+eDZlMhu+++w4BAQGIjIzE3bt3AQAqlQqXL1/G+PHjIRKJ4OPjgyVLliA/P5+xfSYQWjtNISyqVCoonlYwWifXDA9Yc3kiYzbuLIFAaF0om2nM1TbBgxD58Qm9H+fAKEClAgBwBU4QdwqzqC2lnKyEIhAIzwfNzHMVyPr9C/znTwEUirqHaUXaT/h6JxeLx4VDaqcprFoLQcBUrFk9Ve2bCqTveCZshkTAWwDk3tWKvXq1EMWTfeBaHzdAL1llFYCHCN4Aro7yhQeA3EKtMAFXzyNrXGCjY7zuvZuLAdED9Hi/Ep4XlPd2Yv0m0OEB6gRWkPAAZmLtmKvNXVgFmPPeLSkpwbx585CUlER/l5SUhPPnz2PdunXo0qULior0L+GlKCgowJtvvonff6/f73PnzuHcuXM4duwYvvnmG7i6asbiLi4uxqefforPPvsMADBixAhIpVKoVCr8/PPPmD17NsrK6oSRsrIyrF69GteuXUN8fDzc3d0Z2XcCoTXDZEIrVW2t3u9ZLBb4DswGf6quqmasLlkBiblKIBAMU9lMhUV+Gw+gjYfpggygIGEBCATCc0Iz81ytgxJW6b8vbsfqtV9i/derrC6sAnVxURctXoBFO26iAkBFeqKOx6hH9JdYs1r9MwAeEEDobbzuq4XFAKR1ImxdayjLMlD4WYzXBrN3dZ3tgkBMWf0l1qxehVmNqojQkqkTWNU9WGMxhVwHNqclCKtMcuvWLRw6dAhLly6FXC5HbW0t7t+/j1mzZiEoKAj+/v5ITU3Fjz/+CAA4deoUVCoVUlNT4e/vD6VSiS+++AK///47Fi9ejLy8PKhUKuTl5WHx4sVISkrC1q1bUVNTo9FuUlISDh06hD///BNVVVXYu3cvJBIJLl26hKVLl2LmzJm4f/8+amtrUVVVhTNnzkAul+OXX36B6pnHBoFAaBrkRTK937O5HPNDAgCASmVQqKWoKNX1dicQCAQCgUAgECyh2XmuGkJRmIW7Td3o1e+R1GsVpgS8gFFI1VhW39gEUSEuUgDFKLgKwBsAJcjqcy+lYrw2hqvf4/2rAB2XdfIqzIJ5YQUIrQd1D1Zh1iH8Sc6/WbA5UtRUP2W83pYkrLI5+mMgNpYePXpAJBIBAHx8fLBs2TKztsvIyMCBAwcwZcoULF++nK6jffv2WLp0KbKysrB//3689tpr8Paun90SCoX4/PPPMWTIEPo7lUqFQ4cOITw8HMuXL4ezszMAgMvlIjIyEtOmTcORI0cwY8YMiMVipnadQGiVODkLoXzKzHR3cW4hqpVVBpNayQuKUVNVDQ6XY7SemppalMvKwOHoL6eqVeGxgWRXjcHJWchYXQQCofVhL3ZFdcXzHT7EXuxquhCBQCC0ApqPuMqVImxsHHwbXUE1clMP4exdZmNzXd18HrmrB2DAgjHY++UeC5fshyLCWwBUlCILAPZmIDfaA1KXUABqoQEMhR7QIRUFxVMRYKLMpp0R+GhyoGERl9CqUd7bibX/3mlrM1oUHI4zaqpzGK1TU1gFqipvN1thFag7BkwQEhKCGTNmYNasWUhOTsa4cePQu3dvCATmLfW9e/cubt68iWXLltHCKoWzszMGDx6M2bNnIycnR0Nc7dSpk8bfAFBeXo7bt29j9+7d2L17t972XnrpJVRXM7dsmEBorTg5i/A4lxmh8syuYziz65jRMqlHzjeozoaWbwxOziLThQgEI8QnJEImL8Wc6ZPB51s3On58QiJu3LqDeTOnwsfLEzJ5Kdau34TIiB4Y9sJAq7bdGA4eScHZ85ewcN4sSMQts6/xJC54mp9hazNsCk/iYmsTWhSZ2TlYv3kbJsXFIjS4q8Fy2v2Zaaxdvy1pirHP3PNIaF00H3HVzhXBfS2b2aqQZuLs3SsMGUSxB0fTIzAlIAKzQvZg01VKrByAj2Zm4v3NlCg6BrNmZmLTZvX4qR6ImBmKvc++C5k5vi4x1g4qDuoerD3hizXRU7FwVOozT9hnCbMqbuKoGZ6xWWUVQEBdIq264nWeqsIL9Z61Ib18IEAuMkhGKwLBLNgMCYsU2sIqANjZd0E7961gsyVobsIqwNwxEAgE+PTTTxEVFYWvv/4a69evh7+/P5YsWYLXX38dPJ7xl0kqLqqPj4/e352czF8yXFlZicLC5plcgkBoaTgy7LXp090Xwja6HuNlj+XIu/MAncL8YWfAs5WiSlmFe1duoa2nC9p46r7QV5Q9RcbFm4zZzNQxUCiU2Lh1B+5l6sYmdJaIGywuHTySgvyCQkybNJ4R+1o6mdk5+ClpD+bOnNJiRTp1GnN+FQolZPJS+l9C02AvbtnCIovFgaNHAJSyQjzJa1z2aKaPwcEjKThwOJn++3kcI63dn1vTeNFSz3VLtft5x+biavrdAlQF+MD447J5VDGYpECdq5sTka6xtP57vH91DBau1kx8VZELhCBVzTk0F1kYr1ZGLTEWxd7VWITFWBP9JdZEU5sdx6IvzfOKpWwbsPpLDACQe/M4Mi7chLd6fahA+o7VINoqgWAeTC6Jt+MFwVE0XkNYrYMDNtuwgGnrGKtMHgMej4exY8filVdeQUFBAXbs2IH33nsPxcXFWLhwocElvEDd8n4AyMzMRL9+/XR+Ly8vN9sOLpcLoVCImTNn4uuvv4aDg0PDd4ZAIABg3mvTw88b0ROG6IQGeHAzEz+89z9EjX8B7Tsb954pznuEwsyH6P/qi/DrHaTxW211Dc7vP8mouMr0MQgPCWLkRSq/gEwiqSOTl0KhbD3pPBtzfvl8HhbMnWkFawjG4EmstCRepUJl2SNUP5WD38YTbDt+o6qprVJA8TgHXAcx7IVtAZbmZL+9xBUBUz7F4+vJuPx5XKPaYPIYxCck4n7WA6xctpgWUw8eScHa9ZsaJLC29DHS2v25NY0XLfVct1S7n3dsLq4qkr/CP5NNl2sa9mDtYn2iZio2LU81s6wmBZuXYpOpQntXY5Ex5ZOOn6oPfbYBe4mSSiA0Go4R0bPBdXHagc12Qm3NI5Q8/hQ8fhicROMBI1NKthZWAYDDYeZhmEo0xeFwwGKx4ObmhoULF6KkpARHjx7F9OnT0aZNG4Pbd+7cGYGBgTh+/DjGjBkDR0dH+jeqjr59+8LT0/SSJScnJwQGBmL79u24ceMGevbsafkOEgjPKU4SZj1XL/xxCl16dUWHrh01vhdKRXDv0gHFeUUmxdXSRzIU5xVB4qo7pjzOK8KVw+cYtVniwuwqBwKB0LqwxGuzsvQRoFLpCJ6q2hrkn0lC2nfzAABtug9GtxlfgSd1b1D9yuI8/L3lXTy+dhQAEPTmerj1jQOLrTvhre87cxG07dDobdXJzM7BjVt3MCkuVkNEHfbCwGYZ1oJAIDx/2FxcJRAIhOYG174zc3Vx3cFi2aOmthBVyjTw+GFGyzcHYRUAuHaWPwyrVCr8/PPP+PXXX/HBBx8gLCwMHA4Hf//9N5KTk9GhQwdwuZq3oRMnTqBnz55QqVTgcrnw9fXF8OHDsWbNGojFYixcuBDt27fHw4cPsXbtWiQlJWHVqlVmiascDgejRo3C9u3bMXPmTHz66aeIiYmBvb09SkpKsGvXLkRFRcHf39/ifScQWjtunTwYra+yQomTif+HkfPHQ9RWQn/vIHKEi3d7PM4tQk11jcGkVqpaFYoe5KNLRDc4agm/iicVuLD/FB49KGDU5raeTZuoJT4hEQAwqH9frN+8DQpFnTfmjMkTEBrclY4jVyKTAwAuX03TWTIbn5CIy1fTAOgup6WWIarXT9UNAKnXb2DLjl8wfEiMhphBhTWQiEW05y1VlkLbKzf1+g0kJO3WiOenrx5TNlFQ8e2oY9LJxwtzpk/Gz7/9Tu/v8o9Xaxwv7eOh/Zup9rWPtynPY+3wD+EhQXrLGarX1PnVPub6zq+pGKbabZhacq19/LSPgalr1lBdnXy8WkWcR5F3cKO3vbdnDRw9/CHs0E1DYK0oysK939fSfz++dhT5f+2G10tvgsUx79VeVVON/L9208IqANz7fS3EXSLg4NpJt3xtTaP3w9Hdr9Hb6uNhQaHJGJaN7UPq6IuHrC+OJnWNh3UP0uh/+q5xQ/YZskE9BAI1plG2aPfnzOwcbNnxCybFxeLgkWP0OKNvu/TbGRj2wiBs+fEXuk9qj+uG6p8xeQKOnTyj0Ve1Y0Zrh26g0DdGGqqXKmvsGOg7luaca3XUx01950F73ObzeXrj0KrXw+fzMGJIjM7+ax8X7WOub3+0r1Fz7SHYBiKuEggEghY8fgjqPEurLK6Lw20HwA411fkAgNqaYlRVZoLF4oLNkYLNro8x2FyEVRbLATx+KAP1sODl5YU7d+4gIiJC4zehUIi3336bTlIVGhqKwMBALF26FEuXLoVQKMThw4fRp08fLFmyBBkZGVi9ejVWr16tUU9cXBymT59uNLSAOj169MCqVaswe/ZsDBs2TMemLVu2EHGVQDADn5Au4HA5qKlu/Eu3NncvpeNU4hHETB0BvmNd0js7nj3c/bxw41Qqwl7srTcuKwAon1Yg52Ym3Lt0AN+pPmFedWUVLv5xGpcOnmHMTgDgOfDRMaQLo3Waw+WraZDJS7Fy6WLw+TzEJyRi176D8PHyhEQswtKF83UESkBTuPzm8xUA9C+nvZeZDYVCSdevTmhwV4SHBCH9dgYGRUXSv+cXFqG4RIbYkUMB1L9kUuIC1faXGzY3KnGTMZuAupfRrT/+ipjofvSLanxCIo6dOotpk8bDzdVFr6iovcSYEk4eFhRqvPDqa19bZKH2MT4hUa/ASv0OAF+sWAY+n0cfp04+XnQ5U/UaOr+p129g176D9L5Q2+3ef8jsUBMKhRLxCYno6N0BK5YuAlB3jRiqgxKVqOuJsj31+g0NUcnUNWvsXAj4jVvu3lyQdu0PFtcequrKBm/7JO8WLqwcgTbBg+DkEQCfEfPB4TtBVV2Fp/l3NcrWVD4FVLUAANntc8hJ/kFvnZ4x/4DErzegqq3bRo2n+Xehqq577q1RlCPzj3WoKMqCqrYGZVlp+qozCVcghLRbtOmCZuDm0g7ubq60OGXIW7WxfcgSKEFQfWxVHwPVMbefURNZ33y+gt6nY6fOGvXSVSiV2PLjLzpJ6zZu3aEx9t7LzMbBI8foPqkuDJqqf8267zFj8gRMmzRer10Hj6Qg+cRpLJr/Bny8PHXuB+bUS21z+WoafQyofVFvq7Hnmooje+BwMsJDgjTqVz8PhsZtylbtiUftex4lXFNl1I+LTF6KDZu3I9DPV0MYNec+bsoegu1g29oAAoFAaH7YwZ7fnZGaOFxXALWorZUBAJ6W/4HHBW/hUf4cVFfdo8s1F2EVAOz5IWBq7i06OhrJycn497//DW9vbwiFQgwdOhS7du3ChAkTwHrmjdG1a1esW7cO/fv3BwBERERApVIBAFxdXZGQkIANGzagd+/eAIDevXtjw4YNiI+Ph6ur+d5jLBYLEydOxMmTJzFt2jRIpVIIhULExcUhJSUF48aNY2S/CYTWDofLgXewL+P1Xjp4BqcTj0D5RAEAYLFZ8PDzRt6dB8i/l2twu+KHj3H7/N/oENiR9m6trqzClf87h2M7DjBup3ewL9gGvGgby+WraXjrvQ/oz5IPPkZmdo5GGW3PnUH9+6JCodApp82xU2dRIpPTAigADIqKhLNErLEti8XCxHGjDQqgYd2DkJdfgPzCIvq7m7czIHWWwM2lHWTyUuzadxDDh8TQL3p8Pg+xI4ciL78A6Xfu6q3XGKZskslLoVKpEOhXfz1OmzTeqEiQev0Gbty6g+mvv0oLfD5enoiJ7oez5y9pJHHRbl+hUGL3/kPo6t9FZx8f5hfqTQBz7NRZ5OUXIHbkULoeSqymaEy9FKHBXbFi6SJ6X/h8Hgb174v7WQ/MTkijUCpRIpMjrHu9TcNeGGhQgJo2abzGbz5enujq3wVXrmkKcaau2dTrN3D5ahpeeXmYzrlo6bC49pAGRjV6+xpFOQov7IMs4wKqFXUx5nkSV7hFjtUoJ/IJAYtrDwB4WnAPD08n6v08LbhH2yXyCdGowy1yLB0ftVpRDlnGBTw8nYj8s781OpmVc2AUWBwmMqvUXdNzpk9GJx8vHDicjLfe+4AW+Cks6UOW0MnHCxPHjqb/HhQViU4+Xjp9ATC/n82YPIEew6i+lX47Q0Ow08ekuFharJOIRXjl5WE6Y7azRIxpk8brjEXm1K8u4mnbpVAokX47A139u9A2BHTpbPBYGKvXWSJGeEgQfQwkYhE6enfQaMvScz18SAx93CViESIjemiMmdR9U9+xOnbyDJ3wa9e+gwgPCdKxQ/2e9bCgEO5urnBzaUe3t3TR/AZ5nJpjD8G2EM9VK3F181IssrURBAKh0fAFfVGpuGRRHSyWAGxOWwBsCBwGo6ZGjnL5D2CxBODxw8Fi1cUPbU7CKgDw+MzGInV3d8eqVauwatUqg2VYLBZiYmIQE6O7jAYAHB0dMWfOHMyZM8dke8uXL8fy5cuNthUSEoKtW7eaNp5AIBgkIDIY96407qXbGGd2HUNZcSlipo6AqK0EUve26D6oJ64fuwTPAB8IhJrJ6KqVVUg/cw0dQ/zg4t0eAPBEVo4zvx3FX3uOM24fAPj2CGC8TqYSWmlDvfB29O6g4bnJ5/MgEYvMWmZL4ePlCQGfj5u3M+Dj5UnXHeDnCz6fh/Q7d1Eik6O9q2asScrr7Mq1NMa9a9xc2kHqLGmQ986Va2kQ8Pk6y3AD/XyRfOI0MrNzDNaTX1iEvPwCDOrfV+N7qi6ZvFSn3nytF+vG1mtse6qM+pJSPp+n1x59UOKFvtAPxtAOR9DJxwsKhdJsD+WHBYVwlohb7bJWlx7D8fi6ZQlGitNSUFFwHzyJG7iOEvhN/C8cXDtBUZwH114j0Sa47tmpRlEO+d3LBuuR370M114vg8N3QpvgGIQt+hkFF/aDL3WHZ8xUcB3rQrJUFNxHcVqKRTYDQNvugy2uQx31REtUGAnKu3HYCwMZ6UNM2SkRi+qS6Wn1hcb2s8aivu/GcHN1wf2sB1Aoze+7DcHN1fz4w3weD84S/atUKKx9rql7m7NEDD5P83iEdQ9CQtJuWrCuUCg0xHJ9UPeWVWvXNSj5WkPtaa3jaEuBiKsEAoGgB56gJ1BiWR12vACwnwmoYNnDSTQejsLRYLF4oBYONDdhFXi27wQCgWCCzuHMC4wU11MuIfN6BgZPHQn/PkEIGhCOnz78Hr4XAhA8sAdY7GeLr1QqPLh5Hxf+OIWX33oVPAce0s9cw5ldx5B7K8tq9llz360FJURoYyj2pz4o7x4qNAAVEkDda5QSFvRBiQ1MQgku8QmJtMhnjlCt7yWVwhzBWV1QVEdbxKC8myRikVmihbF6DYkF6qIqJTBTcW0bAhVG4cDhZBw4nKw3xiEFJao6S8T0cn4qTmVDyH8mrho6Fy2dNgwJjPf2foluM7zBk7qD59wencf+S+N3VW0NCi/uR85RwxPHOUe3QuLboy5xFYeLtqFD0DZ0iEYZZXEe7u39khGbmdp3fUybNB4Tx47Gxq07kHzitMYY1Jg+xDTGxMqG9DNLkYhFEPD5Jse09q4uqFAozJ6M0QflMZ+QtBuZ2Tnw8fJE+p27tNe+NbD2uTY0blPjuno5Y/h4eWLZorewdv0mvfG/mbaHYBuIuEogEAh64HBcweF6oqba+FJLY7BZTmCx1JdDscFi8aBSPUVN9SNUVz+A8ulfqHh61GAdTQ2H6wkOp2mTtBAIhJaJxFWKNh7t8Di3yHThRlD2WI49axMgbCNG8MAe8AzwwcFvd0Hg5IDOPQLBYgHZf9/Doe93o0PXjih++Aib3l3LeOIqbdp4tIPEVWrVNqwBU56xgX6+OHPuIvILizRCAlAYe8kzV2BsDNQydXVPSmP7WyKTG/TS0va81UdDX4z1ebE1tF5DwvTu/YcAgBY5LYHKvk7FM9SO1whAYyksE9eUsXPR0hG084KDmy+e5mdYVM/ja0dx59cV6PzKPyFw8dFIclVbpUDBhX24ue2fJuu5ue2fAJsD114vg22nFtNWpUJFYSbu7vpMI9FVY3Fw84WgnZfpghZALb9ev3mbhijYmD7ENKYmDQz1M6aRyUtRoVCYHNMeFhTq9eZvKNTqhjXrvgdg/YRL1j7XhsZtbe9kc4RNiVhEx9mlJgOZuo8Ym9QkNB1EXCUQCAQD8AQ98bSs8eKqouIkOKUusOcFoaa6AJXK61AqLkOlqmDQSmbhCyJtbQKBQGhBdO4RaDVxlaLssRxnfqtfVvvLyi06ZR49KMDdS+lWtYPCv0/jM4BbG30vWHw+DwF+vnQsUUtfwKhl+DdvZyC/oJAOCQDUx8rT9pIytITTGlAx6KiXUH2iQlj3INy4dUfneNy8nQEBn29UCGhoiAP1429MQDSnXmMv0NphHyxFPQatIbtNLYU1B0PnojXRNmQwsi0UVwHg4ZkkFF4+iPb94iDx7QUW1x6V8gI8PL0TpfevmFVHjaIcaRtnI/vQd2jfbxzsxa5QVVc+i7GahJpnsV0txaXncEbqaQiW9iGmkMlLcT/rATp6dzA5YaDdz5jm5u26687YPhtbct5Qdu8/pJGsy1pY+1wbG7evXEujw7xIxCK99zxTxI4civtZD/RuZ+o+bswegm0hCa0IBALBAI7CWACWBeJ/UvYbSh79F6Wyb6GoON2shVXADg7CkbY2gkAgtCB6j4oGx+75mavn2HHRc3jzTrRDLUdV96ShklfFJyRqePOknDrbYO8eaunnmXMXcS8zW2M5LpVA5cDhZKRevwGgPsmMu5srArp0BlDv3XTs5Bm6THxCIopLZA3e39TrN/Dlhs30flDCBiX6SsQinaRfocFd0dW/C7b++Ct9nDKzc5B84jQiI3oYfSGnvOVu3LqDg0fq41LK5KX464L+eJeBfr6oUChoD1PKbvUwDebWq+/8an+nHQfVHDKzc7BqzTq6DkOxeoH6mIjqSWqoGJgNhboWdu8/RJ9D6ly0Frxemg22HTNeuTWKcuQcjUfad3Nxff1M3PpxmdnCqjql96/g1o/LcH39TKR9Nxc5R+MZE1bZdjx0GDydkboo4hMS8dZ7H2j0De2xxZI+pE1Y9yDcy8ymk/BlZucgIWmP3rLq5YB6T3J9S+Eb0s8ag3piI6ofxUT305gwKpHJcVbteOhLuNfcYfJcG0LffZMatwf170vfXzp6d6BjdQP116X6vTU+IVHDzszsHFQoFBr3T3XMvY9r20OwLc/P0zCBQCA0EA7HFQ7CEXhapv9hqrXhIBxBQgIQCIQGIXGVosewvji/94StTWkSegzrC7GLs1Xq1hcTtTFLKgdFRSL9doZOXDcqLumSDz6my7Z3dUGAny/c+A3zePHx8gSLxYKzRKzjLRMa3BUzJk/QEPe0l49TIuyWHb/g8tU0ej8psbWhSMQijf1SzzJNeYZpx2OdNmk84hMS6eMEmL/UXz1+3oHD9V7VfSN6IDS4m85Lrnr5t977gLZj+JAYpN/OaFC9+s6v9nfhIUFYNP8NowIrJQocOJyM9q4u4PN421Ve+gAAIABJREFUCPT31Tge2lnQKdSXY1P7M2PyBLi5umjsjzlIxCIsXTgfG7fuoM9hJx8vjH15GA7837EG1dVcEbTzgmfMP5D953e2NqVJ8Iz5B/htOzBWn0KhROzIoQjrHoQtO37R6BvaY0tj+5B2v6c84Kk+1MnHCzMmv4oNm7fr2NfJxwtnz1+iyzpLxAaTFikUSrP7WWPw8fLE8lWrafFNX9IsZ4kYMpmc7rtMLt2PHTlUY5yjsEZ4gMaea3Nt4PN5mDN9ssbYxOfzsGj+Gxp1TJs0HgePpGiEQpgUF0snFpTJSxHWPQi79h3UsNOYLYauUXPsIdgOVs++A1W2NoJAILQOPvloBThcLuy4XNjZ2YHD5YLL4YLD4YDN4YDL5YDNZoPD4YAFFlisug9Y9f/X/gDQ+H9tbS2qqqpQXl6GAF8f+ndt9H3XGGprZSjKmw6V6ikj9TVXWCwHtHOPB5ttPDsngUAgaPNEVo71b66C8qnC1qZYFXsBD29tWgYHsZOtTbE5CoUSG7fuQICfr9WzXRMIrYHK0iKcXtwL1RVltjbFqnD4QkStuQh7UVtbm9IkUEncrJWQylyo2K2T4mKNThAdPJKCs+cvNSpjvSmo+8Kg/n11bGgux4nQMkjPyIRQKKrTEzgcq7dnx6pmpB4SFoBAIBCMwGZLnoUHaN04iV4lwiqBQGgUjhIn9B4dbWszrE5U3AtEWH1GfmERiktkBpc0EggETexF7eA1dI6tzbA6HUe9+9wIqwRNqPtCa42dTCCYgoirBAKBYAJH0Viw2RJbm2E12GwxHEWv2NoMAoHQgukzZiAcJa1XeHQQO6HPmAG2NqNZQMWT6+TjRZYiEggNwHvYXNiLWm/SGXtRW3g/BwIyQT8SsQgsFksnvMvBIykkLijhuYDEXCUQCAQTsFgOELdZjJKi5QBaWyQVFiRt/gVLE3cRCITnG54DH6PffQ0//XcToGpl4ySLhVcWv/5cJe7SB7Xk815mtk6cQwKBYBquQIigN9fj8upXW+U4GTznO8YSdxFaHhKxCAvnzdKJueosEWPlssXEo5XQ6iExVwkEAmO0xpir6jwp/RVl8njG67UlQsmbz0XYAwKB0DScTjqK5O1/2NoMRhkyczR6jyZeqwQCgRnu7/sKGYkrbW0Go/hP+ui5CHtAIBCsD4m5SiAQCK0cR9GrEDgOs7UZjOHgNJwIqwQCgVH6xQ1G+Et9bG0GY4QPjSTCKoFAYJSOL78Lj0FTbG0GY3gOmkqEVQKB8NxDxFUCgUBoAGLpfNjxutnaDIuxsw+EyHmerc0gEAitkGFzxqFD1462NsNiPAO8MWz2WFubQSAQWiGBU7+AxK+3rc2wGLFvTwRM/dzWZhAIBILNIeIqgUAgNAgOnNt+ADan5WZCZXPaQtruvwCsv8yCQCA8f7A5bIxfNh2iti03EaCwjRgTls8Em0MelQkEAvOwOFyEvrsDPKm7rU1pNDxnd4Qt+hkszvMdj5pAIBAAIq4SCARCg2GzxXXiJMve1qY0GBbLAdJ2K8Fik6DyBALBejiIHPHq8hng2re8ZHn2Ah5e+/ANCESOtjaFQCC0YuyEbRC28Cew7fi2NqXBcPhChC/5FXZOUlubQiAQCM0CIq4SCARCI+DadYarewLseWG2NsVs7HkhcHHfBq5dy1+uSyAQmj9unTzw7g//QceQLrY2xWx8uvvi7S3L4eLT3tamEAitHoVCiS83bMYHq9ZAJi+1tTk2QegdjOj/pUHareXEdpZ27Y/+X16BU4eutjYFB4+kNPj60d4mMzsHSz74GPEJidYys0mRyUvxwao1OHgkxdamEAjPFURcJRAIhEbCYgshdfkYDk4jbG2KSQSOQyF1+QQsttDWphAIhOcIgdABk1bMRo9hfW1tiknChvTG6yvnQCB0sLUpVuHgkRSriAcyeSlWrVmHzOwcxutu6ZBjYxyFUokSmRwVCsVzK64CgJ2TM3r8cyc8Y/5ha1NM4jHwdfT41y7YOTnb2hTGkMlLoVAo6X8Jjcda9xlrQMZnAtOQACkEAoFgEWyInN8C164TSks2Aqi2tUFacCGWzofAcaitDTGKTF6Ktes3ITKiB4a9MNDW5jQJLWmfU6/fwJYdv2D4kBjaVsr+EpkcfD4P82ZOhY+Xp8m6MrNzsH7zNkyKi0VosPleL43drjkQn5CIy1fTAEDjGD4vsNgsDJ87Dq4d3XHo+92ora6xtUkasLkcDJ8zDmFDWn5yGWPkFxRapV6ZvBQVCoVV6m7pkGNjHIlYhBVLF9najOYBi43AaWsg9A5G+vZ/QVVTZWuLNGBx7BD4j9XwGPi6rU1hnNDgrvjm8xW2NqNVYK37jDUg4zOBaYi4SiAQCAzg4DQCPH4ISku+hVJx0dbmAAB4/J4QOc8Gh2ta8GoK1AUmAHCWiLFw3ixIxCT+a3MiPiERbq4uGgLgw2cPy+oPzbv3HwIArFy2mPFzqM+Glkrq9Ru4fDUNMyZPaHGiMNP0GNYXPsG++HPTHty9nG5rcwAAncMD8NKsMWjj6WJrUwgEAgGeMf+ANLAf0n9cisfXkm1tDgCgTfcYBLy+Cg7tW06IFwKBQGhqiLhKIBAIDMHhesK53UdQKi6itORb1FTbZpkJh+sJkfNs8Pg9bdK+NpSHo7NEjC9WLAOfzwNQJ6DFJyRizvTJNraQQEEti3Nz1RSahr0wUEPopMp19O7AuLBqyIaWysOCQjhLxGZ59T4PtPF0wWv/fQN3L6fjz0178DjHNl4ubTxd8NKsMegcHmCT9tWhxshXXh6GK9fS6Eko7QmozOwc/JS0B9Mnv4qfd/6Oe5nZCA8JwrRJ46FQKLFx6w7cy8wGAA1vcnUvcwC4fDVNp271yS99E1/adVBlzl64jAOH6wSgNeu+B6Drna3P8x0AbbNELMK0SeN17ACgMymRev0GEpJ2a3jKG6rHzdUF7V1dsGXHL0a96w8eSaH3Qd1+Q97y8QmJkMlLMWf6ZPD5vEYfG+q4UFDnUt918bCgkK6rk48X5kyfjPQ7d+ntzTln2vUbOkYAsH7zNnp5NNUede82dv4MnSNDx1jf8czMzsGWHb9gxuQJOHbyDH096LND+3rRV39LxKF9F4QvScLja8lI/3Epnj68YzM7Al5fhTbdY2zSvj7Uz3knHy+D91ZTY5o66iuJBkVFYuPWHQCgc70dPJKC5BOnDY6t5vYxfTabGvsOHklBfkEhBvXvS/dPqgw1VlF9duyoYXr3U7uc9mqkDZu347W4MXS/o/pcfmGRyTHB1H3G2D3KGGR8btz4TLANRFwlEAgEhuHxe6Jd++/wtHw/yuQ/QlVb1iTtsthCCEWT4CB8GQCnSdo0h937D8FZIta5+as/RCiUJMYVgfA80Tk8ALPXvYeLB07j+E9/QlH+tEna5Ts5IHriEPQaEQU2p3mlHqAEJXWxdO36TRovZRUKBbbs+BWT4sboiIsA6Ams1Os3sGbd9/TL99KF8/UKYeoCGbUs9uCRFI12qZfYrv5d6CXcB4+kYPf+Q5g2aTzau7roiGnqhAZ3RXhIENJvZ2BQVCR9H8gvLEJxiQyxI+vC1sQnJOJ+1gPaG55q92FBYaOEsjPnLqKrfxejy33jExJx49YdLJr/Bi2WbNi8HYF+vma1oVAoEZ+QiI7eHRp0bKgXd+r8UOfhyw2bde6VlDD9zecr6GOy5IOPER4ShG8+X0FvS7UJ6IZRocrEJyRqnH/tY0S98MdE99MQP4+dOttosTL1+g0knzit9xgbElYUSiV9/U6bNJ7eH3U7tK8XbeGrNdCmewz6fnIKD45uxd1dn6H6iaxJ2uU6StA5dgk6vDATLE7zkQsMjRECPp8uY86YZgw+n4dB/fsiIWk38guLNMbZ9NsZ6OrfBT5eno3uYw3ZL+2x715mNhQKJVYuXUyPEVRZ7T5LiXYU2pMeVF8HQG+nUCqRkLQHI4bE0Psgk5di64+/mhwTJGKRyfsMYPgeZei4kPHZuuMzgVmaz2hJIBAIrQoOHJxGQ+AQg/Ky36B4koKamnzrtMRxA99xIJyEY5tdwqrM7BzcuHUHk+JizZ5VVZ8t1jfba+7st6lZZ8C0p4CxWX59aNenr01T2xnysDBWRvuYaNtqjocRUD8bfi8zGwcOJ+t4LUyKi4WPl6eOd8LwITG0t4c5XkyGUD/e2jaoo+7JYI4HhT6PAAAaHiDUdSQRizS21ffgb65HjHq55R+v1rDVnGvPkJdia4HNYSPi5f4IHtgDf+1OQdqJy5AVFFulLYmrFEHR4egTO7DZJqwaPiSGvgb4fB5iRw7F+s3bkJmdQ3+vUCoxdtRwjb507NRZlMjkWDhvFt0PKEHz2MkzCOjS2WCb1Lbq19WgqEik385AZnYOArp0xu79h+Du5oqJY0fTZRr6IhfWPUhHrLh5OwNSZwncXNoh9foN3Lh1h+6DAODj5YmY6H44e/4SInuFN9hLXuosoYVbfaiH7KBskohFWLpoPgCYleSESsg0qH99wjZTx0YmL8WufQcNnu/0O3c1xgL1sdzNpR3c3VwBgD4ffD4PAX6+OHv+EmTyUvB5POzefwhd/bvo1P9T0h7I5KX0sdQ+RjJ5KVQqlYZ4YemY87CgEO5urnBzaQdA8xgbQ31M9PHyRFf/LrRAr1AqcT/rASIjetD7EtkrHGfPX8LN2xmtRlwFABaHC68hb6B93zhkHVyP/LO7UFGUZZW2BO284Rb5CryHzWt2CavU+6u+MYLC1JhmTniegC6d4e7mqnEtqfd1hULZ6D6mb7/MHftYLBYmjhtNj/OUHe5urhgUFUnXGTtyKO5nPaD/psacmOh+GmPdKy8Pw7GTZzS2DQ8J0jhGTIwJ5tyjtN8RyPjcNOMzgVmIuEogEAhWhMUWQij+B4Tif6C6KgOKp6eheHoK1dUPTG9sBC63A/gOUeA79APXzrwZXFtw83YGAJj9UnzgcDI920sJZOqzvebOfpsz63zwSIqOp8BPSXvg4+UJiVhk1iy/OpRgR80wU0Jh6vUbRh/mDxxONuqtZsoLg8/jYePWHQjw88WCuTPp/U9I2m3UM0gbHy9PLFv0lskkW4a8E5jIsGuODfq8BNRn7c31CLh8NQ0yeSlWLl0MANi4dQfWrPteQyw9eCQFu/YdpK+JhnrETJs0Hm6uLjh7/pLOEmxzvFT0eSm2RgRCBwyaMhyDpgxH/t1cpJ+9hpunr+KRhSED2nq6ILBfCAIiu8OtswdD1jYdErEIAj4fDwsKDY4hlDeVs0QMPk/z5VRd0KSELX3baof34PN5kIhFeFhQCIlYhLz8AsRE97No2aGPlycEfD4tVlBtB/j5gs/n4cq1NAj4fJ0+FOjni+QTp80WRRrClWtpFofskIhF6OjdQW/YA0NkZuegRCZHe63QJ9SL+ZVraQb3lTo3MnmpwfrzC4uQl1+gIShQtgLQeHnXxs2lHaTOEpMeZQ2BOoer1q5rkjjr2se1tWDn5AzfuPfhG/c+yjKvoeDifhRe2IcnebctqtfR3Q8uvV6Ga8+REPp0Z8ha5jEnxI45Y5o51zQliKl721Nino+Xp0V9TBtLxj5KPIyM6GF0fM7MzkGFQqHj8SkRi1BRoTC6eszSMcHce5T2eSXjsy7WGJ8JzNK8xVW+C7w9RHDxDoM3snAlqwBluVkoJEndCARCC4Rr5wsnsS+cxFNRXf0Ayoq/UFNdhNpaOWprSuv+rS1FbU2dxxybIwabLQKbLQabU/cvh9sOPEEfcLkdbLw35qPvodEQ6g8/ErEIkRE96NleiVhk1uy3Qqk0a9Y5v6BQ4wHcx8uTnhE3Z5Zf+0FWe/aY8rQx9iBG7bMxbzVzvDAoUZVCn9dFa8GYNxMAsz0CtD1eA/x8kZdfgOmvv0qX0X65YcIjpiFeKvq8FFs7bp094NbZAwNfH4ZHOYW4ff5vlBaW4GnpEzwtLX/2b90HABxEjmofJziIHCFycYZfRDe0beFJqvg8HpwlYrOyL0vEIr0v13QMYz3iKsXlq2l641aGhwTRL+OWClbUeE71VSokgPrLvr6XbwpzRZGGYqxNc6EmUQ4cTtbwtjcmdlAv4fqQyUsZmaxSX7mhXb8xuxbMnYn4hER6e0s95tUnzZZ/vBqA/hUBDUH9+YAaM89euEy319oR+nSH0Kc7fMctxZO82yi68icUj3NQVfYYlWXF9f+WPwYA2Dm1gb1QCjth/b/8Np5oF/YSHN39bLw35pH/TFw1p78aG9PMJdDPF2fOXaSFvyvX0uhnRqoPNaaP6aOxYx+V7d6c8VmhUNKxRdWh4pIaGo+YGhNM3aP0QcZnXbuYHp8JzNIsxVVhaCwmD4mAr6tA7dt+oPT9ioIMnD+8Db+nNk0cQwKBQGAaLrcDuMKWI5A2B8yd/ZbJS82adQ7rHoQtO37RCHxPYc4sv6EHM+1wBJ18vOhl5+ag7q0W0KVzg7wwtAP/W9tDqLlhiUeAqZcTpjxibOGh11Jp6+nS4gVSS6C8kgLMiC9HvfBpjzPGXhIpjL2cUd5aTIib6mKFekgAihKZ3ODYai1vRGNtNgQq6R/lhb5x6w6jyRqNCQqUCGFpLHJLBMxpk8Zj2qTxGvczS17gJWIRHfOQEgYsFVipMZMSbE0lLWqtOLr7tRiB1FLM7a9MCE6Ul+DN2xmQiEW4n/UAr7ysmSiKKe9BS8c+c8ZnUwmkTAnClo4JjblHkfFZP0yPzwTmaGbiqjei58zAGF/jN0WBqy8GTF6JsMjdiN94HNaJOkMgEAgEJqhQKBq0RMoU5sx+mzPrHBrcFYvmv0EHn9d+8GzoLD/1kOMsEdPLvamspQ1Bn7eaKS8MSlTt5OOFL1YsAwA6fMLzCFPeJPpgwiPGFh56hJaHoeWJ6qjHc9N+Cb1yLY2OdalvTNSOBadvzKQmpbSTUakjEYvM8i5SFyvyCwrpkABA3QTZjVt3dOy4eTsDAj7fKt6IYd2DcPlqGqMTGupe6AqlUu+x8fHyhLNErNPXDU0ONRRzlq+aC7UyxJAw0hioeJCWjHVUrEn1xC6E1o2hMUIdc8Y0c1EPDeCstsoEYLaPWTL2UXaYWt2gHZbFEoyNCabuM8buUdqQ8dk01hifCZbRjNKkemP0wvl6hdWqqqq6j9b3It9YzF0YC++mMZBAaJHwOo3Dwk++xH9mR8PL1sYQnjsoz08mRC0KQ0ty1B/qzJl1Buoeor5YsQxfrFgGdzdXejk+Vd+i+W/gm89XaHy+WLFM5+GUCiMQHhKEFUsXWfRAT3mruakJKlQcWu0PlUU5+cRpDB8SgwVzZ5KHK9R5BOg7Xkw8oBs7F+ZCeWPoo7XGCySYhhIEAM0xxdR1OygqEs4SMeITEumxkUoGMqh/X3pMcHN1wf2sBxpjo75tASDl1Fn6ZW1Q/764l5mNY6fO0r+nXr+B1Os3ANSNqSwWi46xbQiqrjPnLuJeZrbGyoDQ4K7o6t8FW3/8lbaPGtvUkxZRIsGxk2cA1GeDLi5peBb1gC6d0cnHC7v2HaTbpEQ7hUJJvwQfO3mGPjbxCYnIy68XMjKzc7BqzTqN7dU93PUdGyrEzIHDyfQxVE9MYywBmTlQoVBu3LqDg0dS6O9l8lL89WzpvCFSr9/Alxs20/srk5fiftYDDSFcvZ0AP1/cuHWHvm+mXr+B3/Ye0BAs4hMSNewwtDKEQDAG1fep/gnUjxHqmBrTGkKgny+KS2T443CyxqoVS/qYNuaOffqg+uDlq2n0WALUhUeiknIC+sccqp3023eN2teQMQEw/z6j7x6lDhmfdWnouSA0Pc3Ec1WAXrNmYICHndp3VShOP4SfdxzFXTrGqhD+MVMxcYQvqGHGzmMAps3KxaebzqP5hWIdg4WrB0Cavg3vb061tTGE5xBep3GYN6sfPOwA+A7FSyEnsOmqra0iPE+oP/zoywbaEMyd/ZaIRQ2edVaPdSqTlzZ6lj+su/nei4ZQ91Yz1wuDz+Mx8qJKec3aEktsYNIjQMcuhjxibOGhR2gZBPr5Yu36TfRLsblLW/l8HuZMn4yNW3dgyQcf098tmv+GxvVExQfWjntJxXCjtgXqRP4AP1+48dtpePlTYUecJWKEde+GgC6d6ZfRLTt+MRnTzsfLEywWC84SsY630rRJ4xGfkEjbp24jhXpbl6+m0SsOKLG1IajHr1Nvs6t/F2Rm5yDArzN9X6COzYzJE+DmWoj0Zy/jCoUSgf6+Gtt38vGiM0UbOjahwV0xY/IEDS97JmPnqcc5VQ8V0zeiB0KDuxm9F0vEIo1rITwkyKB3KHVNUas8wkOCNPZLJi9FWPcg7Np3UMMO9QzgjUH9nq1eL/D8hgdo7agn06Suz04+Xhj78jAc+L9jdDn1fm1oTKNCSsQnJBpdHk5529/LzNZ5vrOkj2ljzthniGEvDER7VxeNsWRS3BgdBwP1cZwqy+fz0DeiBwL8jAuGjRkTtO8z5tyj1CHjs34aci4ITQ+rZ9+BKlsbAf8peP+NcEjpL6qQe2Id1vyuf8E/v+eb+NfEQNTfMotx5fsV2HHLUkOMiaGNEUqJuEqwHRrCKoDS9J/w6eYLsDwEt2E++WgFOFwu7Lhc2NnZgcPlgsvhgsPhgM3hgMvlgM1mg8PhgAUWWKy6D1j1/9f+AND4f21tLaqqqlBeXoYAXx/6d230fUewDTJ5Kdau3wRniVjjhTs+IVEjsY++DPEHj6RoZFqnsrUDoOuiluOrP4hqf6e9HVC3bH5Q/770Ntpt6as3MzsHCoVS50FUPYs89fAVn5CIy1fTDAoN1HGpUCjocATUdx29O9D16NtnoM4Lo0/PcCiUSo1jR5W/l5mt8TB48EgKkk+cptuiPIwAzRddKpSBeltUnKpJcbEax1N9f81tQ7sufZhjg6GyVDn15aIyeSnSb2egT69wg/WnXr+BhKTdGqEhDO23oXOh74FY+7qi2r+f9YD+Tp/N5hwnQuuA6vfa419rhOpDAX6+rX5fCdZDJi/Fhs3b8VrcGA1xxtC9iUAgEAgth/SMTAiFojo9gcOxent2rGpG6mkWnqsxLwWrCasAqnJxJblOWOUHxeGN0eFwRQGu/P4ddqZVQHHxO5zo+wVGelOerlIEvTQYuHW0qU0nEJolthBWCQRDUIkstL0InCViLFv0lkbmVVOY66FlatY5v7AIkb3CkZC0W2MGXz2De0Nm+dW9aN567wMA1Ay6Cz2Drnd/eDy8Nm4Mdu8/hHuZ2Tp2UnUb9cJwaacx827Ik8uUhxFF7MihWLt+k0YcWnMxpw3KuzQhaTckYpFerwVLbGDSm0QbczxizMESLxUCoSWTX1iE4hIZWRJOsIjM7Bw6ZiKBQCAQCM2BZuC5Ohhvf/oyfOy0vq4qxvXDNyEdUi8QoeA0Vn6ehBIAobM+wZQAgVr5DOz51zqcsMgW4rlKaAW0G4OFCwfYRFglnqsEAoFAIDSM58VzlXgVEphCn7c/oLkihoRYIRAIhJYJ8VxtLEE+kGoLqwBgJ0XwiH71f5dm4uhv+1ECABDAQ8DVKe/dGYDxmMzME/IGPpocCErmrTAhpIbMXIUp3pnYvhOIa8B2BAKBQCAQCARCS8NQqBICobH4eHli3sypOjFXO/l4YeXSxSS5C4FAIBCaHNuLq1wu9Gmr9VSh4MJ2fP3LdTphFb/nFPTy1t5KAIHQKhYaZtRirImWIn3HgmdJgsZg4eqp+GgmjAulgkBMGXcT2xcvwFW6HjO2IxDMoWgP1m/i0mEBRAGv4V8zQcICEAgEAoHQDKFCp7RWqHAaBAKT+Hh54osVy2xtBoFAIBAIAJqDuGqKgvOIp4RVvi9iJr+GlwKkJgRZyxAETMWa1frju1XQ/xuDhdEeqEjfppZ9fQ/WnvDFml4RCEEqDCdlz8Xx5d/X/753NY53/hIDvE1tRyCYh/LeTqzfBCKwEggEAoFAIBAIBAKBQCBYEduLq3llqAAgMPBzRUkWCp/9P3TyDIwMMFgSpXnMmKR/if6z+KnUn6N84YEKpF/QKpdViopoEbyBBomkWWUVgEfDtyMQDKErsMZiSsgFtckAAoHw/+3dfUxVd57H8Q+CuYc/ChezBepQpBYRjc9dTbAdW0ljbOvMlpnRdcuyxrbjpjOa7NROk9UdN3HamWRa6R8jmlGUWJaJSzvV2g50jEGrVTJ2FBBCURkFfChgohd2Eg5h090/9Bzvw7lw7/VeLtD3KzHR+3B+v/PkH5/7Pd8fAAAAAAAPIv7hau9X6h1YoilBMtPk/JdUuuOlkbcz0KO23pE/Fl3Jyi95TztKAiajjPkKKyVt6r0t5U8J+3vAcLwD1oc6P9OfuLYAAAAAAACiJv7hqhr0eXuR8uemOL47dPusKnf8Xi2aq7Wb/0VLHFe/kvrbP9fodysdUFvllqhUAs5PnyLptnoIvxBlg1c+VOm/fxjvaQAAAAAAAEw4k+I9AUm6WNOgG0PO7/W2/F4tpiSzWQdbgpSmDt1QQ01bzObn6Ei7bihZ0xYviMLGFmjJtGRpoF+dUdgaAAAAAAAAgNgbA5WrknoP6cP6XP1k2XcCFqqaMvVpGfpcppK1bOoUhy8P6UZ9tT4e9ZYA9xavWrZOr3+/UaVH7r08f4N+PG2P9h4Z7rvf0ZJXF+jIvb6u819do/zkAbVV7qEjAAAAwLdQ7bETqjlaZ/87zZ2q13/6Y7lT7z/d1dF1XWXlB2Sa95enfKVkrRbMnS1J8vT1q7RsrwqWPKHnnn1m9CYPAADwLTY2wlVJnR/vVGXyv6lkcYZPwJqcW6Rf/edS9ShDGQGdA4bU8+X7Kvs4TvWeR97V5s4NeqvkPe1YZr04oIG2FyUdlnRY7Tee1tP5fgGsbqhTa7Tj3XX2d6LVXgAAgJFYAU3x6iI7lImGUIOdWI0fS7XHTqj+7LmAsAuIhoqqal3tvKZfbn3Dvr5qj51Qadle+5prbG790doFAAAM80lEQVTVvsqDPmGqdS9JGjf3EgAAwEQzZsJVaUAtB3+tXTf+VSUvzJJPa9WUDGX4f3zottr+eEB7TkUzWD2s0jcOh/de0x79xzCh6JH3fianItae8i3aG8kUAQAxVXvshLp7erW+eE28pwLgW6Cj67paL15W8eoin+D+uWefsX+kMM1BHT91Rovmz/EJUXOys/TO9q2jPmcAAADcN4bC1bs6T/1Ob32Zq4IXV2rZzGnKSPFtFDDU36POi5/rT4fP6K9mnCYJAJiwuntGvc8MAOjrnt4Rq089ff0yzUEZhmuUZgUAAICRjLlwVZJktqv+4E7Vx3seAAAAQAxlpj+sqZkZdr9Vp5YahuFSfl6uao7Waff+Sr32cgkBKwAAwBgxNsNVAMC4Z/UHfH5FoU9YYJqD2r2/Uu7UFPvRe+uzlkXz5/g8lt/Y3KqqDw7pp6+uU052VtDtVFRVKzMjXY9kpGtf5UEZhsvnOxb/hWOeX1GogsWLVFq2V3c8fZKk800tPgvKWONd6eiSJMdtDze+/0I0/sfFX0VVtc43tQQ9JrXHTqjtUrv+6Uf/oF3l79vzdtqu9/E1DJdeWFEYdNxQx5cCF9f54fefc9xWqONbx/iOpy+gt6n/NTDS+XC6Ppy24+nr167y9/XS6hd1/NQZnW9q0fSc7JDDK//j5N0PM9hxsnhfXyPdA5i4DMOl114u0e79lao5Wqeao3WO59+6r2uO1unn2952XPAKAAAAo49wdZQ1lW/R5nhPAgBGwYK5s7Vo/hy1XWrX8qcK7KCqu/eWbt/xqGjVSkkKWKTFCsXe21UeUXXWmT//RbNnztBvf7Pd8f3G5lbVnTytzRs3+IRrs/JyteX1jY6BnDUnSXpn+1YZhkuNza3asXNPQJjmNL5ToFdadrfztlPAWlFVLUn2NqxwrrG51WesKx1d2lX+vh2w1B47obqTpzUrL9cOGYMdX/+gL9zxrdcKlz1p70NFVbUd8nrve6jjG4ZLRatWqqz8gDq6rvvsa8OFFs2eOcMnWA3lfITCHBxU1QeH9cKKwrACTf9FiKxj8nVPr31M/I+Tde4fm/ZowI8L0boHMP4Yhks/+8mrku4H9uebWgJ+LLH6sFrXzC/efjesHwMAAAAQfZPiPQEAwMS1cN4c3ezuUXfvLfu1ry61a0qaW5npD8vT16+PPqnV8ysK7UDMCthudveo7fJfwx5zSprbDm6dfN3Tq6mZGcpMf1iS5E5N0ZbNGwOqW70d/6Jedzx9Wl+8xg4wrPD4+KkzPkGh//jWPhYue9Iew52aoh987zm1XWp3DBnXF6/xCflysrM0e+YMNVxo8fmcf+VaweJFSjYMfXWp3Wds70VwrOM7XBAz0vimOahDn36mqZkZWv5Ugf25olUrleZODdj3cMa3HpH23ldPX7+udl7TwnlzJIV3PkLlv1DQSBqbW9V68bJe/ud/tI9/TnaWCpc9qfqz5+Tp65d093pPNgwVLF4k6e65L1jyhK52XpOnrz8m9wDGt/XFa/TO9q2anpOtupOn1dF1PeAzC+bO1m9/s13PryjUlY4uHf+CZloAAADxQrgKAIiZnOwsn7DPNAfVdqld+Xm5MgyXOrqu646nT49kpPt8zylgi5ZZebm62d2jX5XutAOw4VhzTnOnynD5BoJO4bG/jq7rGjBNzcrL9XndnZqigQFT5mDwILCxuVWb3tymTW9u0/mmFnsxm1B5+vo1YJp2KBmuYOObg4O64+mzz2M0x7d6S1rhoyQ7XLKqVh/kfERLw4UWJRtGwCPZs/JyNWCajoGYN2v+8bgHMPZZAbukYf+fWv5UgabnZLMQHwAAQBzRFgAAEDNWlZ7VGsBqCeAdNBqGK2jPwHDDxFDkZGdp6+ZNKi3bq1+8/a4k5z6Z/typKY5BomkOjhjSmuagduzcE/C6Ybjk6esP2H/rkd80d6r9yHlFVXVIYbA36/Ph9mQcaXwrNPUPBKM1fsHiRao/e85uDdBwoUWPTXvU7n1rbXO482FVJseSU8BrsVZ+t/al/svzdluA+rPnVLDkCXv+odwDPPINAAAAjE2EqwCAmJqVl6szf/6Luntv+bQEsAwXTgYL0B6UOzVF27fc7YBdUVVt97vMn/F40O8EC7mGC8a8P+O0sFawcaxH6aOxoFEo4W+k41sBYjTHl+6en8emPaqGCy3Kyc7S1c5r+sH3fBfLepDzES13PH0yB52DTyt4tvbFWqhIClx0LB73AMYOq8eq93Xh3Xojf8bj9g8e/v1Vj39Rr5vdPcO2QgEAAEBsEa4CAGIqM/1hTUlz66tL7eru6fV5lDwnO0tp7tSAkK6795Zudvdo+XeXxnx+RatW6mrnNXsO/sGc9Zh6/dlzAUFaw4UWn/6tTrxbI4QSrloifZTff2yn4/ug41uPrI/0KPKDjv/RJ7Xq6Louw+Wyj92Dno9oWThvjlovXg6oPLZ6rHovKOa96JW/sXAPIH5Mc1BFq1Zq4bw52ld50A7gJfn8wJGZ/nf65dY3VFq2Vz/f9rb9mTR3qrZu3hRwbXmH+U7bAwAAQPQQrgIAYsowXFr+3aX6w5EaSfIJi6yFnfZVHtQjGen2SuneFVvS/YDy+KkzWl+8RqY5qIqqat2+4wm7SrGiqlqZGek+q7l790TNzEi3FySytr38qQK1XWpXRVW1XTXW2Nyq800teqVk7bCVhU77aI1rmoPKz/OtljVcLqW5U9VwocX+rFXZNj0nO6x9taom606e1qy8XLtn6aFPPwvabiGU8a2As+ZonRbOu78Q1KFPP9MdT98DjW/Jn/G40typ+uPROk3NTPc5z6Gej/y8XHtBoJzsLDU2t+oPR2qCPsofDqtdwf7/+m97UbGOruuqO3lahcueDPm6DPUewMRkGC4ZhsteoCqYzHuV0FbFfTDeVfkAAAAYHYSrAICYy8nOUkJCgtLcqQFVhQvmztYrJWu1r/Kg/Zp/hZV3AHW+qcV+zP74qTNhzcPT129XRHpXdb1SstauNLSCO/9+rK+9XKLd+yvtqjHDcGnzxg0hVaMumDtbmzduUFn5AXs/DcOlpUueCAxX7y1kU1Z+QJve3GbPITMjXW33FgYLx/riNao9dsLu+WoYLhWvLvIJQSMZ/7lnn9EjGek+56149YsBj7eHO773PKwA94UVhQHvhXI+rHNpjb1o/pyAay1Us+4Ftd6B7vriNaqoqravFSmwf68Vwnp/xmI9Bh7KPQAAAABgbEr4+6XP/F+8JwFgYvj1W9uVmJSkyUlJmjx5shKTkpSUmKTExERNSkxUUlKiJk2apMTERCUoQQkJd/8o4f7f/f9I8vn7N998o6GhIf3tb/+j/Nwc+31/Tq8hfkxzULv3Vyo/L9en1yQwnMbmVn30Sa1dGToe1R47oe6e3oCgtLG5VVUfHAq5Fy8AAAAw0bW1d+ihh1Lu5gmJiTEfb3LC/0ZlO5OishUAAIbR3XtLt+947EfvgVA0XGjRY9MeHbfBqmkOqu1Su/1INwAAAICJh3AVABBTVv/I6TnZVOghZI3NrWq9eHlcL+hkGC65U1PsHr6Wjq7rqvrgkGbPnME9AQAAAIxz9FwFAMSE1QrgSkcX/SMRssbmVu2rPGj31R3v4aNTX1YpsDcrAAAAgPGJnqsAooaeqwAAAAAAIBL0XAUAAAAAAACAbxHCVQAAAAAAAACIAOEqAAAAAAAAAESAcBUAAAAAAAAAIkC4CgAAAAAAAAARIFwFAAAAAAAAgAgQrgIAAAAAAABABAhXAQAAAAAAACAChKsAAAAAAAAAEAHCVQAAAAAAAACIAOEqAAAAAAAAAESAcBVAVCUkJIT1OgAAAAAAwHhFuAoAAAAAAAAAESBcBRB3CQkJVLYCAAAAAIBxh3AVAAAAAAAAACJAuAogZsKtRqWCFQAAAAAAjCeEqwAAAAAAAAAQAcJVAFFjVZ0OV30aSTUrAAAAAADAWES4CiBuCE4BAAAAAMB4RrgKIOaGDVEJWAEAAAAAwDhFuAogqhJ0Lyx1aBFApSoAAAAAAJhICFcBxAVBKwAAAAAAGO+S4j0BAPBH8AoAAAAAAEbbunXrhn3/wIEDAa9RuQogZnxbAni9rpHDUwJWAAAAAAAwmpzC05HeI1wFAAAAAAAAADmHqMOFroSrAKIqwV7PanQWsqLCFQAAAAAARJN3mDpcsCrRcxVANDkEnf4hayRhKAEqAAAAAAAYTSOFqhYqVwFEXazCUEJWAAAAAAAwlhCuAoiqYO0AHIPRe5WswSpaCVMBAAAAAMBYRrgKIGpC7bNKmAoAAAAAACYCwlUAURcQsoaxuFUoASshLAAAAAAAGAsIVwFE1UgVqwAAAAAAABMF4SqAqLHCU6fH/glWAQAAAADAREO4CiBq/BenSpDzYlVWq4BggeuDBrEEuQAAAAAAYDT8P+/XhZIsT8A0AAAAAElFTkSuQmCC" height="600" width="800" />  </system-out>
  <testcase name="verifyMenuCountDashboard" time="7.888" classname="testcases.TestCase2">
    <failure type="java.lang.AssertionError" message="expected [11] but found [10]">
      <![CDATA[java.lang.AssertionError: expected [11] but found [10]
at org.testng.Assert.fail(Assert.java:99)
at org.testng.Assert.failNotEquals(Assert.java:1037)
at org.testng.Assert.assertEqualsImpl(Assert.java:140)
at org.testng.Assert.assertEquals(Assert.java:122)
at org.testng.Assert.assertEquals(Assert.java:907)
at org.testng.Assert.assertEquals(Assert.java:917)
at testcases.TestCase2.verifyMenuCountDashboard(TestCase2.java:52)
at sun.reflect.NativeMethodAccessorImpl.invoke0(Native Method)
at sun.reflect.NativeMethodAccessorImpl.invoke(NativeMethodAccessorImpl.java:62)
at sun.reflect.DelegatingMethodAccessorImpl.invoke(DelegatingMethodAccessorImpl.java:43)
at java.lang.reflect.Method.invoke(Method.java:498)
at org.testng.internal.MethodInvocationHelper.invokeMethod(MethodInvocationHelper.java:132)
at org.testng.internal.TestInvoker.invokeMethod(TestInvoker.java:599)
at org.testng.internal.TestInvoker.invokeTestMethod(TestInvoker.java:174)
at org.testng.internal.MethodRunner.runInSequence(MethodRunner.java:46)
at org.testng.internal.TestInvoker$MethodInvocationAgent.invoke(TestInvoker.java:822)
at org.testng.internal.TestInvoker.invokeTestMethods(TestInvoker.java:147)
at org.testng.internal.TestMethodWorker.invokeTestMethods(TestMethodWorker.java:146)
at org.testng.internal.TestMethodWorker.run(TestMethodWorker.java:128)
at java.util.ArrayList.forEach(ArrayList.java:1257)
at org.testng.TestRunner.privateRun(TestRunner.java:764)
at org.testng.TestRunner.run(TestRunner.java:585)
at org.testng.SuiteRunner.runTest(SuiteRunner.java:384)
at org.testng.SuiteRunner.runSequentially(SuiteRunner.java:378)
at org.testng.SuiteRunner.privateRun(SuiteRunner.java:337)
at org.testng.SuiteRunner.run(SuiteRunner.java:286)
at org.testng.SuiteRunnerWorker.runSuite(SuiteRunnerWorker.java:53)
at org.testng.SuiteRunnerWorker.run(SuiteRunnerWorker.java:96)
at org.testng.TestNG.runSuitesSequentially(TestNG.java:1218)
at org.testng.TestNG.runSuitesLocally(TestNG.java:1140)
at org.testng.TestNG.runSuites(TestNG.java:1069)
at org.testng.TestNG.run(TestNG.java:1037)
at org.testng.remote.AbstractRemoteTestNG.run(AbstractRemoteTestNG.java:115)
at org.testng.remote.RemoteTestNG.initAndRun(RemoteTestNG.java:251)
at org.testng.remote.RemoteTestNG.main(RemoteTestNG.java:77)
]]>
    </failure>
  </testcase> <!-- verifyMenuCountDashboard -->
  <system-out>
<img src="data:image/png;base64, iVBORw0KGgoAAAANSUhEUgAABVcAAAJXCAYAAACXAGQHAAAAAXNSR0IArs4c6QAAIABJREFUeJzs3WdsnPl59/vvXaeTnGHvkkgVSlTXStZqm3ftXfc8T47jnEWMY5x3AYIEcICD4CBIXiQIgiDAY+AJAvitAT+PT5zYjjfrbfZ6q7aqd7GIvZMznMIp99zlvBhyRIqkKrWSdq8PIKw0d/vPPcOx+Zvrf/2VQ48/4yGEEBvAdd3y3xVFuS/XuF/nFUIIIYQQQgghxBfHm6/+ekPOo27IWYQQ4gae5+F5G//dzf04pxBCCCGEEEIIIcTdkHBVCHFfSRgqhBBCCCGEEEKIzysJV4UQ991GV7FKYCuEEEIIIYQQQoiHgYSrQogN43ke3CT4lFBUCCGEEEIIIYQQnycSrgohNpTHzUPUjQpYJagVQgghhBBCCCHEgybhqhBiA3mLfyRgFUIIIYQQQgghxOefhKtCiA3jlbPVzy5gFUIIIYQQQgghhHhQJFwVQmwgb1m2KgGrEEIIIYQQQgghHk0vvfQSL7300i33k3BVCLFhSpWrErAKIYQQQgghhBDi0bU8VL1VwKrf78E8jDwP0DTQdRzdAEVB8Rw0y8KzbZQHPUAhHlWeh6coKEv/vWEbysb/dHmeh3IfziuEEEIIIYQQQoiVXCuHrnroeilSVFUV0zQfyFhs28a2bRxPwVGMDTvvWmHqSy+9xHe+85019//ChauuquJGqrDbN2Nv6sStrgfTgHQaY7AP7dJZjPk4ClJNJ8Sd8vBQPK4HrCgoigeLP1HKOgGrBKRCCCGEEEIIIcTDzSvmOXRwH9u2biUUCmGaJpqmYRgbF2zeiaVwdWRklN/9/m3y9r1neTerUl0vYH3kw1VPUfEUZbH61APXWbfy1NN17M1byR79Mm7nTrxAANTFzgieh71zL8amTtTfv4I+OfqZPQchPjc88BRv8WdQWXqA+10OLuGsEEIIIYQQQghx/3jFPEePPEZ39y4aGhqoqKggFAphGMYD+33c8zxs26alpYVwOMwrr71OKmvd0znXq069mUcyXPU8wDCwI5V4jc0U65tQDBNvfhZ9eAjf7BTYxRXHuJqOs3kb2W/9EU5T2/VQdYmi4PkDWF27YSFD8NVfoFmFz+5JCfE5UKpcLX2oekrp755yvWK1VMO6zrESkAohhBBCCCGEEA8d18px6OA+urt30dzcTCwWIxwOEwgEME0TRVHKbQI+K47j4Loutm0TCAQIBAJ4nscrr71BOndvAeudeujC1XIlKqB4bimUWb4d8EIhipu3kzt0FKdzB/iDgIdSKFAYHcR9700Cl8+C65SPcSqqWHj8y2sHq0sUBc/0Yzc141VGYWby/j1RIT6PSnP/F/+zGKyy2B5gKVq9Se9VCViFEEIIIYQQQoiHi656bNu6lYaGBmKxWDlc9fl85cpVTdM+0zG5rovrujiOg9/vx+/3c+DAft566/df3HDVU1WcQBA7WoMajAAubjqFb24aZXkFaSBEbu8Rck8/j1JduyIo9QJBvM3byCkq5tQo2ux06XFNw2tsxu3YsX6wukhRQNFNPOOhuTVCPEI8PG9xISul/NCKctWbVa/e05UlmBVCCCGEEEIIITacruuEQiEqKioIh8OEw2FCoRB+v/+B9Vtd4jgOuq6jaRqhUOgzr6CFzyhc9QCUUqipeO7qHfx+Ck3tWAeOYHV0oYbC4HoQn8H59D0Cpz5ELRTwVI1CZxe5Z15Aqalb+2KailJdg1XXQGAxXEXVKFZG4VYvuOeB40AqgZpO3fXzFeKL6npw6i37+xq9V29SvSqEEEIIIYQQQoiHi2mahEIhAoEAPp+vHKw+iDBzOVVV8TwP13Xx+Xyfz3DV9flxwhW4gWDpgskEajpZzlhcw8Ta2k3hy1/Hbt2EoqosNQLwQiHywQD67DS+3ku4pklh1z6UWM1NrqjgqRqKsqwc2fNQikU82wFzncM8DzwXNZnAvHj2Cx2uapqGruvouo6qll4p1/XKq7A5jvOARygeWp5XmvnPYvXqXaxnJRWoQgghhBBCCCHEw0NVVTRNwzAMTNPEMIyHIlhdGpthGNi2/cDGc9+uWupzWklx134KnV04tfUA+K9ewvfu6+jpZKkVQNsWFp7/NjS0rJqyrygKVMawW9sxey/h+EPYjc03ndqvuC5qIo4an1n2mIMxMUJ+chRvUweoK/tAeJ6H4jio83F8Z0/gv3rhfi9u/tBRFAWfz0dlRQX1dbU0NNQTraoiFAoCCrlcjngiwdT0NJOT0yQSCQrWZ9vDQjwaFtuulixrDbDUf7X8oFSvCiGEEEIIIYQQD72lQFVRlPKfe7FUaQqlcHQjCqzuZVynT5++q+P2798P3Kdw1fM87Jp68s99A2v3IQiGytsKtQ0wP4d2/E1cX4DsoSfWDFbhekhTymAU0BRQ1m+Q67kuSiaNcfks2txs+XHFdVFnpgh88HsKmo5bXYtrmKAsbsvn0WYmMS6cxn/mI9RMekPvx8PONE0aG+rZ3b2LQwf3s33rVmqqY/gDfnSt9BZxXQfLspidi3PqzFn+6zevcvHSFbwbFhwTX2ye5y32Wy21AljZGmDZfqseWeM8ErwKIYQQQgghhBAPlaX+prdrKTda/ju+67okk0kAKioqVlScep6H53mot1gz6UZLRYMPwn0JV11/kMLjz1I8cBSMlfPwPd3AaWwpVa1WRrE3daxfiep5KJkU2uQYeB5aNosxO0GxoRE0fcV+nuehZNLol89hnjuBZuVXnEqzCvjOn0JZSGN37qRYFUMxDMjmMKbH0a9dQZ+aQF2+eNYXgM/nY8e2rTz/1ec4dvQIdbU16LpefvOX3tSlVgHBYJC2YJB0OkNlReUDHrl4uK2MT0v/WqNHgFSvCiGEEEIIIYQQn1u2baMoyqoAtVAolP++XKFQwHVdgsHgZzrOe3F/wtWWdvL7D6MYqxuceh4o6VI6rfp8KH4/a9U+eot9UrW+y+hDA6X9CzmMkx/hVsZw6htBN0pptmWhpeZRey4S+Ohd9JmJNcel2kV8PZcwrvXh8/tQVQ2vWEQt5FHdL14fUV3X2ba1gz/8b9/hyWNHF1sAlFZay+XypNJpFhayFIsWum4QCgUJBgIMj44yOTUlVaviphbbr5askZ/eqnr17q65+hsxIYQQQgghhBBCfPaKxSLz8/M4jkNFRUU5MPU8j3y+VBS51B4AIJVKMTU1BUBTUxOhUGj1SR9CGx6uep6HtXkrSmSNykbPQ0vF0Qf7UFwXJbuANx+HSOX16rWlKtRCAaP/CoHjb2JkS9P0FdfFd/UCWi6DtX03dmUUxXXRE3MYwwOow9fQcws3HZ8CaLaFlrHK473XIEZRFEzDAEWhWCzium7pMdPENEsNfh3bIZfPUywWb3ouTdNKxxkGiqrgOA5WwcIqFleFmbquEwoGUVSFXC5PoVC4frxpoihQtIrkC4U1F6Fqbmrkha88x7HHjxAOh0qvXbHI6Og4p86c4dLlq4yPT5DNZgkEAzQ2NNDa0szg0DCTU9MrzuUzTSIVESoiEfyLZdgFy2JhIUsqnSKfL6z4gVEUhXA4RDAQKN03q0hmYYFisUgwEKCysoJwOIyh6+QLBZKpFKlUGmuxz+tSf9jKygrMxcbFqXSa+WSKXC5XvpcVFZHya5PL5ljIZgEIh0JUVVWW7p+isJDNkkylSKcz5W9VAgE/0aoqwuEwmqpSsCySqRTJZGrN11FVVQKBAFWLY9d1Hdd1yWQypFJpMgsL5ddBURQqKirw+0xQFCzLIpVK47ou4XCodN1QCNfzSCQSzM7Fy8eqqko4FKKysoJQKISu69i2TT6fJ53OkM5kyvdpSWlclVRURMqNnnO5PMlUknQ6s6GLlHmLqemqRgCesrrv6tIBa/wMSmsAIYQQQgghhBDi0aXrOoqikM/nywtPGYax5r65XI54PE4mk6Gqqgq/3/8Zj/bubXzlqqri+AOrwxLPg4U05rmTGMMDpWgllcB37gSWP4AbqSq1B3Bt1OQ82vAAvg/fQh8bXnl6u4h5rRd9eBDX9JVaBzg2qlW4rSo4D3ANH17Aj+cLgqai2jbks6jZLMpdVLBGq6ro3tWFoihc6eklnU7T3NTE5k3tVMeiBAIBcrk8w6OjXLs2wPTM7KowS9d1qmNRmpuaaGpqIFpVha4b5PN5pqZnGFmsFk2nM+Vj6mprOPLYIUKhEBcuXmJ4ZJTm5kZaW1qoqY6hqirJZIqx8QkGh4eJxxPYtg2A3+9n184uHjt0gEg4DJS+LRgeHuG/fvMav3/7Xebi8RXjPH/hEn6fDw+PXK70DYNhGNTV1tDZsYUd27fR3tZKZWUFAAsLWSanprna08vVnl7GxifKwaff7+exgwfp3tWFYejMzMzy6cnT5HI5du3sYtfOHTQ3NWEaBql0moHBIU6cPE1v/zX8PpOuHdvp3rWTTW2thMNhCpbFyOgYp06f5dyFC8TjCSorKnjm6Sdob21F1VR6e/s5c+48oVCIPbt30bVjOzXV1WiqyuzcHL19/Zw4eZqRsbHSa7qzi927d9HY0IBpGCxks/RfG+DTk6e4crWXhYXrQb7P56O9rZWuHdvo2r6dhoZ6/H4fRavI1PQM1wYGOHP2PANDw+RyOfx+P08/eYzNm9rRdY3xiUneevs9/H4fBw/so3tnFw319di2zacnT/Hr/3qFVDpNZWUF7W1tdG3fRmfnFhrq6tANnaJVJJlKMTwyyplz5zlz9jyWZWEYBi3NTezs2kHX9m20tDSXx5WYn+fawCBnzp2np7ePbDZ3x+/9e3U/qleFEEIIIYQQQgjx4CmKgt/vp1AoUCgUyGazVFZWlgsSl/YBSKfTZDIZfD4fkUjkjvq6PmgbHq4qnoc5OoiTjONWVAHgFW3UTBLj0ln87/8ObbG6VM0X8H36AWomTbGtA0wDL5/HHOzDN9CLOj+3bvCi2EVU110MZJ3b6t3oqhpOtBqrdTNeYwtudQ2eqqNYObSZKfRrvegTI6i57G1XzGmaRmtrC3/y4vfw+Xy89PKrpNNpnn7yCbZv6yS8WFmIAlNTM3zw0ce88tobDA2PlCtRfT4fHVs28/STxziwby+1tTUYho6qlt5I2WyW3r5+jn/4EZ98epKp6RkAGurr+doLX6GluYn3P2hmYGCILx0+RHtbK8FgEF3XsSyLyelpPvzoE9557zjXBgYpFotUV8fo3tVFU2MDiqLgeR7zyRQffPQJb771DjOzs6ueq+M45cpPKFWrdnRs4dlnnuLxLx2muakJn88sr9DmeR62bTM7F+f0mbO88eZbnD13gYWFBYKBAPv27uabX3ueYDDI5NQUNTU1GLrOY4cO0FBfj2GUvuFwXZfDjx2ka/s23nn/A2qqYzx57Chtra34fCaqquJ5Hgf372Pv7l386qXf8NY77xIOh3jy8aMcOnQAXdO5fOUqjY0NbGpvY+/ubqLRqvKqdK7rcvjQQTq2bObk6bNs29rJlw4fWjEOz/M4fOggu7p28L//7T84deYshUKBYDDAvj27+drzX+HA/n1EqyrL386UVsDzyGQynD57jl+//AqnTp/F7/fx+JcO86XDj+Hz+RgZHSU5n2Tnzi6efvJYORwHWMhmee2NN2kIBnnyiaM8+8xTdGzeTCgURNO08nt1qWdJU2MDl69cBWDP7l18+xtf5+CBfVTHouVzKoqC47jk8zkOXdrPr156mY8+/nTF63s3StWmLKamyxe1Wl6pyr0nqrEOutvDrG48UrL2z69FZugyPfF7vLYQQgghhBBCLKru7KI9YjF3up+hBz2YOxJl2642wmbm1mNf/P3LmjtLz/DNdhSi1ApgKROBUnFdsVgks2yW7fLFp1RVxbZtstksrutSVVVFRUVF+Xyu65LP5wkEAg/t7Nb70nNVv3oRX+QN7G078VQVZT6BPtSL/9I51EyqvJ+igJFJop84jnnxFKqq4ToOWi67bvbiqhpeOIJdXYcdjYFuoBTy6HMz6LPTqPm1wyFXNyi2bqJw6HGK27qhohJUDRQFz/VQrTz29hGME8fxXTyNtpBZ8zxrPl9do6qykrraGr719RdKfWA1lb7+ayRTKQJ+P5s3tbN58yai0Uocx+H/+/kvSKZS+EyT7l1dfPe//wEH9u0ls7DAlas9TE5N4TgudbU1dGzZzJHDh9i8qZ1oNMpvXn2deDyBoiromk60qoonHv8S3Tu7yGZznL94mXw+TygUpLWlmU1trTTU11NVVckvfvUSg0PD1NfVsqmtrVyO7Xkeo4uVn7Nzc7d8zpqm0dnZwf+x2K81EilVv+byeTKZhdK0/1AIv99HQ30dzz7zFLFYFEVROHHiFACqoqBpGpqmUldbw9ef/wq6rqGqGtlsFk3TCAT8aJpGKBjkwIF9bNrUjt/nw+/3Y1kWVtEi4A9gGDqmabC1s4OvPvsMwyMjzM3FUTUNTVXRNJUtmzfR0tyE3+/DcV3S6QymaeLz+dA0lWi0iqeffIJ9e/cQCYfR9dI4dF0nEPAvTvv3c/DAPqZnZhkdG2NqeoaD+/fx4ve+y+7unZimiW3bTE/PkM3lqKiooKqygoqKCMeOHiHg97OwsMD4+GTpHqgKmqZSU13Nd771DTZtaiMcClMoWDiOg6ZpDA2PUFER4YWvPsfXnv8KNdXVqGopEE5nMmQypXYDwWCQgN/P9Mwstu2wq2sH//f/9Sfs27O73KJgZnaOhYUFwuEQsWiMYDDIwQP7icWiZLM5PjlxckNbBNwvT//JD/g/t5bec2t9uK73gZvu/Q/+n/95/L6OTQghhBBCCPHoeWhD0jUKSzIbEnKGKZ3UxBcDFotQ2jv3EmGYC32Je73Ag/X9v+LHR8L0/Pxv+B/vPejB3IEn/4x//l6YC3/+T/zkQY/lDi0V2M3Pz5crVv1+f6mlZajUitJxHGzbRtM0IpEIcD1c1TSNWCxGdXU1pmliWRaJRIJkMkmhUKC1tfWhrWi9L+GqllvA9/E7GH2X8HQdLZ1CSSdR1wttPA+laKOoDqrjrr0P4OgGdutmiju6sbZsw43WgqaWFr6aHMV3/hT+C6dQcisDVk/VsBtbKBz7CsWuPXBD3wZFU/ACQYrtHTiGgZrLol44hXKHCzb5/QEaG+r55MQp3n3/OH3910inM6VAbv8+XvzjP6K9rYU9u3fx7vsfkEqnaWxs4KvPfpnDhw4yF4/zymtv8P4HHzE9PYPrecSiVRw6sJ9vf/PrdHZs5tlnnmJ8fIJ33/+gfF1VVVFQ6Ont56133qX/2gD5fIFQKMjOrh187fmvcHD/Xg4fOsjg0DCzc3Fi0SixZZWMtu0wOTXF+MTEbS1UVR2LcezoEY4cPkhFRekHYm4uzplz57nS04sCbNvayZ7d3dTWVOPz+djdvYvxiUlGR8fJ3BBeG4ZBKKQwNT3Dlas9jI6NE4mE2bdnD22tzei6js80qautZXZ2lnMXLjI0PIKmqezu3sXWjo5yALqpvY3WlhYymZX9d4PBALquMzg0zJWeHubm4jQ3NbJv755ypWgwGMA0DSanprlytYeR0TEqKiI8dvAATY0N6LqOruts37aV2poaVFXjq899ma6u7ZimieM4XO3p473jHzI5NUXnls185bkvU1dbi2EY7NndzROPH+XV13+7IgAMBALs7t5JLp/n3PkLjI1PkM/niUTCXO3p4/BjB/nqc18utTHQSh88/ddKrQZGxsawizbV1TGaGhs4efoMwWCAb37jBfbs7kbXdTzPY2BwiDffeoex8Qmamxr5+gtfpbmpCVVV2LxpEy88/xxXenpIJObv6H2/Pg9vqWb1JtWqHqWKd+m7KoQQQgghhBDLtHVwoDpMZu4sF5bC1FgH3e172ca9Bqwj9JweueGxKD4fULiX84p70h4m8qDHcI9s26ZQKGBZFrZtEwqFME2TcDi8ZuUqlHKtyspKDMMgEAiQzWaZmpoiHo+TSqWIRCIP9aLq9yVcVaDUA3V6EsVzwXXXzFU8FNxQGLuugWJNPaph4BUKmOPDaNMTK8JYV9OxtmzDeuI57M4u8PlLgcxiKONURslWVaPmc5g3BKNOMEh+32GKO/eAb/2GuIqu49U3Yu3Yg9F7GW2dKtj1OI5D/8AgP//Fr7hyted6BWACbMdhd/cuNrW3UllRSXUsht/vZ2tnB48dOoDruZw4dZrfvPrGiin5mUyGVDpNKBSkpqaatpYWDh3cz4WLl8v72LZDb/81fv3ybzh/4VL5unPxOHPxBLqu0drSTH1dLbu6ujh77kKpyjEQuH5/XYeFhext9d1U1VIV6IF9e4lFowAUCgVOnz3Hz//jV1zp6QWgs2MLlmXx5aefIhgMEAwE2NO9ixMnT68Y/5K5uTi/ffMtfvvmW4yNjxOtqqJQsKitqS5XxmazWd49/iGvvPo6g8Mj6LrON174CtWxGE3+UosDf8BP1eJCV8t5nsfQ8DC//PVLfPjRpyRTSdrb2ggGg1RWHsC32O8jMT/Pq6//ljffeoeJySnCoRAKCl957hki4TCKolBZEaGiIkJrawtdO7YT8PtRFIXE/DyvvPYGv3/7XZKpFKdramhsbKDqaCWBgB+/38fe3d189PGnK0JDTVNxHIeTp87wy1//F/3XBigWbcLhEJFwmD/8b9+mtqYUrHqex+DQMP/2H7/iw48+YT6ZBMA0TWLRKpKpNLt27uDQgf0Yi6X4uVyeV1//LS/95jXS6TThUGnRrD/49jcwTRNNUzmwbw8N9fXMzyfvy4dWKV9dClzvrTfAO//rJ8zdZVsAIYQQQgghhHj4RdkWCUM6vjJEjfdzQVqdiYeQoigYhkFlZSWZTIZCoUA6XVq4OxKJlBdfX4uu6+VWANlslomJCcbHx9E0jdraWurr66msrCwXCD5sNjxc9QC3sgq7tgk7GkOzCmhzM2iTY6j29RXWPVXFbmjB2n0Aa+tOnFgtaBpK0cIZ6sd3/HeY10oVkB4Kdl0j1lPPY2/dCfrisBXlerWbpkFtPfl9hzH6r6BkFxavo+HUNGB3H7hpsFoel2bg1tSiBINwh+Fq0S4yNTXF4NDwqqnV+Vye6ZkZbMdB1zV8PpOKSJiuHdupq6tlfHyCM2fPrzklP5lMce7CJQ4fOsihg/vZ3N5Oc1NjebvjOMzOzjIyOrbqugsLC1zt6WNgcIimxkYaG+qpr6tbnH5//U3puqXybdddv3J4ic/nY8vmdlpbm9E0Dc/zmIsnOHXmLFd6eikUSl9z9fb1c/L0Wfbu2U0gUAof6+pqaWttYWBw9USLsYkJPvn0JH391/A8D8sqMjY+Tm6xghMglUpx7vwFevuvlb/xGBoZZT6ZpKmxASj199Q0DeWGHzrP87h8tYdPT5xiYrI0LX9kdIzp6RmKVrEcrk5Pz3Dy1BkGh4bLvT2GhofJ5fLlxb80TSMUCtG9s6vcuxUgm81hmga7du7A9TyMxfeq65Xuq6IoNNTXUb2sp+qSmdlZXn7lNc6cOUdh8bklk0mefeYp2ttay6XvxaLN799+l3ffO04qnS4fn8vlGMvl0DSNPd27iEWryiFjoVDAth127+rCY7Ha+YbrV1VW0tLcRE9v38a1BrhfK1bd4v9QSLWrEEIIIYQQYiO0d+6lelkp4fpT8pd6mJb+ZaWXT61vZdv+GMydZc7soj2yFDDdRr9Tn0k1sG7zvlgH3e0m1tBlCrFlY03HOdU3stjuYGlQGYYu9pfP1d65l2rf4mPL2w+YbRzY37Zqf+Cm53sU/eCvf8TRhuv/Hv/4h/zdT1fu8/Rf/D0vLralW2HyE/70H35W+vv3/4ofH2lYe1t5+41tCo7xl//4XbZlSvsuH8vRf/kRR9cZz8MuGAxiGAbZbBbLsnBdF9u2y20pbyWXy1EoFIhGo0QiEWprawkGg/d51PdmQ8NVT1Wxm9qw9h7C2rQNt7IS1XHQJ0bRP3oHf89Flta6sWvqyT31Vayd+1ACwXLQ43kexUAIsgvoY8NohQKuYVDctRd7y7brweqNFAV0Hae6Bi8QhsVwFVUtLVxVGb2t56AAKCqechdp+OLiRWtv8lYEl4qiEAqFSlPNNY10JsPU1PSaFYOe5xGPx5mYmsLzPMLhMFVVlaRS6WX7gLfOtdPpDHPxOK7rEAoFiUTC2LazIkBTVQXDNND1W/euCPj9VMdiBJdVvs7PzzM1NV0OPIHSYlpTUyQS8+WFs5aO9ftXB91Fq0ixWCzfA8/zcGxnxT1xXBfHueExx8F13fIUclVV1gzXPI/FsvRlFdGus/p8rouz7LUq9Q1ZXDRtmVAoWGp5sOybl5rqGN/+5jfK90HTNKpjUfzLyt19Ph+hUAjthnBzanqa0bFxrOL1LyEURaGpsbEcTgPk8jl6evvI5tauMtZ1ndaW5hUNpIOhIN/51tcX729pXJUVEXT9+oebYRhUVlRsSDC5YpZ/OWC9RdJ6J60BZEErIYQQQgghxH1WClaXBaCLU/K7zRt7koap3m+SGTrLqfhSANnAtlhixe8f4eq9mOlhTp1OsBS4Vne2MtR34/R8gARzhQbCkTDtuzrgpiGmSbh9L8yd5dRpFtsJxDiwP4Z1w/UaO6PMrdVPNd7PhXhpHzO9ds/VFeNf/J1s3fM9Akph5iQfLvU3ffLP+Ofv/Yh/jl1fq6MUrELPz39YCkUXQ9QVoeeqx0qh6Y//McbP/t9/5Z3bHM9P/uGHDP7F3/Pi1sz1MT2ilipY70ZlZSXhcBhVVW87kH3QNi5cVRSKLZsoPPM1rO3d4C8Fby5gRWtxFAXfyABKLovjD2DtP0JxzyGUG6pJFUXBM30U2ztwwxWo+RncYBhrx+7bqjxVFHVFfuMpCp5u3H71nOOgzCfuuGr1TimKgs80CYdCQKmyMJ/Pr7t/oWCRySzguh6GoeP3+0mnb2/RLcdxyt8WqGopPE2n06TTabyGehRFQdd1amIxotEoU9MzNz2fYRr4A6X+pUusYpFCwVoVDufmMmfTAAAgAElEQVTzhXIlK5QqJnVDR38IGxDfKUM38Pl8pffcomAwyOZNbWvuvxSuq1ppga0bA8BsNoe1LFwGyn1glwexdtEmm8utO3VfVdVy+4IlpmGweVP7mvt7nlc+l2ne4wfXsoB0zSh16cEbNt5pgassaCWEEEIIIYS4r9o6qI5YZIaWVZbG+5mIddEeidFOYlnF6coK1Lm+DNX7Y5ixKMSvB48rq1lHmEuHCUdM2mHN6tW5vsvQ2UV7JEz7/r2036TSdUVF7bBFphrC6fiK6xXSMcK+GNUk7qradMU14v2kY3upvofzPVDf/yuONmTo+fmyEPO9f+Xl/X/Pi1uf4Acc5ycc42BjGCY/uV5t+tP36dn1Xba1vwj8DHiRvz3SQLr3P5ZVmB7nf7yyj3/+XidPfx/eecQqT+/GUkHh8nxBUZTFArjV+cfN6LqOqqoUi0Vyudz1LEVV0TStvP1hsmHhql1VTf7LX6e4c9/q6lJDx2ndjFdRBbksTn0zxf1HbhKWeii6jqrqpcQlEMSJ1t4yfPFcFzU+C7llCxm5DkpyHhYycKvqVddFmZ/Dd/U8au7+hqtQCpSWKiQ1VcNYp/cEgKIq5YDNdV3cG6otb0bVSml/aQW20ptzenqGickpOju2oGkamqbR0tLM9m1bGRgYLE9LX3Pcrod3Q/sA0zAwfavHr2vaim8abMehaBVXVIY+ihRVxfPc0ocH11+H6ekZhoZHVgTKN8oXLObmEqvugeu6q6pjl1bTW/6wruv4ff6bfjg5ix9qS+bnk1zt7aN4k9cVYHTs9hY0u7WVcemypa3W3WcjyUJYQgghhBBCiHvRboaBDIUbZr7NxS0aI2F8bcA9LSh1e+b6LpeCy8XFrar376X6ltPxM2DF7v/gHmE/aG8AJpl7b+Xj75ye5FtbO2n/PnCTUDSdXnzxv99GEzAev6GI570zTHyjc1kI+/nmui7JZHJF4aBpmvh8PiKRyIrFq25HKpViYGCA2dlZ0ovtECsrK6mtraWjo4PQYqHiw2JDwlUPKHTtprh99/rT9pdxm1pwqqrX3a4AajoJuaXKTA8c++ZjcF3UhQxG7+UVwajiOOjT4+hD/di79oG2zvhcFy8xh3HhFHrvRZT7HP55nldu7gulKebRqvVLpv0+PxUVFSgKZBYWmE+myn08byUcClEdi6GqGtlsjmQqxdTMDP3XBti/b095Knh9XR2HDx2g/9oAl69cXbfvZsGyyCwsYFnFxcpNhYqKCqpjMUzTXDElPhqtIrysirJQKDCfTJJbZ0r7oySXy5POZHBsh6X56WMTE/zqpZeZmJhkvYjSdRwKi6vm3YrruszMzK7YNxAIsGP7Vs6dv7Ci5+oSx3GYm4vjul45ZEymUvzyP19ienpm3XEBTE1N31O/1RVx6f3LTm+5oBWsVb0qC1oJIYQQQggh7oAF680XNc0o8BlOhx/u59TwUsuBR3s6/kMjk2FwnU2R2DHgOP/j4hP8+MhO/vJJFtsCPMG2cIae08vD1AyZ9RrnhmM8DbfdGkA8mjYkXHVNH9bWnXCTJFpNzKIsLH4sBcOlBajW4Hkeai6LefUiajZbquTLZtAmRnBj1XBjL9TFkmO1kMe8fB7zyrkVwagCaKkk/k+OU/D5sdo6UPy+0nlKjUohX0Cbm0a/cBLfuZNoqeS93pJb8jyPTGaBkdExLKtINBqls2MLJ0+fIZtdGTxqmkZ9fS0tzU3YtsPk5BSTU1PEYrfuI+szTVpbmmlpbsKyLMYnJpidnWN+Psn5CxfZv3cPe3bvKlVD+n3s37uHbDZHMBjg2sAg6VQa23FQVRXTNKmqrEBRVKampoknEoTDIRRFIVpVxc6u7Vy8dJnBoWE8z6OutpauHdupjkVL7R48j5mZWYaGR1Y9x0eN57osZLMMDg2zZ/euck/UaFUVfr+fiakpkslUuXxdURR8Ph8+n49MJkNFReS2K0SvDQ4xF48TiUTQNAXD0Hny2ONc7enl9NnzLCwslENUv9+P67pcvnqV5559GsMoTZ2vqIgQDoc4ffYc6XRmxbhMo9TmYWFh4bYC31vem1tWjW5A6nobK2RK5aoQQgghhBDinpgQZu3FpCzrwQSbc32TVO9qI0yYzzTc/TwKh9nE2sFneqkS9afDjB85zLbv/Ygffw8gc8OiVABhwu3Ae6tOA5n4FyJYVVWVioqKFesNLbUEuJsp/JFIhO3bt9PZ2VkuAFtqCXCnVbCfhQ0KV/04VbH145JCAfPyeciWwlUlnYCitaotgOd5KEULvfcSxvmTKK4DioK2kME88wlWdT1uXf316tPFcFRJJzGuXMT30dto8dlVl1ftInr/ZRTbQtm5F6++GTsYRHEdtHQadXoCfXwYo+8KaiZ1v4rtVklnMly52sPY+DgtzU0cPLCfK1d7OXX6THlavqqq1NbUcHD/PtpaW4jH41y6fIXpmdlyuKqqCqZpEAgGIHH9w9UwDLZs2czRLx2mob6OmdlZLl2+ysxsqRLyam8f7x3/kOrqGC3NzaiqQiwW5eknj9HY2MDVnl4mp6bI5/NoqkZVVSX19XUMDA4xNj7B1Z4+Gurr8Pl8BAIBHjt4AMuyOH3mPLZdpGvHdh7/0hEikVLAl83luHjpMtcGBrGKN5+e/igoFm1Onz3H3t3dVEQqME2DpqZG/uBb36Chvo6BwWFS6RR44Pf7aGpqRFM1fv/2OysW1bqV4eERTp89R11tLeFwqfS9Y8tm/vi7f0hrSzPDI2NYlkUg4KexoYHzFy9x7vxF+vqvsXd3N6qqUlVZyR/+wXdobGgohebpDLZt4/f7aGxoIBqt4jevvsHE5OR9uFP3oYQ1toXu9shdVa7KglZCCCGEEEKIWxmyMlRj4osBy36HqI6ZmGRIfwYtAT57X5x2Aj8ZmuRoQ5jqJ1kRij69v4EIk1xYbAnwg78+TNPkJ/zpP6wztf+nw4wfaShXupY9uY/GMIxfvLOWAO/EM7x4R0c8HJbW8tkIlmVhWRaaphGJRDbknPfbhjxzxbXRcllWTVJ3XXBczIun8Z39BHUxvdav9WL0XqK4dScYJigKnuuhLKQxey/hO/4m+tx0+TSq4+C7ch5F1bC7duPUNZXaDxTy6HMz6AO96L0X0Wen141wNKuA2n8FbWoct6IK1x8Ez0VdSKNm0ii5LOotWg9stEKhwNWePt59/wO+882v07V9G3/8R39IU2MDg0PD5AsFqmNR9nTv4umnngDg05On+fjTkyum1eu6ztbOTr75tec5f+ESyWQSwzRpbWnisYMHOXRwH/l8gY8/PcmJU6fLVaPxeIK333sf0zR54avP0tbagq7rVFZWcHD/XnZ1bSeXy1O0bdTFqkifz+TTk6f5t3//Je++f5yGhjq6tm/DMAyaGhv5+vNf5bGDB3Ech+pYlMrKCjRNo1AocOHCJd5+9zijY+PlhbwedT29ffzurbepqqqkrbUF0zDY3b2T9rZW5pNJFhayKEqp10hVVSWpVIb+gQGGhm7/f4lT6TSvvv5bGuvrOXhgHz6fD9M0OHhgH5s3t5NIJCnaRfw+P5UVEX798iv89Gc/51e/fplIOMzmTe1omsbOru20tjaTSMyzkM1i2zY+0yQWi2HoOtcGBpmembmntgArrR+qeoCy1uZlC2LdzFN/8gNe3Fr6kF2vQnWtx2VBKyGEEEIIIURpar25bIGmVqojJqQz1xeLGu5nztxLdXsH7fHFRaRiHTRGTKz05JqLSm2oxR6r3NBftbqzgbBpkZkYuQ8XTVAotN3TolePjJ/+Ex+2/4ij3/srfvDe4qJWT/4Z39oaJt372vVFrm7pZ/zdx238+Mh3+dvvH19c1OoYf/mNTiKZPl5e6tu6VAH71Ivw3s9K+/zj12i88XRDGdJHbt3z9WFXLBbJ5/NYloWiKASDQfz+Wy9SDxCPxxkcHKRQKFBXV0dzczMVFRX3ecT3ZkPCVS2fw7xygVxzO0owBKpa6mGamsfsvYzvg9+jzV1fgV6Nz+J777coiTmc+iY8XUeLz6KPDWH2XUGbHFvV81TPZVEunEIfH8aLVuPpBhSL6Ik5tPk5yOduWRunuC5aah4tNV/uO/kgJg4vzQb3PI/ZuTneevtdAoEATzz+JXbv2klLcxMzM7NYxSKRcJjammoKlsXb773P62+8yfDIaLnMGkohUmNDPS989TkeO3iAbDaLpuvUVMeojsXILCxw/MOPef2N3zEyOrZsHB4TE5O88bs3SafTPHHsKNs6O6iqqkTTNEKh0IomwUvl3RUVEUzT5PSZcwQCAQqFAtu2dhIOhaioiFBRcf2bBdd1SSTmuXDpMq+98TvOX7hIoVAoh6se3q2nx3u3sc+KMa7c37vF8a7n3t44lp1vSTab4733P0TTNJ595ik6O7YQCoaoqqokGq1asUqe53mYhklDXR1jY+Nrnm89V6728vNf/CcFy2JP967ya1RbU0NN9fX+xa7rsam9DV3T+OjjT/GZJl957hm6tm8nHA5REYlQuViqv1yxaNPW2oKmaRsYrsKKgHXNrPX6g/exRasQQgghhBBClM31XWaurYMD1Xs5sPTrVDrOqb6VgeVQ31no3FtaRGrxseuB7P1VnYlzathi2/4Y7fv30l7ekmHudP99C3eH+uL4ytdcnP13n651/4WXTee/bvzjH/J3P4Wf/MMP4a9/xNF/+RFHb9i25Cf/8Ant/3KYH//L4RvOvaw9wE//iT/lr/jxkR/x4yOLm1dVuy6FsEvnKh1/4anr1wbgvX/l5f1/z4tL57pZ1exDKpfLsbCwQD6fx/M8gsHgHbUGWFrbZ3R0lKmpKaampujo6KC5ufmuWgx8FjaoctXFd/EUbjCA09aJZ5hoCyn0/qsYvZfQpydWhCaq62Jc60WLz+JURPF0DS2ZREvNoxTWD0m1Qh5tYhRvYrQU4C5e+055ioKnani6geLYKK5bakFwFzzPI5VKc+78RaqqKhkYHFyzb6Xt2ExMTHLy1BlmZmZJJOZLj9s21waH+M+XXmZkZJTu7lK4Go1WAaXw7vzFS5w+e46z5y4wNDRMsVhceW7bYWh4hP5rAzQ01FFdXY2qKmSzOfr6T3D+wiVOnDrNyOjYqrG5rsvY+AS/ffMtrg0MsrNrB52dW2hubCQcDmOaBoqiYFkW6UyG6ekZLl+5yvjEBPFEgnffP87U1DR793SztbOD+vo6QsEgAAvZLFNT01y+cpUzZ8/T09dHOl1qDVGwLIZHRjl1+iymYQBwtaeXzMLCivHNzM5y9vwFKhe/pZiZnSMeT6wIl1OpNJcvXyW7UFrIzLIsxsYnyCy2XcDzUFUVD4+BwSEKhcKy5+8xODTMyVNnCAYCAAwMDZHJZFYEkJNTU5w+e45oVVX5uc3Pz+M4DtMzM/zuzbcZGRljz+5ddHZsoba2hlAwiK5pOK5LLp8nkUgwMjLG0MgI+XyB/msDmKaJsVg639PbRz5/fWzLFYtFTpw6TSqV4sD+vWzftpWGhnoqIhEMXcdxXRYWskzPzHD6zDmKdpFsNsebb7/L6Pg4+/bsprNjC42NDYRDIXRdx3EcCoUCicQ8YxMT9PT1r7iv98NGBajv/q+fEL/LtgBCCCGEEEIIsbRA1K0M9Z29aZA513d5jQrPEXpOj9zk3zc7dnFbPAEk1jxuhTXXo0jQc3F1P9Ybn8vaz22tsa695sWt7s0D9dN/4k9vo/LzJ//ww5tUqR7jL//xMHz8w1Xn+sFf/4ij3/gznn7vX0s9VW/nemvt897q67/zP//mkezT6nkejuOQTCbJ5/MYhlEu2tN1nenpaRKJBC0tLSsK+QCy2SwzMzMEg0Gi0Shbt25FVVVGR0cZHh4mnU7j9/uJRqMb1n5gI23YiLS5GYLH38S9eAZP1VHzWbT5OBTya4YpquugxmfR47N3FLh4ioJrmOCBsjiN/3aPdRUVLxqj2LYZp6YeOxBCLRZLVbPjw+iTY6h28dYnWn5O12V0bJz//W//jmEYpFJpLGt1P9F8vsAnJ09xbXAIy7KYnb3+EVosFhkcGmZ6eoZPTpykOhYjGAqioJDL5YgnEkzPzJLNZtescnQch8GhIX7+i1+VelKEw6iqQi6XJ56YZ3Zubt1jlyRTKc6cO09PXz/Rqkqi0SjhcAifaaIoCgXLIpPJMD+fYj6ZJJPJ4DgOicQ8n548xdXeXmqqq4lGq1aEq4nEPNMzs+X9l+RyOd55/zhnz51HWQzKs9ksM8vui+M4nL94ifGJyfIPT7FYXDV1fXh4hH//5X8SWAxHPddlLpEgm83y8iuv8fu33y0HbYn5eVLpdPlYy7J4//iHnDt/EW1xkbVcLs/0zMyK+7U0DmMxCHZdl4nJyXJYHU8k+OTESS5fvUp1LEZVVSXBQADDMHAcl2wuSzqdIZFIkJhP4jgOr77+O95973j5+afS6RVju1GxWOTi5SsMj44Si0aJRquIhMOYpoltOyxkF0gk5pmdnSu3flhYWODM2fP09V0jFosSi0UJh0IYhkGxaGNZFslUikRinvlkckMWtLrRqp/vu0hYVy2SFb8mC1oJIYQQQgghhLh/ntxHYzjDxEObID98ln53DwaDBAIBAoEAuq4zPj7OiRMnSKfT1NbW4vP5mJkpzXCvqamhUCjQ29uLqqp0d3dTV1eH3++nqqqK6elpkskklmXd9ozjz9qGhasKoKXTaOn0bWcnrqbhaTp4oBYLNz3G1Q2cWDXFls3YtQ2gaRgLKdTJCYyRAdTFxbLW4/h8FDdvxdp/BKepHS8UwTV0FMdDzWWwpycxrp7Hd/4Uajp5B8+8FBQODN78p811XWZn51aEqst5nsdCNstCNsvI6Fi51Nl13dt68xSLNjMzs8zF46iqiqIodzy923VdMpkMmUyG0bHx8nmWxrfeWJZC1kRifsVKcK7rrlsJ6TgOU1PTTE1Nr7l9ydJ5b2Yhm2VhOLvmtmx2bM3Hl7iuy9T0DFPTMzfdb34+yfz8zd8XjuOU91u6d6qqlu/bjfdidOzmY1tPOp0hnc4wPDJavt9L93qt18d13XJwOzQ8suKYtcZ1X8icfyGEEEIIIYQQj5L34qS/17msT2rJ03/x9xxtgPGP//WRrDC9XxRFwTCMcnXpUjaUSqU4ceIEH3zwAR0dHeX2kh9++CEAzz77LH6/H9u26e/vR9M0gsEg4XCYrVu3smXLFpLJJKFQqFwU97DZsHDVMX0opg9P1yG7gGatPb0ZwPEFsJvbcJpasYMhNLuINjmKfq0PPb86JLP9Qewd3Vh7DuLUN+GEK1AUFadYQEnMYV85j/+T99FSa4dwri9AsWsP+WPPYje3o5ilRbSWsh4nHMaLVuNW1+D6AgROHL/jgHUjLZVS381xwIaEZXc7hpsFql8kS/dgY/uXrrT0Gt3JNe7mGCGEEEIIIYQQ4ovnZ/zdn8Pfruq5OsmHf/43d7Do1ReLaa5s4Nff38+lS5dQVZX29nYCgQDJZJKenlI332PHjlFVVUV9fT1jY2OMjIxQU1PDrl27ANA0jVgs9pk/jztxz+Gqq+kUW9uxu/bhRGNg+tGmxjHOncAYH0a5oZLOidWQP/plilu240ZjeLqB4zgo6XmMUx/Dx++i56733XR8fgr7j1B8/Bmc2ibQtXI1peuFIFKJWxlFUVR877y+KtR1NQ1rUwf5p5/HadlUnoK9nKIopXHUNeE+dgxlIYX/xIeod9mHVQghhBBCCCGEEEI86n7G3/35o7Wg1MPEtm0GBgaYmppix44d7N69GygVos3Ozpb3Aejo6GB6eprLly8zNDTEjh07HtpK1RvdU7jq+HxYXXuxjjyJ09iGa/pQNBV7UyfFWA2R136JNnd9urUbq2Xhy1/D3n0QLxQpL0rleh5eOIJ3xESbnUK/cAoAT1GxNnVgHXsOt76xvP8KqoZXGcXatR/16gW04WsrNnuBEMXugzhNbWsfv0RRQNPwojUUdx3A6O9Bnbv5lHUhhBBCCCGEEEIIIcRq09PTTE9P09raype+9CUaGxvX3beiooJt27YxPz9PPp8nmUw+9BWrS+46XPUUBav7AIWnX8CpbwLdKE+z9yIGdtdu7Cvny+Gqq+nkHnuC4p5DEIqUwswli1P03Wgt9o7duJfPoTo2TihEcf+R9YPVpX6gqoZbFcVraIJl4aqnarjVdRQ7d8Btribm6TpuXQNOdQ2GhKtC3Lt1+q1KG1YhhBBCCCGEEOLzq7q6mueeew7TNGlpaSk/rmka9fX1AOWFwwHa2toIh8MUCgVCodBnPt67ddfhqt3QTOGp57EbWlG0Naba+4MUmlsxTykonofT0IS17/DqYLV8gAKailVTj98wUVwHp64Be8uOm1ecUgpoPN3ErozhKUq5FYGnqtjRarzKqtt+XoqigGlAMHLbxzwoyWSKC5cuk0gk6B8YuC8rvQuxsSRSFUIIIYQQQgghvghM06StrQ1VVVdM8TcMg66uLgB8Pl/5cU3TiEajeJ73yLQEgLsMVz1FwdrejdPQsmawCpTCUnfxv56H07IZNxZbO1i9fmbwXFABRcWtjN1+MOo5qFZhZY9XBTy/r9RT9TafG5SGgPPwB5WjY+P8/Be/wmeapNMZFrKrFwMT4uEngasQQgghhBBCCPF5oyjKivB0ic/n49ixYwCrKlT125x5/jC5u3BV03HaO2461V4pWmjxGXAcPFXFqm8AzVh3fwBcF212GrVg4QGuPwDqrZNqDw+tUECbmbzhfB5aJo1nF8Fc/WKufTIPdSGDvqxX7MMqn88zNjb+oIchxN2TXFUIIYQQQgghhPhCWapQ/by4+Xz7dXiL1ag348Zn8Q32lqbZKwq43vpVq56H57oohQJmz0VUx0bBQ0/No9jFWwzGQ7FtmBxDGx1csUlxHZTZGfSZ2+yd6nkouSxa7yVZzEqIu3GLzwUhhBBCCCGEEEI8uhzHwXXdBz2MVTzPo1i8RYZ4n9xVuKo5Nkoivu52xSoQOHcSdbpUSaq4LvrECIpVWP8Y10Hvv4o+tLggleuiTE3gzUzddCye56EmE/hOf4SRyaw8p+ehzc+hXTgJuYVbPi/PsWFsGP/5kyiF/C33F0IIIYQQQgghhBDi88y2bWzbxvM8XNd9aMNVx3EeyLXvKlzFdTH6LqEsZFZtUqwC2sUzGJ8eR11WdaoND6CNDq0+l+eBY6MP9BJ851X09HzpPICRmsd34n3Irr4OgOe6qIk5zPd/h3nlArirb6JayOM7dxLfqY/XD1g9DwoFtP6rhN59DWNiRGYqC7EB7rSO1QOpfhVCCCGEEEIIIR4iS+Hq0h/HcR6aClbXdcvjeVDh6l13idUH+/Aff5P848/iBUModhE3Pkfg3An0E8cxbuhZas5Ow1uvkDEMlPomPN0APJR0Gu3yOUIfvoU2PrxyQapCHv+JD0EzyR8+hloVu35cIY8x2If5yfuYV8+j5PNrth1QPA89PgNvvYoyN4W99wh2bT34A4AH+QLMTuLruYT/7Ceok+NrhrRCCCGEEEIIIYQQQnzROJ7CyMgoLS0tBAIB/H4/uq7jeR6GcYv1le732ByHfD5PMpnk4sWLZPPWZz6Guw5XtVwW8/jvUceHcSIVqFYRY2YSZXoCNZdDuaFmTfFc9N7LhOYTeE2tuKaB8v+zd+9xUdd5//+fwwwQClYqplBBaIhuXqCmpqm47XYyNQWzrMvQtqy9cuvnIb8auaZGuiV61da1u9qm5JpmaqZuB91MxCJ1TVjdQFIEV/CAUgGJnH9/zAADzHAYwBn0cb/d5tYc3p/35zUfyG4+e39e7/IKmS7kyHA2S8aCfBlqJd4Gg0HGnwvk9fUueWakqbRTl6rjjPk/yXA2W6YffzCvkLXXz1WWtgQ/XpBxX4JKv09RuW9XlbVvL0N5hdyKLsmYc0ZuF87J7VKRDBXOT90BAAAAAAAAV1BmcNc/du2Wt7d3VbhqNBpVXl6u0tJSGQwG855Ll1FFRUVVK4CffvpJycnJ+tvadTr/o+2731uTw+GqQZKxIE9uKf+SDG7mFafl5TLUs+rTWFIst9OnpJwzqpBUoQoZysplKCuzm40aDJKxqFBumeky/SdDFQaDKioqZKiokFtFudTIJciGigoZLhXK/fQpVZw7YwljK6QKy8ZXLrCUGQAAAAAAAHA1l0or9Mlnn6uiokL9+vVV+/bt5enpKZPJJIPBIE9Pz8taT0lJSVUrgH//+9/629p1ynFCsCo1I1yVzAGrobS0acdUlEslxTV7mjYi3DaUl0nlZc3uhWqoqJCh1Dm7hwFXhYoKmyvJK1QhA92MAQAAAABok/IuFuuTz3boyy93yWQyyWRqVqzYYi5eKnbKitVKrnEVAAAAAAAAALi0/MJi5Rde/r6mrszN2QUAAAAAAAAAQFtEuAoAAAAAAAAADiBcBQAAAAAAAAAHEK4CAAAAAAAAgAMIVwEAAAAAAADAAYSrAAAAAAAAAOAAwlUAAAAAAAAAcIDpBr8bnV0DgCvE//c/U2U0meRuMsnd3V1Gk0kmo0lGo1FuRqNMJqPc3NxkNBplkEEGg/khQ/Xz2g9JdZ5b/7P28/reAwAAAAAAMCttkVlMZ7NPtchEAAAAAAAAAHA1oS0AAAAAAAAAADiAcBUAAAAAAAAAHEC4CgAAAAAAAAAOIFwFAAAAAAAAAAcQrgIAAAAAAACAAwhXAQAAAAAAAMABhKsAAAAAAAAA4ADCVQAAAAAAAABwAOEqAAAAAAAAADig1cJVo9HYWlMDaAb+3QQAAAAAAGgZppaesF27dpofPVvtvLx08003tvT0AJrpROZJXSq8pAWv/kGFhZecXQ4AAAAAAECb1eLh6vwXX9Cu3Qn6fOcXLT01gBZy/72/1vwXZ2vOvIXOLgUAAAAAAKDNatG2AEajUV7t2hGsAi7u08//ofbt29MiAAAAAAAAoBlaNO4jWcoAACAASURBVFwtKytTAK0AgDbh5ptuVFlZmbPLAAAAAAAAaLNabUMrAAAAAAAAALiSEa4CAAAAAAAAgAMIVwEAAAAAAADAAYSrAAAAAAAAAOAAwlUAAAAAAAAAcADhKgAAAAAAAAA4wOTsAgA0jtHNTZ07d5J/txt0Q5fOuv7aa2UyGVVUVKxz5y8o+/QZZZ85p/yCn51dKgAAAAAAwFWBlatAG9CunZd6BnfXHbeHqfstAep43bUqvHRJP/6Up7LyMt3g21m39Q7R7WF9FHCTv9zd3Z1dMiRJ57Xtuds1YMDtGvDcNp13dJZtvzPPMeB32uboJFcorg0AAAAAwJlYuQq4uM6dOirk1u667lpvmYxGnTyVpdwfflJ+QYHKSsvk4eEhH5/26trFV9df20G/CLlVN3Tx1bfJR1RaWurs8gEAAAAAAK5YhKuAC2vn5aVuN/iqc6frVVpaqiMpaTpzLkeFhZdUYglO3QwGXch114XcH3WTfzf5d7tBna6/Vv7dblDmf7Kc/A2a6chyDZm6wfZn3gEK9gvUbePuVsSQX6qnn+flrQ0AAAAAAFz1CFeb6PrBj2hMSIH2rtqu484uBlc0k9Eo384ddaNfVxUXF+v4iZNKzzypkpKaq1HLKipUVlSkouJiFRUVq7y8XAE3+enWoEDlnL+gi4WXnPQNWllBptLSMpX2h3htloc6DZ6m12MeVR8fZxcGAAAAAACuFi4Zrna/7wkN7Wb1Rn66tm7crR+cVhFw+XXo4KOuN/jK3d1d2afPKuPkqTrBqrWKigrl5efrP6eydW0HH3Xt4qtuN3TR8YyTl7Hq1vPwyn2a3kcyGAySJENxgbLTdmv9O29rc+IFXUhcpifGHFTM2ljd4+fkYgEAAAAAwFXBxTa06qo7xj+hod7p2rrqXcVZHnsLgjRm/Ahd7+zygMvoums76Lprr9XFi4U6ffacioqLG3Vcwc8XlXX6jCTpRv9uDYxuwzx95NdntGa88Zk+fiNCAZJUEK/o52J1uMjZxQEAAAAAgKuBa4WrPW5XT5+LOrqr5irV45+9qzhWruIq4+7uLk8PdxWXlOiHH/MafVxxSYl++ilfpWWl6ta1SytW6Do6D3lRb/5+sDwkKXOdFqw76uyS6urWSc3vWBAov84tUAsAAAAAAGgRLtgWoJ2u7Sgpt4FhHUco8sEgeVteFqR+ok2JZ6o/7zFKUcOsg6VzNfqkXj/4EY259t+K29+pap4zCe/q82OS1Ef3ThmgrnaONeuqO8aPVE8fO+cHmsFgMMjoZpDRaFRFhVRaar8dQG0VFRUqLilRcXGp2rdr14pVuha/0fM1Z+d9WpgoZa7cpIOPRqu/rT2uirJ1ND5Rm3ds0sGDacoskCRvBfQbosioaYoY4if7W2PlK+PrbVoRt0mJ32bKfGiA+g2OVNTU0RoSWE986uFjmfe8Dm+LU1zcNsVnFljOfY+iZvxOo3s2HL96WOo4umOFVsbtUGLaBRXLQ51uG6FRE6MUdU/PRoS453V42zqt27676nt4BwSr/+CJiooarT4NBbgOX8PDih0wRes1WL//9I8a3VnKP/q5Vqxcoe3xmSqQt+5+faNeHVGzAPOYOO1MTNOFYsk7oL8GR07VjIn9G/ymAAAAAAC0JtcKV49l6sywLuo67Andq8qg04YeoxQ1zFtHP35X3+RK5jB0pCJlCTh7jFLUMGnvqnctgag5CB16Xx8d/+xw9Tzev1DkXWe0a9W71atiK0Pb0wcUZxl7/eBHNKbGsV00dMoIHf34XcXlVm5yNUJ3HF1vqQdovrKyclVUVMjNzSAZGn+cOZh1k9HopvLy8tYr0OV01oiIe7QwcYdUvFk7Ds5S/yHWEd95HVy9QNErE3WhToeFAmV+u0PLvt2hTY+s0tqZfWyEg9naMetRRccX1Do0U9/uXKZvdy6Td/h8rY0ZLT976Wz251rwwgJtT7MuoECZ327Wwv8+qLR339fMPvajXUnKz9imBdGLa81RrAtHdigueofWrZumd/88WT3tTFOUsUnRUxar7tdIU3zmAsWvj1X4nNWKiQy0cQ2aew0rZejCBSn725l6LDpe1aX4qX+gdbCard0LZil6e5pqXLHMg9q57GntXNFfz0Z2snsWAAAAAABam2u1BdBhfb7qgM5I6jrsCUVNeUKRg7vWGtNH9w7rooLU3VZB5mF9nnBO3v4h5r6sx7YrrsZK0zP6Jumc1C1A3a2n8ilQUo12A111x11B8s5P11arEPaHxPVVQavZOe1dVR2k/pD4b51RO/n3rF0r4JiKigqVW1agVpSXN2kFqpubm7zaeal9Oy/9lJffilW6Hp/bwjXY8nz7t2m1Pr2gw9sTdaHYW/0ema93P/5Sew/8UwcO/FMHdq3V70cFSJIy1z+tZQfrNm3N2PSiJVgNUMQbW6uP3btV784ZpWAPqdNtwfaD1SOxmvJQtHboHv3+b59Zjv9Kn/5trgab+xloffQ61d/QYJ2ef2iBtmf30bNvbNQuSw17P92omEeC5SGp+MhbemLZ17LZdjZ7m154zBKsBozSnHerv8fej1dpzqgASQWKX/KoXtiWbWOC5l3DaqeVuT1Wz0UnKjDqTX24q/JarlJkYOWYIh2O/Z1esASrAaPm62+ffmUed+ArffzuXI3yO6y343bUe8UAAAAAAGhNLhauSuaA9V3FrfpER/Ml75CRipryhO7tYfm4R4C66qKyjta6BT+3QAU+3upY480+uneKOaQ1twjwlm/NATV1DJG/j1SQlUp/VzjdxcJLKiy8JB8f7yb1TvW65hp16dxJJSWlOpV9lbWq6Oxn3thKUnFats7X+LCnJsa8qT9/ult/mTlaffx8qldW+vTU6Pmv6tluklSszZsSVTOWPqrdcUckSd2efVVzrW979/RTn8iXtfazL7Vqck/7tR05oozB8/Xh2pc1umdny/Ge6twzUjHzw81jTq/QzsP2p5CkgFEx+vjLv2jykMCq2/89Owfqnpmr9OYj5g3MijcvVt22sxnaFL1AicWSuk3Un9e+rMg+1d/D06+PIue/r3cfCZBUrMSFL2pTRu05mnMNa9q+fpP8fr9Rq6YNUVU3Bc/qZLro61g9sz7T/J0fWaW180erZ+eqauXXJ1Lz125UzN1X8KZtAAAAAACX54LhaqUz+mbju4qrWsk6ymrVaTv1fNASmlY+HgySd1V4WhmqDpAS3lXcqncVl3Cu0WcuyLnKAim4pPMXcnU257yMRqM6X3+dru3QcCdNo9GoTh2v003+3VRaVqbs02cvQ6WupJOC+1U+r3Pfujx7DlF/u/1Ee2pwhCWo23lQNde9FuvCafMzHx87S1N9fOrvdRo8Q6uWjpafrUNvG6F+lvOkZZy3MaLSYEU9e6/NOSRP9Z86TeaY9rQ2J9ZMV4sOvq9lRyTJQ3fPmGq7H6081WfaTEV4SNIRLVt3sM4KWMevYS3h8xUz2vY3kbK1feVm80+w20TNn2avxYCf+g0OtPkJAAAAAACXgwuHq5XMt/zXXHV60dzvdFXth/lW/e73DVBXndPeVfX0ba2Hty+398P5ioqKlPvDj7p4sVB+fl01oF+orr+2g93x7u4mBdzop5Bbu6u0tFQnMv+j87lX2xpsD9XT6LNBnTpVBnUZyq6RcQaqj2VxadqyWNm8Y77ByX2qNuCzcWK1SETo00fhlnD5dGKaqsss0sEdlrBSozRqcD0xsGd/3TPKvG1W8ebPVe/d/TbYv4a1dPOzH0afP6j4I5ZhEaPUQBtaAAAAAACcxrU2tGqMY5k6M2yAub9pYj0rTE9nWvVcbaTcVGXlB6mnf4iu1xlaA8CpvL3bq3PHjvL2bi8Pd3d16dxJfX4RonPnc5WTc14XCy+prKxMJpNRPj7eusG3s/y63qB27a7Rjz/l6/iJTJWVlTn7a1xmBSq+0NixRco+elAHvz2oIwcTdSQjW2mZBXbG+uieGfO1PXGBEosTtfDBIVp/9zRFRY1QeE+/5uS5Zp4+8mjuHJIkP/kFS/pW0rdpuiBZVrlmKC3RMmRwfwXXW7CnAvr3lzYnSkpUWoY0xG63g6Zcw8YrSjusynLD+9TTagEAAAAAACdzoXC1q+4YP1I9faQzCdYrTs0bWOn0AcsGUof1eUKAooaN1L05VuM6jtAdHXfrm2NS7k8XpZAAdddhc8DaY5Sl5+rFBmowb3zVc1iQ7hqcqk2V4W2PUbpX2x1aBQs4on07L3UPvFkBN/mrfTsvXbpUpLz8AnXu1FHXXdtBXX07qaS0TBUVFTIYDLrmGg95t2+vsrIypWecVM6FH5WX3/yQq+3JV0blvejePjZDz/yMr7V9xQqt2HlETbpCfqP15oceWhy9WJuPFCht5zJF71wmed+mu6dO1dRRVr1Dnch2SFvd1kABfrJ7V79F526BkhIlndaFut0VHL+GjZRfVWx/BdNSFQAAAADQivr27dus410oXJWO7npXR3s+ojHDnlDUsOr3C1I/UZz1KtVj2xWXO0KRD1qPu6iC1D7SscP6IXG3jvqP1NApT2ioJJ0+oLiPCxT5YCNu96+ae6SiQirfPKczqSN0/bHdLfE1gXp5e7dXUMBNuiXgJnXw8VbBzxeVcfKUzp47r+uv6yDfzp3Uvn17ebib5GY0qqysTJcuFZl7tJ47r9Nnz+nni4XO/hrOkZ1R1eezW3C3WredF+no6qf1xNtHLLfHe6jTbSM0KmKUwvsEK7CTj/J3z9KDCxNll9+9mrvqXk2zhItx8Ud0oeCIdi57TjvfClbUm3/RtP4ukLC2mha4hk3iYS8tBgAAAADAJbhQuHpGP+RKSlyvuMb8vTx3tzatshd2mjfD+qbWu5tWVT//ob7z1De3zeMO6/NVDWzxDTRCOy8v3XLzjVXB6sXCQp08laXvj2coLz9f53LOK/fHn+Tdvr3cTSYZjW4qLStTYeEl5eUX6Ke8PJWWXm2tAKrlH9mtbyVJHgrvX/N28vzdC6pCwYBR8xUzY7R61spBG9te1CdwiCa+OkQTla+j22K1cMl2pRWnKe6ZFxXw8R9ld5+mVndepzMtT7t1ssolPdSpm6TTkjKzdV596l29ev50RuUk6mQVbrbkNayPp0/lpIlKOy01uNQWAAAAAAAnaQMbWgFXh3ZeXrq1e6B63tpd13bw0c8XC5X5H3Owml9QIIPBoJLSUmWfPqu0Y+n67uj3OvzdUX2X+r1OZP5HF3J/uKqDVSlDO9bFm596jNKIYOvPzmv35h3m1Za3zdXS+XVDQcf4qOfol7X2w/kaLElK1ModR1tiYscUpelgVW/VYKtNsgIVPNjy9OARna5zYE2nDx+snETBVZO01jWsy6dbsCq7AWRm1LcrFgAAAAAAzkW4CriIoMCbdGv3QLXzukZFRcXKPHlK3x/P0E95+TbHV1RUqKKi4jJX6bqyt8VqmWWH+dtmPKr+NRqunq7a0KlfxGCr0LGF+A3W3Zbw8rStJqWXSX7idm2XJHko4p7+Vj1nPdX/ngjzStbiTdr+dT3rS4u+1vbNlpv+I+61uo6tfA2tBfbRYMuK2cSdiSJeBQAAAAC4KsJVwEX07nmrPD08VVRcrGMnMnT0WLp+/CnP2WW1Cdk7XtZzCxPNqyoDpmlOZN3oz9MS1h1Ju2Bzjvyjm7Rwib1eIUU6vOl9HbSX8hWdVprlTvpunVqzSehB7YzPsH3rff5BrVhmWVkaMFURNdNlefZ/VDNuk6RibV72lg7bnKRIh9+KlTlbDdBTEf1rbArWvGvYBJ79FfGUZe1q4mKttBcGZ29rmfMBAAAAAOAgwlXARVSGqSlHj+no9+nKL/jZ2SW5tKL888o4uE3LnvmlHozerkxJCojQG3+erJ51Rgdr8ChzMli8/mUt2HZUleuBi85n6OvVT2vMfy/WQQ9vm/snZW+bpWeWLNMz94/Q06u/Vsb56rCv6PxRbVvystaflqTbFHVP3bO3nGIlLhmv+55era8zzltC1iJlH96kBVOettQQoEfmT7RxDQIVGTPfvCI0c52eeOxlbTqcXRXUFmUf1qYFj+qJ9ZmSPDT493/U5BqTNO8aNlXPyJm627zUVpuff1QLth3V+epidXjTy3rsoQU6yI5XAAAAAAAncqENrYCrW/KRFCUfSXF2GS7rg6cG6QO7n3ooeNRcxcwZrUBPW597qv+0pYo4+Jw2Z2Zq+8LHtH1hreMfeVNvTLyghQ8uUO21kH4jpmrazjS9lXhB3779nB5629Y5AjTq9VcV2ZqbWUXE6N3gHXpuyVt6/qG36n7uEaxHXn9TM/vYvAiS32i9vrZY0VMWKz5zu5Y8sV1L6gzyVvic1YqpsytX865hk/mM0Py1c1U8ZbHiC2ydz7yp1tooadlDLXA+AAAAAAAcQLgKoG3y6KTgwNt027gITbz3TgU2tLmSzxDNXbVW/VesUNzORKVdKJa8A9RvcKSmTotUfz9PSYcVINUN6nz6aOKbnysi+7B2rFut9YkHlZZZIEnyDghW/8ETFRU1Wn1aeVd7Dx8/9YmM1Zfhh7UtbrXitscrs0Dy6BSswXdH6amp9za4yZRnYKSWfhmuw9vWad323Ur8NlMFjf0ezbmGDvAMjNTSrf319fYVitv0tb7NLJDkrYDw0YqKitLoPp2l/N3yboFzAQAAAADgCMPtQ0a06I44H3+4Vg8+9FhLTgmgFbTGv6uLX1koo8kkd5NJ7u7uMppMMhlNMhqNcjMaZTIZ5ebmJqPRKIMMMhjMDxmqn9d+SKrz3PqftZ/X9x4AAAAAAIAkuRtKW2Qeeq4CAAAAAAAAgAMIVwEAAAAAAADAAYSrAAAAAAAAAOAAwlUAAAAAAAAAcECLhqtGo1EnMk625JQAWsmJjJMyGo3OLgMAAAAAAKDNatFwtaysTEVFl3T/Pb9uyWkBtLCR992twsJClZWVObsUAAAAAACANsvU0hO+/Mof9Pvo2Rp53926+aYbW3p6AM2UkXlSFwsLteCVJc4uBQAAAAAAoE1r8XC18NIlzZ23UEajkVVxgAvi300AAAAAAICW0WobWhHeAK6JfzcBAAAAAABaRquFqwAAAAAAAABwJSNcBQAAAAAAAAAHEK4CAAAAAAAAgAMIVwEAAAAAAADAAYSrAAAAAAAAAOAAwlUAAAAAAAAAcADhKgAAAAAAAAA4gHAVAAAAAAAAABxAuAoAAAAAAAAADjD985dfVr24/ctfOrEUAAAAAAAAAGg7WLkKAAAAAAAAAA4gXAUAAAAAAAAABxCuAgAAAAAAAIADCFcBAAAAAAAAwAGEqwAAAAAAAADgAMJVAAAAAAAAAHAA4SoAAAAAAAAAOIBwFQAAAAAAAAAcQLgKAAAAAAAAAA4gXAUAAAAAAAAAB5gu9wkH//ciPTXyZvm0yGzFyv5mhZ5/80CLzAYAAAAAAAAAjXV5w9W+8zTnt0Pl14JTBgbM0ev/jtQLX7TgpAAAAAAAAADQgMsbrt7asXrFalGxipo1mYc8Pc3/9OnUzLoAAAAAAAAAoIkue1sAswId/PNoPbOhGVNMWK5dz4e1UHsBAAAAAAAAAGgaJ4WrV6d5a3dpdMckxd4/Qx/YHTVbG/bep07fvqVfPbf5MlbXOA+/uVUz++Vq29DJWuTsYgBJFRUVNf5Z+dxgMDirJAAAAAAAYIf139crn7flv8Nf9eGqOSz0rvVugQ6+MUa//dApJQFopIqKCpWXl6usrEzl5eWqqKioClnb8h/MAAAAAABcyQwGgwwGg9zc3GQymeTm5tZm/x5/1YerZidrrMR8+M2tmvn8Ln0xzDVXjwJQVah6Pq9If/jaU7v/463si57VA9roH8oAAAAAAFwN/NsVacRNhZo3vFDXtveUyWRqkwGrm7MLcEUfPDdGsd8WyKffNG140dnVAKitoqJCZWVlij9WrPvWX6v3j15XM1gFAAAAAAAuLeuip9YevU73reug/ZnFKisrq9Hyr61g5aodHzy3V5F771PgL2ZLes385kPL9EWNTbTqtg+o3WYg32bvVHNf1UDLq4xP7tKEV+vWMG/tLo0OqHx10kaf0wj96dNp6l9VkI12Bg3WPFsb9g7VhTfGKHus5Xz51X1ha9SQn6Rt39etE7jcysvLVVpaqi/TDTpdSKgKAAAAAEBblVFwjT79vkD9/EtkMBhkNBqdXVKTEK7a9ZoOZ96nwI5d9bCkDx5api+e76G0N+6qCibnrd2l0U8s08MfWjaoenG1ZvaTDlaNma0NeyfrTw9trg4zfcI0c+9JbRt6lyZUzjFytea9WjM49ek3TX0+uUsDH5MqQ9TRe1dLVQGrJVhVkmKHVp9///O7tOFWS1jbmJolSd4KfmKrOiVUns9qbIBVqPvQMn3xvLek3Ja80ECTVPZVLSkpkbvXdUp4SrrBW+rUTrreq3pcG7yTAAAAAACAq8YPhdKFi9K5n6VNh7xUUpIvd3f3NrdJNW0B6pF2oUDy6ahgSfpwhn41tOaq0EVbkpTv00MjHjK/frhrRyn/mHZXjXlNE2odo/wkxVqtQF20JUn5ull9arUfyP/2LavVrJv123drjnv4zcnq73NS2+63CklfnaxtmVLgsGV6uJE1V/l+dc3Vsy+u1ugAKeMTq9D3wxla8W1B/RcNaGVVm1iVlirmfg8NuVnq0almsAoAAAAAAFzb9V7mv88PuVmad7enyq02q25LCFebLEJ/+nSX9u/dpf3Ph8lH3up0q/mTDxKOKd8nTDP3rta8lj7th2d0QVKnrhGSIjTiVm8pP1dptYYt+vdJqU54ar9mex7u2lHSSR220a4AcLaKigqVV5SrwzX8EQYAAAAAQFt3XTuTysrbZs9Vkol6BHeyDjArA8ppCv7+LQ0cepcGvpGkfOsDPpyhXw39TBm6WaP3msPMltsQ65gu5Es+nXpUv5V7xurWfmuV4Wkjaraj5ncHXEtlawAAAAAAAHBlaKt/13dSz1VvBU+I04djmzGFR0erTZpaw2z1CZCUaQ4wzbfh29gwqo7XNGGoeQMscz/VXdog2xtWNU0PdfKR8r8/Vv1WZT/YOmMLdOH7ptRsR2VLBMCFtMU/aAEAAAAAwJXp8oarF4pVJMlHkk+3m1suHC1uqYmqPfzmUAWqQAe3vFb9Zo1+qg1b9Nhn6rP3Psut/JubV9CLvRUoKeOMeZ7d309W/351w895v7hZyk8y1zms6TVX1f7vkxod0FF+D0lyJJgFAAAAAAAAmqitLaq6vG0Bvlimlf84qfyiYhXZfdQ6pt6xBcrYs1oLtrRsmQ+/uVUz+3kr/9vVVSs+PziTW7OX6UPL9MXzYTUC4nlrd+mLNyOq33ixtwJVoLSEpgerPv0m609VfVNna8PIm6XMz6pWwH7w3GodzL9Zoz+1bF4lVW9ClWDe5KoxNdv16nfKkLf6P2E1/0PLNLWfd5O/C9Aa2toftgAAAAAAwL62+vf8y9wW4Kw2z4+qdw3nI3/cpplWAV7R96s19Ol1rVyXuUfq6KrXJ7Vt6Bgtsh7y6mRt+8UujX5+l/Y/Lyk/SbFDP1Pk3vssA2ZL//5MF0ZO0/6906oOy/jkLgduyS/QwTdWS09YziVJmZ9p4GNWq2i1Wb+9X/rTp9M0c+8uzaw6zup8DdZcn9c0YeixmvPnJyn2k5OaObKp3wcAAAAAAAC48hgUXR0L3/7lLy9/BV1Ha8Zvw9RJkuSt4GEDFehp9XnRSX2dcEwFkqRcHfzT29p85vKXCaBhi19ZKKPJJHeTSe7u7jKaTDIZTTIajXIzGmUyGeXm5iaj0SiDDDIYzA8Zqp/Xfkiq8by8vFwlJSUqKMhXSI/Aqs9rs/UeAAAAAABwTanHMuTj08GcJxiNrX4+d0Npi8zjpA2tqt3220c18ddd7Q/wvFlDfn1z1ct+3se0eebnl6EyAAAAAAAAALDP6eHqkT+t0OriofLzaMzoXB38E8EqAAAAAAAAAOdzeriqM1/q7ZgvnV0FAAAAAAAAADSJm7MLAAAAAAAAAIC2iHAVAAAAAAAAABxAuAoAAAAAAAAADiBcBQAAAAAAAAAHEK4CAAAAAAAAgAMIVwGgifL2LNbEMTO17ZSzKwEAAAAAAM5EuAoATZKitfPXaF/qp3phRYKKnF0OYE/SYgUF99aiJGcXAgAAAABXLsJVAGiCvL+/rdez/DR82H+peP3b2njc2RWhxVjCyKCYZGdXAgAAAABoIwhXAaDRUrT2j7ukYc/q9f+boUc9/qVFcS29ejVZi4J7m0O+ysdvPlKO9ZCcjzQ5eKo25tibw3E5m6fWPd+VpqHrl55+ZX9/AAAAAECLIVwFgEbK2/mO3kj30KNTR8rXc6CmRLfw6tWcjzQ5eKKOL4lXetp3lsc6TUmI1qArPfB0BWFzzdf8r+Pk6+xaAAAAAABtgsnZBQCAKyrKy1NOVqpOpZ/QnpQUHd/zLx3PSlVx6Hw9M8hTktQ94lk9GvO0Fk2K0PtBt+iOsFD1Ghii7v63qPuNvurg2bRzHloRrT3DYrQvwjraC9W8tO80r+W+Gq4W/iEa7uwaAAAAAOAKx8pVAKglb+eLCr39Dg1/cLIenb5Af17xqY5L6v7Ak3pj4VjdWDnQc5ie+b85Gh8mKe+A1q5YotlPTlbk/eEK6/OI1p5qyllzdDxdUkKq6jvsUExvBd0ZrT3aq9l39q7VIzRHG3/TQEuByjlikmXdgmDy5t1aFNxbg+bslRKiNcjyvv3NkBp3LrO6rQ5qzlt3rsmba81U2Q/V3udWt/rnbJ5q91z1Xr+cjzS51tzVbRJq1Wjzu9q4JsG9G9XH9VBMA99f9n5uOXbmWKxD9ZyvvmvU4Llq/Syu+DYSAAAAAFAP0+1f/tLZNQCAS+lwY4i6e0gpHcbqzx+/qnvquUf8xuGP65Xhj1e9zktaqckTlispKFS9m3Rvua/G/26SZiesUWSwtCltrvraZZe1iwAAIABJREFUGNU3+julP7BYQRNO6LWvVmh81TlytPE34ZodtE7pfw21vJesRcETNSgmSOnRoTUnSn9bk4Nv0fPWq2IjvtOomN6KTI/RvnpvjW/CuZIWK2jCGilqXfX7SYsV9MeP9Mxfx8k35yNNvtOyYjfNcs6cjzT5znd0KMJ8DQ7F9FZk3FC99tV3lu+brEXB4ZqseK2uscrXHJgOXxKv9DTz+4dieityQm9pw3eaF1bf9atHQrQGBZvPn151/trf1XJNVP09cjZP1aA5auA8luMSJln9zM3fL+jvNn4Otn5udueYqD2Suts93wrz2JyPNPnO3lpkuUb1nsvy85xiNfZQTG+9sHlorZ8FAAAAAFdXlpOqLw5m66KXn+4YGqKuxqpPlPvdQe3JKNA1/qG6O7STjPVNdJVj5SoA1NbrcW3+cLrC8rbomUmL9U1e4w4rOv6Bnvvv5UoKmqBVa+aqbxPbAihsrtI3TJK0RpENrhytzVfj//pdrRA1VM8sGSrFfVJ3FWPCLXreToDbcufK0cY/rpGGxWif9diwuVV9TQ+tiNYeTdIm6xDRd5xWV9aW85HeiJOmbLAOKEM1b8Mk7ZnzTp3vNXxJzcC1b/Q6TZG06u/1rxyt39BaAWmoRkWp5sZXSe9odoI05XfV38M3IkavDdur7Qn1rOtMekezE4bqta+sfxbm76eEaP259s/f1s+t8twbbMzRmPP5jtPrS4Zq1R9rrUC1ca6c9BOSJmmUVQjbN/o7glUAAACgDco8nq2Ccqn852x9szdVZ8ok62C1XNLFrBM64eQ6XR3hKgDY4NnrKa37eL6Gn1qjRyc0HLAWHf9ATz+4QHtunKT3N7yscEezpspNlb6K0XBJqyY0NWRVjdu2B83Z62AhLXCunL3aniANf2ConVWwydoeJylqpN2QNyfhU+2pFeZJsvQTPaHjDd6PbglCbQXMzdVACwcpWykJ9U9x6O9rpGH31/19CRvZ6FD40N/XqHbg2dTz+Qbd0ojvI/kOu1/DtUaRlhYMAAAAANquoP/qpW4e5ufmgPU7HbMKViWTOv/iF+rhxBrbAja0AgA7PLs/rL98LD394AI9OsFfOz97vNYt1hZ5X+glS7C66WMHVqza4jtOq9PGWW7ZjtaqCYs1qqGVppW34Kv6FvrKW9NbXGPOlZWqPZKmBNlJmnPSdVzS8F5+dk9zKmWvpL2KDF5j49OhGuXwF2hhYU/qtWFrNLuy3YGknM1va5WG6rVh9pJ2S59dm/zUa5gsq2ND623RcDxd0rCQ6l7ADY1NiNag4Ggbn9tY6Vqb7zitThtqbi1wZ2/Nlmq2fAAAAAAgSSrLSdM3xwtU1qjRJt3Q8xfqef1lvvm+XTcNHiIlfp2i08VS+c9n9K+fq2vq/IsBGh7gdXlraoMIVwGgHp7dx2pKxALtSfeR3czU00OexdKgqY+3TLBqzXecXl/yqQbNMa/S7Gs3ZUvWotq9TVtNI8/V0G71vkHqLul4PUNu7DVU0i12e9A2rCnhY3NYeuZOsA4uJzVQt6+6B0myGbBaVr1GBdUTrFrNEWdeddqosWqop25DzG0hxkuWkH2igkTACgAAAFg79v0pnf2x8eNzj55Rzzv8W68geywB61dfp+hsceWbJl3fi2C1sWgLAAD1ytKpJEm9/O2Hc57+6hUi7UvJataZcnKacp/1XtU4nWUV6JQHWiDgauj28MaeyxKe1unlWcW8OtNW79SqKSy3oW9vSluEGswhZd3WBLWuX7Mla9GEE+ZNr9IqHw0Hwn0fmCQlfKr42hco6ROtUuN+nuYAujEtEuo5n6PC5mpT7f6zAAAAAHSNqWmR2zXeHVqpkoaUKTfjP8optn6vVD+dzLT0YEVDCFcBoD5FWUpJlQb1svwfxLx0xf8lSqG3ReiFzSkyt2L1141hklKyGuxZaVfSYg26M1xBwYtrBo05H+mFOXulqGerN1SyrAg9nm4VZ1UGmVY9Os236Tet52qjgrpGn6t6Y6ZBMVa9Q5MWKygmWZKvxi+JMffw/I1VAJvzkSZXvvYdp+ejpFUTavf4TNbGzXWL3DMn2mpcjjb+ZqJWaZKet95wydb1a66cdB13JLANe1KvDdur2Xda/9wtK4OHxeiZRvRR9Y14VlO0V7PnWIfYljkadT5JOR9pYyMC7EMxvS0/u+rzbI+TFNTQClsAAADg6hIwcIQiRt7V6Md9t/k4ocqam1dJJnla7nGvuckV6kNbAACoz6lsHZJ0R2fpm9UztWjpp0op9lFQkLRpTqQ2xQzQC8vn646gEGm9ecWnQ7efh81VetqT2vib8Dr9Rads+E6rrUM233FavSFVQRPCFTRHqrz9fN5XMTp+50QFxZmHDV8Sr/QN7yhoQuPL8I1YoU0pvRVZbz/N0MafK2yu0r8K0WSrsZI0JWqkDknq6ztOq9OCtCh4Yo0+oMOjYnQqR/L1Ne9Gn/7AYgVV1lQ1Zp3C5Vsj1Bu+5FlpTm8FVW4kNSxG+9Jq3QJv5/o51nag9py9tarOh/XNb77FvntM7xo/9+FL4pUe0di4MlTz0tZJNa7hJG2yvGfrfOGbp2pQcG+r94dq+JIgjQ+rb6VssvTAOk2ZUPNnSc9VAAAAoG36+fihWptXDdBw3x+terBm65uvTRoxrIeuc3Ktrsxw+5ARFc4uAsCVYfErC2U0meRuMsnd3V1Gk0kmo0lGo1FuRqNMJqPc3NxkNBplkEEGg/khQ/Xz2g9JNZ6Xl5erpKREBQX5CukRWPV5bbbec0TRnpfV68kNllce6jVyhuZFP647fKW8lE/0RswCrdqfb/l8gF7bFafxrdvcE7ZYNv7SknitbnQo2dLnT9XzdULUHPPmT83ucwoAAAAALSsnea8SsopVZ/Oqi6erAlZ5dNEdv75N9rchbjmpxzLk49PBnCcYW39zL3dDaYvMQ1sAAKiPp6d85KHOw6br/V379Pf/NQerktSh10jN+9s+JX0co8gQD8nDU54tvaEV2oRDK6K1J2qkjdWplZtIAQAAAIBr8Q3tr/7+nXXzf9XavKpdNw0e0ks339BV/YdcnmC1LaMtAADUw3PQXCUfnqH6UtMOvcbp9a3j9EpRvcNwBbux11BpzkQteuA7zbNq4XAoprci46QpG1i1CgAAAMDVeCkg9L8UYOujdt10e/9ul7ugNsmlwtVrug/RqLsGKsDHvYlHFurY39/Sx0dbpSwAV7tGJqYEq1cv34gVSg9aXLfnqq2erwAAAACAK4bLhKvX3P605kzspQ4OHt9xeF99fPRQwwMBAFce33FanTbOuTWEzVV62lzn1gAAAAAAuKxcpOfqED0x1vFgFQAAAAAAAAAuN9cIV2/rpS5eDQ8D0HSeQeM1Y/FyzX9muG52djEAAAAAAABXENcIV00mNbXL6pVrrGYsXa5XngxreCjQAM+g8Xr2qTvl7y516HGf7g11dkUAAAAAAABXDpfpuVrH2f16e9N++58H3KcnHuih1lnwGqanFkUpxHrywhS9N2+Fkhs9x1jNWDpQ+Wte1MrGHwS0GOtgVZLyUj/Se/wuAgAAAAAAtBjXDVc79NDYB/3tf27yaZ3iQ6fqlUm95JUVr5nLt1jeNIetj08fa/VeQ/N0UUdJ+a1RI9CAusHq+1ryzgEVObcsAAAAAACAK4rrhqtOEaanxtcOViUpSSvnJTmtKqBJfMcSrAIAAAAAAFwGrhuuluQqM/Os/c99eqjLDR1a9pxjfq0Qr0Kl7mrE6tQxsxQ73HplbZbiZy3VVkmhT76qxy09BUImLVfsJKkwNU4vvZNUvTK26rhCpTamdUDt42y2KRirGUvDVXe9byPPAQAAAAAAAKDRXDdc7dBDQ4b0uKynHNPdX1KWzjYUQo6ZpdjhUvys6doqqbJtQPj0sdq6fIuS33lRM8fMUuzwjjVDzdCpemVSoDLXTK96b8z05QofP1WhyfX0c7UEq0qN08x3kqqOe3zprKpAtypYrVp1a+kbq6b2ikWbl7NFb680VW9kFfKo5jwpVq8CAAAAAAC0MDdnF+ByCvOU2dCYrUs1syrUlKQkrTyQJfn30Jj6jkteoZdm1VxBunVXigq9AjXQ7i7u1a0KXnqnujXB1uXxypK/Bj4ZZn5jTA/5y3rVraWmeufGlaoofaPeXvmVskrMr80B6wB5OrcsAAAAAACAK4rrrlxtE2rfhl+oG0KlhpeJWlaVVvcGkE+AneNCByrASyrMz6j1wRYdywpXeMBAhSqpnlPmNrwSF1ckc8AqqxWs4/R46AHaQwAAAAAAALQQVq7W5tVBAQ0OGqsZS5crdmm4tGe6Zs6arpl7shoxeZieWrRcsUujFJAZZz5uTYoKG3Fk7jk7G2pV1rv1H0ot9FLIXWOrzzXAX8o6ZrXCFlcb6xWsecc+0+cEqwAAAAAAAC2GlatWth7PUrh/xwZXn46ZHi5/qw2sGiv0yQnmDbMc2FyqY5cwSTYC1qo2BknanzlBISHh5tBXkqr6r+JqVpS+UcvmbnR2GQAAAAAAAFccFwxXC3U2K1eljRrrpY7+HeWlQmUeONT8U289pqzh4ebVn8kNhJINrQjNzFOhOtZ9vzBD+5sSrCbvV+b4XgrxCVTNcHWsevhLhan7zTlw6FQ9FCKlWm2WBQAAAAAAAKD1uFi4WqJjWxbq/xIac6O8JI3TzNhw+StXZ+3cNd80W7RsTRe9MilcsdNlteqzskeqebVqZn6hFGLevGqrJI2Zpdjh/pL1Df7J55Q7qZcCBoRJyUmWt3KlEPMGU8nJkkKn6pVJveSl+iRp5caBemVSuF55MqNqU6uq1bPvtMgXBwAAAAAAANBErhGu5heqUJKX3NUlpK98Er5WvrNqSV6hl5LNYWrV7fWSVJii92atMK8SfWeDUhdFKXzpcoVL5tvv1+TplUmBVhNt0bI9PRQ7PEqxS6PMx89bqvjuyxU+abliJ1XOGa9fWZ+ncqOqkCjNGJOkZVstNWmqXplkmat2PZa6Pxzwqh6vnNsa7QEAAAAAAACAFme4fciICmcXIYVoUvQz6mvjLvrGKVHWntcV+/G5liyqbRkzS7ED8vTevBU128VaVsfm7pluDmqBVrT4lYUymkxyN5nk7u4uo8kkk9Eko9EoN6NRJpNRbm5uMhqNMsggg8H8kKH6ee2HpBrPy8vLVVJSooKCfIX0CKz6vDZb7wEAAAAAANeUeixDPj4dzHmC0djq53M3NK4paUNcY+WqUrVmzT90/dRfK7D+e+TtcJfP9TdIunrD1THd/aXcY/XtwwVccTIyMiQRrgIAAAAAAOdwkXBV0sntevOlePndPlBDApq6hDVXqX8/3CpltRXmPrAD9VToFqsNrcZqxqRe8ipM0ResWsUVKDCQlasAAAAAAFwJUo9lOLsEh7hOuCpJylf2P7/Qxn86u462J/mdF/Xek3V7rhamxmkmm14BAAAAAAAALc7FwlU0R/I7L2qms4sAAAAAAAAArhJuzi4AAAAAAAAAANoiwlUAAAAAAAAAcADhKgAAAAAAAAA4gHAVAAAAAAAAABxAuAoAAAAAAAAADiBcBQAAAAAAAAAHEK4CAAAAAAAAgAMIVwEAAAAAAADAAYSrAAAAAAAAAOAAwlUAAAAAAAAAcADhKgAAAAAAAAA4gHAVAAAAAAAAABxAuAoAAAAAAAAADiBcBQAAAAAAAAAHEK4CAAAAAAAAgAMIVwEAAAAAAADAAYSrAAAAAAAAAOAAwlUAAAAAAAAAcADhKgAAAAAAAAA4gHAVAAAAAAAAABxAuAoAAAAAAAAADjA58+QBw36jBwd0lLvVeyXZ8Vqxfr8uOa0qAAAAAAAAAGiYU8PVsAF9FOhf603/cN27fr8+dkpFAAAAAAAAANA4Tg1Xk1Iz1LeLv7wkSe5yd5ekjvK/q4e6Zzo2Z+G5Y8rOb7ESAQAAAAAAAMAmp4armZ/8r17+xPLimof0/2Lu1A3yUo8HpqmHo5NmxWvGso9aqEIAAAAAAAAAsM11NrS6lKpzec2fpjA/q/mTNNtYzVi6XK88GebsQgB5Bo3XjMXLNf+Z4brZ2cUAAAAAAABcQZy6crWmw8r8oUR9Org3PLQeuef2N7uSMdOXK9y6F2xhit6bt0LJzZ4ZuLw8g8br2afulL+7pB736d7QPVrJLzIAAAAAAECLcKFwVTpyLl+jAjo2Y4ZcZSU2p4IwPbUoSiFK0XuzqsPUMdOX6/FFUwlY0abUCFYl5aV+pPf4BQYAAAAAAGgxLhWunjt2VoUDOlo2uHJA4VkdP9eMAsb8WiFehUpdUzNE3bp8urY2Y1rgcqsbrL6vJe8cUJFzywIAwAHJWhQ8UaskSZO0KW2u+jq5IgAAAKCSS4WrOpKrPMnhcLXk3DEdaHYRXvIJkOpfompZ4WpVaGFqnF56J6mBucdqxtJwVXUcyIrXzOVbqj8OnapXJvWq/v60I4AjfMcSrAIAAADOkrJSwx5crixJGhajfX8dJ19n1wQAaDWus6GV1OxNrfLPHW7e+bceU5Yk/+HLNWOMvUHmYDUgM04zZ003P/ZkyStkgp4KrWfu0Kl6ZWm4tMdyzKw4pXYMV+z0sZYBYzVjUi8ptXre+NxeeohNsQAAgANObY5SUHBv8+P3CQ3/T7aiBL1UOT74ZcU34v/KfRPTu+oci/a1RNUAcAXo3FndnV0DAOCyca1w1bKplWMKdS61OT0BJGmLls2KrwpYY5cu1yt1ws0krZw3veYq1a3/UGqhlwIG2AtCw/TU+F7yyorXsqr+AklauTFFhf49NEaSQruoowqVeaB63q3LpzdiNSxQS84Wvb3yK2VZ/lXqEPKo5jw5QJ7OrQoAcJndGBQqj8oXCak63tABKXu1serFFu1JaeiALJ2qGjNUYUEOFIkrQs7mqZaQfao25ji7GriGZC2q/J81MdyHBwC4srlYuGre1MohJWd1rEVyyC1aVrmytFDyColS7FLbK1lDn3xVsUuXK3apuUWAl0+g7SlDByrAS8o6vqXm+8nnlKuOuiFUUvJ+ZRZ6KWRSfatmgcYpSt9IwAoAV7ugUN1T+TzrgI43EHodTzmg4qpXxdqxr4F0tShdSfstz/0HqDv3vF618orOO7sEuJqiPFpSAQCuGq7Vc1U1N7XK+votbWlsYFp4tuEVGU2SpJXzklTVJ3X4LI3ZulRbZQ5VHw/xMvdEnbVCyZU9WBuY0X/4csUOr/t+VoCkZPP5xkxfrvDKcbV7sgJNYA5YVdV/tUPIOD0eekArWTwAAFeHDrdoUIi0PVWS9islSxptNwDN0aF/pNZ4J2t/qnKe7mW/T2B6quIrnw8L4RbYq1heemrDg3B1yTuvU86uAQCAy8TlwlX985xyJ/aSv6SOIeM0NqARxxRm6PNVH7ZSQVu0bE8PxQ63rDDVVD0U4tXIDaxqytoz3aotgG1bl0/XVkkaM0uxw8MVO10ErHCYdcDqk/mZPidYBYCrSJC6D5KUKknFOpSeJYX52x5alKqkBEny0KiRQ7X9k11Swl4dyhunezrYPiTvVKp5sxZJg8KCuDsCAAAAVyWXawsgHda5XPMzr47+8vdvxKPHQN015HLWWLM3aoOS9yuzUPLvPrbhsZW2LlV8lqSOXVTfPllAQ4rSN2rZ3Ola8Oc9OunsYgAAl1X3sKFVz/elZNkfWNVv9VcaNXmYekmSvtC+dPuHHE/+wvLMQ32D7IS2uArk6FQ9vye4SmWd0DfOrsFVBAXZvwMAAHBFcL1w9ZqaL0tKSup5VI4qldSYJa71CdNTi5bb6K86VjOG+0tZ+823UyefU66sN6+ytATwqm/uys2rwmttkDVWT1W+HjNLsYumWgWpY9XDXyrM3C8WGwIAAEf4Bg1QVey574TdFkrf7fvC3G914FD1DrtFd0iqv+9qjo6nVHZo/RWbWV3l6K2JuoqsejhfhXyDaJUCAFcRl2sL0PORx9W3Y/Xr3AOv6w+bztkY2UOToqdZxnop8IEoTcpcqDXNaLy6f+N07R/wqh6v1Ru1MDVOM6taAFS2CYhS7NIoSYVKXTNd8XctV3jVEVt0LCtc4SFRmjEmydwKIHmFXkoeqxlLK4+zzJ0lhSpJATqm+NxwPb50efWJs+KtzgsAANBEvcybWq2SpNT9Op73sLrXuc0/R9/tz5YkeYQF6Ub5KWyYpAQpKyFVp57upRvrTHxCKQmWpyEDbcxZS16Ktq14R+/vOaBDqedVLMmjc4jCf/2wHo26X+ENTtBURTqV9IneX71F8fuTlXK+WJKHOocM1T0TH9fzEwc2sJLM3vGhumP4WE2JGqe+DS5Fy9HG34RrdoKkkX9U0v/+Sh2k6mvxj73al55fPW/Es5o3uXZdOTq0+R39efWnirdcN5+gAQp/xNbYerT49c/Rjv/3tN5IOa/jlvnM9mr2nb01u8bYoXrtqxUab7PYPB3f86lWrf9A3+xLVXq+JPkoKGSA7pj4sKY8MKzh3y1bivbrpf6T9X6xJP2XFu1ar8fq/hLXcXxdhO6eb+4fe/fyb/SXB2ydvAV+N3I+0uQ7o7VHkjRJm9Lmqm99wzdP1aA5eyVJw5fEa3VE3RNUj5mgVYdfVrinJOXom9VL9MZ6y++azy2KXLJar9/d+HWURaeStS1upVYlHFCK+Qdk/h38tY3vmvSeHvj9FhVlVf4sLeImKiiu1sRR65Qebef+vLx0xf/9Pb2/7oC+ST0h86/FLeo1aIAefeRxjR4epIZ+LZp9PS77n1kAgLbM5cLVkI41/0PVoaO/JFvhaoCu97F+7SUvHxvDGi1JycmSkl/UzIaGbl2qmbV7pyZbeqVWDlle87XZFi2bZbt/avLWLZK22DgGAADAUbdUBaVSso5nSXVSibx/aY8lKB0/MESSp7oP9JMSsqX9e/Vd3jjdWPuY41a3/A66pZ4VWnk6tPp3mvzqAeXX+qT4fKp2rl+gnesXq1fUH7U6eliL3DpbdPwjvTR9gTal1l43V6zzqbv0/vxden/pXVq0IVaPdbfRKfbUJ3rhf160c/wBbU89oO0rFjSt5vw8FSlP321eoufmbFHNu+gt8746WTs2P6l1H85QX08pL+k9Pf2bJdpX68Llp5vHbl8/SZs+nqu+9Ta7bb3rn3c+VSnN2MfK3veT8pWeukvp83fp/fk+unvBar0+sVeDYVoNngP16O/89H5stqR/6f2EdD02saHl1en6Zl3lF7pfkcNsnLE1fjdaXLZy8iQVfaEXnvydNln/suWfkKdnY69kkb77S5QiYv9VZwVqfvoBbV9xQNtXLNGgF1foL5NDLT+fLKWkNmdzM/u/r8o/oZR/nNC8f2zQPJ+7tOhvr+qxXo35Lk29Hpf/zywAQNvncm0BPt+ToryqV3k6duCQnZFfK/F49UjlHdN+FnkCAABY8TUHpZKkbO1Lz6k7JH2/dkiSBigsyJzUde9V2av1U9nqDFCUlaLKt4eH3WLn3Fna9j93K9JWUFJDsVLintbEmORm316es+dlPXB/tI3wq5b8XZp3/1RtrLWdeVHSMj1w36yGj7fU/P+zd79BTZ754v/fFjXrAzLz60g7Y5htDY6TMN0mTo/g6QqcVui2Yi2i1mKr4Kpoa9Wi2PVvrYuoVZRa17airqitaKtordgeQTsEtkdw9wvpdki206T1DOnMNo4Pws6w0Z09vwf5H5KQQBDUz2uGmZDcf677uq/7SvLJdX+ujIVno5sRvekLNr6Ww7QegdWgrZoPsaKiibaa18l4MVTg0Y/1OAXlTRHq7M7Xf7Q666I4PgC6qN88k/zyVr/vB9FJzV2MJxmXqeoyHb2tYLnGCU9c8KU8soJibgPWNuLuBk6bkbLgQCLgf433xl63PGRgNVAXLdsKyHirKebz01O07RXX9ftCAWUt0ew1lvoYuteMEEKIoW3IBVf/+ecD7K46S+PXn1PzznaOhA2YdnPt4Hb2n27k67oT7HjnMBJbFUIIIYQI5AuUgqH9px6ve/OtjtSR4r51WqFNw5Mh6VJ7z+iqxdTsfjSGdHXosVsdB4pZ2eAOUYzUMHNLNfV/asP6XYfr76+N1B8qId1955H16Gp2tvcjVGE5xZJFn/iClyM1TFt/IGCfpis1lM3QMBJQF67ief9bxe0XWfLKIbypZEdqmLmlBsNf3eX9ro12v/UBbjVtoKC8NYoASzP17rpQZ6/lxJU27zZbPitnpt+gStvRJczcfMV9K/RE1hyvx+QtfzVLdSO9y946eYpLYeJLA1v/Scw67KmXGhZ4n5/Mzj91+PbxXQfW7wJTAjjb91BUcsUXvEqcyJpDF2jxq+eWLw6wJs13S5r1aBEraiNMyBZK8nMsyHY/tu3nTC9fFCytp7w/GMzNTiMgBDmgbSPezJS9UsgRK4zU5FH2ia/9WP9axawo0iOAidMVzd7AqnpGORcC2k49Z3bMc7edyWwqznCNXNWv8y7TssPX71BYE9QmOoJSAjhpq/Brr0BiWglHvmj0K3tge4UfODKvtMcPJP2pjzveZwkhhLhnDLngKkDX3xr57Mxlrv3c3cuS3Vj+5yynr7Ty8z/vSNGEEEIIIe4qCrWOdM8/JmvQaDobHU3ugGv+RFI9TydpyNG4l6j7JmgiLDuWVk+QdjKpoe627jzFxt0/uB6rX+TIV7XsKkgjJckvZKVIIiVzMTVfHWDuSICfOFJ1uY8j4Gx8vHaL74d2dR4fflnLe0UZAftUJOt4+Z1amj6poXqDzi+A5uTqvvUYbgWuv6tAR7J3IQVK9/oNOyZ7g2i2o+v5Y7h5vwKMZWZlPQ3vz2eSd6MKkrQz2LV/M/qgpUdmbKb+66O8mq7yllORnMabH+1z1xfAFVpCBXfueP1Hy8bp8kPeAPhIXQkXvj7Kq5lqkvzqOSklg1c/qudEoW9UtGHtdj6PqXBKnil80X2ebvFxbaRAp19KgJEvMi3dP7R6J9o5u/j2AAAgAElEQVRGfN26dYuRGeU0nN/Gy3pf+0ER3ahV7GZaPLFsVQnvvTOD1IC2o2JC/jpq/lLPieObowzYRtB5jrIqd3tlJPrVZ2j9aDFZKUl+Zfe012oWePucZt7cdrHXNhtVfcT9mhnJaPdsgpnaMSGXEEIIce8YksFVIYQQQggRJ8lqJniiPa1GLP4RJocZQ6vrYWa6xi/YqCY1072SuRVLQPTgJ0wt7odpOkKlLe2oO+gOdI5hTeXbZEVKTKjMYMEGdyS34TJX+xLdM13kQ6Pnn7Es3bGZZyIEfJL0usBJuuwX+fCkJ3o2hgVbIq+fnL+PAy95KvUndh3oLSg5hgXHa9mVqwr9cspEZmp8/47MKKfh8JyQdYsijZx837+dN3ru+Y7Xf7Taj1HmPU+T2Vq5mNSw8T4lkzbso8w7wPEKO2tii1Qq0uew0l3lt05e5Gq46KpfSoCR+VMD89gOeNsYAKp5VL8/I8REdNHyq4BEJeFDsiompYdp0zFoO7rd98NIxmbeW6INv09lGpv8f4xo2MPHvTWLKOoj/tfMaJJ6S/MrhBDiniHBVSGEEEKIe9pY9J7bo/mGTv+hq6ZWLgCgIUcTGE1ITctzP/oCg//oyE4rbe5Y00i9OkTAwkTjSffIVs1intH2XsIU7UT3o8u0R0pKGkaH4RTem8azl7FUH+UIPTd76xfumdsBzWLmpve2voKsgmV4w0oXm2iLeHewGm3EXJdqUtJ9/03KnRwhEKQgRT/R+5/BFJzq4c7Xf7TaGk75cni+NC8wLUNIap4vetr7X89R1L3R8nzx4+7Hn3CiIXSY05cSYCQv5wemBBj4thF/6cvnMym2SyBQ0kSmZbgfm7ezoryJzgE7BiP1Nb7MrnMLp/YeFE7xS/nAT1zopdH2Xh9D95oRQghxdxg+2AUQQgghhBADSUlKugYumgEzJpsTz5BIi/Waa5GRE0lNCVzLlXf1EwxAo8kKme6Ig82MZ+DqM7oQk1n531Js3kLO+C0xlPVWH3JU2ulo9QUYM3MnxjazPNDZ3ux9PDJTQ0qEZb20Op4BjgDeoHVUK4YWSyxMEWnpO17/0bJjMfmCaIEjpcNT6qaQzhVXmzOb6PQ136gkZ88hc/M3GID62svYc2cEzfDulxJAtYyZQfkZhkLbiJWCkb0vFFESs7bso2XRcs5YXZM3ZR5NRJ39HAty55CVrfVLidBPdisd3mYxmXRtVK2CCdkTocHVf5lMNpyow7anXutjyF4zQggh7hYyclUIIYQQ4h6XovaNdGw0eYZZ2elocAeV8if78q16+OddbTJ7c7V6A7JoSFfHGsYceCmqSPfz9m6SOtr8iCq0aZ7HZqy9TnEu/EV9npJVfm3zJ+yx3mOfNIWZnlGOTae4FDwBUuc1znhiqy+FuA783FdtI3kKuz45w07vJF1dWBs+YVPJTDJ/lU7+G3v43BTvhAdjSY66Wfjl0bDduPOpF4QQQgg/ElwVQgghhLjXqXVkuh/aTD+5AxE/0N7kei5TH2oUoV/eVW+uViedJnckiomkhBqN5+QOj+S61e8d3lMjz+54/Uer/+epb/wntvqGE02B93B3Np315tqcm9nzfvChWZd3iFLLrHdqMf/5Ake2vEiOOtH9QhftFw+x8oVJZP/ubGAe51gNhfY60GWI1yhfIYQQQ5akBRBCCCGEuNcljSVdBQYb0GDEwhQmWH7gKgBjSNeGHi6WmpYHVZ8A52gxvU2W3kanZ+aZjDC3SCv8YgmazdSfnzPAd0SPDAheWGx20Mc2etU/9mGx3wCiWd+GqdXzeAyjh0oA5Y7Xf7QCz5Pd7oBoEjh02ujw/pOIsg/17JrY6hN22cBUdZmOArV7hKqNxtpvXAup5pAVItfmPdU2+kqpJqvgbbIK3sZpt3K1bj87K77AdAusZzeQe0NB0+GpUdVMD/7tlRtE3yzMvn8iTroVYxnids0kMetwB7P6vR0hhBB3Axm5KoQQQghxz1OT6pmg5paZTjvYzZddk/iMnMKkMBO4uPKuAtyizWoDpw3PwNWRWnXoYEqSmlRPikNzEx0Dfr9uEilaX05FQ4s55lFoyfrJ3se2hm8IvnM8JJORS95/JpM6VGYGv+P1H63A83SpKbrz5DBe9ub4RZNGSp8yUfhNbGU7RaNndnl7K/VG9xLFU0KmBLgTbaO3enAO/thOL0WSmqyi3dR9Xc0C93HdalrPh+2R1wvLv71yGYMpqlZBW8M173/a9LEx51kOW4Yhdc0IIYS4W0hwVQghhBDinuc/w3wz7TaweCbqyU4LP0rLL+9qi8GMo/Mn2twvhZzMCgANmfmeSMUV9lYZBzw0lJqR55uy5uR+Tsc2pTxJac950yZgPMiR9t7DXY01+/HMgcPUDCYMmdGJd77+ozUhe473PN06eYjP7b2tYeXz6ive/1S5j/d5RGFy7nxyAPiJEwZXdNXR3owBgMeZmxE6AjogbUOh9AsGXsMSqb12nmXjW9ciLDBIlGksLfYEnm9hsfZ6MsPQkVPgbRWcqLpIr1uyfMGRBs8/Y5im7+8vG0P3mhFCCHF3kOCqEEIIIcR9IFmt8wa2LNYmLO7hgOmZmgijvvzyrjYY6bCZXKNdI05mpWBSwTI84Q5rVSFLam1hlvWxd/Y1OOO+7dsbX/mGTcvepjHS5jov8kGdX+7NpKkseMlTOz9xZO32iOt31i5nyUnPFOdjWFA0uX8j5+JqEOrfG9lupj3SyEP9HDbpfMtuXHsqQr5OB1fLl7PJ6Pl/MivzwwyxjoZyivcc2/adow0nbU1fuF7TzSArOcx6A9E2lGPQqjz/mDnTag1ewr2xy6xZtAHDrdAvDxhnExufyKfMEKlNOLGYwpQbAvMptJiJFD+e8NI69J5/mrawpsYaPrjpaKVs2Ra8A2UzljGrH83CZQCuGXsTZbPTUY9PJ7+8qfeAsRBCiLuaBFeFEEIIIe4H2one/H+GuuPUmwHGkOmL8oSUmpbnenCrmSMn3fkpw01m5d3XfHYVe0a23sKwNgfdK9s53W7D4R81cdqxGI6xYnY66c/up7HX4WLXaAsZpdHy2y3z8B6J9RMWPJXPmhojnX47dNqtNB4oRPd0KbtK1vOxd1sKspZvwxNHDljfu7oTR6eRj3+XT/baZjzxrpEvbeZN/ZAZtuoyYPUfylj02b7/TmzbTqO30pzYLSa/OlQza8MibxDrVtMWcp4s5AODFbtfPdstTXzwSg5zj/7g3a5+y1pm9Smpp4crgKYCuHWKC4ZW6k+6XskseJpwsdWBaRtqJmT4UiS0b17OmlqTrw6cdjrqtpP/7HLOWGHkyJEhtjFQbJx+bTknuswcWZSFbvbbfBzUbpx2K40VhRQd/cn9zFgydYEnJ0k90Xc9mrdTVuN/fDY6LH733qfkscm/vW6eRtorB2m02H1BVqcdi+EgBU8VccQb032csvUz+pbrNVhcrxkHlyqWc8TYBXTRfnQ5e1tkLKwQQtzLhv3Hk//1f4NdCCHEvWH71t+TMHw4I4YPZ8SIESQMH87whOEkJCTwQEICw4cn8MADD5CQkMAwhjFsmOuPYb7HwX9AwON///vf3L59m3/8owvNuEe9rwcL9ZwQQtzfbJx+JYc3W/2fm8eJ79YxKdJq9osU/brUffu0W0YFLb1OYGPj89fyWdnQFXUJ03fUU5MfHOy18vH0aWzym7+GwmqsG9KClnNiqVlO7mZfcCuyRHIqL3Ag13cUzvY95L9yCFOUIwVHZmym7v05pISMrdo5vTCLN5sAJrPzT1URg4Nt5anMPOp6nLmjker88Avba4tJX+tO61BYg3WDLsRS8ar/3jnqV5O27Isw9T6GNZ818Krf6MLOutfJLblCtCVTv3SAmt9nxCGIZuPj2TlsMsLIxETo6uIWT7P3z3/g+V6GHse3bQCmg2S/UEmEsZ+u7ehKqN2gZM2LWzARvm34t4ne2k9vOuvXU7TsXK9l81AX1lC3QRc0qZSJD56dya5wG5m6j/Z3p/iN6o21vY5l7qFqtmaGPs6+1Ue8rhkjHzxRwC6/zei31FNbEPu1JYQQ9xvz9z+SmKh0xRMSEgZ8fyOG/Ssu25GRq0IIIYQQ9wUVKfqgEXBT00JO4hPAL++qd0tpY6MIdKl4/v16Lmx5msTeFh2pYeaOMxwIGdhTk1XweOBTJluIiYUUpBRU0XRoHtreBvolTmTjJ/UBgVUAhX4VdV9WMFPT2wZGoi08QNPhCMGzQRev+u+dMmcVu7LD7eUnDKbAW6yTc/9A0ydrSe+1YInkbDlDbVwCqwAqsvJdbelWV5crGJw9lawocjrEvW1o5/Pe6scJv7WRaGdU0PDpYlJVI+N0/NFJztlGw5+qWZPW2wkaiXbGPqp7BFYBtPx2x6Lw1+LFVjoCnnC11zPrJ/beXhOfpuyzmrCB1b6L1zUzlpRs/wMfScroXrcohBDiLibBVSGEEEKI+0SKbkrA/9HNsu2Xd9UtSxvtBDJKUgv+gPGv9ZzZsYhpaRpGezeViFrzNAt21GD4Sy278rVhy5JcsI8Tq59G7Y5PJN7oCpvDMClzHXXfNnKhcjNzszXedSARddpzbDx0gfa/HOW3+jB7S57KrvMtGD4pZ+nUiWi9BR7JaM1EphWXc+ZP7dRtiFfAbyDFp/575wpK1R9ay7S0sd7AVKLaVV9vZvQMQCn186n5y1XqD4U4T5qnmbvlAPV/buFAQX/K1ZNvYiuXnNwY8uXGtW0oSF1ykqZPylmQ7XdeRo5Gmz2PvZ8ZqHtnqitdgXJ0hLQFAyQpjVc/aqH9iwNsDDhWSFRryHlpM0e+MFD3zpSwZVPoV1H3VQ07C5/2rT9yNNrsFyk7NCfEDztKJhQdxfjnCxzZ8iI5Gl9bInGse70LtP/lD7ysHagsx/G4ZpQ8U7qPBbpEIBF94T7ezBk6WZmFEELEn6QFEELEjaQFEEIIIcTQ5p9m4jk+/PNunpG4lxBCCDEkSFoAIYQQQgghhBjKLNc44cnf+1JeVCkBhBBCCCEikeCqEEIIIYQQ4j7gpPHodkwAjGRublqIXKFCCCGEELGR4KoQQgghhBDinuds30PZyVuuf3TrWJAuoVUhhBBC9J8EV4UQQgghhBD3HKfT6X5gp6N2PfmvHMcKwEjmLs8jZRDLJoQQQoh7x/DBLoAQQgghhBBCxJeRvU8U8OGtnq+oC4+yKVNGrQohhBAiPmTkqhBCCCGEEOLe0mmlLVRgdcY+qjfoJNeqEEIIIeJGRq4KIYQQQggh7inOG12gTgRrF5CIOm0yc5ev5bfpSYNdNCGEEELcYyS4KoQQQgghhLinKPTzqfly/mAXQwghhBD3AUkLIIQQQgghhBBCCCGEEH0wtEeu/uIhJj75LBP1DzMK6P75/3Ht0tdc+7l7sEsmhBBCCCGEEEIIIYS4zw3Z4Grify5k5Qu/4sERfk+qVIyb8Cy/afuUio9a+eeglU4IIYQQQgghhBBCCHG/G5rBVf1CVs/6FUpu47jexpUrrdi6R6Ga+Cy/majiwQlzKcXB1o/Mg11SIYQQQgghhBBCCCHEfWoIBlcfYtYzrsCqzfAHdn923fuKxfJXWq/NZuXiX/PwhBnMurSd0z8PYlGFEEIIIYQQQgghhBD3raE3odVD2WgeBhxmLvgFVj3+afmU/7Z0Aw+TkjHqjhdPiLuNQj2LVdsr2bw0k18OdmGEEEIIIYQQQggh7iFDb+TqmERGAXTd5G9hFmn/+SbzNSqUD2qAtgEohJ7FZYVo/GO33SaObarCGK9d6IrZOk9Ja2kF5+O1TSGCKNSzWLb416hGAOOe5Tc6Awfj1oiFEEIIIYQQQggh7m9DL7j6r39xGxg1fDi/gJCTVj00yhX17O7uiv/+dcVsnadllK2R1ZXn3E+6gq3zS/L8nuunR5TIuFsxkAICq4DDfJZjElgVQgghhBBCCCGEiJuhF1z99nt+vv0rlA9ryfslnPzf4AU0/CblQaCbm5bv47xzPYtnBQdWAdo5uKk9zvsSYuD0DKyeYMehazgHt1hCCCGEEEIIIYQQ95ShF1ylkcvfZjFuwoOkLXidnz86zBVLt+ulX4wjt7iQCQ8CN/9K3f/EedfTs9GM6sZ8pZfRqdNL2Z35IObj6/1usXanErjpF5j1jIL1LOJOLfBISSVZKtdTWRWVZAE2Qwl73PkBpvu9TtBrALpF25j/yI8c2/QzUyqyUAUsF5jSoNt8lI2HggLDQeUKXCaPVRVpdB1fz9+fdpfDXW4WbWO+X66EkNsWgy8pTwKrQgghhBBCCCGEEHfAEAyuwt8+OkrjQ6+TpRrHtNe285vbt10vjBjBCIDuH7l8/AQ9p7vqn+kpKsDG3+Ny63Qeq+ZpwXyU1e4A5PSSSmYv0rOxsoTri7YxX3OTxqCcq67Aqs33vK6YrfMq2fpQUCBzlJb5FUoaS0vY41kvs5Ldmd2Yj5ew2og7CPwii3XtviCwNzBc4n4uj1UVhWxdhN/2R/HIrG0kXithdaXfehqC1gvathBCCCGEEEIIIYQQ95EHBrsAoV3nsz2/59jXP3KzG0aMGOH6o5ub1//EH7e+S12PdAFx0u2IT9BW9xAP0s31a76A6PnKksgjPaeXkqXqxnzcL+BqrOJTczejNNlMD1jYFhCYPW+xuZ41+I2mPf89NkbxyES9+4k8VmWq6DZ/4hcQPcceg41Rj6Sh89/89U8CR8s+9CB0/0ir/3ql6yWwOhTZz7H/4J+wuX+TUGrmsnbRRBSDWyohhBBCCCGEEEKIe84QDK6O4qFf/orMF7JR/u1T9m58g1WrPX/r2Hv6Og/lziDzMRWJg13USIytXO8ehWZeJaum9744eEbO3uwxctZ47Ue6UTEu0nauO+judQfjUAUFfL3rjlLySIRVjdd+pHuUlvkVpUR5OGIQOa2nJcAqhBBCCCGEEEIIMcCGVFqAX6RMo3hBNo960npmZpEH3A5OCwDwZBZ5OPi+7hh/vPI9/4xXIdxBxv4PyHRNguW7XR/oMVFWCBFGzj74kB7ob45TV8B397weO+ZhHeEP3FjFRmMeqyqyQuaJFUOPK8CKN/+qUjOD+bprMtpYCCGEEEIIIYQQIk6GTnD1lzNYtjgL1Qi47bBh+ZsNxozjkYceZNQIT0j1Nt03f+a6xQZjNKSolIzLXcKyxD+w+7P+38x/3mIjS/Vg5CBjrNusLHHduj+9lN2ZWewuIXKANUJw9+bP8Zg8qjtoIq5YnGNPqavsnqDxKiTAOpT5B1gTr3/Jf0tgVQghhBBCCCGEECJuhkhw9SFmveQKrDrMJ9hxsDWqkaiJ/7mE1bO0qP5zBrn//S51/R2+ev57bJlZaJ7OA2MvI0xj3nYFjSmVZD34EDrA+PNN0AQtEia4q5v4KKOw8X1/g5ju43tkoh6M/QvUnq9sZFxFVpxG04qB5LSeZs+604NdDCGEEEIIIYQQQoh7ztDIufpQNpqHAcdfqYkysArQ9T8H+O/vu2HEo2h+E4+CnGPPcRPdqix2l+T5Pa9ncVkluz35Rt0TRWmezvN7/cXAnKXTS9ldVuw3SVQe41TQfb3VFTe97uiZR/V8BY22UWjm+eU11RUzWzOKbnMD/R8g6p68SlMYmAdWV8ziXhKpTi+pZOsivd8TYfK3CiGEEEIIIYQQQghxnxgaI1fHJDIKoOsmf4tx1f/56Sazx6l48KEJQFv/y2KsYqNRz+KyQnZXZPme7zZxrLTKPaD0HHsM41y3+Vdk4bnVvvVpVy5SgOl8T+PNLOZXVPq2YWtk9aF2734+nbiN+UH5WM9XlkBJpTevKcQ5t+n5ClZfL2brPPd+XQdHtzkPCDdaNw8sjdzMLGR3RaHvcAwlkr9TCCGEEEIIIYQQQty3hv3Hk//1f4NdCPRLKJ+nZZTje77+9u+xrfvQr3hynJJu81E2HIxDcFUI0Wfbt/6ehOHDGTF8OCNGjCBh+HCGJwwnISGBBxISGD48gQceeICEhASGMYxhw1x/DPM9Dv4DAh7/+9//5vbt2/zjH11oxj3qfT1YqOeEEEIIIYQQQggxNJm//5HERKUrnpCQMOD7GzHsX3HZztAYuWr+nr/f1vKochxPPjmuDxtw8P01CawKIYQQQgghhBBCCCHunKERXP3nZd4rt5H59K94KOYS/Yufv23AEGs+ASGEEEIIIYQQQgghhOiHoRFcBegyY/jMPNilEEIIIYQQQgghhBBCiKg8MNgFEEIIIYQQQgghhBBCiLuRBFeFEEIIIYQQQgghhBCiDyS4KoQQQgghhBBCCCGEEH0gwVUhhBBCCCGEEEIIIYToAwmuCiGEEEIIIYQQQgghRB9IcFUIIYQQQgghhBBCCCH6QIKrQgghhBBCCCGEEEII0QcSXBVCCHEXsHPpjXQ0049hGeyiRMVBY3khBQeMOAe7KOLe4Wii7JVCPmi/f1pVW3kqZe2DXAh7K3984yV041NRj08n+7WDXLUPcpnuVu3bUZcbB7sU9xA7pxcWc1raoxBDiI1Lb71E2mOpqB/LZEX9fX6B2s9StPAs93ktiPuABFeFEEJEZjdyuvx1cp/Uox7v+qCY/8axOxxcSOKZdy+wNcmGI+B5I2VD8gObE4fVSJv1RlBwNdbyDoXjuzNlaCuXAIFH2LpwdmFpN2K13z/B1cHmNB2k4LVzKJfso/W7DqzfGTiQ+wMb5+2hrbfT0L4d9QBcO/ba4sEPOAvRH/azFN1VQfah8F58v7t7zoGjbjsrHPOp+7YD67cX2JqZNCD7kc9NQgwtwwe7AEIIIYauzvr1FK21MbNyM9WlfyBJAeCks+UYa17Ix/B+DW/qFXemMPZmLqimcODO7K2fknj+cDvPD3YxxL0laSrV304d7FLcVxSqqbz3kcrd9wEoSMndzNaWdI4YFjEhRzmYxRNCCDHEWNqv8HLRH3CFVJUo79DHZCHE4JLgqhBCiJCc7dsp2p3I1q+OMikgfqAgOX0xNV9NocN+hz4xOo3sXHuNuTtmIJ9RhRB3jFJFzzFHClL0abRZbYAEV4UQQggh7ncSXBVCCBGCldPlzcysrAsKrPpRqElNvkPFUYxlaeU2lMFlsdvukhysbrGWdygc3x0pg51O64Dv5C4hdXE3cDhvkJI8elD23WltBfWg7FqI+LD9wNW7qREPhffi+52cgyDyWUGIoUZyrgohhOjJdJkPlYuYpY11RQcWwzFWvJLrnfwl/41TtDlCLNq+naJaO2DnavVq8t05XTVPFlNmsAUtrAwKrNr5fGEq6l+XYmjaQPr4VFc+2PHh8k+Z+OCp1VwKUQ57bTHqx7bTFmKtjgPZbDT4J1aM/vjstcXu4+tLeaNd3kFH3XaWPJvuev2JXJaUX6QjVH2H4rRy2jPpwng9abNX88eWWMrch/Pt3qdufCqaNy5jritGPT6LlU3NvPlrzz5S/eouHDtttdtZMj0TjTsXcFF5E51hF3dNSuQ71rc5bQp14qJf7oPXcv0mOdpOY4ide/NjOkx8Xv462U+4jk/37OuU1VkDcvLae62L0JPXhN3H7NV8bAqTGDSg/D3/es/pGUvb8+TKc2KpfZv8J1JRP7aaS/7HEabelWpN+P3Xvu3Xb7zEihojPXcfed/2loN9uH5MXDo6hpkZcc6j11ubat+DZnwqM6tuceRFv/MVKXdlpIlEwrzWtzqJdb3g8xeq3/db2nSRsqC6+Tz4ujQdJOONyyHagJ3TC1PRhKwnEx889TaNoS4TZysbn3ibq2Fz65r44Kn1PdaNqqxukSZsi3kyt6D2k//GKTrClj34ffclVlS39mgLjrrXyThgCrG+kbLHwvTTjsusmH4qTCDMyM7HUlG/eIhbRwv8+pzg9+DoyhdWiGsp9DnorR+J9b3bvVbA+380r/nyidpbjrFitu99LZoc9501L5FfE+H6qXud3OqgSFyPPtf//T9exxOhzw/gXi7k+R6Iz0N2Ti90tTl7y0GKntSjHp/JB/5NPcr3+MDNnqVofCozj+Lro/372KA5DCL1e5H6094/K4QtYJSfm3z1E9yfRe5XQpyDA63YFaOJZSyGw3SWjQHXQJjPlXGqTzpPkT/7VPjPj46LLLlrJtQVg0mCq0IIIXqwtH+BMlsX4nbYCJwm/jh7GhtNY1lZWYvxuw6s39WzNdPImoWhv2g5TedYM3sDbdpV1HzdjvW7DozH87BvLg78kNtDEs8f7sD6p3IyM8pp+a4D63cdWL+rYlbIQmuZlH0ZQ49Z1h20GcawoMDI1R77s9JWpyPTk1O2D8fX9/JGs7yN0wtzWGPQsPK4wfX619Ws1Daz5qliTvf2JQArH7+SzwXtZhq+7cD6XTtN7y9CWbvBPRt9L2XoS304mtn5u3MkFx/F+F0H5nenoMmtwvpdIzszJrPzT559dFCdH6H12S+z4sklnHBOZdOnBszfdWD9Sw1LFfvJfauJ4LPsbN9D7rN7uFGwmybPsVZOxfpWATv92kT0y20n+9ljKIqrvJMc1SzXcOG10PXeWbud/IXHceSuo+4vruNrPTQfRXUBRTW+L7xJfakLT9W2HKNo4XGc+Zu9+2jaoOHM7PU9f1ToPEvRs3voKvSUv42Wz8qZqZnMziuudTfpI+2tL22vi8aK9ZxRLabmLx1Yv93NM0l+9flUUL2/PweqiymoCDU0x71/Uxq7vnT1G+avdjPXtp2CcmOP8x9u307D22RstjH3kPsY/lLLpmwbO9+6GDGI01lbSX3hKp6PY0aAqNqUfhXm7zo4UwgLPvG1D+sGXfzK0cc6iWk9h5GP3yjmCHOojqLf76wtJuN3zWiXVwfUjeF3ORTV+n2R1qbxTENTz4nGHN9gUM3j5fZWOoI3bvmGC7oMJoTKN6NIY25xM0cawkSITc2cychjkt+6UZc1rpxYG7aTv9bIhPW+vniT9iz5vwsRbHYaKXt2Gnudc3jvK7/rx2Ag40QAACAASURBVLmf7Ge3B9SfMm0KKXXf9OzPTa1YCuahNHzTY/vO9ibach8nJWRZdbz5bQfWT+ZBYY2vDX+3jgl9KF/o6mhi41NbsL3kuZZaqFs/hc6KLXwe0Bij6Udife/uB7uRD1/LZUX7WFYe9ryvnWFrppmNz0YK8kNy7nySqi72bN8AOGisu8HcbN9IYVd/sx9nwHvdHJz7ppEdsg/ti/B9fjBLTSG5dVq2es/DPpYqz7HmgBHnAH4estSuZ6dtMru+asf6nYFXtf71E/17vFfSDKqD++jDM0gC7PWrSVt4CmfuOmo9/d4ni1Dsyw/6Eb/3/rRPnxVi/NwEXVytLqao2snMLVH0K9g4vTCTFf7n4C+1bNIbWfFiKZ9HqDZ/rj7UTPqOC64yflvPewU2yl4JvPbjWZ8kP8eCpIN8HuZ7h6PpIvaCKWH6NCF8JLgqhBCiB4fVzASVKraVFFpe/shAzZIMUryzvyhJzd/MJvVBLoX40NJiVbD0oypeTVd5c6kqUqaytXQse+viO5NwakYep5vMgU86jRjIYGW2jgvtwaM6jNQnTWaCJ4DSh+MbSB0Hitmr3kftOzNI9ZRHkURq/jZq3x/L3pJeAr52I/WKzWwt0HqzRiqStMx6p4pXo5mkrA/1YThpJuedVUxK7mfm3KQp7Pqqll0FOrybUqiYVLqNle3naPT/1O9souwVMws+O8mb/u0sOY03P63zTcgWy3ILf2DpZ3/gt3rPcgqStDPY9c5EPtx2sceXjk7lVKo/3cbL+qDtflRBSvkePo92pHEEV21j2fXpNmZpk7z7UOoXs3W5kRNN/hEFJ1ertpBUedTvOP3KX9Xa6xfrPrW9plOYsrcF1K2rOE2UvWLsWe9JWma9c5L38m/12L+lZjUfqquo3TCVFG/jVTGptIqV9vX8Mbjthdl3R9MnvLzlbbJ8jYjk9MVUvzs17A9LzvbtLKl7jvcK4nhLcx/a1EDpS53EvJ7RTFLpSXbl+/U94fp900GK9o3lQEDbdtfNp/tI2beaj72NTUNm/jkMQeff2d4EGcvI0X9BW1DDtBsvk5T5eNjMuam5i7FXfxFyRFOH4RyTcnW+NhVTWePJyFVHHjWHF/v1rUomLNnMSuMpGoNG9136XSGW4lpqlqQF9p9LjlJX/AMF5X6BliQdOVymLShCbmm/Rnr+fDJv9AxmdzR9wTPpMd/20rfyhWJq5kTBZrZmBva3rx7ezfN+jTHmfmSgmW+g31Lnek/1vSmTmr+NA6Vm1lRHKJByCgsyDnGiJUTNOJq5YJ9BlmfooOMya175gaWfHQ387JWcxqsf1bLUWkiZIQ7h1XB9fg922hoUbN0yh9Sg465eoosqz37fPg+d4gLL2JWv9ZuwkAHrj5NyttF0PsTngB3LaKttDthmX/vhyAWI4XMTAK3Y1OWBdRq2X3FdTxtV+6gLWN49R8OhtaRGU0bLKVZUjaX603U877sISE5fRfXyGwHXQHzrU8kzhZP5sCbU5x/XjxMzM2L8TiTuSxJcFUIIEZKiD9ObKkKuoiAlXUWLNcS4J7WOlBDrKFVq6LwR14CCIn0KsxqCRi6ZmunMfBylNo2UBmPACCtHezOO7LSAD7IxH9+AMXJm31jeXJ4W8ouHIn0Zbyb1EvBVKFHazHT24ztUzPWRMTX0CLG47VtNavpl/OPk9rrjNC4vYVYv96TFtFxxmOW0U1jQ2doj2JCkHhM6eKPIYGZBM/Ut/W/pKXpNyC9dSclqLJ03/J5x0GlLI10bogJVKlJstl6uu762vclMCxG0t9cd53T+KmaFGRLScw0jJ8pHs3J5qC/dSrLyJ/b8oSTMvhWjx2CxxTCa0Glk71s/sHTHjJhucexNX9rUQIm5TvqyXsYcnglxrKH6/bba/aSULgsYHerbaRorS0fzYYOnsSmYlJ3HpZbAxtfR9BOZeiWpaWOpNwb08rQZHOSkRQhXJD/HgqSzIW4HNtF4djIz030Fi62s8ZTG3HxtiOthNMlqKwGXv/0yJ4zLeDM/dKAgOb+ElU2n/Ea7q5lUcANDu/9ZsdPWMJZJWhWpGdeCgtkmrjY9R05fY6sxly8ExWhUVlv4W3yBvvUjA01FcpimmJI9h5STzWFGpgIomFSwiKt1PUedOpou4ix42ttn2RtO0Rb2vU7FrNJlNJ4MNTIxVqH73Z4UKBNtmGx97eT6+p6UxrQQAbOB648VoQPFKRomNRgDgr997Yd7LUGUn5s8z+u1oRpkiH4FIyfKYVNxRuhjVIR6L++p7eR2kpYvC/k5UZmZx6SAUfTxrU9F+hyWtl4McedDMxecod+zhAgmwVUhhBAh2e19/2jt7DTRWHuMja/lk/tsOplrrxHTfWaqsUzqcsTp1jQ3hY5MXeDIpY6WH8jRJYHycTJp9svp5KSt6QdmpoX+gtfv4+svi5mr+im+UbU9KJmQrcJgivBhUjmFN9d3UfZUIWW1xn4FWQevPpzYLUY+r9nOilfyyX1Sz9yjt/x27aSjvZln9L19049luVaeDzsqS0Wy/idiuXSStWlcMv4Q/QoxSlKNxXbDf/RnEhMybNS39iyk02qkI1EZ+UtQPNqeb490tDfzcm7oL8Vh958+NexEewqVFqxdUW0qtWgfmbUF5L5xjEZL7yfN0XCQqwVrA0a/9V/821R/xFon/V0vQI9+30pHi44cXfj8C0rdFJKbzN5AmkKfwYSAL+AmrlqnMCEJlPrJ4H8bu9OIwTqDSRG/NCt5plDDkbqgyEz7OT7MmOq7lb0PZR14SSSrf+KGX1/sNBkxZOsijCLTMiH7Cu1+h5uif462Jr+gneMbDKrJpAKp6ZNp9A9mW77hQtqUPv+I1pfy9VxkPgcyzpE/fTV/NFhDBwnj2I/cEUlqUmzXsET6DVc7lQWmY0GBZzuXam8xzZsfOor3Oq2OZxqMEQK58abkmdJ1OMpzKCg/S1usH0bi/p40wP2x046l/SIfl6+mYHo+aY8VceRW4DHHpT8NX4BePjf1pme/4joHc3yjo/vESkdLGtPSwl6UaAlxPcetPrU8X2jukQbG3nAOZ+7kvo8YFvcVCa4KIYToQanWYLlxo/cFgzhMZ1kzPZ2MzafoVGiYu76ams9aaNkxeQBKGSslEzJH+41cstLWOpEJKQBJTMq2+eVkNWNofc79ms+QOb4uK6ZeRgIoUNBiinwOk3O2UffVNqZxkbIXMklbGH7ilVAGsz7sLQcpeCKTJfsu41RNZWVlNTVftXOmMKCE2G1EMWQiluVu8aH/ZEIBfxNYcDL2Y7l1JwPzQEpRFTl1y9nZYnN/oXJiN51ixcJm5i6ZEvYWaSBubc8l2noP2n9Tqd+kJkF/z20h6rGBCi2//chAzfKxWPYVkxZx0hwHV+t/YmZavGc4H5g21Wcx1Ukc1ouoC6u518aGotXs24/ycTKT/G5jt3xDS5o7/2dSGjk2v9vYTc1cDZsb1G8X6XOYefZcwIRLbXXNLM33z3Xbh7IOAseNn+jtglMAFptfKbVpPFPnGzXpSrPgHvGpncKkBl8w2268TEpGdLdyx618IZZILTpK60fLSLHup+jJEJNCxbMfuYMiv1WoeL4IzjT4Hai9mQuKPL9cp9H0uQrgBzrvZENNnsKu8/XsyoUL2/JJe7KYsjpTdKNn4/6eNFD9sZ2rBwrRPbmcvQ1OknOX8d5H1TR9W8OCHgUeiP402s9NfRDFOYhiI1jNzaz8dbi6n8amgMxe8a/P5Nz5UHvZ73k7jXUjmZktoVURneGDXQAhhBBDT4r+ORxvXaOzQB397a+mg+SX2Nh0vIVdQZ9DBvPLpL+kjOeg/Bsc+VNQdl6jPm0yL7tfS06bQcdJM2TqwNRKY0Yam/xXHkrHl6hG64z8RcuJk3Tt6N63pVAxIX8dB/LX4exsZW9JDmcKaqkOc1um1yDWh6N+Ndkn06j5qsWXoy0kJUkqoviSHMtyY1jzWYN34ov+cuJEq06Mz8Zi1FmzmoyF33DjViLq7DxWflLL871FmuLZ9lCgjPXQE9Vop+6j5t1egsAxUKZk8Nt3M/gtDjpqd1Dw7GV2fbYuaPSdE0fXaBRxnMTKvfe4t6l4iK5O4rdeaImoNb02Npxp/ikxksjKhbJ2B7NylHS2XiY9c477NRWT8s2cMEGWHjpamslKXxdFObRkzSjlRIuTCekKwMiFpjxmbuhvWe885egx9BaicwIpKv9S6piWv56rJpigddLW0EVOqftCUOjI0R6izT6HlCQHbQbI3ND3i6Rv5Qu3MTVZRbvJKnL9EFg2L5f6HbVs0isGpB8ZWE5gDEm9FFaZMQPlwit05s8hGbA3fYEit8LvGN3vdRGr2AmMDZuiYOAoSNbPYNP7M9jktHF132oyaudQd7iXNCxxfU8aqP7YwaU3pnEivZqmv2ijbnPx7E+j/9zUB4rR9D8jaSJqzXN8+NFunum1fANUn8rJzEws5lLnDF5Oxv3jxFTeuzs6CTEEyMhVIYQQPWmnsJSDHGmPfkhdW91+UpavImso/8CbpCPH6hq5ZG+9TIr/rV8pj5Pjnk3a0v4FkzI0AasOqeNL0TCp/bJfGoNgDtoajKSqY/u4q0hO483Dm1G8dSpglFYog1cfdhpPGllaOieKLwgKUrSP98jB2J/lUvVq6tvjlQvNdZ4maeM9GjIye+0W6nP38d67J2n91jWbdsP763g+VALkYHFte0qStWO4aooht2GKhklNTXQMyGhfJan523hvxmX2NgT/RJDErMMDMEN43NtUvEWqk4FYz5+a1HQj9cbw49ccxsu0aQN/BEzSTcHSZMSJnasNY5nk383rp9DWYgKstNVNJDPKAEpq7nw6atyTpLRfpHHG5KBb1/tW1jtNodWRGfGWbxNtDZMJ7pJSMzw5SM3U2yb73U6vYEJGoisnq9OIwZ2C4U6XrzdK7Qx2VeZxaZ97VNqA9iMDwGTkUoaO1N66aOVk5mqPuWc9t9NYl8jMDP83SgWp+slcipRXwWTkUoZmcGdGd08stlWxhRPtvSwb1/ekAeqP7c2cMC7izYLoA4GB+tufxvK5qQ9UaiY0Gft5PalJTW/GEDny7zJg9akkq8CXBsbe9AXKGZPvkh9gxFAgwVUhhBAhqJm1YQqNa/dwNewHVhunD1wMyB+nGBlqOTttAzUxhEKJsuWHGHLYqZmQew2DyUGbYUzQF2stk/SXabO4JuvIDDUBTn+PL9byhl1ex8zlP7B3X8/JKwCcLfvZaV/HXH2EbTvs0Y0wjVDm+J1vBcrEVqz9/T7jMNEWtOvk3MVMqKrkdC+VHu1ySdlzSK44GGJm3fCc9JzxHsKdpzjVRQSdpmaSVX39uhCHtucnNXs+zqpTXA35fcpOZ4960DGz+Bo7a/rbpzix24dGZCXWNuWanCPKL9jK0SSH/NLr4GrVIQwBz/W1TgauLifkL8Oyb3/oCWScreytuMGml3SBz6c8zrTWZjr8coN6adOY0PANFruRenVG9CPAkp9jwa2zNDqgrc7IguyeUdm+lFWp1oT+caHzLHtroixbLJKmMFd3iJ21oTuYztpK9mbM65FXWKHPcE36aGrFkq0LGH2r1E/G0WTEGWWaBdcGXZNO9WjFfSyfP6fdHkX+yBj7kRjfu5Wjx2BoN/csh6OVD6uaw64Xutw2TlfsJ6swmpniFUwqyKPeYHKNulPlkRXU1Sdlz4nwXhd6X309nug4sEfTnQ3k5yE/fXmP7w+HKXDypej704H73BQz5USmzTjHkbrQhXHafojq8+aE/EVcrTgVVB+x6Xt9uijS5zCzoZkO7DTWjWFmpoRWRfQkuCqEECIkhX4d1au72PhUIR8YrPg+mzjpbD/FmunLaVHrvKNwUrPn0LZ7D43eyQicdLYcY8XsDdQ7BujDiVJDuvYiZ+rdH9ucDhy9fIZKzczD0nIKAz2/WKdmaKhvOIchsedEF3E5vljLG2H51CVVLLUWk/+7s3R4To7TTkftevJf+4GVlXMifMl1YqnbQO709XzcbvN9IXGY+HjtFizLn/NN1BKmDPE930pS0zV87s115cQRtmKSmJSrZm/FKTo8X36cdjrqtlO08HjPW/uVU3hzx2g+fKGQD1p8x+rsNPLx714i3/PlOobldh1WUPZU4HKeui+q7jkiqO2tAgoONGHxXkSOCOcplrrom5S0PE7vO4ulj5vtX9sLLswcdmU3UzR7O597J5pw9zGzd9A+WtNjldQlVcxtKiDXf/+As7OVDxaujzyTuIe9lb0Lc4LOi5NOw3bWVOmYmxEUxnC2UvaEntwQ57ffYmxTKfrJXK39wtv+I7YPRRrTXjpHWXmTd9I6Z6eRP75RjCF3bWBuuljrpL/rRUO7mOriHyiavZ7TJk/QzInddJY1s5djWb6bl3s0Ni1ZM37gao1fblAvDZnay1yqbUaZOzGGEUlKnikczYm6U1wwzSArVAPvQ1lTMuagKN/Bx95c1w4sddvJr1Cw9PcDkbtayTPvVJFSlU/BgVbfRIZOG1cPFJJbNZaaDSFm/FZOJEdh5LThGun6oGGjSTpyTM38scXIzGiHAqt1ZLWc8+X4dngmMutj+bzsXN23hIxXDtJosfv1402U/e4QE17yTUwTUz8S43u3In0qc2t3UGbw5bXubD/GioXNTFs/L8xap1gyO/A92dnZygev5POh+iibMqP8JUA7lZlNp/i44QuSQ00WqJzCrsNjQ7zXhd9X344nOk7LF6x5IZ81Nf4TazroqFnPRusypnmCogP2eShIH97je5U0kWnq/eys8eWRddpNfF5eTFG1OXDZqPvTAfzcFDMlzyzfDG/ls6Ta7zw6rDQeKKagzhHdiH3tYqoLmsmf7t+H4r7+i1lT7y78gNSntxA8n9/MiZorXFBNZVLwBWQ6Ru5jueyM4c4+cf+Q4KoQQoiwknO20fDlKpKa9lD0lN6VVP6xHFZUO5l5uJZdOb7brBT6ddRuUXFiUSbq8alonixkp0nDpk+r2JQ7doBKqOLlynVQNQ31+FR0L6zn895mmtWmkbKvks7Mx3t8sVboM1DursQR8rV4HF+s5Y20vIpZh+vZlWlm7zxXmdRPFrHXNJldX1UxK+InWQUpBVW0Hs7DWb2ajMdcEwboXtyPNbeGuiX+X5BDlyHe5zu5YDebOEj2+FTUT+Szps7vS02QpPx91OWa2Pis3l2mLZwhj/c+3caCtDE9t52zjbrPFsHR5e5j1ZNRchZFURW1BeqYl1Po19Hw5TIUNX5190IpJ5jHe0U9gwuTfl/De+k3OLE2B834VNRPFEQ8T7HURV8oc5axiR0UeK5p75+etOmvU2bobShMf9peMAUTNtTSUDqaC8tyXNt6Ip+yukQWHN7NUn2oPHkh9v9YJvnbjEzYsS2KfG1AUgZbz19gU3IzO73byGFFrYpNX0aT8y1KTRvCT5qz8Kx3NE8sbUqRvo7ajGaKnnQdd1FFpIlOFEzaUMtS9pP/RCrq8enkbmsldcNJ3tQHD2nrY50McF0m51fR9M5kTPuKSBufinp8JgX7zGS+Ux82N3Rq+lj27v6JzOBjdN/Gvmt3V4jXIlOkzyGzagttuZPDBgpiLmvyHA4cnoihJMfdjxZzxJlH9btTB+62bIWOTV9eYKXiFCvcfYDmqdWcUCyj4ctw+RyVTMr+iV37AtMsuKiZkH2ZXft0IV4LV4Y0Nn06GcPCTFe/s3CPb8KpPpXPI4ms39fSsEGFYbfnHOjJKDmHasMF3svxP+ex9CMxvncr0tj02SLYV4DO06e1aNj06aoIs9rP4cDhRSS376HgCU+5T6FYfoGGDbFMEqbi+YIbbCofw7QQd+BAqP6ml3316Xiio0iZQ/XXB5jpPOY93+onCthrnUrtZ4v9Rp4P1OehEGWK8T2+d0nMer+WaaYtZD/m7oc3n4P8CmrfmUe6f9cQQ386kJ+bYpY8g+qvqsi0bne/1+hJW7gfi76c2g295M3130yPPlRP2uzttOnL2eW9fgemPr1lyJ2DffN2knN7XgtOpwRVRXjD/uPJ//q/wdr5Lx6bxvyntSRGnFarm+tXjnK6vYtHpi7hBY2SEf+6ybVzhzH8750qqRAiGtu3/p6E4cMZMXw4I0aMIGH4cIYnDCchIYEHEhIYPjyBBx54gISEBIYxjGHDXH8M8z0O/gMCHv/73//m9u3b/OMfXWjGPep9PVio54QQ4k6z1xazhnKq84dCsl4AJ23lxVzIrXJN7BL8amcTZYu2oKocWhMsCTH4HFx6oxh76UnXZCdCxI2RsvEXmfbdOt9dI/1hOkh2jY6634cYuSqE6IWJD549xYTP3u45clXcEebvfyQxUemKJyQkDPj+Rgz7V1y2EzGsObCe5LcvZTNuVO9Lquat4aHEw7x/8Uss45Yy5REVqtfW8P+9v4vPJMAqhBBCCBGdznOUORdRE25EU3IGMzN+Yq/VzqvaoRIQFmIIcDRzpmsOWyWwKoa4DsM5svIXS2BViL4wNXMmYwavygUkYjSIaQEeZlRAYPU2t2+HW1bJuLyFvJYBde99yLnvHTBCRdZra3jhlwNfUiGEEEKIe0KXA/uNrvBpBpxGLjQ9To5OAqtC+OuoOYTipSlRTCokxCByXObDujxmRjmBkxDCn4NLB75gZr6u90WFCDIkcq7e/vuf2L9hDb9bu479126GWcoXYDV8cFgCrEJESaGexartlWxemolcKkIIcZ/TTmWlcwsFQZO44HS4J5FaTufy3XLbsxBeTjoNb7OmdR5v5sjM0WIIc5j4uGQ/Sb+f75erVAgRHQcdNaXsTdrMbyUtkuiDIRFcvWm5gOWfAN1Y6kz8PeySEmDtOz2LyyrZXVHK9MEuirhjFOpZLFv8a1QjQDnuWX4jP8IJIcR9TsWswxfYmm5m70L3BFvjU9E8VURZLcx8v54DuaEnCRLi/mLj9Ct61OMzWdGg4733o5+URYg7ydm+Hd34VDTPVuIoPhAyn7YQIgynkbInUlE/No2djkVUxzSBnBA+gzih1QxW785ChWvk6vs7P+U68MjMdbz25MOMiLiug+/PHeb9Jsh8dSF545Rw20Zjv3Ow5rGqwlWmQN2Yj6/noLE/276DdMVsnaektbSC894nPcd2lx2L6DP/wCqAw3yCHYeuxXXG6WAyoZUQQgghhBBCCCH6Qia06ocRD/+alTt+haN7FEpl5LCqi3sEK4d5/4PD8OpC8sa5RrASh0muus1H2Xio3fu/btE25s/bxmLukqDkI0p6zhN2jj2l5wahMGIwDEZgVQghhBBCCCGEEOJ+MyTSAgAwQhllYNXDP0XALj41D1yKAOOhTzB3j0LzdF58NyzEQEjKk8CqEEIIIYQQQgghxB0wJEau9p3fCNaDJ9BsXsqvlPEbwerTzt9vFqLx/Ou97b6Bh8sK0YwCbI2srjyHK7ep+zkgVEqB6SWVZNHI6isPsXWe1j3K1LNcYGoCm6GEPb57+33r++Uu8F/G/7Wsikqy/F6fXlJJ1oMmjm2qwlscXbFfGYDuoNfd6QQwlHD5oW3M9x6YjcaAtAORyyWEEEIIIYQQQgghxL1m6Ixc7TMl43Jn8DRm2n7qdj01QkXWrBlx3Ieehx8Mfu5B0spehNMlrC4tCQysYuJYqft5w0008ypZFTyLlCqL3bPg09ISVpcedY2MnVfJ7opxfO9e95i5G1Vm4ARUrgCmjUbP9o+beDCzkq2L9ACcr3St5wp+upYJG+B0B1YxH3Vtq7SExpta5oeY9EqVWclsPnEv14gNFVklvpG8ukXbQpRLJs8aFPZz7D/4J2y3Xf8qNXNZu2iiJOYWQgghhBBCCCGEiLNBDK6a+PnmwO7hF3HazvSSQjSjujFf8c9ZOoqb1wJHpOoWvYhmlI1G/5Gf5ytotIFqYjEBE7UHjBBtp/V6N67Rq77RoMZrP9KNinGeCOX0UrJUgctgrOJTczejNNkxBjL1LJ6lZZStMSC/7PlKV+A0zR2s9RY3IA/tOS6bu0E1zrvPRxJHge37gHJtDBrZKu4cp/W0BFiFEEIIIYQQQgghBtggBlfNHD/e6A3+9F03PxrOcgUNE8a4b1m/baPx9Fn+2cctjtIUsrui0vuX9aCJY6W9TWalJ+2RUdDt4HrQK+ctNhj1KGm6kCsCYIwi0jw9RQXc5O9B5egRhI2GLo1HRkF3149BL5zjexuMeiSNCMXt4bzF5hqNW1Yc03pi4PQMsM5gvpwcIYQQQgghhBBCiLgZ3Jyr/3uW3e/D6teyvJPvxKabHy9/yHsXf2bi4nX8SokrsNrPfKuBozRjdPNnQsdgR5H4CIR5MXohgrceDz6kB2Ir982fwyw/SklMxT1fwerrrjQD8ysqCZVrVtx5rgArLFv8axKvf8l/y/kQQgghhBBCCCGEiJvBz7n6v2fZ/X5fRrAGBlYLNMq4BFb77cGHwozc7KYrXFQ0Fu6gZyhhA6URuAKyIUQI4oZlrGJjQA7ZbSyWkZKDzmk9zZ51JWz50MBgXhpCCCGEEEIIIYQQ95rBD65CHwKsQzGw6s6bGiL4OT1FBd0/0trPUYPnLTbgQR4OCljqJj7KKGx8705wGk2KAYytXO+GUYmPBr2QxzgVdF9v7ccg23YOnjbR7RmtK4QQQgghhBBCCCHEPWhoBFchhgDrUAysuhgPfYK5W0WWf97R6aVkqcB2rarfGQFck2ONQjOv1Dd5la6Y2ZpRdJsbfJNHXXdEkYPVHQBVZbHVb/Kq6SVZqLDRGlNaBD2LyypZ5be/4ICvEEIIIYQQQgghhBD3msHNuRqs1xysQzew6tLOwU2wuKzQnXcUXLlHS+KWe/R8ZQmUVJJVUUmW+zmboYQ9/kFMYxWfTtzG/MxKdmcCtkZWV57ruTFjFRspZuu8QnZXFLqLa+JYaYyBYN2j/P2aiUc8+3NtCPPxCiS2KoQQQgghhBBCCCHu339DxAAAIABJREFUVcP+48n/+r/BLkQPv5wRIsA61AOrQojtW39PwvDhjBg+nBEjRpAwfDjDE4aTkJDAAwkJDB+ewAMPPEBCQgLDGMawYa4/hvkeB/8BAY///e9/c/v2bf7xjy404x71vh4s1HPiTrJzeuEG2FHFrKTBLsvdzEjZ+ItM+24dEwZi8+3bUddNxbrh7kqQ3VaeyoXcDjaFSRs+pDiaKHvtEKNLq3hVr/A+ba8tZg3lVOcPhQtkgNvZvS7MORb3sbuuTdi49NZqNtZ+ww1GM63yDO/lDHLfdJe+P0USst+3nGJJSSvTDu/m+aHwdhDR/f5e4aCxfDkfjl5F9RId0V3Z91+dWWpeZ0XLVKrfncqQb9JiSDJ//yOJiUpXPCEhYcD3N2LYv+KynaGTFsBfjxQBElgVQojBYq8tRj0+NYq/Yk7bB7u0kdlriymLfe4/IfrO2YWl3YjV7hzkghgpW3iWIX6JDhkx9RVD5hwPpMFrP23lg/veEqkthC3bXdYmHHXbWeGYT923HVi/vcDWzDsUErGfpag8Trf33aWcXTYsZjN2x2CX5F5l5ePphZzuDP2qva4Y9fRTWEK+6uDSG/l87H3RicNqpM16g8Ar+z58fw177Tpx2H7AZL6BNGlxvxlaaQH8/e9ZdpebyHxaC+YGDH/rAuCvV75kzM1RXL90mfauQS6jEELcB5Lyq7DmBz53V40cFGIwJU2l+tupg10KMZDkHItgd1mbsLRf4eWiP7hHmSlR3g2Dbe8RCv0qGr5bNdjFuIepSUm/xgWrk1nJwQ3bSUcLZCZdps0+h5QevymYabk4kZx3Pf8n8fzhdp4f8DLfzRRMKK3DWjrY5RDizhuaI1c9uswYPjvrDawC/NPyNZ+dkcCqEEIIIYQQQgghwktNe45GkzXEK2YMpiksyIV2U4hR5pYfuDo1jdQBL6EQ4l4wtIOrQgghRBx1WlsHuwhCDA67LcxtjyIU6SuCDFr7sdMZKiZyB4VvC4Nftrue7QeuDnYZxD1PqU5D2WSmR2YAUytt2Y+TpZ3I1SZzj/Uc1lZIH4uytx3cj++vcu0K0YMEV4UQQgwseysfvJaLbnwq6vHp5L9xio6waejsXD3wOtlPuPK46p59nTKDLbrdtBxkybPprvyvT+SypPwiHZ6ET+170IxPZWbVLY686JcnNjhfVFBZs1/b/v+zd//BTVX7wv/fHvDk8kcz8zjEO2M6j5I63CTDMe3jpe2XQ9NHW7weCggBhKLQeoCCYEGggPyoiKX8LCD2IlBECygFhQJC0YcWnbYcp63f823icZI+zGk43mmcOYbxzoQ7wxO9c5/vH+mP/Nhpd9KUAn5eM52Bdmfvtddea+21P1l7LRoV5unqnYPP5+JSeVh669xEnp6fztq3sE1IxTDWjHHCXFZUt8U0P5e39QQrZlsxjjVjGGfF9voJWqLuIP587NtFGx+8Ppf0cWYMY1NJn72GD1rDD+jj0rJcDrkUPm/fgTHKPLy++jXk1aiISkSk4S3OunxoDcYoH/DhDM/nGofCvF8xXI8oaQg/18JaL/jdnH1zLpaxZoyvX+ven5ezC/uZM1J1GerZ/DybQ8rBGdr7ndjMy6WFZgy/L6GpeRMZA8yRHL7/wvLmyAfSoLxRU1+U0nR24Q7aw4/3dB5Lql295x5cpy3Pv8ahiPIXnO4rlIWl5VL4dVLYb9xtRcT5ROZncDtx9s2eMpRB7rITfW1gcB4+nceSI0rlMDi/FM6zM/q8nurzpe8Y3tajFE5IxTDWyiGXmvLjo7PpBCteDm3nFctlT13BS0v1mqA6WBTRRnnrijCMzWZl83XW/b7vWgQ+H01sdbvf8ttPWRg4bQOXiZB6P3sNHyuNnOveV3B7HvETVDb7LduKuz5P4VgzM4/Td45hc0fGVLd6zs/bxqGFgXqdfkTpBuFg9zgzhhff5+fj+UHnEyiDocLb9ciyErJ1zG1k2LHqdqjMw+j1sv9+TjgHZRHnHe++1d4DlU4nsj5Eu84Q+71i4P5E96Yx969USDGSbXcQ3lR22q+RlmECUzrZzW04wz7W6bhOpskQkb7gej5k91cF6uuiUpnq/28Jrbv2HQr3zL55aVX3Z7v7VGrKTaRY6nL0tMV6jcSvmwRXhRBCDBE/7oYd2N5wkLaxFscNJ+4b9ZSazmNbfy2ys+93UPb8FD7ULKb6ayfuG07aTi7HVFdMYW3/gUF/01tkbfEw7/0m3DecuP9cS2muh91vXgk8JKaupuOGk3MF8MongX27bzhDViH223eQ+/wJNEVVtN1w4r7RRE2xkcvLihQXQuiq3YFt4Ul8eRuo+3N3et9fgKY6n8KwwGFnTQF5dSa2fWHHfcNJx1eVLNVeYO0Rx8APCqM9nFqWxwr7GFYea6LjhhP3n8+xzdrB5uffoiV8B4PIx9C8OIg/fy/N3zlx37DTvH8O/sop5JYHp1lLZq6By/bIQKmz9SYvFSTRZA+/0n7amx1MSTVEfCYiDc/s41ZwGt6bA9VF5FcoBWY9nF04ibWudPb05vNe5nl2kF8ems9qr4ffvo+858PSsH8y7jfz2W0Py3jfdXavv0By0XEcN5x0vJMz4Cq5/qb9qssQQFdtEVnrO8jYeTlQDr6r5918D2Uv76A9akHSMfWYE/efyrFmldPaU/ZvVDErJIG3aa9ZQ2E1zOstZ9XM9G6lUOEBK9b6Euk2LUcKWFI3mld6jvfVFpJP57Okto2r6+eywm6h9GIr7htOmvdn0bqwmI8V62IRWeuvYyquDklL0/pJEWU+EW1FLHytR8lf9jm6giravgu0gdv0Z7AtO09L/UZsq4Lax68qsLYVsaRGqZ56OFc+l8Lq20zpbU+bqC7Q8OGLRUELrsSXLz06azey2zORPV/Zcd9o4lXTAOXH7+KD2VPY7BrDyv197fw2q4O1C5UXifG7LrB29ibaTaup+TpQBx0np+PdUhTyRY0urwr3jUZ2Z01k95/6rkXISuvh6Vddt1WU337KQjxp6+FrPUHhwpP4bVt6633zJiPnZm/kasSN0cPZhVPYfXtBb3vu+tM5ds8wYt1ZH1I2ByzbSnQzqA4/x2MzetuueMoQ7vOsrfCQvbOejhtO2paYFDaysO47J+5P5kNBTV/ehq+o7nPw8etFfMgcqvspKz3iayOD83oSa5uMrDzZnYdfV7PSdJ21z0Rr127TUl1EYbWfmVtV9HNiEuu+1d8DI/ib2fzMVjxze+pDK3Ubc+iq2MqliMITz71CTX+iTyz9K3XGkJp7HWfIR720NxixmgCMWNM/pz2kwfLQaZ9IRr9dlaG5vyqJqy7GKpF1V4nXwWHV/Vk3H79s47JpCw29fcBFaGs3cSi8/xUhjrrs7+Ds+rmstRtZ91F810gICa4KIYQYIg5afNOpObaYzN5FBLSkLdnCSscZGkM67H4ay4voLKrlSKGFns01OhOzdpWTUbWDS/08pTibP+GlrW+R3XscDckZi6l+Z/KAAa7A4ZspW3iTpRf/lT+m6tF070NnmsGeXeM5vP1KxINMl3Yy1Z9u56Xe7UGTnM66jypIKd8XlF4v7Q0atm2dg7nn3TKNDrNtO9VLLAy4bsitn0ndWEfNkixSwj5/pKSDtdXBnb7B5SMAvmusffkmSy8e59WM0HN79aNalroLKGvq69jqLDnQ4Ah7eHfT3jaemQUT8TaHPzx10FSXQ6ZSn733NJope9nBKxdPsy44DToTs3ad5l3bzxEf6axZw2FDFbWbJgflk57MkipWejfyQW82qbwe/mbKXu6ITENyOus+rWNdauiVazrdwaRdq4PK+sC6dNNVliGg8wwrqsZQ/ekGpvadIMkZq6kuvhVWDuLhwDV6NbW7ZgTli4Gpb68mpfLz0FEucdSXSG3cSq2kpiSoXGvTKd05h5Y3ttKUV0nNkvTeMqw1zaF0088crgs7T9dRCivHcOTT7cwy6ULT8mklKZVrQgKPg24rYtRyy8KRj1aT3XeSZG7azkutm9jc/AeOfBTUPmpNvLRxA/6qKxEjqOAHtHlV1O6aQ1pI2ldTs38MZXvD8jzGfAk4w2WWs8dmQqe2GGtMvPRRU6B90vW182bbFkoNR7mqUCxb3RqWflQV2r6kTGZbyRgO1A1m5fgY6vagy2/8Wjxj2BNyXUCbuphtxQ5ONYe2pP7Wo2weXUFNSbpCe340JBiR8LIdVxmCj+tg5a4ZmFUXon44OtCVnGaPzdT7anbUsjLINtJ5pIgDhspAG6jrzWzMtu3UvjeGA6uUvixow2MoD/1M1H5OrGLbt/p7oALXdU7lb2GbNeyef2wvUyMKTwz3ihj7Ez3U96/U0mK26ml1B2Wa71uasGDWAGgwp46m3hH89w6afOl9eTkoMeSZkjjrYqwSWneVdNwidavK/qzXQb1mC9vyg+q+zsSsXVW8mtp/+uKqy2030RQdpzqo3xHTNRICCa4KIYQYMunMs5kUgoejSTa46boV9CvvFT5sXsQ6m15hPyaeK/iB1n6+qdaMfoxOT/zf3HvrTtJYtIpZyUqHz+GVrraIUS86w2PK83BpspiZf5361p7evwZtkgeXJ66X2YAxmJXSBaTkziHl9PW+QMwg8xHA23CG9uIoeYGeWSXLaTwdNGomZTzzvNdDX7v0Oqg3pGNONmJtux4aKHK10ZiX0+8CEd66k5y1rWZWivLfI8uUg1Plo1lZrBSs1pJtGx80ulbd9fDWnaQxaj4oyJpMWozPIymmKHO5RZQhaD+9A13xcsVjaK3Tyaz7dpBzvk1k3iSFcqPVk4IHb9D1jae+RDJgMiicvd5IJhOZaY0MB6WYxuO5FRpYb689SErJcjKV8l6TzsqS0Rxu6HtgG2xbESvla/wYpgzItmVFBr1SjGR6bimM5hqNQa/8lK+xzuClpmu0BF2jWPMlIJ0pWUptR/80iuVeQ0pGWDCjh8FCilI51hug69YgApsx1O1Bl9/4paQaFYOdumQDnSE3RvB5fiAzw6jQrulJNvxAV1BmJbpsx1eGIDNvImqbzQFlzeE5hZ0plZXBtZEOzlWOYV1xuuIXnpqM5azTKX1ZYCDVpHQ1Ffo5MYtl37HcAxVoRqN3e1S+/hzDvSLW/kQ39f0r9ZINFlrsN/t+4W6jK9fSWxd1lhy8Td/2pcXtoDHDSJRuSIzU55mSeOtirBJadxXpSY7yTU9Ef1ajRevpoCvmtjjeujyGNOUbk6prJARIcFUIIcRdpyPZ8AO3gjpMfpeDlrzoK7Im65+i61b0no25sBJrbT55r5+gsTPWHpAfp72NqRnRhlLqSU79IaaOVbIpnauOnk68ludKNuArn0R++XnaY+8pRqczkOL5hs7u+MVg8zGQF9d5LrWfYaUmC881OIICpgbS8hw0BQVtffbrJGcZAROZWddpCerEdto/JzO3vxG7gTS8lKfcMVbU2UFLxmQyo4ww0ehN4L7d/T8110NFPgyx0DLkxtmazpT0qCeICfcQjbZ7DEPGbXy92ZT4+hJCZ+j/YdbtCRol7cbZamGSJfrQIq0lh+SghUwG11Ykio6Ufl81vUlXTCPeHsOUcY2+2Ens+ZII/i4XjbUn2LzMRt7zGVjf+IaYJkjUjyHzti++ORUB9XV7CMvvIOj0YyK+PNBZJtLV8I3CNDo3sbuS0AY1kokt28NThlSLKCuDbCM7O2hJzSEt6ulqScvV0+RSG7yO7OckjsK+Y7oHKjAt4EjWBWzT1vBBU7z3EqV7Raz9iYGF3htjYBrPrKBjOVsdTAqenijlKaY4+uZd7XI7yE4fE/txYhKeZ0ru8bqYKGH9WbQ5rNt4m7JnCiirdagPsia8Lqu5RkIEjBzuBAghhBC+Wz/wc1U+hqro21h3Lo/+R42JP37UxKzOZs5WFrG2DTKLVlNamK7idUgfXs/PHH7RzOGo20xkd/GAOwrxc3BHLDmHPZ9NpMt+hQ+321hi1zN10ypW5pkGXoVWhZ5DDTof8eH1oDQ0NIiG3uBPd+aaM3K4VNfBNquFwJyqYC0J7MScO54yu5tXTQYCr+2Owbq/vwOoSUOY225czSfJGFsSfZuCmr5/D3g94kjDEOgrQ7dxd1znw9+bWRl16/mcuyupGpr6ol5wxbqNu0ODqb/rpAFNWwdeCIzIGVRbcffE/hz3c9Bn4siXQfC5zlO2fieNuj+w0jaZeRurWafT4q8rYu0g9x0zVXV7OMtvjFIWUJ37GksqRrOnOPC6qt/r4uyWIhrnVlMafANJaNm+u2Vo8AbZRt5249IojRDuo0FDq+sWEPvo7iEX6z0wggZz4XHabG4aaw9S+MY3kL6IdZsWkBl3wxhff0KNn+MJdGmMpBpO0uldjFnnpr3OQtqS4A1MZOaW0OKCTJOfTvttMgoSMifAIN1vdXFwQrrOk7ZTZ/XQXneCsheKadf/gdKS5Uw19XNd7ve6LO5rElwVQggx7LSjH0O/5hzNipPnx7CflCz++E4Wf8SHs3Yn+c9fY8/FDQO8rq1Fp3+MtRcbeDVBAxX9+DEZksJ+qyE5dQal782g1O+hpXINWbVzqDs2YxCdYT/wGLrufubg81GLTg9RF63uPeaY0Fe7Uicz6402nFgw+x3U+3JY150mTWoO5ioH3nwDOt+3NDExNCAQQYM2POsGkmTANLmSmndyYghW93c9uvMhxmQkUmgZSsJg/AOHP9rLc8P+rJf4+hK/JAxGf/+RSD/40yNfw46vrbhX/Qx+I31NTvz5EjPXUWyrPJSebGVP2M4GNd3koAxUt++V8huDrjOseKYI+62fSTI8y6ziGurylIc/J6Zs38UylBCDbCOTDJgGPF0/GabR8SZwaMV1D1SgNZBduJfswu4vTebnUb+zltIB5riMsrP4+hMDUO5fqaHDnO7mnBumam7SakhnatgW5qzx7HZ5eNXkw9k2kcy34zhMwt1vdTFeof3ZXho9abYNHLFtwN/VxoFVkziXX0u14vRX3P91WdzXZFoAIYQQw05jspDS8G0CX2nSYrZt590Z1zjQMNAjvgZzqoF6e6LmqvPR3uAg09TPe7/di0xs02zllH0Qh3I5uJrVsyBDIvJRgzl1Ilft/YQVXQ6uZoXPQxa00q7rGl3W8X0PeBoL1qTAnKx+ezOdQXOcKdOSbHqMFlcMKwKnGMlsbsYZ72tbEddDQ4rpKa62Dld4NbwMGTBnXKep/6fUuyTR9WUwDJgzHNQ7or/E6nNco91k6OcLjFjainuUz0G9fTzm3kqZiHxRp73uICnFq8m+V5/qFer2vVN+VfCeZ3PDZI68s5farwMrwDu++FdK8wwqBtYPpmzfvTKUGINsI1OMZNqvhc4dHiLQJpsN9+hIt8HeAxVoTTPYs386VyuvxflFSbz9if6o6F/1I8U0kRa3G7+9GZ/1qYhAtMaUjqapA5/3Jq1GS4LmWx2s+60uximsP6tEk5zOumNb0Lx5JvoCU/d7XRb3NQmuCiGEGH66HObp93G4KZ6Zvvx4veqeKAILfkQ+Juhy55BccZTGGA7vJ3LFegB/60F2ezcwL7XnNz68g4rZ+KN8A+/hbMVBsguCVoIeVD527yJ3DmlV+zmrGKFVOCYAGtKyxlDv8OJsvckkS/BftaRZb9Nk9+Ns/oYpqQM/FJlzF+CvOhOyEnYfL10RcRELM4u+YXeNmoCsuuuRnLe4n3xIDL9fbRmCNNsiWiqUVqtWSaNF23ozIV9gxFNfhkqabTmdlQeVFyDyt3Gg4halcy09vxh0WzF8og3F8dNSuQ/vpjmkBf02tnxRoZ/yo/mt0ge8tPe3gI76A6NNasOtKhaqrm7HWn6jl4VY0hYnTwdNer2K0Yjqy7ZaCS9DSroXUkpETRtcG2lhZvFNDlQ6FKuZUpt8b4nlHhjJ7/UOYq7j6OLrT8TSv4qNxpSOrvUmLa4fwvopPQk2MsndhtPTAVaj+lHACby/Kom9LiZhMH6DU6EydNUe5ONEJCrOuqu6P+vzxtku3O91WdzPJLgqhBDiHqDluV1VaLZPIv9IW9DE9X68rvOsXXgi+oIH3jYOLJxE/pFmOnsfLv10Ne1gbZWFeVl9HeiU1Im01H6Os/uh2tczQ702hz3HNJQ9U8ChVk9fh8zvxVm7kcLqyJEX7W/mhx3Th7N2I7ZlN1m5f07viAd/5+esfcHG2prgCfl9OGs2stm9nCkDdfD037J79kY+tvely9/VxqGXbRw2HKfUGvw1fzz5GNb91Oaw59gYDr8QmhfRj9n9sYwcNPYLNLaNJy1suIfOkoOz+QQt9ulkq3kVN2UOe3KvUzh7B5d6F2bx02U/w9rZO7GPNkZ8xLykinnN+eStP48zKMjg72rj0MKNXO3ejerroc1h3c7RCvng4OP1c7HF+RAbzFuzhkIVZQgA02Kq869jm7aRs66gB2G/h5YjRaytHyBSpDWSYbrCufqe1c988S/QEEd9GTKmxVQX3aRwdnC+dJf32cV0Fu/lpZ6MTERbMWwcbH6xgENNbvqKi4uz6/NZ4l7Ou/lhX1rEki9qRCk/5tw5tO/dR2NXUH62nmDF7E3U+xIxh4UWc4aRS7U9o+f8Ua9FLHU7lvIbvSyoT1vcDOnMrD3I2c4B9htD2VYt0WVIicFCdusFLrl6Mzf+IN8g20jzkiqWuouwBd9DusuEYpscp2iBw8FSew+M5KWlcglZLx+lsdMbdK9rpmz9+6TNnRj/6+Zx9ifU9q8AfPUbsYwr4pKaSJxuDBkdZ/iwzRg00j9YYIHOD6s6YhvZmMj7q5KY66KB7PzfUrb9TG+7hc/NpfK57NYsYltWAtIUV909wxJV/Vk/nXWbyJsWui0+Fx+/sZXO4j+EfJkY7m7VZSHCSXBVCCHEvUFjofSLy6zUnGHFM6kYxpoxPG1jRQ28sn8B5mif02Wx7bPLlCZfZ/d8a+Bz4yaxolZP6Reh869pMjZQm3WdwglmDOOsFFa09X4zrkndQMMXy9HUrCFrnBnDWDOWF0o4xXzeLYyMCGa+XcO7Gbc49cYkjGPNGJ7O54BrInu+qmJW0LtZmpQ5VH99hJn+E0Hnlc8B92RqLy6Ofl49DPN599giku37yH/ajGFsKlmrzqApvkzDJkvkq6Gx5KMhnZm1hRgrHKG7iMiLAY4JoB3PJM9+DhjSI88p5SkmNeznQKrC3xRpSNtUS0PJaC4vn9R7DmV1SbxybC9LU5XmytIz61g9e6wdHOgtB1Zs2x2k7dzeWw5iuR7Jk7ZTd3ERHC8OyofzaAqrqA0PZsUh++3T7FFRhnrTY6uieddEXJWFpI8NpCd99g7aU8vZM2mgQJael/ZvgKop3WV7I5dUL78bKdb6MpQi88VKfmUH1l31ofOyJaitGB7pbPukgsxbZ1jbXW4tLx7EZS2nOcq8zarzRRXl8qNJ3UDtVj2nFgXy0zihgN0uI6WfVlGal5iVtpPz91LKUXK724G1dR7Fh/hY6nYs5be/sqA2bXHT5rByE5TN724jgn6ME2wsKW8OjJaLoWzHIrFlSIEmndJPJ9K00Bpozxbuo2UQFW2wbWTEPWRCYb9tcqx0pon43pxEYd1QtCbq7oEKqSL77VoaNulp2tuXb1mrLqDfdJl3B8y3/sXTn1DbvwLw/xzLKxQm0rKu06QfH7UvYs6w0NiQhIqXbIIk9v6qJNa6mJxfSXV6Myue6a4HC0/gt1XxboLa5fjq7hyOqOrPakjJr6Lt2HT81UFt9IsHcefVUDfgugJDX5eFUPLQP0/4n/93uBMhhHgw7Nj2NiNGjuThkSN5+OGHGTFyJCNHjGTEiBH8ZsQIRo4cwW9+8xtGjBjBQzzEQw8Ffnio79/hP0DIv//rv/6LX375hf/4j9sYn3yi9+/hlH4nRKJ4a4tYSznVtnt1okEhxIPDy9mFm2BnFbOkyflV8dt3UFg3mWqlIJTfQ2N5EZv1FYNeDFKIe4X0rx5UDsrGXmHKjQ39jjoVAqDjr38jKUkbiCeMGDHkx3v4of9MyH5k5KoQQgghhBBC3FM8nC33s7QkytsCGj3Ztol42m4O86hqIYQQQkhwVQghhBBCCCHuKT58t271M3ejn/a666TmWuKfE1MIIYQQCSHBVSGEEEIIIYS4p5iYWvwzm18OW6AJP74uBx+vz2eJZznv5idg7lMhhBBCDMrI4U6AEEIIIYQQQohQybYqGgznOVy5hN1NHdz6GfjtaEzWZ5lXUElzhl55ygAhhBBC3FWyoJUQImFkQSshhBBCCCGEEELEQxa0EkIIIYQQQgghhBBCiF8RCa4KIYQQQgghhBBCCCFEHCS4KoQQQgghhBBCCCGEEHGQ4KoQQgghhBBCCCGEEELEQYKrQgghhBBCCCGEEEIIEYd7P7j6D48y/tnZzHo2nUf/YbgTI4QQQgghhBBCCCGEEAEjhzsBykbx6D9P4F8m/B7j448wCoDfMyFvBj997+Lrr7/g6//3R/7PMKdSCCGEEEIIIYQQQgjx63UPBlfTeGVLAb/TAr6/09F0istftvEDesY/O4VnU/8HU/L/B1Py/sKJrcewD3dyhRBCCCGEEEIIIYQQv0r3YHD1CR7Rwi8/ufj6f53nf/WOUPXwzcUTfO95nun/MgHjI4/wOEhwVYgBaAyzWL749yR9f54PDzfxb8OdICGEEEIIIYQQQogHxD0YXA14+BET2fkmsqf/xN+++xPf8TsmjHuCR0YBd37hlyE9eiqLywowjgr61R0XJ0qrcAzB0SyLtrMgqY01+y8Mwd4BSxHb5mtpK6ngs6E5gojHXbguPYFV/cPAk8/zL5Ymjg5FIRZCCCGEEEIIIYT4Fbpng6u9Rj3CE+On8gTg+/tfuHzyE74cNY/y+dqhOZ6liG3zTYzyNAYFOwPB1gWrpg9JAPTxpFEDbzSoA2gZ4iOIeAzxdQkJrAK+jvOckMCqEEIIIYQQQgghRML8ZrgToJqnkbfWtwhfAAAgAElEQVR2H+PL/317CA+SyuJZ4YFVADtHS1cN3chSIRIsMrB6ip3vf4N/eJMlhLDvwFAu33I88HzNlL1cwCF7WKureP29nF1YxFnvXUtd4jzQ5fk+vi4xp91HY3kB+Ucc0k8YFpL/g9FZ8xp5r18htLg7KBu7g/awbb21RRTWDlwx1G73IGsvN1Mm8+/dl5TLr1KdkLZHiES6p0auJj2WzrN5Rh7pb5t/yibPqmckD2NcPIMf6hr45ocEBVyn5WIcdYeOL9UEUcOnDrhDx8mNIa9cWxZtZ8Hjf+NE6Y/kVGSj79my4zib37cD01nd+/ts9lZkAx4ag14Tn7ZqP9k9Hwz728D7D/18dsV+sgFP0yr2hb+Hbili2/wn+P7kRv7+bNAxuwPNlkXbWdBzshFTJEROoxCcht500MiaLx8NjAzu2X14WnpGDvftKSJfI7dRyp/gvO07j/7T03Os0M8q5ddduy7x0E2XwKoQQgwn/2067Q58Xj+gGe7UiAdUe3kRnUVVzNINdk9+fG4H7b5bSIkdDkOZ/x7OLizAW9LAq6Yom7iOklWpp+69yQzRe4FDyI/PcxNXxy18wKCrghhCDsoWull6bMYwXqe7k4bEtc1DTdp+IRLpHgiuJpH6wjz+JdXEP2qBOz/xtw4Xox7r/n+PR37H+i3Zgd/5/k5Hx088+ng2+Wuyyff9nQ77F9RcbGcwYdZpKXrAw98HHITRHUzExYmS7iDjtBL2zt/P6sfDAmSjTCyo0NJYsop9dAfejC+y2GLnqOMC+0r+FtjXT+GjZVP7fl8S+L1l0XYWVJRA8Byd/e4fPtu/iu8XbWeB8aeQAKCyURjn7yepaRVr9nefkzUQ9L3TcZw1JX0B4dmLUnG8b+9N5+PfH2dNTzB1Wgl7rX1p6KXPZu8sFydKVuGgO8BoLWHaZ93p6g3wrur93LRV+8meVYTF0Z3P3YFVOnqO1x0IDQ6edm/zU9Mq1nzWl5d7VxGaxyHp6c7v+fvZO98Tmp/BaRyW6yKEEOK+optM9XeThzsVQqikY+oxO1OHOxm/WkOZ/3qmFueQd+QaL72ToxA89XH1yOfMK669DwOrABrSSupwlwx3OoS4H0nbL0QiDfu0ACkvr2KB9UlG/fv/x+Wa7Wzc/DbvHj3Crq2vs6XqPG3f/8QdgFGjePjf27hQVcrqrTuoOvoO2zZvYGfNJdr/fRQp1gJWvvzk4BN0x8f3A2xiWfQixlEeGoNHb35WQaMH9OOLsIRsHTqq0fF+Gx5G8fj4VHXHCAoGOt7/hI47ep6cNvj9RxMyevKzv+IB8DQGjUK9wF89MOrx9O7zDEyZEDxKlc8a6LijkIawEa+ffeniDkHn46hic0noKNXPvnRxZ9QTpHdnqmX8E4zCQ1tQeq513AH9kwR20ze1Q1+Q287Rsy7u9G6jlB47bd/fITB6NSg/v/lbSBqH67rExHuBg0f/hKd71TetcR5vLBov30YKIYQQQvzKaFIXsfT2Pj52KfzRdYYDLOelaKNahRBCCKHKsAdXk0aNAh5G++gTjHvySfT/0P2Hf3gUo9HI4//tke5XtkfxyH97HKPRxKO92+hJefJ3PP6oloeBUaOS7kKKU0l/fJRiEPazTg8EBQIHfQzPX8NGNNr5+0/wyKN3IUAHwN+4fUf91pZF29lbsZ+9FYEpAkYlPRHncVNZXLY/sK/5JkYxiqTHB/hIz/WwpPP4KPB0hk3t4PiRn3iEf+zn2jh+/GnAdN0b12VgfvdZCbAKIYQQDywvXe7hToO4P+iYWjyRc0eu4Qv5fWDU6pQlSiNahUgwr4fOX0UapG0W4tdq2IOrvUY9whPjX2R5+Q42r3uT8vKN5FtNjLrzF/7aE/PS/iNG6zze6N3mNWaPf4KRP/2Vv/+SqHRoGSiOB8BPP6I8e4CKQKBa+uzuYGXfT7Z+MEHLodETVF3w+N84UbKKNSXH6YghKNunJ6jaPc1AySrWnHQRvKvACFA96Yt6ApnTyTGO4s73bSHXQ2/dH5Z32egTdW3uk+sSGWCdwYJBB/6FuP/5XOfZPNuKcawZwzgrttfP0O5T2tJLe+0Olkzr27awvJmuaDv2tvHB63NJH2fGMDaV9NlvcdaluGPAh7P2LWwTUjGMNWOcUERZk0dV+r21RYFFJnwuLpW/Ru7TZgxjzVief42yOrfy/MpeB2fLXyNP1fFC0xbxs/B86MIh3jYOLcvDMtaMYWwGuct20Bg1kwD8tLyZwebW6DNBO4/ksrYp7O8R+buGD1qVFxzpbyGOgRfpcHHomTVcVbh03toiDOMiF0npSfPm3jQPzWJI3tajLHk+I3Adns5jSfkVnIpFLLx8zWVFjQPl0hjLttHEVp59riuUhZWZS+F1xXWUrNfDg0EQyFszRsWFtFwceuYtGgecZNyHs25HaF4eaUP95VKfZ77OZj54vaCvns5ew8d2pS0dlC08jxc/nbVvYXvajGHcGq4qJMpbV4RhbDYrm6+z7vd9dVNxAZ6w+ml7/QxOhfxRXADF7+bsm+rqXAj7ju59eWmpXhOaT9VK+ezl7MJAvfK2HqVwQiqGsVYOuUK3UbevPpHl7CgtCh9Qd0/ovi4DHV+hPYwo2woSmv8KAqNXj3IpOLLU+TkfKo5ajSGvvecpDL8nqPkbAD4uLcsNu87d7DswjlVuQ331a8ircYdsO2QL68Vyn4U47oc9VNR/1ftOTN9FazAGbRTnfbs7PZcWmjH8voSm5k1k9PYnwq+vQrsc9R6noN/6oi4Nqtvrnjau+5iWsWaMr1+jI5a2uS/h6toWGET5ik6x7Ynahiew7yjEA+jeCa72GsUj/5jEL9//iZpdG3hr9zE8EYG6wDZ3/trIibde5619f+Lf/3PwR/6s0wMDjG7s9cijKG92h9sDzSuglqcxEGAM/9mvZsGtu8RSxGzjqMCcrCGLXMWxq0UvBhYUOxk2zUCI7mkJjAW9QdNHwhbPgsD0Bkp5l5AFo+6H69ItOMDq++sX/K8HdVFnIVTqqi0ia30HGTsv03HDifu7et7N91D28g7ag58JvNdYMWEJp/yTKf20KbDtn2tYqjlI3pvNEQ9Wfvs+8p7fx638vTR/58R9w07z/sm438xnd/iK8T4HH79exIfMofprO+4bThwnp+PdUqT8kKl4HjuwLTyJL28DdX924r7hpO39BWiq8ymsCR0y4a1fQ/rCM/jzNlDbc7xPFqGptAUFA3vPhPbyfFa0Wtj2RWBb91/qOVX0FKaCGlw3nLiDFoLw23eQ+/wJNEVVtN1w4r7RRE2xkcvLijgbtcOvITN/EY3HlQJnAC4az09kZkbfWPvAcQ7iD8nfOfgrp5BbnuhVbk1k5l6jKfy64aO96TFeyXfQEnGd3LTXWbCmDt37Af6mt8ja4mHe+02B6/LnWkpzPex+M3yVbA9nF05irSudPd3XsOOrvczz7CA/Iq9i2TaKGMtzoA5ex1RcHVJmmtZPorA26KHNlM5zDc2h9RLA9y1N+vm8ZG/DGb7zzm+5bMkird/L4OHSskmsaDKy8mRPXtawUneBwoVXogcggj6vLs/8OKvnkrulg5Tiit562vz2ROxvFPGx4vCp2zRWbOScfjE1f3bi/m4vzyksiKLLq8J9o5HdWRPZ/afAft03nFTbgjf2427Yge0NB2kba3HccOK+UU+p6Ty29dHqXjA3H79s47JpCw09de69RWhrN3Eoom5E8trfZ8nzJbQblveVi4tbsLq2kvtmm2LZ6qzdyG7PRPZ8Zcd9o6lvASa/g7Lnp3DAP4d3vwrKc/9Bcp/fEVlGgK6618haFVzOWqktHs25hUVcCrrIau8JnTUF5NWZetvFjq8qWaq9wNrgVbb9zWx+ZiueuVW9x6zbmENXxVYuxRxVGFz+R9IxqySHD4/35L2fluNXmFIcNmo1jryOn5bMXAOX7ZHD/JytN3mpIImmiMCWn/ZmB1NSDYlMiCJ/037V91mI934YLHr9V73vmPsuO8h9Jqzv8t4cqC4ivyL4HGO/b/fRMfWYE/efyrFmldN6o6fNCl7wqbtdDW6Xv65mpek6a59Rk38D1ZeB0hBHe+27zu71F0guOo7jhpOOd3IwqmqbQ6lqW0hE+YqN33WBtbM30W5aTc2A9/bY+o5CPKjuweAqwH/yQ9OnfPNjf8Mff+Qvh85jH8wKVuE++yseRmF8dno/G3XPzakwwnVaih7u/I22mAJYgVfKFY8RPkdonAZ+3X2w7vD9N/0OA4phVwPk37QSsvWBBad6gpohgVVHG9/fAX1Kf9cwXvfbdQnwu8+yb8Mqth5u4t/uyhGFuEd1nmFF1RiqP93A1JSex0kNyRmrqS6+xdrqoN6iLoc9X9WyJ99Ccs+zgkZPZsl2Vtov0Bj8dOFvpuzlDl65eJp1Gfre6Tc0yems+7SOdeEBN0cHupLT7LGZeh9qNSmT2VYyhgN16m4gXdrJVH+6nZdSw473UQUp5fu4FJQ+3aTtNH+msO3O5bTXXg99UOq6QFnrHI7smoG5N3F6MkuqWOrZEdqB9zdTtvAmSy/+K3/s3bcGnWkGe3aN5/D2K9EDOKbJLPWeCAly9HJd51z65L4Ame8aa1++ydKLx3k1LH9f/aiWpe4CyhRHy8TPnDWds80dob/0O2gii5W5lshggNdBvW4iaUP4bq2z+RNe2voW2X0FkuSMxVS/MznkgaWzZg2HDVXUbppMStg1XOndyAeu+LaNKpby7DpKYeUYjny6nVkmXWiZ+bSSlMo1QQ+xRqy2CzSFpcFvb4as5UxK/Zz2sAder+MaOutT/b7i3Fmzht36Sup2zcCs68lLLWbbduqOTSZ5gNNVn2cazPnHaftoMdkput5yqzXNYNtGA4cbFDK3+Qyu3O0h7Uj8HLT4plNzbDGZyX3nmbZkCysdZ2gcKNjndVCv2cK2/KDrqjMxa1cVr6r4EsF1y8K2L47zqtUQ9vlK1rmUytYZLrOcPTYTupDd+7i6voDOolpqlqSHtsdLjlNXdJP88rCgUecZVlToOXIxuJwF8n7PZ1VMTQ7aTtU9wUt7g4ZtW+cEtYs6zLbtVC+x9F0r13VO5W9hmzWsnTq2l6mxRhUGmf+KTHNYeWtfoB3vvMABFjErJXiDOPJ6kHSWHGhwhH1B5Ka9bTwzCybibQ7/kqeDprocMu/CHLFduumq77ODuh/2iFb/Y9l3zH0XR2TfRWdi1q7TvGv7OTR9sdy3Y+Q8UsQBQyW1we1ydx2rfW8MB1ad6f91/kHXl9jb66bTHUzatTqofY2HyrYlEeUrRq1uDUs/qgrtd0W7t8fSdxTiATbswdUffuqnKUhKY9aKt5mgj77JP6RMYO7qGRhHge8nda9URneBfSdd3NFns3dVcHCu53X1EqbRt4BRdlnQ4lXTSsjWg+eb2Edvfn87MmCneAxg2qLwBbPUHMAXunBUIjl+5KeQhZpSWVwWmHM19l39FDpnraWIbfNNxLarnsWrstm2KHgO1OksXjT4OVHvm+sihIjQfnoHuuLlip1/rXU6mXXfhnTeNYr9ZQPmjGsEx9a8dSdpLF7FrIGiMj2y5vCcwrZavQG6bqnqIOsMjykHkDRZzMy/Tn1r8F40yoGaFCOZDY7QB5ZbbuwZFlIiNtaSYvkB962+33jrTtJYFOW8TTm80tXWzygnPVMLR3OuOfK+7Wy6QLYtvTfN3oYztEfNXz2zSpbTeFrNSDz1NBk5zGoIGxnpuk6X9Sm0pnRSwoIBPvt1fLnpQzoqQzP6MTo9A/VzHJwqH83KYovCNdeSbRsfFBiOZdt+xFCe22sPklKynEylAqlJZ2XJ6KCHWA2ZudO52hr6UOts/gFrqhZz+hjqHSFXgfYmH5PS+7sKgXNeV5weZ/AyxjxTbkTQGMaT3HZT4RXJiUxJ2OjndObZTArpHE2ywU3XLYWPhCRSi9bTQVe8kTS9Pkp9MPBcvoFT4VFz0pmSpdDh917jlGM562zKDwPJtlWsbD4TMo1H++kd6KKVM8K2U3VP0KBN8uDyDJAZmtHo3R4Vo59VGGz+K9IytTiHD6uucOn4FaYUZIWWjzjyetBSxjPPez10Ggavg3pDOuZkI9a262HtcBuNeTmYE5iEqEkzjVF9nx3c/bCHcv2Pdd+x9F3O2laHBdiD9hPxG/X37dg4OFc5Jmq7rMlYzjrdUa7292VfIupLrO11VvzB5KC9q2pbElO+YmSwkKLUNir1VWPoOwrxIBv24OqP597hYN1f+HvIINWRPPrsm+x6q4AJj97h+6ZT1DT9NWybJJ5c/Tbbl71I+iN3+EvdYd479+PgE+SoYnPJcToeCZ5XswAjLk70rv5u52jpcTowsaBnG+sjdJyM77Xz3oBd975WT+s5xioafwo6RsV+sh/X8nisUTxHFZ923Ombh3RVIkd1XmBfkyfoNf0X4ewqGuOJc39WQaNnFMb53emcBZ+WNOKJ2KYvr4J/eoOpjio2lzTyU2+aAtMHPJ70ROwB0Aj3y3URQoRy42xNZ0p6lDFtGj0m3AoBOj/eTgeXanaw4mUbeRNSmXf859BXf+3XeS41AcNo9GPIvO0b9KigZFM6Vx03I//g99Jpv8LH5WvIn2YjfVwhH/4cdjRDOjObFV63xouz7beM7htGgdPextSMaOetJzn1B7z9PIRrcxdgPn4l7FgOzlVNZErvd2Eq8tdk4bkGh0KaB0FjwWoJHRnpbL3JJIsOtE9hJTgY4Ke9+SYz0/v5JjgBzIWVWGvzyXv9BI2dUTK2s4OWjMlkRi3mJnDfjn3beESUZzfOVguTLNHHlWotOSQ3d/QGpzSpWaSFfOnhosWdQ5oOtKkToenbvjrrd9DknkFmf19ydHbQkpoT/wjjePPM78HZdJ4P3nyNvGl5WJ7dRGuCJ7NQT0ey4QduDXR4bQ7rNt6m7JkCymodCQ3y6Qxj8CgGlyP5XQ6aci39BNNMpOV+ib038DJwOevbTu09QctzJRvwlU8iv/w87dEyw7SAI1kXsE1bwwdNSveTGAxV/pvmsPJWCWtZHhFUiz2vE8FAWp4jZBoWn/06yVlGwERm1vWQaVg67Z+Tmav05cbdFXqfHfz9MLp4962u7/JSXmwBUXX37RgN2C5rScvV0+Tq5+EykfXlrrbXatqWoSxfcVDqq6ruOwrxYBs53AmAO3R+eYxdXybxT8++yPRnf8c/jnqYRx75hb82HefkxXYC3dQ2vrmYROoLBfzL+Cf5x1Fa9I/8nb/UneLslx0kcnaAQABtoNfcB97G8f5G1kT89gL7SsLn5oy+r8/2ryJavFb9/qNtG7xBFZsjhtwqpysiTZ9VsCY8kY7QbRTPQ+GYSts5gs7Hsmg72TSyJvwcp5Ww1/oiiy12jjogWj70mx7F81DKl7t4XYQQCXIbd8d1Pvy9mZVRt5nPuaD/eVuPsmLZ+/iz5jDPNpmV+5ej02rprDBzuXcrH14PSkM8hlVozNRLy5ESllT5yc6fw8y85bxbPBqt9ia7x14J/aA2h2072yhcf57STd2vd/k9NFYUU5a0gebevr0Pr+dnDr9o5nDUVExkd3E/idSkM2/GVs7ZF2PueSizX6GxaDqlvRupyV8NcJMuLyRu6KiWNOto1jq8vJSio+c11bQlADoycz0ctvt5zqoBOmhq+wMz307UsaPQmPjjR03M6mzmbGURa9sgs2g1pYVBI2Zvu3E1nyRjbEn0/RTUxL5tQtzG3aHB1N+11ICmrQMvBF7P1z6FVbeJdu8cUnRA57e0pj/FqwC6dCZ5jtLuzyFbA7iu05I3nW39JsGNS2OMv7rGmmc+F2fLN1HWPJqpxdOZkr+BWSWj0fqvUPhGvIm4e5InbafO6qG97gRlLxTTrv8DpSXLmWpKxPwX6oIVvls/MFADqwE6PT0NgIpyBsR8T0jOYc9nE+myX+HD7TaW2PVM3bSKlXmmoNGNGsyFx2mzuWmsPUjhG99A+iLWbVpAZhxt09Dkv5bM3IlkMiYiV2PP68QwZ+Rwqa6DbVYLgS+rwFoSSIc5dzxldjevmgwEXqEeg3X/vXHD7bvPJuB+GFXs+x7Svouq+3aMVLTLGjS0um4B0b/EHHR9Ga72esC2ZSjLV4Ko7jsK8WC7B4KrPW7zv788xq4vR/Hof3+EO//mUQiY3sZ+8V+xX0zisf8+ip/+7Uf+zzCkVAyXVNIfH8Wd7/823AkRQtx3kjAY/8Dhj/bynIp+tq9+Dbmn06n5qrVv/ihFWnR6SOhAnkHy48dkSOr+n4+rr0/hVEY1zX829TsXZYjb1znw4k7q3bf57eineK7oDRo2pQd9XotO/xhrLzb0LToTB7N1Oitq2liXGhg90153nZm2DUFbdOdvv3EYPzCG5AS/k6/L+gOUf4vPloO26xvq0yfyUvffktNn4DzdAVZL4DXVrPT4HyxjpE3J4o/vZPFHfDhrd5L//DX2XNwQeD0xyYBpciU17+QMfK1j2TYhkjAY/f3H1PzgTzcGhW10ZOdBmd3HrElautqukWGd0/03PZm2Dk65IDsVnK3Xyc7YoLzf3iQYGNQzXkx55uLQiyV4Nlbj2BVWOO+nJZM1etJsGzhi24C/q40DqyZxLr+W6iivjqviB/SjVZU77ejHGCgQ6wdS9D15nETIIudRxXZPCNCQnDqD0vdmUOr30FK5hqzaOdQdmxE6V6/WQHbhXrILwec6T9n8POp31lIaz5QPQ5H/UcSe1wmSOplZb7ThxILZ76Del8O67muiSc3BXOXAm29A5/uWJiZSencarH6F3mcTcz9UFtu+1fddNGiT+vt7dAPft2OUZMA04K3BT4Zp9MD7iru+DHd73V/bMpTlK8EG7DsK8WAb9mkBIt3hR8XAarDb/CCB1V+hwOJfo4y5oQtKWYrYZtWDp6171KoQQoQzYM64TlP/UbpuXhpPO1haMmeAhxMADSmmpyLmhRw+PtobHGSauldS9l7nlGMR6/LVBlYd7H5jNKXv7eXIF62BlWu/Ps27heHziWowpxqotw9yrnPTZF5xneleZMPB5ebpZIc8PGgwp07kan/vobocXM0yKsz1NUg6C5PcgdXqvW3XSAl+JS/lKSZ1r1bfaf+czCxV0ZwECyzC9O6Maxxo6H76SzGS2dyMU00xj2XbhDBgznBQ74j+7qLPcY12kyEkUKWz5NDZ7MCPl5aGMSEL2aSk5tDe6gLctNeNxzrQg2fyGNJar9ES7+uTseSZ/XMOGJazzvrgrI+sSU5n3bEtaN48Q/sg9uO0X8Oaqm4EscZkwdrvtB8u2hsmYupdPF5PSmob9W0DXeRY7glKCQss1rJNs5VT/bzIpjXNYM/+6VytvDboGE2i8j/q/mPO60QxYk3vnobFdY0u6/i++5XGgjUpMA2L395MZ67lHlhxPOw+m6j7oaJY9h1L30VLsukxWlwq5tUON+B9O0YpRjLt10Ln3Q0RyG+zIbYvFGKqL/dSex3Rtgxl+UoUtX1HIR5s92BwVYjoPtu/KnLO1fkmfmpaxZr90acBEEKINNsiWioGWHF2ID4X7WHPIsl5i0mr2n9XV0P187Py71sPstu7gXkq5j7zuRyReeF106kfraozrMudQ3LF0dDVh2OmZ2qhn3PNPrBfob0gcqESXe6cfvLXw9mKg2QXTA5Js9ZgVH5o7DrPAdVvuhtIy/uGJpeP9qbHwgJ3JjJTr9He2f2aasIWIYrGj9erJghkYWbRN+yuUfPAHMu2iZFmW05n5UHlhTf8bRyouEXp3LAJzFOeYkrbdZy+b2nSTwwtH6Z00hq+pdProN6QNfDiIpp05hXf5EBl+ArkasWYZ79VTpDXrlD3YqZBm9SGe6iet33eQQYDo+Rw13l2V07klTyVj9y6HOZZ3md3rfKJdtXu50DWfKb27k5DZn4/5SyI+nuCD6+KzPB7vYmbmXHQ+R+HmPMa0I4mudmh8IWDj5aq92lSdWANaVmBBep657buOwBp1ts02f04m79hSmrCI7tR+f3q77OJuR8qS8i+Ffou5twF+KvO0KJYaL10RW1bBr5vK9Jo0bbeVFjwzcLMftplVf0atfUlahpIYHsdS9usrm0ZyvKVEDH0HYV4kElwVdx3Ptu/ijUloT/xLCQmhPiVMS2mOv86tmkbOesKegj2e2g5UsTa+p5eq47MPAMHKs7g7PmV34uzbgeFC09GTgGgzWHdztEcfqGAQ62e3v36uxx8vH4utiEIXrW/mU/+kWY6ewNuPpy1G7Etu8nK/XP6RnHqxjPFcJDdNS76TsXFpfIiCqs7Iness2D1vM/hVhU9eG0Oe45pKHsm9Lzxe3HWbqSwWt1oXm3uAnQ1n/NxXQczsxQenLU57Dk2RiF/2zj0so3DhuOUWkMfilKy5qAp38nHrp7z8NFZtwNbhYalb09UlS4IvP7Y2XqGJiIDd+YsI/UNF2hKir7AkTLlBSv6jcp42ziwcFLYNffT1bSDtVUW5mX1PdKYl1QxrzmfvPXncQYFZP1dbRxauDFkpe9Ytk0I02Kqi25SODu4Dvrxus6zdnYxncV7eSliCLKJ7Bk3aalphqzwhWyMWE3XuFp7HW3eeFWjs82FFcy0F2ELOWcfnU1HyX/+rbCH18jrojrPTDm85NjH7qbQMvvB63NZ23A7Aa9JajFnGLlU2zMi0o/Pl6jQnp/Ouk3kTdvIx/aguu1z8fEbW+ks/gNpA+2iphjb+jNBC7T46Wo9Sv4L75Py0YbAPLmqaHluVxUpVTbyj7T1LVTj99BypIC8qjHUbApb9d60gHdnOMLKGfg6mzn0ch6bm7ovksp7gr/zc9a+YGNtTfBCOT6cNRvZ7F7evZCPl5bKJWS9fJTGTm/QNW+mbP37pM2dGEPgIYb8d50gb1weu+2JuPZx5LUmnSlzL1BW3ty7vb/LwQevF9GU9wavqD1yRg4a+wUa28aTFtYG6Cw5OPddDLgAACAASURBVJtP0GKPfYSkcmurHDQN561ZQ6Ga+ywk7H6oSPW+Y+y7pMxhT+51Cmfv4FLvIol+uuxnWDt7J/bR0d/IGPC+rfghIxmmK5yr744m+n30NFnmJVUsdYe1y93np5jfIWKoL9HSkND2Wn3brK5tIa7yFfVL+JjORaVY+o5CPMAkuCqEEOJXI9lWRfOuibgqC0kfa8YwNpX02TtoTy1nz6S+7rPOVkldnovNz6diGGvG8sJWzjGddz/dzivpj0Xud9J26i4uguPFZI0L7Ddr1Xk0hVXU5id+pE3m2zW8m3GLU29MwjjWjOHpfA64JrLnqypmhUz+p2PWe7VMcW0ld5wZw9gM8rZcAFsFtbvmkxHxlp2Bl7ZO5OqqKVjGmjEE/zydR/7rZ0Je3dOkbqDhi+VoatZ0n7cZywslnGI+7xaqfArWpDMv6yil9slkR1npPfI4qWStOoOm+DINmxRWjk6ew5Fj42laNQnDWDPGCUV86J9O9TuTY5s+wJROSuV+uqxPRTxcaVKz0O7dj0/hb1EZ0plZW4ixIngOGx3mrNtsfraIS9FGsOiy2PbZZUqTr7N7vjVwPcZNYkWtntIvwueM1DPrWD17rB0c6N3Wim27g7Sd2wexbWJE1kEr+ZUdWHfVR50Xz5wxhgN7f8CaGnEVSMtKYs/e2wp/i0Jj4tVPL7Mt1UFZzzk/nc9ul4V3v3iL7N7dRLsuKvNMY6H0ky3oTxcFznOclfyKDsybTlO9KcZyGEVy/l5KOUruWDOGp22srfMk6MFZQ0p+FW3HpuOvDqrbLx7EnVdD3RIVdTu/kuqix2ivKAi0JeMmsaJGw8ov6mKfe1RjofSLy6zUnGHFM4E22fjMGk5pltPwxQaFEcsazEtO0/C2BXt5TznLwLa3g7T9dWyz9pUVNfcETcocqr8+wkz/id7jG57O54B7MrUXF3eP2tOR/XYtDZv0NO3t21fWqgvoN13m3UmxVCb1+e/3JzhUEkdeZ26qZSkHsT3dfY/Z3oZ502nWqa2TANrxTPLs54AhPXIUZMpTTGrYz4FUhb9FNYaMGReYN25fyCvhOtNEfG9OorBu4OGC2W+fZo+q+2xAQu6HUajdd2x9Fw1pm2ppKBnN5eWTusu1jbK6JF45tpelqf3Mcarivh1Jz0v7N0DVlO60beRSb0RRoV2dUNhvfgefh/r2KkoaEtxeq22b1bUt3dvGUL6Uy7lynUiM2PqOQjyoHvrnCf/z/w53IoQQD4Yd295mxMiRPDxyJA8//DAjRo5k5IiRjBgxgt+MGMHIkSP4zW9+w4gRI3iIh3joocAPD/X9O/wHCPn3f/3Xf/HLL7/wH/9xG+OTT/T+PZzS74R4EHhri1hLOdW2IXgBq+s8S7ZD6XthC7RA9wiJTdha59CW4EWQfPVrKLy1mtr8xC/SIoS4y+w7MNRNxr3JMvC2Qoj7kty3Ra9h6juKB1fHX/9GUpI2EE8YMWLIj/fwQ/+ZkP3IyFUhhBBCAH5aqs5gXaPQOQbQ6DDn/oHMhkTMFxnMR+P528zLlQc0IYQQ4t4n923RY7j6jkLceyS4KoQQQggC84LdwtfPdHRdzZ/TbpsYw6uZKrjOcPi3c3hOVkIQQggh7n1y3xa9hqnvKMQ9SIKrQgghhAC0ZBfmcO7lwIIJwesv+L1uGo8UYKs2Ur0pPXKO0zj5u5rZvP4bXimRV8WEEEKIe53ct0Wou993FOJeNXK4EyCEEEKIe4MmdQN1F5v5uGIjtmXf4L4NkIQhfSLP5b9Bw2emhDxMddUWkPvGN2gsL1K6v3KAxSqEEEIIMZzkvi2iuVt9RyHudbKglRAiYWRBKyGEEEIIIYQQQsRDFrQSQgghhBBCCCGEEEKIXxEJrgohhBBCCCGEEEIIIUQcJLgqhBBCCCGEEEIIIYQQcZDgqhBCCCGEEEIIIYQQQsRBgqtCCCGEEEIIIYQQQggRBwmuCiGEEEIIIYQQQgghRBwkuCqEEEIIIYQQQgghhBBxkOCqEEIIIYQQQgghhBBCxEGCq0IIIYQQQgghhBBCCBEHCa4KIYQQQgghhBBCCCFEHCS4KoQQQgghhBBCCCGEEHGQ4KoQQgghEsvXTNnLBRyy+4c7JXdVe7mZMnvYLzvPsGTaGi55hyVJIby1RRTWDmdCPFx9cy7p48wYxllZUX8PZIoYgJezC4s4+4BeqiGvE/YdGModQ7d/Ie4ixXucgrt9r4npeH4fvl9X10QIcZdIcFUIIYQQieW/TafdgdsrTzD+2x46Ozrw+gaxE+95Ch+AAI2vbgcrfAuo+86J+7vLbLPqJPh0j2gvf3ADqEPuAamfg+GtLVIVdLsf+Dqb+eD17i+BxpqxPF/Aiuo2pHo8GLx1Jayok6sphEi8kcOdACGEEEI8YHSTqf5u8nCn4p6gSV1Nw43Vw52Me0Kn/UteKvxXdABo0WqGOUFCCBHEb9+B7Y3bLN1fSfM7OjQAfg/ttQcpnHaBle9t57nk4U6lEEKIe5EEV4UQQgghhBBC/Iq5+GDVTZZ+UsUsXdCvNXrS8rdTl+WiUxf1w0IIIX7l7vtpAR7/f+axrDCHR4F/euE1ls1MI2m4EyWEEEIIkSiem7QMdxrEA8xLl3u403Afk/pJl7ttuJMweN4OWj1jSIkWQE02kSKj7YUQQkRxDwZXRzHu2dnMmtn982w/wdJ/Wsgrs9J58ndTeWPnHpZYn+TJCQWsfPnxu5lgIYQQQoRQXgSnd14+n4uzPQsbjc0gd9kJnD3Ts3rbOLQsD8tYM4an81hyRGmuOy9nF+6gHfC5zrN5thVjz/bVLnp31XqUJc9ndM+b9xqHWvuZZy34uGMzyF22g8au6Nv2zcmXSvrstzjr8qE1GBU2dlA2NpDWUD46m06w4uW+Y9peP0O7L/Szu8eZMbz4Pj8fz8cw1tz9E7a/WNLey0/Lmxlsbo0+L67zSC5rmwaYN9fr4Gz5a+RNSMUw1oxxQhFlTZ6wbc5TONbMzOPw4YvmoPMwY3jxJASf28LzYdfbS8uR18h92tx7HSP2T1DZ8rZxaGGgPKQfcUWmt+sMttlniJo9vissmXaCztBf4qzb0VuWDE/nsaT8Ck6leXS95ymMOAcVf4vcOOS8I37C5vj0ua5QFlYGLrkGnujXW1eEYWw2K5uvs+73fftXXBwmrJzZXj/TV2+DNxvwWgx1fvpw1r6FrbtMRvwofiasnM1ew8eugeaMVlk/FdKkWE+Ctw5u18ZZFdqG7lQHtXH95qPKeqRIoX3pLVv2fRjHmplZ9XNo3Q6fg1ZlGxV8j7hUHpbeOjeRV8RPZ0i+zo1/flSdgZTfeuiKdX7siPvBGj7o714TIcbyGvPxYqhvUY/R3z1OpXjbxihpUaOrtoi88jYGM+W5EEKode8FV8fNY1be75kwofsn70XyU6Nse8fHnV+6//3ww93/+AXfTz/ehYQKIYQQIla+1qPkL/scXUEVbd85cd+oZ5v+DLZl52mp34htlYO0jbU4bjhxf1WBta2IJTVKQYDbtBwpYEndaF451kTHDSfur7aQfDqfJbVtXF0/lxV2C6UXW3HfcNK8P4vWhcV8rPBA77fvIPf5E2iKqmi74cR9o4maYiOXlxVxtkth22f2cSt/L83fOXHfsNP83hyoLiK/QuXwP7+LD2ZPYbNrDCv3d5/rjXq2WR2sXXgmKLBnYd13TtyfzIeCGtw3nN0/G0iLI+2hNGTmL6Lx+LUoD54uGs9PZGZG9KFa3vo1pC88gz9vA7Vf23HfcOL4ZBGaShubg4OyuhlU33ByrgBe+cQZdB4K53ZsBr0Dx/wOyp6fwoeaxVR/Hfh728nlmOqKKaxVKBPu86yt8JC9s56OG07alpgit0n+A6/ojnJJIe7K/8/encdFVfUPHP8gKE7F9Lig6VASmIK/esBKNBd4CpeSMkXN1FxKQcssEdRc0AxRU5TMMnFJ03LJDbcyQ5/YVDAT0gRLEHoAUxQTlHFk+/0BjAwzwLCTft+vF69s5s49556598zM957zPUBm+HekD3fFVvtIKjvH9WFamB3vbw4rrOOxjbxvH8G05ytq46pKZee4l1mSNVp73HGRu1gyyA7nxT8W1mG2g3brlN2e9JoRgf3kjTrnQNiMPobbqQRLtzUk/h7Kkl49WRJ5933Z6F5y+J6GxJBFuH9Q4tr8/Ud87ffgPqOM86fM96K221PDaf/hvBflwIJDhedk4pkf2eL5b+zHbCWu9DkGaBKP4jd0NqcdZ3LwVOHxh8+2Y9fQWRwuNypT8fUJQGYs30zxZAPD2Fh8nWweSPo8T74wFP/f7UmvGfF0XXygsF87+yOfDk/F741FnC5xWWnCPqTXvFRGrCtqx1O78e2dypK53+kGqSp7Hem8Npw5z88n9fXi/iWKg7NcSQmYz/50wHEq8Yau7RLnZ2X7qJTdi3Aft5lMt7vvR/S60ZhvHM7Yrbp9bMLWMbgdtNe+1/H/XclEZTDTgmINBGIr4sCbH91hzrjlnDB24fmYRfR+8XM0JT8PAoehWfkyvf2NqUPlztfKl1f5661GPuNqiCZmOW4vlqpLYH8S5w5nSUwFrZuwnWkHXyJothPKuqmuEOI+1+CCq00tFDQu9ZiZQqG3ne3rM/n4nR60bgzqC98yz3sKK45dJofGWLt+hP/brjStmyoL0aCZ2wxh6qJA5k105rH6rowQ4r534qoDQV9PxcW2+OeOkm6zFzIyajZzwl8i6GsPulkVBfSU9oycNRPNmu84p7enaK46rmSrTy/u7soJ38XDOPHBfMLcVrJ1ghN3dzUM39l3WH2wVDRDE47fuItM3PsZbzmqChcwwRxL+0Es/bgLqxd+dzd4pAnH741Y3ty7jeldi7cFc0t7hny8jU/d7xjXCOb2jPw6jK0TemFrWbwXJZ3c5+Frs5bDZQT+9FSm7obY92di+ib2GwpoxUWwy6k/ncuZBmvZZyHh+xYy0rFEW1g5MX3xJE7vjqjmaCENof6eJHjuJmisg/Z9LGxrf7quWcT+UgV8cxDe/3gQnSzLm7urpO+YnqzeGm0gEJFJ6MGrDO6l0j5yLsiTFTYr2V1yv+aWdHJfyO5Vj7PCa3upUa7Vp4lay5yWAWz1cTJw3Gs5UbLicWsZu/JxgnYsZIi9pe45sGMltiu9+abaFYzlROZAtq4vcW2ipPOEebwfu51QA4Gost6LWm/PlGD8ooYR9PEgOhX3C+YquvmsYWLqIoPBpNNRmQz+eg1vl7imlY4eLJgcy5bwGlhVPDYeS59tLHW31wZ5zG37s8DncVYcLDXCM2E77615nI07ZvKKtmMzx6rrVDZOvsq0jXc7h3Ph3zJy/oe4aN8Tc6y6erDxk/4lgseVv450xEWwZfg8FjjrXuNvr1/GK8bkH61CH5Wi7M/GHQb6la8DsPVfXqK+6ZwOMWfB/GEl3uvCc2njBAeqMoPfyn0NIT4WrHjREbcpmwhNKKdxMo8w7Y2LTNz7lc65Y27lxNtf72Zi4hj8Khr5X5nztQrlVfp6q6nPuJqgCcfvjXj9ulg5MX3HQaY7lvMOa2Lxm5fI9FWDkPXHhBB1pd6Dq+1enYb/gpl4vuDEq+8tYuGQ9uiGUhW0H7II/6lD6fLsULznLWLGG040t1BqB6tmXjlNFpAcnkwWAI1RtLKmfR0fS9UNZGpAIMsCAlkWsBAPB0c8/AJZFuDDgPqumhEGeBXXu75rIkoztxnCJI8eqBqDsv2L9JP3SAhRz2ztHzcwiqQt9l3Bxb0Xer/Xbe3olnrVQCDMBnsbA+NRVHZ0oyeDnfV/+dvadyH1qu6Pw/SDmwn19GKIoV9g9q68mRKtHS2WfnAzO92nMsTWwLZQqR/z5gY3Nse2q4qoRCMnjlei7oapeGVsS3aF649eOxcWjIu7UwXHZG74eVs7uoXEVi9Ilv4dG8LHM91dZeBJe/qOSSOq1Milbm49jfohbd51GBOjv9Nvm8wIDmiGlVgNPJZdKx9n+mTD7WDedRLTLSsRDDdSZmoa3braGShThZVNms605dO7P8fWZxLdDFbQifd9WrI6pLoVdGKEu72B+rTEyiaRlKv6rzD8XtRBe15NJKarA/qXqBJbhzQSDdV1+EA6GaiQpZUNCYYOrrJ6DTO4wrxSZQMpV3WCi6e3LcJy8iSDNzWUzgPpdvBX7XVl3rItCakVjDytwnWkw7wlqsTUstNoVKAqfZSlTVvDIw3NezF4eAQ/RhW3mDlKi1TiUis/RrU8ll092HoqiqDhsOuDPth19+SLsES9IHB6yHZOTy7j2FAxxGcSodvKmhlQpBLna+XLq/z1VpOfcdWVfnAzoWUeb3lS2em1FvvFM8u8OWhrIyuTCSFqXv0GVzuOZpSzCoWiNXZuI3Bppz9CtZhC1YPhw3ugUipo3XkQXa6EcOxCBgCtO7/LqMEjeMejM82BnIw4Qg+HcLbKFSsObpb48/OktuJSA7xcUJFKqI8X3j6zWBtrjYUCoDmtG1QwbCBT9YKojrRuDqDAQlLdNiglA6sAmfF72BRb/muEEKJ+WGJrU97zF0kxdgCZpY2BH6olJKaWmDKr4VxMNK90NTB9HAAVVo5ppGcWbxvBSLeKAo6Vo0mJI3T3Jua8447bi11x/uAkxs1nrUzdy6bsPZpOX5UeGRzLrjU9ebmstEx6VUknIeY7vvH3ZvgAd5yeHMuGO9ULeGjiYjnh5kSnMp63Uv2blKtVHRtrzytj4tkQovv69JBgNG497wb4E+I54ehK5zLnlCrp3FtFWJyRuSuNZOnQk5SQk/pBGc1FYuIsUGpPwETORTnQx6HsSa9KB1eswuOrHByroKZY2aRx1di3ui7a08aJweHRBka6p3MuugktK3HxWqoe17sZU6NUj9MtK7PE5Z7IuSgnXnYqo4HMVdhzN8jXaexKnHcPL3eEZbWvI/vRBPUKxn2AN18aCDCWr2b6KJ362jtxOPZi0f8p6eszk0z/Pgz338PplJoMsppj1XU0n+6IKkx1stuHXkPXlsgxXPh50NexrGMD7B3oGxJr4FwswejztQrlVfp6q53PuKox4njLeN1pf0+mWwzjFRmyKoSoY2b1V3Qrhrz6NM2r9FoF7R2tOfJxJG0/fAVrhYrO3YvvyOaQHBbE3uNVrJaDJwtG2aNIDcU7MLjoQUc8/MYw2mtgicdqSlFwMvUC+7SPBbPcp6bLqQEOrWgORaODi8Ww1jemfuojyqQfWN3C4nUnq5B/SgghGoaa679K7imT9NQ7rH6tE6vL3L4nSyYXb0uNDd3JjNuD34zFhFq+xPvu/RkxayPTLZVoDnoyzbg9VKLu5TB3YsSg+eyK8aBTcTA15jtCPQfiW2Ed0jkR5MOENRpchg9jsNskPp3cEqXyIks6fGfUUZQl82oad9YMx2ZN2ds4L55U5f1buY0GryOkuxXnM0wn9GATBgeWGNGUlUicuaERpHeZY05U3FXA0MjAKrIdzcbe7zIhoCVLJxemBtCkx7Fzniehr2/EVxssySIx3hz78iuIeXQ86VD/02Proj2VrixYHM3YGXvwnV001VqTSmjAZPwsZhJe2VhNncoiMT6CDT068X6Z24xiV/E/ze156+swhiSEs3OlJ9OioZvnVHzHOmlvEFT/OjKn09iviHZPJHT354z94CQ4jWf67NF0q3DwXw31UaXo3LexcmXpvp6kxHzHhoXuTIhR8cpsL953s6+xPJvmVk689cluXDa+jpu/A7EfOWFu1OeBOdobg2W1ldHnaxXKq/T1VrOfcdVTlbrcIWX3ZOZoBjIidjFfxvXi7QZ9vQsh7jX1GFx9irZlRFbVqdH8cDiaVHVzOr86iO4qAyNalc2xU2YU5mfNySA1LROzZta0VuZC41ZAVRa1csRjSOnAKkgAUfyjWA6UwKoQQhhFiaWqLdP2hhjxI8wcpUUNFRu3FnevVHw3R7G01I9u4zM8Vqbu5evkPJD3tkYz3bFwxNLpgxEMdp9ZwasyOTzlZbZ03Uj4qZoLZBRTtmyLynsX4YYWpaqRAnoy2MKTwymDGGkFpEdwwLw/n5Y8EAsb7DXlB/Y1aOhq37J26piynfee9yTm6h0sbF5gyOStHHQrOcTbAhu7CiuIxsmuzNhOnarL9syKYMVri/kxMYsmLf9NX88PCGnwC9tYYGP3Equ/XkbfSlRUaduLtz7pxVtkcm73Yoa/eISlewunRNfYdaS0wWXsMlzGFt0YGuXGj4t341te3ssa7KOKadBgb1O6IzbHynEQvqsG4atJ5cRKb3rtHsbB9TWbb9PW3YO+zx7h3EdOdEaJpQriyv1yrQEex8qYi6/C87UK5VX6eqvBz7hqKzreSrwi/eB8JvASQesHYRUHvedup++OYXozWSxVj9dkRYUQQqseg6tH+NQ/gyEer+kGTy9HsmL5Dm1oNGH5ZZj+Lt1b313mSp0aSfDXBzh5RQ0fhNC2LaSlZYGFirakkqY7tNJ4A3pjp1ATf9SYUaOFo1nttFVXE795FmtLTLt2GL+Q0e2S2OR7BdcAF+09eHX8V8xZF0PhNPuix1UuLAtw0T43wCsQl+ZxbPJdQ2zJ/dkZCDQXBYMNvaZ4JG5GmBfL91FUphNZm2dx+YVAXFSAuug1A3xY5lxypEAqoT4B7CtVtt2oQJaNunschc9laLc1tn0GeAXiQijeR1sVjhYuLlVbVyGEEKI2mdPJ0YYVMam8bV/RSDklVvZtWRGXCI7l5jCo0OmDn2M7OQyXakW8KlP3Ctj358245YRmOtFXGcuB8IEMnl3Ba9Ij2BI7numf1HxgFcDc3gHblb+SMsG+lkZcKnEZbofbwThGTrAnPfx7lIMCdI/F1o5uMWs5nTkIK4MHmcnpkFg6edbgqFWA9D3MCelP0Kr+FbStDZ26xrI6NpMhhitIZuwRTtt71P+oVaij9oxlyQct8T00s8yp8A2XDZ26RrArTkPfrlUZPqikk/tCPk3vzZKQ8Wx0s6yV60hpP4ilgVfpFXCEiev7lxO4r8E+Cig+P7p5ltP/Fi0GteAdZ7bEDGK6salNjGHepMT1aE4nx57MiYnDt6y0B3GxHO5lx8Ryd2rs+VqF8ip9vdXcZ1z1mWNr/2/mRMXha2RqgLjUx9m1tyigbj+apV3d8dvdk42l8w13nWnErAwhhKi8+s25mnWanQkZOg9dTjhQasxpMjvPlxqFmnWhMLBa+D+FgVWArGoEVoEBtiogg8sV5qUsChwSxyYfL7x9vPAOy8BuVCBTS69ApbBndEB7LhRttylejcLutaK8pcEs9/mKeDWFAVIfr6Kgq77CACbEby4urzA/TmqYVxVSFShoN2Qh7ROK9qUNrFKU99ULb5+viFercPEaCEDsullFZaq1dSirrpVqH5ULy4bAjqLtQlNB5fzPWMirwUoP5vO1kaTmFP6v0m4EH4zv0jBm+QghRANj2XsYVgFrCTUi71+n3qPRrNmuu1q7VjoplUgVad7E8D5OxyQa2LhwUZnSo1orU/fyqXhlrIZd4ZkQ8x2nx7hWKzCVGVfNxawALF0ZoVrO6rBqH1yZzLsOY3BIBOdIJ/RgWwY7l45AODB48kVWrIw1OPpLE/U5S9JnMqJkAEfZEqvw2BK5GYtlcmLNOsKMqVhqPGEqlVFB687uk0hY+bnhhcs00awIuIrv6xUl8DdHaRFNYs2mjjWgDtozPZEEVcu6HalbxvVZFZ3dx3MiYLsR14+G9HQj5iRV8zrSpKcbNfOpcHEt/RaoSh+lwXCeW/3zI5P0mmh0ANIJnevNFzFlV1QTdYT9g5y0IyEtew+j85pAdhpMaJzKzoDPcRlTXvCZSp2vlS+v8tdbTX7G6anktWzl5lHO8epz9hxfYgErczpPXojtxvnsr7FzRAghyle/wVUDFAZWRWpqpjvAVq2uRgS1IupMkivYxGH8a9gpUgktOUJ0X0BhYLBL6YWvUnVGdMauiyYVBe26VOZWqiNO7RSQGn135Oe+EOLVoLIdWIn9lJD8re7o0H0BeOuMPI1h7clUULWvdKCzUu2j1h1pu+9oHGpUtJfoarVoEndKgFUIIYyhdGXpenP8nh/DF1Gpd3+EatI5t3sWYzeWmJhoO4ylvSMYO3QR+7ULyGhIidnOtKGLiWlpZ1SRnXoP4/Sy5YRqF2DRkBK1ifeGzubHTAMhNRsHXKKC2R9XVGZm0SI4lam7tiTDgQtl79FYbv2ebw7GM7iXEaOWLLvwss3nLNkap13kRpMex35/T8ZujK/49cVUdjiH7OFwevE+ihf4UdL34zWYL+zD8KBo7q5VoyE9bg/Txm0qf6EYo9jzinsEW7Ye5YCqP90MfEh2mrCGiYmeuM/Yw7niYFZR+7q/c5H3A0tNOzV34uXXg/HzD9fWWZMSy5dTPAlz+4A3jamWjRODd3/OzgQjwlr2Hmz0vMjYobPYGVccCCtqo6GTSZi8jJHlrvAGoKRTVzv27z5SFCDUkJlZO8mEar09LR1wTl3H6qjaC8rrKev6rAp7DzYOj8B9QMn3E9CkciLIk2k/FpWRHs2KcX0YHhROQnqJfiRsEdPWODCiV3GIrTrXUTonVk6g1xtrCU24WxdNSjh+M9bR+fW7i7/ZOvbkxO7vOadtgqKtq9BHnZ47vNRxZRo8PzQJ3zPtVXembY0tcVyZnNs6izmJk0osyBfHlwMc6R1gOMhYyBIXz/4kzu2D24ztnE7J1Gn701tn4eZ1lQWTXe/e9FC6snT946x+VffYNCnRfPGGO6ttvsLXuYJv3pU5X6tQXqWvtxr6jCt8VanPmspey0pXpi9uaeB4Y/lmxuu4bzVwI1KnPAemz36cFf5HSizEls7+cY7YjfuuRm6GCCFESfUYXFXw5OApfPic7lB9pd0rvPpYiQeaOjH6ydY62zTvPA7vwZ2xACwcBzFqsBNNgXb9R/D6c+1pWqv1Lgp0GgjCvlnttwAAIABJREFU7ktIBYU1ThUNEKhB6qykGt7jQKYGBLIsILAoRUBzWlfqeBpW+9zP9AOsgxgtbS+EEHrMHWcScmgS5lu96fVkJ2w6dMLhVR+2MIpPx5ackmhO59m7CfFpyYFJfbDp0AmbZ9zxO2jBm+uXMdHRuFyR5o4z2T1fxZbxzth06IRd9zEsibPDd8cafN0M5IMzd8J3R0/Cxjlj08ERp3HLOZFe2bqDpX1PMuf2YexBAz8rzZ0Y0WstvjH9cTFq/rAlQ1bt5uW4+fR+shM2HbriNi8Y3APY/fEouho7C9hyEAtmweoXi/fxPdqYorkDvocO8L75dt573lHb3u9thTcDR9fItG8rt2Gkz1uElZtDGTcgVQxZ/yNLneNZMarw/bLpPpYVcT1Z+t81DNFrK3O6zd7NRD7H/ZmiY1oYTafZ25juaGQCBaUr788Gv1F9sOtQ+J4W/9l1d2eCfzglB3NZua8h/OOexK0ci1OHTth0cGb4ynicP/5Rf0psWe0wfBm+rKV3URtPO5ha9QBhuWq7PW0YOb8nh71exqFU29k848bwKds5XdNx13Kuz6rQfz8dcRq6iNOO/iztU3TMlr1YsO8AvlYRLCluxyf78N5uFb6HSuVsrfJ1ZInLR7sJma0ibNnduvTyCkY1+wCf9ikxSb7rTHb3imBs907YPOnM2IBobfCqMn0UQLePtvJp16ts+aDo/H9muMHzw9x2GBuPBTFYs6nEcQ1nRWJ/du/1uHtcmjvGnctWrizd9yNLnVPZ8MHwouPthMOrs9igeYmg/36mtwK9/rE50strO+aTDxAyu6w+paTKna+VL6/y11tNfMYZ/qypfN9o1WchB/eOh68mlzjePZiPXcPu4RXfBDTvOhVf5SyWhMnKE0KI2mfybPf/FNRP0a68t/gVrBsbek7N5eRUsrCgVbvWZUyLSiV0TQadPZ9CCeTk5EDjxjQGLh/7iI93ZRh8VXkGeAXiokotlTu0tKIp7xmlF70CinKWFucMNZyLtDDPanNt3lXD+9PLnzrAh2XOze/mLS39/4ZeA2XkXC1Zvm69VJTIeWpEmVD6OI1vH+PqK6rL3GYIkzx6YJG8hw2rw/izFstatOAjTM3MaGxmRuPGjTE1M8PM1AxTU1MamZpiZmZKo0aNMDU1xQQTTEwK/zC5++/Sf4DOv/Pz88nJyeHmzSzs2ltrny/N0GNCCCHKlvmjN2OvTmX38BrOIdqgxfHFi9vpvPdDgyNX64MmZhFjD/Zno6FgiSaVUH9P5qgCam+xr3+ylD1MWAi+qwwsZqRJ59zu2bhHDSP6E9cGvrjV/Sl9tyfT8Geje4NYgq32yfkqhBB64i8kYWGhLIwnmJrWenmNTXJrZD/1OHL1CGEJ6jKeU9C6XXvalxlYhZzkX/jheibFe2hcFFiFHLKulLXf8u1LSMXokZrNW2F4MzVZFeUVqIp9F0hFUbiYVECgwSBndQzwckFFKqE+NRTUrOv2EWXSJO5k+Uwv5tdyYFUIIcQ/WSahe7IY0ft+CqwCcRHs6jWowQRWIZWd/hom+pQx6s1chYt7T1KjL8q0Vj0aTqzZjrN3GavEm1vSqfdLdAupgZzAQlSbnK9CCHEvqdecqzGb9xCvneqQY/wLc1I5mWzNJI+naQ3kpEby+Wxfgk5eJofGtO83De83ule+QsUBzBfKy2MaQ3SyGhRKSmeHHWCrAnUS0TUU8NTZt5cLqqJFrwr/ai6wqpV6oZwRu0Dy3WB22eqnfYQQQghRDXHbWd1kGH3vkwFjhTI5HPQ9g90bUs6cTDKvXqXslKcaTh+MwLG3Q90u2vSPoCEz8yqZhtMKA5AS/j2n3XvWSEoJIapHzlchhLiX1O+CVrejWbPhW0LDvuXz2dOYtzmSVEN5kDJTObbZl6mzF7L1YCQHvv6MC63ao2quAOBKwg4Sbmdx/uAFMgAUzVHZ2vNkpSsUzPLNcahVLizzKhlgdcTDL5BlAYWr2Meu+5Z4tQoXvxKLMw3wwUUFqSdLTHGvY4U5Te1xLV4MysGTBUOsjXptcpZad/Gqoin8OmKvkGHEYlwNtX2EEEIIoU+TEs6cGSd50+d+mnqaybmtPqywnMdbDWp2vT2vTL7DnDdKLWiEhsyUWL6ZMZwJqZP49L5K3WAsJS5jXdn1RuECOCUD1Jr0REKDxuC+0Y6Ns51kgU/RAMj5KoQQ9xKz+q4Afx5jb/Fc5ZgdLKM5/qPsUWg3UBO/dyk7YwCyOHl0BwBNCeGYWQ+6t2+OynEKr2acRtGlaCRrRhwnwyI5W5X6xK5hTmxh3tBlAS53H1fHscmnODAYw1pf8PAbw+iAwLv13OxV86NJi+wLDKV9gItunbTlFo1i3RdAqG0gLs6BLHMuqrNvNK56r9EXu+5b4v3G4BIQiAtAaijemzNZMKpkcDaY5WHtWeY8hmUBY4r2v8bA3uq+fYQQQghROSm7x9D7g5OYO7yGb+BKA4ub3IM0sfh1H84GTUucJwcYzmtaz6zc1xBis4fVKyewJCyeq3eAJi2xd36BEWNWEt5V1eDq3FCYO87k4N5wvgmYhfs7J0nMArDAxqknfYd/QMg++/voBoJo6OR8FUKIe0c9LmhVhlaD8J7qgkq70FUG0as+YpuhZDNNX8bbvze69+7VXNg5k1XHa7uidakw2GtxUj8fqsFFoYSoJ7KglRBCCCGEEEIIIarin7qgVf2PXC3tyh6WfbAHi7btaWWWSeqfV7hd1rYqBWY5QGM1GakZ0FxFc4UZilatgCt1V+fa5uBEO4WaZFkISgghhBBCCCGEEEKIBqPhBVeLZKVdIKuijRJ28LH/GbrYqjkZk0xT26don3WBs1cqXnbpHyX2Chmj7AsX2ooN1j7sMH5hYR7TMBm1KoQQQgghhBBCCCFEXWuwwVWjZcVzMqbwn7cTzlQtz2qDF8xyH5iql3M1lVCfAPaV+TohhBBCCCGEEEIIIURt+ecHV+8bwSz3Ca54MyGEEEIIIYQQQgghRJ1oVN8VEEIIIYQQQgghhBBCiH8iCa4KIYQQQgghhBBCCCFEFUhwVQghhBBCCCGEEEIIIapAgqtCCCGEEEIIIYQQQghRBRJcFUIIIYQQQgghhBBCiCqQ4KoQQgghhBBCCCGEEEJUgQRXhRBCCCGEEEIIIYQQogokuCqEEEIIIYQQQgghhBBVIMFVIYQQQgghhBBCCCGEqAIJrgohhBBCCCGEEEIIIUQVSHBVCCGEEEIIIYQQQgghqkCCq0IIIYQQQgghhBBCCFEFElwVQgghhBBCCCGEEEKIKpDgqhBCCCGEEEIIIYQQQlSBBFeFEEIIIYQQQgghhBCiCiS4KoQQQgghhBBCCCGEEFUgwVUhhBBCCCGEEEIIIYSoAgmuCiGEEEIIIYQQQgghRBVIcFUIIYQQQgghhBBCCCGqQIKrQgghhBBCCCGEEEIIUQUSXBVCCCGEEEIIIYQQQogqkOCqEEIIIYQQQgghhBBCVIFZfVegIk1bPYVTr860I5nT4dGcvaKu7yoJIYQQQgghhBBCCCFEAw2uNm3Fk11684LzU1g3VxQ9+DSduw9CnZHEmbAjHD15hiu367WWQgghhBBCCCGEEEKI+1gDCq4qaPWkEy+84MJT7ZqjKGur5tY4DRyH00A1GclnCDsaQvTZK0icVQghhBBCCCGEEEIIUZcaQHDVAsfB43i5szXNS0dU1RkknQ3l6NFoLtAepxdccX6yeDsFzds5MfBNJwaqM0g6vZ8Nu06TVQ9HIERDZm4zhEkePbBI3sOG1WH8Wd8VEkIIIYQQQgghhLhH1HtwtdXgdxndvXWJR8oakXqGsG1nCDM0wlXRHOvuY3iHVD7edaWuD0GIBqs4sKpqDLR/kX4OYayNre9aCSGEEEIIIYQQQtwb6j242ra5suhfmSQd2cG2oxXlUlVz5Wwo286Gsq1pK558YQRDXK1RAsrmKqD6wdUBXoG4qEoWGccm3zXUTExqIFMDnMjaPEuCXKJW6QRWgcz4PWySc04IIYQQQgghhBCixtR7cPUuJdau43i/cxJnwg5xMDy+nCn+FnTs9Qr9dBa8qgmOePiNwY44NvncDaYO8ApktJ9nzQRYHVrRHCR9gahV+oHVLSxedxJN/VZLCCGEEEIIIYQQ4p7SgIKrhQoXrJqI08BMLsef5ujeQ5y8ogagaSsn+r3qSme71igr2E+VDOiNnUJN/GbdIOq+QC/21UZ5QtQGy4ESWBVCCCGEEEIIIYSoAw0uuHqXktZ2Lgy3c2FgxmUyUdK69ChVdQZJZy/Ak05Y19gAVgUW7cDwENWBTA1wQWUgTYDD+IWMtssg1CeAfcXbaZ9NJdQngOTxCxltV1hRu1GBLBsF6vivmLMupmgnniwYZU/xoeg8V7RPwrw40urufrQpCwb4sMxZpVOeBISFEEIIIYQQQgghhKg9jeq7AsZQNG+tE1jNvBxH6NaFzJrzEZ9ui6PcFK2Vse8CqYDKOZCpAwxtEMzysFRQWOPkUPJxR5zaKVDHh7APRzz8XFClhuLt44W3jxeb4pvj4jWQ2HWz8A5LBdTEby58Ths8HeDDslHWJBc97u0TSobdGBaMd9Spgco5kKF8W7jN5jjUCntGBwSyzPZC0eu+Il6twsVrYE21ivinSQ/m87WRpOYU/q/SbgQfjO+Cef3WSgghhBBCCCGEEOKe848IrhbKIeNCKFs/nsmHS4LY+/OVmguqagWz3CdUG2BdFhCoF9wsDMAqaNelxOMOTrRTqEk+GQNYY6GA1IRg7dOx62bhHRhM2QYy1VmFOv7bEotcFQZyFe2cKBnH1RnNGhtNsprC0ava/ccQnawGVXsMxofFfUGTuFMCrEIIIYQQQgghhBC17B8UXM3lyvE92vyrtSeY5doRoKCwG8OygJIjWYO5kIpO0NOhizUKdRLRsXefVzkbCMyWZUB7VBQHZ0tIzkStUNKuzBfGcDmjckcn7h/6AdZBjHYo/zVCCCGEEEIIIYQQwngNOOdqfYthrW8M2jyrzj4M2FeYx3Tf0TicRhWmBoiNLUoJkBytzcG6L9CrKL/qGJYFjLmbF7Xc8hTaPKy61LR2oIwcsEKUrzDACpM8emCRfIgf5DwSQgghhBBCCCGEqDH/7OCqRWeGvDkI2xpbzMqQYJaHtWeZc/O7Qc7YaJKH2BelBiiZEuCu2HWz8AbtIlWj/TwrCLCqid88q0RaACFqhiZxJ8tn7qzvagghhBBCCCGEEELcc+o9LUB8fCqVnuhv0Zkh733Exx+OoXs7JY0ByCT5dHyN18+wwryminZOOLRTlkgJYEDsGnbEq6F4en9ypv7xGsrjKoQQQgghhBBCCCGEaNDqPbh6O/wz/Fbt58xlI0KsCkNBVVCnRrNj1SLW/FydfKyOePgFlsqvCsWLTZEarTOqNHZdNKkKa4Z2UemkBMDBkwUBPiUWkypMG0DqBfYBxF4hQy+QWrR4ld0Y3bIdPPGQVamEEEIIIYQQQgghhGiQGkRagNsJR9iw5AhNbV0ZPrg3T7U2NM9fgd2QMTqPqFOjObB3D8cTamaRq+idXkR3Wcho50CWOZcoJ/4rvNeVWmyKYC6kuuCiUhNfIiWAQ7srRMdb4xIQiIt2B3FsCgzWvq4wzUCpfKz7AvBO9mTBqJJlq1HHDwSCEUIIIYQQQgghhBBCNCwmz3b/T0F9V6K08oOsNR9UrSqH8QsZ3S7JiMWqhLg/LFrwEaZmZjQ2M6Nx48aYmplhZmqGqakpjUxNMTMzpVGjRpiammKCCSYmhX+Y3P136T9A59/5+fnk5ORw82YWdu2ttc+XZugxIYQQQgghhBBCNEzxF5KwsFAWxhNMTWu9vMYmuTWynwYxcrW0skayNpSgaqHC6f46KQGEEEIIIYQQQgghhBD3jQYZXC2mDbK2akdrrpB8pSEEVQs5jH8NO0UqoXrpAoQQQgghhBBCCCGEEPeDBh1cLXb7SjLJ9V2JIg7jFzLaTgGkEuoTULhIlRBCCCGEEEIIIYQQ4r7zjwiuNiSx62bhXd+VEEIIIYQQQgghhBBC1DsJrgohRD3JuRNPbm4qebnp5Oelk5d7hby8K+TlpgNgamaJqWkrTM1aYWpqWfhfs7Y0bmJXzzUXQoi6kXo+mYy0q9xIv07m1b+5kX6dG1eucyP9OgAPWzbj4VbNeNiyGUrLf/GwZTOat2mJqmO7eq65EELUjRsJP5P9VyK3r6Vw+1pq0X9TUF9NBUDRUkXTFlZ3/1pa8UDrx3nY9tl6rrkQQtw7JLgqhBB1JD/vKprbp9Cof0Zz+zQFBTfL3T43J5ncHP2kKCYmD2GueBrzps9i3vRpGpm2rK0qCyFEncq6doOEX+K5cCqeizG/c/tW+fn20//8i/Q//9J7vOmDCmw6d8T2GTtsO3fEosXDtVVlIYSoU5rraVz99SjXfj3KtbM/kZt9o9ztb6bEczMlXu9xswcepsVT/6Hlv11p8dTzmDdrW1tVFkKIe54EV4UQohbl59/gVtYeNOrjBgOlVVFQcJPb2WHczg4DwKxxO8wVz/GgxSAaNZIAgqgctVqNl5cXSUlJfPPNN7Ro0QKA3NxcLl68iJWVFQqFop5rKe5l2Zm3iAoO5XzUWYOB0qq4fUvNuYgYzkUULjxq+dgjdOz6JF1fdeaBhx+qkTLEXefPn2fYsGEMHjwYX1/fCre/du0aI0eOxNramsDAQOljGrgrV66Qm5tLmzZtMDExqfJ+MjIyWL58OV9//TUAkyZN4v3336dJkyY1VdV7Vk7WNZIPfUH6L98bDJRWRW72DS5H7eVy1F4AHrKyw/Lpl3is30SaKOXGvTCOn58fu3btYvv27XTs2LHC7TMzM7l69SrW1tY0atSoDmpYv+WK+4ecVUIIUQsKCtTcvLGZ9LQx3MrcVmOBVUNyc5K5lbmN9LSx3LyxmYKC7ForS9w/Vq5cSYcOHfjwww+5c+dOfVdH3IPuqDWEfnOIT8f5EbEjpMYCq4ak//kXETtCWOnhT+iWQ9xRa2qtLCHuJcnJyQwaNIju3bsTGxtb5f3k5eURFBSEv78/ycnJJCcnY2ZmJoHVCuTdvknCrsWEe3Xm4r7AGgusGnIzJZ6L+wKJ8H6GhN0fk3c7q9bKEvenGzduMG7cOBwdHfn+++/v+XLF/UWCq0IIUZMKNNzK2lMY6Mz8hoKC23VXdIGam5nfkJ72JtlZwUBOnZVtjNzcXD777DOUSiWRkZG1Xp6fnx8mJiY6fy1atOCVV15h/fr13Lp1q9br8E9mZWVFmzZtePTRR2ncuHF9V0fcQ3I1OUTtDWXl+AWEbTtMzu26C97fUWsI23qYleMXEL0vjLzcvDoruzz5+fns37+f3r17Y2Jigp2dHYsXLyY9Pb1Oyr916xZvvvkmJiYmrF+/vk7KFBAZGYmJiUmdfCZW1QMPPMCjjz7K448/TrNmzaq8n8zMTCIjI3n++edJTEwkLy+Pd955pwZrem/Jv6Pmz0NfED71aRKDl5KnqbvvLHm3b5K4ZwnhU5/hzx+CKMhtGDdY8/PzCQkJ0faT1tbWjB8/ntjYWAoKCmq17KSkJLy9vbGzs8PExIRu3brxxRdfVOu7pFqtZuLEiUycOBG1uvwUOPeKJk2aYGVlRdu2bXnkkUfu+XLF/UXSAgghRI3II/vmIW5mfkN+Xka91iQ//waZf6/mVtYeHnp4NIoHn6c+76UVFBRw8eJF5s+fz6ZNm+qtHlA4JfHAgQMcOHCA/fv3ExQUROvWreu1Tg3V0KFDGTp0aH1XQ9xD8vPyOX34BGHbDnMzI7Ne65KdeYsf1gZzYm8o/xn5Ek/95xlMGlV9unN15ObmEhgYiJ+fH1lZhSPFzp8/z8yZMzlx4kSd9FMJCQnExcXh4uJCREQEr7/+Og8++GCtlin+GSwtLdm2bVu195Ofn09ubi4dOnTgkUceoVGjRpibm9dADe8tBXm5pIZ+TeKepWj+rr3R/MbIybrG+a9nkXzoC9oPnkmbHkPBpH6+TxrqJ5OTk1m/fj0hISF89dVXuLi41ErZv/76K6NHj9YZuR0VFUVUVBTBwcF89tlnPPHEE7VS9r1GoVAQGBhIYGDgfVGuuL/IyFUhhKiuAg3X0+eReX1lvQdWS8rLu8yNjKVcT/+QgoL6mwL7+++/4+7uXi+BVQcHB+Lj4ykoKKCgoICcnBwuXLiAl5cXe/fuZcuWLXVeJyHuR7maHLb5reO7VTvrPbBa0o0r19kbuIXtC9aTo6mf0VnBwcEEBAQwd+5cbty4QUFBAWlpaXh4eLB3714OHDhQ63U4cuQIjz76KJMmTeLUqVMkJSVV6vUWFhaVGtXYpEkTWrVqVdlq3nOuXbtW31UQDUj+HTWnl48gboN3vQdWS7p99X+cDXqH08tHkqepn9RTycnJ7N27l3feeYe0tDQKCgrIzs5mzZo1ZGRksHfv3lpJYaRWq1m1ahV///03mzdv5ubNmxQUFHDz5k22b99Oeno6J06cID8/v9L7vnPnjvQBQtxDJLgqhBDVkJ9/g2tXfNDc/rm+q1Imze1oMq5Mp6BApsGbmZlha2vLzJkz6d27N+fPn9eZipWens6cOXOwtrZGqVQyaNAgTpw4oTPdrHgaV/HoiQ8//BBra2sGDhzI9evX0Wg0bN26lW7dummnjm3duhWNRjfAXVBQwC+//MKIESNo0aIFLVq04K233jI4ve38+fM4OjoSGRlJUlISU6dOxdramhYtWuDp6cn//vc/vWPNz8/nv//9L4MGDUKpVGJtbc2cOXPIyDDuBkDxdNVvvvlG7zFDfy+++KLOj4Rbt26xYsUK7RS63r17s3///jJ/gOTl5TF37ly6devGxYsX9Z5PS0vj+eefZ8GCBdr2qUwbGjqeYn5+fjg6OnL+/HntYyXbPD4+ntdeew2lUsmSJUuMaj9xV3bmLTZ+8BkJp2ovV2B1/XHyHJtmrkJzq+5SuRTr3bs3e/bswdvbG6VSCUCbNm3w9vbGwcGBtLS0Wi3/xo0bHDt2jO7du9OzZ09at25NREREmduX7oOmTJlCWlpamaMQ09PTWbx4MXZ2diiVSsaMGcPZs2dp2rRpufX67bff6NSpE8uXLzc45TcoKEjvui3ud55++ulyp+4W9+Ol+y24e+37+fnpPO7n58fEiRP5+++/CQoKws7Ojueee46EhIQyj7vk58lrr73GL7/8QkFBAYmJifTp04dXX30VgJ49e2JiYlLl4zGmfqWnVNvZ2bFkyRLtKMCylNVWkZGR2vrGxsby1ltv0aJFC4OfNXv27KFDhw788MMPBAUF8cADD+jsrzJ9+b0qJ+saJxe8zLVfj9R3Vcp0NeYwPy98ldzsur9BZmtry/79+1m4cCFt2rQBCkcjDhw4kK5du9ZaudnZ2SQlJdGnTx/c3d21I/offPBBXnvtNcLCwhg+fLjOAknF53Px9wZra2umTZvGX3/dDZh/8skn2NjYsHPnTu01YWJiotfvlPTNN98YTCNizDVauj7Gfh9MSkrC09NTe116enoavPnWrFkzHnzwQZ0+plu3bmzbto3c3FydbSv6zmWozNLfc0t+Fzf0ffPo0aN6fYcx5Rrz/bp0v1z6r7z3UNzbJLgqhBBVlJ93lWuXp5Bz54/6rkqFcu6c59plb/LzrtZ52R07diQmJoaCggLtCsH1LScnh9zcXExNTbUrH8fFxfHKK69oF9vIysoiODgYNzc3QkJC9PaRlpaGt7c38+fPJzk5GZVKhUKhYPXq1YwYMYKoqCigcOrYiBEj8Pf35/btwsBNQUEBW7du5T//+Q9bt24lIyODjIwMNmzYwAsvvMD27dvLDCa8+OKLBAYGkpycTEZGBmvXrsXf318vSOzh4cELL7xAcHAwWVlZJCcn4+/vz7x582olt9dLL71E8+bNAbh8+TIjR45kypQp2i+xR44cYeTIkWzYsMHgsZmamtKvXz/OnTvHsWPH9J7/7bffOHXqFM8//zwmJiZVbsPKOnbsGGPHjmXHjh1kZWXRrl27au/zfpJ17QZfen/CpQv6P1AamrQ//mTjjJVkXv27Tsv917/+Rffu3fVWYW/ZsmWd5IY7f/48Z86coUePHrRq1YouXboQEhLCjRs39LaNi4vj9ddf1+mDVqxYgZubm8Hr9vLly3h4eDBz5kzOnz9PVlYWmzZtol+/fuzdu7fcetnY2ODs7MyPP/6oFwDNysoiMjKSbt268dhjj2nLKu53Tp8+DRT2v++88w5vvvkmly9frmoTaWVkZLB48WImTpzI+fPnadGihbbfK+n69etMmjRJ5/Nkx44duLu7c/DgQXJycirMp1uV4ymrfrm5uSxdupQ+ffpw5Ehh8O78+fPMmDEDLy8vMjOrFixLTExkyZIlvPDCC2zYsIGMjAztZ01QUBB5eYU5jbOzs8sM5NRVX96Qaa6nEfVhXzIvxtR3VSqUmfgLJ/36o8mo3Zs+hjRr1kwbxLxz5w4XLlxg0aJF/PHHH7z66qu1sjiamZkZFhYWXLp0yeA5/NBDD2FmdjfTYsnzufh7Q3JyMgEBAYwZM0Z7sywrK8vom93VkZiYyLvvvqtXH39/f8aPH19uP5SUlMQbb7zB2rVrtdfl2rVrGThwIL/88ovOtnl5eSxfvhx3d3dtHxMVFcXUqVMNfjaU5cMPP+SZZ57RK3Po0KH88Yf+7639+/fz3HPP6X3fHDhwINu3bze6XGO/X9+6dYvp06fr9MtCFJPgqhBCVEFuTjJXL08hL/dSfVfFaLk5SUV1rvsvxA1Fbm4uCQkJzJ8/n59++omnn36apk2bcv36debNm8fDDz9MWFgYOTk55Ofnk5KSwuDBg/niiy+4fv26zr5Wr15NcnIyJ0+eJC8vj08//RS1Ws2PP/5Iv379OH/+PPn5+dy4cYMvv/ySrl27akdqnTp1ilmzZmFjY8MPP/zkVEL3AAAgAElEQVRATk4OOTk5/PDDDzz66KMsXryY33//Xa/+mzdvxtXVVTsl7o8//qBfv34cO3aM5ORk7XZ37tzh1q1bfPvtt9opbMXTjHft2sW5c+eq1H49evTQplgonpL37rvv4uHhwfjx4zExMUGj0bB06VKSkpLYt28f2dnZFBQUkJGRwdSpU1m7dm2ZU447depE7969CQkJ0RmZVVBQQFRUFD169KBjx47VasPKmj59Or169SItLY38/HzJQ1sJ6X/+xXrvT7j+1z9n2uOV5EtsmPYp1y/V/Y2o0hISEoiPj+fpp5+utTIKCgqIiIigU6dOPPHEE5iamuLq6srJkye5cOGCzrbF/eS5c+f46KOPuHHjBvn5+SQkJODq6qo3ArK4Lyg9lTctLY0JEyZw5cqVcuumUCjo27cvkZGReqvUp6Wl8euvv9KrVy8UCoVOWT4+Pjpl+fj4sGPHDr788kttsK+qduzYwaFDh7R9zr59+/jXv/6lt9358+c5dOgQs2bN0rbTxYsX8fDw4Mknn9TedCy+4RgREUFBQQExMTF07NixysdTVv0OHjzI8uXLWbx4MZcvX6agoACNRsPevXsJCQkxeAPRGMVB4ylTpmiP88SJEzg4OHD06FFt8GjkyJFcvXqVfv36MWHCBLKzszl06BAtWrSos768obqVep6oef1QX6lcKo76dDMljqj5/VBf1p9lUtuuXbvGiy++iLm5OU888QR//fUXe/fuxdnZuVbKe/jhh/H09OT48eP079+fzz77rNy+q/h8Hj9+PBcvXiQ/P5+cnByOHTvGjRs32LZtGwUFBfj6+updE8WP16SsrCyioqKYO3cuGRkZ2j57+PDh7Nmzh/Dw8DJfGxUVRWRkJKtXryY7O5u8vDzOnDmDu7s7jz/+uM624eHh7N69m1WrVpGdnc3t27cJCgri0qVLBkeRliUkJIS33nqLlJQU8vPztX1eVFQU+/fv19vPyZMnadOmDdHR0eTk5JCdnc3mzZtp3rw53377rd5397IY+/36yJEjrFq1Cg8PD+33wt9//x03NzfeffddsrOza/w9FP8cElwVQohKys+/QUb67HoZBVpd+XlXuXZlOvn5+iOS7kWxsbHaaUImJiY0btyY9u3bs2bNGsaMGcPAgQMBOHfuHNHR0fj5+dGrVy/MzMwwMTFBpVLx7rvvkpiYSGJios6+7e3tWbp0Kc8++yyNGjXC1NRU+1zHjh1p164dJiYmKJVK3nzzTdzc3IDCu/v79u0jIyODJUuW0LdvX8zMzDAzM6Nv377Mnz+fxMREvvvuO73j8fHxYfny5dopce3bt2fQoEGcOXNGZ2RX27Zt2bJlC0OHDtVOYWvTpg1vvPEGly5dIj6++tOzCwoK2LNnDz///DNeXl7acpKSkggJCWHu3Lm88sorKBQKoHDEiaenJwqFgjNnzhjcZ7NmzXBzcyMqKkonAHvt2jUiIyPp0qULzZo1q1YbVtbo0aPx9fWlTZs2mJiY6Ez9E2XLzrzFlnlryLr2z+trMq/+zaZZq8jOrL9UKrdu3WLdunU4OTnRvXv3Wivn77//JiIigp49e2qDhMWB1tDQUJ0fsufOnePQoUN4enoyffp0lEolJiYm2NjYMG/ePBwcHHT2XdwXDB06lAULFmj7rTZt2vDBBx/Qr1+/Cuv33HPP0bVrV0JDQ3UCiT///DN37tzB0dERgAsXLvDdd9/pXK/FZc2aNYuhQ4dy4MABUlJSqtVeFhYWOn1Oo0aN9EYcl/TMM89o28na2prZs2djbW1dYTlVPR5D9bt9+zbff/89r7/+OlOmTNHmum3SpAlubm6MGDGCiIiIKuerXLhwIbNnz9Ye57PPPkv//v1JT0+vcGReXfblDVFO1jVOLRmC5vo/76a3JiONkwsHkJNVvzfPfvnlF3777bdaybdarHfv3hw8eJC2bdsyefJk2rdvz5gxYzh+/LhOqqOCggIOHTrE008/ja+vL9bW1piYmGBmZsZzzz3Hm2++yfHjx6s8UryqPv74Y7y9vWnWrJm2z549ezb29vYcOXJEO6vKkDZt2tC5c2cUCgWNGjXiySefZO7cuXo5ttu0acO6desYOXIkCoUCc3NzXn75Zf7zn//w119/lVtGSdOnT2fRokWoVCpMTExo06YNU6dO1U71//tv3ZklvXr1Yv369XTp0gUzMzMUCgXDhw9n9OjRhISE6KQAKI+x369/++03nnrqKaZOnar9XvjEE0/w/vvvV2vwgrg3yC8EIYSolDyup8//RwZWi+XnXeX61Y+A6o3g+Sdq3rw5Q4cOZffu3QQFBdGiRQsAzp49S3JyMl27dtXLneTg4EBsbKzeF8PHHnsMlUql81izZs0YM2YMX3/9NUOGDGHLli16Ixxu3rxJXFwcPXr0MDgirUuXLjzzzDN6+WABlEqlXl7Dhx56SG8fxUHAW7du8dNPPzFr1iycnZ15+eWXjW+sCoSFhfHhhx8yefJk7OzstI//+eefxMbGMnjwYL22VKlU/PTTT+Xm+OvWrRsAJ06c0D6WmJioXcnc1NS0Wm1YWe3bt9fmwRTGyc/L59sF6+t8en1Nyrz6N9/6f0l+XuUXKamu3NxcPvvsMw4fPsz7779fqYWiKuvcuXP88ssv2pyfAK1ateK5554jIiJC54fs2bNnycrKYsCAAUat8l7cF7z88stVPobiuhw/flzbl2o0GqKjo+natas2UJmQkEBcXBx9+/bVu16bNWuGq6srx44dq3Zw1cbGxqjUIA4ODowbNw4PDw/effddfvrpp0r1RVU9HkP1u379OufPn+fTTz+ladOmOn2ymZkZixYt0o5Kq4qSU7WhMMVL8U21itRlX97QFOTlEhP4Rr1Mr68pmow0Yj4ZRUFebsUb15AWLVpw6NAhNBoNZ86coX///owcOZJPP/202iPTy1KcP/S7777jzJkzvPXWWxw4cIDu3bvj4eGhnVp/8+ZNfv/9d/bs2UPz5s31vgNNnDiRrKwsvRykta34xkdJbdu2xcbGhuTk5DKvrRdeeAFnZ2dee+015syZw8mTJ8use6tWrXj00Ud1yjE3Nzfqs6Kk0mkWoLCP6dChA3/99ZdeipgHHnhAr78xNTXl//7v/7QpEIxh7Pfrxx57jNu3bxsM5l+6dMnoILK4N0lwVQghKiHz+ufk3Pnn35XM0fxG5vXP67satc7BwYH4+HjtNPZr167x7bffMmjQIJ0vURVNT62MIUOGcPToUZo3b87EiRNp3749Xl5e2oUMcnNztbk7i0d7llSVL6Ol5ebmEhQUxP/93//x/PPPs2jRIsLDwytcuMRYcXFxzJgxgwEDBmiDqMWq25bt27enT58+hIaGausbGRnJE088QadOnYC6aUNRdd+v3sX/4v45U1zL8r9zF/l+9a46LTM3N5dly5bh7+/PwoULa3XUal5eHj/88IPejSUzMzP8/Pw4ceKETo67K1euYG9vr70pVZHivuDRRx+tch1NTU15+eWX+e233zh79iwAf/31Fz///DM9e/bUXv/FfUVZo0IN/UiuTQqFgsWLF7NmzRp+/fVXnn/+eTp37sz69ev1Fjc0pCaPJysry+ipsXXtfu7L47+azt9/RNd3Nart79+jiP9qep2X26RJE5588kkWLVrEe++9R3BwcLVvnlSkeOTmJ598wsWLF1m6dCk7duzgo48+Qq1Wc+fOnRr9PlmbmjZtipWVFbm5uWUuNGppacn69euZMWMG+/bt086kKG9x0tqq6yOPPEJubq7RAXQrKyuAGg9kF+cm/+yzz7h06ZI2hcCKFSvo3r27tlxxf5LgqhBCGCn75kGyb947U9Oyb35H9s2D9V2NBuGhhx7iqaeeIi4uTienaMm/Hj16GLWv4tGuX331FZcuXWLr1q1ERkbyzjvvkJ6erl0cITk52eCKzxqNxqgf3+XZuXMn06ZNw87Ojk2bNpGYmEhWVla5K4Ab6/Lly8ycOZMHHngALy8vvR++FhYWANopxYb+Ro4cWeb+zc3NcXV15cSJE1y8eFG7kvlzzz2nnc5aF20oqubU98f45dDx+q5Gjfnl0HFOfW/8YhzVoVar8ff3x9/fH19fX1577bVyp5xX15UrVzh+vOz36tKlSxw+fFibGuChhx4iLi5Ob1pmWYr7guIFXKqqY8eO9OjRg//+97/k5eURGxvL9evXtaPcS5ZVVj7nmzdvVqsOVWFubs7gwYMJDQ3l0qVLjBs3junTpxs1wq4mj6dp06Y8+OCDzJs3j/z8fIN98urVq40ebVqT7te+POXIBlL++1V9V6PGpPz3K1KObKiXss3NzXFycqqRkemVoVQqmTJlCm+//TbHjx8nNTVVez6PHz+eW7duGbzWinMN17ebN2+SkJBAq1atyl0I7MEHH+Ttt98mJiaGhIQEXFxcGD9+PN9++22d1TU7O5s///yTZs2aafvGiiQkJABovzfWFGtra2bMmMHatWtp27YtjRo1okOHDhw8eJCBAwdKcPU+J8FVIYQwwp3bp8i8vqq+q1HjMq+vIkfzW31Xo979+9//JikpiR9++KFaqxIXFBSQk5Oj/f8HH3wQNzc3/P392bNnD7///jsPPfQQ9vb2xMbG8uuvv+rt4+TJk5w6dYqOHTtW6cfu7du3CQ8Pp3fv3mzdupVRo0bx+OOP89BDD1U7z9etW7f46KOPiImJYd68eXppEQBsbW2xt7dn3759Vf5R3KVLF9q1a8fx48dJTk7mt99+06YEAKrVhqVHlVy+fJlTp05VqZ5CV+Lp8xwK2l3f1ahxh4J2879ztbtwS0ZGBj4+Pnz44YfMnj0bLy8vvamRNe3cuXNERUXx9ddf6wUA/v77b4YMGUJoaKh21L2trS1QuMhJ6X4yOzub7OxsncdUKpV2oZHSfYFardbbviwPP/wwL774IsePHyctLY0TJ07opAQorpu9vT2hoaF6Qbrr169z5MgRg6OKsrKydAKVBQUFnDp1Si/HdmXl5eVpA6gmJiY88sgjTJ06lQkTJnDkyJEKA9RVPR5DWrZsSYcOHQgJCTF6imxdqe3Pw4bo2pmjxG/+oL6rUePiN3/A379H1dr+k5KSDF6XeXl5nD9/njZt2mgXDa1Jt27dYv/+/Qa/z5iYmGBqaqodUVl8Pv/444+1mnuz9NT4pKQkYmJiKrWP06dPExUVhbW1NQ888IDBbUqOam3UqBE2NjbMnTuXfv36VTrVSXVcuHCByMhIrK2tefjhhyvcPjMzkyNHjmBvb0/btm1rtC7Xr19n8+bN9OvXD1dXVwBcXV3ZtWsXXl5eOusviPuPBFeFEKJCOdzI+JR7M0dpHn9fWwLkVLhlbdNoNCxYsABnZ2ejE9DXlKeffpoXX3wRX19fli1bpp1CeefOHUJCQggODjZqP/Hx8fTt25evv/5a+4P4+vXr7NmzR/vF39TUlAEDBtCkSROmTp3K4cOHyc3NJTc3l8OHDzNv3jxsbGzo379/lY6loKCAvLw8EhMTSUpKIj8/n1u3bvHll1/yxhtvlPm6vLy8cqd5FRQUsGXLFlatWsXbb79d5kje9u3b079/f5YtW8acOXNITU2loKCA3NxcTp06xYYNGyoctfXII4/w0ksvERkZSUREBCqVSpsSAKhSG7Zs2RIHBwd++OEHLly48P/snXlYE9f6x7/ZSAJkISogIKCyFwQ3FMUNW/eqVLFaa71urdu9rVtvr9beXm3ppnZzaetC1WJbtGrVuv0Ud607KioqKiAgi0ICKAlbfn/gjNkTyIQAns/z5FGSM2feOTPnzMz3vOd9oVarce/ePcyZMwd//vmnSXsI5qmurMKelUl2iVFqa2qqa7BzRSKqK20TJy8zMxNTp07F5s2b8eWXX2LevHlGhVWmxsnq6mocPnwYISEhBkMPSCQSvPzyyzh79iwtEnTo0AE9e/bEd999h8TERJSXl6OmpgYXLlzABx98oBVCAKiN/xkdHY2EhAR8//33KCkpofvd+++/bzJLtS4xMTEoLy/HsWPHcPnyZa2QAMDzcWft2rX4+OOP8fDhQwC13rfx8fHYunUrhg0bRouR1JLY06dP48CBA1CpVCgvL0diYiIWLlxoVQgVtVqNX3/9FSNHjqRjFKrValy/fh3JyckQiUR65/f48eNQqVRQKpWoqqqq8/GYwsnJCSNHjsTVq1fxzjvvaNmUk5ODH3/8Efn5+fU+Xmuw9f2wsVFTqcKNDXMbNEZpQ6GurkLqD9NRU8m8p3F5eTmWLVuGIUOGaD1fPXnyBBs3bsSqVavQvXt3tGvXDgCzz5ObN2/G8OHDMXr0aBw/fpyOtfnkyRP8+uuv2LJlCwICAuDq6kpfzwAwdepU7N+/ny5fXFyM9evXG7SH8gqtqakxOenk6+sLkUiEHTt2oLCwkB5/33vvPZw9a1zY/uqrr7B7926Ul5fTfev999+HTCbD8OHDDQqCVVVV+PzzzzFp0iTcuXMHNTU1qKmpwdmzZ3H8+HE4OjraREhcv349NmzYgJKSEvr4FixYgOzsbIwcOVIvfMiBAwfw6aefIiMjA2q1Gg8fPsTSpUuxadMmDBkyBH5+fozad+vWLaSnp+Obb77BoUOHoFarcejQIbz22ms2nxAlNH6IuEogEAhmeFKyHdXV9nnxaAiqq/PxpMQ23mbl5eWYPn06HcuPEveo5CkRERH0g2ZZWRlOnjyJEydO4MKFCzaxxxguLi743//+h5CQECxYsIBORMDn8/HKK6/gyJEjFs3Qy2QytGrVChMmTICzszNYLBZkMhnWrFmD2NhYOvFT586dER8fj3v37mHgwIHg8Xjg8XgYOHAgHjx4gA8++AABAQH1OhahUIhevXrhypUr6NSpEzgcDpydnTFlyhRER0frJTvhcDhwdHTEoUOHMHPmTCgUhrO7FxUV4Y8/auNPfvDBB+DxeFqJGqhzyefzsWDBAowYMQLLli2Dl5cX2Gw2eDweunTpgj179pj12mKxWIiOjsa5c+fw3XffaYUEoKhrG3p7e6N79+44cOAA/P39wWaz0b59ezx9+hSffPJJfZqaoMHfO49BUdA44zoygTy/CH/vPGaTujdt2oQdO3aAx+Ph+++/1+tbLBYLiYmJAJgbJ/Pz83HmzBl069bNqGdPVFQU3N3dcezYMVRXV8PHxwczZ85EUVERJkyYQL9cd+3aFRUVFejatavW9i4uLpg1axZkMhkWLFgAiURC97v09HT07dvXYns9PDzQrVs3fPLJJygsLNQKCQBAb9zx8PAAi8WCh4cHli1bhri4OEyePJkWA1gsFnr37o3WrVvjnXfegUAggKOjI2bOnInZs2fTHkn1gcViwdvbG3fu3EFkZCR4PB7YbDbCw8Nx48YNxMbG0kmqIiIiEBwcjIULF0IgEMDV1RUXLlyo8/GYY+jQoVi0aBEOHjyoZZOXlxc+++wzqz11rcGW98PGRub+NVA+emBvM2xGeWEWMvevYbxeoVCIxYsXo0OHDlrPV9SzjUgk0kr+x+Tz5MSJE7F06VIcO3YMffr0AZ/Pp/c9YcIECAQCzJ49m9635vU8ePBgurxMJsOcOXO0PLSlUikiIyNx9uxZhIWFgcPhYMGCBUaTIvn7+6Nfv374+eefaTG3a9euaN++Pd59912jx1BQUIDhw4fD0dGR7lv37t3DrFmzEBERYXAbDocDPz8/7NmzBwEBAeBwOOBwOHjllVcAACNGjDAZTqC+VFRUYMqUKZBIJPTxHTx4EJMnT8bLL7+sV97V1RXr1q1D27ZtwWaz6TGyZ8+emDZtGuMxm6urq5GXl4esrKwGjTtLaBoQcZVAIBBMoFY/RVnJ7/Y2g8aB3wFil39B2uLfEDrW/+VPl7KS36FWW7ZE01Y4OzsjOjoavXr1QpcuXRp8/8HBwdi9ezc+++wzBAYGAgC6deuGLVu24Msvv7RoSaKbmxs2btyIn3/+Gd26dQMAdOzYEd988w2+/PJLesadxWJh3LhxOHHiBCZNmgSZTAaZTIZJkyYhOTkZr7/+ulWxFkePHo3169cjLCwMIpEII0eORHJyMtatW0cLvBQODg6IjY1FWFgYysrKtMIa1Bc3NzckJiZi9erVdDsEBgbim2++waZNmyyKN/bSSy8hKioKubm5WiEBKOrahkKhEB9//DGmT58OmUwGHx8fLFq0CBs2bKiTyEPQp6JchZNbD9nbDJtzatthqJ7aLhNwUVERHjwwLbwwNU7+/fffOHr0KC0WGKJt27bo3r07Tpw4gfz8fLrP7d69GyNHjoRIJKL79datWw1me+/Tpw92795N91Gq3/3111+IiYmx2F4+n4/hw4cjNzcXYWFhBhM9GRp3unXrhtWrVyMhIQFubm5a5aOjo7Fy5Uq6bP/+/bFz507MmDHDam+n3r17Izk5Gf/5z3/g4+MDkUiEQYMGYfv27Rg7diw9NoWEhGDlypXo1asXACAyMpIOuVDX4zEFl8vFggULkJycTJ87mUyGadOm4ejRo4iKirLqeK3B1vfDxkK1shT3d31Tp21cgnsiePIKRH58AFGfHrfq0/XDvxAwbgn4Lswuk9YlY/c3qCpnJnmmJtTz1ZYtW+jJDx8fH8yZM4ceyyiYfJ4UCoVYtGgRzp49izlz5tAT1B07dsTSpUtx8OBB9O7dmy5v6HoWiUSIi4vD0aNHMXr0aLosh8PBe++9h4ULF9LjY4sWLYyu7nF1dcUXX3yBuLg4evz99ttvsXz5cr3JLU02btyIbdu20eNM//79sX37dpOrJFgsFsaOHYvTp09j2rRpdL8cN24ctm/frnXMTBIfH4/k5GQMGzYMwPPn8C+++MJg0rvhw4fjzJkzePfdd7XuMTt27KCf5ZkkICAA3bt3x8CBA8HhcLQmQTt16oRvv/3WYPxowosBq0uPvvUPLkcgEAgafPbJEnC4XPC4XPB4PHC4XHA5XHA4HLA5HHC5HLDZ7NqbEZ7fjKDjoaP5AaD1/5qaGlRWVqKsrBRBfr7077ow9SBeKl+PJ6VbGanLWhydh0Ik+QdY7GfB3NUVePpkP2OxYJ1EcRBJpzBSF4FgLdXV1Vi8eDHOnz+PTZs2oXXr1vY2iWCEwz/vwek/km1Wv6iFBGF9OyPvXg6y0zLw2vw30b5zMFgsIOv6Pexd8wfELaXwfqkdUo9dwqMHtltp0GNUDPr/Y5jN6icY5+rVqxg9ejT+/e9/Y8oUcq8iNC3u/P4/ZOz5zuLyHr3HI2Dcx+A5yxi1oyzrOq6umoYnubYLv+Q77F/wf/2/NqufYBmnTp1CdHQ0fvnlF5OJRBsDt27dwuuvv45Ro0Zh8eLFZsuXl5djzpw5yMjIQGJiYoMlCSsqKsLSpUtx4MAB5Ofno6ioSK/M8uXLMWfOnGYxKWQv0tIzIBKJa/WEBohjy2MxE6qFeK4SCASCEaqr8/Gk1LJYm7ZGT1gFAJYDHJ0GQewyk5F9PCndiZoay7JAEwi2JisrC8nJyQZDAhAaD4qCYpzdddwmdYtaSDBy7njMXPMBAiJfQnZaBgZPfw1+XYLB5rDBYrPhE9oeg96ORXZaBtzaemDaN3Mx7r/T4BnoY34H9eDsruN4Im/4zPMvOlRcOy6XqxcSgEBo7CgfPUDWgR/rtI1r58GMC6sA4NjaD26RwxmvV5OsAz+ioqTQpvsgEBoalUqF+Ph4VFRU4Pz583j8+LFWIsi7d++iV69euH37ttHQDoTmDRFXCQQCwQhlis1oDImeDAqrFIwKrJUoU2xioB4CoX5QGbYLCwvx2WefIS8vz2iyBULj4Gjifpskegrr2xmTl72LsH6dAQCpxy7Bv0sI/Lu+BBZb4/GVxUKb4LboOjQa149fRlVFJfy6BGPsR1PRfWQfI7XXn+rKKhxN3Md4vQTDVFRUoKamBnv37sV3331nkwQlBIKtSf/j8zoneuLwDWdwtxY21wF8mW1XgtRUqnB322c23QeB0NCUlZUhNTUVBQUFyMnJQVVV7bNPTU0NcnNz8ccff+D69esIDQ21KJQYoflBxFUCgUAwQoUqzd4mAAB4DgFgsfXjDNE8E1hF0nes3pdKedV8IQLBRly/fh3BwcFwdXXF2rVrMWPGDKPJFgiNg5xbGYzX2XvcAAyZORrillIAQFHuI1w9cgFh/TpDKNIXHLh8HoJ6dMDtc9dRkJkHAHAUO6HfhCEYNP01xu3LvJbOeJ0Efaqrq/Hxxx+Dw+Fg2LBhcHd3x5QpUxhPUEIg2BpFesMm6TQJiwUWy/YTlkU3T9l8HwRCQyKVStG/f39s27YNgYGBdPJJDocDT09PvP/++xg1ahTeeOMNe5tKsBNEXCUQCAQDVFU9QHVVtl1t4DkEwIEfjpLiH6BSXgBgIislywFCp77gC6wL3F9dlY2qquabyZbQuFEoFHj8+DECAwPxww8/4L333jOabIFgfx5lF+BxDrNLPzsP7oFuI/rAQVgroKlr1HiQdh8e/m3g3s7T6Hay1i0QEPkSMq6lo7qqNhkI14GHjq90Q78JQxi18XFOIR5lFzBaJ0EfpVKJ4uJiOhnMzz//jODgYHubRSDUiSe5t/E0r3FNyHCFIrTuOQate46BLKSXTfbxNC8dT3Jv26RuAsEecDgc/Otf/8L27dsRFxcHmaw2bIePjw8mTpyIgwcP4vvvv6e/J7x42P+NReSJ9q5CoDwfd3OZzyxIIBAI9UH19LRd90+FAgCLhVL5ZsgffQZpy/88E08Nz4uxWHyw2RKr9616ehpc8etW10Mg1JVevXrh8ePH9jaDYCG3zlxjtL72nYMQPeZlCJyeL6erUKrw8M4D+IT5wVHibHRbvqMQXsG+uHvpFpRl5XCS1pblOvDQZWhPlDyS4+I+5sb1W2euoWVcf8bqI+jj5OSENWvWYM2aNfY2hUCoNwUX99rbBD3cuo2AW7cRtX+o1XicegRXvp5wK+MAACAASURBVJuEaiWz8aQLLu5FW48ARuskWE7Pnj2hVjeN3OWBgYFISUmxuLxQKMQPP/xgQ4sMw+fzERsbi9jY2AbfN6HxY3fP1YixszFr5mzMmvkGyMI/AoHQWFCW209c1YyxymI5QySdAKHTAMgffWbSg7WmphRVVTlW79+ex04gEJoOt/5mTlx1EPLRa8wrdCgAivLSpyjMykMLz1bgcI0vZWWxWWjVxh13zl3HE7n2ZL3ASYiuw6LRso0bY/YyeewEAqH5UtgIxVUtWCy0CO2HiHc3giMwPoFVHxr9sRMIBAKD2N9ztY60f/MjzOqo72qdc/w9LP/TDgYRCI0cfrvRmDWtJ0SZO5Dww3Fk2dugJkBNTREqK27ZZd+GkldRAisAox6sanUZnpRsR2WF9XFiKytuoaa6CGwOWdZCIBAMU1ZcipzbzN1Rug6NRuv2XnrflxaVIPfOA8g8WpmtQ9xSCplHK8jzH8PVVzthSwuPVug4oBv+b/0uRuzNuZ2FsqISOMvEjNRHIBCaHxXyfCjuXrS3GXoo0i/gad5d8JxdIHupN9g8AWQv9UHEuxuR8u1ExjxYFXcvQiXPA1/qzkh9BAKB0JhpcuJqaW4JyjvKYJv8ayMxd1kf6Ef0Kkfa5oVYe8UmO7WK8KnxeEt0DvO+3mlvUwiNEEpY9eQB8BuEgeHHG+V13NiotFMiK21htQYVqlRwOK3A4bY2KbCq1WUolW/G0zLmZpgqK++BT8RVAoFgBKYTWRU+yMeeVUl635c+VkDUQoK/dxwFi80yWUelqhJlxSU48fv/4cYp/ZtddWU1Y/YCQP79XCKuEggEo8jvNqJEVhqUZafhxvp3AQBBb30Bz75v2kxgLcu6TsRVAoHwQtBoxVVBaBwmD/BFVVoSftqbSX9fkPwNfnL5D97twdzSLl3K0zbiw3XPY36ET43HWxO+xlyfOVjBjMMDY/iIbCMzE5o+WsIqgJK0HdhEhFWLqK4ubvB96gqr5U+SUVK8Ci6t/gsOt9YDy5DA6uAQhFJFIqPCKgDUVBcxWh+BQGhelBUzGyf/9tlUk7+nHrtkcV25dx4g947tE/OVFZfYfB8EAqHpUiFv/Inv0jb9GwBsJrCq5PlW10EgEAhNgUYprgpC38C7b0bCjQfAczbm8VZi+Z/PBFbvWIzuajth1RBX1iUhbelEBLUfCYB4iBIaP/rC6hZ8vu48VPY1q8nQ0MKiUWG15Udw4IdrldUUWIsLP7KZTdVVDfswfOrUKURHR+PkyZPo2bNng+6bQCDUHSaFxR6v9UOfNwaBy+dpfV9dVY1T2w5DkV+EgW/HwkHIN1mPufLqGjUu7DuF/T9sZ8RueQGZhCIQCMZRKRq/uArYVmAtf2T7iS4CgUBoDDQ6cVVLWAUA8ODZezbmYSWWXw7Dv97u81wwys8Hz83NRiECNElBftFEBMlcEQ6g1vlPJ4RAzjGtpfnhU+Pxlk8GNm0D4iYE0zbqesUCAIbPx/LeGsEIdOpC+Nv4ZIIY5+YfgtvSiQgSAsjJRo6n17P998HyZX0A5ODY/GXYBWD4nK/RR7PK443P65ZgI1qNJMKqlVRXN5ywaFJYFUQA0F8Gy2I5w0k8CpUVd1BZccMmdjVkGxAIhKaHPJ85D3+Zp6uesKqJxE0GDs/8IyuHw4azVISi3EKDv7PYLLSwIHarpTDZBgQCoflRXth0Mh0YElhfmvotrq6cYlW9TakNCAQCwRoambjaB5NpYbUSOecvAxGR8OTVCqyfRvEgpASja1vw+c/n4DbkPUzqIUSmTUMkRsBNBqCooFZYDX8bn0wIRtHxOZi3q/b3aUsnYvkcaIuiwmC8NfomNs2fU7vd8PlY3nsiPpmK5wLrM2H1ufj5rK6lrti0+Cc8X8UtQ+TSMcjcNgfz6C9rywYV6Qu7fTyfC6219s7H8F3P/iYQCCZpKK/N+girAJW86g+bCatAw4dGePz4cYPuj0AgWIeCQa9NqZvh+M41VdV4Ki+Do9TCDNYsFlhstskiQrFTXc0zCgkLQCAQTKF81LSERV2B1blNCDgCZ6u8VyuaiPcugUAgWIvpJ9AG5xj+OpODSlQi5/hKLP9tC1b9cg75lQCgL6wqAWTu/QYff/gZttkwsffwORMRJCxHWvJOABGYNjoYwpxjGp6gKVi77SbKPf0wXGvLHBzTFEh3LcOxHEDoE4nahb4jMbe3J8rTNurXJQxGf63KhCg6b1lSLR+REMhJfy6kXvkJH84nwuoLQ+FOrFp7CjmVtX+Kg97AB1O7wvRiSoImDSEsWiOsMp28yhBMhkYoLCzEhx9+CF9fX4jFYowZMwaXLl2CWq3GvXv38Morr2DEiBEAgOjoaLBYLERERODWrecD+5MnT/Dtt9+iU6dOYLFY6N69O9asWYMnT57o7W/p0qWYPn065HI5fvzxRwQFBSEqKgp3794FAKjValy6dAljxoyBWCyGr68vFixYgLy8PMaOmUBo7jSEsKhWq6F8Ws5onVwLPGAt5Ymc2bizBAKheaFqpDFXW4T1Q9Snxw1+XIKjAbUaAMAVOkPSrqNV+1IpyEooAoHwYtDIPFeBzD+/wn8PCKFU1j5MK1O34NttXMwf3QkynrawaiuEQROxfNlEjW/Kkbb5mbAZHgkfIZBzVyf26pUCFE3whdvzuAEGySwtBzzF8AFwZbgfPAHkFOiECbhyDpmjg+sd43XX3Rz06d3HgPcr4UVBdW8bVq0FHR6gVmAFCQ9gIbaOudrYhVWAOe/d4uJizJo1C1u3bqW/27p1K86dO4eVK1fC398fhYWGl/BS5Ofn45133sGffz4/7rNnz+Ls2bM4cuQIvv/+e7i5acfiLioqwueff44vvvgCADB06FDIZDKo1Wr8+uuvmD59OkpLa4WR0tJSLFu2DFevXkVCQgI8PDwYOXYCoTnDZEIrdU2Nwe9ZLBYEjswGf6qqrGKsLnk+iblKIBCMU9FIhUVBC0+ghaf5ggygJGEBCATCC0Ij81ythRJW6b8vbMKyFV9j1bfxNhdWgdq4qPPmz8G8zTdRDqA8LUnPY9Sz99dYvkzz0weeEELkY7ruKwVFAGS1Imzt3lCaaaTwsxivdWbXslrbhcF4a9nXWL4sHtPqVRGhKVMrsGp6sMbiLXId2J2mIKwyya1bt7B//34sXLgQCoUCNTU1uH//PqZNm4bQ0FAEBgYiJSUFv/zyCwDg5MmTUKvVSElJQWBgIFQqFb766iv8+eefmD9/PnJzc6FWq5Gbm4v58+dj69at2LBhA6qrq7X2u3XrVuzfvx8HDhxAZWUldu3aBalUiosXL2LhwoWYOnUq7t+/j5qaGlRWVuL06dNQKBT47bffoH7msUEgEBoGRaHc4PdsLsfykAAAoFYbFWopykv0vd0JBAKBQCAQCARraHSeq8ZQFmTibkPv9MpP2No1Hm8FvYzhSNFaVl/fBFHhrjIARci/AsAHACXIGnIvpWK81ocrP+HDKwAdl3VCPKbBsrAChOaDpgerKHM/DpDzbxFsjgzVVU8Zr7cpCatsjuEYiPWlc+fOEIvFAABfX18sWrTIou3S09Oxd+9evPXWW1i8eDFdR+vWrbFw4UJkZmZiz549eOONN+Dj83x2SyQS4csvv8SAAQPo79RqNfbv349OnTph8eLFcHFxAQBwuVxERUVh0qRJOHToEKZMmQKJRMLUoRMIzRJnFxFUT5mZ7i7KKUCVqtJoUitFfhGqK6vA4XJM1lNdXYMyeSk4HMPl1DVqPDaS7Ko+OLuIGKuLQCA0Pxwkbqgqf7HDhzhI3MwXIhAIhGZA4xFXuTJ0HBUHv3pXUIWclP04c5fZ2FxX1p1DzrI+6DNnJHZ9vdPKJfsRiPQRAuUlyASAXenI6e0JmWsEAI3QAMZCD+iRgvyiiQgyU2bttkh8MiHYuIhLaNao7m3Div9ss7cZTQoOxwXVVdmM1qktrAKVFbcbrbAK1LYBE4SHh2PKlCmYNm0akpOTMXr0aHTr1g1CoWVLfe/evYubN29i0aJFtLBK4eLigv79+2P69OnIzs7WElfbtWun9TcAlJWV4fbt29ixYwd27NhhcH8DBw5EVRVzy4YJhOaKs4sYj3OYESpPbz+C09uPmCyTcuhcneqsa/n64OwiNl+IQDBBQmIS5IoSzJg8AQKBbaPjJyQm4catO5g1dSJ8vb0gV5Rgxaq1iIrsjMEv97XpvuvDvkNHcebcRcydNQ1SSdPsa3ypK57mpdvbDLvCl7ra24QmRUZWNlat24jxcbGICAsxWk63PzONreu3Jw0x9ll6HgnNi8YjrvLcENbDupmtclkGzty9zJBBFDtxOC0SbwVFYlr4Tqy9QomVffDJ1Ax8uI4SRUdi2tQMrF2nGT/VE5FTI7Dr2XfhU8fUJsbaTMVB3YkVx/2wvPdEzB2e8swT9lnCrPKbOGyBZ2xmaTkQVJtIq7Z4raeq6Pxzz9rwrr4QIgfpJKMVgWARbIaERQpdYRUAeA7+aOWxAWy2FI1NWAWYawOhUIjPP/8c0dHR+Pbbb7Fq1SoEBgZiwYIFePPNN8Hnm36ZpOKi+vr6Gvzd2dnyJcMVFRUoKGicySUIhKaGE8Nem74d/CBqoe8xXvpYgdw7D9CuYyB4RjxbKSpVlbh3+RZaermihZf+C3156VOkX7jJmM1MtYFSqcKaDZtxL0M/NqGLVFJncWnfoaPIyy/ApPFjGLGvqZORlY0tW3di5tS3mqxIp0l9zq9SqYJcUUL/S2gYHCRNW1hksThw8gyCSl6AJ7n1yx7NdBvsO3QUew8m03+/iGOkrftzcxovmuq5bqp2v+jYXVxNu5uPyiBfmH5ctoxKBpMUaHJlXRLStJbW/4QPr4zE3GXaia/Kc4BwpGg4h+YgE2M0ymgkxqLYtQzzMB/Le3+N5b2pzY5h3teWecVStvVZ9jX6AMi5eQzp52/CR7M+lCNt8zIQbZVAsAwml8Tz+KFwEo/RElZr4YDNNi5g2jvGKpNtwOfzMWrUKLz22mvIz8/H5s2b8f7776OoqAhz5841uoQXqF3eDwAZGRno2bOn3u9lZWUW28HlciESiTB16lR8++23cHR0rPvBEAgEAMx7bXoG+KD32AF6oQEe3MzAz+9/h+gxL6N1e9PeM0W5j1CQ8RC9Xn8FAd1CtX6rqarGuT0nGBVXmW6DTuGhjLxI5eWTSSRN5IoSKFXNJ51nfc6vQMDHnJlTbWANwRR8qY2WxKvVqCh9hKqnCghaeIHNE9SrmppKJZSPs8F1lMBB1BJgaU/2O0jdEPTW53h8LRmXvoyr1z6YbIOExCTcz3yApYvm02LqvkNHsWLV2joJrE19jLR1f25O40VTPddN1e4XHbuLq8rkb/DvZPPlGoadWDHfkKiZgrWLUywsq03+uoVYa67QrmWYZ0r5pOOnGsKQbcAuoqQSCPWGY0L0rHNdnFZgs51RU/0IxY8/B1/QEc7iMYCJKSV7C6sAwOEw8zBMJZricDhgsVhwd3fH3LlzUVxcjMOHD2Py5Mlo0aKF0e3bt2+P4OBgHDt2DCNHjoSTkxP9G1VHjx494OVlfsmSs7MzgoODsWnTJty4cQNdunSx/gAJhBcUZymznqvn/zoJ/64haBPSVut7kUwMD/82KMotNCuuljySoyi3EFI3/THlcW4hLh88y6jNUldmVzkQCITmhTVemxUljwC1Wk/wVNdUI+/0VqT+OAsA0KJDf7w05RvwZR51ql9VlIvr69/D46uHAQCh76yCe484sNj6E96GvrMUYcs29d5Wk4ysbNy4dQfj42K1RNTBL/dtlGEtCATCi4fdxVUCgUBobHAd2jNXF9cDLJYDqmsKUKlKBV/Q0WT5xiCsAgCXZ/3DsFqtxq+//orff/8dH330ETp27AgOh4Pr168jOTkZbdq0AZerfRs6fvw4unTpArVaDS6XCz8/PwwZMgTLly+HRCLB3Llz0bp1azx8+BArVqzA1q1bER8fb5G4yuFwMHz4cGzatAlTp07F559/jpiYGDg4OKC4uBjbt29HdHQ0AgMDrT52AqG5497Ok9H6KspVOJH0fxg2ewzELaX0945iJ7j6tMbjnEJUV1UbTWqlrlGj8EEe/CNfgpOO8Kt8Uo7ze07i0YN8Rm1u6dWwiVoSEpMAAP169cCqdRuhVNZ6Y06ZMBYRYSF0HLliuQIAcOlKqt6S2YTEJFy6kgpAfzkttQxRs36qbgBIuXYD6zf/hiEDYrTEDCqsgVQipj1vqbIUul65KdduIHHrDq14fobqMWcTBRXfjmqTdr7emDF5An7940/6eBd/ukyrvXTbQ/c3c/vXbW9znse64R86hYcaLGesXnPnV7fNDZ1fczFMdfdhbsm1bvvptoG5a9ZYXe18vZtFnEexT1i9t723czmcPAMhavOSlsBaXpiJe3+uoP9+fPUw8v7eAe+B74DFsezVXl1dhby/d9DCKgDc+3MFJP6RcHRrp1++prrex+HkEVDvbQ3xML/AbAzL+vYhTQzFQzYUR5O6xjt2CNXqf4aucWP2GbNBMwQCNaZRtuj254ysbKzf/BvGx8Vi36Ej9DhjaLu02+kY/HI/rP/lN7pP6o7rxuqfMmEsjpw4rdVXdWNG64ZuoDA0Rhqrlyprqg0MtaUl51oTzXHT0HnQHbcFAr7BOLSa9QgEfAwdEKN3/Lrtotvmho5H9xq11B6CfSDiKoFAIOjAF4Sj1rO00uq6ONxWAHiorsoDANRUF6GyIgMsFhdsjgxs9vMYg41FWGWxHMEXRDBQDwve3t64c+cOIiMjtX4TiUT417/+RSepioiIQHBwMBYuXIiFCxdCJBLh4MGD6N69OxYsWID09HQsW7YMy5Yt06onLi4OkydPNhlaQJPOnTsjPj4e06dPx+DBg/VsWr9+PRFXCQQL8A33B4fLQXVV/V+6dbl7MQ0nkw4hZuJQCJxqk97x+A7wCPDGjZMp6PhKN4NxWQFA9bQc2Tcz4OHfBgLn5wnzqioqceGvU7i47zRjdgIA31GAtuH+jNZpCZeupEKuKMHShfMhEPCRkJiE7bv3wdfbC1KJGAvnztYTKAFt4fL7L5cAMLyc9l5GFpRKFV2/JhFhIegUHoq02+noFx1F/55XUIiiYjlihw0C8PwlkxIXqH1/vXpdvRI3mbIJqH0Z3fDL74jp3ZN+UU1ITMKRk2cwafwYuLu5GhQVdZcYU8LJw/wCrRdeQ/vXFVmoY0xITDIosFK/A8BXSxZBIODT7dTO15suZ65eY+c35doNbN+9jz4Warsde/ZbHGpCqVQhITEJbX3aYMnCeQBqrxFjdVCiEnU9UbanXLuhJSqZu2ZNnQuhoH7L3RsLspBeYHEdoK6qqPO2T3Jv4fzSoWgR1g/OnkHwHTobHIEz1FWVeJp3V6tsdcVTQF0DAJDfPovs5J8N1ukV8w9IA7oB6prabTR4mncX6qra595qZRky/lqJ8sJMqGuqUZqZaqg6s3CFIshe6m2+oAW4u7aCh7sbLU4Z81atbx+yBkoQ1BxbNcdATSztZ9RE1vdfLqGP6cjJMya9dJUqFdb/8pte0ro1GzZrjb33MrKw79ARuk9qCoPm6l++8idMmTAWk8aPMWjXvkNHkXz8FObNfhu+3l569wNL6qW2uXQllW4D6lg091Xfc03Fkd17MBmdwkO16tc8D8bGbcpW3YlH3XseJVxTZTTbRa4owep1mxAc4KcljFpyHzdnD8F+sO1tAIFAIDQ+eHAQdGCkJg7XDUANamrkAICnZX/hcf4/8ShvBqoq79HlGouwCgAOgnAwNffWu3dvJCcn4z//+Q98fHwgEokwaNAgbN++HWPHjgXrmTdGSEgIVq5ciV69egEAIiMjoVarAQBubm5ITEzE6tWr0a1bNwBAt27dsHr1aiQkJMDNzXLvMRaLhXHjxuHEiROYNGkSZDIZRCIR4uLicPToUYwePZqR4yYQmjscLgc+YX6M13tx32mcSjoE1RMlAIDFZsEzwAe5dx4g716O0e2KHj7G7XPX0Sa4Le3dWlVRicv/dxZHNu9l3E6fMD+wjXjR1pdLV1Lxz/c/oj8LPvoUGVnZWmV0PXf69eqBcqVSr5wuR06eQbFcQQugANAvOgouUonWtiwWC+NGjzAqgHbsEIrcvHzkFRTS3928nQ6ZixTurq0gV5Rg++59GDIghn7REwj4iB02CLl5+Ui7c9dgvaYwZ5NcUQK1Wo3ggOfX46TxY0yKBCnXbuDGrTuY/ObrtMDn6+2FmN49cebcRa0kLrr7VypV2LFnP0IC/fWO8WFegcEEMEdOnkFuXj5ihw2i66HEaor61EsRERaCJQvn0cciEPDRr1cP3M98YHFCGqVKhWK5Ah07PLdp8Mt9jQpQk8aP0frN19sLIYH+uHxVW4gzd82mXLuBS1dS8dqrg/XORVOHxXWALDi63ttXK8tQcH435OnnUaWsjTHPl7rBPWqUVjmxbzhYXAcAwNP8e3h4Ksng52n+PdousW+4Vh3uUaPo+KhVyjLI08/j4akk5J35o97JrFyCo8HiMJFZpfaanjF5Atr5emPvwWT88/2PaIGfwpo+ZA3tfL0xbtQI+u9+0VFo5+ut1xcAy/vZlAlj6TGM6ltpt9O1BDtDjI+LpcU6qUSM114drDdmu0glmDR+jN5YZEn9miKerl1KpQppt9MREuhP2xDk395oW5iq10UqQafwULoNpBIx2vq00dqXted6yIAYut2lEjGiIjtrjZnUfdNQWx05cZpO+LV99z50Cg/Vs0PznvUwvwAe7m5wd21F72/hvNl18ji1xB6CfSGeqzbiyrqFmGdvIwgEQr0RCHugQnnRqjpYLCHYnJYA2BA69kd1tQJlip/BYgnBF3QCi1UbP7QxCasAwBcwG4vUw8MD8fHxiI+PN1qGxWIhJiYGMTH6y2gAwMnJCTNmzMCMGTPM7m/x4sVYvHixyX2Fh4djw4YN5o0nEAhGCYoKw73L9XvpNsXp7UdQWlSCmIlDIW4phcyjJTr064JrRy7CK8gXQpF2MroqVSXSTl9F2/AAuPq0BgA8kZfh9B+H8ffOY4zbBwB+nYMYr5OphFa6UC+8bX3aaHluCgR8SCVii5bZUvh6e0EoEODm7XT4envRdQcF+EEg4CPtzl0UyxVo7aYda5LyOrt8NZVx7xp311aQuUjr5L1z+WoqhAKB3jLc4AA/JB8/hYysbKP15BUUIjcvH/169dD6nqpLrijRqzdP58W6vvWa2p4qo7mkVCDgG7THEJR4YSj0gyl0wxG08/WGUqmy2EP5YX4BXKSSZrus1bXzEDy+Zl2CkaLUoyjPvw++1B1cJykCxv0Pjm7toCzKhVvXYWgRVvvsVK0sg+LuJaP1KO5eglvXV8EROKNFWAw6zvsV+ef3QCDzgFfMRHCdakOylOffR1HqUatsBoCWHfpbXYcmmomWqDASlHfj4Jf7MtKHmLJTKhHXJtPT6Qv17Wf1RfPYTeHu5or7mQ+gVFned+uCu5vl8YcFfD5cpIZXqVDY+lxT9zYXqQQCvnZ7dOwQisStO2jBulyp1BLLDUHdW+JXrKxT8rW62tNcx9GmAhFXCQQCwQB8YReg2Lo6ePwgsJ8JqGA5wFk8Bk6iEWCx+KAWDjQ2YRV4duwEAoFghvadmBcYKa4dvYiMa+noP3EYAruHIrRPJ2z5+Cf4nQ9CWN/OYLGfLb5Sq/Hg5n2c/+skXv3n6+A78pF2+ipObz+CnFuZNrPPlsduKyghQhdjsT8NQXn3UKEBqJAAml6jlLBgCEpsYBJKcElITKJFPkuEakMvqRSWCM6agqImuiIG5d0klYgtEi1M1WtMLNAUVSmBmYprWxeoMAp7DyZj78FkgzEOKShR1UUqoZfzU3Eq60LeM3HV2Llo6rRgSGC8t+trvDTFB3yZB/gurdF+1Adav6trqlFwYQ+yDxufOM4+vAFSv861ias4XLSMGICWEQO0yqiKcnFv19eM2MzUsRti0vgxGDdqBNZs2Izk46e0xqD69CGmMSVW1qWfWYtUIoZQIDA7prV2c0W5UmnxZIwhKI/5xK07kJGVDV9vL6TduUt77dsCW59rY+M2Na5rljOFr7cXFs37J1asWmsw/jfT9hDsAxFXCQQCwQAcjhs4XC9UV5leamkKNssZLJbmcig2WCw+1OqnqK56hKqqB1A9/RvlTw8braOh4XC9wOE0bJIWAoHQNJG6ydDCsxUe5xSaL1wPSh8rsHNFIkQtJAjr2xleQb7Y98N2CJ0d0b5zMFgsIOv6Pez/aQfahLRF0cNHWPveCsYTV+nSwrMVpG4ym+7DFjDlGRsc4IfTZy8gr6BQKyQAhamXPEsFxvpALVPX9KQ0dbzFcoVRLy1dz1tD1PXF2JAXW13rNSZM79izHwBokdMaqOzrVDxD3XiNALSWwjJxTZk6F00dYStvOLr74WleulX1PL56GHd+X4L2r/0bQldfrSRXNZVK5J/fjZsb/222npsb/w2wOXDr+irYPI2Ytmo1ygsycHf7F1qJruqLo7sfhK28zRe0Amr59ap1G7VEwfr0IaYxN2lgrJ8xjVxRgnKl0uyY9jC/wKA3f12hVjcsX/kTANsnXLL1uTY2but6J1sibEolYjrOLjUZyNR9xNSkJqHhIOIqgUAgGIEv7IKnpfUXV5XlJ8ApcYUDPxTVVfmoUF2DSnkJanU5g1Yyi0AYZW8TCARCE6J952CbiasUpY8VOP3H82W1vy1dr1fm0YN83L2YZlM7KAK71z8DuK0x9IIlEPARFOBHxxK19gWMWoZ/83Y68vIL6JAAwPNYebpeUsaWcNoCKgYd9RJqSFTo2CEUN27d0WuPm7fTIRQITAoBdQ1xoNn+pgRES+o19QKtG/bBWjRj0Bqz29xSWEswdi6aEy3D+yPLSnEVAB6e3oqCS/vQumccpH5dweI6oEKRj4en72L9EAAAIABJREFUtqHk/mWL6qhWliF1zXRk7f8RrXuOhoPEDeqqimcxVrei+llsV2tx7TKEkXrqgrV9iCnkihLcz3yAtj5tzE4Y6PYzprl5u/a6M3XMppac15Ude/ZrJeuyFbY+16bG7ctXU+kwL1KJ2OA9zxyxwwbhfuYDg9uZu4+bsodgX0hCKwKBQDCCkygWgHWB+J+U/oHiR/9DifwHKMtPNWphFeDBUTTM3kYQCIQmRLfhvcHhvThz9RweF12GNO5EO9RyVE1PGip5VUJikpY3z9GTZ+rs3UMt/Tx99gLuZWRpLcelEqjsPZiMlGs3ADxPMuPh7oYg//YAnns3HTlxmi6TkJiEomJ5nY835doNfL16HX0clLBBib5SiVgv6VdEWAhCAv2x4Zff6XbKyMpG8vFTiIrsbPKFnPKWu3HrDvYdeh6XUq4owd/nDce7DA7wQ7lSSXuYUnZrhmmwtF5D51f3O904qJaQkZWN+OUr6TqMxeoFnsdE1ExSQ8XArCvUtbBjz376HFLnorngPXA62DxmvHKrlWXIPpyA1B9n4tqqqbj1yyKLhVVNSu5fxq1fFuHaqqlI/XEmsg8nMCassnl8tOk/mZG6KBISk/DP9z/S6hu6Y4s1fUiXjh1CcS8ji07Cl5GVjcStOw2W1SwHPPckN7QUvi79rD5oJjai+lFM755aE0bFcgXOaLSHoYR7jR0mz7UxDN03qXG7X68e9P2lrU8bOlY38Py61Ly3JiQmadmZkZWNcqVS6/6piaX3cV17CPblxXkaJhAIhDrC4bjBUTQUT0sNP0w1NxxFQ0lIAAKBUCekbjJ0HtwD53Ydt7cpDULnwT0gcXWxSd2GYqLWZ0llv+gopN1O14vrRsUlXfDRp3TZ1m6uCArwg7ugbh4vvt5eYLFYcJFK9LxlIsJCMGXCWC1xT3f5OCXCrt/8Gy5dSaWPkxJb64pUItY6Ls0s05RnmG481knjxyAhMYluJ8Dypf6a8fP2HnzuVd0jsjMiwl7Se8nVLP/P9z+i7RgyIAZpt9PrVK+h86v7XafwUMyb/bZJgZUSBfYeTEZrN1cI+HwEB/pptYduFnQKzeXY1PFMmTAW7m6uWsdjCVKJGAvnzsaaDZvpc9jO1xujXh2Mvf93pE51NVaErbzhFfMPZB340d6mNAheMf+AoGUbxupTKlWIHTYIHTuEYv3m37T6hu7YUt8+pNvvKQ94qg+18/XGlAmvY/W6TXr2tfP1xplzF+myLlKJ0aRFSqXK4n5WH3y9vbA4fhktvhlKmuUilUAuV9B9l8ml+7HDBmmNcxS2CA9Q33NtqQ0CAR8zJk/QGpsEAj7mzX5bq45J48dg36GjWqEQxsfF0okF5YoSdOwQiu2792nZacoWY9eoJfYQ7AerS4++ansbQSAQmgeffbIEHC4XPC4XPB4PHC4XXA4XHA4HbA4HXC4HbDYbHA4HLLDAYtV+wHr+f90PAK3/19TUoLKyEmVlpQjy86V/18XQd/WhpkaOwtzJUKufMlJfY4XFckQrjwSw2aazcxIIBIIuT+RlWPVOPFRPlfY2xaY4CPn459pFcJQ429sUu6NUqrBmw2YEBfjZPNs1gdAcqCgpxKn5XVFVXmpvU2wKRyBC9PILcBC3tLcpDQKVxM1WCakshYrdOj4u1uQE0b5DR3Hm3MV6Zaw3B3Vf6Nerh54NjaWdCE2DtPQMiETiWj2Bw7H5/nisKkbqIWEBCAQCwQRstvRZeIDmjbP4dSKsEgiEeuEkdUa3Eb3tbYbNiY57mQirz8grKERRsdzokkYCgaCNg7gVvAfNsLcZNqft8PdeGGGVoA11X2iusZMJBHMQcZVAIBDM4CQeBTZbam8zbAabLYGT+DV7m0EgEJow3Uf2hZO0+QqPjhJndB/Zx95mNAqoeHLtfL3JUkQCoQ74DJ4JB3HzTTrjIG4JnxdAQCYYRioRg8Vi6YV32XfoKIkLSnghIDFXCQQCwQwsliMkLeajuHAxgOYWSYUFaYsPYG3iLgKB8GLDdxRgxHtvYMv/1gLqZjZOslh4bf6bL1TiLkNQSz7vZWTpxTkkEAjm4QpFCH1nFS4te71ZjpNhM35kLHEXoekhlYgxd9Y0vZirLlIJli6aTzxaCc0eEnOVQCAwRnOMuarJk5LfUapIYLxeeyKSvvNChD0gEAgNw6mth5G86S97m8EoA6aOQLcRxGuVQCAww/3d3yA9aam9zWCUwPGfvBBhDwgEgu0hMVcJBAKhmeMkfh1Cp8H2NoMxHJ2HEGGVQCAwSs+4/ug0sLu9zWCMToOiiLBKIBAYpe2r78Gz31v2NoMxvPpNJMIqgUB44SHiKoFAINQBiWw2ePyX7G2G1fAcgiF2mWVvMwgEQjNk8IzRaBPS1t5mWI1XkA8GTx9lbzMIBEIzJHjiV5AGdLO3GVYj8euCoIlf2tsMAoFAsDtEXCUQCIQ6wYFLy4/A5jTdTKhsTkvIWv0PgO2XWRAIhBcPNoeNMYsmQ9yy6SYCFLWQYOziqWBzyKMygUBgHhaHi4j3NoMv87C3KfWG7+KBjvN+BYvzYsejJhAIBICIqwQCgVBn2GxJrTjJcrC3KXWGxXKErNVSsNgkqDyBQLAdjmInvL54CrgOTS9ZnoOQjzc+fhtCsZO9TSEQCM0YnqgFOs7dAjZPYG9T6gxHIEKnBb+D5yyztykEAoHQKCDiKoFAINQDLq893DwS4cDvaG9TLMaBHw5Xj43g8pr+cl0CgdD4cW/nifd+/i/ahvvb2xSL8e3gh3+tXwxX39b2NoVAaPYolSp8vXodPopfDrmixN7m2AWRTxh6f5cK2UtNJ7azLKQXen19Gc5tQuxtCvYdOlrn60d3m4ysbCz46FMkJCbZyswGRa4owUfxy7Hv0FF7m0IgvFAQcZVAIBDqCYstgsz1Uzg6D7W3KWYROg2CzPUzsNgie5tCIBBeIIQiR4xfMh2dB/ewtylm6TigG95cOgNCkaO9TbEJ+w4dtYl4IFeUIH75SmRkZTNed1OHtI1plCoViuUKlCuVL6y4CgA8Zxd0/vc2eMX8w96mmMWz75vo/MF28Jxd7G0KY8gVJVAqVfS/hPpjq/uMLSDjM4FpSIAUAoFAsAo2xC7/BJfXDiXFawBU2dsgHbiQyGZD6DTI3oaYRK4owYpVaxEV2RmDX+5rb3MahKZ0zCnXbmD95t8wZEAMbStlf7FcAYGAj1lTJ8LX28tsXRlZ2Vi1biPGx8UiIsxyr5f6btcYSEhMwqUrqQCg1YYvCiw2C0NmjoZbWw/s/2kHaqqq7W2SFmwuB0NmjEbHAU0/uYwp8vILbFKvXFGCcqXSJnU3dUjbmEYqEWPJwnn2NqNxwGIjeNJyiHzCkLbpA6irK+1tkRYsDg/B/1gGz75v2tsUxokIC8H3Xy6xtxnNAlvdZ2wBGZ8JTEPEVQKBQGAAR+eh4AvCUVL8A1TKC/Y2BwDAF3SB2GU6OFzzgldDoCkwAYCLVIK5s6ZBKiHxXxsTCYlJcHdz1RIAHz57WNZ8aN6xZz8AYOmi+YyfQ0M2NFVSrt3ApSupmDJhbJMThZmm8+Ae8A3zw4G1O3H3Upq9zQEAtO8UhIHTRqKFl6u9TSEQCAR4xfwDsuCeSPtlIR5fTba3OQCAFh1iEPRmPBxbN50QLwQCgdDQEHGVQCAQGILD9YJLq0+gUl5ASfEPqK6yzzITDtcLYpfp4Au62GX/ulAeji5SCb5asggCAR9ArYCWkJiEGZMn2NlCAgW1LM7dTVtoGvxyXy2hkyrX1qcN48KqMRuaKg/zC+AilVjk1fsi0MLLFW/8723cvZSGA2t34nG2fbxcWni5YuC0kWjfKcgu+9eEGiNfe3UwLl9NpSehdCegMrKysWXrTkye8Dp+3fYn7mVkoVN4KCaNHwOlUoU1GzbjXkYWAGh5k2t6mQPApSupenVrTn4ZmvjSrYMqc+b8Jew9WCsALV/5EwB972xDnu8AaJulEjEmjR+jZwcAvUmJlGs3kLh1h5anvLF63N1c0drNFes3/2bSu37foaP0MWjab8xbPiExCXJFCWZMngCBgF/vtqHahYI6l4aui4f5BXRd7Xy9MWPyBKTduUtvb8k5063fWBsBwKp1G+nl0dT+qHu3qfNn7BwZa2ND7ZmRlY31m3/DlAljceTEafp6MGSH7vViqP6miGNrf3RasBWPryYj7ZeFePrwjt3sCHozHi06xNhl/4bQPOftfL2N3lvNjWmaaK4k6hcdhTUbNgOA3vW279BRJB8/ZXRstbSPGbLZ3Ni379BR5OUXoF+vHnT/pMpQYxXVZ0cNH2zwOHXL6a5GWr1uE96IG0n3O6rP5RUUmh0TzN1nTN2jTEHG5/qNzwT7QMRVAoFAYBi+oAtatf4RT8v2oFTxC9Q1pQ2yXxZbBJF4PBxFrwLgNMg+LWHHnv1wkUr0bv6aDxFKFYlxRSC8SLTvFITpK9/Hhb2ncGzLASjLnjbIfgXOjug9bgC6Do0Gm9O4Ug9QgpKmWLpi1Vqtl7JypRLrN/+O8XEj9cRFAPQEVsq1G1i+8if65Xvh3NkGhTBNgYxaFrvv0FGt/VIvsSGB/vQS7n2HjmLHnv2YNH4MWru56olpmkSEhaBTeCjSbqejX3QUfR/IKyhEUbEcscNqw9YkJCbhfuYD2hue2u/D/IJ6CWWnz15ASKC/yeW+CYlJuHHrDubNfpsWS1av24TgAD+L9qFUqpCQmIS2Pm3q1DbUizt1fqjz8PXqdXr3SkqY/v7LJXSbLPjoU3QKD8X3Xy6ht6X2CeiHUaHKJCQmaZ1/3TaiXvhjevfUEj+PnDxTb7Ey5doNJB8/ZbCNjQkrSpWKvn4njR9DH4+mHbrXi67w1Rxo0SEGPT47iQeHN+Du9i9Q9UTeIPvlOknRPnYB2rw8FSxO45ELjI0RQoGALmPJmGYKgYCPfr16IHHrDuQVFGqNs2m30xES6A9fb69697G6HJfu2HcvIwtKpQpLF86nxwiqrG6fpUQ7Ct1JD6qvA6C3U6pUSNy6E0MHxNDHIFeUYMMvv5sdE6QSsdn7DGD8HmWsXcj4bNvxmcAsjWe0JBAIhGYFB47OIyB0jEFZ6R9QPjmK6uo82+yJ4w6BU184i0Y1uoRVGVnZuHHrDsbHxVo8q6o5W2xottfS2W9zs86AeU8BU7P8htCtz9A+zW1nzMPCVBndNtG11RIPI+D5bPi9jCzsPZis57UwPi4Wvt5eet4JQwbE0N4elngxGUOzvXVt0ETTk8ESDwpDHgEAtDxAqOtIKhFrbWvowd9SjxjNcos/XaZlqyXXnjEvxeYCm8NG5Ku9ENa3M/7ecRSpxy9Bnl9kk31J3WQI7d0J3WP7NtqEVUMGxNDXgEDAR+ywQVi1biMysrLp75UqFUYNH6LVl46cPINiuQJzZ02j+wElaB45cRpB/u2N7pPaVvO66hcdhbTb6cjIykaQf3vs2LMfHu5uGDdqBF2mri9yHTuE6okVN2+nQ+YihbtrK6Rcu4Ebt+7QfRAAfL29ENO7J86cu4iorp3q7CUvc5HSwq0hNEN2UDZJJWIsnDcbACxKckIlZOrX63nCNnNtI1eUYPvufUbPd9qdu1pjgeZY7u7aCh7ubgBAnw+BgI+gAD+cOXcRckUJBHw+duzZj5BAf736t2zdCbmihG5L3TaSK0qgVqu1xAtrx5yH+QXwcHeDu2srANptbArNMdHX2wshgf60QK9UqXA/8wGiIjvTxxLVtRPOnLuIm7fTm424CgAsDhfeA95G6x5xyNy3CnlntqO8MNMm+xK28oF71GvwGTyr0SWs0uyvhsYICnNjmiXheYL828PD3U3rWtLs60qlqt59zNBxWTr2sVgsjBs9gh7nKTs83N3QLzqKrjN22CDcz3xA/02NOTG9e2qNda+9OhhHTpzW2rZTeKhWGzExJlhyj9J9RyDjc8OMzwRmIeIqgUAg2BAWWwSR5B8QSf6Bqsp0KJ+egvLpSVRVPTC/sQm43DYQOEZD4NgTXJ5lM7j24ObtdACw+KV478FkeraXEsg0Z3stnf22ZNZ536Gjep4CW7buhK+3F6QSsUWz/JpQgh01w0wJhSnXbph8mN97MNmkt5o5LwwBn481GzYjKMAPc2ZOpY8/cesOk55Buvh6e2HRvH+aTbJlzDuBiQy7lthgyEtAc9beUo+AS1dSIVeUYOnC+QCANRs2Y/nKn7TE0n2HjmL77n30NVFXj5hJ48fA3c0VZ85d1FuCbYmXiiEvxeaIUOSIfm8NQb+3hiDvbg7SzlzFzVNX8MjKkAEtvVwR3DMcQVEd4N7ekyFrGw6pRAyhQICH+QVGxxDKm8pFKoGAr/1yqiloUsKWoW11w3sIBHxIJWI8zC+AVCJGbl4+Ynr3tGrZoa+3F4QCAS1WUPsOCvCDQMDH5aupEAoEen0oOMAPycdPWSyK1IXLV1OtDtkhlYjR1qeNwbAHxsjIykaxXIHWOqFPqBfzy1dTjR4rdW7kihKj9ecVFCI3L19LUKBsBaD18q6Lu2sryFykZj3K6gJ1DuNXrGyQOOu67dpc4Dm7wC/uQ/jFfYjSjKvIv7AHBed340nubavqdfIIgGvXV+HWZRhEvh0YspZ5LAmxY8mYZsk1TQlimt72lJjn6+1lVR/TxZqxjxIPoyI7mxyfM7KyUa5U6nl8SiVilJcrTa4es3ZMsPQepXteyfisjy3GZwKzNG5xVeAKH08xXH06wgeZuJyZj9KcTBSQpG4EAqEJwuX5wVniB2fJRFRVPYCq/G9UVxWipkaBmuqS2n9rSlBTXesxx+ZIwGaLwWZLwObU/svhtgJf2B1cbhs7H43lGHpoNIbmw49UIkZUZGd6tlcqEVs0+61UqSyadc7LL9B6APf19qJnxC2Z5dd9kNWdPaY8bUw9iFHHbMpbzRIvDEpUpTDkddFcMOXNBMBijwBdj9egAD/k5uVj8puv02V0X26Y8Iipi5eKIS/F5o57e0+4t/dE3zcH41F2AW6fu46SgmI8LXmCpyVlz/6t/QCAo9hJ4+MMR7ETxK4uCIh8CS2beJIqAZ8PF6nEouzLUonY4Ms1HcPYgLhKcelKqsG4lZ3CQ+mXcWsFK2o8p/oqFRJA82Xf0Ms3haWiSF0xtU9LoSZR9h5M1vK2NyV2UC/hhpArShiZrNJcuaFbvym75sycioTEJHp7az3mNSfNFn+6DIDhFQF1QfP5gBozz5y/RO+vuSPy7QCRbwf4jV6IJ7m3UXj5AJSPs1FZ+hgVpUXP/y17DADgObeAg0gGnuj5v4IWXmjVcSCcPALsfDSWkfdMXLWkv5oa0ywlOMAPp89eoIW/y1dT6WdGqg/Vp48Zor5jH5Xt3pLxWalU0bFFNaHikhobj5gaE8zdowxBxmd9u5genwnM0ijFVVFELCYMiISfm1Dj256g9P3y/HScO7gRf6Y0TBxDAoFAYBoutw24oqYjkDYGLJ39litKLJp17tghFOs3/6YV+J7Ckll+Yw9muuEI2vl608vOLUHTWy3Iv32dvDB0A//b2kOosWGNR4C5lxOmPGLs4aHXVGnp5drkBVJroLySgiyIL0e98OmOM6ZeEilMvZxR3lpMiJuaYoVmSACKYrnC6NhqK29EU/usC1TSP8oLfc2GzSaTNZoSFCgRwtpY5NYImJPGj8Gk8WO07mfWvMBLJWI65iElDFgrsFJjJiXYmkta1Fxx8ghoMgKptVjaX5kQnCgvwZu30yGViHE/8wFee1U7URRT3oPWjn2WjM/mEkiZE4StHRPqc48i47NhmB6fCczRyMRVH/SeMQUj/UzfFIVufugzYSk6Ru1AwppjsE3UGQKBQCAwQblSWaclUuawZPbbklnniLAQzJv9Nh18XvfBs66z/NRDjotUQi/3prKW1gVD3mrmvDAoUbWdrze+WrIIAOjwCS8iTHmTGIIJjxh7eOgRmh7GlidqohnPTfcl9PLVVDrWpaExUTcWnKExk5qU0k1GpYlUIrbIu0hTrMjLL6BDAgC1E2Q3bt3Rs+Pm7XQIBQKbeCN27BCKS1dSGZ3Q0PRCV6pUBtvG19sLLlKJXl83NjlUVyxZvmop1MoQY8JIfaDiQVoz1lGxJjUTuxCaN8bGCE0sGdMsRTM0gIvGKhOA2T5mzdhH2WFudYNuWBZrMDUmmLvPmLpH6ULGZ/PYYnwmWEcjSpPqgxFzZxsUVisrK2s/Ot+L/WIxc24sfBrGQAKhScJvNxpzP/sa/53eG972NobwwkF5fjIhalEYW5Kj+VBnyawzUPsQ9dWSRfhqySJ4uLvRy/Gp+ubNfhvff7lE6/PVkkV6D6dUGIFO4aFYsnCeVQ/0lLeau4agQsWh1f1QWZSTj5/CkAExmDNzKnm4Qq1HgKH2YuIB3dS5sBTKG8MQzTVeIME8lCAAaI8p5q7bftFRcJFKkJCYRI+NVDKQfr160GOCu5sr7mc+0BobDW0LAEdPnqFf1vr16oF7GVk4cvIM/XvKtRtIuXYDQO2YymKx6BjbxqDqOn32Au5lZGmtDIgIC0FIoD82/PI7bR81tmkmLaJEgiMnTgN4ng26qLjuWdSD/Nujna83tu/eR++TEu2UShX9EnzkxGm6bRISk5Cb91zIyMjKRvzylVrba3q4G2obKsTM3oPJdBtqJqYxlYDMEqhQKDdu3cG+Q0fp7+WKEvz9bOm8MVKu3cDXq9fRxytXlOB+5gMtIVxzP0EBfrhx6w5930y5dgN/7NqrJVgkJCZp2WFsZQiBYAqq71P9E3g+RmhibkyrC8EBfigqluOvg8laq1as6WO6WDr2GYLqg5eupNJjCVAbHolKygkYHnOo/aTdvmvSvrqMCYDl9xlD9yhNyPisT13PBaHhaSSeq0J0nTYFfTx5Gt9VoihtP37dfBh36RirIgTGTMS4oX6ghhmeZx9MmpaDz9eeQ+MLxToSc5f1gSxtIz5cl2JvYwgvIPx2ozFrWk948gD4DcLA8ONYe8XeVhFeJDQffgxlA60Lls5+SyXiOs86a8Y6lStK6j3L37GD5d6LxtD0VrPUC0PA5zPyokp5zdoTa2xg0iNAzy6GPGLs4aFHaBoEB/hhxaq19EuxpUtbBQI+ZkyegDUbNmPBR5/S382b/bbW9UTFB9aNe0nFcKO2BWpF/qAAP7gLWml5+VNhR1ykEnTs8BKC/NvTL6PrN/9mNqadr7cXWCwWXKQSPW+lSePHICExibZP00YKzX1dupJKrzigxNa6oBm/TnOfIYH+yMjKRlBAe/q+QLXNlAlj4e5WgLRnL+NKpQrBgX5a27fz9aYzRRtrm4iwEEyZMFbLy57J2HmacU41Q8X0iOyMiLCXTN6LpRKx1rXQKTzUqHcodU1Rqzw6hYdqHZdcUYKOHUKxffc+LTs0M4DXB817tma9wIsbHqC5o5lMk7o+2/l6Y9Srg7H3/47Q5TT7tbExjQopkZCYZHJ5OOVtfy8jS+/5zpo+poslY58xBr/cF63dXLXGkvFxI/UcDDTHcaqsQMBHj8jOCAowLRjWZ0zQvc9Yco/ShIzPhqnLuSA0PKwuPfqq7W0EAt/Ch293goz+ohI5x1di+Z+GF/wLuryDD8YF4/ktswiXf1qCzbesNcSUGFofoZSIqwT7oSWsAihJ24LP152H9SG4jfPZJ0vA4XLB43LB4/HA4XLB5XDB4XDA5nDA5XLAZrPB4XDAAgssVu0HrOf/1/0A0Pp/TU0NKisrUVZWiiA/X/p3XQx9R7APckUJVqxaCxepROuFOyExSSuxj6EM8fsOHdXKtE5lawdA10Utx9d8ENX9Tne7/2/v7mOrqvM8jn9KS+7pH/QpS1sV26qlFgKCKGSKitKZICo6dFZYF7YSFNk4ymYFx8zC6ib4tFGomYzVyFMD3U7YgoLogEOY8iSQQaWFNrVgB9sK2JaEPjhJb9OJu3/A73Afzm3vbe/tbev7lZCUe889v985516sn/s935909bb52ffNtF/jO5bTfhuaLsjt7vb7RdRzFXnzy1dJWblOna4JGDSY89LldtvtCMxjt2TebO/H6Zilq1UYP7t7mtzd3V7nzmx/vqHJ65fBfQcOqeLIMXssU2Ekef+Prmll4DmW6VO1eEGB1/n0PN5gx/Ddl5Ng5hBoW7Od5+2i7R2dqjtXr59NnxZw/1XVtSrbscurNUSg4w50LZx+IfZ9X5nxv238zn7Mac7BnCeMDOZz7/vv30hkPkO5Odkj/lgROe0dnXpv0zYtWjDfK5wJ9N8mAMDwUVffoDFjEq7mCbGxER9vdMzfw7KfIVG5mv/gZI9gVVLPRVVWXA1WrUkLtPyX05SmFlV+/IF21nTJ/eUHOjLzbc3LNJWuKZr04M+ls38e7KkDQ1I0glUgELOQhW8VQXJSotasWuG18mpfgq3Q6utb5+bWy8qbPk1lO3Z5fYPvuYJ7KN/ye1bRrHjpFUnmG/RU+xt0x+NxubTo8fna9elnOt/Q5DdPs+9eqzBSx3p98x6okquvCiOjYN5cFRVv9OpDG6xgxjDVpWU7dikpMcGxamEgcwhnNYmvYCpigjGQKhVgOGtuvawrbe3cEo4BaWi6YPdMBABgKBgClas/17/996PKGu3zcM8VVe//WilzrgdEajmmV9/aoTZJU595U0/mxntsX6/dv31XRwY0FypXMQKMna+VK++PSrBK5SoAAKH5qVSuUlWIcHGq9pe874ihxQoADE9UrvbXpCyl+AarkjQ6RZMfuef63zsb9OcPP1WbJCleN8XH+W2feZuk3nsyh9+U5XqtcIJMzNvVR5A6ZdkbejKzQdt2SgtCeB0AAAAw3ARqVQL0V1bGOD23bIlfz9VbszL06uoXWdwFADDooh+uxsXJKVu9rkctX2zT77ZX2wtWWXc/qemZvq+KV/yYiMwwsMde1PpZKaorfeHaIkHztXLdEr22TL0HpfET9OTjX2tdB+qsAAAQA0lEQVTbiy/otL2fIF4HBOPybhVvjLPbAiTkLtJvl4m2AAAADEGmdcpIZdppAOGUlTFOb69dE+1pAAAgaSiEq31pOakSE6xa2covXKQHc1P6CGQHJj53idavc+7v1mX/NF8rZ92krrqtHquv71bRkWytnz5DU1SlwIuyX9Thlzdcf37POh2+7R3dn9nX64DgdJ/fqeKNImAFAAAAAACIoOiHq5d+UJek+ABPd7U1qvXaz1MLn9a83IBbqvNSeKbkfIv+tf6p5q+PZesmdanuC5/tGjvVNStBmVJIIWnjD13STaG/DgjEP2At0JNTvvD4MgAAAAAAAAADEf1wtfVrtXbNUEqAzDQ+d5GK1i/qez9dLapr7Xuz8IpXbuE7Wl/oNxmlTVFIKenp1itSbkrIrwN64xmwjmn8TH/ivQUAAAAAABA20Q9XVanD9QXKnZzg+GzPlZMqXf8H1Wiynlj1pGY4rn4lddYf1uB3K+1SXenqsFQCTklNkXRFLYRfCLPu8ztV9B87oz0NAAAAAACAEWdUtCcgSWf3Vupij/NzrTV/UI1bkrta22sClKb2XFTl3rqIzc/RnnpdVLwyp08Nw86makZmvNTVqcYw7A0AAAAAAABA5A2BylVJrbu080S2fj3rJr+FqlJuvF+WDsuteM26McXhxT26eKJcHw96S4Bri1fNWqKVj1WpaM+1h6cs1zOZG7RxT2+vvUkzlk3Vnmt9XacsW6jc+C7VlW6gIwAAAMBP0L4Dh7R3f4X99+SkRK187hklJV6/u6uh6YKKN22V2319ecqnC5/Q1MkTJUntHZ0qKt6ovBl36aFfPDB4kwcAAPgJGxrhqqTGj99Vafy/q3B6mlfAGp9doDf+a6ZalKY0v84BPWr5YpuKP45SveeedVrVuFyvFb6j9bPMg13qqpsvabek3aq/eL/uz/UJYHVRjVqo9euW2K8JV3sBAAD6YgKaxQsK7FAmHIINdiI1fiTtO3BIJ05+5Rd2AeFQUlaubxu/06trXrTfX/sOHFJR8Ub7PVdVXavNpdu9wlTzWZI0bD5LAAAAI82QCVelLtVsf1PvXfxXFT4yQV6tVRPSlOa7ec8V1f1xqzYcDWewultFL+4O7bnTG/SfvYSie955QU5FrC2bVmtjf6YIAIiofQcOqbmlVUsXL4z2VAD8BDQ0XVDt2W+0eEGBV3D/0C8esL+kcLu7dfDocU2bMskrRM3KGKe3164Z9DkDAADguiEUrl7VePQDvfZFtvLmz9Ws2zOVluDdKKCns0WNZw/rT7uP66/uKE0SADBiNbcMep8ZAND3La19Vp+2d3TK7e6WZbkGaVYAAADoy5ALVyVJ7nqd2P6uTkR7HgAAAEAEpaeO1Y3paXa/VaeWGpblUm5Otvbur9D7W0r17FOFBKwAAABDxNAMVwEAw57pD/jwnHyvsMDt7tb7W0qVlJhg33pvtjWmTZnkdVt+VXWtynbs0nPLligrY1zA/ZSUlSs9LVU3pKVqc+l2WZbL6zWG78IxD8/JV970aSoq3qi29g5J0qnTNV4Lypjxzjc0SZLjvnsb33chGt/z4qukrFynTtcEPCf7DhxS3bl6/fPjv9R7m7bZ83bar+f5tSyXHpmTH3DcYMeX/BfX+cfHHnLcV7Djm3Pc1t7h19vU9z3Q1/Vwen847ae9o1PvbdqmRQvm6+DR4zp1uka3ZmUEHV75nifPfpiBzpPh+f7q6zOAkcuyXHr2qUK9v6VUe/dXaO/+Csfrbz7Xe/dX6DevvO644BUAAAAGH+HqIDu9abVWRXsSADAIpk6eqGlTJqnuXL1m35tnB1XNrZd1pa1dBfPmSpLfIi0mFHvnvU39qs46/pcvNfH28fr9W2sdn6+qrlXFkWNa9fxyr3BtQk62Vq983jGQM3OSpLfXrpFluVRVXav1727wC9OcxncK9IqKr3bedgpYS8rKJcnehwnnqqprvcY639Ck9zZtswOWfQcOqeLIMU3IybZDxkDn1zfoC3V881j+rHvsYygpK7dDXs9jD3Z8y3KpYN5cFW/aqoamC17HWnmmRhNvH+8VrAZzPYLh7u5W2Y7demROfkiBpu8iROacfN/Sap8T3/Nkrv0tmTf7fbkQrs8Ahh/LcumFXy+TdD2wP3W6xu/LEtOH1bxnXn59XUhfBgAAACD8RkV7AgCAkevOOybpUnOLmlsv2499fa5eKclJSk8dq/aOTn30yT49PCffDsRMwHapuUV13/w15DFTkpPs4NbJ9y2tujE9TempYyVJSYkJWr3qeb/qVk8HPz+htvYOLV280A4wTHh88Ohxr6DQd3xzjPmz7rHHSEpM0K8efUh15+odQ8alixd6hXxZGeM08fbxqjxT47Wdb+Va3vRpircsfX2u3mtsz0VwzPntLYjpa3y3u1u7Pv1MN6anafa9efZ2BfPmKjkp0e/YQxnf3CLteaztHZ36tvE73XnHJEmhXY9g+S4U1Jeq6lrVnv1GT/3LP9nnPytjnPJn3aMTJ79Se0enpKvv93jLUt70aZKuXvu8GXfp28bv1N7RGZHPAIa3pYsX6u21a3RrVoYqjhxTQ9MFv22mTp6o37+1Vg/Pydf5hiYd/JxmWgAAANFCuAoAiJisjHFeYZ/b3a26c/XKzcmWZbnU0HRBbe0duiEt1et1TgFbuEzIydal5ha9UfSuHYD1xsw5OSlRlss7EHQKj301NF1Ql9utCTnZXo8nJSaoq8std3fgILCqulYrXnpFK156RadO19iL2QSrvaNTXW63HUqGKtD47u5utbV32NcxnOOb3pImfJRkh0umanUg1yNcKs/UKN6y/G7JnpCTrS632zEQ82TmH43PAIY+E7BL6vXfqdn35unWrAwW4gMAAIgi2gIAACLGVOmZ1gCmJYBn0GhZroA9A0MNE4ORlTFOa1atUFHxRr38+jpJzn0yfSUlJjgGiW53d58hrdvdrfXvbvB73LJcau/o9Dt+c8tvclKifct5SVl5UGGwJ7N9qD0Z+xrfhKa+gWC4xs+bPk0nTn5ltwaoPFOjWzJvtnvfmn32dj1MZXIkOQW8hln53RzLiS9O2W0BTpz8Snkz7rLnH8xngFu+AQAAgKGJcBUAEFETcrJ1/C9fqrn1sldLAKO3cDJQgDZQSYkJWrv6agfskrJyu99l7vjbAr4mUMjVWzDmuY3TwlqBxjG30odjQaNgwt/+jm8CxHCOL129Prdk3qzKMzXKyhinbxu/068e9V4sayDXI1za2jvk7nYOPk3wbI7FLFQk+S86Fo3PAIYO02PV833h2Xojd/xt9hcevv1VD35+QpeaW3pthQIAAIDIIlwFAERUeupYpSQn6etz9WpuafW6lTwrY5ySkxL9Qrrm1su61Nyi2ffNjPj8CubN1beN39lz8A3mzG3qJ05+5RekVZ6p8erf6sSzNUIw4arR31v5fcd2Or8DHd/cst7XrcgDHf+jT/apoemCLJfLPncDvR7hcucdk1R79hu/ymPTY9VzQTHPRa98DYXPAKLH7e5Wwby5uvOOSdpcut0O4CV5fcGRnvoPenXNiyoq3qjfvPK6vU1yUqLWrFrh997yDPOd9gcAAIDwIVwFAESUZbk0+76Z+nDPXknyCovMwk6bS7frhrRUe6V0z4ot6XpAefDocS1dvFBud7dKysp1pa095CrFkrJypaeleq3m7tkTNT0t1V6QyOx79r15qjtXr5KycrtqrKq6VqdO1+jpwid6rSx0OkYzrtvdrdwc72pZy+VSclKiKs/U2NuayrZbszJCOlZTNVlx5Jgm5GTbPUt3ffpZwHYLwYxvAs69+yt05x3XF4La9elnamvvGND4Ru7425SclKg/7q/QjempXtc52OuRm5NtLwiUlTFOVdW1+nDP3oC38ofCtCvY8j//ay8q1tB0QRVHjil/1j1Bvy+D/QxgZLIslyzLZS9QFUj6tUpoU3EfiGdVPgAAAAYH4SoAIOKyMsYpJiZGyUmJflWFUydP1NOFT2hz6Xb7Md8KK88A6tTpGvs2+4NHj4c0j/aOTrsi0rOq6+nCJ+xKQxPc+fZjffapQr2/pdSuGrMsl1Y9vzyoatSpkydq1fPLVbxpq32cluXSzBl3+Yer1xayKd60VSteesWeQ3paququLQwWiqWLF2rfgUN2z1fLcmnxggKvELQ/4z/0iwd0Q1qq13VbvGC+3+3toY7vOQ8T4D4yJ9/vuWCuh7mWZuxpUyb5vdeCNeFaUOsZ6C5dvFAlZeX2e0Xy799rQljPbQxzG3gwnwEAAAAAQ1PM3TMf+L9oTwLAyPDma2sVGxen0XFxGj16tGLj4hQXG6fY2FiNio1VXFysRo0apdjYWMUoRjExV/8o5vrPvn8kef38448/qqenR3/72w/Kzc6yn/fl9Biix+3u1vtbSpWbk+3VaxLoTVV1rT76ZJ9dGToc7TtwSM0trX5BaVV1rcp27Aq6Fy8AAAAw0tXVN2jMmISreUJsbMTHGx3z97DsZ1RY9gIAQC+aWy/rSlu7fes9EIzKMzW6JfPmYRusut3dqjtXb9/SDQAAAGDkIVwFAESU6R95a1YGFXoIWlV1rWrPfjOsF3SyLJeSEhPsHr5GQ9MFle3YpYm3j+czAQAAAAxz9FwFAESEaQVwvqGJ/pEIWlV1rTaXbrf76g738NGpL6vk35sVAAAAwPBEz1UAYUPPVQAAAAAA0B/0XAUAAAAAAACAnxDCVQAAAAAAAADoB8JVAAAAAAAAAOgHwlUAAAAAAAAA6AfCVQAAAAAAAADoB8JVAAAAAAAAAOgHwlUAAAAAAAAA6AfCVQAAAAAAAADoB8JVAAAAAAAAAOgHwlUAAAAAAAAA6AfCVQAAAAAAAADoB8JVAGEVExMT0uMAAAAAAADDFeEqAAAAAAAAAPQD4SqAqIuJiaGyFQAAAAAADDuEqwAAAAAAAADQD4SrACIm1GpUKlgBAAAAAMBwQrgKAAAAAAAAAP1AuAogbEzVaW/Vp/2pZgUAAAAAABiKCFcBRA3BKQAAAAAAGM4IVwFEXK8hKgErAAAAAAAYpghXAYRVjK6FpQ4tAqhUBQAAAAAAIwnhKoCoIGgFAAAAAADDXVy0JwAAvgheAQAAAADAYFuyZEmvz2/dutXvMSpXAUSMd0sAj8fVd3hKwAoAAAAAAAaTU3ja13OEqwAAAAAAAAAg5xC1t9CVcBVAWMXY61kNzkJWVLgCAAAAAIBw8gxTewtWJXquAggnh6DTN2TtTxhKgAoAAAAAAAZTX6GqQeUqgLCLVBhKyAoAAAAAAIYSwlUAYRWoHYBjMHqtkjVQRSthKgAAAAAAGMoIVwGETbB9VglTAQAAAADASEC4CiDs/ELWEBa3CiZgJYQFAAAAAABDAeEqgLDqq2IVAAAAAABgpCBcBRA2Jjx1uu2fYBUAAAAAAIw0hKsAwsZ3caoYOS9WZVoFBApcBxrEEuQCAAAAAIDB8P/LN9vRnKU1jgAAAABJRU5ErkJggg==" height="600" width="800" />  </system-out>
  <testcase name="verifyMenuListDashbaord" time="9.865" classname="testcases.TestCase2"/>
  <system-out>
<img src="data:image/png;base64, iVBORw0KGgoAAAANSUhEUgAABVcAAAJXCAYAAACXAGQHAAAAAXNSR0IArs4c6QAAIABJREFUeJzs3XlsnPl95/n3c9ZNsqpI8ZBI6qAO6qaklqy+b9ttu5P1OJ3pxFjPAptBZox41wYWRmAkg01gBEEwMZCgAQPBLtIYz3jija9Ou7vddrsPtfqURN0HSUm87+JRVaz7eX77RxVLpHjoolpS9/cFyCKfeo7f8xSpNj/8/r4/bd/9jyqEEGIFuK5b/ljTtNtyjdt1XiGEEEIIIYQQQnx2vPHqL1fkPPqKnEUIIa6ilEKplf/dze04pxBCCCGEEEIIIcTNkHBVCHFbSRgqhBBCCCGEEEKITysJV4UQt91KV7FKYCuEEEIIIYQQQoi7gYSrQogVo5SCZYJPCUWFEEIIIYQQQgjxaSLhqhBiRSmWD1FXKmCVoFYIIYQQQgghhBB3moSrQogVpEp/JGAVQgghhBBCCCHEp5+Eq0KIFaPK2eonF7AKIYQQQgghhBBC3CkSrgohVpCak61KwCqEEEIIIYQQQoh700svvcRLL710zf0kXBVCrJhi5aoErEIIIYQQQgghhLh3zQ1VrxWwfibDVaVA6QbK9lDwBykEQjh+P5gmEvMIcQvKwapa+L10m0JUCWeFEEIIIYQQQgixUhYLU5cLWM3bOZi7kavruKEqCs3rKKxtwY3Wgm1BIoHV3YVx9gTW1ASaxKxC3DCFQlOgNA1NKRQamqag9B2lKQWatvA4pdAW2S6EEEIIIYQQQgjxSVkuRH3ppZd49tlnF2y/58NVpekoTYNSmIPrsFREo0yTwrqNpA4+htuyFeXzgV4q3lWKwtZdWGtb0H/3CuZw/yd2D0J8aihQmip9D2qzG1jym3KlLivhrBBCCCGEEEIIIW7RYuHptdyT4apSgGVRCFWi6leTr21As2zU1Dhmbw+e8REo5Ocd4xomzrpNpL78BzgNTVdC1VmahvL6yLXugJkk/ld/ipHLfnI3JcSnQLFytRhyKq34sdKuVKwWa1iXOFYCUiGEEEIIIYQQQtxj7rpwtVyJCmjKLYYyc18HVCBAft1m0vsO4rRsAa8fUGjZLNn+btxDb+A7dwJcp3yMU1HFzP2PLR6sztI0lO2l0LAaVRmGseHbd6NCfBoV5/6X/ioFq5TaA8xGq0u0BgAJWIUQQgghhBBCCHFvuWvCVaXrOD4/hXA1uj8EuLiJOJ7YKNrcClJfgPSuA6QfeRotWjMvKFU+P2rdJtKajj3SjzE+WtxuGKj61bgbtiwdrJZoGmimjbLumkcjxD1EoZRWrE7VypvmlasuV716S1eWYFYIIYQQQgghhBCfsE8kQVQAWjHU1JS7cAevl2xDM7k9B8htaEUPBMFVMDGG8/EhfMfeR89mUbpBtqWV9KOfR6tetfjFDB0tWk1uVR2+UriKbpCvDINlXWOgChwH4pPoifhN368Qn1VXglM15+NFeq8uU70qhBBCCCGEEEIIca+47eGq6/HiBCtwff7iBacn0RPT5YzFtWxyG7eTfeyLFBrXouk6s40AVCBAxu/DHB/F03kW17bJbtuNFqle5ooaSjfQNOPKJqXQ8nlUwQF7icOUAuWiT09inznxmQ5XDcPANE1M00TXi++U6yoKhQKFQgHHce7wCMVdS6nizH9K1as3sZ6VVKAKIYQQQgghhBDiXnHbwtVin9NK8tvayLa04tTUAuC9cBbPO7/GTEwXWwE0rWfm6a9A3ZoFU/Y1TYPKCIXGZuzOszjeAIX61ctO7ddcF31yAn1ibM42B2uoj8xwP2rtBtCNeccopdAcB31qAs+JI3gvnL7di5vfdTRNw+PxUFlRQe2qGurqaglXVREI+AGNdDrNxOQkI6OjDA+PMjk5STaXu9PDFnehUtvVojmtAWb7r5Y3SvWqEEIIIYQQQggh7rD29vabOq6trQ24TeGqUopCdS2ZJ54ht2Mf+APl17I1dTAVwzj8Bq7HR2rfg4sGq3AlpClmMBoYGmjGgv3K+7suWjKBde4ERmy8vF1zXfSxEXzv/Y6sYeJGa3AtG7TSa5kMxtgw1ul2vMc/QE8mVvR53O1s26a+rpYd27exb28bmzdupDoawevzYhrFLxHXdcjlcozHJjh2/AT/9qtXOXP2POqqBcfEZ5tSqtRvtdgKYH5rgDn7LdiyyHkkeBVCCCGEEEIIIcRd7raEq67XT/b+x8nvOQjW/Hn4yrRw6tcUq1YrwxTWbli6ElUptGQcY3gAlMJIpbDGh8jX1YNhzttPKYWWTGCeO4l98ghGLjPvVEYui+fUMbSZBIWWreSrImiWBak01ugg5qXzmCND6HMXz/oM8Hg8bNm0kaefeoIHDh5gVU01pmmWQ1OlFEoVWwX4/X6a/H4SiSSVFZV3eOTi7jY/Pi1+tkiPAKleFUIIIYQQQgghxD3s9oSra5rJtO1HsxY2OFUKtMQ0ALrHg+b1sljtoyr1STW6zmH2XC7un01jHf0AtzKCU1sPpoVSCj2Xw4hPoXecwffBO5hjQ4uOSy/k8XScxbrUhcfrQdcNVD6Pns2gu5+9PqKmabJp4wa++vvP8tADB0stAMBxHNLpDPFEgpmZFPl8DtO0CAT8+H0+evv7GR4ZkapVsaxS+9WiRfLTa1Wv3tw1i1+TUvUqhBBCCCGEEEKIT8KKh6tKKXLrNqKFFqlsVAojPoHZ3YXmumipGdTUBIQqr1SvzVahZrNYF8/jO/wGVqo4TV9zXTwXTmOkk+Q276BQGUZzXczJGFbvZfTeS5jpmWXHpwFGIYeRzJXHe6tBjKZp2JYFmkY+n8d13eI228a2LUzTxCk4pDMZ8vn8sucyDKN4nGWh6RqO45DL5sjl8wvCTNM0Cfj9aLpGOp0hm81eOd620TTI5/JkstlFF6Fa3VDP5598ggfuP0AwGCi+d/k8/f2DHDt+nLPnLjA4OEQqlcLn91FfV0fjmtV09/QyPDI671we2yZUEaIiFMLr8QCQzeWYmUkRT8TJZLK4rjvvmQWDAfw+X/G55fIkZ2bI5/P4fT4qKysIBoNYpkkmm2U6HiceT5Ar9Xmd7Q9bWVmBbVkUCgXiiQRT03HS6XT5WVZUhMrvTTqVZiaVAiAYCFBVVVl8fprGTCrFdDxOIpGkUCigaRo+n5dwVRXBYBBD18nmckzH40xPxxd9H3Vdx+fzUVUau2mauK5LMpkkHk+QnJkpvw+aplFRUYHXY4OmkcvliMcTuK5LMBgoXjcQwFWKyclJxmMT5WN1XScYCFBZWUEgEMA0TQqFAplMhkQiSSKZLD+nWcVxVVJREcIqPa90OsN0fJpEIrmii5SpUmq6oBGA0hb2XZ09YJHvQWkNIIQQQgghhBBCiLvdyleu6jqO17cwLFEKZhLYJ49i9V4uRivxSTwnj5Dz+nBDVcX2AG4BfXoKo/cynvffxBzonX/6Qh77Uidmbzeu7Sm2DnAK6LnsdVXBKcC1PCifF+Xxg6GjFwqQSaGnUmg3UcEarqpi+7ZWNE3jfEcniUSC1Q0NrFvbTDQSxufzkU5n6O3v59Kly4yOjS8Is0zTJBoJs7qhgYaGOsJVVZimRSaTYWR0jL5StWgikSwfs6qmmgP37SMQCHD6zFl6+/pZvbqexjVrqI5G0HWd6ek4A4NDdPf2MjExSaFQAMDr9bJtayv37dtDKBgEwHVdenv7+Ldfvcbv3nqH2MTEvHGeOn0Wr8eDQpFOF9suWJbFqppqWjasZ8vmTTQ3NVJZWQHAzEyK4ZFRLnR0cqGjk4HBoXLw6fV6uW/vXrZva8WyTMbGxvn4aDvpdJptW1vZtnULqxsasC2LeCLB5e4ejhxtp/PiJbwem9Ytm9m+bStrmxoJBoNkczn6+gc41n6Ck6dPMzExSWVFBY8+8iDNjY3ohk5n50WOnzxFIBBg545ttG7ZTHU0iqHrjMdidHZd5MjRdvoGBorv6dZWduzYRn1dHbZlMZNKcfHSZT4+eozzFzqZmbkS5Hs8HpqbGmndsonWzZupq6vF6/WQz+UZGR3j0uXLHD9xiss9vaTTabxeL4889ADr1jZjmgaDQ8O8+dYhvF4Pe/fsZvvWVupqaykUCnx89Bi//LdXiCcSVFZW0NzUROvmTbS0rKdu1SpMyySfyzMdj9Pb18/xk6c4fuIUuVwOy7JYs7qBra1baN28iTVrVpfHNTk1xaXL3Rw/eYqOzi5SqfQNf+3fqttRvSqEEEIIIYQQQoi7x6YvfpNvPNkEPccZDO1mR7CX1/+fF/hZ150e2cpY8XBVUwq7vxtnegK3ogoAlS+gJ6exzp7A++5vMUrVpXomi+fj99CTCfJNG8C2UJkMdncXnsud6FOxJYMXrZBHd91SIOtcV+9GVzdwwlFyjetQ9Wtwo9Uo3UTLpTHGRjAvdWIO9aGnU9ddMWcYBo2Na/jj55/D4/Hw0suvkkgkeOShB9m8qYVgqbIQDUZGxnjvgw955bXX6entK1eiejweNqxfxyMPPcCe3buoqanGskx0vbh4VyqVorPrIoff/4CPPj7KyOgYAHW1tXzh80+yZnUD7763msuXe/jc/n00NzXi9/sxTZNcLsfw6Cjvf/ARbx86zKXL3eTzeaLRCNu3tdJQX4emaSilmJqO894HH/HGm28zNj6+4F4dxylXfkKxWnXDhvU8/ujD3P+5/axuaMDjsdE0rXzOQqHAeGyC9uMneP2NNzlx8jQzMzP4fT5279rBl77wNH6/n+GREaqrq7FMk/v27aGuthbLMtE0Ddd12X/fXlo3b+Ltd9+jOhrhoQcO0tTYiMdjo+s6Sin2tu1m145t/PylX/Hm2+8QDAZ46P6D7Nu3B9MwOXf+AvX1daxtbmLXju2Ew1Xoun7lGvv2smH9Oo62n2DTxhY+t3/fvHEopdi/by/bWrfwP/7lXzl2/ATZbBa/38funTv4wtNPsqdtN+GqSkzzyjGuq0gmk7SfOMkvX36FY+0n8Ho93P+5/Xxu/314PB76+vuZnppm69ZWHnnogXI4DjCTSvHa629Q5/fz0IMHefzRh9mwbh2BgB/DMMpfq0opstksDfV1nDt/AYCdO7bxlWe+yN49u4lGwuVzapqG47hkMmn2nW3j5y+9zAcffjzv/b0ZxWpTSqnp3EWt5laqcuuJamQD25uDLGw8UrT492+OZM85OiZu8dpCCCGEEEIIURJtaaU5lCPWfpGeOz2YGxJm07Ymgnby2mMv/fyVi52go3e5HcVn0Ve/9bc8vbH003myix//+Qu8fdU+iWiQqG3Dxv1EAYgQSvKpcVt6rpoXzuAJvU5h01aUrqNNTWL2dOI9exI9GS/vp2lgJacxjxzGPnMMXTdwHQcjnVoye3F1AxUMUYiuohCOgGmhZTOYsTHM8VH0zOLhkGta5BvXkt13P/lN26GiEnQDNA3lKvRchsLmPqwjh/GcaceYuf532TQNqiorWVVTzZe/+PliH1hDp+viJabjcXxeL+vWNrNu3VrC4Uocx+F//uSnTMfjeGyb7dta+dr/8nvs2b2L5MwM5y90MDwyguO4rKqpZsP6dRzYv491a5sJh8P86tVfMzExiaZrmIZJuKqKB+//HNu3tpJKpTl15hyZTIZAwE/jmtWsbWqkrraWqqpKfvrzl+ju6aV2VQ1rm5qwLAsohmL9pcrP8VjsmvdsGAYtLRv4d6V+raFQsfo1ncmQTM4Up/0HAni9HupqV/H4ow8TiYTRNI0jR44BoGsahmFgGDqraqr54tNPYpoGum6QSqUwDAOfz4thGAT8fvbs2c3atc14PR68Xi+5XI5cPofP68OyTGzbYmPLBp56/FF6+/qIxSbQDQND1zEMnfXr1rJmdQNerwfHdUkkkti2jcfjwTB0wuEqHnnoQXbv2kkoGMQ0i+MwTROfz1ua9u9l757djI6N0z8wwMjoGHvbdvP8c19jx/at2LZNoVBgdHSMVDpNRUUFVZUVVFSEeODgAXxeLzMzMwwODhefga5hGDrV0SjPfvkZ1q5tIhgIks3mcBwHwzDo6e2joiLE5596gi88/STV0Si6XgyEE8kkyWSx3YDf78fn9TI6Nk6h4LCtdQv/2//6x+zeuaPcomBsPMbMzAzBYIBIOILf72fvnjYikTCpVJqPjhxd0RYBt8sjf/wN/v3G4tfcYkHqUr8cSXT+K//XPxy+rWMTQgghhBBC3Hvu2pB0kcKS5IqEnEGKJ7XxRIBSEUpzyy5C9HK6a/JWL3Bnff27/PBAkI6f/AV/f+hOD+YGPPRN/u65IKf/7G958U6P5bqECUXnfHUGg6yFeeHqwa9/ky9vqwMmOPqLl+hufpZ/1xZhz3/6Nvz2B7x4L70/S7gt4aqRnsHz4dtYXWdRpomRiKMlptGXCm2UQssX0HQH3XEX3wdwTItC4zryW7aTW78JN1wDhl5c+Gq4H8+pY3hPH0NLzw9YlW5QqF9D9oEnybfuBK933uuaoaF8fvLNG3AsCz2dQj99DO0GF2zyen3U19Xy0ZFjvPPuYbouXiKRSBYDubbdPP+Hf0Bz0xp27tjGO+++RzyRoL6+jqcef4z9+/YSm5jgldde5933PmB0dAxXKSLhKvbtaeMrX/oiLRvW8fijDzM4OMQ7775Xvq6u62hodHRe5M233+HipctkMlkCAT9bW7fwhaefZG/bLvbv20t3Ty/jsQki4TCROZWMhYLD8MgIg0ND17VQVTQS4YGDBziwfy8VFSEAYrEJjp88xfmOTjRg08YWdu7YTk11FI/Hw47t2xgcGqa/f5DkVeG1ZVkEAhojo2Ocv9BB/8AgoVCQ3Tt30tS4GtM08dg2q2pqGB8f5+TpM/T09mEYOju2b2Pjhg3lAHRtcxONa9aQTM7vv+v3+zBNk+6eXs53dBCLTbC6oZ7du3aWK0X9fh+2bTE8Msr5Cx309Q9QURHivr17aKivwzRNTNNk86aN1FRXo+sGTz3xGK2tm7FtG8dxuNDRxaHD7zM8MkLL+nU8+cRjrKqpwbIsdu7YzoP3H+TVX/9mXgDo8/nYsX0r6UyGk6dOMzA4RCaTIRQKcqGji/337eWpJx4rtjEwdAqFAhcvFVsN9A0MUMgXiEYjNNTXcbT9OH6/jy8983l27tiOaZoopbjc3cMbb77NwOAQqxvq+eLnn2J1QwO6rrFu7Vo+//QTnO/oYHJy6oa+7pemULM1q8tUqyqKFe/Sd1UIIYQQQggh5mjawJ5okGTsBKdnw9TIBrY372ITtxqw9tHR3nfVtjAeD5C9lfOKW9IcJHSnx3ANm77+Xf5kG5xu76W5bT8Nwbmv1nHwv/4F0fYu2LiVaOw1OkItRINAcoKON07wdmQrj7btJxpporkZkHB1cRoUe6CODqMpF1x30VxFoeEGghRW1ZGvrkW3LFQ2iz3YizE6NC+MdQ2T3PpN5B58gkJLK3i8xUCmFMo4lWFSVVH0TBr7qmDU8fvJ7N5PfutO8HgXGUlp3KaJqq0nt2UnVuc5jCWqYJfiOA4XL3fzk5/+nPMXOq5UAE5CwXHYsX0ba5sbqayoJBqJ4PV62diygfv27cFVLkeOtfOrV1+fNyU/mUwSTyQIBPxUV0dpWrOGfXvbOH3mXHmfQsGh8+Ilfvnyrzh1+mz5urGJCWITk5imQeOa1dSuqmFbaysnTp4uVjn6fFeer+swM5O6rr6bul6sAt2zexeRcBiAbDZL+4mT/ORff875jk4AWjasJ5fL8dgjD+P3+/D7fOzcvo0jR9vnjX9WLDbBb954k9+88SYDg4OEq6rIZnPUVEfLlbGpVIp3Dr/PK6/+mu7ePkzT5JnPP0k0EqHBW2xx4PV5qSotdDWXUoqe3l5+9suXeP+Dj5mOT9Pc1ITf76eycg8eu/jblsmpKV799W944823GRoeIRgIoKHx5BOPEgoG0TSNyooQFRUhGhvX0LplMz6vF03TmJya4pXXXud3b73DdDxOe3U19fV1VB2sxOfz4vV62LVjOx98+PG80NAwdBzH4eix4/zsl//GxUuXyecLBIMBQsEgX/39r1BTXQxWlVJ09/TyL//6c97/4COmpqcBsG2bSLiK6XiCbVu3sG9PG1apPUE6neHVX/+Gl371GolEgmCguGjW733lGWzbxjB09uzeSV1tLVNT09cVsN+oYr46G7jeWm+At//7i8Rusi2AEEIIIYQQQtz9wmwKBSExMT9EnbjIaWl1Ju6Uluf5xoE6QsDBh+oW38eOsOnA/uLHkWep//CfeSv7Rzza3MKX/+/v8rRdR5Qc3R/+Mz975RMb+W214uGqAtzKKgo1DRTCEYxcFiM2hjE8gF64ssK60nUKdWvI7dhDbuNWnEgNGAZaPofTcxHP4d9iXypWQCo0CqvqyT38NIWNW8EsDVvTrlS7GQbU1JLZvR/r4nm01EzpOgZOdR2F7XuWDVbL4zIs3OoaNL8fbjBczRfyjIyM0N3Tu2BqdSadYXRsjILjYJoGHo9NRShI65bNrFpVw+DgEMdPnFp0Sv70dJyTp8+yf99e9u1tY11zM6sb6suvO47D+Pg4ff0DC647MzPDhY4uLnf30FBfT31dLbWrVpWm3+vl/Vy32B/VdZeuHJ7l8XhYv66ZxsbVGIaBUorYxCTHjp/gfEcn2Wzx11ydXRc52n6CXTt34PMVw8dVq2poalzD5e6FEy0Ghob46OOjdF28hFKKXC7PwOAg6VIFJ0A8HufkqdN0XrxELpcDoKevn6npaRrqi9/YGsV2A9qc+4NiuHruQgcfHznG0HBxWn5f/wCjo2Pkc/lyuDo6OsbRY8fp7unFdV0ymQw9vb2k05ny4l+GYRAIBNi+tbXcuxUglUpj2xbbtm7BVQqr9LXqquJz1TSNutpVROf0VJ01Nj7Oy6+8xvHjJ8mW7m16eprHH32Y5qZGDKPYgzefL/C7t97hnUOHiScS5ePT6TQD6TSGYbBz+zYi4apyyJjNZikUHHZsa0VRqna+6vpVlZWsWd1AR2fXyrUGuF0rVl3j/1BItasQQgghhBBiJTS37CI6p5Rw6Sn5sz1Mi5/lEnOn1jeyqS0CsRPE7FaaQ7NlItfR79RjEwWWbN4X2cD2ZptczzmykTljTUxwrKuv1O5gdlBJes5cLJ+ruWUXUU9p29z2A3YTe9qaFuwPLHu+e9E3vvcDDs7JCAc//DZ/9aP5+zzyrb/m+Y1BFhj+iD/9/o+LH3/9u/zwQN3ir5Vfv7pNwQN852++xqZkcd+5Yzn4jz/g4BLjuZOeemZ3qWfqVXJJEjmbUPDqEiibtRv3c7QnCc0RQpHZZ5QkcebTsybKioarStcpNDSR27WP3NpNuJWV6I6DOdSP+cHbeDvOMLvWTaG6lvTDT5HbuhvN5y8HPUop8r4ApGYwB3oxsllcyyK/bReF9ZuuBKtX0zQwTZxoNcoXhFK4iq4XF66qDF/XPWgAmo7S9GvtusgDKC5etPhLal5wqWkagUCgONXcMEgkk4yMjC5aMaiUYmJigqGREZRSBINBqqoqiccTc/YBtcS1E4kksYkJXNchEPATCgUpFJx5AZqua1i2hWka17xNn9dLNBLBP6fydWpqipGR0XLgCRQX0xoZYXJyqrxw1uyxXu/CoDufy5PP58vPQCmFU3DmPRPHdXGcq7Y5Dq7rlqeQ67q2aLimVHFMhcKcimjXWXg+18WZ814VF+YqLZo2RyDgL7Y8sK/841EdjfCVLz1Tfg6GYRCNhPF6POV9PB4PgUAA46pwc2R0lP6BQXL5K7+E0DSNhvr6cjgNkM6k6ejsIpVevMrYNE0a16wuL6oF4A/4efbLXyw93+K4KitCmOaV6l7LsqisqFiRYHLeLP9ywHqNpPVGWgPIglZCCCGEEEKI26wYrM4JQEtT8rfbV/ckDRJts0n2nODYxGwAWcemyOS8nz+C0V3YiV6OtU8yG7hGWxrp6bp6ej7AJLFsHcFQkOZtG2DZENMm2LwLYic41k6pnUCEPW0Rclddr74lTGyxfqoTFzk9UdzHTizec3Xe+Es/ky15vntAMcwc5v3Z/qYPfZO/e+4H/F3kylodxWAVOn7y7WIoWgpR54WeC7YVQ9Mf/k1k0cWdlvLi979N97f+muc3Jq+M6S7T09tLrLmFuW1WYx/+M3//oxPEgPonvsl3fr9lTmuDJIOdxzn2CkSDu+GVf+LY9m/y5eBH/Kz9kx//7bJy4aqmkV+zluyjXyC3eTt4i8GbC+TCNTiahqfvMlo6heP1kWs7QH7nPrSrqkk1TUPZHvLNG3CDFeiZMVx/kNyWHddVeapp+rz8RmkayrSuv3rOcdCmJm+4avVGaZqGx7YJBgJAsbIwk8ksuX82myOZnMF1FZZl4vV6SSSub9Etx3HI5XK4rouuF8PTRCJBIpFA1dWiaRqmaVIdiRAOhxkZHVv2fJZt4fUV+5fOyuXzZLO5BeFwJpMtV7JCsWLStExM49oh7t3OMi08Hk/xa67E7/ezbm3TovvPhuu6UVxg6+oAMJVKk5sTLgPlPrBzg9hCvkAqnV5y6r6u6+X2BbNsy2Ld2uZF91dKlc9l29ai+1y3OQHpolHq7MarXrzRAldZ0EoIIYQQQghxWzVtIBrKkeyZU1k6cZGhSCvNoQjNTM6pOJ1fgRrrShJti2BHwjBxJXicX83aRywRJBiyaYZFq1djXeegpZXmUJDmtl00L1PpOq+itjdHMgrBxMS862UTEYKeCFEmb6radN41Ji6SiOwiegvnu6O+/l0O1iXp+MmcEPPQC7zc9tc8v/FBvsFhXuQB9tYHYfijK9WmP3qXjm1fY1Pz88CPgef5ywN1JDr/dU6F6WH+/pXd/N1zLTzydXj7Lqo8vVUdv3iB7wXnVOnmuni/FKwCDL3xPzj98F9yMFL8PNH5Gn/1o48B+J//UPybrhf4+0922LfdioWrhaoomce+SH7r7oXVpZaJ07gOVVEF6RRO7WrybQeWCUsVmmmi62YxcfH5ccI11wxflOuiT4xDes5CRq6DNj0FM0m4VvWvinHLAAAgAElEQVSq66JNxfBcOIWevr3hKhQDpdkKSUM3sOyl6vBA07VywOa6Lu5V1ZbL0Q0dy7LQdZ1CIU86nWZ0dIyh4RFaNqzHMAwMw2DNmtVs3rSRy5e7y9PSFx23q1BXtQ+wLQvbs3D8pmFgzel9WnAc8rn8vMrQe5Gm6yjlFitmufI+jI6O0dPbNy9QvlommyMWm1zwDFzXXVAdq5QqVdZe2WaaJl6Pd9kKU6dUyTtramqaC51d5Jd5XwH6B65vQbNrmx+Xzlnaasl9VpIshCWEEEIIIYS4Fc12EEiSvWrmW2wiR30oiKcJuKUFpa5PrOtcMbgqLW4VbdtF9JrT8ZOQi9z+wd3DvtFcBwwTu2oxpbfbh/nyxhaavw4sE4omEqU3/+tNNACDE1cV8Rw6ztAzLXNCWPFptiLhqgKyrTvIb96x9LT9OdyGNThVi3ZpAEoLYiWmIT1bmanAKSw/BtdFn0lidZ6bF4xqjoM5OojZc5HCtt1gLDE+10VNxrBOH8PsPIN2m8M/pRTZbJZEqWdmIOAnXFW55P5ej5eKigo0DZIzM0xNx8t9PK8lGAgQjUTQdYNUKs10PM7I2BgXL12mbffO8lTw2lWr2L9vDxcvXebc+QtL9t3M5nIkZ2bI5fKlyk2NiooKopEItm3PmxIfDlcRnFNFmc1mmZqeJr3ElPZ7STqdIZFM4hQcZuenDwwN8fOXXmZoaJilIkrXccjmchQKy39NQzFwHRsbn7evz+djy+aNnDx1el7P1VmO4xCLTeC6qhwyTsfj/OwXLzE6OrbkuABGRkZvqd/qvLj09mWn11zQCharXpUFrYQQQgghhBA3IAdLzRe17TDwCU6H773Isd7ZlgP39nT8u0YySfcSL4UiDwCH+fszD/LDA1v5zkOU2gI8yKZgko72uWFqkuRSjXODER6B624NcLfb9Ny3+ZO5vWXtFh751mMc/Yc3GQLqn/gjts/J9UMbn+X73wry4k8mOPjcfvjwBd6v/yZfjpzl5f/3TTo+8Tu4PVYkXHVtD7mNW2FOX8mr6ZPjaDOlf5b8weICVItQSqGnU9gXzqCnUsVKvlQSY6gPNxKFq3uhlqY069kM9rlT2OdPzgtGNcCIT+P96DBZj5dc0wY0r6d4nmKjUshkMWKjmKeP4jl5FCM+fauP5JqUUiSTM/T1D5DL5QmHw7RsWM/R9uOkUvODR8MwqK2tYc3qBgoFh+HhEYZHRohErt1H1mPbNK5ZzZrVDeRyOQaHhhgfjzE1Nc2p02do27WTnTu2FashvR7adu0klUrj9/u4dLmbRDxBwXHQdR3btqmqrEDTdEZGRpmYnCQYDKBpGuGqKra2bubM2XN09/SilGJVTQ2tWzYTjYSL7R6UYmxsnJ7evgX3eK9RrstMKkV3Ty87d2wr90QNV1Xh9XoZGhlhejpebgWgaRoejwePx0MymaSiInTdFaKXunuITUwQCoUwDA3LMnnogfu50NFJ+4lTzMzMlENUr9eL67qcu3CBJx5/BMsqTp2vqAgRDAZoP3GSRCI5b1y2VWzzMDMzc12B7zWfzTWrRlcgdb2OFTKlclUIIYQQQghxS2wIsvhiUrncnQk2Y13DRLc1ESTIJxrufhoFg6xl8eAzMVuJ+qNeBg/sZ9NzP+CHzwEkr1qUCiBIsBk4tOA0kJz41ASrAM11dXP6qRaFNj7Lf/mvXyCLzcIJzTbRaB31T+7n4MYIbCwu1AURnmp7k45PSd/VFQpXvThVkaXjkmwW+9wpSBXDVS0xCfncgrYASim0fA6z8yzWqaNorgOahjGTxD7+EbloLe6q2ivVp6VwVEtMY50/g+eDtzAmxhdcXi/kMS+eQyvk0LbuQtWupuD3o7kORiKBPjqEOdiL1XUePRm/XcV2CySSSc5f6GBgcJA1qxvYu6eN8xc6OdZ+vDwtX9d1aqqr2du2m6bGNUxMTHD23HlGx8bL4aqua9i2hc/vg8kr/7halsX69es4+Ln91NWuYmx8nLPnLjA2XqyEvNDZxaHD7xONRlizejW6rhGJhHnkoQeor6/jQkcnwyMjZDIZDN2gqqqS2tpVXO7uYWBwiAsdXdTVrsLj8eDz+bhv7x5yuRztx09RKORp3bKZ+z93gFCoGPCl0mnOnD3Hpcvd5PLLT0+/F+TzBdpPnGTXju1UhCqwbYuGhnp+78vPUFe7isvdvcQTcVDg9XpoaKjH0A1+99bb8xbVupbe3j7aT5xkVU0NwWCxR++G9ev4w699lcY1q+ntGyCXy+Hzeamvq+PUmbOcPHWGrouX2LVjO7quU1VZyVd/71nq6+qKoXkiSaFQwOv1UF9XRzhcxa9efZ2h4eHb8KRuQwlrZD3bm0M3VbkqC1oJIYQQQgghrqUnlySKjScCzPkZIhqxsUmS+ARaAnzyPjvtBF7sGeZgXZDoQ8wLRR9pqyPEMKdLLQG+8b39NAx/xJ9+f4mp/T/qZfBAXbnSteyh3dQHYfDMjbUEeHsiyfM3dMQn6zevHOfgf9pPw9U/jNs2i5dbJun44Dhrt20FcsSGJ8jaERoiEaLbdrFp6AQdtyOG+IStSLiquQWMdIoFk9RdFxwX+0w7nhMfoZeq5cxLnVidZ8lv3AqWDZqGchXaTAK78yyew29gxkbLp9EdB8/5U2i6QaF1B86qhmL7gWwGMzaGebkTs/MM5vjokhGOkcuiXzyPMTKIW1GF6/WDctFnEujJBFo6hX6N1gMrLZvNcqGji3fefY9nv/RFWjdv4g//4Ks01NfR3dNLJpslGgmzc/s2Hnn4QQA+PtrOhx8fnTet3jRNNra08KUvPM2p02eZnp7Gsm0a1zRw39697Nu7m0wmy4cfH+XIsfZy1ejExCRvHXoX27b5/FOP09S4BtM0qaysYG/bLra1biadzpAvFNBLVZEej83HR9v5l//vZ7zz7mHq6lbRunkTlmXRUF/PF59+ivv27sVxHKKRMJWVFRiGQTab5fTps7z1zmH6BwbLC3nd6zo6u/jtm29RVVVJU+MabMtix/atNDc1MjU9zcxMCk2jWPVbVUk8nuTi5cv09Fz/f4njiQSv/vo31NfWsnfPbjweD7ZtsXfPbtata2Zycpp8IY/X46WyIsQvX36FH/34J/z8ly8TCgZZt7YZwzDY2rqZxsbVTE5OMZNKUSgU8Ng2kUgEyzS5dLmb0bGxW2oLMN/SoaoCtMVenrMg1nIe/uNv8PzG4u/LlqpQXWy7LGglhBBCCCGEKE6tt+cs0NRINGRDInllsajei8TsXUSbN9A8UVpEKrKB+pBNLjG86KJSK6rUY5Wr+qtGW+oI2jmSQ3234aKTZLNNt7To1T3jR3/L+80/4OBz3+Ubh0qLWj30Tb68MUii87Uri1xd04/5qw+b+OGBr/GXXz9cWtTqAb7zTAuhZBcvz/Ztna2Affh5OPTj4j5/8wXqrz5dT5LEgWv3fL1jun7MC78I8s2HbU6/08vaJx9kU+SqpDU5zPuvvAsHHqc5+Ttie/4DB+uAZBevf/8F3m75Bt//P3bTcOA/8O/59pyFwO5dKxKuGpk09vnTpFc3o/kDoOvFHqbxKezOc3je+x1G7MoK9PrEOJ5Dv0GbjOHUNqBME2NiHHOgB7vrPMbwwIKep2Y6hXb6GOZgLyocRZkW5POYkzGMqRhk0tesjdNcFyM+hRGfKvedvBMTh2dngyulGI/FePOtd/D5fDx4/+fYsW0ra1Y3MDY2Ti6fJxQMUlMdJZvL8dahd/n162/Q29dfntYNxRCpvq6Wzz/1BPft3UMqlcIwTaqjEaKRCMmZGQ6//yG/fv239PUPzBmHYmhomNd/+waJRIIHHzjIppYNVFVVYhgGgUCAwJwQVCmF67pUVISwbZv24yfx+Xxks1k2bWwhGAhQURGiouJKkbjrukxOTnH67Dlee/23nDp9hmw2Ww5XFera0+PVdewzb4zz91fXON5V7vWNY875ZqVSaQ69+z6GYfD4ow/TsmE9AX+AqqpKwuGq8r6zbRFsy6Zu1SoGBgYXPd9Szl/o5Cc//QXZXI6d27eV36Oa6mqqo1f6F7uuYm1zE6Zh8MGHH+OxbZ584lFaN28mGAxQEQpRWVGx4Jr5fIGmxjUYhrGC4SrMC1gXzVqvbLyNLVqFEEIIIYQQoizWdY5Y0wb2RHexZ/bHqcQEx7rmB5Y9XSegZVdxEanStiuB7O0VTU5wrDfHprYIzW27aC6/kiTWfvG2hbs9XRN4ytcszf67Tde6/YJzpvNfMfhhMdB78fvfhu/9gIP/ODtV/cprs178/kc0/+N+fviP+68695z2AD/6W/6U7/LDAz/ghwdKLy+odp0NYWfPVTz+9MNXrg3AoRd4ue2veX72XMtVzd4hsUP/xF/NVvse+je+8b0fFMNTAIZ5/89LYfWhYmHTwa/vZlOwhWiwjr3P3YcdbCIKZCd66bntv6X4ZKxQ5aqL58wxXL8Pp6kFZdkYM3HMixewOs9ijg7NC01018W61IkxMY5TEUaZBsb0NEZ8Ci27dEhqZDMYQ/2oof5igFu69o1SmobSDZRpoTkFNNcttiC4CUop4vEEJ0+doaqqksvd3Yv2rSw4BYaGhjl67DhjY+NMTk4VtxcKXOru4RcvvUxfXz/btxfD1XC4CiiGd6fOnKX9xElOnDxNT08v+Xx+/rkLDj29fVy8dJm6ulVEo1F0XSOVStN18QinTp/lyLF2+voHFozNdV0GBof4zRtvculyN1tbt9DSsp7V9fUEg0Fs20LTNHK5HIlkktHRMc6dv8Dg0BATk5O88+5hRkZG2bVzOxtbNlBbu4qA3w/ATCrFyMgo585f4PiJU3R0dZFIFFtDZHM5evv6OdZ+AtuyALjQ0UlyZmbe+MbGxzlx6jSVFRWlz2NMTEzOC5fj8QTnzl0gNVNcyCyXyzEwOESy1HYBpdB1HYXicncP2Wx2zv0runt6OXrsOH6fD4DLPT0kk8l5AeTwyAjtJ04Srqoq39vU1BSO4zA6NsZv33iLvr4Bdu7YRsuG9dTUVBPw+zENA8d1SWcyTE5O0tc3QE9fH5lMlouXLmPbNlZpEbiOzi4ymStjmyufz3PkWDvxeJw9bbvYvGkjdXW1VIRCWKaJ47rMzKQYHRuj/fhJ8oU8qVSaN956h/7BQXbv3EHLhvXU19cRDAQwTRPHcchms0xOTjEwNERH18V5z/V2WKkA9Z3//iITN9kWQAghhBBCCCFmF4i6lp6uE8sGmbGuc4tUePbR0d63zOfLHVt6bWISmFz0uHkWXY9iko4zC/uxXn0vi9/bYmNdfM2Laz2bO+pHf8ufXkdF5Ivf//YyVaoP8J2/2Q8ffnvBub7xvR9w8Jlv8sihF4o9Va/neovtc2jh9d/+h7+4p/q0JhJJsnVBPEB2YnhBGP/+j16g++t/wX85EGHTQ3/EJgAmOP3ffsCLXZ/4cG8Lbd/9j15fud41KMANhXCroijdRM+kMKYmIJu5ZphyI4GL0jRcywZFKRh1rvtYV9NR4Qj5pnU41bUUfAH0fL5YNTvYizk8gF7IX/tEV/H5fNTVrsKyLOLxBCOjowsqA3VdJxIJUx2NksvlGB+PzVvpXdM0/D4f0VK1qT/gR0MjnU4zMTnJ6Ng4qVRq3nn37tnNf/6P/zstG9bz1juH+PFPfophGISCQXRdI53OMDE5xXgstuDYxei6jt/vJ1xVSTgcJhgM4LFtNE0jm8uRTCaZmoozNT1NMpksVzgahkFFRYjqaJRwuGpeuDo5OcXo2Pi8/WePqa6OUlVRgVYKylOpFGPjsXktD8LhKqKRCGYpgMzn84yOjZVDWoCA3091dRRfKRxVrktscpJUKlV8ln5/OWibnJoiFpsoh8zFnrZRKiqK7QsA0ukMo2Nj88ZRVVVJNBLBKgXBrusyNDw8bxyGYRAKBYlGIlRVVeL3+bAsC8dxSaVTJBJJJicnmZyaxnEc6uvqCPh95fuPJxKMjY0vCM+vFgoFiYTDhMNVhIJBbNumUHCYSc0wOTnF+HiM6Xh83vsaDASIRMJEImGCgQCWZZHPF8jlckzH40xOTjE1PU0mk1n22tcyk0ygadq8P8x+TOljmPN3+X+48un1T/NfjixoJYQQQgghhBDipj30Tf7uuTqGFixgVQpXg138+M9fuKeC0Dsl+tCf8J3fb4Ge43TbW9keGuY3/+0FXr7D4eobr/4SgPb2m1tZq62tDVihylUohiJGIoGRSFx3WOoaBsowQYGezy57jGtaOJEo+TXrKNTUgWFgzcTRh4ew+i6jp5LLHA2Ox0N+3UZybQdwGppRgRCuZaI5Cj2dpDA6jHXhFJ5Tx9AT0zdw55BOp7ncvfzva1zXZXw8xvj44r+XUkoxk0oxk0rR1z+AXgrcXNe9rmnj+XyBsbFxYhMT6LqOpmk3PL3bdV2SySTJZJL+gcHyeWbHt9RYHMdhcnKKyckpdF2fN/alKiEdx2FkZJSRkdFFX581e97lzKRSzPSmFn0tlRpYdPss13UZGR1jZHRs2f2mpqaZmlr+68JxnPJ+s89O1/Xyc7v6WfQPLD+2pSQSSRKJJL19/eXnPfusF3t/XNclnkgQTyTo6e2bd8xi47otZM6/EEIIIYQQQoh7yaEJEs+1zOmTWvTIt/6ag3Uw+KEEq9crduif+N6ha+93r1qxcNWxPWi2B2WakJrByC0+vRnA8fgorG7CaWik4A9gFPIYw/2Yl7owMwtDsoLXT2HLdnI79+LUNuAEK9A0HSefRZuMUTh/Cu9H72LEFw/hXI+PfOtOMg88TmF1M5ptX6mcA5xgEBWO4karcT0+fEcO33DAupKUUjfV93I2WFuJsOxmx7BcoPpZMvsMVrZ/6Xyz79GNXONmjhFCCCGEEEIIIT57fsxf/Rn85YKeq8O8/2d/cQOLXolPu1sOV13DJN/YTKF1N044ArYXY2QQ6+QRrMFetKsq6ZxINZmDj5Ffvxk3HEGZFo7joCWmsI59CB++g5m+0nfT8XjJth0gf/+jODUNYBrlakpXBSBUiVsZRtN0PG//ekGo6xoGubUbyDzyNM6ateUp2HNpmlYcx6oG3PseQJuJ4z3yPvpN9mEVQgghhBBCCCGEEPe6H/NXf3Z3LSgl7j63FK46Hg+51l3kDjyEU9+Ea3vQDJ3C2hbykWpCr/0MI3ZlurUbqWHmsS9Q2LEXFQiVF6VylUIFQ6gDNsb4CObpYwAoTSe3dgO5B57Ara0v7z+PbqAqw+S2taFfOI3Re2ney8oXIL99L05D0+LHz9I0MAxUuJr8tj1YFzvQY8tPWRdCCCGEEEIIIYQQQnx2LZM2Lk9pGrnte8g+/gyF9ZtRoQo0jwdMCxWqoNC6g8LajeX9XcMkfd+D5HfuQwUr5gedpQVv3HANhS07cI1i5usEAuTbDiwdrJYWy1G6gVsVRtU1zB+jbuBGV5Fv2QLm9eXIyjRxV9XhRKtv/KEIIRZaomXwiqykJ4QQQgghhBBCCHEH3XTlaqFuNdmHn6ZQ14hmLDLV3usnu7oR+5iGphROXQO53fshEFp8NXBNA0MnV12L17LRXAdnVR2F9VuWrziluE6OMm0KlRGUppVbEShdpxCOoiqrrvu+NE0D2wJ/6LqPuVOmp+OcPnuOyclJLl6+TKFQuNNDEuIaZGUrIYQQQgghhBBCfHrcVLiqNI3c5u04dWsWDVaBYljqlv5WCmfNOtxIZPFg9cqZQbnFelpNx62MXH8wqhz0XHZ+j1cNlNdT7Kl6nfcGxSHg3P1BZf/AID/56c/x2DaJRJKZ1MLFwIS4+0ngKoQQQgghhBBCiHvTzYWrhonTvGHZqfZaPocxMQaOg9J1crV1YFjLn9h1McZH0bM5FOB6faAb1x4PCiObxRgbvup8CiOZQBXyYHuu484ApdBnkphzesXerTKZDAMDg3d6GELcPMlVhRBCCCGEEEIIcQ+7qZ6rqlSNuhx3YhxPd2dxmr2mgauWrlpVCuW6aNksdscZdKeAhsKMT6EV8tcYjEIrFGB4AKO/e95LmuugjY9hjl3nwlRKoaVTGJ1nZTErIW7GNf5dEEIIIYQQQgghhPg0ualw1XAKaJMTS76u5bL4Th5FHy1WkmquiznUh5bLLn2M62BevIDZc6m4wXXRRoZQYyPLjkUphT49iaf9A6xkcv45lcKYimGcPgrpmWvel3IKMNCL99RRtGzmmvsLIYQQQgghhBBCCCE+u24qXMV1sbrOos0kF7yk5bIYZ45jfXwYfU7VqdF7GaO/Z+G5lAKngHm5E//br2ImpornAaz4FJ4j70Jq4XUAlOuiT8aw3/0t9vnT4DoLbzCbwXPyKJ5jHy4dsCoF2SzGxQsE3nkNa6hPZioLsQJutI5VgVS/CiGEEEIIIYQQ4p5xUz1XAczuLryH3yBz/+MofwCtkMediOE7eQTzyGGsq3qW2uOj8OYrJC0LrbYBZVqAQkskMM6dJPD+mxiDvfMXpMpm8B55HwybzP4H0KsiV47LZrC6u7A/ehf7wim0TGbRtgOaUpgTY/Dmq2ixEQq7DlCoqQWvD1CQycL4MJ6Os3hPfIQ+PLhoSCuEEEIIIYQQQgghhBBz3XS4aqRT2Id/hz7YixOqQM/lscaG0UaH0NNptKtq1jTlYnaeIzA1iWpoxLUtNFdhxsbQRgYwkgk0151/jKZhzCTxvfc7PN0dFKKryscZiWm0kUHMqclihexS/VwptSWYimF8eIhC5zncmjqcQADNVejZDMbYMHpsFD2TRVPukucRQgghhBBCCCGEEEKIWTcdrmqAkYyjnzsJml6sOHVdtGWqPo18Dn2oH8aGUYBCoTkumuMsmY1qGhjZNHrPJcy+bpSmoZRCUwpdueBeXxiqKYWWSWMN9aNGh0thrAJVWvjqOs8jhBBCCCGEEEIIIYQQcAvhKhQDVq1QuLFjlAv53PyeptfR4FRzHXCdW+6FqimFNqcXrBBihSm1aCW5QqFJN2MhhBBCCCGEEEJ8itzcglZCCCGEEEIIIYQQQgjxGSfhqhBCCCGEEEIIIYQQQtwECVeFEEIIIYQQQgghhBDiJki4KoQQQgghhBBCCCGEEDdBwlUhhBBCCCGEEEIIIYS4CRKuCiGEEEIIIYQQQgghxE2QcFUIIYQQQgghhBBCCCFugoSrQgghhBBCCCGEEEIIcRPM2oY1d3oMQohPif/zP/9HDNPEMk0sy8IwTUzDxDAMdMPANA10XccwDDQ0NK34B+3Kx1f/ARZ8PPfvqz9ebpsQQgghhBBCCCFEUWFFzmKODPavyImEEEIIIYQQQgghhBDis0TaAgghhBBCCCGEEEIIIcRNkHBVCCGEEEIIIYQQQgghboKEq0IIIYQQQgghhBBCCHETJFwVQgghhBBCCCGEEEKImyDhqhBCCCGEEEIIIYQQQtwECVfF/8/evYdFXef9H3/hcAgDK5VSsCA0RDdvMFPTRNy2o6kpmGWtoW1Ze+fW5SF/GrlmRrolene6d0M3ZF0PmZIpZWlZCEnqmrB6C5IguIImShuwEij6+2MGmIEZDgM4gz4f18XVMPP5fr7v+TLS5cvP9/0BAAAAAAAAYAfCVQAAAAAAAACwA+EqAAAAAAAAANiBcBUAAAAAAAAA7NBm4arBYGirqQG0AH82AQAAAAAAWodra0/YsWNHzY+erY6enrrpxh6tPT2AFjqaf0y/lP+iBa//SeXlvzi6HAAAAAAAgHar1cPV+S+9qB3fpOiL7V+19tQAWskD992t+S/N1px5rzq6FAAAAAAAgHarVdsCGAwGeXbsSLAKOLmtX3ypq6++mhYBAAAAAAAALdCq4WpVVZX8aQUAtAs33dhDVVVVji4DAAAAAACg3WqzDa0AAAAAAAAA4HJGuAoAAAAAAAAAdiBcBQAAAAAAAAA7EK4CAAAAAAAAgB0IVwEAAAAAAADADoSrAAAAAAAAAGAHV0cXAKBpDB06qGvXLvLrfoNuuL6rrrvmGrm6GlRRUalTp8+o8MRJFZ48pdKy/zi6VAAAAAAAgCsCK1eBdqBjR0/1DuqpO24PVc+b/dX52mtU/ssv+vfPJaq6UKUbfLrq1r7Buj20n/xv9JObm5ujS4Yk6bS2PH+7Bg68XQOf36LT9s6y5Q/GOQb+QVvsneQyxbUBAAAAADgSK1cBJ9e1S2cF39JT117jJVeDQceOF6j4p59VWlamqvNVcnd3l7f31ep2vY+uu6aTfhV8i2643kffZxzU+fPnHV0+AAAAAADAZYtwFXBiHT091f0GH3Xtcp3Onz+vg5nZOnmqSOXlv+icKTjt4OKiM8VuOlP8b93o111+3W9Ql+uukV/3G5T/rwIHv4MWOrhMQ6eut/6al7+CfAN067h7FDH01+rt63FpawMAAAAAAFc8wtVmum7IoxoTXKbU+CTlOLoYXNZcDQb5dO2sHr7dVFlZqZyjx5Sbf0znzlmuRq26eFFVFRWqqKxURUWlLly4IP8bfXVLYICKTp/R2fJfHPQO2lhZvrKz85X9p2Qlyl1dhkzTmzGPqZ+3owsDAAAAAABXCqcMV3ve/6SGdTd7ojRXmzd8o58cVhFw6XXq5K1uN/jIzc1NhSd+VN6x4/WCVXMXL15USWmp/nW8UNd08la3633U/YbrlZN37BJW3XYeWb5b0/tJLi4ukiSXyjIVZn+jdSveU2LaGZ1JW6onx+xTzOpY3evr4GIBAAAAAMAVwck2tOqmO8Y/qWFeudoc/4ESTF+pZYEaM36ErnN0ecAldO01nXTtNdfo7NlynfjxlCoqK5t0XNl/zqrgxElJUg+/7o2Mbsc8vOXbb7RmvPW5PnkrQv6SVJas6OdjdaDC0cUBAAAAAIArgXOFq71uV2/vszq8w3KVas7nHyiBlau4wri5ucnD3U2V587pp3+XNPm4ynPn9PPPpTpfdV7du13fhhU6j65DX9Lbfxwid0nKX6sFa463KrMAACAASURBVA87uqT6undRyzsWBMi3ayvUAgAAAAAAWoUTtgXoqGs6SypuZFjnEYp8KFBepm/Lsj7TxrSTta/3GqWoMPNg6ZRFn9TrhjyqMdf8nxL2dKmZ52TKB/riiCT1031TBqqbjWONuumO8SPV29vG+YEWcHFxkaGDiwwGgy5elM6ft90OoK6LFy+q8tw5VVae19UdO7Zhlc7Fd/R8zdl+v15Nk/KXb9S+x6I1wNoeVxWFOpycpsRtG7VvX7byyyTJS/63DVVk1DRFDPWV7a2xSpW3a4viEjYq7ft8GQ/1121DIhU1dbSGBjQQn7p7m+Y9rQNbEpSQsEXJ+WWmc9+rqBl/0Ojejcev7qY6Dm+L0/KEbUrLPqNKuavLrSM0amKUou7t3YQQ97QObFmrtUnf1LwPL/8gDRgyUVFRo9WvsQDX7mt4QLEDp2idhuiPW9/R6K5S6eEvFLc8TknJ+SqTl+55c4NeH2FZgHFMgranZetMpeTlP0BDIqdqxsQBjb5TAAAAAADaknOFq0fydTLsenULe1L3qTrotKLXKEWFeenwJx/ou2LJGIaOVKRMAWevUYoKk1LjPzAFosYgdNj9/ZTz+YHaebx+pci7TmpH/Ae1q2KrQ9sTe5VgGnvdkEc1xuLY6zVsyggd/uQDJRRXb3I1QnccXmeqB2i5qqoLunjxojp0cJFcmn6cMZjtIIOhgy5cuNB2BTqdrhoRca9eTdsmVSZq275ZGjDUPOI7rX0rFyh6eZrO1OuwUKb877dp6ffbtPHReK2e2c9KOFiobbMeU3RyWZ1D8/X99qX6fvtSeYXP1+qY0fK1lc4WfqEFLy5QUrZ5AWXK/z5Rr/52n7I/WKOZ/WxHu5JUmrdFC6IX1ZmjUmcOblNC9DatXTtNH/xlsnrbmKYib6OipyxS/beRreT8BUpeF6vwOSsVExlg5Rq09BpWy9OZM1Lh9zP1eHSyakvx1YAA82C1UN8smKXopGxZXLH8fdq+9Bltjxug5yK72DwLAAAAAABtzbnaAuiAvojfq5OSuoU9qagpTypySLc6Y/rpvrDrVZb1jVmQeUBfpJySl1+wsS/rkSQlWKw0Panv0k9J3f3V03wq7zKlW7Qb6KY77gqUV2muNpuFsD+lrasJWo1OKTW+Nkj9Ke3/dFId5de7bq2AfS5evKgLphWoFy9caNYK1A4dOsizo6eu7uipn0tK27BK5+N9a7iGmB4nfZ9d59UzOpCUpjOVXrrt0fn64JOvlbr3H9q79x/au2O1/jjKX5KUv+4ZLd1Xv2lr3saXTMGqvyLe2lx7bOpmfTBnlILcpS63BtkOVg/GasrD0dqme/XHv39uOv5bbf37XA0x9jPQuui1arihwVq98PACJRX203NvbdAOUw2pWzco5tEguUuqPPiunly6S1bbzhZu0YuPm4JV/1Ga80Ht+0j9JF5zRvlLKlPy4sf04pZCKxO07BrWOqH8pFg9H52mgKi39dGO6msZr8iA6jEVOhD7B71oClb9R83X37d+axy391t98sFcjfI9oPcStjV4xQAAAAAAaEtOFq5KxoD1AyXEf6bDpZJX8EhFTXlS9/UyvdzLX910VgWH69yCX1ymMm8vdbZ4sp/um2IMaY0tArzkYznAUudg+XlLZQVZ9HeFw50t/0Xl5b/I29urWb1TPa+6Std37aJz587reOEV1qqiq69xYytJldmFOm3xYm9NjHlbf9n6jd6fOVr9fL1rV1Z699bo+a/rue6SVKnEjWmyjKUP65uEg5Kk7s+9rrnmt717+Kpf5Cta/fnXip/c23ZtBw8qb8h8fbT6FY3u3dV0vIe69o5UzPxw45gTcdp+wPYUkuQ/KkaffP2+Jg8NqLn936NrgO6dGa+3HzVuYFaZuEj1287maWP0AqVVSuo+UX9Z/Yoi+9W+Dw/ffoqcv0YfPOovqVJpr76kjXl152jJNbSUtG6jfP+4QfHThqqmm4JHbTJdsStWz67LN77nR+O1ev5o9e5aU618+0Vq/uoNirnnMt60DQAAAADg9JyrLYCFk/puwwf6rrr/adgo9TxSvRq1o3o/9KTqxxhn5dNZyimu7Zl6MuUDJRxRTSuBpigrusICKTil02eKdU0nL/W62V9dr7tW13TybnQlqsFgUJfO1+pGv+46X1WlwhM/XqJqnUUXBd0m6XtJqnffujx6D5XtLp29NSSiu95774S0fZ+yXx9hNrZSZ04YH3l721ia6u3dcK/ToBmKXzJavtYOvXWEblOyvlelsvNOy3bT0yGKeu4+q3NIHhowdZrC10UrWSeUmHZYk3vX/pas2LdGSw9KkrvumTHVej9aeajftJmKSHxeiZUHtXTtPo2aO8Di9n77r2Ed4fMVM9r6O5EKlbQ80fgT7D5R86fZajHgq9uGBEjbT9isCAAAAACAhvTv379FxzvhytW6jLf8W646PWvsdxpf98t4q37P+weqm04pNb6Bvq0N8PLh9n44XkVFhYp/+rfOni2Xr283DbwtRNdd08nmeDc3V/n38FXwLT11/vx5Hc3/l04XX2lrsN3VQKPPRnXpUn1Pep4KLZa9BqifaXFp9tJYWb1jvtHJvWXzn3e6dFGArdeaw7ufwm8zPjyRlq3aMiu0b5sprNQojRrSQAzsMUD3jjJum1WZ+IUavLvfCtvXsI7uvrbD6NP7lHzQNCxilBppQwsAAAAAgMM48cpVG47k62TYQGN/07QGVpieyDfrudpExVkqKA1Ub79gXaeTtAaAQ3l5Xa2unTvLy+tqubu56fquXdTvV8E6dbpYRUWndbb8F1VVVcnV1SBvby/d4NNVvt1uUMeOV+nfP5cq52i+qqqqHP02LrEyVZ5p6tgKFR7ep33f79PBfWk6mFeo7PwyG2O9de+M+UpKW6C0yjS9+tBQrbtnmqKiRii8t29L8lwjD2+5t3QOSZKvfINkXLn7fbbOSKZVrnnKTjMNGTJAQQ0W7CH/AQOkxDRJacrOk4ba7HbQnGvYdBXZB1Rdbni/BlotAAAAAADgYE4UrnbTHeNHqre38Vb+2hWnxg2sdGKvaQOpA/oixV9RYSN1X5HZuM4jdEfnb/TdEan457NSsL966oAxYO01ytRz9WwjNRg3vuodFqi7hmRpY3V422uU7lOSXatgAXtc3dFTPQNukv+Nfrq6o6d++aVCJaVl6tqls669ppO6+XTRufNVunjxolxcXHTVVe7yuvpqVVVVKTfvmIrO/FslpS0PudqfUuVV72Pl5W019CzN26WkuDjFbT+oZl0h39F6+yN3LYpepMSDZcrevlTR25dKXrfqnqlTNXWUWe9QB7Ie0ta2NZC/r2w1HajWtXuApDRJJ3SmfncF+69hE5XWFDtAQbRUBQAAAAA4MScKV6XDOz7Q4d6PakzYk4oKq32+LOszJZivUj2SpITiEYp8yHzcWZVl9ZOOHNBPad/osN9IDZvypIZJ0om9SvikTJEPNeF2/5q5RyoquPrJUzqZNULXHfmmNd4m0CAvr6sV6H+jbva/UZ28vVT2n7PKO3ZcP546reuu7SSfrl109dVXy93NVR0MBlVVVemXXyp0+kyxfjx1Wid+PKX/nC139NtwjMI8VWer3YO617ntvEKHVz6jJ987aLo93l1dbh2hURGjFN4vSAFdvFX6zSw99GqabPK9T3Pj79M0U7iYkHxQZ8oOavvS57X93SBFvf2+pg1wgoS1zbTCNWwWd1tpMQAAAAAATsGJwtWT+qlYUto6JTTl7+XF32hjvK2ws3ozLEsb42sf/9TQeRqa2+pxB/RFfCNbfANN0NHTUzff1KMmWD1bXq5jxwv0Q06eSkpLdarotIr//bO8rr5abq6uMhg66HxVlcrLf1FJaZl+LinR+fNXWiuAWqUHvzHuZSV3hQ+wvJ289JsFNaGg/6j5ipkxWr3r5KBNbS/qHTBUE18fqokq1eEtsXp1cZKyK7OV8OxL8v/kHdncp6nNndaJfNPD7l3Mckl3deku6YSk/EKdVr8GV6+ePpFXPYm6mIWbrXkNG+LhXT1pmrJPSI0utQUAAAAAwEHawYZWwJWho6enbukZoN639NQ1nbz1n7Plyv+XMVgtLSuTi4uLzp0/r8ITPyr7SK4OHf5BBw4d1qGsH3Q0/186U/zTFR2sSnnatjbZ+NB9lEYEmb92Wt8kbjOutrx1rpbMrx8K2sdbvUe/otUfzdcQSVKalm873BoT26ciW/tqeqsGmW2SFaCgIaaH+w7qRL0DLZ04sK96EgXVTNJW17A+7+5Bqu4GkJ/X0K5YAAAAAAA4FuEq4CQCA27ULT0D1NHzKlVUVCr/2HH9kJOnn0tKrY6/ePGiLl68eImrdF6FW2K11LTD/K0zHtMAi4arJ2o2dLotYohZ6NhKfIfoHlN4ecJak9JLpDQtSUmSJHdF3DvArOeshwbcG2FcyVq5UUm7GlhfWrFLSYmmm/4j7jO7jm18Dc0F9NMQ04rZtO1pIl4FAAAAADgrwlXASfTtfYs83D1UUVmpI0fzdPhIrv79c4mjy2oXCre9oudfTTOuqvSfpjmR9aM/D1NYdzD7jNU5Sg9v1KuLbfUKqdCBjWu0z1bKV3FC2aY76bt3acsmofu0PTnP+q33pfsUt9S0stR/qiIs02V5DHhMM26VpEolLn1XB6xOUqED78bKmK366+mIARabgrXsGjaDxwBFPG1au5q2SMtthcGFW1rnfAAAAAAA2IlwFXAS1WFq5uEjOvxDrkrL/uPokpxaRelp5e3boqXP/loPRScpX5L8I/TWXyard73RQRoyypgMVq57RQu2HFb1euCK03natfIZjfntIu1z97K6f1Lhlll6dvFSPfvACD2zcpfyTteGfRWnD2vL4le07oQk3aqoe+ufvfVUKm3xeN3/zErtyjttClkrVHhgoxZMecZUg78enT/RyjUIUGTMfOOK0Py1evLxV7TxQGFNUFtReEAbFzymJ9flS3LXkD++o8kWk7TsGjZX78iZuse41FaJLzymBVsO63RtsTqw8RU9/vAC7WPHKwAAAACAAznRhlbAlS3jYKYyDmY6ugyn9eHTg/WhzVfdFTRqrmLmjFaAh7XXPTRg2hJF7Hteifn5Snr1cSW9Wuf4R9/WWxPP6NWHFqjuWkjfEVM1bXu23k07o+/fe14Pv2ftHP4a9ebrimzLzawiYvRB0DY9v/hdvfDwu/Vfdw/So2++rZn9rF4EyXe03lxdqegpi5Scn6TFTyZpcb1BXgqfs1Ix9Xblatk1bDbvEZq/eq4qpyxScpm18xk31VodJS19uBXOBwAAAACAHQhXAbRP7l0UFHCrbh0XoYn33amAxjZX8h6qufGrNSAuTgnb05R9plLy8tdtQyI1dVqkBvh6SDogf6l+UOfdTxPf/kIRhQe0be1KrUvbp+z8MkmSl3+QBgyZqKio0erXxrvau3v7ql9krL4OP6AtCSuVkJSs/DLJvUuQhtwTpaen3tfoJlMeAZFa8nW4DmxZq7VJ3yjt+3yVNfV9tOQa2sEjIFJLNg/QrqQ4JWzcpe/zyyR5yT98tKKiojS6X1ep9Bt5tcK5AAAAAACwh8vtQ0e06o44n3y0Wg89/HhrTgmgDbTFn9VFr70qg6ur3Fxd5ebmJoOrq1wNrjIYDOpgMMjV1aAOHTrIYDDIRS5ycTF+yaX2cd0vSfUem/+37uOGngMAAAAAAJAkN5fzrTIPPVcBAAAAAAAAwA6EqwAAAAAAAABgB8JVAAAAAAAAALAD4SoAAAAAAAAA2KFVw1WDwaCjecdac0oAbeRo3jEZDAZHlwEAAAAAANButWq4WlVVpYqKX/TAvXe35rQAWtnI++9ReXm5qqqqHF0KAAAAAABAu+Xa2hO+8tqf9Mfo2Rp5/z266cYerT09gBbKyz+ms+XlWvDaYkeXAgAAAAAA0K61erha/ssvmjvvVRkMBlbFAU6IP5sAAAAAAACto802tCK8AZwTfzYBAAAAAABaR5uFqwAAAAAAAABwOSNcBQAAAAAAAAA7EK4CAAAAAAAAgB0IVwEAAAAAAADADoSrAAAAAAAAAGAHwlUAAAAAAAAAsAPhKgAAAAAAAADYgXAVAAAAAAAAAOxAuAoAAAAAAAAAdnD9x6+/rvnm9q9/7cBSAAAAAAAAAKD9YOUqAAAAAAAAANiBcBUAAAAAAAAA7EC4CgAAAAAAAAB2IFwFAAAAAAAAADsQrgIAAAAAAACAHQhXAQAAAAAAAMAOhKsAAAAAAAAAYAfCVQAAAAAAAACwA+EqAAAAAAAAANiBcBUAAAAAAAAA7OB6qU845LcL9fTIm+TdKrNVqvC7OL3w9t5WmQ0AAAAAAAAAmurShqv952nO74fJtxWnDPCfozf/L1IvftWKkwIAAAAAAABAIy5tuHpL59oVqxWVqmjRZO7y8DD+17tLC+sCAAAAAAAAgGa65G0BjMq07y+j9ez6FkwxYZl2vBDaSu0FAAAAAAAAAKB5HBSuXpnmrd6h0Z3TFfvADH1oc9RsrU+9X12+f1e/eT7xElbXNI+8vVkzbyvWlmGTtdDRxQCSLl68aPHf6scuLi6OKgkAAAAAANhg/vf16sft+e/wV3y4agwLveo8W6Z9b43R7z9ySEkAmujixYu6cOGCqqqqdOHCBV28eLEmZG3Pv5gBAAAAALicubi4yMXFRR06dJCrq6s6dOjQbv8ef8WHq0bHLFZiPvL2Zs18YYe+CnPO1aMAVBOqni6p0J92eeibf3mp8KxH7YB2+ksZAAAAAIArgV/HCo24sVzzhpfrmqs95Orq2i4D1g6OLsAZffj8GMV+Xybv26Zp/UuOrgZAXRcvXlRVVZWSj1Tq/nXXaM3hay2DVQAAAAAA4NQKznpo9eFrdf/aTtqTX6mqqiqLln/tBStXbfjw+VRFpt6vgF/NlvSG8cmHl+ori0206rcPqNtmoNRq71RjX9UA03d5n92lCa/Xr2He6h0a7V/93TErfU4j9Oet0zSgpiAr7QwarXm21qcO05m3xqhwrOl8pbV9YS1qKE3Xlh/q1wlcahcuXND58+f1da6LTpQTqgIAAAAA0F7llV2lrT+U6Ta/c3JxcZHBYHB0Sc1CuGrTGzqQf78COnfTI5I+fHipvnqhl7LfuqsmmJy3eodGP7lUj3xk2qDqpZWaeZu0r2bMbK1Pnaw/P5xYG2Z6h2pm6jFtGXaXJlTPMXKl5r1uGZx63zZN/T67S4Mel6pD1NGpK6WagNUUrCpdscNqz7/nhR1af4sprG1KzZIkLwU9uVldUqrPZzbW3yzUfXipvnrBS1Jxa15ooFmq+6qeO3dObp7XKuVp6QYvqUtH6TrP2nHt8E4CAAAAAACuGD+VS2fOSqf+I23c76lz50rl5ubW7jappi1AA7LPlEnenRUkSR/N0G+GWa4KXbgpXaXevTTiYeP3j3TrLJUe0Tc1Y97QhDrHqDRdsWYrUBduSlepblK/Ou0HSr9/12w1a6J+/4HluEfenqwB3se05QGzkPT1ydqSLwWELdUjTay5xg8rLVfPvrRSo/2lvM/MQt+PZiju+7KGLxrQxmo2sTp/XjEPuGvoTVKvLpbBKgAAAAAAcG7XeRr/Pj/0JmnePR66YLZZdXtCuNpsEfrz1h3ak7pDe14Ilbe81OUW4ysfphxRqXeoZqau1LzWPu1HJ3VGUpduEZIiNOIWL6m0WNl1hi38v2NSvfDUds22PNKts6RjOmClXQHgaBcvXtSFixfU6Sp+hQEAAAAA0N5d29FVVRfaZ89VkokGBHUxDzCrA8ppCvrhXQ0adpcGvZWuUvMDPpqh3wz7XHm6SaNTjWFm622IdURnSiXvLr1qnyo+aXZrv7nq8LQJNdtg+d4B51LdGgAAAAAAAFwe2uvf9R3Uc9VLQRMS9NHYFkzh3tlsk6a2MFv9/CXlGwNM4234VjaMqucNTRhm3ADL2E91h9bL+oZVzdNLXbyl0h+O1D5V3Q+23tgynfmhOTXbUN0SAXAi7fEXLQAAAAAAuDxd2nD1TKUqJHlL8u5+U+uFo5WtNVGtR94epgCVad+mN2qftOin2riFj3+ufqn3m27lT2xZQS/1VYCkvJPGeb75YbIG3FY//Jz3q5uk0nRjnWHNr7mm9v87ptH+neX7sCR7glkAAAAAAACgmdrboqpL2xbgq6Va/uUxlVZUqsLmV51jGhxbprydK7VgU+uW+cjbmzXzNi+Vfr+yZsXnhyeLLXuZPrxUX70QahEQz1u9Q1+9HVH7xEt9FaAyZac0P1j1vm2y/lzTN3W21o+8Scr/vGYF7IfPr9S+0ps0eqtp8yqpdhOqFOMmV02p2abXDylPXhrwpNn8Dy/V1Nu8mv1egLbQ3n7ZAgAAAAAA29rr3/MvcVuAH5U4P6rBNZyPvrNFM80CvIofVmrYM2vbuC5jj9TRNd8f05ZhY7TQfMjrk7XlVzs0+oUd2vOCpNJ0xQ77XJGp95sGzJb+73OdGTlNe1Kn1RyW99lddtySX6Z9b62UnjSdS5LyP9egx81W0SpRv39A+vPWaZqZukMza44zO1+jNTfkDU0YdsRy/tJ0xX52TDNHNvf9AAAAAAAAAJcfF0XXxsK3f/3rS19Bt9Ga8ftQdZEkeSkobJACPMxerzimXSlHVCZJKta+P7+nxJOXvkwAjVv02qsyuLrKzdVVbm5uMri6ytXgKoPBoA4Gg1xdDerQoYMMBoNc5CIXF+OXXGof1/2SZPH4woULOnfunMrKShXcK6Dm9bqsPQcAAAAAAJxT1pE8eXt3MuYJBkObn8/N5XyrzOOgDa1q3fr7xzTx7m62B3jcpKF331Tz7W1eR5Q484tLUBkAAAAAAAAA2ObwcPXgn+O0snKYfN2bMrpY+/5MsAoAAAAAAADA8Rwerurk13ov5mtHVwEAAAAAAAAAzdLB0QUAAAAAAAAAQHtEuAoAAAAAAAAAdiBcBQAAAAAAAAA7EK4CAAAAAAAAgB0IVwEAAAAAAADADoSrANBMJTsXaeKYmdpy3NGVAAAAAAAARyJcBYBmydTq+au0O2urXoxLUYWjywFsSV+kwKC+Wpju6EIAAAAA4PJFuAoAzVDy6Xt6s8BXw8P+S5Xr3tOGHEdXhFZjCiMDYzIcXQkAAAAAoJ0gXAWAJsvU6nd2SGHP6c3/naHH3P+phQmtvXo1QwuD+hpDvuqv332sIvMhRR9rctBUbSiyNYf9ihKn1j/f5aax65ebe3m/fwAAAABAqyFcBYAmKtm+Qm/luuuxqSPl4zFIU6JbefVq0ceaHDRROYuTlZt9yPS1VlNSojX4cg88nUHoXOM1/+s4+Ti6FgAAAABAu+Dq6AIAwBlVlJSoqCBLx3OPamdmpnJ2/lM5BVmqDJmvZwd7SJJ6Rjynx2Ke0cJJEVoTeLPuCA1Rn0HB6ul3s3r28FEnj+adc39ctHaGxWh3hHm0F6J52Yc0r/XeGq4UfsEa7ugaAAAAAOAyx8pVAKijZPtLCrn9Dg1/aLIem75Af4nbqhxJPR98Sm+9OlY9qgd6hOnZ/52j8aGSSvZqddxizX5qsiIfCFdov0e1+nhzzlqknFxJKVlq6LD9MX0VeGe0dipVs+/sW6dHaJE2/K6RlgLVc8RkyLwFweTEb7QwqK8Gz0mVUqI12PS87c2QmnYuo/qtDiznrT/X5MQ6M1X3Q7X1utmt/kWJU22eq8HrV/SxJteZu7ZNQp0arb5XK9ckqG+T+rjuj2nk/cvWz63IxhyLtL+B8zV0jRo9V52fxWXfRgIAAAAAGuB6+9e/dnQNAOBUOvUIVk93KbPTWP3lk9d1bwP3iPcY/oReG/5Ezfcl6cs1ecIypQeGqG+z7i330fg/TNLslFWKDJI2Zs9Vfyuj+kcfUu6DixQ44aje+DZO42vOUaQNvwvX7MC1yv1riOm5DC0MmqjBMYHKjQ6xnCj3PU0OulkvmK+KjTikUTF9FZkbo90N3hrfjHOlL1LghFVS1Nra59MXKfCdj/XsX8fJp+hjTb7TtGI323TOoo81+c4V2h9hvAb7Y/oqMmGY3vj2kOn9ZmhhULgmK1krLVb5GgPT4YuTlZttfH5/TF9FTugrrT+keaENXb8GpERrcJDx/Lk156/7Xk3XRLXvoyhxqgbPUSPnMR2XMsnsZ258f4GfWvk5WPu52ZxjonZK6mnzfHHGsUUfa/KdfbXQdI0aPJfp5znFbOz+mL56MXFYnZ8FAAAAAGdXVZSlr/YV6qynr+4YFqxuhppXVHxon3bmlekqvxDdE9JFhoYmusKxchUA6urzhBI/mq7Qkk16dtIifVfStMMqcj7U879dpvTACYpfNVf9m9kWQKFzlbt+kqRVimx05WhdPhr/10N1QtQQPbt4mJTwWf1VjCk36wUbAW7rnatIG95ZJYXFaLf52NC5NX1N98dFa6cmaaN5iOgzTiurayv6WG8lSFPWmweUIZq3fpJ2zllR730NX2wZuPaPXqspkuI/bXjlaMOG1QlIQzQqSpYbX6Wv0OwUacofat+HT0SM3ghLVVJKA+s601dodsowvfGt+c/C+P6UEq2/1P35W/u5VZ97vZU5mnI+n3F6c/Ewxb9TZwWqlXMV5R6VNEmjzELY/tGHCFYBAACAdig/p1BlF6QL/ynUd6lZOlklmQerFySdLTiqow6u09kRrgKAFR59ntbaT+Zr+PFVemxC4wFrRc6HeuahBdrZY5LWrH9F4fZmTdWbKn0bo+GS4ic0N2SVxW3bg+ek2llIK5yrKFVJKdLwB4fZWAWboaQESVEjbYa8RSlbtbNOmCfJ1E/0qHIavR/dFIRaC5hbqpEWDlKhMlManmL/p6uksAfqf15CRzY5FN7/6SrVDTybez6fwJub8H4kn7AHNFyrFGlqwQAAAACg/Qr8rz7q7m58bAxYD+mIWbAquarrr36lXg6ssT1gQysAsMGj5yN6rBYSNQAAIABJREFU/xPpmYcW6LEJftr++RN1brE2KflKL5uC1Y2f2LFi1RqfcVqZPc50y3a04ics0qjGVppW34Kv2lvoq29Nb3VNOVdBlnZKmhJoI2kuylWOpOF9fG2e5nhmqqRURQatsvLqMI2y+w20stCn9EbYKs2ubncgqSjxPcVrmN4Is5W0m/rsWuWrPmEyrY4NabBFQ06upLDg2l7AjY1NidbgoGgrr1tZ6VqXzzitzB5mbC1wZ1/NlixbPgAAAACQJFUVZeu7nDJVNWm0q27o/Sv1vu4S33zfsbuGDJXSdmXqRKV04T8n9c//1NbU9VcDNdzf89LW1A4RrgJAAzx6jtWUiAXamestm5mph7s8KqXBU59onWDVnM84vbl4qwbPMa7S7G8zZcvQwrq9TdtME8/V2G71PoHqKSmngSE9+gyTdLPNHrSNa0742BKmnrkTzIPLSY3U7aOegZKsBqymVa9RgQ0Eq2ZzJBhXnTZprBrrqdsYY1uI8ZIpZJ+oQBGwAgAAAOaO/HBcP/676eOLD59U7zv82q4gW0wB67e7MvVjZfWTrrquD8FqU9EWAAAaVKDj6ZL6+NkO5zz81CdY2p1Z0KIzFRU15z7rVFmczrQKdMqDrRBwNXZ7eFPPZQpP6/XyrGFcnWmtd2rNFKbb0JOa0xbBgjGkrN+aoM71a7EMLZxw1LjpVXb1V+OBcP8HJ0kpW5Vc9wKlf6Z4Ne3naQygm9IioYHz2St0rjbW7T8LAAAAQFe5Ni9yu8qrUxtV0pgqFef9S0WV5s+d18/H8k09WNEYwlUAaEhFgTKzpMF9TP+CWJKr5PejFHJrhF5MzJSxFaufeoRKyixotGelTemLNPjOcAUGLbIMGos+1otzUqWo52o3VDKtCM3JNYuzqoNMsx6dxtv0m9dztUlBXZPPVbsx0+AYs96h6YsUGJMhyUfjF8cYe3j+ziyALfpYk6u/9xmnF6Kk+Al1e3xmaENi/SJ3zok2G1ekDb+bqHhN0gvmGy5Zu34tVZSrHHsC29Cn9EZYqmbfaf5zN60MDovRs03oo+oT8ZymKFWz55iH2KY5mnQ+SUUfa0MTAuz9MX1NP7va8yQlSApsbIUtAAAAcGXxHzRCESPvavLX/bd6O6BKy82rJFd5mO5xt9zkCg2hLQAANOR4ofZLuqOr9N3KmVq4ZKsyK70VGChtnBOpjTED9eKy+bojMFhaZ1zxadft56FzlZv9lDb8Lrxef9Ep6w9ppXnI5jNOK9dnKXBCuALnSNW3n8/7NkY5d05UYIJx2PDFycpdv0KBE5pehk9EnDZm9lVkg/00Q5p+rtC5yv02WJPNxkrSlKiR2i+pv884rcwO1MKgiRZ9QIdHxeh4keTjY9yNPvfBRQqsrqlmzFqFy8ci1Bu++DlpTl8FVm8kFRaj3dl1boG3cf3saztQd86+iq/3YkPzG2+x7xnT1+LnPnxxsnIjmhpXhmhe9lrJ4hpO0kbTc9bOF544VYOD+po9P0zDFwdqfGhDK2UzpAfXasoEy58lPVcBAACA9uk/OfvrbF41UMN9/m3Wg7VQ3+1y1YiwXrrWwbU6M5fbh4646OgiAFweFr32qgyurnJzdZWbm5sMrq5yNbjKYDCog8EgV1eDOnToIIPBIBe5yMXF+CWX2sd1vyRZPL5w4YLOnTunsrJSBfcKqHm9LmvP2aNi5yvq89R603fu6jNyhuZFP6E7fKSSzM/0VswCxe8pNb0+UG/sSND4tm3uCWtMG39pcbJWNjmUbO3zZ+mFeiFqkXHzpxb3OQUAAACA1lWUkaqUgkrV27zq7ImagFXu1+uOu2+V7W2IW0/WkTx5e3cy5gmGtt/cy83lfKvMQ1sAAGiIh4e85a6uYdO1Zsduffo/xmBVkjr1Gal5f9+t9E9iFBnsLrl7yKO1N7RCu7A/Llo7o0ZaWZ1avYkUAAAAADgXn5ABGuDXVTf9V53Nqzp215ChfXTTDd00YOilCVbbM9oCAEADPAbPVcaBGWooNe3UZ5ze3DxOr1U0OAyXsR59hklzJmrhg4c0z6yFw/6YvopMkKasZ9UqAAAAAGfjKf+Q/5K/tZc6dtftA7pf6oLaJacKV6/qOVSj7hokf2+3Zh5ZriOfvqtPDrdJWQCudE1MTAlWr1w+EXHKDVxUv+eqtZ6vAAAAAIDLhtOEq1fd/ozmTOyjTnYe33l4f31yeH/jAwEAlx+fcVqZPc6xNYTOVW72XMfWAAAAAAC4pJyk5+pQPTnW/mAVAAAAAAAAAC415whXb+2j6z0bHwag+TwCx2vGomWa/+xw3eToYgAAAAAAAC4jzhGuurqquV1WL19jNWPJMr32VGjjQ4FGeASO13NP3yk/N6lTr/t1X4ijKwIAAAAAALh8OE3P1Xp+3KP3Nu6x/br//XrywV5qmwWvoXp6YZSCzScvz9Tf5sUpo8lzjNWMJYNUuuolLW/6QUCrMQ9WJakk62P9jc8iAAAAAABAq3HecLVTL419yM/2667ebVN8yFS9NqmPPAuSNXPZJtOTxrD1ieljzZ5rbJ7r1VlSaVvUCDSifrC6RotX7FWFY8sCAAAAAAC4rDhvuOoQoXp6fN1gVZLStXxeusOqAprFZyzBKgAAAAAAwCXgvOHquWLl5/9o+3XvXrr+hk6te84xdyvYs1xZO5qwOnXMLMUON19ZW6DkWUu0WVLIU6/rCVNPgeBJyxQ7SSrPStDLK9JrV8bWHFeurKa0Dqh7nNU2BWM1Y0m46q/3beI5AAAAAAAAADSZ84arnXpp6NBel/SUY3r6SSrQj42FkGNmKXa4lDxrujZLqm4bED59rDYv26SMFS9p5phZih3e2TLUDJmq1yYFKH/V9JrnxkxfpvDxUxWS0UA/V1OwqqwEzVyRXnPcE0tm1QS6NcFqzapbU99YNbdXLNq9ok16b7lr7UZWwY9pzlNi9SoAAAAAAEAr6+DoApxOeYnyGxuzeYlm1oSakpSu5XsLJL9eGtPQcRlxenmW5QrSzTsyVe4ZoEE2d3GvbVXw8ora1gSblyWrQH4a9FSo8YkxveQn81W3ppoanBuXq4rcDXpv+bcqOGf83hiwDpSHY8sCAAAAAAC4rDjvytV2oe5t+OW6IURqfJmoaVVpbW8AefvbOC5kkPw9pfLSvDovbNKRgnCF+w9SiNIbOGVx4ytxcVkyBqwyW8E6Tk+E7KU9BAAAAAAAQCth5Wpdnp3k3+igsZqxZJlil4RLO6dr5qzpmrmzoAmTh+rphcsUuyRK/vkJxuNWZaq8CUcWn7KxoVZ1vZu/VFa5p4LvGlt7roF+UsERsxW2uNKYr2AtOfK5viBYBQAAAAAAaDWsXDWzOadA4X6dG119OmZ6uPzMNrBqqpCnJhg3zLJjc6nO14dKshKw1rQxSNee/AkKDg43hr6SVNN/FVeyitwNWjp3g6PLAAAAAAAAuOw4Ybharh8LinW+SWM91dmvszxVrvy9+1t+6s1HVDA83Lj6M6ORULKxFaH5JSpX5/rPl+dpT3OC1Yw9yh/fR8HeAbIMV8eql59UnrXHmAOHTNXDwVKW2WZZAAAAAAAAANqOk4Wr53Rk06v635Sm3CgvSeM0MzZcfirWjzbumm+eTVq66nq9NilcsdNltuqzukeqcbVqfmm5FGzcvGqzJI2ZpdjhfpL5Df4Zp1Q8qY/8B4ZKGemmp4qlYOMGUxkZkkKm6rVJfeSphqRr+YZBem1SuF57Kq9mU6ua1bMrWuWNAwAAAAAAAGgm5whXS8tVLslTbro+uL+8U3ap1FG1ZMTp5QxjmFpze70klWfqb7PijKtEV6xX1sIohS9ZpnDJePv9qhK9NinAbKJNWrqzl2KHRyl2SZTx+HlLlNxzmcInLVPspOo5k/Ub8/NUb1QVHKUZY9K1dLOpJk3Va5NMc9Wtx1T3RwNf1xPVc5ujPQAAAAAAAADQ6lxuHzrioqOLkII1KfpZ9bdyF33TnFPBzjcV+8mp1iyqfRkzS7EDS/S3eXGW7WJNq2OLd043BrVAG1r02qsyuLrKzdVVbm5uMri6ytXgKoPBoA4Gg1xdDerQoYMMBoNc5CIXF+OXXGof1/2SZPH4woULOnfunMrKShXcK6Dm9bqsPQcAAAAAAJxT1pE8eXt3MuYJBkObn8/NpWlNSRvjHCtXlaVVq77UdVPvVkDD98jb4Cbv626QdOWGq2N6+knFRxrahwu47OTl5UkiXAUAAAAAAI7hJOGqpGNJevvlZPnePkhD/Zu7hLVYWZ8eaJOy2gtjH9hBejpkk9mGVmM1Y1IfeZZn6itWreIyFBDAylUAAAAAAC4HWUfyHF2CXZwnXJUklarwH19pwz8cXUf7k7HiJf3tqfo9V8uzEjSTTa8AAAAAAACAVudk4SpaImPFS5rp6CIAAAAAAACAK0QHRxcAAAAAAAAAAO0R4SoAAAAAAAAA2IFwFQAAAAAAAADsQLgKAAAAAAAAAHYgXAUAAAAAAAAAOxCuAgAAAAAAAIAdCFcBAAAAAAAAwA6EqwAAAAAAAABgB8JVAAAAAAAAALAD4SoAAAAAAAAA2IFwFQAAAAAAAADsQLgKAAAAAAAAAHYgXAUAAAAAAAAAOxCuAgAAAAAAAIAdCFcBAAAAAAAAwA6EqwAAAAAAAABgB8JVAAAAAAAAALAD4SoAAAAAAAAA2IFwFQAAAAAAAADsQLgKAAAAAAAAAHYgXAUAAAAAAAAAO7g68uT+Yb/TQwM7y83suXOFyYpbt0e/OKwqAAAAAAAAAGicQ8PV0IH9FOBX50m/cN23bo8+cUhFAAAAAAAAANA0Dg1X07Py1P96P3lKktzk5iZJneV3Vy/1zLdvzvJTR1RY2molAgAAAAAAAIBVDg1X8z/7H73ymembqx7W/4u5UzfIU70enKZe9k5akKwZSz9upQoBAAAAAAAAwDrn2dDqlyydKmn5NOWlBS2fpMXGasaSZXrtqVBHFwLII3C8ZixapvnPDtdNji4GAAAAAADgMuLQlauWDij/p3Pq18mt8aENKD61p8WVjJm+TOHmvWDLM/W3eXHKaPHMwKXlEThezz19p/zcJPW6X/eF7NRyPsgAAAAAAACtwonCVengqVKN8u/cghmKVZDWkgpC9fTCKAUrU3+bVRumjpm+TE8snErAinbFIliVVJL1sf7GBxgAAAAAAKDVOFW4eurIjyof2Nm0wZUdyn9UzqkWFDDmbgV7litrlWWIunnZdG1uwbTApVY/WF2jxSv2qsKxZQEAYIcMLQyaqHhJ0iRtzJ6r/g6uCAAAAKjmVOGqDharRLI7XD136oj2trgIT3n7Sw0vUTWtcDUrtDwrQS+vSG9k7rGasSRcNR0HCpI1c9mm2pdDpuq1SX1q3z/tCGAPn7EEqwAAAICjZC5X2EPLVCBJYTHa/ddx8nF0TQCANuM8G1pJLd7UqvTUgZadf/MRFUjyG75MM8bYGmQMVv3zEzRz1nTj184CeQZP0NMhDcwdMlWvLQmXdpqOmZWgrM7hip0+1jRgrGZM6iNl1c6bXNxHD7MpFgAAsMPxxCgFBvU1fv0xpfF/ZKtI0cvV44NeUXIT/lXuu5i+NedYuLs1qgaAy0DXrurp6BoAAJeMc4Wrpk2t7FOuU1kt6QkgSZu0dFZyTcAau2SZXqsXbqZr+bzplqtUN3+prHJP+Q+0FYSG6unxfeRZkKylNf0F0rV8Q6bK/XppjCSFXK/OKlf+3tp5Ny+b3oTVsEAdRZv03vJvVWD6o9Qp+DHNeWqgPBxbFQDgEusRGCL36m9SspTT2AGZqdpQ880m7cxs7IACHa8ZM0yhgXYUictCUeJUU8g+VRuKHF0NnEOGFlb/Y00M9+EBAC5vThauGje1ssu5H3WkVXLITVpavbK0XPIMjlLsEusrWUOeel2xS5YpdomxRYCnd4D1KUMGyd9TKsjZZPl8xikVq7NuCJGUsUf55Z4KntTQqlmgaSpyNxCwAsCVLjBE91Y/LtirnEZCr5zMvaqs+a5S23Y3kq5W5Cp9j+mx30D15J7XK1ZJxWlHlwBnU1FCSyoAwBXDuXquynJTq4Jd72pTUwPT8h8bX5HRLOlaPi9dNX1Sh8/SmM1LtFnGUPWJYE9jT9RZccqo7sHayIx+w5cpdnj95wv8JWUYzzdm+jKFV4+r25MVaAZjwKqa/qudgsfpiZC9Ws7iAQC4MnS6WYODpaQsSdqjzAJptM0AtEj7v8yyeKZgT5aKnulju09gbpaSqx+HBXML7BWsJDer8UG4spSc1nFH1wAAwCXidOGq/nFKxRP7yE9S5+BxGuvfhGPK8/RF/EdtVNAmLd3ZS7HDTStMNVUPB3s2cQMrSwU7p5u1BbBu87Lp2ixJY2Ypdni4YqeLgBV2Mw9YvfM/1xcEqwBwBQlUz8GSsiSpUvtzC6RQP+tDK7KUniJJ7ho1cpiSPtshpaRqf8k43dvJ+iElx7OMm7VIGhwayN0RAAAAuCI5XVsA6YBOFRsfeXb2k59fE756DdJdQy9ljZa9URuVsUf55ZJfz7GNj622eYmSCyR1vl4N7ZMFNKYid4OWzp2uBX/ZqWOOLgYAcEn1DB1W83h3ZoHtgTX9Vn+jUZPD1EeS9JV259o+JCfjK9Mjd/UPtBHa4gpQpOMNfE5whSo4qu8cXYOzCAy0fQcAAOCy4Hzh6lWW3547d66Br+pR5yU1ZYlrQ0L19MJlVvqrjtWM4X5SwR7j7dQZp1Qs882rTC0BPBuau3rzqvA6G2SN1dPV34+ZpdiFU82C1LHq5SeV5+8Riw0BAIA9fAIHqib23H3UZgulQ7u/MvZbHTRMfUNv1h2SGu67WqSczOoOrb9hM6srHL01UV+FWQ/nK5BPIK1SAOAK4nRtAXo/+oT6d679vnjvm/rTxlNWRvbSpOhpprGeCngwSpPyX9WqFjRe3bNhuvYMfF1P1OmNWp6VoJk1LQCq2wREKXZJlKRyZa2aruS7lim85ohNOlIQrvDgKM0Yk25sBZARp5czxmrGkurjTHMXSCFKl7+OKLk4XE8sWVZ74oJks/MCAAA0Ux/jplbxkpS1Rzklj6hnvdv8i3RoT6EkyT00UD3kq9AwSSlSQUqWjj/TRz3qTXxUmSmmh8GDrMxZR0mmtsSt0Jqde7U/67QqJbl3DVb43Y/osagHFN7oBM1VoePpn2nNyk1K3pOhzNOVktzVNXiY7p34hF6YOKiRlWS2jg/RHcPHakrUOPVvdClakTb8LlyzUySNfEfp//MbdZJqr8WXqdqdW1o7b8Rzmje5bl1F2p+4Qn9ZuVXJpuvmHThQ4Y9aG9uAVr/+Rdr2/57RW5mnlWOazyhVs+/sq9kWY4fpjW/jNN5qsSXK2blV8es+1He7s5RbKkneCgweqDsmPqIpD4Y1/tmypmKPXh4wWWsqJem/tHDHOj1e/0NcT87aCN0z39g/9p5l3+n9B62dvBU+G0Ufa/Kd0dopSZqkjdlz1b+h4YlTNXhOqiRp+OJkrYyof4LaMRMUf+AVhXtIUpG+W7lYb60zfda8b1bk4pV6856mr6OsOJ6hLQnLFZ+yV5nGH5DxM3i3lfea/jc9+MdNqiio/lmaJExUYEKdiaPWKjfaxv15JblK/vRvWrN2r77LOirjx+Jm9Rk8UI89+oRGDw9UYx+LFl+PS/47CwDQnjlduBrc2fJ/VJ06+0myFq766zpv8+895eltZViTpSsjQ1LGS5rZ2NDNSzSzbu/UDFOv1Oohyyy/N9qkpbOs90/N2LxJ0iYrxwAAANjr5pqgVMpQToFUL5Uo+ad2moLS8YOCJXmo5yBfKaVQ2pOqQyXj1KPuMTlmt/wOvrmBFVol2r/yD5r8+l6V1nml8nSWtq9boO3rFqlP1DtaGR3WKrfOVuR8rJenL9DGrLrr5ip1OmuH1szfoTVL7tLC9bF6vKeVTrHHP9OL//2SjeP3Kilrr5LiFjSv5tISVahEhxIX6/k5m2R5F71p3tcna1viU1r70Qz195BK0v+mZ363WLvrXLjSXOPYpHWTtPGTuerfYLPbtrv+JaezlNmCfaxsvT+pVLlZO5Q7f4fWzPfWPQtW6s2JfRoN0yx4DNJjf/DVmthCSf/UmpRcPT6xseXVufpubfUbekCRYVbO2BafjVZXqKISSRVf6cWn/qCN5h+20qPy8GjqlazQofejFBH7z3orUEtz9yopbq+S4hZr8Etxen9yiOnnU6DMrJZsbmb786rSo8r88qjmfble87zv0sK/v67H+zTlvTT3elz631kAgPbP6doCfLEzUyU135XoyN79NkbuUlpO7UiVHNEeFnkCAACY8TEGpZKkQu3OLao/JHePtkmSBio00JjU9exT3at1q6x1BqgoyFT108NDb7Zx7gJt+e97FGktKLFQqcyEZzQxJqPFt5cX7XxFDz4QbSX8qqN0h+Y9MFUb6mxnXpG+VA/eP6vx4001h/3u46btiJ6yVS//9z0aVS9YrTNr1go9vyRF+9dOU9gEa8GjmdxVmhiT0sA1u/TXv6mOf9qE9ydJKtX2+ZGKiNlj9veDpun74NOqbsaVGfeVDjV2QM5eranOBR8dq/A6mVubfTZa3WlVFGRoYd0gUZL5n/HGFH36B6vBqqVS7X59osL+mNLsn099Tf28yvjn96GJWri7KWdtzvVw3j8zAADn5nTh6i//eF+xcR8redcWrf3TIsXbDEzLtXf5Ir23IVm7Pl2jxX/6q8hWAQAALNUGpdLO9MJ6r9f0W3UPUU/TrdMefQapukPStvT66WpOZqrpka8GB1pfu3Xo/al64UtTROEerMgFK7X92/3KzT5k/DqQrO0rpmuw6c6j3ISZeiO9BVFFzod65qn1teGle7BGvfS+xTkzd6zVwnHBcpcUGDVDo81vFS/6TM/8doVqWsm6BytywVrtPGCqN3u/0s2Ol6TKlGhNjNnThIAlVdtN1yLw7jlas2N/zZy7P4lRpNmiyoKEZxQ5f4fpVuiBenHVdmXW1L9Sz4a414ytXPehttnIl9r2+vto/F+rr8taTal5fpje+PZQ7TmyDyk327IlQEX6Uk2evqM2vPIeqBdXJGm32XXevfV9vTio9pa03ITJej6xgQ3ZrOnxgKbcbXpc8J42NvIXhZw9H9b8g8Fjdw+SRQTZpp+N1palhb+NUnyu5B48VgvX135+cg/EaXwT2iNImdqwJLUmWA0cF6Mki8/Odm1cPMn02RmmeVPDjCtXQ+fWjNm9uPb3jqLW1vlMHKrTEqBC+5eYfV4leQ+arvityWa1W35epaOKnzSr3j+QtOR6XPLfWQCAy4bThauSVHo4WZ9s/Ep7T5U3MrJcOWkfa8OOPTr1yyUpDQAAoF3xCAzR4OpvMnPrrKYr0KEUU+AaMVB9q5/2CdY9waYRn/6zzkZYRcrZUx3SDlNfa3dbH/9QL8ceNT4OnKD4rxP15sRB6uljFll5+Kjn8Ke19uv39Zi7JBUqPu4rO1fAFWj1nAW1/9AeOFZ/+TxRb08OszinR48QPf6nRKWsX6uV0SFmAVqFvnvnJe2stDz+zYkh6lEzyEOdTMd/uXhYTYhWkPCSPrC175eFmxW5bLu+/N8ndEfNpB7y6TNOb743X6F1RruHzdf2XQn6/WC/mjo9egzS7L+/Y7pekrRDu62FO5f8+jdVgTbErKgJwN1DpitpV4J+PzxQPmbX2adnmH7/9+1aE1W7KnrnnEX/n727D2ryzBf//7aoWf8gM7+OtDOG2dbgOAnTbcL0CB5X4LRC14q1iFrFVsFV0daqVbGtT7UuIlZRat0+iLpFbUVbRWvF9gi2Q2D3CJ5+IT0dknWatJ4hndnG8Y+4M2x0Z8/vj4SQZ5IQBPXzmmEGkvvhuq/7uq/c+XDdn4svoiqckqeLnnefp1t8Uhcu0OmVEmDk80zP8A6t3om2EV+3bt1iZGY5jed28IK+t/2giGzUKnYzrT2xbNUa3n17Jqk+bUdFWsEGar9t4PixrREGbMPoOktZtbu9MhL9utO0fbyU7JQkr7L3tNcaFnn6nBZe23GhzzYbUX3E/ZoZyWj3bIJZ2jFBlxBCCHHvGJLBVSGEEEIIESfJatJ6oj1tRizeESaHGUOb69esDI1XsFFNapZ7JXMbFp/owc+YWt2/pusIlra0s/6gO9A5hvVVb5EdLjGhMpNFm9yR3MZLXI4lume6wIfGnj/GsnznVp4OE/BJ0ut8J+myX+DDEz3RszEs2hZ+/eSC/RyY11OpP7P7QF9ByTEsOlbH7jxV8LdTJjBL0/vnyMxyGg/PDVq3KNLJLej9s+t64J7veP1HquMoZZ7zNJntVUtJDRnvUzJx037KPAMcv2ZXbXSRSkXGXFa7q/zWiQtcDhVd9UoJMLJgmm8e2wFvGwNAtYCa92cGmYguUl4VkKgkdEhWxcSMEG06Cu1HKnr/MZK5lXeXaUPvU5nOFu9/RjTu5ZO+mkUE9RH/a2Y0SX2l+RVCCHHPkOCqEEIIIcQ9bSz6nsej+Y4u76GrpjbOA6AhV+MbTUhNz3f/9iUG79GRXVba3bGmkXp1kICFiaYT7pGtmqU8re27hCnaCe7fLtERLilpCJ2Gk3geGs9ZwXJ9hCP03OxtX7pnbgc0S5mf0df6CrILV+AJK11opj3s08FqtGFzXapJyej9a2Le5DCBIAUp+gmevwwm/1QPd77+I9XeeLI3h+e8Bb5pGYJS82zxU56/AkdR90XLsyWPu3//lOONwcOcvSkBRvJCgW9KgIFvG/GXsXIhE6O7BHwlTWB6pvt3cwWrypvpGrBjMNJQ25vZdX7RtL6DwileKR/4mfN9NNq+62PoXjNCCCHuDsMHuwBCCCGEEGIgKUnJ0MAFM2DGZHPSMyTSYr3iWmTkBFJTfNdy5V39FAPQZLJCljviYDPTM3D1aV2Qyay8Hyk2byN3/LYoynorhhyVdjrbegOMWXkToptZHuisfcuvAAAgAElEQVTqaPH8PjJLQ0qYZT20Op4GPgI8QeuIVgwumliYItzSd7z+I2XHYuoNovmOlA5NqZtCBl+72pzZRFdv841Ics5csrZ+hwFoqLuEPW+m3wzvXikBVCuY5ZefYSi0jWgpGNn3QmElMXvbflqXrOS01TV5U9aRRNQ5z7Aoby7ZOVqvlAj9ZLfS6WkWk8nQRtQqSMuZAI2u/stksuFEHbI99VkfQ/aaEUIIcbeQkatCCCGEEPe4FHXvSMcmU88wKzudje6gUsHk3nyrPbzzrjabPblaPQFZNGSoow1jDrwUVbjnefs2UR1pfkQV2vSe381Y+5ziXHiL+Dwlq7za5s/Yo33GPmkKs3pGOTaf5KL/BEhdVzjdE1udF+Q68HJftY3kKez+9DS7PJN03cTa+Clb1swi6zcZFLy6ly9M8U54MJbkiJuFVx4N2/U7n3pBCCGE8CLBVSGEEEKIe51aR5b7V5vpZ3cg4kc6ml2vZemDjSL0yrvqydXqpMvkjkQxgZRgo/Gc3OGRXLf6vcN7auTZHa//SPX/PMXGe2Kr7zje7PsMd1fzGU+uzflZgc+DD826vEOUWma/XYf5v8/z0bbnyVUnut+4SceFQ6x+biI5r5/xzeMcraHQXge6DPEa5SuEEGLIkrQAQgghhBD3uqSxZKjAYAMajViYQprlRy4DMIYMbfDhYqnp+VD9KXCWVtNbZOttdPXMPJMZ4hFphVcsQbOVhnNzB/iJ6JE+wQuLzQ766Eavesc+LPbrQCTr2zC19fw+htFDJYByx+s/Ur7nyW53QCQJHLpsdHr+SEQZQz27Jrb6lN02MFVforNQ7R6haqOp7jvXQqq5ZAfJtXlPtY1YKdVkF75FduFbOO1WLte/x67KLzHdAuuZTeRdV9B8eFpENRPAu71yncibhbn3j7CTbkVZhrhdM0nMPtzJ7H5vRwghxN1ARq4KIYQQQtzz1KT2TFBzy0yXHezmS65JfEZOYWKICVxceVcBbtFutYHTRs/A1ZFadfBgSpKa1J4Uh+ZmOgf8ed0kUrS9ORUNreaoR6El6yd7frc1fof/k+NBmYxc9PwxmdShMjP4Ha//SPmep4vNkZ0nh/GSJ8cvmnRSYspE4TWxle0kTT2zy9vbaDC6lyiZEjQlwJ1oG33Vg3Pwx3Z6KJLUZBfvof4vNSxyH9et5o182BF+vZC82yuXMJgiahW0N17x/KXNGBt1nuWQZRhS14wQQoi7hQRXhRBCCCHued4zzLfQYQNLz0Q9OemhR2l55V1tNZhxdP1Mu/utoJNZAaAhq6AnUvE1+6qNAx4aSs3M752y5sR7nIpuSnmS0p/xpE3AeJCPOvoOdzXVvkfPHDhMyyRtyIxOvPP1H6m0nLme83TrxCG+sPe1hpUvar72/KXKezzmEYXJeQvJBeBnjhtc0VVHRwsGAB5nfmbwCOiAtA2F0isYeAVLuPbadYbNb14Js8AgUaazvKQn8HwLi7XPkxmCjtxCT6vgePUF+tyS5Us+auz5YwzT9f39z8bQvWaEEELcHSS4KoQQQghxH0hW6zyBLYu1GYt7OGBGlibMqC+vvKuNRjptJtdo17CTWSmYWLiCnnCHtbqIZXW2EMv2snfFGpxxP/btia98x5YVb9EUbnNdF/ig3iv3ZtI0Fs3rqZ2f+eiNirDrd9WtZNmJninOx7CoeHL/Rs7F1SDUvyey3UJHuJGH+rls0fUuu/mNk2HydTq4XL6SLcaevyezuiDEEOtIKKd4zrFt/1nacdLe/KXrPd1MspNDrDcQbUM5Bq2q5w8zp9us/ku4N3aJ9Us2YbgV/O0B42xm8xMFlBnCtQknFlOIcoNvPoVWM+Hix2nzNqDv+aN5G+trraGDm442ylZswzNQNnMFs/vRLFwG4JqxN1M2JwP1+AwKypv7DhgLIYS4q0lwVQghhBDifqCd4Mn/Z6g/RoMZYAxZvVGeoFLT812/3GrhoxPu/JShJrPy7Gshu0t6RrbewvBGLroXKzjVYcPhHTVx2rEYjrJqTgYZU9+jqc/hYldoDxql0fL7bQvwHIn1UxY9WcD6WiNdXjt02q00HShC91Qpu9ds5BPPthRkr9xBTxzZZ33P6k4cXUY+eb2AnDda6Il3jZy3ldf0Q2bYqsuA1X8wY9Hn9P51fEcFTZ5Kc2K3mLzqUM3sTUs8QaxbzdvInVTEBwYrdq96tlua+eDFXOYf+dGzXf22N5gdU1LPHq4Amgrg1knOG9poOOF6J6vwKULFVgembahJy+xNkdCxdSXr60y9deC001lfQcHUlZy2wsiRI4NsY6DYOPXySo7fNPPRkmx0c97iE79247RbaaosovjIz+5XxpKl8z05SeoJvdejuYKyWu/js9Fp8Xr2PiWfLd7tdet00l88SJPF3htkddqxGA5S+GQxH3liuo9TtnFmbLle/cX1mnFwsXIlHxlvAjfpOLKSfa0yFlYIIe5lw/5t0n/832AXQghxb6jY/gcShg9nxPDhjBgxgoThwxmeMJyEhAQeSEhg+PAEHnjgARISEhjGMIYNc/0wrPd3/x/A5/d//etf3L59m7///SaacY963vcX7DUhhLi/2Tj1Yi6vtXm/toDjVzcwMdxq9gsU/7bU/fi0W2YlrX1OYGPji5cLWN14M+ISZuxsoLbAP9hr5ZMZ09niNX8NRTVYN6X7LefEUruSvK29wa3wEsmtOs+BvN6jcHbspeDFQ5giHCk4MnMr9e/PJSVobNXOqcXZvNYMMJldf64OGxxsL09l1hHX71k7m6gpCL2wva6EjDfcaR2KarFu0gVZKl713zdHwzrSV3wZot7HsP7zRl7yGl3YVf8KeWu+JtKSqecdoPYPmXEIotn4ZE4uW4wwMjERbt7kFk+x77//yLN9DD2Ob9sATAfJea6KMGM/XdvRraFuk5L1z2/DROi24d0m+mo/felq2EjxirN9lq2HuqiW+k06v0mlTHwwdRa7Q21k2n463pniNao32vY6lvmHatieFfw4Y6uPeF0zRj54opDdXpvRb2ugrjD6a0sIIe435h9+IjFR6YonJCQM+P5GDPtnXLYjI1eFEEIIIe4LKlL0fiPgpqUHncTHh1feVc+W0sdGEOhS8ez7DZzf9hSJfS06UsOsnac5EDSwpya78HHfl0y2IBMLKUgprKb50AK0fQ30S5zA5k8bfAKrAAr9Wuq/qmSWpq8NjERbdIDmw2GCZ4MuXvXfN2XuWnbnhNrLzxhMvo9YJ+f9keZP3yCjz4IlkrvtNHVxCawCqMgucLWlWzdvuoLBOdPIjiCnQ9zbhnYh7657nNBbG4l2ZiWNny0lVTUyTscfmeTcHTT+uYb16X2doJFoZ+6nJiCwCqDl9zuXhL4WL7TR6fOCq72e3jih7/aa+BRln9eGDKzGLl7XzFhScrwPfCQpo/vcohBCiLuYBFeFEEIIIe4TKbopPn9HNsu2V95Vt2xtpBPIKEkt/CPG/2ng9M4lTE/XMNqzqUTUmqdYtLMWw7d17C7QhixLcuF+jq97CrU7PpF4/WbIHIZJWRuo/76J81VbmZ+j8awDiajTn2HzofN0fHuE3+tD7C15GrvPtWL4tJzl0yag9RR4JKM1E5heUs7pP3dQvyleAb+BFJ/675srKNVw6A2mp4/1BKYS1a76ei0zMACl1C+k9tvLNBwKcp40TzF/2wEa/ruVA4X9KVeg3omtXHLzosiXG9e2oSB12QmaPy1nUY7XeRk5Gm3OAvZ9bqD+7WmudAXK0WHSFgyQpHRe+riVji8PsNnnWCFRrSF33lY++tJA/dtTQpZNoV9L/Te17Cp6qnf9kaPR5jxP2aG5Qf6xoySt+AjG/z7PR9ueJ1fT25ZIHOte7zwd3/6RF7QDleU4HteMkqdL97NIlwgkoi/az2u5QycrsxBCiPiTtABCiLiRtABCCCGEGNq800w8w4f/vYenJe4lhBBCDAmSFkAIIYQQQgghhjLLFY735O+dlx9RSgAhhBBCiHAkuCqEEEIIIYS4DzhpOlKBCYCRzM9LD5IrVAghhBAiOhJcFUIIIYQQQtzznB17KTtxy/WHbgOLMiS0KoQQQoj+k+CqEEIIIYQQ4p7jdDrdv9jprNtIwYvHsAIwkvkr80kZxLIJIYQQ4t4xfLALIIQQQgghhBDxZWTfE4V8eCvwHXXREbZkyahVIYQQQsSHjFwVQgghhBBC3Fu6rLQHC6zO3E/NJp3kWhVCCCFE3MjIVSGEEEIIIcQ9xXn9JqgTwXoTSESdPpn5K9/g9xlJg100IYQQQtxjJLgqhBBCCCGEuKco9Aup/WrhYBdDCCGEEPcBSQsghBBCCCGEEEIIIYQQMRjaI1d/9RATJk1lgv5hRgHdv/w/rlz8C1d+6R7skgkhhBBCCCGEEEIIIe5zQza4mvjvi1n93G94cITXiyoV49Km8rv2z6j8uI1/DFrphBBCCCGEEEIIIYQQ97uhGVzVL2bd7N+g5DaOa+18/XUbtu5RqCZM5XcTVDyYNp9SHGz/2DzYJRVCCCGEEEIIIYQQQtynhmBw9SFmP+0KrNoMf2TP59c871gs/0PblTmsXvpbHk6byeyLFZz6ZRCLKoQQQgghhBBCCCGEuG8NvQmtHspB8zDgMHPeK7Da4x+Wz/hPSzfwMCmZo+548YS42yjUs1lbUcXW5Vn8erALI4QQQgghhBBCCHEPGXojV8ckMgrg5g3+GmKRjl9usFCjQvmgBmgfgELoWVpWhMY7dttt4uiWaozx2oWuhO0LlLSVVnIuXtsUwo9CPZsVS3+LagQwbiq/0xk4GLdGLIQQQgghhBBCCHF/G3rB1X/+k9vAqOHD+RUEnbTqoVGuqGd39834719XwvYFWkbZmlhXddb9oivYunBNvtdr/fSIEhl3KwaST2AVcJjPcFQCq0IIIYQQQgghhBBxM/SCq9//wC+3f4PyYS35v4YT/+u/gIbfpTwIdHPD8kOcd65n6Wz/wCpABwe3dMR5X0IMnMDA6nF2HrqCc3CLJYQQQgghhBBCCHFPGXrBVZq49H0249IeJH3RK/zy8WG+tnS73vrVOPJKikh7ELjxP9T/V5x3PSMHzahuzF/3MTp1Ril7sh7EfGyj1yPW7lQCN7wCsz2jYHsWcacWeGRNFdkq10vZlVVkAzbDGva68wPM8Hofv/cAdEt2sPCRnzi65RemVGaj8lnON6VBt/kImw/5BYb9yuW7TD5rK9O5eWwjf3vKXQ53uVmyg4VeuRKCblsMvqR8CawKIYQQQgghhBBC3AFDMLgKf/34CE0PvUK2ahzTX67gd7dvu94YMYIRAN0/cenYcQKnu+qfGSkqwMbf4vLodD5rF2jBfIR17gDkjDVVzFmiZ3PVGq4t2cFCzQ2a/HKuugKrtt7XdSVsX1DF9of8ApmjtCysVNJUuoa9PetlVbEnqxvzsTWsM+IOAj/PUl1HbxDYExhe434tn7WVRWxfgtf2R/HI7B0kXlnDuiqv9TT4ree3bSGEEEIIIYQQQggh7iMPDHYBgrvG53v/wNG//MSNbhgxYoTrh25uXPszf9r+DvUB6QLipNsRn6Ct7iEepJtrV3oDoueq1oQf6TmjlGxVN+ZjXgFXYzWfmbsZpclhhs/CNp/A7DmLzfWqwWs07bkfsDGKRybo3S/kszZLRbf5U6+A6Fn2GmyMeiQdnffmr33qO1r2oQeh+yfavNcr3SiB1aHIfpb3Dv4Zm/t/EkrNfN5YMgHF4JZKCCGEEEIIIYQQ4p4zBIOro3jo178h67kclH/9jH2bX2Xtup6fDew7dY2H8maS9ZiKxMEuajjGNq51j0KzoIq1M/peHHpGzt4IGDlrvPIT3agYF2471xx097mDcaj8Ar6edUcpeSTMqsYrP9E9SsvCylIiPBwxiJzWUxJgFUIIIYQQQgghhBhgQyotwK9SplOyKIdHe9J6ZmWTD9z2TwsAMCmbfBz8UH+UP339A/+IVyHcQcb+D8h0TYLV+7g+EDBRVhBhRs4++JAe6G+OU1fAd8+CgB3zsI7QB26sZrMxn7WV2UHzxIqhxxVgxZN/VamZyULdFRltLIQQQgghhBBCCBEnQye4+uuZrFiajWoE3HbYsPzVBmPG8chDDzJqRE9I9TbdN37hmsUGYzSkqJSMy1vGisQ/sufz/j/Mf85iI1v1YPggY7TbrFrjenR/Ril7srLZs4bwAdYwwd0bv8Rj8qhuv4m4onGWvaWusvcEjdciAdahzDvAmnjtK/5TAqtCCCGEEEIIIYQQcTNEgqsPMXueK7DqMB9n58G2iEaiJv77MtbN1qL695nk/ec71Pd3+Oq5H7BlZaN5Kh+MfYwwjXrblTSlVJH94EPoAOMvN0Djt0iI4K5uwqOMwsYP/Q1iuo/vkQl6MPYvUHuuqolxldlxGk0rBpLTeoq9G04NdjGEEEIIIYQQQggh7jlDI+fqQzloHgYc/0NthIFVgJv/dYD//KEbRjyK5nfxKMhZ9h4z0a3KZs+afK/X9Swtq2JPT75R90RRmqfyvd5/3jdn6YxS9pSVeE0Slc84FXRfa3PFTa85AvOonqukyTYKzQKvvKa6EuZoRtFtbqT/A0Tdk1dpinzzwOpKWNpHItUZa6rYvkTv9UKI/K1CCCGEEEIIIYQQQtwnhsbI1TGJjAK4eYO/Rrnqf/18gznjVDz4UBrQ3v+yGKvZbNSztKyIPZXZva93mzhaWu0eUHqWvYZxrsf8K7PpedS+7SlXLlKAGfxA041sFlZW9W7D1sS6Qx2e/Xw2YQcL/fKxnqtaA2uqPHlNIc65Tc9Vsu5aCdsXuPfrOji6zflAqNG6+WBp4kZWEXsqi3oPx7BG8ncKIYQQQgghhBBCiPvWsH+b9B//N9iFQL+M8gVaRjl+4C/f/y26dR/6DZPGKek2H2HTwTgEV4UQMavY/gcShg9nxPDhjBgxgoThwxmeMJyEhAQeSEhg+PAEHnjgARISEhjGMIYNc/0wrPd3/x/A5/d//etf3L59m7///SaacY963vcX7DUhhBBCCCGEEEIMTeYffiIxUemKJyQkDPj+Rgz7Z1y2MzRGrpp/4G+3tTyqHMekSeNi2ICDH65IYFUIIYQQQgghhBBCCHHnDI3g6j8u8W65jaynfsNDUZfon/zyfSOGaPMJCCGEEEIIIYQQQgghRD8MjeAqwE0zhs/Ng10KIYQQQgghhBBCCCGEiMgDg10AIYQQQgghhBBCCCGEuBtJcFUIIYQQQgghhBBCCCFiIMFVIYQQQgghhBBCCCGEiIEEV4UQQgghhBBCCCGEECIGElwVQgghhBBCCCGEEEKIGEhwVQghhBBCCCGEEEIIIWIgwVUhhBBCCCGEEEIIIYSIgQRXhRBC3AXsXHw1A82Mo1gGuygRcdBUXkThASPOwS6KuHc4mil7sYgPOu6fVtVenkpZxyAXwt7Gn16dh258KurxGeS8fJDL9kEu092qowJ1uXGwS3EPsXNqcQmnpD0KMYTYuPjmPNIfS0X9WBarGu7zC9R+huLFZ7jPa0HcByS4KoQQIjy7kVPlr5A3SY96vOtGseDVo3c4uJDE0++cZ3uSDYfP60bKhuQNmxOH1Ui79bpfcDXa8g6F47szZWgvlwBBj5B14byJpcOI1X7/BFcHm9N0kMKXz6Jctp+2q51Yrxo4kPcjmxfspb2v09BRgXoArh17XcngB5yF6A/7GYrvqiD7UPgsvt/dPefAUV/BKsdC6r/vxPr9ebZnJQ3IfuS+SYihZfhgF0AIIcTQ1dWwkeI3bMyq2kpN6R9JUgA46Wo9yvrnCjC8X8tresWdKYy9hfOqKRy4M3vrpySePdzBs4NdDHFvSZpGzffTBrsU9xWFahrvfqxy930AClLytrK9NYOPDEtIy1UOZvGEEEIMMZaOr3mh+I+4QqpKlHfoNlkIMbgkuCqEECIoZ0cFxXsS2f7NESb6xA8UJGcspfabKXTa79Ado9PIrjeuMH/nTOQeVQhxxyhVBI45UpCiT6fdagMkuCqEEEIIcb+T4KoQQoggrJwqb2FWVb1fYNWLQk1q8h0qjmIsy6t2oPQvi912l+RgdYu2vEPh+O5IGex0WQd8J3cJqYu7gcN5nZTk0YOy7y5rG6gHZddCxIftRy7fTY14KHwW3+/kHPiRewUhhhrJuSqEECKQ6RIfKpcwWxvtig4shqOsejHPM/lLwasnaXcEWbSjguI6O2Dncs06Ctw5XTWTSigz2PwWVvoFVu18sTgV9W9LMTRvImN8qisf7PhQ+adMfPDkOi4GKYe9rgT1YxW0B1mr80AOmw3eiRUjPz57XYn7+GIpb6TLO+isr2DZ1AzX+0/ksaz8Ap3B6jsYp5VTPZMujNeTPmcdf2qNpswxnG/3PnXjU9G8eglzfQnq8dmsbm7htd/27CPVq+5CsdNeV8GyGVlo3LmAi8ub6Qq5uGtSot5jfYtTpmAnLvLlPng5z2uSowqaguzckx/TYeKL8lfIecJ1fLqpr1BWb/XJyWvvsy6CT14Tch9z1vGJKURiUJ/yB/70ndMzmrbXkyvPiaXuLQqeSEX92Doueh9HiHpXqjWh91/3lle/MY9VtUYCdx9+3/bWgzFcPyYuHhnDrMw459Hrq0117EUzPpVZ1bf46Hmv8xUud2W4iURCvBdbnUS7nv/5C9bvey1tukCZX9184X9dmg6S+eqlIG3AzqnFqWiC1pOJD558i6Zgl4mzjc1PvMXlkLl1TXzw5MaAdSMqq1u4CduinszNr/0UvHqSzpBl9//cnceqmraAtuCof4XMA6Yg6xspeyxEP+24xKoZJ0MEwozseiwV9fOHuHWk0KvP8f8Mjqx8IQW5loKfg776kWg/u91r+Xz+R/Jebz5Re+tRVs3p/VyLJMd9V+08CmrDXD/1r5BX4xeJC+hzvT//43U8Yfp8H+7lgp7vgbgfsnNqsavN2VsPUjxJj3p8Fh94N/UIP+N9N3uG4vGpzDpCbx/t3cf6zWEQrt8L15/2fa8QsoAR3jf11o9/fxa+XwlyDg60YVeMJpqxGA7TGTb7XAMh7ivjVJ90naRgzsnQ94+OCyy7aybUFYNJgqtCCCECWDq+RJmjC/I4bBhOE3+aM53NprGsrqrDeLUT69UGtmcZWb84+Bctp+ks6+dsol27ltq/dGC92onxWD72rSW+N7kBknj2cCfWP5eTlVlO69VOrFc7sV6tZnbQQmuZmHMJQ8As6w7aDWNYVGjkcsD+rLTX68jqySkbw/HFXt5IlrdxanEu6w0aVh8zuN7/Sw2rtS2sf7KEU319CcDKJy8WcF67lcbvO7Fe7aD5/SUo6za5Z6Pvowyx1IejhV2vnyW55AjGq52Y35mCJq8a69UmdmVOZtefe/bRSU1BmNZnv8SqScs47pzGls8MmK92Yv22luWK98h7sxn/s+zs2Eve1L1cL9xDc8+xVk3D+mYhu7zaROTLVZAz9SiKkmrPJEe1KzWcfzl4vXfVVVCw+BiOvA3Uf+s6vrZDC1HUFFJc2/uFNymWuuip2tajFC8+hrNgq2cfzZs0nJ6zMfCfCl1nKJ66l5tFPeVvp/XzcmZpJrPra9e6W/Th9hZL27tJU+VGTquWUvttJ9bv9/B0kld9PulX7+/PhZoSCiuDDc1x79+Uzu6vXP2G+Zs9zLdVUFhuDDj/ofbtNLxF5lYb8w+5j+HbOrbk2Nj15oWwQZyuuioaitbybBwzAkTUpvRrMV/t5HQRLPq0t31YN+niV44Y6ySq9RxGPnm1hI+YS00E/X5XXQmZr7egXVnjUzeG13MprvP6Iq1N5+nG5sCJxhzfYVAt4IWONjr9N275jvO6TNKC5ZtRpDO/pIWPGkNEiE0tnM7MZ6LXuhGXNa6cWBsrKHjDSNrG3r54i/YMBa8HCTY7jZRNnc4+51ze/cbr+nG+R87UCp/6U6ZPIaX+u8D+3NSGpXABSsN3Adt3djTTnvc4KUHLquO17zuxfroAimp72/DVDaTFUL7g1dHM5ie3YZvXcy21Ur9xCl2V2/jCpzFG0o9E+9ndD3YjH76cx6qOsaw+3PO5dprtWWY2Tw0X5IfkvIUkVV8IbN8AOGiqv878nN6Rwq7+5j2cPp91c3Hun05O0D40FqH7fH+W2iLy6rVs95yH/SxXnmX9ASPOAbwfstRtZJdtMru/6cB61cBLWu/6ifwz3iNpJjX+ffThmSQB9oZ1pC8+iTNvA3U9/d6nS1DsL/D7J37f/WlM9wpR3jfBTS7XlFBc42TWtgj6FWycWpzFKu9z8G0dW/RGVj1fyhdhqs2bqw81k7HzvKuM3zfwbqGNshd9r/141ifJz7Ao6SBfhPje4Wi+gL1wSog+TYheElwVQggRwGE1k6ZSRbeSQssLHxuoXZZJimf2FyWpBVvZoj7IxSA3La1WBcs/rualDJUnl6oiZRrbS8eyrz6+MwmnZuZzqtns+6LTiIFMVufoON/hP6rDSEPSZNJ6AigxHN9A6jxQwj71furenklqT3kUSaQW7KDu/bHsW9NHwNdupEGxle2FWk/WSEWSltlvV/NSJJOUxVAfhhNmct9ey8TkfmbOTZrC7m/q2F2ow7MphYqJpTtY3XGWJu+7fmczZS+aWfT5CV7zbmfJ6bz2WX3vhGzRLLf4R5Z//kd+r+9ZTkGSdia7357AhzsuBHzp6FJOo+azHbyg99vux5WklO/li0hHGodx2TaW3Z/tYLY2ybMPpX4p21caOd7sHVFwcrl6G0lVR7yO06v81W19frGOqe01n8SUs8Onbl3FaabsRWNgvSdpmf32Cd4tuBWwf0vtOj5UV1O3aRopnsarYmJpNavtG/mTf9sLse/O5k95YdtbZPc2IpIzllLzzrSQ/1hydlSwrP4Z3i2M4yPNMbSpgRJLnUS9ntFMUukJdhd49T2h+n3TQYr3j+WAT9t2181n+0nZv45PPPVc0l4AACAASURBVI1NQ1bBWQx+59/Z0QyZK8jVf0m7X8O0Gy+RlPV4yMy5qXlLsdd8GXREU6fhLBPzdL1tKqqyxpORy458ag8v9epblaQt28pq40ma/Eb3XXy9CEtJHbXL0n37z2VHqC/5kcJyr0BLko5cLtHuFyG3dFwho2AhWdcDg9mdzV/ydEbUj73EVr5gTC0cL9zK9izf/valw3t41qsxRt2PDDTzdfTb6l2fqb0fyqQW7OBAqZn1NWEKpJzCosxDHG8NUjOOFs7bZ5LdM3TQcYn1L/7I8s+P+N57Jafz0sd1LLcWUWaIQ3g1VJ8fwE57o4Lt2+aS6nfcNct0EeXZj+1+6CTnWcHuAq3XhIUMWH+clLuD5nNB7gN2rqC9rsVnm7H2w+ELEMV9EwBt2NTlvnUasl9xXU+bVfup91nePUfDoTdIjaSMlpOsqh5LzWcbeLb3IiA5Yy01K6/7XAPxrU8lTxdN5sPaYPc/rn9OzMqM8juRuC9JcFUIIURQihimN1UEXUVBSoaKVmuQcU9qHSlB1lGq1NB1Pa4BBUXGFGY3+o1cMrXQlfU4Sm06KY1GnxFWjo4WHDnpPjeyUR/fgDFyev9YXluZHvSLhyJjBa8l9RHwVShR2sx09eM7VNT1kTkt+AixuO1bTWrGJbzj5Pb6YzStXMPsPp5Ji2q5khDLaaewqKstINiQpB4TPHijyGRWYQsNrf1v6Sl6TdAvXUnJaixd171ecdBlSydDG6QCVSpSbLY+rrtY295kpgcJ2tvrj3GqYC2zQwwJCVzDyPHy0axeGexLt5LsggmB/ygJsW/F6DFYbFGMJnQa2ffmjyzfOTOqRxz7EkubGihR10ks62XO5ekgxxqs32+ve4+U0hU+o0N7d5rO6tLRfNjY09gUTMzJ52Krb+PrbP6ZLL2S1PSxNBh9ennaDQ5y08OEK5KfYVHSmSCPA5toOjOZWRm9BYuurPGUzvwCbZDrYTTJais+l7/9EseNK3itIHigILlgDaubT3qNdlczsfA6hg7vs2KnvXEsE7UqUjOv+AWzTVxufobcWGOrUZcvCMVoVFZb6Ed8gdj6kYGmIjlEU0zJmUvKiZYQI1MBFEwsXMLl+sBRp47mCzgLn/L0WfbGk7SH/KxTMbt0BU0ngo1MjFbwfjeQAmWiDZMt1k4u1s+kdKYHCZgNXH+sCB4oTtEwsdHoE/yNtR/uswQR3jf1vK7XBmuQQfoVjBwvhy0lmcGPURHsszxQ+4kKklauCHqfqMzKZ6LPKPr41qciYy7L2y4EefKhhfPO4J9ZQviT4KoQQoig7PbYb62dXSaa6o6y+eUC8qZmkPXGFaJ6zkw1lok3HXF6NM1NoSNL5ztyqbP1R3J1SaB8nCxavHI6OWlv/pFZ6cG/4PX7+PrLYuayfkrvqNoAStJyVBhMYW4mlVN4beNNyp4soqzO2K8g6+DVhxO7xcgXtRWserGAvEl65h+55bVrJ50dLTyt7+ubfjTLtfFsyFFZKpL1PxPNpZOsTeei8cfIV4hSkmostuveoz+TSMu00dAWWEin1UhnojL8l6B4tL3ePdLZ0cILecG/FIfcf8a0kBPtKVRasN6MaFOpxfvJqisk79WjNFn6PmmOxoNcLnzDZ/Rb/8W/TfVHtHXS3/V8BPT7VjpbdeTqQudfUOqmkNxs9gTSFPpM0ny+gJu4bJ1CWhIo9ZPB+zF2pxGDdSYTw35pVvJ0kYaP6v0iMx1n+TBzWu+j7DGUdeAlkaz+metefbHTZMSQowszikxLWs7XdHgdbor+GdqbvYJ2ju8wqCaTCqRmTKbJO5ht+Y7z6VNi/idaLOULXGQhBzLPUjBjHX8yWIMHCePYj9wRSWpSbFewhPsfrnYai0xH/QLPdi7W3WK6Jz90BJ91Wh1PNxrDBHLjTcnTpRtwlOdSWH6G9mhvRuL+mTTA/bHTjqXjAp+Ur6NwRgHpjxXz0S3fY45Lfxq6AH3cN/UlsF9xnYO5vaOjY2KlszWd6ekhL0q0BLme41afWp4tMgekgbE3nsWZNzn2EcPiviLBVSGEEAGUag2W69f7XtCPw3SG9TMyyNx6ki6Fhvkba6j9vJXWnZMHoJTRUpKWNdpr5JKV9rYJpKUAJDExx+aVk9WMoe0Z93u9hszx3bRi6mMkgAIFrabw5zA5dwf13+xgOhcoey6L9MWhJ14JZjDrw956kMInsli2/xJO1TRWV9VQ+00Hp4t8SojdRgRDJqJZ7hYfek8m5POTxqIT0R/LrTsZmAdSiqvJrV/Jrlab+wuVE7vpJKsWtzB/2ZSQj0gDcWt7LpHWu9/+m0u9JjXx+3lmGxGPDVRo+f3HBmpXjsWyv4T0sJPmOLjc8DOz0uM9w/nAtKmYRVUncVgvrJtYzX02NhRt5t79KB8nK8nrMXbLd7Smu/N/JqWTa/N6jN3UwuWQuUG9dpExl1lnzvpMuNRe38LyAu9ctzGUdRA4rv9MXxecArDYvEqpTefp+t5Rk640C+4Rn9opTGzsDWbbjZdIyYzsUe64lS/IEqnFR2j7eAUp1vconhRkUqh49iN3UPiPChXPFsPpRq8DtbdwXpHvles0kj5XAfxI151sqMlT2H2ugd15cH5HAemTSiirN0U2ejbun0kD1R/buXygCN2klexrdJKct4J3P66h+ftaFgUUeCD600jvm2IQwTmIYCNYzS2s/m2oup/OFp/MXvGvz+S8hVB3yet1O031I5mVI6FVEZnhg10AIYQQQ0+K/hkcb16hq1Ad+eOvpoMUrLGx5Vgru/3uQwbzy6S3pMxnoPw7HAVTUHZdoSF9Mi+430tOn0nnCTNk6cDURlNmOlu8Vx5Kx5eoRusM/0XLiZMM7ei+t6VQkVawgQMFG3B2tbFvTS6nC+uoCfFYpscg1oejYR05J9Kp/aa1N0dbUEqSVETwJTma5caw/vNGz8QX/eXEiVadGJ+NRamrdh2Zi7/j+q1E1Dn5rP60jmf7ijTFs+2hQBntoSeq0U7bT+07fQSBo6BMyeT372Tyexx01u2kcOoldn++wW/0nRPHzdEo4jiJlXvvcW9T8RBZncRvveASUWv6bGw4071TYiSRnQdlHQ5m5yrpartERtZc93sqJhaYOW6CbD10traQnbEhgnJoyZ5ZyvFWJ2kZCsDI+eZ8Zm3qb1nvPOXoMfQVonMCKSrvUuqYXrCRyyZI0zppb7xJbqn7QlDoyNUeot0+l5QkB+0GyNoU+0USW/lCbUxNdvEesotd/wgsW5BHw846tugVA9KPDCwnMIakPgqrzJyJcvHXdBXMJRmwN3+JIq/S6xjdn3Vhq9gJjA2ZomDgKEjWz2TL+zPZ4rRxef86MuvmUn+4jzQscf1MGqj+2MHFV6dzPKOG5m+1Ebe5ePankd83xUAxmv5nJE1ErXmGDz/ew9N9lm+A6lM5mVmJJVzsmskLybj/OTGNd++OTkIMATJyVQghRCDtFJZzkI86Ih9S117/Hikr15I9lP/Bm6Qj1+oauWRvu0SK96NfKY+T655N2tLxJRMzNT6rDqnjS9EwseOSVxoDfw7aG42kqqO73VUkp/Pa4a0o3jzpM0ormMGrDztNJ4wsL50bwRcEBSnaxwNyMPZnuVS9moaOeOVCc52nidp4j4YMz163jYa8/bz7zgnavnfNpt34/gaeDZYA2V9c256SZO0YLpuiyG2YomFiczOdAzLaV0lqwQ7enXmJfY3+/yJIYvbhAZghPO5tKt7C1clArOdNTWqGkQZj6PFrDuMl2rW+/wRM0k3B0mzEiZ3LjWOZ6N3N66fQ3moCrLTXTyArwgBKat5COmvdk6R0XKBp5mS/R9djK+udptDqyAr7yLeJ9sbJ+HdJqZk9OUjNNNgmez1OryAtM9GVk9VpxOBOwXCny9cXpXYmu6vyubjfPSptQPuRAWAycjFTR2pfXbRyMvO1R92znttpqk9kVqb3B6WCVP1kLobLq2AycjFTM7gzo7snFtuu2Mbxjj6Wjetn0gD1x/YWjhuX8Fph5IFAX/3tT6O5b4qBSk1as7Gf15Oa1IwWDOEj/y4DVp9Ksgt708DYm79EOXPyXfIPGDEUSHBVCCFEEGpmb5pC0xt7uRzyhtXGqQMXfPLHKUYGW85O+0BNDKFQomz9MYocdmrS8q5gMDloN4zx+2KtZaL+Eu0W12QdWcEmwOnv8UVb3pDL65i18kf27Q+cvALA2foeu+wbmK8Ps22HPbIRpmHKHL/zrUCZ2Ia1v99nHCba/XadnLeUtOoqTvVR6ZEul5Qzl+TKg0Fm1g3NSeCM9xDqPMWpLsLoMrWQrIr160Ic2p6X1JyFOKtPcjno9yk7XQH1oGNWyRV21fa3T3Fitw+NyEq0bco1OUeEX7CVo0kO+qXXweXqQxh8Xou1TgauLtMKVmDZ/17wCWScbeyrvM6WeTrf11MeZ3pbC51euUE9tOmkNX6HxW6kQZ0Z+Qiw5GdYdOsMTQ5orzeyKCcwKhtLWZVqTfB/LnSdYV9thGWLRtIU5usOsasueAfTVVfFvswFAXmFFfpM16SPpjYsOTqf0bdK/WQczUacEaZZcG3QNelUQCuOsXzenHZ7BPkjo+xHovzsVo4eg6HDHFgORxsfVreEXC94uW2cqnyP7KJIZopXMLEwnwaDyTXqTpVPtl9Xn5QzN8xnXfB9xXo8kXFgj6Q7G8j7IS+xfMb3h8PkO/lS5P3pwN03RU05gekzz/JRffDCOG0/RnS/mVawhMuVJ/3qIzqx16eLImMusxpb6MROU/0YZmVJaFVEToKrQgghglLoN1Cz7iabnyziA4OV3nsTJ10dJ1k/YyWtap1nFE5qzlza9+ylyTMZgZOu1qOsmrOJBscA3ZwoNWRoL3C6wX3b5nTg6OMeKjUrH0vrSQwEfrFOzdTQ0HgWQ2LgRBdxOb5oyxtm+dRl1Sy3llDw+hk6e06O005n3UYKXv6R1VVzw3zJdWKp30TejI180mHr/ULiMPHJG9uwrHymd6KWEGWI7/lWkpqh4QtPrisnjpAVk8TEPDX7Kk/S2fPlx2mns76C4sXHAh/tV07htZ2j+fC5Ij5o7T1WZ5eRT16fR0HPl+soltt9WEHZk77L9dR9cU3giKD2NwspPNCMxXMROcKcp2jqIjYp6fmc2n8GS4yb7V/b8y/MXHbntFA8p4IvPBNNuPuYOTvpGK0JWCV1WTXzmwvJ894/4Oxq44PFG8PPJN7D3sa+xbl+58VJl6GC9dU65mf6hTGcbZQ9oScvyPnttyjbVIp+MpfrvvS0/7DtQ5HO9HlnKStv9kxa5+wy8qdXSzDkveGbmy7aOunvepHQLqWm5EeK52zklKknaObEbjrD+jkrsazcwwsBjU1L9swfuVzrlRvUQ0OW9hIX61pQ5k2IYkSSkqeLRnO8/iTnTTPJDtbAYyhrSuZcFOU7+cST69qBpb6CgkoFy/8wELmrlTz9djUp1QUUHmjrncjQaePygSLyqsdSuynIjN/KCeQqjJwyXCFD7zdsNElHrqmFP7UamRXpUGC1juzWs705vh09E5nFWD4PO5f3LyPzxYM0Wexe/XgzZa8fIm1e78Q0UfUjUX52KzKmMb9uJ2WG3rzWXR1HWbW4hekbF4RY6yTL5vh+Jju72vjgxQI+VB9hS1aE/wnQTmNW80k+afyS5GCTBSqnsPvw2CCfdaH3FdvxRMZp+ZL1zxWwvtZ7Yk0HnbUb2WxdwfSeoOiA3Q/5ieEzvk9JE5iufo9dtb15ZJ12E1+Ul1BcY/ZdNuL+dADvm6Km5OmVW+HNApbVeJ1Hh5WmAyUU1jsiG7GvXUpNYQsFM7z7UNzXfwnrG9yFH5D69BSCZwtaOF77NedV05jofwGZjpL3WB67oniyT9w/JLgqhBAipOTcHTR+tZak5r0UP6l3JZV/LJdVNU5mHa5jd27vY1YK/Qbqtqk4viQL9fhUNJOK2GXSsOWzarbkjR2gEqp4oWoDVE9HPT4V3XMb+aKvmWa16aTsr6Ir6/GAL9YKfSbKPVU4gr4Xj+OLtrzhllcx+3ADu7PM7FvgKpN6UjH7TJPZ/U01s8PeySpIKaym7XA+zpp1ZD7mmjBA9/x7WPNqqV/m/QU5eBnifb6TC/ewhYPkjE9F/UQB6+u9vtT4SSrYT32eic1T9e4ybeM0+bz72Q4WpY8J3HbuDuo/XwJHVrqPVU/mmjMoiqupK1RHvZxCv4HGr1agqPWqu+dKOc4C3i0ODC5M/EMt72Zc5/gbuWjGp6J+ojDseYqmLmKhzF3BFnZS2HNNe370pM94hTJDX0Nh+tP2/ClI21RHY+lozq/IdW3riQLK6hNZdHgPy/XB8uQF2f9jWRTsMJK2c0cE+dqApEy2nzvPluQWdnm2kcuqOhVbvook51uEmjeFnjRn8RnPaJ5o2pQiYwN1mS0UT3Idd3FluIlOFEzcVMdy3qPgiVTU4zPI29FG6qYTvKb3H9IWY50McF0mF1TT/PZkTPuLSR+finp8FoX7zWS93RAyN3Rqxlj27fmZLP9jdD/GvnvPzSDvhafImEtW9Tba8yaHDBREXdbkuRw4PAHDmlx3P1rCR858at6ZNnCPZSt0bPnqPKsVJ1nl7gM0T67juGIFjV+FyueoZGLOz+ze75tmwUVNWs4ldu/XBXkvVBnS2fLZZAyLs1z9zuK9vRNOxVS+Hklk/6GOxk0qDHt6zoGezDVnUW06z7u53uc8mn4kys9uRTpbPl8C+wvR9fRprRq2fLY2zKz2czlweAnJHXspfKKn3CdRrDxP46ZoJglT8WzhdbaUj2F6kCdwIFh/08e+YjqeyChS5lLzlwPMch71nG/1E4Xss06j7vOlXiPPB+p+KEiZovyM71sSs9+vY7ppGzmPufvhrWehoJK6txeQ4d01RNGfDuR9U9SSZ1LzTTVZ1gr3Z42e9MXvYdGXU7epj7y53psJ6EP1pM+poF1fzm7P9Tsw9ekpQ95c7FsrSM4LvBacTgmqitCG/duk//i/wdr5rx6bzsKntCSGnVarm2tfH+FUx00embaM5zRKRvzzBlfOHsbwv3eqpEKISFRs/wMJw4czYvhwRowYQcLw4QxPGE5CQgIPJCQwfHgCDzzwAAkJCQxjGMOGuX4Y1vu7/w/g8/u//vUvbt++zd//fhPNuEc97/sL9poQQtxp9roS1lNOTcFQSNYL4KS9vITzedWuiV383+1qpmzJNlRVQ2uCJSEGn4OLr5ZgLz3hmuxEiLgxUjb+AtOvbuh9aqQ/TAfJqdVR/4cgI1eFEH0w8cHUk6R9/lbgyFVxR5h/+InERKUrnpCQMOD7GzHsn3HZTtiw5sCaxO/n5TBuVN9Lqhas56HEw7x/4Sss45Yz5REVqpfX8/+9v5vPJcAqhBBCCBGZrrOUOZdQG2pEU3ImszJ/Zp/VzkvaoRIQFmIIcLRw+uZctktgVQxxnYazZBcslcCqELEwtXA6cyYvyQUkojSIaQEeZpRPYPU2t2+HWlbJuPzFvJwJ9e9+yNkfHDBCRfbL63nu1wNfUiGEEEKIe8JNB/brN0OnGXAaOd/8OLk6CawK4a2z9hCKeVMimFRIiEHkuMSH9fnMinACJyGENwcXD3zJrAJd34sK4WdI5Fy9/bc/896m9bz+xgbeu3IjxFK9AVbDB4clwCpEhBTq2aytqGLr8izkUhFCiPucdhqrndso9JvEBafDPYnUSrpW7pHHnoXwcNJleIv1bQt4LVdmjhZDmMPEJ2veI+kPC71ylQohIuOgs7aUfUlb+b2kRRIxGBLB1RuW81j+AdCNpd7E30IuKQHW2OlZWlbFnspSZgx2UcQdo1DPZsXS36IaAcpxU/md/BNOCCHucypmHz7P9gwz+xa7J9gan4rmyWLK6mDW+w0cyAs+SZAQ9xcbp17Uox6fxapGHe++H/mkLELcSc6OCnTjU9FMrcJRciBoPm0hRAhOI2VPpKJ+bDq7HEuoiWoCOSF6DeKEVjNZtycbFa6Rq+/v+oxrwCOzNvDypIcZEXZdBz+cPcz7zZD10mLyxynhto2mfudgzWdtpatMvroxH9vIQWN/tn0H6UrYvkBJW2kl5zwv9hzbXXYsImbegVUAh/k4Ow9dieuM0/5kQishhBBCCCGEEELEQia06ocRD/+W1Tt/g6N7FEpl+LCqi3sEK4d5/4PD8NJi8se5RrASh0muus1H2Hyow/O3bskOFi7YwVLukqDkI0oC5wk7y97Ss4NQGDEYBiOwKoQQQgghhBBCCHG/GRJpAQAYoYwwsNrDO0XAbj4zD1yKAOOhTzF3j0LzVH58NyzEQEjKl8CqEEIIIYQQQgghxB0wJEauxs5rBOvB42i2Luc3yviNYO3Vwd9uFKHp+dPz2H0jD5cVoRkF2JpYV3UWV25T92tAsJQCM9ZUkU0T675+iO0LtO5Rpj3L+aYmsBnWsLf32f7e9b1yF3gv4/1edmUV2V7vz1hTRfaDJo5uqcZTHF2JVxmAbr/33ekEMKzh0kM7WOg5MBtNPmkHwpdLCCGEEEIIIYQQQoh7zdAZuRozJePyZvIUZtp/7na9NEJF9uyZcdyHnocf9H/tQdLLnodTa1hXusY3sIqJo6Xu1w030CyoYq3/LFKqbPbMhs9K17Cu9IhrZOyCKvZUjuMH97pHzd2osnwnoHIFMG009Wz/mIkHs6rYvkQPwLkq13qu4KdrmZABTndgFfMR17ZK19B0Q8vCIJNeqbKqmMOn7uWasKEie03vSF7dkh1ByiWTZw0K+1neO/hnbLddfyo183ljyQRJzC2EEEIIIYQQQggRZ4MYXDXxy42B3cOv4rSdGWuK0Izqxvy1d87SUdy44jsiVbfkeTSjbDR5j/w8V0mTDVQTSvCZqN1nhGgHbde6cY1e7R0NarzyE92oGNcToZxRSrbKdxmM1Xxm7maUJifKQKaepbO1jLI1+eSXPVflCpymu4O1nuL65KE9yyVzN6jGefb5SOIosP3gU67NfiNbxZ3jtJ6SAKsQQgghhBBCCCHEABvE4KqZY8eaPMGf2HXzk+EMX6MhbYz7kfXbNppOneEfMW5xlKaIPZVVnp/sB00cLe1rMis96Y+Mgm4H1/zeOWexwahHSdcFXREAYwSR5hkpKuAGf/MrR0AQNhK6dB4ZBd03f/J74yw/2GDUI+mEKW6AcxabazRuWUlU64mBExhgnclCOTlCCCGEEEIIIYQQcTO4OVf/9wx73od1L2d7Jt+JTjc/XfqQdy/8woSlG/iNEldgtZ/5Vn1HaUbpxi8Ej8GOIvERCPFm5IIEb3s8+JAeiK7cN34JsfwoJVEV91wl66650gwsrKwiWK5Zcee5AqywYulvSbz2Ff8p50MIIYQQQgghhBAibgY/5+r/nmHP+7GMYPUNrBZqlHEJrPbbgw+FGLnZzc1QUdFouIOewYQMlIbhCsgGESaIG5Kxms0+OWR3sFRGSg46p/UUezesYduHBgbz0hBCCCGEEEIIIYS41wx+cBViCLAOxcCqO29qkODnjBQVdP9EWz9HDZ6z2IAHedgvYKmb8CijsPGDO8FpJCkGMLZxrRtGJT7q90Y+41TQfa2tH4NsOzh4ykR3z2hdIYQQQgghhBBCCCHuQUMjuApRBFiHYmDVxXjoU8zdKrK9847OKCVbBbYr1f3OCOCaHGsUmgWlvZNX6UqYoxlFt7mxd/Koa44IcrC6A6CqbLZ7TV41Y002Kmy0RZUWQc/SsirWeu3PP+ArhBBCCCGEEEIIIcS9ZnBzrvrrMwfr0A2sunRwcAssLSty5x0FV+7RNXHLPXquag2sqSK7sops92s2wxr2egcxjdV8NmEHC7Oq2JMF2JpYV3U2cGPGajZTwvYFReypLHIX18TR0igDwbpH+dsVE4/07M+1IczHKpHYqhBCCCGEEEIIIYS4Vw37t0n/8X+DXYgAv54ZJMA61AOrQoiK7X8gYfhwRgwfzogRI0gYPpzhCcNJSEjggYQEhg9P4IEHHiAhIYFhDGPYMNcPw3p/9/8BfH7/17/+xe3bt/n732+iGfeo531/wV4Td5KdU4s3wc5qZicNdlnuZkbKxl9g+tUNpA3E5jsqUNdPw7rp7kqQ3V6eyvm8TraESBs+pDiaKXv5EKNLq3lJr/C8bK8rYT3l1BQMhQtkgNvZvS7EORb3sbuuTdi4+OY6Ntd9x3VGM73qNO/mDnLfdJd+PoUTtN+3nGTZmjamH97Ds0Ph4yCs+/2zwkFT+Uo+HL2WmmU6Iruy7786s9S+wqrWadS8M40h36TFkGT+4ScSE5WueEJCwoDvb8Swf8ZlO0MnLYC3gBQBElgVQojBYq8rQT0+NYKfEk7ZB7u04dnrSiiLfu4/IWLnvImlw4jV7hzkghgpW3yGIX6JDhlR9RVD5hwPpMFrP+3lg/vZEq4thCzbXdYmHPUVrHIspP77Tqzfn2d71h0KidjPUFwep8f77lLOmzYsZjN2x2CX5F5l5ZMZRZzqCv6uvb4E9YyTWIK+6+DiqwV84nnTicNqpN16Hd8r+z78fA157Tpx2H7EZL6ONGlxvxlaaQG8/e8Z9pSbyHpKC+ZGDH+9CcD/fP0VY26M4trFS3TcHOQyCiHEfSCpoBprge9rd9XIQSEGU9I0ar6fNtilEANJzrHwd5e1CUvH17xQ/Ef3KDMlyrthsO09QqFfS+PVtYNdjHuYmpSMK5y3Opmd7N+wnXS2QlbSJdrtc0kJ+J+CmdYLE8h9p+fvJJ493MGzA17mu5mCtNJ6rKWDXQ4h7ryhOXK1x00zhs/PeAKrAP+w/IXPT0tgVQghhBBCCCGEEKGlpj9Dk8ka5B0zBtMUFuVBhynIKHPLj1yelk7qgJdQCHEvGNrBVSGEECKOuqxtg10EIQaH3RbisUcRjPQVfgat/djpChYTuYNCt4XBL9tdz/Yjlwe7DOKep1Sno2w2E5AZwNRGe87jWg5mxAAAIABJREFUZGsncLnZHLCew9oGGWNR9rWD+/HzVa5dIQJIcFUIIcTAsrfxwct56Manoh6fQcGrJ+kMmYbOzuUDr5DzhCuPq27qK5QZbJHtpvUgy6ZmuPK/PpHHsvILdPYkfOrYi2Z8KrOqb/HR8155Yv3zRfmVNeflCpqC5Ony5OBzmPii3K+89VYCD8+Jpe4tCibpUY9PRTNpHqtq2qLKz2VvPcqqOVloxqeifiyLglePcjnkBmKvx95NtPGnV+eR/lgq6vF60ues40+t/jt08MXLOXxgCrJ+RwWaEHl4HQ3ryKuNICoRUIa3OGVyoFRrQqzgoNO/nmuNQfJ+RXE+QpTB/1iL6+zgtHLqzXnoxqeiefWSe3t2Ti0OkzMy4jbUs/gZNvu0g5O0h01sZueLxamof1uKoXkTGX3kSPbffnF5c+AXUq+6ieR6CVamU4sraPff3xN5LKsxeY7d+5rWTX2FDwLan3e5L1DmV5Yv/M9TkO3G3FcEHE9gfXr3E6fe7GlDGeS8fLS3D/SuwyfyWHYgWDv0rq8gx2kJndcz8nrp3Ye99SDFk/Sox2fxgSmS9uPAYjjKqhd9+/mg7bLnWsHO5Zp1XtdgSUAfZa8vQT0+m9XNLbz2295z4Vo/lOiu7bDtN0xb6LtsfbcJn+t+zjo+CTZyzr0t7/484MerbYZt20E3fYbi8anMOkLvMfrljozq2uo5PnsbHyx2XdfpB4J9QBjZ9Vgq6ucPcetIodfxuNqgL/9+PbCt+CwddR/pt6/6igjrMPR1Gf4+x5+RsoDjjnXbkX4GBjucwOsh1HmG6D8r+r6fcC8a9f1VBFI0ZHcY8e8qLR2XSMvQgjad7OY2Ov1WsxhbmKhVB5TP+zofsM/XICK/FoO1qfDvxfXa7agI8pnZm5c24vtZ9z1VJO0mUDTXcuiyRXuOxP1NgqtCCCEGiBNrYwUFbxhJ21iH8Won1qsNbNGeoeD1S4E3+04jZVOn85FiKTV/6cR6tZO2YyvQ1q+kuC58YNBpeIvMrTbmHzJgvdqJ9ds6tuTY2PXmBdeXRP1azFc7OV0Eiz51bdt6tdNnFmJnRwU5U4+iKKmm7Won1qsGaldqOP9ySdCJELrqKihYfAxH3gbqv3WX99BCFDWFFPsFDi21ReTVa9n+VQfWq52Yv9nPcuVZ1h8w9v1FYbSN4y/nsapjLKsPGzBf7cT67Wm2Z5nZPPUtLvtvoB/16FsX7+Es3EPz951Yr3bQXDUX5/7p5JR7l1nJxBw15zsCA6WdrT/yQlEihg7/M+2kvdnIdL06YJ2AMjy5l+veZXh/LtSUUFgZLDBr49TiXNab0tntqec9zLdVUFjuW8+Rng9nx17ypvqVoWoa1jcL2dXhV/GOFna9fpbkkiMYr3ZifmdKn7PkOg1VEbchgK66EjJf///Zu/ugpq598f/vHu3J8Q8y8+2YnpmGua2h4yWZ3ga+vQI/D4RvC/S2olaj1uIT9Khg60GrotYHai3iI0qVa6tYW9Qq2mp8xPYKtsPD6QD9nR9JT4fwdUo8vUM6cxqndybeGb9p79zv74/wkIcdSEIQtZ/XDDMKO3uvvfZaa6/9ydprdZG684q3HHxbz4E8J2ULdtARsiBpmHa0E8efyzFllNPWV/ZvVDPbL4G36ahdQ0ENzOsvZzXMcm2lQOEBK9L6Euw2rYfzKaobz6t9x/tyC/Gn8yiytHNt/SussBopvdiG40YnzZUZtC0u5qRiXSwkY30L+uIav7Q0rc8JKvOxaCsi4W47Qt7rn6HJr6b9W28buE17BvPr52mt34h5lU/7+GUFpvZCimqV6qmTc+WvUFBzm6n97WkTNfkqPnq50GfBlejypU+3ZSO7nens+dKK40YTr+mHKD8eOx/Omcpm+wRWVg6089tMNtYuVl4kxmO/wNo5m+jQr6b2K28dtJ2YgWtLod8XNZrcahw3Gtmdkc7uPw9cC7+V1gPTH3bdDqP8DlIWoklbH3fbcQoWn8Bj3tJf75s3JXJuzkauBd0YnZxdPJXdtxf1t+f2P59j98xETDvr/crmkGVbiWYmNYHneHRmf9sVTRnCcZ61FU4yd9bTdaOT9iK9wkZG1n3bieOThZBfO5C3gSuqu22cfKOQj5hLzSBlpU90baRvXuewtimRlSd68/CrGlbqW1j7bKh27TatNYUU1HiYtTWMfk5EIt13+PfAIJ5mNj+7FecrffWhjbqNWfRUbOVyUOGJ5l4RTn9iQCT9q/BMICm7hU6/j7roaEjEpAdIxJTyGR1+DZaTbms6qYN2VUbm/qokqroYqVjWXSUuG4fC7s86OLnAzBX9Fhr6+4BLUFs28X5g/ytIFHXZ08XZ9a+w1prIuo+ju0ZCSHBVCCHECLHR6p5B7dGlpPUvIqAmuWgLK21naPTrsHtoLC+ku9DC4QIjfZurNHpm7yontXoHlwd5Suls/oT5W98ms/84KuJTl1Lz7pQhA1zewzdTtvgmyy7+K39M0qLq3YdGP5M9uyZxaPvVoAeZHvUUaj7dzvz+7UEVn8K6jytIKN/nk14XHQ0qtm2di6Hv3TKVBoN5OzVFRoZcN+TWzyRtrKO2KIOEgM8fLulibY1vp294+QiA+zprF9xk2cVjvJbqf26vfWxhmSOfsqaBjq3GmAUNtoCHdwcd7ZOYlZ+Oqznw4amLpros0pT67P2n0UzZAhuvXjzNOt80aPTM3nWaA+afgz7SXbuGQ7pqLJum+OSTlrSSala6NvJhfzaFeT08zZQt6ApOQ3wK6z6tY12S/5VrOt1Fzq7VPmV9aD2aGWGWIaD7DCuqJ1Dz6QamDZwg8amrqSm+FVAOomHDPn41ll0zffJFx7R3VpNQ9Zn/KJco6kuwdm4lVVFb4lOu1SmU7pxL65tbacqtorYopb8Mq/VzKd30M4fqAs7TfoSCqgkc/nQ7s/Ua/7R8WkVC1Rq/wOOw24oItd4ycvjj1WQOnCRpm7Yzv20Tm5tf5PDHPu2jWs/8jRvwVF8NGkEFP6DOrcayay7JfmlfTW3lBMr2BuR5hPnidYYrLGePWY8m3GKs0jP/4yZv+6QZaOcN5i2U6o5wTaFYtjlULPu42r99SZjCtpIJ7K8bzsrxEdTtYZff6LU6J7DH77qAOmkp24ptnGr2b0k9bUfYPL6C2pIUhfb8iF8wIuZlO6oyBCfrYOWumRjCLkSDsHWhKTnNHrO+/9XskGVlmG1k5+FC9uuqvG2gpj+zMZi3Y3lvAvtXKX1Z0I5TV+7/mZD9nEhFtu/w74EK7C2cytvCNlPAPf/oXqYFFZ4I7hUR9if6hN+/Cpcag0lLm8Mn09zf0IQRgwpAhSFpPPU237930eROGcjLYYkgz5REWRcjFdO6q6TrFklbw+zPumzUq7awLc+n7mv0zN5VzWtJg6cvqrrcfhNV4TFqfPodEV0jIZDgqhBCiBGTwjyzXiF4OJ54nYOeWz6/cl3lo+YlrDNrFfaj5/n8H2gb5Jtq1fjH6HZG/829q+4EjYWrmB2vdPgsXu1pDxr1otE9pjwPlyqDWXkt1Lf19f5VqOOc2J1RvcwGTMCglC4gIXsuCadbBgIxw8xHAFfDGTqKQ+QFWmaXLKfxtM+omYRJzHO1+L926bJRr0vBEJ+Iqb3FP1Bkb6cxN2vQBSJcdSc4a17N7ATlvweXKRunysezslgpWK0m0zzJZ3RteNfDVXeCxpD5oCBjCskRPo8k6EPM5RZUhqDj9A40xcsVj6E2zSCt7pthzvmWzrwchXKj1pKAE5fP9Y2mvgTTodcpnL02kTTSmWUKDgcl6CfhvOUfWO+wHCShZDlpSnmvSmFlyXgONQw8sA23rYiU8jV+DH0qZJozgoNeCYmkOW8pjOYaj06r/JSvMs1kftN1Wn2uUaT54pXC1AyltmNwKsVyryIhNSCY0UdnJEGpHGt10HNrGIHNCOr2sMtv9BKSEhWDnZp4Hd1+N0ZwO38gLTVRoV3TEq/7gR6fzIp12Y6uDEFabjrhNptDypjL8wo7Uyorw2sjbZyrmsC64hTFLzxVqctZp1H6skBHkl7pair0cyIWyb4juQcqUI1H63CG+fpzBPeKSPsTvcLvX4UvXmek1Xpz4BeOdnqyjf11UWPMwtX0zUBaHDYaUxMJ0Q2JUPh5piTauhipmNZdRVriQ3zTE9SfValRO7voibgtjrYuTyBZ+cYU1jUSAiS4KoQQ4q7TEK/7gVs+HSaP3UZrbugVWeO1T9NzK3TPxlBQhcmSR+4bx2nsjrQH5KHT2s601FBDKbXEJ/0QUccqXp/CNVtfJ17N8yUbcJfnkFd+no7Ie4qhaXQkOL+muzd+Mdx89OZFC88nDTKsVG/k+QabT8BUR3KujSafoK3b2kJ8RiKgJy2jhVafTmy39TPSsgcbsetNw/xc5Y6xou4uWlOnkBZihIlKqwfH7d7/hXM9wsiHEeZfhhx0tqUwNSXkCaLHMUKj7R5Dl3obd382xb6++NHoBn+YdTh9Rkk76GwzkmMMPbRIbcwi3mchk+G1FbGiIWHQV01v0hPRiLfH0KdeZyB2Enm+xIKnx06j5TibXzeT+0Iqpje/JqIJErUTSLvtjm5ORSD8uj2C5XcYNNoJQV8eaIzp9DR8rTCNzk2s9jjUPo1kbMv26JShsAWVlWG2kd1dtCZlkRzydNUkZ2tpsocbvA7u58SOwr4jugcq0C/icMYFzNPX8GFTtPcSpXtFpP2JofnfGyOgn8Rsn2N1ttnI8Z2eKOFpptoG5l3tcdjITJkQ+XEiEphnSu7xuhgrAf1Z1Fms23ibsmfzKbPYwg+yxrwuh3ONhPAaO9oJEEIIIdy3fuDn6jx01aG3Me1cHvqPKj1//LiJ2d3NnK0qZG07pBWuprQgJYzXId24nD9z6GUDh0Juk87u4iF35Odn345YfBZ7LqXTY73KR9vNFFm1TNu0ipW5+qFXoQ1D36GGnY+4cTlRGhrqQ0V/8Kc3cw2pWVyu62KbyYh3TlUwlXh3YsieRJnVwWt6Hd7XdidgqhzsAOGkIcBtB/bmE6ROLAm9TX7twL+HvB5RpGEEDJSh2zi6WvjoDwZWhtx6IefuSqpGpr6Ez7di3cbRpUI/2HVSgaq9Cxd4R+QMq624eyJ/jvvZ5zNR5MswuO3nKVu/k0bNi6w0T2HexhrWadR46gpZO8x9Ryysuj2a5TdCCYuoyf4TRRXj2VPsfV3V47Jzdkshja/UUOp7A4lp2b67ZWj4htlG3nZgVymNEB6gQkWb/RYQ+ejuERfpPTCICkPBMdrNDhotByl482tIWcK6TYtIi7phjK4/EY6fowl0qRJJ0p2g27UUg8ZBR52R5CLfDfSkZZfQaoc0vYdu621S82MyJ8Aw3W91cXj8us4526kzOemoO07ZS8V0aF+ktGQ50/SDXJf7vS6L+5oEV4UQQow69fjH0K45R7Pi5PkR7Cchgz++m8EfcdNp2UneC9fZc3HDEK9rq9FoH2PtxQZei9FARQ8e9Lq4gN+qiE+aSel7Myn1OGmtWkOGZS51R2cOozPsAR5D09vPHH4+qtFoIeSi1f3HnOD/alfSFGa/2U4nRgweG/XuLNb1pkmVlIWh2oYrT4fG/Q1NpPsHBIKoUAdm3VDidOinVFH7blYEwerBrkdvPkSYjFjyL0Nx6BJf5NDHe3l+1J/1Yl9foheHLtEzeCTSA56U4Newo2sr7lU/gyeRgSYn+nyJmP0I5lVOSk+0sSdgZ8OabnJYhqrb90r5jUDPGVY8W4j11s/E6Z5jdnEtdbnKw59jU7bvYhmKiWG2kXE69EOerodU/fhoEziyoroHKlDryCzYS2ZB75cmC3Op32mhdIg5LkPsLLr+xBCU+1fh0GBIcXDOAdNUN2nTpTAtYAtDxiR22528pnfT2Z5O2jtRHCbm7re6GC3//mw/lZZk8wYOmzfg6Wln/6oczuVZqFGc/or7vy6L+5pMCyCEEGLUqfRGEhq+ieErTWoM5u0cmHmd/Q1DPeKrMCTpqLfGaq46Nx0NNtL0g7z327vIxDbVVk5Zh3Eou41rGX0LMsQiH1UYktK5Zh0krGi3cS0jcB4yn5V27dfpMU0aeMBTGTHFeedk9Vib6faZ40yZmnj9Y7TaI1gROCGRtOZmOqN9bSvoeqhI0D/NtbbRCq8GliEdhtQWmgZ/Sr1LYl1fhkOHIdVGvS30S6xu23U69LpBvsCIpK24R7lt1FsnYeivlLHIl/B01B0koXg1mffqU71C3b53ym8YXOfZ3DCFw+/uxfKVdwV42+f/SmmuLoyB9cMp23evDMXGMNvIhETSrNf95w73422TDbp7dKTbcO+BCtT6meypnMG1qutRflESbX9iMGH0rwaRoE+n1eHAY23GbXo6KBCt0qegaurC7bpJW6IxRvOtDtf9VhejFNCfVaKKT2Hd0S2o3joTeoGp+70ui/uaBFeFEEKMPk0W87T7ONQUzUxfHlyu8J4ovAt+BD8maLLnEl9xhMYIDu8heMV6AE/bQXa7NjAvqe83blzDitl4QnwD7+RsxUEy831Wgh5WPvbuInsuydWVnFWM0CocEwAVyRkTqLe56Gy7SY7R969qkk23abJ66Gz+mqlJQz8UGbIX4ak+47cS9gAXPUFxESOzCr9md204Adnwrkd87tJB8iE2PJ5wyxAkm5fQWqG0WnWYVGrUbTdj8gVGNPVlpCSbl9NddVB5ASJPO/srblH6irHvF8NuK0ZPqKE4Hlqr9uHaNJdkn99Gli9hGKT8qH6r9AEXHYMtoBP+gVHHteMIKxYaXt2OtPyGLguRpC1Kzi6atNowRiOGX7bDFfMypKR3IaVY1LThtZFGZhXfZH+VTbGaKbXJ95ZI7oHBPC7XMOY6Di26/kQk/avIqPQpaNpu0mr/IaCf0pfgRHIc7XQ6u8CUGP4o4BjeX5VEXhfj0CV+TadCZeixHORkLBIVZd0Nuz/rdkXZLtzvdVnczyS4KoQQ4h6g5vld1ai255B3uN1n4noPLvt51i4+HnrBA1c7+xfnkHe4me7+h0sPPU07WFttZF7GQAc6ISmdVstndPY+VLv7ZqhXZ7HnqIqyZ/N5v8050CHzuOi0bKSgJnjkRcdbeQHHdNNp2Yj59ZusrJzbP+LB0/0Za18ys7bWd0J+N521G9nsWM7UoTp42m/YPWcjJ60D6fL0tPP+AjOHdMcoNfl+zR9NPgZ0P9VZ7Dk6gUMv+edF6GP2fiw1C5X1Ao3tk0gOGO6hMWbR2XycVusMMsN5FTdhLnuyWyiYs4PL/QuzeOixnmHtnJ1YxycGfcRQVM285jxy15+n0yfI4Olp5/3FG7nWu5uwr4c6i3U7xyvkg42T61/BHOVDrC9X7RoKwihDAOiXUpPXgnn6Rs7afR6EPU5aDxeytn6ISJE6kVT9Vc7V961+5o5+gYYo6suI0S+lpvAmBXN886W3vM8pprt4L/P7MjIWbcWosbH55Xzeb3IwUFzsnF2fR5FjOQfyAr60iCRfwhGi/Biy59Kxdx+NPT752XacFXM2Ue+OxRwWagypiVy29I2e84S8FpHU7UjKb+iyEH7aoqZLYZblIGe7h9hvBGU7bLEuQ0p0RjLbLnDZ3p+50Qf5htlGGoqqWeYoxOx7D+ktE4ptcpRCBQ6HK9x7YDAXrVVFZCw4QmO3y+de10zZ+g9IfiU9+tfNo+xPhNu/AnDXb8T4VCGXw4nEaSaQ2nWGj9oTfUb6+/Iu0PlRdVdkIxtjeX9VEnFd1JGZ91vKtp/pb7dwO7hc/gq7VUvYlhGDNEVVd89QFFZ/1kN33SZyp/tvi9vOyTe30l38ot+XiYHuVl0WIpAEV4UQQtwbVEZKP7/CStUZVjybhG6iAd0zZlbUwquVizCE+pwmg22XrlAa38LuhSbv557KYYVFS+nn/vOvqVI3YMlooWCyAd1TJgoq2vu/GVclbaDh8+WoateQ8ZQB3UQDxpdKOMVCDhQERwTT3qnlQOotTr2ZQ+JEA7pn8thvT2fPl9XM9nk3S5Uwl5qvDjPLc9znvPLY75iC5eLS0OfVR7eQA0eXEG/dR94zBnQTk8hYdQZV8RUaNhmDXw2NJB91KcyyFJBYYfPfRVBeDHFMAPUkcpyV7NelBJ9TwtPkNFSyP0nhb4pUJG+y0FAynivLc/rPoawujleP7mVZktJcWVpmH61nj6mL/f3lwIR5u43kndv7y0Ek1yM+Zzt1F5fAsWKffDiPqqAaS2AwKwqZ75xmTxhlqD895mqad6VjryogZaI3PSlzdtCRVM6enKECWVrmV26A6qm9ZXsjl8NefjdYpPVlJAXni4m8qi5Mu+r952WLUVsxOlLY9kkFabfOsLa33BpfPojdVE5ziHmbw86XsCiXH1XSBixbtZxa4s3PxMn57LYnUvppNaW5sVlpOz5vL6UcIbu3HVhb51R8iI+kbkdSfgcrC+GmLWrqLFZugrKFvW2Ez0/iZDNF5c3e0XIRlO1IxLYMKVClUPppOk2LTd72bPE+WodR0YbbRgbdQyYXDNomR0qjT8f9Vg4FdSPRmoR3D1RIFZnvWGjYpKVp70C+Zay6gHbTFQ4MmW+Di6Y/EW7/CsDzcySvUOhJzmihSTspZF/EkGqksSGOMF6y8RHb+6uSSOtifF4VNSnNrHi2tx4sPo7HXM2BGLXL0dXduRwOqz+rIiGvmvajM/DU+LTRLx/EkVtL3ZDrCox8XRZCyUP/PPl//d/RToQQ4sGwY9s7jBk7lofHjuXhhx9mzNixjB0zljFjxvCbMWMYO3YMv/nNbxgzZgwP8RAPPeT94aGBfwf+AH7//u///m9++eUX/vM/b5P45BP9fw+k9DshYsVlKWQt5dSY79WJBoUQDw4XZxdvgp3VzJYm51fFY91BQd0UapSCUB4njeWFbNZWDHsxSCHuFdK/elDZKJt4lak3Ngw66lQIgK7v/kZcnNobTxgzZsSP9/BD/xWT/cjIVSGEEEIIIYS4pzg5W+5hWUmItwVUWjLN6Tjbb47yqGohhBBCSHBVCCGEEEIIIe4pbty3bg0yd6OHjroWkrKN0c+JKYQQQoiYkOCqEEIIIYQQQtxT9Ewr/pnNCwIWaMKDu8fGyfV5FDmXcyAvBnOfCiGEEGJYxo52AoQQQgghhBBC+Is3V9OgO8+hqiJ2N3Vx62fgt+PRm55jXn4Vzala5SkDhBBCCHFXyYJWQoiYkQWthBBCCCGEEEIIEQ1Z0EoIIYQQQgghhBBCCCF+RSS4KoQQQgghhBBCCCGEEFGQ4KoQQgghhBBCCCGEEEJEQYKrQgghhBBCCCGEEEIIEQUJrgohhBBCCCGEEEIIIUQU7v3g6u8eZdJzc5j9XAqP/m60EyOEEEIIIYQQQgghhBBeY0c7AcrG8eg/T+ZfJv+BxMcfYRwAf2By7kx++t7OV199zlf/74/8n1FOpRBCCCGEEEIIIYQQ4tfrHgyuJvPqlnz+SQ24/05X0ymufNHOD2iZ9NxUnkv6n0zN+59Mzf0rx7cexTrayRVCCCGEEEIIIYQQQvwq3YPB1Sd4RA2//GTnq387z7/1j1B18vXF43zvfIEZ/zKZxEce4XGQ4KoQQ1DpZrN86R+I+/48Hx1q4t9HO0FCCCGEEEIIIYQQD4h7MLjq9fAjejLz9GTO+Im/fftnvuWfmPzUEzwyDrjzC7+M6NGTWFqWT+I4n1/dsXO8tBrbCBzNuGQ7i+LaWVN5YQT2DhgL2bZQTXtJBZdG5ggiGnfhuvQFVrUPA0++wL8YmzgyEoVYCCGEEEIIIYQQ4lfong2u9hv3CE9MmsYTgPvvf+XKiU/4Ytw8yheqR+Z4xkK2LdQzztnoE+z0BlsXrZoxIgHQx+PGDb3RsA6gZoSPIKIxwtfFL7AKuLvOc1wCq0IIIYQQQgghhBAx85vRTkDYnI28vfsoX/zv2yN4kCSWzg4MrAJYOVK6auRGlgoRY8GB1VPs/OBrPKObLCGEdQe6cvmW44HnbqZsQT7vWwNaXcXr7+Ls4kLOuu5a6mLngS7P9/F1iTjtbhrL88k7bJN+wqiQ/B+O7to/kfvGVfyLu42yiTvoCNjWZSmkwDJ0xQh3uwdZR7mBMpl/776kXH6V6oS0PULE0j01cjXusRSey03kkcG2+cdMck1axvIwiUtn8kNdA1//EKOA6/RsEsfdoeuLcIKogVMH3KHrxEa/V66NS7az6PG/cbz0R7IqMtH2bdl1jM0fWIEZrO7/fSZ7KzIBJ40+r4lPX1VJZt8HA/429P79P59ZUUkm4Gxaxb7A99CNhWxb+ATfn9jI35/zOWZvoNm4ZDuL+k42aIqE4GkUfNPQnw4aWfPFo96RwX27D0xL38jhgT0F5WvwNkr545u3A+cxeHr6juX/WaX8umvXJRqaGRJYFUKI0eS5TbfVhtvlAVSjnRrxgOooL6S7sJrZmuHuyYPbYaPDfQspsaNhJPPfydnF+bhKGnhNH2IT+xEyqrTUvTeFEXovcAR5cDtvYu+6hRsYdlUQI8hG2WIHy47OHMXrdHfSELu2eaRJ2y9ELN0DwdU4kl6ax78k6fm9GrjzE3/rsjPusd7/93nkn1i/JdP7O/ff6er6iUcfzyRvTSZ57r/TZf2c2osdDCfMOj1BCzj5+5CDMHqDidg5XtIbZJxewt6Flax+PCBANk7Pogo1jSWr2Edv4C3xZZYarRyxXWBfyd+8+/opcLRs0sDvS7y/Ny7ZzqKKEvCdo3PQ/cOlylV8v2Q7ixJ/8gsAKhtH4sJK4ppWsaay95xM3qDvna5jrCkZCAjPWZKE7QNrfzof//4Ya/qCqdNL2GsaSEM/bSZ7Z9s5XrIKG70BRlMJ0y/1pqs/wLuq/3PTV1WSObsQo603n3sDq3T1Ha83EOobPO3d5qemVay5NJCXe1fhn8d+6enN74WV7F3o9M9P3zSOynURQghxX9FMoebbKaN80auuAAAgAElEQVSdCiHCpGHaUSvTRjsZv1ojmf9aphVnkXv4OvPfzVIInrq5dvgz5hVb7sPAKoCK5JI6HCWjnQ4h7kfS9gsRS6M+LUDCglUsMj3JuP/4/7hSu52Nm9/hwJHD7Nr6Bluqz9P+/U/cARg3jof/o50L1aWs3rqD6iPvsm3zBnbWXqbjP8aRYMpn5YInh5+gO26+H2IT45KXSRznpNF39OalChqdoJ1UiNFva/9RjbYP2nEyjscnJYV3DJ9goO2DT+i6o+XJ6cPffyh+oycvfYcTwNnoMwr1At85YdzjKb3n6Z0ywXeUKpca6LqjkIaAEa+XvrBzB5/zsVWzucR/lOqlL+zcGfcEKb2Zapz0BONw0u6Tnutdd0D7JN7dDEztMBDktnLkrJ07/dsopcdK+/d38I5e9cnPr//ml8bRui4RcV3g4JE/4+xd9U2dOI83l0ySbyOFEEIIIX5lVElLWHZ7HyftCn+0n2E/y5kfalSrEEIIIcIy6sHVuHHjgIdRP/oETz35JNrf9f7hd4+SmJjI4//jkd5XtsfxyP94nMREPY/2b6Ml4cl/4vFH1TwMjBsXdxdSnETK4+MUg7CXup3gEwgc9jGc3wWMaLTy95/gkUfvQoAOgL9x+074WxuXbGdvRSV7K7xTBIyLeyLK4yaxtKzSu6+FesYxjrjHh/hI3/UwpvD4OHB2B0ztYPuRn3iE3w9ybWw//jRkuu6N6zI0j+OsBFiFEEKIB5aLHsdop0HcHzRMK07n3OHruP1+7x21OrVIaUSrEDHmctL9q0iDtM1C/FqNenC137hHeGLSyywv38HmdW9RXr6RPJOecXf+ynd9MS/170k0zePN/m3+xJxJTzD2p+/4+y+xSoeaoeJ4APz0I8qzB4QRCAyXNrM3WDnwk6kdTtByZPQFVRc9/jeOl6xiTckxuiIIyg7oC6r2TjNQsoo1J+z47so7AlRLypK+QOYMshLHcef7dr/roTVVBuRdJtpYXZv75LoEB1hnsmjYgX8h7n9u+3k2zzGRONGA7ikT5jfO0OFW2tJFh2UHRdMHti0ob6Yn1I5d7Xz4xiukPGVANzGJlDlvc9auuGPATaflbcyTk9BNNJA4uZCyJmdY6XdZCr2LTLjtXC7/E9nPGNBNNGB84U+U1TmU51d22Thb/idywzqef9qCfhaf9184xNXO+6/nYpxoQDcxlezXd9AYMpMAPLS+lcrmttAzQXcezmZtU8Dfg/J3DR+2KS84MthCHEMv0mHn/WfXcE3h0rksheieCl4kpS/Nm/vTPDKLIbnajlD0Qqr3OjyTS1H5VToVi1hg+XqFFbU2lEtjJNuGEll5dtuvUhZQZi4H1hX7ETLeCAwGgTdvDSQqLqRl5/1n36ZxyEnG3XTW7fDPy8PthH+5ws8zd3czH76RP1BP56zhpFVpSxtli8/jwkO35W3MzxjQPbWGawqJctUVopuYycrmFtb9YaBuKi7AE1A/zW+coVMhfxQXQPE4OPtWeHXOj3VH775ctNas8c+nGqV8dnF2sbdeudqOUDA5Cd1EE+/b/bcJb18DgsvZEVoVPhDePaH3ugx1fIX2MKhsK4hp/ivwjl49wmXfyFL3Z3ykOGo1grx2nacg8J4Qzt8AcHP59eyA69zLuoPEicptqLt+Dbm1Dr9tR2xhvUjusxDF/bBPGPU/7H3Hpu+i1iX6bBTlfbs3PZcXG9D9oYSm5k2k9vcnAq+vQrsc8h6nYND6El4awm6v+9q43mMaJxpIfOM6XZG0zQMJD69tgWGUr9AU256QbXgM+45CPIDuneBqv3E88vs4fvn+z9Tu2sDbu4/iDArUebe5810jx99+g7f3/Zn/+K/hH/lStxOGGN3Y75FHUd7sDreHmlcgXM5Gb4Ax8KcynAW37hJjIXMSx3nnZPVb5CqKXS152bug2ImAaQb89E5LkJjfHzR9JGDxLPBOb6CUdzFZMOp+uC69fAOs7u8+598e1EWdhQhTj6WQjPVdpO68QteNThzf1nMgz0nZgh10+D4TuK6zYnIRpzxTKP20ybvtX2pZpjpI7lvNQQ9WHus+cl/Yx628vTR/24njhpXmyik43spjd+CK8W4bJ98o5CPmUvOVFceNTmwnZuDaUqj8kKl4HjswLz6BO3cDdX/pxHGjk/YPFqGqyaOg1n/IhKt+DSmLz+DJ3YCl73ifLEFVZfYJBvafCR3leaxoM7Ltc++2jr/Wc6rwafT5tdhvdOLwWQjCY91B9gvHURVW036jE8eNJmqLE7nyeiFnQ3b4VaTlLaHxmFLgDMBO4/l0ZqUOjLX3HucgHr/8nYunairZ5bFe5VZPWvZ1mgKvG246mh7j1TwbrUHXyUFHnRFT0si9H+BpepuMLU7mfdDkvS5/sVCa7WT3W4GrZDs5uziHtfYU9vRew64v9zLPuYO8oLyKZNsQIizP3jrYgr64xq/MNK3PocDi89CmT+H5hmb/egng/oYm7ULmW9vpDNx59zdcMWaQPOhlcHL59RxWNCWy8kRfXtayUnOBgsVXQwcgfD4fXp556Kx5hewtXSQUV/TX0+Z30rG+WchJxeFTt2ms2Mg57VJq/9KJ49u9PK+wIIomtxrHjUZ2Z6Sz+8/e/TpudFJj9t3Yg6NhB+Y3bSRvtGC70YnjRj2l+vOY14eqe74cnFxg5op+Cw19de69Jagtm3g/qG4Ec1k/oOiFEjp0ywfKxcUtmOxbyX6rXbFsdVs2stuZzp4vrThuNA0swOSxUfbCVPZ75nLgS5889xwk+4UdwWUE6Kn7ExmrfMtZG5bi8ZxbXMhln4sc7j2huzaf3Dp9f7vY9WUVy9QXWOu7yranmc3PbsX5SnX/Mes2ZtFTsZXLEUcVhpf/wTTMLsnio2N9ee+h9dhVphYHjFqNIq+jpyYtW8cVa/Awv862m8zPj6MpKLDloaPZxtQkXSwTosjTVBn2fRaivR/6Cl3/w953xH2XHWQ/G9B3eW8u1BSSV+F7jpHftwdomHa0E8efyzFllNN2o6/N8l3wqbdd9W2Xv6phpb6Ftc+Gk39D1Zeh0hBFe+1uYff6C8QXHsN2o5Oud7NIDKtt9hdW20IsyldkPPYLrJ2ziQ79amqHvLdH1ncU4kF1DwZXAf6LH5o+5esfBxv++CN/ff881uGsYBXo0nc4GUficzMG2ah3bk6FEa7TE7Rw52+0RxTA8r5SrniMwDlCozT06+7DdYfvvx50GFAEuxoi/6aXkKn1LjjVF9T0C6za2vn+DmgTBruG0brfrouXx3GWfRtWsfVQE/9+V44oxD2q+wwrqidQ8+kGpiX0PU6qiE9dTU3xLdbW+PQWNVns+dLCnjwj8X3PCiotaSXbWWm9QKPv04WnmbIFXbx68TTrUrX902+o4lNY92kd6wIDbrYuNCWn2WPW9z/UqhKmsK1kAvvrwruB9KinUPPpduYnBRzv4woSyvdx2Sd9mpztNF9S2HbncjosLf4PSj0XKGuby+FdMzH0J05LWkk1y5w7/DvwnmbKFt9k2cV/5Y/9+1ah0c9kz65JHNp+NXQARz+FZa7jfkGOfvYWzqVMGQiQua+zdsFNll08xmsB+fvaxxaWOfIpUxwtEz1DxgzONnf5/9Jjo4kMVmYbg4MBLhv1mnSSR/Dd2s7mT5i/9W0yBwok8alLqXl3it8DS3ftGg7pqrFsmkJCwDVc6drIh/botg0pkvJsP0JB1QQOf7qd2XqNf5n5tIqEqjU+D7GJmMwXaApIg8faDBnLyUn6jI6AB16X7Toa09ODvuLcXbuG3doq6nbNxKDpy0s1BvN26o5OIX6I0w0/z1QY8o7R/vFSMhM0/eVWrZ/Jto06DjUoZG7zGezZ2/3akejZaHXPoPboUtLiB84zuWgLK21naBwq2OeyUa/awrY8n+uq0TN7VzWvhfElgv2WkW2fH+M1ky7g81WssyuVrTNcYTl7zHo0frt3c219Pt2FFmqLUvzb46Jj1BXeJK88IGjUfYYVFVoOX/QtZ96833OpmmnxPtuFdU9w0dGgYtvWuT7togaDeTs1RcaBa2Vv4VTeFraZAtqpo3uZFmlUYZj5r0g/l5W39nnb8e4L7GcJsxN8N4gir4dJY8yCBlvAF0QOOtonMSs/HVdz4Jc8XTTVZZF2F+aI7dHMCPs+O6z7YZ9Q9T+SfUfcd7EF9100embvOs0B88/+6Yvkvh2hzsOF7NdVYfFtl3vrmOW9CexfdWbw1/mHXV8ib6+bTneRs2u1T/sajTDblliUrwi1OVQs+7jav98V6t4eSd9RiAfYqAdXf/hpkKYgLpnZK95hsjb0Jr9LmMwrq2eSOA7cP4X3SmVoF9h3ws4dbSZ7V/kG5/peVy9hOgMLGGWW+SxeNb2ETC04v4589Ob3t4MDdorHAKYvCVwwK5wDuP0Xjool24/85LdQUxJLy7xzrka+q5/856w1FrJtoZ7IdtW3eFUm25b4zoE6g6VLhj8n6n1zXYQQQTpO70BTvFyx8682zSCt7hu/zrtKsb+sw5B6Hd/YmqvuBI3Fq5g9VFSmT8ZcnlfYVq3VQc+tsDrIGt1jygEkVQaz8lqob/Pdi0o5UJOQSFqDzf+B5ZYDa6qRhKCN1SQYf8Bxa+A3rroTNBaGOG99Fq/2tA8yyknLtILxnGsOvm93Nl0g05zSn2ZXwxk6Quavltkly2k8Hc5IvPCpUrOY3RAwMtLeQo/padT6FBICggFuawvu7JQRHZWhGv8Y3c6h+jk2TpWPZ2WxUeGaq8k0T/IJDEey7SAiKM8dloMklCwnTalAqlJYWTLe5yFWRVr2DK61+T/Udjb/gClJjSFlAvU2v6tAR5ObnJTBroL3nNcVp0QZvIwwz5QbEVS6ScS331R4RTKdqTEb/ZzCPLNeIZ3jidc56Lml8BG/RKpRO7voiTaSptWGqA86ns/TcSowak4KUzMUOvyu65yyLWedWflhIN68ipXNZ/ym8eg4vQNNqHJGwHZh3RNUqOOc2J1DZIZqPFqHM4zRz2EYbv4rUjOtOIuPqq9y+dhVpuZn+JePKPJ62BImMc/V4j8Ng8tGvS4FQ3wipvaWgHa4ncbcLAwxTELIpOknhH2fHd79sI9y/Y9035H0Xc6aVwcE2H32E/Sb8O/bkbFxrmpCyHZZlbqcdZojXBvsy75Y1JdI2+uM6IPJPnsPq22JTfmKkM5IglLbqNRXjaDvKMSDbNSDqz+ee5eDdX/l736DVMfy6HNvsevtfCY/eofvm05R2/RdwDZxPLn6Hba//jIpj9zhr3WHeO/cj8NPkK2azSXH6HrEd17NfBKxc7x/9XcrR0qP0YWeRX3bmB6h60R0r533B+x697V6et8xVtH4k88xKirJfFzN45FG8WzVfNp1Z2Ae0lWxHNV5gX1NTp/X9F+Gs6tojCbOfamCRuc4Ehf2pnM2fFrSiDNom4G88v3pD6baqtlc0shP/WnyTh/weNwTkQdAg9wv10UI4c9BZ1sKU1NCjGlTadHjUAjQeXB127hcu4MVC8zkTk5i3rGf/V/9tbbwfFIMhtFoJ5B22z3sUUHx+hSu2W4G/8Hjott6lZPla8ibbiblqQI++jngaLoUZjUrvG6Ni8723zJ+YBgFndZ2pqWGOm8t8Uk/4BrkIVydvQjDsasBx7Jxrjqdqf3fhYWRv3ojzzfYFNI8DCojJqP/yMjOtpvkGDWgfhoTvsEADx3NN5mVMsg3wTFgKKjCZMkj943jNHaHyNjuLlpTp5AWspjrwXE78m2jEVSeHXS2Gckxhh5XqjZmEd/c1R+cUiVlkOz3pYedVkcWyRpQJ6VD0zcDddZjo8kxk7TBvuTo7qI1KSv6EcbR5pnHSWfTeT5860/kTs/F+Nwm2mI8mUX4NMTrfuDWUIdXZ7Fu423Kns2nzGKLaZBPo5uAUzG4HMxjt9GUbRwkmKYnOfsLrP2Bl6HL2cB24d4T1DxfsgF3eQ555efpCJUZ+kUczriAefoaPmxSup9EYKTyXz+XlbdKWMvyoKBa5HkdCzqSc21+07C4rS3EZyQCetIyWvymYem2fkZattKXG3eX/312+PfD0KLdd3h9l/m5kQVEw7tvR2jIdllNcraWJvsgD5exrC93tb0Op20ZyfIVBaW+ath9RyEebGNHOwFwh+4vjrLrizj+8bmXmfHcP/H7cQ/zyCO/8F3TMU5c7MDbTW3n64txJL2Uz79MepLfj1OjfeTv/LXuFGe/6CKWswN4A2hDveY+9Da2DzayJui3F9hXEjg3Z+h9XapcRah4bfj7D7Wt7wbVbA4acqucrqA0XapgTWAibf7bKJ6HwjGVtrP5nI9xyXYyaWRN4DlOL2Gv6WWWGq0csUGofBg0PYrnoZQvd/G6CCFi5DaOrhY++oOBlSG3Wcg5n/+52o6w4vUP8GTMZZ55Cisrl6NRq+muMHClfys3LidKQzxGlX/M1EXr4RKKqj1k5s1lVu5yDhSPR62+ye6JV/0/qM5i2852Ctafp3RT7+tdHieNFcWUxW2gub9v78bl/JlDLxs4FDIV6ewuHiSRqhTmzdzKOetSDH0PZdarNBbOoLR/o3DyVwXcpMcFsRs6qibZNJ61NhfzEzT0vaaaXASgIS3bySGrh+dNKqCLpvYXmfVOrI4dgkrPHz9uYnZ3M2erClnbDmmFqykt8Bkxe9uBvfkEqRNLQu8nvzbybWPiNo4uFfrBrqUKVO1duMD7er76aUyaTXS45pKgAbq/oS3laV4D0KSQ4zxChyeLTBVgb6E1dwbbBk2CA7sqMfrqGmmeue2cLd9EWfN4phXPYGreBmaXjEftuUrBm9Em4u6Jz9lOnclJR91xyl4qpkP7IqUly5mmj8X8F+EFK9y3fmCoBlYFdDv7GoAwyhkQ8T0hPos9l9LpsV7lo+1miqxapm1axcpcvc/oRhWGgmO0mx00Wg5S8ObXkLKEdZsWkRZF2zQy+a8mLTudNCYE5WrkeR0bhtQsLtd1sc1kxPtlFZhKvOkwZE+izOrgNb0O7yvUEzBV3hs33IH7bAzuhyFFvu8R7buEdd+OUBjtsgoVbfZbQOgvMYddX0arvR6ybRnJ8hUjYfcdhXiw3QPB1T63+d9fHGXXF+N49B8e4c6/OxUCprexXvxXrBfjeOwfxvHTv//I/xmFlIrRkkTK4+O48/3fRjshQoj7Thy6xBc59PFeng+jn+2uX0P26RRqv2wbmD9KkRqNFmI6kGeYPHjQ6+J6/+fm2htTOZVaQ/Nf9IPORenndgv7X95JveM2vx3/NM8XvknDphSfz6vRaB9j7cWGgUVnomAwzWBFbTvrkryjZzrqWphl3uCzRW/+DhqH8QATiI/xO/majBeh/Bvc5izUPV9Tn5LO/N6/xafMpPN0F5iM3tdUM1Kif7CMkDohgz++m8EfcdNp2UneC9fZc3GD9/XEOB36KVXUvps19LWOZNuYiEOX6Bk8puYBT0qiT9hGQ2YulFndzM5R09N+nVTT3N6/aUkzd3HKDplJ0NnWQmbqBuX99idBx7Ce8SLKMzvvv1yCc2MNtl0BhfN+WjJZpSXZvIHD5g14etrZvyqHc3kWakK8Oh4WD6AdH1a5U49/jKECsR4gQduXx3H4LXIeUmT3BC8V8UkzKX1vJqUeJ61Va8iwzKXu6Ez/uXrVOjIL9pJZAG77ecoW5lK/00JpNFM+jET+hxB5XsdI0hRmv9lOJ0YMHhv17izW9V4TVVIWhmobrjwdGvc3NJFO6d1psAblf5+Nzf1QWWT7Dr/vokIdN9jfQxv6vh2hOB36IW8NHlL144feV9T1ZbTb68HalpEsXzE2ZN9RiAfbqE8LEOwOPyoGVn3d5gcJrP4KeRf/GpeY7b+glLGQbSYtONt7R60KIUQgHYbUFpoGj9L1ctF42saykrlDPJwAqEjQPx00L+TocdPRYCNN37uSsquFU7YlrMsLN7BqY/eb4yl9by+HP2/zrlz71WkOFATOJ6rCkKSj3jrMuc71U3jVfqZ3kQ0bV5pnkOn38KDCkJTOtcHeQ7XbuJaRqDDX1zBpjOQ4vKvVu9qvk+D7Sl7C0+T0rlbfbf2MtIywojkx5l2E6cDM6+xv6H36S0gkrbmZznCKeSTbxoQOQ6qNelvodxfdtut06HV+gSqNMYvuZhseXLQ2TPBbyCYhKYuONjvgoKNuEqahHjzjJ5Dcdp3WaF+fjCTPrJ+xX7ecdaYHZ31kVXwK645uQfXWGTqGsZ9O63VMSeGNIFbpjZgGnfbDTkdDOvr+xeO1JCS1U98+1EWO5J6glDDvYi3bVFs5NciLbGr9TPZUzuBa1fVhx2hilf8h9x9xXsdKIqaU3mlY7NfpMU0auF+pjJjivNOweKzNdGcb74EVxwPus7G6HyqKZN+R9F3UxOsfo9UexrzagYa8b0coIZE063X/eXf9ePPboIvsC4WI6su91F4HtS0jWb5iJdy+oxAPtnswuCpEaJcqVwXPubpQz09Nq1hTGXoaACGESDYvobViiBVnh+K20xHwLBKfu5Tk6sq7uhqqh5+Vf992kN2uDcwLY+4zt90WnBcuB93a8WF1hjXZc4mvOOK/+nDEtEwr8HCu2Q3Wq3TkBy9UosmeO0j+OjlbcZDM/Cl+aVbrEpUfGnvOsz/sN911JOd+TZPdTUfTYwGBOz1pSdfp6O59TTVmixCF4sHlCicIZGRW4dfsrg3ngTmSbWMj2byc7qqDygtveNrZX3GL0lcCJjBPeJqp7S10ur+hSZvuXz70KSQ3fEO3y0a9LmPoxUVUKcwrvsn+qsAVyMMVYZ79VjlBLqtC3YuYCnVcO46Ret52u4YZDAyRwz3n2V2Vzqu5YT5ya7KYZ/yA3RblE+2xVLI/YyHT+nenIi1vkHLmI/x7ghtXGJnhcbliNzPjsPM/ChHnNaAeT3yzTeELBzet1R/QFNaBVSRneBeo65/beuAAJJtu02T10Nn8NVOTYh7ZDcnjCf8+G5v7obKY7Fuh72LIXoSn+gytioXWRU/ItmXo+7YilRp1202FBd+MzBqkXQ6rXxNufQmZBmLYXkfSNofXtoxk+YqJCPqOQjzIJLgq7juXKlexpsT/J5qFxIQQvzL6pdTktWCevpGzdp+HYI+T1sOFrK3v67VqSMvVsb/iDJ19v/K46KzbQcHiE8FTAKizWLdzPIdeyuf9Nmf/fj09Nk6ufwXzCASvOt7KI+9wM939ATc3nZaNmF+/ycrKuQOjODWTmKo7yO5aOwOnYudyeSEFNV3BO9YYMTk/4FBbGD14dRZ7jqooe9b/vPG46LRspKAmvNG86uxFaGo/42RdF7MyFB6c1VnsOTpBIX/beX+BmUO6Y5Sa/B+KEjLmoirfyUl733m46a7bgblCxbJ30sNKF3hff+xuO0MTwYE7Q0Yi9Q0XaIoLvcCRMuUFKwaNyrja2b84J+Cae+hp2sHaaiPzMgYeaQxF1cxrziN3/Xk6fQKynp523l+80W+l70i2jQn9UmoKb1Iwx7cOenDZz7N2TjHdxXuZHzQEWU/mzJu01jZDRuBCNomY9Ne5ZmlBnTsprNHZhoIKZlkLMfuds5vupiPkvfB2wMNr8HUJO8/0Wcy37WN3k3+Z/fCNV1jbcDsGr0mqMaQmctnSNyLSg9sdq9Ceh+66TeRO38hJq0/ddts5+eZWuotfJHmoXdQWY15/xmeBFg89bUfIe+kDEj7e4J0nNyxqnt9VTUK1mbzD7QML1XictB7OJ7d6ArWbAla91y/iwExbQDkDd3cz7y/IZXNT70UK857g6f6MtS+ZWVvru1COm87ajWx2LO9dyMdFa1URGQuO0Njt8rnmzZSt/4DkV9IjCDxEkP/24+Q+lctuayyufRR5rUph6isXKCtv7t/e02PjwzcKacp9k1fDPXJqFirrBRrbJ5Ec0AZojFl0Nh+n1Rr5CEnl1lY5aBrIVbuGgnDusxCz+6GisPcdYd8lYS57slsomLODy/2LJHrosZ5h7ZydWMeHfiNjyPu24ocSSdVf5Vx9bzTR46avyTIUVbPMEdAu956fYn77iaC+hEpDTNvr8Nvm8NoWoipfIb+Ej+hcwhRJ31GIB5gEV4UQQvxqxJurad6Vjr2qgJSJBnQTk0iZs4OOpHL25Ax0nzXmKupy7Wx+IQndRAPGl7Zyjhkc+HQ7r6Y8FrzfnO3UXVwCx4rJeMq734xV51EVVGPJi/1Im7R3ajmQeotTb+aQONGA7pk89tvT2fNlNbP9Jv/TMPs9C1PtW8l+yoBuYiq5Wy6AuQLLroWkBr1lp2P+1nSurZqKcaIBne/PM7nkvXHG79U9VdIGGj5fjqp2Te95GzC+VMIpFnKgIMynYFUK8zKOUGqdQmaIld6Dj5NExqozqIqv0LBJYeXo+LkcPjqJplU56CYaSJxcyEeeGdS8OyWy6QP0KSRUVdJjejro4UqVlIF6byVuhb+FpEthlqWAxArfOWw0GDJus/m5Qi6HGsGiyWDbpSuUxrewe6HJez2eymGFRUvp54FzRmqZfbSePaYu9vdva8K83Ubyzu3D2DY2guugibyqLky76kPOi2dIncD+vT9gSgq6CiRnxLFn722Fv4Wg0vPap1fYlmSjrO+cn8ljt93Igc/fJrN/N6GuS5h5pjJS+skWtKcLvef5lIm8ii4Mm05TsynCchhCfN5eSjlC9kQDumfMrK1zxujBWUVCXjXtR2fgqfGp2y8fxJFbS11RGHU7r4qawsfoqMj3tiVP5bCiVsXKz+sin3tUZaT08yusVJ1hxbPeNjnx2TWcUi2n4fMNCiOWVRiKTtPwjhFreV85S8W8t4vkyjq2mQbKSjj3BFXCXGq+Oswsz/H+4+ueyWO/YwqWi0t7R+1pyHzHQsMmLU17B/aVseoC2k1XOJATSWUKP/89nhiHSqLI67RNFpZxEPMzvfeY7e0YNp1mXbh1EkA9iRxnJfZHx8UAACAASURBVPt1KcGjIBOeJqehkv1JCn8LaQKpMy8w76l9fq+Ea/TpuN/KoaBu6OGCme+cZk9Y91mvmNwPQwh335H1XVQkb7LQUDKeK8tzesu1mbK6OF49updlSYPMcRrGfTuYlvmVG6B6am/aNnK5P6Ko0K5OLhg0v33PI/z2KkQaYtxeh9s2h9e29G4bQflSLufKdSI2Ius7CvGgeuifJ/+v/zvaiRBCPBh2bHuHMWPH8vDYsTz88MOMGTuWsWPGMmbMGH4zZgxjx47hN7/5DWPGjOEhHuKhh7w/PDTw78AfwO/f//3f/80vv/zCf/7nbRKffKL/74GUfifEg8BlKWQt5dSYR+AFrJ7zFG2H0vcCFmiB3hESmzC3zaU9xosguevXUHBrNZa82C/SIoS4y6w70NVNwbHJOPS2Qoj7kty3Rb9R6juKB1fXd38jLk7tjSeMGTPix3v4of+KyX5k5KoQQgghAA+t1WcwrVHoHAOoNBiyXyStIRbzRfpy03j+NvOy5QFNCCGEuPfJfVv0Ga2+oxD3HgmuCiGEEALvvGC3cA8yHV1P82d0mNMjeDUzDPYzHPrtXJ6XlRCEEEKIe5/ct0W/Ueo7CnEPkuCqEEIIIQA1mQVZnFvgXTDBd/0Fj8tB4+F8zDWJ1GxKCZ7jNEqenmY2r/+aV0vkVTEhhBDiXif3beHv7vcdhbhXjR3tBAghhBDi3qBK2kDdxWZOVmzE/PrXOG4DxKFLSef5vDdpuKSPycNUjyWf7De/RmV8mdLKqiEWqxBCCCHEaJL7tgjlbvUdhbjXyYJWQoiYkQWthBBCCCGEEEIIEQ1Z0EoIIYQQQgghhBBCCCF+RSS4KoQQQgghhBBCCCGEEFGQ4KoQQgghhBBCCCGEEEJEQYKrQgghhBBCCCGEEEIIEQUJrgohhBBCCCGEEEIIIUQUJLgqhBBCCCGEEEIIIYQQUZDgqhBCCCGEEEIIIYQQQkRBgqtCCCGEEEIIIYQQQggRBQmuCiGEEEIIIYQQQgghRBQkuCqEEEIIIYQQQgghhBBRkOCqEEIIIYQQQgghhBBCREGCq0IIIYSILXczZQvyed/qGe2U3FUd5QbKrAG/7D5D0fQ1XHaNSpL8uCyFFFhGMyFOrr31CilPGdA9ZWJF/T2QKWIILs4uLuTsA3qpRrxOWHegK7eN3P6FuIsU73EK7va9JqLjedy4f11dEyHEXSLBVSGEEELEluc23VYbDpc8wXhuO+nu6sLlHsZOXOcpeAACNO66HaxwL6Lu204c315hm0kjwad7REf5gxtAHXEPSP0cDpelMKyg2/3A3d3Mh2/0fgk00YDxhXxW1LQj1ePB4KorYUWdXE0hROyNHe0ECCGEEOIBo5lCzbdTRjsV9wRV0moabqwe7WTcE7qtXzC/4F/RAKBGrRrlBAkhhA+PdQfmN2+zrLKK5nc1qAA8TjosBymYfoGV723n+fjRTqUQQoh7kQRXhRBCCCGEEEL8itn5cNVNln1SzWyNz69VWpLztlOXYadbE/LDQgghfuXu+2kBHv9/5vF6QRaPAv/40p94fVYycaOdKCGEEEKIWHHepHW00yAeYC56HKOdhvuY1E96HO2jnYThc3XR5pxAQqgAaryeBBltL4QQIoR7MLg6jqeem8PsWb0/zw0SLP3Hxbw6O4Un/2kab+7cQ5HpSZ6cnM/KBY/fzQQLIYQQwo/yIjj98/K57ZztW9hoYirZrx+ns296Vlc777+ei3GiAd0zuRQdVprrzsXZxTvoANz282yeYyKxb/saO/27ajtC0QupvfPm/Yn32waZZ833uBNTyX59B409obcdmJMviZQ5b3PW7katS1TY2EbZRG9a/bnpbjrOigUDxzS/cYYOt/9ndz9lQPfyB/x8LA/dREPvT8D+Ikl7Pw+tb6WyuS30vLidh7NZ2zTEvLkuG2fL/0Tu5CR0Ew0kTi6krMkZsM15CiYamHUMPnrZ4HMeBnQvnwDfc1t8PuB6u2g9/CeynzH0X8eg/eNTtlztvL/YWx5SDtuD09tzBvOcM4TMHvdViqYfp9v/l3TW7egvS7pncikqv0qn0jy6rvMUBJ1DGH8L3tjvvIN+Aub4dNuvUhZQBi7bh57o11VXiG5iJiubW1j3h4H9Ky4OE1DOzG+cGai3vpsNeS1GOj/ddFrextxbJoN+FD8TUM7mrOGkfag5o8OsnwppUqwnvlv7tmtPmRTaht5U+7Rxg+ZjmPVIkUL70l+2rPtInGhgVvXP/nU7cA7aMNso33vE5fKA9NY5CL4iHrr98vWV6OdH1ehI+K2Tnkjnxw66H6zhw8HuNUEiLK8RHy+C+hbyGIPd48IUbdsYIi3h6LEUklveznCmPBdCiHDde8HVp+YxO/cPTJ7c+5P7MnlJIba94+bOL73/fvjh3n/8gvunH+9CQoUQQggRKXfbEfJe/wxNfjXt33biuFHPNu0ZzK+fp7V+I+ZVNpI3WrDd6MTxZQWm9kKKapWCALdpPZxPUd14Xj3aRNeNThxfbiH+dB5FlnaurX+FFVYjpRfbcNzopLkyg7bFxZxUeKD3WHeQ/cJxVIXVtN/oxHGjidriRK68XsjZHoVtn93Hrby9NH/bieOGleb35kJNIXkVYQ7/89j5cM5UNtsnsLKy91xv1LPNZGPt4jM+gT0j677txPHJQsivxXGjs/dnA8lRpN2firS8JTQeux7iwdNO4/l0ZqWGHqrlql9DyuIzeHI3YPnKiuNGJ7ZPlqCqMrPZNyirmUnNjU7O5cOrn3T6nIfCuR2dSf/AMY+Nshem8pFqKTVfef/efmI5+rpiCiwKZcJxnrUVTjJ31tN1o5P2In3wNvEv8qrmCJcV4q4A7uaruPKySOj/jZOzi3NY25TIyhNN3jR+VcNKfQtrnx0qj6Pl5Oziqey+vaj/vO1/PsfumYmYdtZ707DJ2L91j6WQjPUt6Itr/MpA0/oc5XzyocmtxnGjkd0Z6ez+88B1qTH7Dt/z4GjYgflNn7p5o55S/XnM60OUn5DXYqTz00NHeR4r2oxs+9xbJh1/redU4dPo82uxB5YxwOP4grI5m+hI2kDdX7zn37wpkXNzNnJt0KjM0PUTALeNk28U8hFzqemrJydm4NpSyPtK8X9LIRnru0jdecXbrn1bz4E8J2ULdtDhU608TW+TscXJvA968/EvFkqznex+66p/kCrSeuT32WY2P7sV5yt97UsbdRuz6KnYymUXkLSaLqW67VM+I22jeiw7MC8+gTt34Hq0f7AIVU0eBbX+bWx3bT65dfr+a931ZRXL1BdYe9imEIgdipFX3/mZzYv30RruwvPWHWS/cBCP7/2gci6eqqlkl4eThsjKa+THi7y+xeQeFyMe6z5yXwhIS+UUHG/lsds6RO52n2Ft3Ysc3pSC+u4kVwjxK3fPBVd/FzeOhwN+N3bcuKDtEl7ZwK7X/8DvH4Y7333CljVvsP+rv/MLD/NE1juUv5bF7+5OkoW4p6l0s1m9o5Ity0z8w2gnRgjxq9d6y8jhj1eTmdD3uKMmbdN25rdtYnPzixz+eClp8b0BPbWe+Rs34Km+SmfQntq5lVRFbUkGA7tKoXTnXFrf3EpTbhW1RSkM7GoupZt+5lBdQDTD00zZ4pssu/iv/DFJ613ABBUa/Uz27JrEoe1XB4JHnmbKFth49eJp1qX2bQsqjZ7Zu05zwPxzeJmg0jP/4yZqizJI0PTtRY3BvIVS3RGuhQj8BYkk7Ur0U1jmOs5lpYCWvYVzKVNIHuQ1WE3OdpovbWd+kk9exKewbudyOiwtwxwt5KGxvJDuQguHC4z919Gb1+WkVu/gcsABTtbByl0zMWgGe3dXzfP56RyqbVcIRLhprLvFrAxt/286DxeyX1eFxXe/Kg0G83Ys701g/6ozAaNch8/TdoTN4yuoLUlROO8jtPom3H6EgqoJHP50O7P1Gv8y8GkVCVVrODnsBP7/7N17WFTV+sDxL4LilOARRdOhIyEp+KsDWqJ5gZPXUjNErdS8VIKWWSJo3kgNUVOUsjLRTNPUzAt4KzW0QLyAmZAmUILQEUxRSBDGkcv8/gBGhhnu1/T9PA9PNuzZ692b2Wtm3r3Wu6I5neHK9g3Frk3M6TJ5Ae9G7yDUQCKqtL9FrZ/PK8H4RrxM4IfD6VzUL5gq6eG9jinJSw0mk85FZDDi63W8WeyaNnd0Z/G0aLYdr4FVxaNjsfT+hhVu9tokj2mHwSz2foyPD5YY4Rm/g3fWPcamnXN4QduxmWLVfQabpt1g5qZ7ncPF498ydtFCXLR/E1Osuruz6aPBxZLHlb+OdMSEs230AhY7617jb25YyQsVqT9ahT7qivlgNu000K987U8Hv1XF4k3lXIgpixe9XOxvXfBa2jTZgarM4LdyW0eItxkfP+fIkOmbCY0v4+RkHGXmq5eZsvcrndeOqZUTb369hykJE/Atb+R/ZV6vVWiv0tdbTb3H1QT1cXxfjdWPxcqJWTsPMsuxjL+wOhrfBQnMWjMcWX9MCFFX6j252v7FmfgtnoNHXydefGcpS0baoptKVWA7cil+M0bR7elReC1YynuvOmFhZq4drJpx/RyZQNLxJDIBaIyitTW2dXwsVefKDP8AVvoHsNJ/Ce4Ojrj7BrDS35th9R1aBQzzLIq7viMRJZnajGSqey+UjcHc9jkGyd9ICFHPOtg/ZmAUSTvsu4OLWx/0vq93sKNH8g0DiTAb7G0MjEdR2tGD3oxw1v/m38G+G8k3dL8cph7cQqiHJyMNfQOz78drVyK1o8VSD25hl9sMRnYwsC1U6su8qcGNTenQXUlEQgUnjlcidsOUvDCxFbuP649euxgWjIubUznHZGr49x3s6BESXb0kWep3bDw+iVluSgO/tGfghBQiSoxc6jGkd4W+SJt2f5kpkd/pn5uMcA6oXy62Gng0uz95jFnTDJ8H0+5TmWVZiWR4BWUkp9Cju52BNpVY2aToTFs+t+czOnhPpYfBAJ1417sVa0OqG6ATY9zsDcTTCiubBK7c0H+G4b9FHZzPGwlEdXdA/xI1p4NDCgmGYh3tSmcDAVla2RBv6OAqq8/LBleYN1fawJUbOsnFc98sxXLaVIM3NcydXelx8FftdWXaqh3xyeWMPK3CdaTDtBXKhOTSy2iUoyp9lKVNO8MjDU37MGJ0OD9EFJ0xU8zNkolJrvwY1bJYdndn+9kIAkfD7tkDsOvpwedhCXpJ4NSQHZybVsqxoWSk91RCvyltZkChSrxeK99e5a+3mnyPq67Ug1sILfV4y5LMLs/12C+bU+rNwQ42sjKZEKLm1W9ytdN4xjkrUSjaYDdkDC7t9UeoFlEoezF6dC+U5gradBlOt+shnLyUBkCbLm8zbsQY3nLvggWQkxZD6JEQLlQ5sKLkZrEfXw9qKy81zNMFJcmEenvi5T2X9dHWmCkALGjToJJhrszQS6I60sYCQIGZlLptUIonVgEyYoPYHF32c4QQon5Y0sGmrN9f5kpFB5BZ2hj4olpMQnKxKbNqLkZF8kJ3A9PHAVBi5ZhCakbRtuGMHVJewrFy1FdiCN2zmflvuTHkue44zz5DxeazVib20pn3H0/nr0qODI5m97reDC2tLJNeKKnER33HVj8vRg9zw+mJiWy8W72EhzommtNDnOhcyu+tlP/hyo2qjo2154UJsWwM0X1+akgw6iG97yX442M57diPLqXOKTWnS38lYTEVrF1ZQZYOvbkSckY/KaO+TFSMGebaF2ACFyMcGOBQ+qRXc4d+WB2PrXJyrJxIsbJJ4UZF/9R1cT5tnBhxPNLASPdULkY2oVUlLl5L5WN6N2NqlPIxemRmFLvcE7gY4cRQp1JOkKkSe+4l+TpP/ATnPaPLHGFZ7evIfjyBfYJxG+bFlwYSjGWrmT5KJ157J45EXy78P3MGes8hw28Ao/2COHelJpOsplh1H8/qnREFpU72eNNn1PpiNYYL3g8GOpZ2bIC9AwNDog28Foup8Ou1Cu1V+nqrnfe4qqnA8ZbyvHN+Hswye5kXZMiqEKKOmdRf060Z+WJXLKr0XAW2jtYc/fAE7Ra+gLVCSZeeRXdkc0gKC2TvqSqG5eDB4nH2KJJD8QoILnzQEXffCYz3dC32WE0pTE4mX2Kf9rFgVnnXdDs1wKE1FlA4OrhIFOt9ouonHlEq/cTqNpZ9caYK9aeEEKJhqLn+q/ieMkhNvsvalzqzttTte7N8WtG21NjQnYyYIHzfW0ao5fO86zaYMXM3McvSHPVBD2ZWbA+ViL0Mpk6MGb6I3VHudC5KpkZ9R6iHKz7lxpDK6UBvJq9T4zL6ZUYMmcrqaa0wN7/M8o7fVegoSpNxI4W760Zjs670bZyXTa3y/q2GjAfPo6QOKapnmErowSaMCCg2oikzgRhTQyNI7zHFlIiYG4ChkYFV1GE8m/q/zWT/VqyYVlAaQJ0aw64FHoS+sgkfbbIkk4RYU+zLDhDTyFhSof6nx9bF+TTvx+JlkUx8LwifeYVTrdXJhPpPw9dsDscrm6upU5kkxIazsVdn3i11m3HsLvqnqT2vfx3GyPjj7PrEg5mR0MNjBj4TnbQ3CKp/HZnSeeJXRLolELrnMybOPgNOk5g1bzw9yh38V0N9VAk6922s+rFiX2+uRH3HxiVuTI5S8sI8T94dYl9jdTZNrZx4/aM9uGx6hSF+DkR/4IRphd4PTNHeGCztXFX49VqF9ip9vdXse1z1VCWWu1zZM435alfGRC/jy5g+vNmgr3chxP2mHpOrT9KulMyqKjmSw0ciSVZZ0OXF4fRUGhjRam6BnXlaQX3WnDSSUzIwaWFNG/NcaNwaqMqiVo64jyyZWAVJIIp/FEtXSawKIUSFmGOpbMfMvSEV+BJmirlZDTUbsx43z2R8tkSwosSX7opXeKxM7GXr7OzKO9sjmeVYMGLp3MFwRrjNKedZGRyZPpRt3Tdx/GzNJTKKmLdqh9JrN8cNLUpVIw30ZoSZB0euDGesFZAazgHTwawufiBmNtiry07sq1HT3b5V7cR4ZQfvPOtB1I27mNn0ZeS07RwcUnyItxk2duUGiNrJrtTcTp2qy/OZGc7HLy3jh4RMmrT6DwM9ZhPS4Be2McPG7nnWfr2SgZUI1LxDH17/qA+vk8HFPcsY/dxRVuwtmBJdY9eRuQ0uE1fiMrHwxtC4IfywbA8+ZdW9rME+qogaNfY2JTtiU6wch+OzZjg+6mROf+JFnz0vc3BDzdbb7ODmzsCnj3LxAye6YI6lEmLK/HCtBh7DqiIXX7mv1yq0V+nrrQbf46qt8Hgr8YzUg4uYzPMEbhiOVQz0f38HA3e+rDeTxVL5WE0GKoQQWvWYXD3Kar80Rrq/pJs8vXaCj1ft1KZG41ddg1lv07PNvWWuVMknCP76AGeuq2B2CO3aQUpKJpgpaUcyKbpDKytuWH/sFCpij1Vk1GjBaFY7begqYrfMZX2xadcOk5Ywvn0im32u08/fRXsPXhX7FfO/iKJgmn3h40oXVvq7aH83zDMAF4sYNvusI7r4/uwMJJoLk8GGnlM0EjctzJNV+yhs04nMLXO51jcAFyWgKnzOMG9WOhcfKZBMqLc/+0q0bTcugJXj7h1Hwe/StNtW9PwM8wzAhVC8jrUuGC1c1Ko2ViGEEKI2mdLZ0YaPo5J50768kXLmWNm34+OYBHAss4ZBuc4d/IwO08JwqVbGqzKxl8N+MK/FrCI0w4mB5tEcOO7KiHnlPCc1nG3Rk5j1Uc0nVgFM7R3o8MmvXJlsX0sjLs1xGW3HkIMxjJ1sT+rx7zEf7q97LB3s6BG1nnMZw7EyeJAZnAuJprNHDY5aBUgNYn7IYALXDC7n3NrQuXs0a6MzGGk4QDKij3LO3r3+R61CHZ3PaJbPboXPoTmlToVvuGzo3D2c3TFqBnavyvBBczq7LWF1an+Wh0xi0xDLWrmOzO2HsyLgBn38jzJlw+AyEvc12EcBRa+PHh5l9L+Fi0EtfsuZbVHDmVXR0iYVYdqk2PVoSmfH3syPisGntLIHMdEc6WPHlDJ3WtHXaxXaq/T1VnPvcdVnSgf7/zA/IgafCpYGiEl+jN17CxPq9uNZ0d0N3z292VSy3nD3ORWYlSGEEJVXvzVXM8+xKz5N56Fr8QdKjDlNYldciVGomZcKEqsF/1OQWAXIrEZiFRjWQQmkca3cupSFiUNi2OztiZe3J15hadiNC2BGyRWoFPaM97flUuF2m2NVKOxeKqxbGswq76+IVVGQIPX2LEy66itIYELslqL2CurjJId5VqFUgYL2I5dgG1+4L21ilcK6r554eX9FrEqJi6crANFfzC1sU6WNobRYK3V+lC6sHAk7C7cLTQal8z9jIa8GKzWYz9afIDmn4H/N7cYwe1K3hjHLRwghGhjL/i9j5b+e0ArU/evcfzzqdTt0V2vXSuVKJUpFmjYxvI9zUQkGNi5YVKbkqNbKxF42JS9MVLP7eAZEfce5Cf2qlZjKiKnmYlYAlv0Yo1zF2rBqH1ypTLu/zIiQcC6SSujBdoxwLpmBcGDEtMt8/Em0wdFf6ojPWJ46hzHFEzjmrbA6Hl2sNmORDE6v+4KwigSWHEuYUlmhpHUXt6nEf/KZ4YXL1JF87H8Dn1fKK+BvirlZJAk1WzrWgDo4n6kJxCtb1e1I3VKuz6ro4jaJ0/47KnD9qElNrcCcpGpeR+rU1ArNfCpYXEv/DFSlj1JjuM6t/usjg9SaOOkApBL6vhefR5UeqDriKPuHO2lHQlr2f5ku6wLYZbCgcTK7/D/DZUJZyWcq9XqtfHuVv95q8j1OTyWvZash7mUcrz5nj0nFFrAypcu0JXTYtIj9NfYaEUKIstVvctUAhYFVkZqa6A6wVamqkUEtjyqDpHI2cZj0EnaKZEKLjxDd51+QGOxWcuGrZJ0RndFfRJKMgvbdKnMr1RGn9gpIjrw38nNfCLEqUHZwrcR+ikn6Vnd06D5/vHRGnkax/kwyKG0rneis1PlR6Y603XcsBhVKbCW7Wi3qhF2SYBVCiIow78eKDab4PjuBzyOS730JVadycc9cJm4qNjGxw8us6B/OxFFL2a9dQEbNlagdzBy1jKhWdhVqsnP/lzm3chWh2gVY1FyJ2Mw7o+bxQ4aBlJqNAy4RweyPKWwzo3ARnMrErm3JcOLCvP94LLd/z9aDsYzoU4FRS5bdGGrzGcu3x2gXuVGnxrDfz4OJm2LLf34RpR3OIUEcSS3aR9ECP+YM/HAdpksGMDowkntr1ahJjQli5huby14opkLsecEtnG3bj3FAOZgeBt4kO09ex5QED9zeC+JiUTKr8Py6vXWZdwNKTDs1dWLoK8H4+h3Xxqy+Es2X0z0IGzKb1yoSlo0TI/Z8xq74CqS17N3Z5HGZiaPmsiumKBFWeI5GTSN+2krGlrnCG4A5nbvbsX/P0cIEoZqMjNopJlTr59PSAefkL1gbUXtJeT2lXZ9VYe/OptHhuA0r/vcE1MmcDvRg5g+FbaRG8vEbAxgdeJz41GL9SNhSZq5zYEyfohRbda6jVE5/Mpk+r64nNP5eLOorx/F97wu6vHJv8bcOjr05ved7LmpPQeHWVeijzr0/usRxZRh8fajjv2fmi27M3B5d7LgyuLh9LvMTphZbkC+GL4c50t/fcJKxgCUuHoNJeH8AQ97bwbkrGTrn/tz2uQzxvMHiaf3u3fQw78eKDY+x9kXdY1NfieTzV91Ya/MVPs7lfPKuzOu1Cu1V+nqrofe4gmeVeK+p7LVs3o9Zy1oZON5otr73Cm7bDdyI1GnPgVnzHuNjv6PFFmJLZf8bjti98V2N3AwRQoji6jG5quCJEdNZ+IzuUH1zuxd48d/FHmjqxPgn2uhsY9HlDbxGdMEMMHMczrgRTjQF2g8ewyvP2NK0VuMuTHQaSMLui08GhTVO5Q0QqEGqzMQa3qMrM/wDWOkfUFgiwII2lTqehnV+HmT6CdbhjJdzL4QQekwd5xByaCqm273o80RnbDp2xuFFb7YxjtUTi09JNKXLvD2EeLfiwNQB2HTsjM1TbvgeNOO1DSuZ4lixWpGmjnPYs0jJtknO2HTsjF3PCSyPscNn5zp8hhioB2fqhM/O3oS94YxNR0ec3ljF6dTKxg6W9r3JeH8AEw8a+Fpp6sSYPuvxiRqMS4XmD1sycs0ehsYsov8TnbHp2J0hC4LBzZ89H46je0VnAVsOZ/FcWPtc0T6+R5tTNHXA59AB3jXdwTvPOmrP9zvb4bWA8TUy7dtqyMukLliK1RCHUm5AKhm54QdWOMfy8biCv5dNz4l8HNObFT+uY6TeuTKlx7w9TOEz3J4qPKYlkXSe9w2zHCtYQMG8H+/OA99xA7DrWPA3Lfqx6+nGZL/jFB/MZeW2juMf9ibmk4k4deyMTUdnRn8Si/OHP+hPiS3tPIxeiQ/r6V94jmceTK56grBMtX0+bRi7qDdHPIfiUOLc2Tw1hNHTd3CupvOuZVyfVaH/93TEadRSzjn6sWJA4TFb9mHxvgP4WIWzvOg8PjGAd/Yo8TlUomZrla8jS1w+2EPIPCVhK+/F0sczGOW8A6weUGySfPc57OkTzsSenbF5wpmJ/pHa5FVl+iiAHh9sZ3X3G2ybXfj6f2q0wdeHaYeX2XQykBHqzcWOazQfJwxmz173e8elvlux17JVP1bs+4EVzslsnD268Hg74/DiXDaqnyfwx0/1VqDXPzZH+njuwHTaAULmldanFFe512vl26v89VYT73GG32sq3zdaDVjCwb2T4KtpxY43CNOJ69gzuvybgKbdZ+BjPpflYbLyhBCi9hk93fO/mvppuh/vLHsB68aGfqfiWlIymZjRun2bUqZFJRO6Lo0uHk9iDuTk5EDjxjQGrp38gA93pxl8VlmGeQbgokwuUTu0pMIp72klF70CCmuWFtUMNVyLtKDOqoW27qrhROFBtgAAIABJREFU/enVTx3mzUpni3t1S0v+v6HnQCk1V4u3rxuXkmI1TyvQJpQ8zoqfn4rFK6rL1GYkU917YZYUxMa1YfxZi20tXfwBxiYmNDYxoXHjxhibmGBibIKxsTGNjI0xMTGmUaNGGBsbY4QRRkYFPxjd+3fJH0Dn3/n5+eTk5HD7diZ2ttba35dk6DEhhBCly/jBi4k3ZrBndA3XEG3QYvj8uR102bvQ4MjV+qCOWsrEg4PZZChZok4m1M+D+Ur/2lvs65/sShCTl4DPGgOLGalTubhnHm4RLxP5Ub8GvrjVgyl1jwcz8WOTW4NYgq32yetVCCH0xF5KxMzMvCCfYGxc6+01Nsqtkf3U48jVo4TFq0r5nYI27W2xLTWxCjlJv3A4PYOiPTQuTKxCDpnXS9tv2fbFJ1PhkZoWrTG8mYrM8uoKVMW+SySjKFhMyj/AYJKzOoZ5uqAkmVDvGkpq1vX5EaVSJ+xi1RxPFtVyYlUIIcQ/WQahQZmM6f8gJVaBmHB29xneYBKrkMwuPzVTvEsZ9WaqxMWtN8mRl2Vaqx41p9ftwNmrlFXiTS3p3P95eoTUQE1gIapNXq9CCHE/qdeaq1FbgojVTnXIqfgTc5I5k2TNVPeutAFykk/w2TwfAs9cI4fG2A6aiderPSsfUFECs29ZdUyjiExSgcKcktVhh3VQgiqRyBpKeOrs29MFZeGiVwU/NZdY1Uq+VMaIXSDpXjK7dPVzfoQQQghRDTE7WNvkZQY+IAPGCmRwJPB7Rrg1pJo5GWTcuEHpJU/VnDsYjmN/h7pdtOkfQU1Gxg0yDJcVBuDK8e8559a7RkpKCFE98noVQoj7Sf0uaHUnknUbvyU07Fs+mzeTBVtOkGyoDlJGMie3+DBj3hK2HzzBga8/5VJrW5QWCgCux+8k/k4mcQcvkQagsEDZwZ4nKh1QMKu2xKBSurDSs3iC1RF33wBW+hesYh/9xbfEqpS4+BZbnGmYNy5KSD5TbIp7HSuoaWpPv6LFoBw8WDzSukLPTcpU6S5eVTiFX0f0ddIqsBhXQz0/QgghhNCnvnKc+e+d4TXvB2nqaQYXt3vzseUCXm9Qs+vteWHaXea/WmJBI9RkXIlm63ujmZw8ldUPVOmGijLHZWI/dr9asABO8QS1OjWB0MAJuG2yY9M8J1ngUzQA8noVQoj7iUl9B8CfJ9lbNFc5aicrscBvnD0K7QYqYveuYFcUQCZnju0EoCkhnDTpRU9bC5SO03kx7RyKboUjWdNiOBN2ggtViSd6HfOjC+qGrvR3ufe4KobN3kWJwSjW+4C77wTG+wfci3OLZ82PJi20LyAUW38X3Zi07RaOYt3nT2iHAFycA1jpXBizTyT99J6jL/qLb4n1nYCLfwAuAMmheG3JYPG44snZYFaF2bLSeQIr/ScU7n+dgb3V/fkRQgghROVc2TOB/rPPYOrwEj4BnxhY3OQ+pI7Gt+doNqpb4TzN33Bd03pm5baOEJsg1n4ymeVhsdy4CzRphb1zX8ZM+ITj3ZUNLuaGwtRxDgf3Hmer/1zc3jpDQiaAGTZOvRk4ejYh++wfoBsIoqGT16sQQtw/6nFBq1K0Ho7XDBeU2oWu0ohc8wHfGCo203QoXn790b13r+LSrjmsOVXbgdalgmSv2Rn9eqgGF4USop7IglZCCCGEEEIIIYSoin/qglb1P3K1pOtBrJwdhFk7W1qbZJD853XulLatUoFJDtBYRVpyGlgosVCYoGjdGrhedzHXNgcn2itUJMlCUEIIIYQQQgghhBBCNBgNL7laKDPlEpnlbRS/kw/9ztOtg4ozUUk07fAktpmXuHC9/GWX/lGir5M2zr5goa3oYO3DDpOWFNQxDZNRq0IIIYQQQgghhBBC1LUGm1ytsMxYzkQV/PNO/Pmq1Vlt8IJZ5Q0z9GquJhPq7c++Up8nhBBCCCGEEEIIIYSoLf/85OoDI5hV3sHlbyaEEEIIIYQQQgghhKgTjeo7ACGEEEIIIYQQQgghhPgnkuSqEEIIIYQQQgghhBBCVIEkV4UQQgghhBBCCCGEEKIKJLkqhBBCCCGEEEIIIYQQVSDJVSGEEEIIIYQQQgghhKgCSa4KIYQQQgghhBBCCCFEFUhyVQghhBBCCCGEEEIIIapAkqtCCCGEEEIIIYQQQghRBZJcFUIIIYQQQgghhBBCiCqQ5KoQQgghhBBCCCGEEEJUgSRXhRBCCCGEEEIIIYQQogokuSqEEEIIIYQQQgghhBBVIMlVIYQQQgghhBBCCCGEqAJJrgohhBBCCCGEEEIIIUQVSHJVCCGEEEIIIYQQQgghqkCSq0IIIYQQQgghhBBCCFEFklwVQgghhBBCCCGEEEKIKpDkqhBCCCGEEEIIIYQQQlSBJFeFEEIIIYQQQgghhBCiCiS5KoQQQgghhBBCCCGEEFUgyVUhhBBCCCGEEEIIIYSoAkmuCiGEEEIIIYQQQgghRBWY1HcA5Wna+kmc+nShPUmcOx7Jheuq+g5JCCGEEEIIIYQQQgghGmhytWlrnujWn77OT2JtoSh8sCtdeg5HlZbI+bCjHDtznut36jVKIYQQQgghhBBCCCHEA6wBJVcVtH7Cib59XXiyvQWK0raysMbJ9Q2cXFWkJZ0n7FgIkReuI3lWIYQQQgghhBBCCCFEXWoAyVUzHEe8wdAu1liUzKiq0ki8EMqxY5Fcwhanvv1wfqJoOwUW7Z1wfc0JV1Uaief2s3H3OTLr4QiEaMhMbUYy1b0XZklBbFwbxp/1HZAQQgghhBBCCCHEfaLek6utR7zN+J5tij1S2ojU84R9c54wQyNcFRZY95zAWyTz4e7rdX0IQjRYRYlVZWPA9jkGOYSxPrq+oxJCCCGEEEIIIYS4P9R7crWdhXnhvzJIPLqTb46VV0tVxfULoXxzIZRvmrbmib5jGNnPGnPA3EIJVD+5OswzABdl8SZj2OyzjprJSbkyw9+JzC1zJcklapVOYhXIiA1is7zmhBBCCCGEEEIIIWpMvSdX7zHHut8bvNslkfNhhzh4PLaMKf5mdOrzAoN0FryqCY64+07Ajhg2e99Lpg7zDGC8r0fNJFgdWmMBUr5A1Cr9xOo2ln1xBnX9hiWEEEIIIYQQQghxX2lAydUCBQtWTcHJNYNrsec4tvcQZ66rAGja2olBL/aji10bzMvZT5UM64+dQkXsFt0k6r4AT/bVRntC1AZLV0msCiGEEEIIIYQQQtSBBpdcvcecNnYujLZzwTXtGhmY06bkKFVVGokXLsETTljX2ABWBWbtwfAQVVdm+LugNFAmwGHSEsbbpRHq7c++ou20v00m1NufpElLGG9XEKjduABWjgNV7FfM/yKqcCceLB5nT9Gh6PyucJ+EeXK09b39aEsWDPNmpbNSpz1JCAshhBBCCCGEEEIIUXsa1XcAFaGwaKOTWM24FkPo9iXMnf8Bq7+JocwSrZWx7xLJgNI5gBnDDG0QzKqwZFBY4+RQ/HFHnNorUMWGsA9H3H1dUCaH4uXtiZe3J5tjLXDxdCX6i7l4hSUDKmK3FPxOmzwd5s3KcdYkFT7u5R1Kmt0EFk9y1IlA6RzAKL4t2GZLDCqFPeP9A1jZ4VLh874iVqXExdO1ps6K+KdJDeaz9SdIzin4X3O7Mcye1A3T+o1KCCGEEEIIIYQQ4r7zj0iuFsgh7VIo2z+cw8Llgez9+XrNJVW1glnlHapNsK70D9BLbhYkYBW071bscQcn2itUJJ2JAqwxU0ByfLD219FfzMUrIJjSuTLDWYkq9ttii1wVJHIV7Z0onsfVGc0aHUmSioLRq9r9RxGZpAKlLQbzw+KBoE7YJQlWIYQQQgghhBBCiFr2D0qu5nL9VJC2/mrtCWaVdgQoKOwmsNK/+EjWYC4lo5P0dOhmjUKVSGT0vd8rnQ0kZkszzBYlRcnZYpIyUCnMaV/qE6O4lla5oxMPDv0E63DGO5T9HCGEEEIIIYQQQghRcQ245mp9i2K9TxTaOqvO3gzbV1DHdN+xGJzGFZQGiI4uLAmQFKmtwbovwLOwvuoEVvpPuFcXtcz2FNo6rLpUtHGglBqwQpStIMEKU917YZZ0iMPyOhJCCCGEEEIIIYSoMf/s5KpZF0a+NpwONbaYlSHBrAqzZaWzxb0kZ3QkSSPtC0sDFC8JcE/0F3PxAu0iVeN9PcpJsKqI3TK3WFkAIWqGOmEXq+bsqu8whBBCCCGEEEIIIe479V4WIDY2mUpP9Dfrwsh3PuDDhRPo2d6cxgBkkHQutsbjM6ygrqmivRMO7c2LlQQwIHodO2NVUDS9PylD/3gN1XEVQgghhBBCCCGEEEI0aPWeXL1z/FN81+zn/LUKpFgVhpKqoEqOZOeapaz7uTr1WB1x9w0oUV8VihabIjlSZ1Rp9BeRJCusGdVNqVMSAAcPFvt7F1tMqqBsAMmX2AcQfZ00vURq4eJVdhN023bwwF1WpRJCCCGEEEIIIYQQokFqEGUB7sQfZePyozTt0I/RI/rzZBtD8/wV2I2coPOIKjmSA3uDOBVfM4tcRe7yJLLbEsY7B7DSuVg7sV/h9UWJxaYI5lKyCy5KFbHFSgI4tL9OZKw1Lv4BuGh3EMPmgGDt8wrKDJSox7rPH68kDxaPK962ClWsKxCMEEIIIYQQQgghhBCiYTF6uud/NfUdREllJ1lrPqlaVQ6TljC+fWIFFqsS4sGwdPEHGJuY0NjEhMaNG2NsYoKJsQnGxsY0MjbGxMSYRo0aYWxsjBFGGBkV/GB0798lfwCdf+fn55OTk8Pt25nY2Vprf1+SoceEEEIIIYQQQgjRMMVeSsTMzLwgn2BsXOvtNTbKrZH9NIiRqyWVNpK1oSRVCxRM99cpCSCEEEIIIYQQQgghhHhgNMjkahFtkrV1e9pwnaTrDSGpWsBh0kvYKZIJ1SsXIIQQQgghhBBCCCGEeBA06ORqkTvXk0iq7yAKOUxawng7BZBMqLd/wSJVQgghhBBCCCGEEEKIB84/IrnakER/MRev+g5CCCGEEEIIIYQQQghR7yS5KoQQ9STnbiy5ucnk5aaSn5dKXu518vKuk5ebCoCxiSXGxq0xNmmNsbFlwX9N2tG4iV09Ry6EEHUjOS6JtJQb3EpNJ+PG39xKTefW9XRupaYD0NyyBc1bt6C5ZQvMLf9Fc8sWWLRthbJT+3qOXAgh6sat+J/J/iuBOzevcOdmcuF/r6C6kQyAopWSpi2t7v20suKhNo/RvMPT9Ry5EELcPyS5KoQQdSQ/7wbqO2dRq35GfeccGs3tMrfPzUkiN0e/KIqRUTNMFV0xbfo0pk270si4VW2FLIQQdSrz5i3if4nl0tlYLkf9zp2ssuvtp/75F6l//qX3eNOHFdh06USHp+zo0KUTZi2b11bIQghRp9TpKdz49Rg3fz3GzQs/kZt9q8ztb1+J5faVWL3HTR5qTssn/0ur//Sj5ZPPYtqiXW2FLIQQ9z1JrgohRC3Kz79FVmYQatUpg4nSqtBobnMnO4w72WEAmDRuj6niGR42G06jRpJAEJWjUqnw9PQkMTGRrVu30rJlSwByc3O5fPkyVlZWKBSKeo5S3M+yM7KICA4lLuKCwURpVdzJUnExPIqL4QULj1r++xE6dX+C7i8681DzZjXShrgnLi6Ol19+mREjRuDj41Pu9jdv3mTs2LFYW1sTEBAgfUwDd/36dXJzc2nbti1GRkZV3k9aWhqrVq3i66+/BmDq1Km8++67NGnSpKZCvW/lZN4k6dDnpP7yvcFEaVXkZt/iWsRerkXsBaCZlR2WXZ/n34Om0MRcbtyLivH19WX37t3s2LGDTp06lbt9RkYGN27cwNramkaNGtVBhPXbrnhwyKtKCCFqgUaj4vatLaSmTCAr45saS6wakpuTRFbGN6SmTOT2rS1oNNm11pZ4cHzyySd07NiRhQsXcvfu3foOR9yH7qrUhG49xOo3fAnfGVJjiVVDUv/8i/CdIXzi7kfotkPcValrrS0h7idJSUkMHz6cnj17Eh0dXeX95OXlERgYiJ+fH0lJSSQlJWFiYiKJ1XLk3blN/O5lHPfswuV9ATWWWDXk9pVYLu8LINzrKeL3fEjencxaa0s8mG7dusUbb7yBo6Mj33///X3frniwSHJVCCFqkkZNVmZQQaIzYysazZ26a1qj4nbGVlJTXiM7MxjIqbO2KyI3N5dPP/0Uc3NzTpw4Uevt+fr6YmRkpPPTsmVLXnjhBTZs2EBWVlatx/BPZmVlRdu2bXn00Udp3LhxfYcj7iO56hwi9obyyaTFhH1zhJw7dZe8v6tSE7b9CJ9MWkzkvjDycvPqrO2y5Ofns3//fvr374+RkRF2dnYsW7aM1NTUOmk/KyuL1157DSMjIzZs2FAnbQo4ceIERkZGdfKeWFUPPfQQjz76KI899hgtWrSo8n4yMjI4ceIEzz77LAkJCeTl5fHWW2/VYKT3l/y7Kv489DnHZ3QlIXgFeeq6+8ySd+c2CUHLOT7jKf48HIgmt2HcYM3PzyckJETbT1pbWzNp0iSio6PRaDS12nZiYiJeXl7Y2dlhZGREjx49+Pzzz6v1WVKlUjFlyhSmTJmCSlV2CZz7RZMmTbCysqJdu3Y88sgj93274sEiZQGEEKJG5JF9+xC3M7aSn5dWr5Hk598i4++1ZGUG0az5eBQPP0t93kvTaDRcvnyZRYsWsXnz5nqLAwqmJB44cIADBw6wf/9+AgMDadOmTb3G1FCNGjWKUaNG1XcY4j6Sn5fPuSOnCfvmCLfTMuo1luyMLA6vD+b03lD+O/Z5nvzvUxg1qvp05+rIzc0lICAAX19fMjMLRorFxcUxZ84cTp8+XSf9VHx8PDExMbi4uBAeHs4rr7zCww8/XKttin8GS0tLvvnmm2rvJz8/n9zcXDp27MgjjzxCo0aNMDU1rYEI7y+avFySQ78mIWgF6r9rbzR/ReRk3iTu67kkHfoc2xFzaNtrFBjVz+dJQ/1kUlISGzZsICQkhK+++goXF5daafvXX39l/PjxOiO3IyIiiIiIIDg4mE8//ZTHH3+8Vtq+3ygUCgICAggICHgg2hUPFhm5KoQQ1aVRk566gIz0T+o9sVpcXt41bqWtID11IRpN/U2B/f3333Fzc6uXxKqDgwOxsbFoNBo0Gg05OTlcunQJT09P9u7dy7Zt2+o8JiEeRLnqHL7x/YLv1uyq98Rqcbeup7M3YBs7Fm8gR10/o7OCg4Px9/fn/fff59atW2g0GlJSUnB3d2fv3r0cOHCg1mM4evQojz76KFOnTuXs2bMkJiZW6vlmZmaVGtXYpEkTWrduXdkw7zs3b96s7xBEA5J/V8W5VWOI2ehV74nV4u7c+B8XAt/i3Kqx5Knrp/RUUlISe/fu5a233iIlJQWNRkN2djbr1q0jLS2NvXv31koJI5VKxZo1a/j777/ZsmULt2/fRqPRcPv2bXbs2EFqaiqnT58mPz+/0vu+e/eu9AFC3EckuSqEENWQn3+Lm9e9Ud/5ub5DKZX6TiRp12eh0cg0eBMTEzp06MCcOXPo378/cXFxOlOxUlNTmT9/PtbW1pibmzN8+HBOnz6tM92saBpX0eiJhQsXYm1tjaurK+np6ajVarZv306PHj20U8e2b9+OWq2b4NZoNPzyyy+MGTOGli1b0rJlS15//XWD09vi4uJwdHTkxIkTJCYmMmPGDKytrWnZsiUeHh7873//0zvW/Px8fvzxR4YPH465uTnW1tbMnz+ftLSK3QAomq66detWvccM/Tz33HM6XxKysrL4+OOPtVPo+vfvz/79+0v9ApKXl8f7779Pjx49uHz5st7vU1JSePbZZ1m8eLH2/FTmHBo6niK+vr44OjoSFxenfaz4OY+NjeWll17C3Nyc5cuXV+j8iXuyM7LYNPtT4s/WXq3A6vrjzEU2z1mDOqvuSrkU6d+/P0FBQXh5eWFubg5A27Zt8fLywsHBgZSUlFpt/9atW5w8eZKePXvSu3dv2rRpQ3h4eKnbl+yDpk+fTkpKSqmjEFNTU1m2bBl2dnaYm5szYcIELly4QNOmTcuM67fffqNz586sWrXK4JTfwMBAveu2qN/p2rVrmVN3i/rxkv0W3Lv2fX19dR739fVlypQp/P333wQGBmJnZ8czzzxDfHx8qcdd/P3kpZde4pdffkGj0ZCQkMCAAQN48cUXAejduzdGRkZVPp6KxFdySrWdnR3Lly/XjgIsTWnn6sSJE9p4o6Ojef3112nZsqXB95qgoCA6duzI4cOHCQwM5KGHHtLZX2X68vtVTuZNziweys1fj9Z3KKW6EXWEn5e8SG523d8g69ChA/v372fJkiW0bdsWKBiN6OrqSvfu3Wut3ezsbBITExkwYABubm7aEf0PP/wwL730EmFhYYwePVpngaSi13PR5wZra2tmzpzJX3/dS5h/9NFH2NjYsGvXLu01YWRkpNfvFLd161aDZUQqco2WjKeinwcTExPx8PDQXpceHh4Gb761aNGChx9+WKeP6dGjB9988w25ubk625b3mctQmyU/5xb/LG7o8+axY8f0+o6KtFuRz9cl++WSP2X9DcX9TZKrQghRRfl5N7h5bTo5d/+o71DKlXM3jpvXvMjPu1HnbXfq1ImoqCg0Go12heD6lpOTQ25uLsbGxtqVj2NiYnjhhRe0i21kZmYSHBzMkCFDCAkJ0dtHSkoKXl5eLFq0iKSkJJRKJQqFgrVr1zJmzBgiIiKAgqljY8aMwc/Pjzt3ChI3Go2G7du389///pft27eTlpZGWloaGzdupG/fvuzYsaPUZMJzzz1HQEAASUlJpKWlsX79evz8/PSSxO7u7vTt25fg4GAyMzNJSkrCz8+PBQsW1Eptr+effx4LCwsArl27xtixY5k+fbr2Q+zRo0cZO3YsGzduNHhsxsbGDBo0iIsXL3Ly5Em93//222+cPXuWZ599FiMjoyqfw8o6efIkEydOZOfOnWRmZtK+fftq7/NBknnzFl96fcTVS/pfUBqalD/+ZNN7n5Bx4+86bfdf//oXPXv21FuFvVWrVnVSGy4uLo7z58/Tq1cvWrduTbdu3QgJCeHWrVt628bExPDKK6/o9EEff/wxQ4YMMXjdXrt2DXd3d+bMmUNcXByZmZls3ryZQYMGsXfv3jLjsrGxwdnZmR9++EEvAZqZmcmJEyfo0aMH//73v7VtFfU7586dAwr637feeovXXnuNa9euVfUUaaWlpbFs2TKmTJlCXFwcLVu21PZ7xaWnpzN16lSd95OdO3fi5ubGwYMHycnJKbeeblWOp7T4cnNzWbFiBQMGDODo0YLkXVxcHO+99x6enp5kZFQtWZaQkMDy5cvp27cvGzduJC0tTfteExgYSF5eQU3j7OzsUhM5ddWXN2Tq9BQiFg4k43JUfYdSroyEXzjjOxh1Wu3e9DGkRYsW2iTm3bt3uXTpEkuXLuWPP/7gxRdfrJXF0UxMTDAzM+Pq1asGX8PNmjXDxORepcXir+eizw1JSUn4+/szYcIE7c2yzMzMCt/sro6EhATefvttvXj8/PyYNGlSmf1QYmIir776KuvXr9del+vXr8fV1ZVffvlFZ9u8vDxWrVqFm5ubto+JiIhgxowZBt8bSrNw4UKeeuopvTZHjRrFH3/of9/av38/zzzzjN7nTVdXV3bs2FHhdiv6+TorK4tZs2bp9MtCFJHkqhBCVEFuThI3rk0nL/dqfYdSYbk5iYUx1/0H4oYiNzeX+Ph4Fi1axE8//UTXrl1p2rQp6enpLFiwgObNmxMWFkZOTg75+flcuXKFESNG8Pnnn5Oenq6zr7Vr15KUlMSZM2fIy8tj9erVqFQqfvjhBwYNGkRcXBz5+fncunWLL7/8ku7du2tHap09e5a5c+diY2PD4cOHycnJIScnh8OHD/Poo4+ybNkyfv/9d734t2zZQr9+/bRT4v744w8GDRrEyZMnSUpK0m539+5dsrKy+Pbbb7VT2IqmGe/evZuLFy9W6fz16tVLW2KhaEre22+/jbu7O5MmTcLIyAi1Ws2KFStITExk3759ZGdno9FoSEtLY8aMGaxfv77UKcedO3emf//+hISE6IzM0mg0RERE0KtXLzp16lStc1hZs2bNok+fPqSkpJCfny91aCsh9c+/2OD1Eel//XOmPV5PusrGmatJv1r3N6JKio+PJzY2lq5du9ZaGxqNhvDwcDp37szjjz+OsbEx/fr148yZM1y6dEln26J+8uLFi3zwwQfcunWL/Px84uPj6devn94IyKK+oORU3pSUFCZPnsz169fLjE2hUDBw4EBOnDiht0p9SkoKv/76K3369EGhUOi05e3trdOWt7c3O3fu5Msvv9Qm+6pq586dHDp0SNvn7Nu3j3/9619628XFxXHo0CHmzp2rPU+XL1/G3d2dJ554QnvTseiGY3h4OBqNhqioKDp16lTl4yktvoMHD7Jq1SqWLVvGtWvX0Gg0qNVq9u7dS0hIiMEbiBVRlDSePn269jhPnz6Ng4MDx44d0yaPxo4dy40bNxg0aBCTJ08mOzubQ4cO0bJlyzrryxuqrOQ4IhYMQnW9cqU46tPtKzFELBqE6pr+LJPadvPmTZ577jlMTU15/PHH+euvv9i7dy/Ozs610l7z5s3x8PDg1KlTDB48mE8//bTMvqvo9Txp0iQuX75Mfn4+OTk5nDx5klu3bvHNN9+g0Wjw8fHRuyaKHq9JmZmZRERE8P7775OWlqbts0ePHk1QUBDHjx8v9bkRERGcOHGCtWvXkp2dTV5eHufPn8fNzY3HHntMZ9vjx4+zZ88e1qxZQ3Z2Nnfu3CEwMJCrV68aHEVampCQEF5//XWuXLlCfn6+ts+LiIhg//79evs5c+YMbdu2JTIykpycHLKzs9myZQsWFhZ8++23ep/dS1PRz9dHjx5lzZo1uLu7az8X/v777wyuHIMBAAAgAElEQVQZMoS3336b7OzsGv8bin8OSa4KIUQl5effIi11Xr2MAq2u/Lwb3Lw+i/x8/RFJ96Po6GjtNCEjIyMaN26Mra0t69atY8KECbi6ugJw8eJFIiMj8fX1pU+fPpiYmGBkZIRSqeTtt98mISGBhIQEnX3b29uzYsUKnn76aRo1aoSxsbH2d506daJ9+/YYGRlhbm7Oa6+9xpAhQ4CCu/v79u0jLS2N5cuXM3DgQExMTDAxMWHgwIEsWrSIhIQEvvvuO73j8fb2ZtWqVdopcba2tgwfPpzz58/rjOxq164d27ZtY9SoUdopbG3btuXVV1/l6tWrxMZWf3q2RqMhKCiIn3/+GU9PT207iYmJhISE8P777/PCCy+gUCiAghEnHh4eKBQKzp8/b3CfLVq0YMiQIUREROgkYG/evMmJEyfo1q0bLVq0qNY5rKzx48fj4+ND27ZtMTIy0pn6J0qXnZHFtgXryLz5z+trMm78zea5a8jOqL9SKllZWXzxxRc4OTnRs2fPWmvn77//Jjw8nN69e2uThEWJ1tDQUJ0vshcvXuTQoUN4eHgwa9YszM3NMTIywsbGhgULFuDg4KCz76K+YNSoUSxevFjbb7Vt25bZs2czaNCgcuN75pln6N69O6GhoTqJxJ9//pm7d+/i6OgIwKVLl/juu+90rteitubOncuoUaM4cOAAV65cqdb5MjMz0+lzGjVqpDfiuLinnnpKe56sra2ZN28e1tbW5bZT1eMxFN+dO3f4/vvveeWVV5g+fbq21m2TJk0YMmQIY8aMITw8vMr1KpcsWcK8efO0x/n0008zePBgUlNTyx2ZV5d9eUOUk3mTs8tHok7/5930VqelcGbJMHIy6/fm2S+//MJvv/1WK/VWi/Tv35+DBw/Srl07pk2bhq2tLRMmTODUqVM6pY40Gg2HDh2ia9eu+Pj4YG1tjZGRESYmJjzzzDO89tprnDp1qsojxavqww8/xMvLixYtWmj77Hnz5mFvb8/Ro0e1s6oMadu2LV26dEGhUNCoUSOeeOIJ3n//fb0a223btuWLL75g7NixKBQKTE1NGTp0KP/973/566+/ymyjuFmzZrF06VKUSiVGRka0bduWGTNmaKf6//237sySPn36sGHDBrp164aJiQkKhYLRo0czfvx4QkJCdEoAlKWin69/++03nnzySWbMmKH9XPj444/z7rvvVmvwgrg/yDcEIYSolDzSUxf9IxOrRfLzbpB+4wOgeiN4/oksLCwYNWoUe/bsITAwkJYtWwJw4cIFkpKS6N69u17tJAcHB6Kjo/U+GP773/9GqVTqPNaiRQsmTJjA119/zciRI9m2bZveCIfbt28TExNDr169DI5I69atG0899ZRePVgAc3NzvbqGzZo109tHURIwKyuLn376iblz5+Ls7MzQoUMrfrLKERYWxsKFC5k2bRp2dnbax//880+io6MZMWKE3rlUKpX89NNPZdb469GjBwCnT5/WPpaQkKBdydzY2Lha57CybG1ttXUwRcXk5+Xz7eINdT69viZl3Pibb/2+JD+v8ouUVFdubi6ffvopR44c4d13363UQlGVdfHiRX755RdtzU+A1q1b88wzzxAeHq7zRfbChQtkZmYybNiwCq3yXtQXDB06tMrHUBTLqVOntH2pWq0mMjKS7t27axOV8fHxxMTEMHDgQL3rtUWLFvTr14+TJ09WO7lqY2NTodIgDg4OvPHGG7i7u/P222/z008/VaovqurxGIovPT2duLg4Vq9eTdOmTXX6ZBMTE5YuXaodlVYVxadqQ0GJl6KbauWpy768odHk5RIV8Gq9TK+vKeq0FKI+GocmL7f8jWtIy5YtOXToEGq1mvPnzzN48GDGjh3L6tWrqz0yvTRF9UO/++47zp8/z+uvv86BAwfo2bMn7u7u2qn1t2/f5vfffycoKAgLCwu9z0BTpkwhMzNTrwZpbSu68VFcu3btsLGxISkpqdRrq2/fvjg7O/PSSy8xf/58zpw5U2rsrVu35tFHH9Vpx9TUtELvFcWVLLMABX1Mx44d+euvv/RKxDz00EN6/Y2xsTH/93//py2BUBEV/Xz973//mzt37hhM5l+9erXCSWRxf5LkqhBCVEJG+mfk3P3n35XMUf9GRvpn9R1GrXNwcCA2NlY7jf3mzZt8++23DB8+XOdDVHnTUytj5MiRHDt2DAsLC6ZMmYKtrS2enp7ahQxyc3O1tTuLRnsWV5UPoyXl5uYSGBjI//3f//Hss8+ydOlSjh8/Xu7CJRUVExPDe++9x7Bhw7RJ1CLVPZe2trYMGDCA0NBQbbwnTpzg8ccfp3PnzkDdnENRdd+v3c3/Yv45U1xL87+Ll/l+7e46bTM3N5eVK1fi5+fHkiVLanXUal5eHocPH9a7sWRiYoKvry+nT5/WqXF3/fp17O3ttTelylPUFzz66KNVjtHY2JihQ4fy22+/ceHCBQD++usvfv75Z3r37q29/ov6itJGhRr6klybFAoFy5YtY926dfz66688++yzdOnShQ0bNugtbmhITR5PZmZmhafG1rUHuS+P/WoWf/8RWd9hVNvfv0cQ+9WsOm+3SZMmPPHEEyxdupR33nmH4ODgat88KU/RyM2PPvqIy5cvs2LFCnbu3MkHH3yASqXi7t27Nfp5sjY1bdoUKysrcnNzS11o1NLSkg0bNvDee++xb98+7UyKshYnra1YH3nkEXJzcyucQLeysgKo8UR2UW3yTz/9lKtXr2pLCHz88cf07NlT2654MElyVQghKij79kGyb98/U9Oyb39H9u2D9R1Gg9CsWTOefPJJYmJidGqKFv/p1atXhfZVNNr1q6++4urVq2zfvp0TJ07w1ltvkZqaql0cISkpyeCKz2q1ukJfvsuya9cuZs6ciZ2dHZs3byYhIYHMzMwyVwCvqGvXrjFnzhweeughPD099b74mpmZAWinFBv6GTt2bKn7NzU1pV+/fpw+fZrLly9rVzJ/5plntNNZ6+Iciqo5+/1Jfjl0qr7DqDG/HDrF2e8rvhhHdahUKvz8/PDz88PHx4eXXnqpzCnn1XX9+nVOnSr9b3X16lWOHDmiLQ3QrFkzYmJi9KZllqaoLyhawKWqOnXqRK9evfjxxx/Jy8sjOjqa9PR07Sj34m2VVs/59u3b1YqhKkxNTRkxYgShoaFcvXqVN954g1mzZlVohF1NHk/Tpk15+OGHWbBgAfn5+Qb75LVr11Z4tGlNelD78itHN3Llx6/qO4wac+XHr7hydGO9tG1qaoqTk1ONjEyvDHNzc6ZPn86bb77JqVOnSE5O1r6eJ02aRFZWlsFrrajWcH27ffs28fHxtG7dusyFwB5++GHefPNNoqKiiI+Px8XFhUmTJvHtt9/WWazZ2dn8+eeftGjRQts3lic+Ph5A+7mxplhbW/Pee++xfv162rVrR6NGjejYsSMHDx7E1dVVkqsPOEmuCiFEBdy9c5aM9DX1HUaNy0hfQ476t/oOo9795z//ITExkcOHD1drVWKNRkNOTo72/x9++GGGDBmCn58fQUFB/P777zRr1gx7e3uio6P59ddf9fZx5swZzp49S6dOnar0ZffOnTscP36c/v37s337dsaNG8djjz1Gs2bNql3nKysriw8++ICoqCgWLFigVxYBoEOHDtjb27Nv374qfynu1q0b7du359SpUyQlJfHbb79pSwIA1TqHJUeVXLt2jbNnz1YpTqEr4VwchwL31HcYNe5Q4B7+d7F2F25JS0vD29ubhQsXMm/ePDw9PfWmRta0ixcvEhERwddff62XAPj7778ZOXIkoaGh2lH3HTp0AAoWOSnZT2ZnZ5Odna3zmFKp1C40UrIvUKlUetuXpnnz5jz33HOcOnWKlJQUTp8+rVMSoCg2e3t7QkND9ZJ06enpHD161OCooszMTJ1EpUaj4ezZs3o1tisrLy9Pm0A1MjLikUceYcaMGUyePJmjR4+Wm6Cu6vEY0qpVKzp27EhISEiFp8jWldp+P2yIbp4/RuyW2fUdRo2L3TKbv3+PqLX9JyYmGrwu8/LyiIuLo23bttpFQ2tSVlYW+/fvN/h5xsjICGNjY+2IyqLX8w8//FCrtTdLTo1PTEwkKiqqUvs4d+4cERERWFtb89BDDxncpvio1kaNGmFjY8P777/PoEGDKl3qpDouXbrEiRMnsLa2pnnz5uVun5GRwdGjR7G3t6ddu3Y1Gkt6ejpbtmxh0KBB9OvXD4B+/fqxe/duPD09ddZfEA8eSa4KIUS5criVtpr7s0ZpHn/fXA7klLtlbVOr1SxevBhnZ+cKF6CvKV27duW5557Dx8eHlStXaqdQ3r17l5CQEIKDgyu0n9jYWAYOHMjXX3+t/UKcnp5OUFCQ9oO/sbExw4YNo0mTJsyYMYMjR46Qm5tLbm4uR44cYcGCBdjY2DB48OAqHYtGoyEvL4+EhAQSExPJz88nKyuLL7/8kldffbXU5+Xl5ZU5zUuj0bBt2zbWrFnDm2++WepIXltbWwYPHszKlSuZP38+ycnJaDQacnNzOXv2LBs3bix31NYjjzzC888/z4kTJwgPD0epVGpLAgBVOoetWrXCwcGBw4cPc+nSJTQaDQkJCXh6erJ3794y4xHly8vJ5cCn39ZLjdLalp+XT/CqreTl1E6dvKSkJCZNmsSWLVtYvnw5Xl5epSZWa6qfzMvL4+jRo3Tu3Nlg6YHmzZvTv39/IiIitEmC//znP/Tq1YvVq1ezdetWVCoV+fn5/Pzzz8yePVunhAAU1P/s3bs3Gzdu5JNPPiEjI0N73c2aNavMVapL6tu3LyqVitDQUM6dO6dTEgDu9Tvr169n4cKFXL16FSgYfbtkyRJ27tzJ0KFDtcnIoimxJ0+e5PDhw6jValQqFVu3bmXu3LnVKqGi0WjYvn07rq6u2hqFGo2G3377jWPHjmFmZqb39w0LC0OtVnPnzh1yc3MrfTxlefjhh3F1deXXX39l8uTJOjElJycTGBjItWvXqny81VHb74cNTX6OmotfzqjTGqV1RZOXy4W1U8jPqfmRxiqVCn9/fwYPHqzz+SorK4uvvvqKzz77jB49emBjYwPU7OfJLVu2MGzYMEaOHElYWJi21mZWVhbbt29n27ZtdOzYkdatW2tfzwCTJk3i0KFD2u3T09PZsGGDwXiKRoXm5+eXedPJ2toaMzMzgoKCSE1N1fa/06dPJyKi9MT2ihUr2L9/PyqVSnttzZo1CwsLC4YNG2YwIZibm8uyZct47bXX+OOPP8jPzyc/P5+IiAjCwsJ46KGHaiWRuGHDBr788ksyMjK0xzdz5kyuXLmCq6urXvmQw4cP4+fnR2JiIhqNhqtXr+Lr68vmzZsZPHgwtra2NRpfXFwcly5d4qOPPiIkJASNRkNISAhubm61fkNUNHySXBVCiHJkZewhL69+vnjUhby8a2Rl1M5oM5VKxZQpU7S1/IqSe0WLpzg6Omo/aN6+fZvw8HCOHz/Ozz//XCvxlKZFixYsWrSIzp07M3PmTO1CBKampgwYMIAff/yxQnfoLSwssLS0ZNy4cTRr1gwjIyMsLCz4/PPPGT58uHbhp6eeeoolS5aQkJDAoEGDaNy4MY0bN2bQoEH873//Y/bs2XTs2LFKx6JQKOjTpw/R0dF07doVY2NjmjVrxhtvvEHv3r31FjsxNjbmoYceIiQkhLfeeotbtwyv7p6Wlsbu3QX1J2fPnk3jxo11Fmoo+lv+P3tnHtbUtbXxNwMkATIQFRAQUJFBQQYVRREVW+tUlSpWa9Xr1Dp1cOq9V2tvr7Z2UtveOrR1oGrpAFatWrV+ijjXGZUqKiogIINCAigJU74/8BwyJ5ATArh/z5NHSfbZe51h73POu9dei8fjYcmSJRg9ejRWr14NT09PsNls2NnZoWfPnti/f79Jry0Wi4WoqCicP38e//vf/zRCAlA09Bh6eXmhT58++PPPP9GlSxew2Wx07twZT58+xUcffdSYQ01Q4689xyEvbJ5xHZlAVlCMv/Yct0rd27dvx+7du2FnZ4dvvvlGp2+xWCwkJCQAYG6cLCgowNmzZ9G7d2+Dnj2RkZFwc3PD8ePHUVNTA29vb8ydOxfFxcWYPHky/XLdq1cvVFZWolevXhrbOzs7Y968eZBKpViyZAnEYjHd7zIyMjBw4ECz7XV3d0fv3r3x0UcfoaioSCMkAACdccfd3R0sFgvu7u5YvXo14uLiMH36dFoMYLFYiI6ORvv27fHmm2+Cz+fDwcEBc+fOxfz582mPpMbAYrHg5eWFO3fuICIiAnZ2dmCz2QgJCcGNGzcQGxtLJ6kKDQ1FYGAgli5dCj6fDxcXF1y8eLHB+2OKESNGYNmyZTh8+LCGTZ6envjkk08s9tS1BGveD5sbWYc2QvHoga3NsBoVRdnIOrSR8XoFAgGWL1+O7t27azxfUc82QqFQI/kfk8+TU6dOxcqVK3H8+HEMGDAAPB6Pbnvy5Mng8/mYP38+3bb69Txs2DC6vFQqxYIFCzQ8tCUSCSIiInDu3DkEBweDw+FgyZIlBpMidenSBYMGDcIPP/xAi7m9evVC586d8c477xjch8LCQowaNQoODg5037p37x7mzZuH0NBQvdtwOBz4+vpi//798PPzA4fDAYfDwYsvvggAGD16tNFwAo2lsrISM2bMgFgspvfv8OHDmD59Ol544QWd8i4uLti8eTM6duwINptNj5H9+vXDrFmzGI/ZXFNTg/z8fGRnZzdp3FlCy4CIqwQCgWAEleopykt/tbUZNPa87hA5vw1Jm39C4ND4lz9tykt/hUpl3hJNa+Hk5ISoqCj0798fPXv2bPL2AwMDsW/fPnzyySfw9/cHAPTu3Rs//fQTPv/8c7OWJLq6umLbtm344Ycf0Lt3bwBAWFgYvvrqK3z++ef0jDuLxcLEiRNx8uRJTJs2DVKpFFKpFNOmTUNycjJeffVVi2Itjhs3Dlu2bEFwcDCEQiHGjBmD5ORkbN68mRZ4Kezt7REbG4vg4GCUl5drhDVoLK6urkhISMCGDRvo4+Dv74+vvvoK27dvNyveWLdu3RAZGYm8vDyNkAAUDT2GAoEAH374IWbPng2pVApvb28sW7YMW7dubZDIQ9ClskKJU0lHbG2G1Tm98yiUT62XCbi4uBgPHhgXXpgaJ//66y+kpKTQYoE+OnbsiD59+uDkyZMoKCig+9y+ffswZswYCIVCul8nJSXpzfY+YMAA7Nu3j+6jVL/7448/EBMTY7a9PB4Po0aNQl5eHoKDg/UmetI37vTu3RsbNmxAfHw8XF1dNcpHRUVh3bp1dNnBgwdjz549mDNnjsXeTtHR0UhOTsa///1veHt7QygUYujQodi1axcmTJhAj01du3bFunXr0L9/fwBAREQEHXKhoftjDC6XiyVLliA5OZk+d1KpFLNmzUJKSgoiIyMt2l9LsPb9sLlQoyjD/b1fNWgb58B+CJy+FhEf/onIj09Y9On1/h/wm7gCPGdml0lrk7nvK1RXMJM8Ux3q+eqnn36iJz+8vb2xYMECeiyjYPJ5UiAQYNmyZTh37hwWLFhAT1CHhYVh5cqVOHz4MKKjo+ny+q5noVCIuLg4pKSkYNy4cXRZDoeDd999F0uXLqXHxzZt2hhc3ePi4oLPPvsMcXFx9Pj79ddfY82aNTqTW+ps27YNO3fupMeZwYMHY9euXUZXSbBYLEyYMAFnzpzBrFmz6H45ceJE7Nq1S2OfmWTVqlVITk7GyJEjAdQ/h3/22Wd6k96NGjUKZ8+exTvvvKNxj9m9ezf9LM8kfn5+6NOnD1566SVwOByNSdDw8HB8/fXXeuNHE54PWD37Dmx8cDkCgUBQ45OPVoDD5cKOy4WdnR04XC64HC44HA7YHA64XA7YbHbdzQj1NyNoeeiofwBo/L+2thZVVVUoLy9DgK8P/bs2TD2Il8m24ElZEiN1WYqD0wgIxf8Ai/0smLuqEk+fHGIsFqyjMA5CyQxG6iIQLKWmpgbLly/HhQsXsH37drRv397WJhEMcPSH/TjzW7LV6he2ESN4YA/k38tFTnomXln8Ojr3CASLBWT/fQ8HNv4GUVsJvLp1Qtrxy3j0wHorDfqOjcHgf4y0Wv0Ew1y7dg3jxo3DP//5T8yYQe5VhJbFnV//i8z9/zO7vHv0JPhN/BB2TlJG7SjP/hvX1s/CkzzrhV/yGfk2urz6H6vVTzCP06dPIyoqCj/++KPRRKLNgVu3buHVV1/F2LFjsXz5cpPlKyoqsGDBAmRmZiIhIaHJkoQVFxdj5cqV+PPPP1FQUIDi4mKdMmvWrMGCBQtaxaSQrUjPyIRQKKrTE5ogjq0di5lQLcRzlUAgEAxQU1OAJ2Xmxdq0NjrCKgCw7OHgOBQi57mMtPGkbA9qa83LAk0gWJvs7GwkJyfrDQlAaD7IC0twbu8Jq9QtbCPGmIWTMHfjv+AX0Q056ZkYNvsV+PYMBJvDBovNhndQZwx9IxY56Zlw7eiOWV8txMT/zIKHv7fpBhrBub0n8ETW9Jnnn3eouHZcLlcnJACB0NxRPHqA7D+/a9A2Lj2GMS6sAoBDe1+4RoxivF51sv/8DpWlRVZtg0BoapRKJVatWoXKykpcuHABjx8/1kgEeffuXfTv3x+3b982GNqB0Loh4iqBQCAYoFy+A80h0ZNeYZWCUYG1CuXy7QzUQyA0DirDdlFRET755BPk5+cbTLZAaB6kJByySqKn4IE9MH31Owge1AMAkHb8Mrr07IouvbqBxVZ7fGWx0CGwI3qNiMLfJ66gurIKvj0DMeGDmegzZoCB2htPTVU1UhIOMl4vQT+VlZWora3FgQMH8L///c8qCUoIBGuT8dunDU70xOHpz+BuKWyuPXhS664Eqa1S4u7OT6zaBoHQ1JSXlyMtLQ2FhYXIzc1FdXXds09tbS3y8vLw22+/4e+//0ZQUJBZocQIrQ8irhIIBIIBKpXptjYBAGBn7wcWWzfOEM0zgVUoedPitpSKa6YLEQhW4u+//0ZgYCBcXFywadMmzJkzx2CyBULzIPdWJuN1Rk8cguFzx0HUVgIAKM57hGvHLiJ4UA8IhLqCA5dnh4C+3XH7/N8ozMoHADiIHDFo8nAMnf0K4/ZlXc9gvE6CLjU1Nfjwww/B4XAwcuRIuLm5YcaMGYwnKCEQrI08o2mTdBqFxQKLZf0Jy+Kbp63eBoHQlEgkEgwePBg7d+6Ev78/nXySw+HAw8MD7733HsaOHYvXXnvN1qYSbAQRVwkEAkEP1dUPUFOdY1Mb7Oz9YM8LQWnJt1AqLgIwkpWSZQ+B40Dw+JYF7q+pzkF1devNZEto3sjlcjx+/Bj+/v749ttv8e677xpMtkCwPY9yCvE4l9mlnz2G9UXv0QNgL6gT0FS1KjxIvw/3Lh3g1snD4HbS9m3gF9ENmdczUFNdlwyEa2+HsBd7Y9Dk4Yza+Di3CI9yChmtk6CLQqFASUkJnQzmhx9+QGBgoK3NIhAaxJO823ia37wmZLgCIdr3G4/2/cZD2rW/Vdp4mp+BJ3m3rVI3gWALOBwO3n77bezatQtxcXGQSuvCdnh7e2Pq1Kk4fPgwvvnmG/p7wvOH7d9YhB7o7CIAKgpwN4/5zIIEAoHQGJRPz9i0fSoUAFgslMl2QPboE0ja/vuZeKp/XozF4oHNFlvctvLpGXBFr1pcD4HQUPr374/Hjx/b2gyCmdw6e53R+jr3CEDU+BfAd6xfTlepUOLhnQfwDvaFg9jJ4LY8BwE8A31w9/ItKMor4CipK8u1t0PPEf1Q+kiGSweZG9dvnb2OtnGDGauPoIujoyM2btyIjRs32toUAqHRFF46YGsTdHDtPRquvUfX/aFS4XHaMVz93zTUKJiNJ1146QA6uvsxWifBfPr16weVqmXkLvf390dqaqrZ5QUCAb799lsrWqQfHo+H2NhYxMbGNnnbhOaPzT1XQyfMx7y58zFv7msgC/8IBEJzQVFhO3FVPcYqi+UEoWQyBI5DIHv0iVEP1traMlRX51rcvi33nUAgtBxu/cWcuGov4KH/+BfpUAAUFWVPUZSdjzYe7cDhGl7KymKz0K6DG+6c/xtPZJqT9XxHAXqNjELbDq6M2cvkvhMIhNZLUTMUVzVgsdAmaBBC39kGDt/wBFZjaPb7TiAQCAxie8/VBtL59Q8wL0zX1Tr3xLtY87sNDCIQmjm8TuMwb1Y/CLN2I/7bE8i2tUEtgNraYlRV3rJJ2/qSV1ECKwCDHqwqVTmelO5CVaXlcWKrKm+htqYYbA5Z1kIgEPRTXlKG3NvM3VF6jYhC+86eOt+XFZci784DSN3bmaxD1FYCqXs7yAoew8VHM2FLG/d2CBvSG/+3ZS8j9ubezkZ5cSmcpCJG6iMQCK2PSlkB5Hcv2doMHeQZF/E0/y7snJwh7RYNth0f0m4DEPrONqR+PZUxD1b53UtQyvLBk7gxUh+BQCA0Z1qcuFqWV4qKMCmsk39tDBauHgDdiF4VSN+xFJuuWqVRiwiZuQpThOex6Ms9tjaF0AyhhFUPOwC+Q/FSyIlmeR03N6pslMhKU1itRaUyDRxOO3C47Y0KrCpVOcpkO/C0nLkZpqqqe+ARcZVAIBiA6URWRQ8KsH99os73ZY/lELYR46/dKWCxWUbrqFJWobykFCd//T/cOK17s6upqmHMXgAouJ9HxFUCgWAQ2d1mlMhKjfKcdNzY8g4AIGDKZ/AY+LrVBNby7L+JuEogEJ4Lmq24yg+Kw/QhPqhOT8T3B7Lo7wuTv8L3zv/GO32ZW9qlTUX6Nry/uT7mR8jMVZgy+Uss9F6Atcw4PDCGt9A6MjOh5aMhrAIoTd+N7URYNYuampImb1NbWK14kozSkvVwbvcfcLh1Hlj6BFZ7+wCUyRMYFVYBoLammNH6CARC66K8hNk4+bfPpRn9Pe34ZWSFkP4AACAASURBVLPryrvzAHl3rJ+Yr7yk1OptEAiElkulrPknvkvf/k8AsJrAqpQVWFwHgUAgtASapbjKD3oN77weAVc7AB7zschuHdb8/kxg9YrFuF7WE1b1cXVzItJXTkVA5zEAiIcoofmjK6z+hE83X4DStma1GJpaWDQorLb9APa8EI2y6gJrSdEHVrOpprppH4ZPnz6NqKgonDp1Cv369WvStgkEQsNhUljs+8ogDHhtKLg8O43va6prcHrnUcgLivHSG7GwF/CM1mOqvKpWhYsHT+PQt7sYsVtWSCahCASCYZTy5i+uAtYVWCseWX+ii0AgEJoDzU5c1RBWAQB28Iiej0VYhzVXgvH2GwPqBaOCAti5ulopRIA6qSgonooAqQtCANQ5/2mFEMg9rrE0P2TmKkzxzsT2nUDc5EDaRm2vWADAqMVYE60WjECrLoS8gY8mi3B+8RG4rpyKAAGA3Bzkeng+a38A1qweACAXxxevxl4AoxZ8iQHqVZ5ofl63BCvRbgwRVi2kpqbphEWjwio/FIDuMlgWywmOorGoqryDqsobVrGrKY8BgUBoecgKmPPwl3q46Air6ohdpeDYmX5k5XDYcJIIUZxXpPd3FpuFNmbEbjUXJo8BgUBofVQUtZxMB/oE1m4zv8a1dTMsqrclHQMCgUCwhGYmrg7AdFpYrULuhStAaAQ87OoE1o8j7SCgBKPrP+HTH87Ddfi7mNZXgCyrhkgMhasUQHFhnbAa8gY+mhyI4hMLsGhv3e+zVk7FmgXQFEUFgZgy7ia2L15Qt92oxVgTPRUfzUS9wPpMWK0XP5/VtdIF25d/j/pV3FJErByPrJ0LsIj+sq5sQLGusDvAo15orbN3MUbtffY3gUAwSlN5bTZGWAWo5FW/WU1YBZo+NMLjx4+btD0CgWAZcga9NiWu+uM711bX4KmsHA4SMzNYs1hgsdlGiwhEjg01zyAkLACBQDCG4lHLEha1BVanDl3B4TtZ5L1a2UK8dwkEAsFSjD+BNjnH8cfZXFShCrkn1mHNLz9h/Y/nUVAFALrCqgJA1oGv8OH7n2CnFRN7j1owFQGCCqQn7wEQilnjAiHIPa7mCZqKTTtvosLDF6M0tszFcXWBdO9qHM8FBN4RqFvoOwYLoz1Qkb5Nty5BIAZrVCZA8QXzkmp5CwVAbka9kHr1e7y/mAirzw1Fe7B+02nkVtX9KQp4Df+a2QvGF1MS1GkKYdESYZXp5FX6YDI0QlFREd5//334+PhAJBJh/PjxuHz5MlQqFe7du4cXX3wRo0ePBgBERUWBxWIhNDQUt27VD+xPnjzB119/jfDwcLBYLPTp0wcbN27EkydPdNpbuXIlZs+eDZlMhu+++w4BAQGIjIzE3bt3AQAqlQqXL1/G+PHjIRKJ4OPjgyVLliA/P5+xfSYQWjtNISyqVCoonlYwWifXDA9Yc3kiYzbuLIFAaF0om2nM1TbBgxD58Qm9H+fAKEClAgBwBU4QdwqzqC2lnKyEIhAIzwfNzHMVyPr9C/znTwEUirqHaUXaT/h6JxeLx4VDaqcprFoLQcBUrFk9Ve2bCqTveCZshkTAWwDk3tWKvXq1EMWTfeBaHzdAL1llFYCHCN4Aro7yhQeA3EKtMAFXzyNrXGCjY7zuvZuLAdED9Hi/Ep4XlPd2Yv0m0OEB6gRWkPAAZmLtmKvNXVgFmPPeLSkpwbx585CUlER/l5SUhPPnz2PdunXo0qULior0L+GlKCgowJtvvonff6/f73PnzuHcuXM4duwYvvnmG7i6asbiLi4uxqefforPPvsMADBixAhIpVKoVCr8/PPPmD17NsrK6oSRsrIyrF69GteuXUN8fDzc3d0Z2XcCoTXDZEIrVW2t3u9ZLBb4DswGf6quqmasLlkBiblKIBAMU9lMhUV+Gw+gjYfpggygIGEBCATCc0Iz81ytgxJW6b8vbsfqtV9i/derrC6sAnVxURctXoBFO26iAkBFeqKOx6hH9JdYs1r9MwAeEEDobbzuq4XFAKR1ImxdayjLMlD4WYzXBrN3dZ3tgkBMWf0l1qxehVmNqojQkqkTWNU9WGMxhVwHNqclCKtMcuvWLRw6dAhLly6FXC5HbW0t7t+/j1mzZiEoKAj+/v5ITU3Fjz/+CAA4deoUVCoVUlNT4e/vD6VSiS+++AK///47Fi9ejLy8PKhUKuTl5WHx4sVISkrC1q1bUVNTo9FuUlISDh06hD///BNVVVXYu3cvJBIJLl26hKVLl2LmzJm4f/8+amtrUVVVhTNnzkAul+OXX36B6pnHBoFAaBrkRTK937O5HPNDAgCASmVQqKWoKNX1dicQCAQCgUAgECyh2XmuGkJRmIW7Td3o1e+R1GsVpgS8gFFI1VhW39gEUSEuUgDFKLgKwBsAJcjqcy+lYrw2hqvf4/2rAB2XdfIqzIJ5YQUIrQd1D1Zh1iH8Sc6/WbA5UtRUP2W83pYkrLI5+mMgNpYePXpAJBIBAHx8fLBs2TKztsvIyMCBAwcwZcoULF++nK6jffv2WLp0KbKysrB//3689tpr8Paun90SCoX4/PPPMWTIEPo7lUqFQ4cOITw8HMuXL4ezszMAgMvlIjIyEtOmTcORI0cwY8YMiMVipnadQGiVODkLoXzKzHR3cW4hqpVVBpNayQuKUVNVDQ6XY7SemppalMvKwOHoL6eqVeGxgWRXjcHJWchYXQQCofVhL3ZFdcXzHT7EXuxquhCBQCC0ApqPuMqVImxsHHwbXUE1clMP4exdZmNzXd18HrmrB2DAgjHY++UeC5fshyLCWwBUlCILAPZmIDfaA1KXUABqoQEMhR7QIRUFxVMRYKLMpp0R+GhyoGERl9CqUd7bibX/3mlrM1oUHI4zaqpzGK1TU1gFqipvN1thFag7BkwQEhKCGTNmYNasWUhOTsa4cePQu3dvCATmLfW9e/cubt68iWXLltHCKoWzszMGDx6M2bNnIycnR0Nc7dSpk8bfAFBeXo7bt29j9+7d2L17t972XnrpJVRXM7dsmEBorTg5i/A4lxmh8syuYziz65jRMqlHzjeozoaWbwxOziLThQgEI8QnJEImL8Wc6ZPB51s3On58QiJu3LqDeTOnwsfLEzJ5Kdau34TIiB4Y9sJAq7bdGA4eScHZ85ewcN4sSMQts6/xJC54mp9hazNsCk/iYmsTWhSZ2TlYv3kbJsXFIjS4q8Fy2v2Zaaxdvy1pirHP3PNIaF00H3HVzhXBfS2b2aqQZuLs3SsMGUSxB0fTIzAlIAKzQvZg01VKrByAj2Zm4v3NlCg6BrNmZmLTZvX4qR6ImBmKvc++C5k5vi4x1g4qDuoerD3hizXRU7FwVOozT9hnCbMqbuKoGZ6xWWUVQEBdIq264nWeqsIL9Z61Ib18IEAuMkhGKwLBLNgMCYsU2sIqANjZd0E7961gsyVobsIqwNwxEAgE+PTTTxEVFYWvv/4a69evh7+/P5YsWYLXX38dPJ7xl0kqLqqPj4/e352czF8yXFlZicLC5plcgkBoaTgy7LXp090Xwja6HuNlj+XIu/MAncL8YWfAs5WiSlmFe1duoa2nC9p46r7QV5Q9RcbFm4zZzNQxUCiU2Lh1B+5l6sYmdJaIGywuHTySgvyCQkybNJ4R+1o6mdk5+ClpD+bOnNJiRTp1GnN+FQolZPJS+l9C02AvbtnCIovFgaNHAJSyQjzJa1z2aKaPwcEjKThwOJn++3kcI63dn1vTeNFSz3VLtft5x+biavrdAlQF+MD447J5VDGYpECdq5sTka6xtP57vH91DBau1kx8VZELhCBVzTk0F1kYr1ZGLTEWxd7VWITFWBP9JdZEU5sdx6IvzfOKpWwbsPpLDACQe/M4Mi7chLd6fahA+o7VINoqgWAeTC6Jt+MFwVE0XkNYrYMDNtuwgGnrGKtMHgMej4exY8filVdeQUFBAXbs2IH33nsPxcXFWLhwocElvEDd8n4AyMzMRL9+/XR+Ly8vN9sOLpcLoVCImTNn4uuvv4aDg0PDd4ZAIABg3mvTw88b0ROG6IQGeHAzEz+89z9EjX8B7Tsb954pznuEwsyH6P/qi/DrHaTxW211Dc7vP8mouMr0MQgPCWLkRSq/gEwiqSOTl0KhbD3pPBtzfvl8HhbMnWkFawjG4EmstCRepUJl2SNUP5WD38YTbDt+o6qprVJA8TgHXAcx7IVtAZbmZL+9xBUBUz7F4+vJuPx5XKPaYPIYxCck4n7WA6xctpgWUw8eScHa9ZsaJLC29DHS2v25NY0XLfVct1S7n3dsLq4qkr/CP5NNl2sa9mDtYn2iZio2LU81s6wmBZuXYpOpQntXY5Ex5ZOOn6oPfbYBe4mSSiA0Go4R0bPBdXHagc12Qm3NI5Q8/hQ8fhicROMBI1NKthZWAYDDYeZhmEo0xeFwwGKx4ObmhoULF6KkpARHjx7F9OnT0aZNG4Pbd+7cGYGBgTh+/DjGjBkDR0dH+jeqjr59+8LT0/SSJScnJwQGBmL79u24ceMGevbsafkOEgjPKU4SZj1XL/xxCl16dUWHrh01vhdKRXDv0gHFeUUmxdXSRzIU5xVB4qo7pjzOK8KVw+cYtVniwuwqBwKB0LqwxGuzsvQRoFLpCJ6q2hrkn0lC2nfzAABtug9GtxlfgSd1b1D9yuI8/L3lXTy+dhQAEPTmerj1jQOLrTvhre87cxG07dDobdXJzM7BjVt3MCkuVkNEHfbCwGYZ1oJAIDx/2FxcJRAIhOYG174zc3Vx3cFi2aOmthBVyjTw+GFGyzcHYRUAuHaWPwyrVCr8/PPP+PXXX/HBBx8gLCwMHA4Hf//9N5KTk9GhQwdwuZq3oRMnTqBnz55QqVTgcrnw9fXF8OHDsWbNGojFYixcuBDt27fHw4cPsXbtWiQlJWHVqlVmiascDgejRo3C9u3bMXPmTHz66aeIiYmBvb09SkpKsGvXLkRFRcHf39/ifScQWjtunTwYra+yQomTif+HkfPHQ9RWQn/vIHKEi3d7PM4tQk11jcGkVqpaFYoe5KNLRDc4agm/iicVuLD/FB49KGDU5raeTZuoJT4hEQAwqH9frN+8DQpFnTfmjMkTEBrclY4jVyKTAwAuX03TWTIbn5CIy1fTAOgup6WWIarXT9UNAKnXb2DLjl8wfEiMhphBhTWQiEW05y1VlkLbKzf1+g0kJO3WiOenrx5TNlFQ8e2oY9LJxwtzpk/Gz7/9Tu/v8o9Xaxwv7eOh/Zup9rWPtynPY+3wD+EhQXrLGarX1PnVPub6zq+pGKbabZhacq19/LSPgalr1lBdnXy8WkWcR5F3cKO3vbdnDRw9/CHs0E1DYK0oysK939fSfz++dhT5f+2G10tvgsUx79VeVVON/L9208IqANz7fS3EXSLg4NpJt3xtTaP3w9Hdr9Hb6uNhQaHJGJaN7UPq6IuHrC+OJnWNh3UP0uh/+q5xQ/YZskE9BAI1plG2aPfnzOwcbNnxCybFxeLgkWP0OKNvu/TbGRj2wiBs+fEXuk9qj+uG6p8xeQKOnTyj0Ve1Y0Zrh26g0DdGGqqXKmvsGOg7luaca3XUx01950F73ObzeXrj0KrXw+fzMGJIjM7+ax8X7WOub3+0r1Fz7SHYBiKuEggEghY8fgjqPEurLK6Lw20HwA411fkAgNqaYlRVZoLF4oLNkYLNro8x2FyEVRbLATx+KAP1sODl5YU7d+4gIiJC4zehUIi3336bTlIVGhqKwMBALF26FEuXLoVQKMThw4fRp08fLFmyBBkZGVi9ejVWr16tUU9cXBymT59uNLSAOj169MCqVaswe/ZsDBs2TMemLVu2EHGVQDADn5Au4HA5qKlu/Eu3NncvpeNU4hHETB0BvmNd0js7nj3c/bxw41Qqwl7srTcuKwAon1Yg52Ym3Lt0AN+pPmFedWUVLv5xGpcOnmHMTgDgOfDRMaQLo3Waw+WraZDJS7Fy6WLw+TzEJyRi176D8PHyhEQswtKF83UESkBTuPzm8xUA9C+nvZeZDYVCSdevTmhwV4SHBCH9dgYGRUXSv+cXFqG4RIbYkUMB1L9kUuIC1faXGzY3KnGTMZuAupfRrT/+ipjofvSLanxCIo6dOotpk8bDzdVFr6iovcSYEk4eFhRqvPDqa19bZKH2MT4hUa/ASv0OAF+sWAY+n0cfp04+XnQ5U/UaOr+p129g176D9L5Q2+3ef8jsUBMKhRLxCYno6N0BK5YuAlB3jRiqgxKVqOuJsj31+g0NUcnUNWvsXAj4jVvu3lyQdu0PFtcequrKBm/7JO8WLqwcgTbBg+DkEQCfEfPB4TtBVV2Fp/l3NcrWVD4FVLUAANntc8hJ/kFvnZ4x/4DErzegqq3bRo2n+Xehqq577q1RlCPzj3WoKMqCqrYGZVlp+qozCVcghLRbtOmCZuDm0g7ubq60OGXIW7WxfcgSKEFQfWxVHwPVMbefURNZ33y+gt6nY6fOGvXSVSiV2PLjLzpJ6zZu3aEx9t7LzMbBI8foPqkuDJqqf8267zFj8gRMmzRer10Hj6Qg+cRpLJr/Bny8PHXuB+bUS21z+WoafQyofVFvq7Hnmooje+BwMsJDgjTqVz8PhsZtylbtiUftex4lXFNl1I+LTF6KDZu3I9DPV0MYNec+bsoegu1g29oAAoFAaH7YwZ7fnZGaOFxXALWorZUBAJ6W/4HHBW/hUf4cVFfdo8s1F2EVAOz5IWBq7i06OhrJycn497//DW9vbwiFQgwdOhS7du3ChAkTwHrmjdG1a1esW7cO/fv3BwBERERApVIBAFxdXZGQkIANGzagd+/eAIDevXtjw4YNiI+Ph6ur+d5jLBYLEydOxMmTJzFt2jRIpVIIhULExcUhJSUF48aNY2S/CYTWDofLgXewL+P1Xjp4BqcTj0D5RAEAYLFZ8PDzRt6dB8i/l2twu+KHj3H7/N/oENiR9m6trqzClf87h2M7DjBup3ewL9gGvGgby+WraXjrvQ/oz5IPPkZmdo5GGW3PnUH9+6JCodApp82xU2dRIpPTAigADIqKhLNErLEti8XCxHGjDQqgYd2DkJdfgPzCIvq7m7czIHWWwM2lHWTyUuzadxDDh8TQL3p8Pg+xI4ciL78A6Xfu6q3XGKZskslLoVKpEOhXfz1OmzTeqEiQev0Gbty6g+mvv0oLfD5enoiJ7oez5y9pJHHRbl+hUGL3/kPo6t9FZx8f5hfqTQBz7NRZ5OUXIHbkULoeSqymaEy9FKHBXbFi6SJ6X/h8Hgb174v7WQ/MTkijUCpRIpMjrHu9TcNeGGhQgJo2abzGbz5enujq3wVXrmkKcaau2dTrN3D5ahpeeXmYzrlo6bC49pAGRjV6+xpFOQov7IMs4wKqFXUx5nkSV7hFjtUoJ/IJAYtrDwB4WnAPD08n6v08LbhH2yXyCdGowy1yLB0ftVpRDlnGBTw8nYj8s781OpmVc2AUWBwmMqvUXdNzpk9GJx8vHDicjLfe+4AW+Cks6UOW0MnHCxPHjqb/HhQViU4+Xjp9ATC/n82YPIEew6i+lX47Q0Ow08ekuFharJOIRXjl5WE6Y7azRIxpk8brjEXm1K8u4mnbpVAokX47A139u9A2BHTpbPBYGKvXWSJGeEgQfQwkYhE6enfQaMvScz18SAx93CViESIjemiMmdR9U9+xOnbyDJ3wa9e+gwgPCdKxQ/2e9bCgEO5urnBzaUe3t3TR/AZ5nJpjD8G2EM9VK3F181IssrURBAKh0fAFfVGpuGRRHSyWAGxOWwBsCBwGo6ZGjnL5D2CxBODxw8Fi1cUPbU7CKgDw+MzGInV3d8eqVauwatUqg2VYLBZiYmIQE6O7jAYAHB0dMWfOHMyZM8dke8uXL8fy5cuNthUSEoKtW7eaNp5AIBgkIDIY96407qXbGGd2HUNZcSlipo6AqK0EUve26D6oJ64fuwTPAB8IhJrJ6KqVVUg/cw0dQ/zg4t0eAPBEVo4zvx3FX3uOM24fAPj2CGC8TqYSWmlDvfB29O6g4bnJ5/MgEYvMWmZL4ePlCQGfj5u3M+Dj5UnXHeDnCz6fh/Q7d1Eik6O9q2asScrr7Mq1NMa9a9xc2kHqLGmQ986Va2kQ8Pk6y3AD/XyRfOI0MrNzDNaTX1iEvPwCDOrfV+N7qi6ZvFSn3nytF+vG1mtse6qM+pJSPp+n1x59UOKFvtAPxtAOR9DJxwsKhdJsD+WHBYVwlohb7bJWlx7D8fi6ZQlGitNSUFFwHzyJG7iOEvhN/C8cXDtBUZwH114j0Sa47tmpRlEO+d3LBuuR370M114vg8N3QpvgGIQt+hkFF/aDL3WHZ8xUcB3rQrJUFNxHcVqKRTYDQNvugy2uQx31REtUGAnKu3HYCwMZ6UNM2SkRi+qS6Wn1hcb2s8aivu/GcHN1wf2sB1Aoze+7DcHN1fz4w3weD84S/atUKKx9rql7m7NEDD5P83iEdQ9CQtJuWrCuUCg0xHJ9UPeWVWvXNSj5WkPtaa3jaEuBiKsEAoGgB56gJ1BiWR12vACwnwmoYNnDSTQejsLRYLF4oBYONDdhFXi27wQCgWCCzuHMC4wU11MuIfN6BgZPHQn/PkEIGhCOnz78Hr4XAhA8sAdY7GeLr1QqPLh5Hxf+OIWX33oVPAce0s9cw5ldx5B7K8tq9llz360FJURoYyj2pz4o7x4qNAAVEkDda5QSFvRBiQ1MQgku8QmJtMhnjlCt7yWVwhzBWV1QVEdbxKC8myRikVmihbF6DYkF6qIqJTBTcW0bAhVG4cDhZBw4nKw3xiEFJao6S8T0cn4qTmVDyH8mrho6Fy2dNgwJjPf2foluM7zBk7qD59wencf+S+N3VW0NCi/uR85RwxPHOUe3QuLboy5xFYeLtqFD0DZ0iEYZZXEe7u39khGbmdp3fUybNB4Tx47Gxq07kHzitMYY1Jg+xDTGxMqG9DNLkYhFEPD5Jse09q4uqFAozJ6M0QflMZ+QtBuZ2Tnw8fJE+p27tNe+NbD2uTY0blPjuno5Y/h4eWLZorewdv0mvfG/mbaHYBuIuEogEAh64HBcweF6oqba+FJLY7BZTmCx1JdDscFi8aBSPUVN9SNUVz+A8ulfqHh61GAdTQ2H6wkOp2mTtBAIhJaJxFWKNh7t8Di3yHThRlD2WI49axMgbCNG8MAe8AzwwcFvd0Hg5IDOPQLBYgHZf9/Doe93o0PXjih++Aib3l3LeOIqbdp4tIPEVWrVNqwBU56xgX6+OHPuIvILizRCAlAYe8kzV2BsDNQydXVPSmP7WyKTG/TS0va81UdDX4z1ebE1tF5DwvTu/YcAgBY5LYHKvk7FM9SO1whAYyksE9eUsXPR0hG084KDmy+e5mdYVM/ja0dx59cV6PzKPyFw8dFIclVbpUDBhX24ue2fJuu5ue2fAJsD114vg22nFtNWpUJFYSbu7vpMI9FVY3Fw84WgnZfpghZALb9ev3mbhijYmD7ENKYmDQz1M6aRyUtRoVCYHNMeFhTq9eZvKNTqhjXrvgdg/YRL1j7XhsZtbe9kc4RNiVhEx9mlJgOZuo8Ym9QkNB1EXCUQCAQD8AQ98bSs8eKqouIkOKUusOcFoaa6AJXK61AqLkOlqmDQSmbhCyJtbQKBQGhBdO4RaDVxlaLssRxnfqtfVvvLyi06ZR49KMDdS+lWtYPCv0/jM4BbG30vWHw+DwF+vnQsUUtfwKhl+DdvZyC/oJAOCQDUx8rT9pIytITTGlAx6KiXUH2iQlj3INy4dUfneNy8nQEBn29UCGhoiAP1429MQDSnXmMv0NphHyxFPQatIbtNLYU1B0PnojXRNmQwsi0UVwHg4ZkkFF4+iPb94iDx7QUW1x6V8gI8PL0TpfevmFVHjaIcaRtnI/vQd2jfbxzsxa5QVVc+i7GahJpnsV0txaXncEbqaQiW9iGmkMlLcT/rATp6dzA5YaDdz5jm5u26687YPhtbct5Qdu8/pJGsy1pY+1wbG7evXEujw7xIxCK99zxTxI4civtZD/RuZ+o+bswegm0hCa0IBALBAI7CWACWBeJ/UvYbSh79F6Wyb6GoON2shVXADg7CkbY2gkAgtCB6j4oGx+75mavn2HHRc3jzTrRDLUdV96ShklfFJyRqePOknDrbYO8eaunnmXMXcS8zW2M5LpVA5cDhZKRevwGgPsmMu5srArp0BlDv3XTs5Bm6THxCIopLZA3e39TrN/Dlhs30flDCBiX6SsQinaRfocFd0dW/C7b++Ct9nDKzc5B84jQiI3oYfSGnvOVu3LqDg0fq41LK5KX464L+eJeBfr6oUChoD1PKbvUwDebWq+/8an+nHQfVHDKzc7BqzTq6DkOxeoH6mIjqSWqoGJgNhboWdu8/RJ9D6ly0Frxemg22HTNeuTWKcuQcjUfad3Nxff1M3PpxmdnCqjql96/g1o/LcH39TKR9Nxc5R+MZE1bZdjx0GDydkboo4hMS8dZ7H2j0De2xxZI+pE1Y9yDcy8ymk/BlZucgIWmP3rLq5YB6T3J9S+Eb0s8ag3piI6ofxUT305gwKpHJcVbteOhLuNfcYfJcG0LffZMatwf170vfXzp6d6BjdQP116X6vTU+IVHDzszsHFQoFBr3T3XMvY9r20OwLc/P0zCBQCA0EA7HFQ7CEXhapv9hqrXhIBxBQgIQCIQGIXGVosewvji/94StTWkSegzrC7GLs1Xq1hcTtTFLKgdFRSL9doZOXDcqLumSDz6my7Z3dUGAny/c+A3zePHx8gSLxYKzRKzjLRMa3BUzJk/QEPe0l49TIuyWHb/g8tU0ej8psbWhSMQijf1SzzJNeYZpx2OdNmk84hMS6eMEmL/UXz1+3oHD9V7VfSN6IDS4m85Lrnr5t977gLZj+JAYpN/OaFC9+s6v9nfhIUFYNP8NowIrJQocOJyM9q4u4PN421Ve+gAAIABJREFUCPT31Tge2lnQKdSXY1P7M2PyBLi5umjsjzlIxCIsXTgfG7fuoM9hJx8vjH15GA7837EG1dVcEbTzgmfMP5D953e2NqVJ8Iz5B/htOzBWn0KhROzIoQjrHoQtO37R6BvaY0tj+5B2v6c84Kk+1MnHCzMmv4oNm7fr2NfJxwtnz1+iyzpLxAaTFikUSrP7WWPw8fLE8lWrafFNX9IsZ4kYMpmc7rtMLt2PHTlUY5yjsEZ4gMaea3Nt4PN5mDN9ssbYxOfzsGj+Gxp1TJs0HgePpGiEQpgUF0snFpTJSxHWPQi79h3UsNOYLYauUXPsIdgOVs++A1W2NoJAILQOPvloBThcLuy4XNjZ2YHD5YLL4YLD4YDN4YDL5YDNZoPD4YAFFlisug9Y9f/X/gDQ+H9tbS2qqqpQXl6GAF8f+ndt9H3XGGprZSjKmw6V6ikj9TVXWCwHtHOPB5ttPDsngUAgaPNEVo71b66C8qnC1qZYFXsBD29tWgYHsZOtTbE5CoUSG7fuQICfr9WzXRMIrYHK0iKcXtwL1RVltjbFqnD4QkStuQh7UVtbm9IkUEncrJWQylyo2K2T4mKNThAdPJKCs+cvNSpjvSmo+8Kg/n11bGgux4nQMkjPyIRQKKrTEzgcq7dnx6pmpB4SFoBAIBCMwGZLnoUHaN04iV4lwiqBQGgUjhIn9B4dbWszrE5U3AtEWH1GfmERiktkBpc0EggETexF7eA1dI6tzbA6HUe9+9wIqwRNqPtCa42dTCCYgoirBAKBYAJH0Viw2RJbm2E12GwxHEWv2NoMAoHQgukzZiAcJa1XeHQQO6HPmAG2NqNZQMWT6+TjRZYiEggNwHvYXNiLWm/SGXtRW3g/BwIyQT8SsQgsFksnvMvBIykkLijhuYDEXCUQCAQTsFgOELdZjJKi5QBaWyQVFiRt/gVLE3cRCITnG54DH6PffQ0//XcToGpl4ySLhVcWv/5cJe7SB7Xk815mtk6cQwKBYBquQIigN9fj8upXW+U4GTznO8YSdxFaHhKxCAvnzdKJueosEWPlssXEo5XQ6iExVwkEAmO0xpir6jwp/RVl8njG67UlQsmbz0XYAwKB0DScTjqK5O1/2NoMRhkyczR6jyZeqwQCgRnu7/sKGYkrbW0Go/hP+ui5CHtAIBCsD4m5SiAQCK0cR9GrEDgOs7UZjOHgNJwIqwQCgVH6xQ1G+Et9bG0GY4QPjSTCKoFAYJSOL78Lj0FTbG0GY3gOmkqEVQKB8NxDxFUCgUBoAGLpfNjxutnaDIuxsw+EyHmerc0gEAitkGFzxqFD1462NsNiPAO8MWz2WFubQSAQWiGBU7+AxK+3rc2wGLFvTwRM/dzWZhAIBILNIeIqgUAgNAgOnNt+ADan5WZCZXPaQtruvwCsv8yCQCA8f7A5bIxfNh2iti03EaCwjRgTls8Em0MelQkEAvOwOFyEvrsDPKm7rU1pNDxnd4Qt+hkszvMdj5pAIBAAIq4SCARCg2GzxXXiJMve1qY0GBbLAdJ2K8Fik6DyBALBejiIHPHq8hng2re8ZHn2Ah5e+/ANCESOtjaFQCC0YuyEbRC28Cew7fi2NqXBcPhChC/5FXZOUlubQiAQCM0CIq4SCARCI+DadYarewLseWG2NsVs7HkhcHHfBq5dy1+uSyAQmj9unTzw7g//QceQLrY2xWx8uvvi7S3L4eLT3tamEAitHoVCiS83bMYHq9ZAJi+1tTk2QegdjOj/pUHareXEdpZ27Y/+X16BU4eutjYFB4+kNPj60d4mMzsHSz74GPEJidYys0mRyUvxwao1OHgkxdamEAjPFURcJRAIhEbCYgshdfkYDk4jbG2KSQSOQyF1+QQsttDWphAIhOcIgdABk1bMRo9hfW1tiknChvTG6yvnQCB0sLUpVuHgkRSriAcyeSlWrVmHzOwcxutu6ZBjYxyFUokSmRwVCsVzK64CgJ2TM3r8cyc8Y/5ha1NM4jHwdfT41y7YOTnb2hTGkMlLoVAo6X8Jjcda9xlrQMZnAtOQACkEAoFgEWyInN8C164TSks2Aqi2tUFacCGWzofAcaitDTGKTF6Ktes3ITKiB4a9MNDW5jQJLWmfU6/fwJYdv2D4kBjaVsr+EpkcfD4P82ZOhY+Xp8m6MrNzsH7zNkyKi0VosPleL43drjkQn5CIy1fTAEDjGD4vsNgsDJ87Dq4d3XHo+92ora6xtUkasLkcDJ8zDmFDWn5yGWPkFxRapV6ZvBQVCoVV6m7pkGNjHIlYhBVLF9najOYBi43AaWsg9A5G+vZ/QVVTZWuLNGBx7BD4j9XwGPi6rU1hnNDgrvjm8xW2NqNVYK37jDUg4zOBaYi4SiAQCAzg4DQCPH4ISku+hVJx0dbmAAB4/J4QOc8Gh2ta8GoK1AUmAHCWiLFw3ixIxCT+a3MiPiERbq4uGgLgw2cPy+oPzbv3HwIArFy2mPFzqM+Glkrq9Ru4fDUNMyZPaHGiMNP0GNYXPsG++HPTHty9nG5rcwAAncMD8NKsMWjj6WJrUwgEAgGeMf+ANLAf0n9cisfXkm1tDgCgTfcYBLy+Cg7tW06IFwKBQGhqiLhKIBAIDMHhesK53UdQKi6itORb1FTbZpkJh+sJkfNs8Pg9bdK+NpSHo7NEjC9WLAOfzwNQJ6DFJyRizvTJNraQQEEti3Nz1RSahr0wUEPopMp19O7AuLBqyIaWysOCQjhLxGZ59T4PtPF0wWv/fQN3L6fjz0178DjHNl4ubTxd8NKsMegcHmCT9tWhxshXXh6GK9fS6Eko7QmozOwc/JS0B9Mnv4qfd/6Oe5nZCA8JwrRJ46FQKLFx6w7cy8wGAA1vcnUvcwC4fDVNp271yS99E1/adVBlzl64jAOH6wSgNeu+B6Drna3P8x0AbbNELMK0SeN17ACgMymRev0GEpJ2a3jKG6rHzdUF7V1dsGXHL0a96w8eSaH3Qd1+Q97y8QmJkMlLMWf6ZPD5vEYfG+q4UFDnUt918bCgkK6rk48X5kyfjPQ7d+ntzTln2vUbOkYAsH7zNnp5NNUede82dv4MnSNDx1jf8czMzsGWHb9gxuQJOHbyDH096LND+3rRV39LxKF9F4QvScLja8lI/3Epnj68YzM7Al5fhTbdY2zSvj7Uz3knHy+D91ZTY5o66iuJBkVFYuPWHQCgc70dPJKC5BOnDY6t5vYxfTabGvsOHklBfkEhBvXvS/dPqgw1VlF9duyoYXr3U7uc9mqkDZu347W4MXS/o/pcfmGRyTHB1H3G2D3KGGR8btz4TLANRFwlEAgEhuHxe6Jd++/wtHw/yuQ/QlVb1iTtsthCCEWT4CB8GQCnSdo0h937D8FZIta5+as/RCiUJMYVgfA80Tk8ALPXvYeLB07j+E9/QlH+tEna5Ts5IHriEPQaEQU2p3mlHqAEJXWxdO36TRovZRUKBbbs+BWT4sboiIsA6Ams1Os3sGbd9/TL99KF8/UKYeoCGbUs9uCRFI12qZfYrv5d6CXcB4+kYPf+Q5g2aTzau7roiGnqhAZ3RXhIENJvZ2BQVCR9H8gvLEJxiQyxI+vC1sQnJOJ+1gPaG55q92FBYaOEsjPnLqKrfxejy33jExJx49YdLJr/Bi2WbNi8HYF+vma1oVAoEZ+QiI7eHRp0bKgXd+r8UOfhyw2bde6VlDD9zecr6GOy5IOPER4ShG8+X0FvS7UJ6IZRocrEJyRqnH/tY0S98MdE99MQP4+dOttosTL1+g0knzit9xgbElYUSiV9/U6bNJ7eH3U7tK8XbeGrNdCmewz6fnIKD45uxd1dn6H6iaxJ2uU6StA5dgk6vDATLE7zkQsMjRECPp8uY86YZgw+n4dB/fsiIWk38guLNMbZ9NsZ6OrfBT5eno3uYw3ZL+2x715mNhQKJVYuXUyPEVRZ7T5LiXYU2pMeVF8HQG+nUCqRkLQHI4bE0Psgk5di64+/mhwTJGKRyfsMYPgeZei4kPHZuuMzgVmaz2hJIBAIrQoOHJxGQ+AQg/Ky36B4koKamnzrtMRxA99xIJyEY5tdwqrM7BzcuHUHk+JizZ5VVZ8t1jfba+7st6lZZ8C0p4CxWX59aNenr01T2xnysDBWRvuYaNtqjocRUD8bfi8zGwcOJ+t4LUyKi4WPl6eOd8LwITG0t4c5XkyGUD/e2jaoo+7JYI4HhT6PAAAaHiDUdSQRizS21ffgb65HjHq55R+v1rDVnGvPkJdia4HNYSPi5f4IHtgDf+1OQdqJy5AVFFulLYmrFEHR4egTO7DZJqwaPiSGvgb4fB5iRw7F+s3bkJmdQ3+vUCoxdtRwjb507NRZlMjkWDhvFt0PKEHz2MkzCOjS2WCb1Lbq19WgqEik385AZnYOArp0xu79h+Du5oqJY0fTZRr6IhfWPUhHrLh5OwNSZwncXNoh9foN3Lh1h+6DAODj5YmY6H44e/4SInuFN9hLXuosoYVbfaiH7KBskohFWLpoPgCYleSESsg0qH99wjZTx0YmL8WufQcNnu/0O3c1xgL1sdzNpR3c3VwBgD4ffD4PAX6+OHv+EmTyUvB5POzefwhd/bvo1P9T0h7I5KX0sdQ+RjJ5KVQqlYZ4YemY87CgEO5urnBzaQdA8xgbQ31M9PHyRFf/LrRAr1AqcT/rASIjetD7EtkrHGfPX8LN2xmtRlwFABaHC68hb6B93zhkHVyP/LO7UFGUZZW2BO284Rb5CryHzWt2CavU+6u+MYLC1JhmTniegC6d4e7mqnEtqfd1hULZ6D6mb7/MHftYLBYmjhtNj/OUHe5urhgUFUnXGTtyKO5nPaD/psacmOh+GmPdKy8Pw7GTZzS2DQ8J0jhGTIwJ5tyjtN8RyPjcNOMzgVmIuEogEAhWhMUWQij+B4Tif6C6KgOKp6eheHoK1dUPTG9sBC63A/gOUeA79APXzrwZXFtw83YGAJj9UnzgcDI920sJZOqzvebOfpsz63zwSIqOp8BPSXvg4+UJiVhk1iy/OpRgR80wU0Jh6vUbRh/mDxxONuqtZsoLg8/jYePWHQjw88WCuTPp/U9I2m3UM0gbHy9PLFv0lskkW4a8E5jIsGuODfq8BNRn7c31CLh8NQ0yeSlWLl0MANi4dQfWrPteQyw9eCQFu/YdpK+JhnrETJs0Hm6uLjh7/pLOEmxzvFT0eSm2RgRCBwyaMhyDpgxH/t1cpJ+9hpunr+KRhSED2nq6ILBfCAIiu8OtswdD1jYdErEIAj4fDwsKDY4hlDeVs0QMPk/z5VRd0KSELX3baof34PN5kIhFeFhQCIlYhLz8AsRE97No2aGPlycEfD4tVlBtB/j5gs/n4cq1NAj4fJ0+FOjni+QTp80WRRrClWtpFofskIhF6OjdQW/YA0NkZuegRCZHe63QJ9SL+ZVraQb3lTo3MnmpwfrzC4uQl1+gIShQtgLQeHnXxs2lHaTOEpMeZQ2BOoer1q5rkjjr2se1tWDn5AzfuPfhG/c+yjKvoeDifhRe2IcnebctqtfR3Q8uvV6Ga8+REPp0Z8ha5jEnxI45Y5o51zQliKl721Nino+Xp0V9TBtLxj5KPIyM6GF0fM7MzkGFQqHj8SkRi1BRoTC6eszSMcHce5T2eSXjsy7WGJ8JzNK8xVW+C7w9RHDxDoM3snAlqwBluVkoJEndCARCC4Rr5wsnsS+cxFNRXf0Ayoq/UFNdhNpaOWprSuv+rS1FbU2dxxybIwabLQKbLQabU/cvh9sOPEEfcLkdbLw35qPvodEQ6g8/ErEIkRE96NleiVhk1uy3Qqk0a9Y5v6BQ4wHcx8uTnhE3Z5Zf+0FWe/aY8rQx9iBG7bMxbzVzvDAoUZVCn9dFa8GYNxMAsz0CtD1eA/x8kZdfgOmvv0qX0X65YcIjpiFeKvq8FFs7bp094NbZAwNfH4ZHOYW4ff5vlBaW4GnpEzwtLX/2b90HABxEjmofJziIHCFycYZfRDe0beFJqvg8HpwlYrOyL0vEIr0v13QMYz3iKsXlq2l641aGhwTRL+OWClbUeE71VSokgPrLvr6XbwpzRZGGYqxNc6EmUQ4cTtbwtjcmdlAv4fqQyUsZmaxSX7mhXb8xuxbMnYn4hER6e0s95tUnzZZ/vBqA/hUBDUH9+YAaM89euEy319oR+nSH0Kc7fMctxZO82yi68icUj3NQVfYYlWXF9f+WPwYA2Dm1gb1QCjth/b/8Np5oF/YSHN39bLw35pH/TFw1p78aG9PMJdDPF2fOXaSFvyvX0uhnRqoPNaaP6aOxYx+V7d6c8VmhUNKxRdWh4pIaGo+YGhNM3aP0QcZnXbuYHp8JzNIsxVVhaCwmD4mAr6tA7dt+oPT9ioIMnD+8Db+nNk0cQwKBQGAaLrcDuMKWI5A2B8yd/ZbJS82adQ7rHoQtO37RCHxPYc4sv6EHM+1wBJ18vOhl5+ag7q0W0KVzg7wwtAP/W9tDqLlhiUeAqZcTpjxibOGh11Jp6+nS4gVSS6C8kgLMiC9HvfBpjzPGXhIpjL2cUd5aTIib6mKFekgAihKZ3ODYai1vRGNtNgQq6R/lhb5x6w6jyRqNCQqUCGFpLHJLBMxpk8Zj2qTxGvczS17gJWIRHfOQEgYsFVipMZMSbE0lLWqtOLr7tRiB1FLM7a9MCE6Ul+DN2xmQiEW4n/UAr7ysmSiKKe9BS8c+c8ZnUwmkTAnClo4JjblHkfFZP0yPzwTmaGbiqjei58zAGF/jN0WBqy8GTF6JsMjdiN94HNaJOkMgEAgEJqhQKBq0RMoU5sx+mzPrHBrcFYvmv0EHn9d+8GzoLD/1kOMsEdPLvamspQ1Bn7eaKS8MSlTt5OOFL1YsAwA6fMLzCFPeJPpgwiPGFh56hJaHoeWJ6qjHc9N+Cb1yLY2OdalvTNSOBadvzKQmpbSTUakjEYvM8i5SFyvyCwrpkABA3QTZjVt3dOy4eTsDAj7fKt6IYd2DcPlqGqMTGupe6AqlUu+x8fHyhLNErNPXDU0ONRRzlq+aC7UyxJAw0hioeJCWjHVUrEn1xC6E1o2hMUIdc8Y0c1EPDeCstsoEYLaPWTL2UXaYWt2gHZbFEoyNCabuM8buUdqQ8dk01hifCZbRjNKkemP0wvl6hdWqqqq6j9b3It9YzF0YC++mMZBAaJHwOo3Dwk++xH9mR8PL1sYQnjsoz08mRC0KQ0ty1B/qzJl1Buoeor5YsQxfrFgGdzdXejk+Vd+i+W/gm89XaHy+WLFM5+GUCiMQHhKEFUsXWfRAT3mruakJKlQcWu0PlUU5+cRpDB8SgwVzZ5KHK9R5BOg7Xkw8oBs7F+ZCeWPoo7XGCySYhhIEAM0xxdR1OygqEs4SMeITEumxkUoGMqh/X3pMcHN1wf2sBxpjo75tASDl1Fn6ZW1Q/764l5mNY6fO0r+nXr+B1Os3ANSNqSwWi46xbQiqrjPnLuJeZrbGyoDQ4K7o6t8FW3/8lbaPGtvUkxZRIsGxk2cA1GeDLi5peBb1gC6d0cnHC7v2HaTbpEQ7hUJJvwQfO3mGPjbxCYnIy68XMjKzc7BqzTqN7dU93PUdGyrEzIHDyfQxVE9MYywBmTlQoVBu3LqDg0dS6O9l8lL89WzpvCFSr9/Alxs20/srk5fiftYDDSFcvZ0AP1/cuHWHvm+mXr+B3/Ye0BAs4hMSNewwtDKEQDAG1fep/gnUjxHqmBrTGkKgny+KS2T443CyxqoVS/qYNuaOffqg+uDlq2n0WALUhUeiknIC+sccqp3023eN2teQMQEw/z6j7x6lDhmfdWnouSA0Pc3Ec1WAXrNmYICHndp3VShOP4SfdxzFXTrGqhD+MVMxcYQvqGHGzmMAps3KxaebzqP5hWIdg4WrB0Cavg3vb061tTGE5xBep3GYN6sfPOwA+A7FSyEnsOmqra0iPE+oP/zoywbaEMyd/ZaIRQ2edVaPdSqTlzZ6lj+su/nei4ZQ91Yz1wuDz+Mx8qJKec3aEktsYNIjQMcuhjxibOGhR2gZBPr5Yu36TfRLsblLW/l8HuZMn4yNW3dgyQcf098tmv+GxvVExQfWjntJxXCjtgXqRP4AP1+48dtpePlTYUecJWKEde+GgC6d6ZfRLTt+MRnTzsfLEywWC84SsY630rRJ4xGfkEjbp24jhXpbl6+m0SsOKLG1IajHr1Nvs6t/F2Rm5yDArzN9X6COzYzJE+DmWoj0Zy/jCoUSgf6+Gtt38vGiM0UbOjahwV0xY/IEDS97JmPnqcc5VQ8V0zeiB0KDuxm9F0vEIo1rITwkyKB3KHVNUas8wkOCNPZLJi9FWPcg7Np3UMMO9QzgjUH9nq1eL/D8hgdo7agn06Suz04+Xhj78jAc+L9jdDn1fm1oTKNCSsQnJBpdHk5529/LzNZ5vrOkj2ljzthniGEvDER7VxeNsWRS3BgdBwP1cZwqy+fz0DeiBwL8jAuGjRkTtO8z5tyj1CHjs34aci4ITQ+rZ9+BKlsbAf8peP+NcEjpL6qQe2Id1vyuf8E/v+eb+NfEQNTfMotx5fsV2HHLUkOMiaGNEUqJuEqwHRrCKoDS9J/w6eYLsDwEt2E++WgFOFwu7Lhc2NnZgcPlgsvhgsPhgM3hgMvlgM1mg8PhgAUWWKy6D1j1/9f+AND4f21tLaqqqlBeXoYAXx/6d230fUewDTJ5Kdau3wRniVjjhTs+IVEjsY++DPEHj6RoZFqnsrUDoOuiluOrP4hqf6e9HVC3bH5Q/770Ntpt6as3MzsHCoVS50FUPYs89fAVn5CIy1fTDAoN1HGpUCjocATUdx29O9D16NtnoM4Lo0/PcCiUSo1jR5W/l5mt8TB48EgKkk+cptuiPIwAzRddKpSBeltUnKpJcbEax1N9f81tQ7sufZhjg6GyVDn15aIyeSnSb2egT69wg/WnXr+BhKTdGqEhDO23oXOh74FY+7qi2r+f9YD+Tp/N5hwnQuuA6vfa419rhOpDAX6+rX5fCdZDJi/Fhs3b8VrcGA1xxtC9iUAgEAgth/SMTAiFojo9gcOxent2rGpG6mkWnqsxLwWrCasAqnJxJblOWOUHxeGN0eFwRQGu/P4ddqZVQHHxO5zo+wVGelOerlIEvTQYuHW0qU0nEJolthBWCQRDUIkstL0InCViLFv0lkbmVVOY66FlatY5v7AIkb3CkZC0W2MGXz2De0Nm+dW9aN567wMA1Ay6Cz2Drnd/eDy8Nm4Mdu8/hHuZ2Tp2UnUb9cJwaacx827Ik8uUhxFF7MihWLt+k0YcWnMxpw3KuzQhaTckYpFerwVLbGDSm0QbczxizMESLxUCoSWTX1iE4hIZWRJOsIjM7Bw6ZiKBQCAQCM2BZuC5Ohhvf/oyfOy0vq4qxvXDNyEdUi8QoeA0Vn6ehBIAobM+wZQAgVr5DOz51zqcsMgW4rlKaAW0G4OFCwfYRFglnqsEAoFAIDSM58VzlXgVEphCn7c/oLkihoRYIRAIhJYJ8VxtLEE+kGoLqwBgJ0XwiH71f5dm4uhv+1ECABDAQ8DVKe/dGYDxmMzME/IGPpocCErmrTAhpIbMXIUp3pnYvhOIa8B2BAKBQCAQCARCS8NQqBICobH4eHli3sypOjFXO/l4YeXSxSS5C4FAIBCaHNuLq1wu9Gmr9VSh4MJ2fP3LdTphFb/nFPTy1t5KAIHQKhYaZtRirImWIn3HgmdJgsZg4eqp+GgmjAulgkBMGXcT2xcvwFW6HjO2IxDMoWgP1m/i0mEBRAGv4V8zQcICEAgEAoHQDKFCp7RWqHAaBAKT+Hh54osVy2xtBoFAIBAIAJqDuGqKgvOIp4RVvi9iJr+GlwKkJgRZyxAETMWa1frju1XQ/xuDhdEeqEjfppZ9fQ/WnvDFml4RCEEqDCdlz8Xx5d/X/753NY53/hIDvE1tRyCYh/LeTqzfBCKwEggEAoFAIBAIBAKBQCBYEduLq3llqAAgMPBzRUkWCp/9P3TyDIwMMFgSpXnMmKR/if6z+KnUn6N84YEKpF/QKpdViopoEbyBBomkWWUVgEfDtyMQDKErsMZiSsgFtckAAoHw/+3dfUxVd57H8Q+CuYc/ChezBepQpBYRjc9dTbAdW0ljbOvMlpnRdcuyxrbjpjOa7NROk9UdN3HamWRa6R8jmlGUWJaJSzvV2g50jEGrVTJ2FBBCURkFfChgohd2Eg5h090/9Bzvw7lw7/VeLtD3KzHR+3B+v/PkH5/7Pd8fAAAAAAAPIv7hau9X6h1YoilBMtPk/JdUuuOlkbcz0KO23pE/Fl3Jyi95TztKAiajjPkKKyVt6r0t5U8J+3vAcLwD1oc6P9OfuLYAAAAAAACiJv7hqhr0eXuR8uemOL47dPusKnf8Xi2aq7Wb/0VLHFe/kvrbP9fodysdUFvllqhUAs5PnyLptnoIvxBlg1c+VOm/fxjvaQAAAAAAAEw4k+I9AUm6WNOgG0PO7/W2/F4tpiSzWQdbgpSmDt1QQ01bzObn6Ei7bihZ0xYviMLGFmjJtGRpoF+dUdgaAAAAAAAAgNgbA5WrknoP6cP6XP1k2XcCFqqaMvVpGfpcppK1bOoUhy8P6UZ9tT4e9ZYA9xavWrZOr3+/UaVH7r08f4N+PG2P9h4Z7rvf0ZJXF+jIvb6u819do/zkAbVV7qEjAAAAwLdQ7bETqjlaZ/87zZ2q13/6Y7lT7z/d1dF1XWXlB2Sa95enfKVkrRbMnS1J8vT1q7RsrwqWPKHnnn1m9CYPAADwLTY2wlVJnR/vVGXyv6lkcYZPwJqcW6Rf/edS9ShDGQGdA4bU8+X7Kvs4TvWeR97V5s4NeqvkPe1YZr04oIG2FyUdlnRY7Tee1tP5fgGsbqhTa7Tj3XX2d6LVXgAAgJFYAU3x6iI7lImGUIOdWI0fS7XHTqj+7LmAsAuIhoqqal3tvKZfbn3Dvr5qj51Qadle+5prbG790doFAAAM80lEQVTVvsqDPmGqdS9JGjf3EgAAwEQzZsJVaUAtB3+tXTf+VSUvzJJPa9WUDGX4f3zottr+eEB7TkUzWD2s0jcOh/de0x79xzCh6JH3fianItae8i3aG8kUAQAxVXvshLp7erW+eE28pwLgW6Cj67paL15W8eoin+D+uWefsX+kMM1BHT91Rovmz/EJUXOys/TO9q2jPmcAAADcN4bC1bs6T/1Ob32Zq4IXV2rZzGnKSPFtFDDU36POi5/rT4fP6K9mnCYJAJiwuntGvc8MAOjrnt4Rq089ff0yzUEZhmuUZgUAAICRjLlwVZJktqv+4E7Vx3seAAAAQAxlpj+sqZkZdr9Vp5YahuFSfl6uao7Waff+Sr32cgkBKwAAwBgxNsNVAMC4Z/UHfH5FoU9YYJqD2r2/Uu7UFPvRe+uzlkXz5/g8lt/Y3KqqDw7pp6+uU052VtDtVFRVKzMjXY9kpGtf5UEZhsvnOxb/hWOeX1GogsWLVFq2V3c8fZKk800tPgvKWONd6eiSJMdtDze+/0I0/sfFX0VVtc43tQQ9JrXHTqjtUrv+6Uf/oF3l79vzdtqu9/E1DJdeWFEYdNxQx5cCF9f54fefc9xWqONbx/iOpy+gt6n/NTDS+XC6Ppy24+nr167y9/XS6hd1/NQZnW9q0fSc7JDDK//j5N0PM9hxsnhfXyPdA5i4DMOl114u0e79lao5Wqeao3WO59+6r2uO1unn2952XPAKAAAAo49wdZQ1lW/R5nhPAgBGwYK5s7Vo/hy1XWrX8qcK7KCqu/eWbt/xqGjVSkkKWKTFCsXe21UeUXXWmT//RbNnztBvf7Pd8f3G5lbVnTytzRs3+IRrs/JyteX1jY6BnDUnSXpn+1YZhkuNza3asXNPQJjmNL5ToFdadrfztlPAWlFVLUn2NqxwrrG51WesKx1d2lX+vh2w1B47obqTpzUrL9cOGYMdX/+gL9zxrdcKlz1p70NFVbUd8nrve6jjG4ZLRatWqqz8gDq6rvvsa8OFFs2eOcMnWA3lfITCHBxU1QeH9cKKwrACTf9FiKxj8nVPr31M/I+Tde4fm/ZowI8L0boHMP4Yhks/+8mrku4H9uebWgJ+LLH6sFrXzC/efjesHwMAAAAQfZPiPQEAwMS1cN4c3ezuUXfvLfu1ry61a0qaW5npD8vT16+PPqnV8ysK7UDMCthudveo7fJfwx5zSprbDm6dfN3Tq6mZGcpMf1iS5E5N0ZbNGwOqW70d/6Jedzx9Wl+8xg4wrPD4+KkzPkGh//jWPhYue9Iew52aoh987zm1XWp3DBnXF6/xCflysrM0e+YMNVxo8fmcf+VaweJFSjYMfXWp3Wds70VwrOM7XBAz0vimOahDn36mqZkZWv5Ugf25olUrleZODdj3cMa3HpH23ldPX7+udl7TwnlzJIV3PkLlv1DQSBqbW9V68bJe/ud/tI9/TnaWCpc9qfqz5+Tp65d093pPNgwVLF4k6e65L1jyhK52XpOnrz8m9wDGt/XFa/TO9q2anpOtupOn1dF1PeAzC+bO1m9/s13PryjUlY4uHf+CZloAAADxQrgKAIiZnOwsn7DPNAfVdqld+Xm5MgyXOrqu646nT49kpPt8zylgi5ZZebm62d2jX5XutAOw4VhzTnOnynD5BoJO4bG/jq7rGjBNzcrL9XndnZqigQFT5mDwILCxuVWb3tymTW9u0/mmFnsxm1B5+vo1YJp2KBmuYOObg4O64+mzz2M0x7d6S1rhoyQ7XLKqVh/kfERLw4UWJRtGwCPZs/JyNWCajoGYN2v+8bgHMPZZAbukYf+fWv5UgabnZLMQHwAAQBzRFgAAEDNWlZ7VGsBqCeAdNBqGK2jPwHDDxFDkZGdp6+ZNKi3bq1+8/a4k5z6Z/typKY5BomkOjhjSmuagduzcE/C6Ybjk6esP2H/rkd80d6r9yHlFVXVIYbA36/Ph9mQcaXwrNPUPBKM1fsHiRao/e85uDdBwoUWPTXvU7n1rbXO482FVJseSU8BrsVZ+t/al/svzdluA+rPnVLDkCXv+odwDPPINAAAAjE2EqwCAmJqVl6szf/6Luntv+bQEsAwXTgYL0B6UOzVF27fc7YBdUVVt97vMn/F40O8EC7mGC8a8P+O0sFawcaxH6aOxoFEo4W+k41sBYjTHl+6en8emPaqGCy3Kyc7S1c5r+sH3fBfLepDzES13PH0yB52DTyt4tvbFWqhIClx0LB73AMYOq8eq93Xh3Xojf8bj9g8e/v1Vj39Rr5vdPcO2QgEAAEBsEa4CAGIqM/1hTUlz66tL7eru6fV5lDwnO0tp7tSAkK6795Zudvdo+XeXxnx+RatW6mrnNXsO/sGc9Zh6/dlzAUFaw4UWn/6tTrxbI4QSrloifZTff2yn4/ug41uPrI/0KPKDjv/RJ7Xq6Louw+Wyj92Dno9oWThvjlovXg6oPLZ6rHovKOa96JW/sXAPIH5Mc1BFq1Zq4bw52ld50A7gJfn8wJGZ/nf65dY3VFq2Vz/f9rb9mTR3qrZu3hRwbXmH+U7bAwAAQPQQrgIAYsowXFr+3aX6w5EaSfIJi6yFnfZVHtQjGen2SuneFVvS/YDy+KkzWl+8RqY5qIqqat2+4wm7SrGiqlqZGek+q7l790TNzEi3FySytr38qQK1XWpXRVW1XTXW2Nyq800teqVk7bCVhU77aI1rmoPKz/OtljVcLqW5U9VwocX+rFXZNj0nO6x9taom606e1qy8XLtn6aFPPwvabiGU8a2As+ZonRbOu78Q1KFPP9MdT98DjW/Jn/G40typ+uPROk3NTPc5z6Gej/y8XHtBoJzsLDU2t+oPR2qCPsofDqtdwf7/+m97UbGOruuqO3lahcueDPm6DPUewMRkGC4ZhsteoCqYzHuV0FbFfTDeVfkAAAAYHYSrAICYy8nOUkJCgtLcqQFVhQvmztYrJWu1r/Kg/Zp/hZV3AHW+qcV+zP74qTNhzcPT129XRHpXdb1SstauNLSCO/9+rK+9XKLd+yvtqjHDcGnzxg0hVaMumDtbmzduUFn5AXs/DcOlpUueCAxX7y1kU1Z+QJve3GbPITMjXW33FgYLx/riNao9dsLu+WoYLhWvLvIJQSMZ/7lnn9EjGek+56149YsBj7eHO773PKwA94UVhQHvhXI+rHNpjb1o/pyAay1Us+4Ftd6B7vriNaqoqravFSmwf68Vwnp/xmI9Bh7KPQAAAABgbEr4+6XP/F+8JwFgYvj1W9uVmJSkyUlJmjx5shKTkpSUmKTExERNSkxUUlKiJk2apMTERCUoQQkJd/8o4f7f/f9I8vn7N998o6GhIf3tb/+j/Nwc+31/Tq8hfkxzULv3Vyo/L9en1yQwnMbmVn30Sa1dGToe1R47oe6e3oCgtLG5VVUfHAq5Fy8AAAAw0bW1d+ihh1Lu5gmJiTEfb3LC/0ZlO5OishUAAIbR3XtLt+947EfvgVA0XGjRY9MeHbfBqmkOqu1Su/1INwAAAICJh3AVABBTVv/I6TnZVOghZI3NrWq9eHlcL+hkGC65U1PsHr6Wjq7rqvrgkGbPnME9AQAAAIxz9FwFAMSE1QrgSkcX/SMRssbmVu2rPGj31R3v4aNTX1YpsDcrAAAAgPGJnqsAooaeqwAAAAAAIBL0XAUAAAAAAACAbxHCVQAAAAAAAACIAOEqAAAAAAAAAESAcBUAAAAAAAAAIkC4CgAAAAAAAAARIFwFAAAAAAAAgAgQrgIAAAAAAABABAhXAQAAAAAAACAChKsAAAAAAAAAEAHCVQAAAAAAAACIAOEqAAAAAAAAAESAcBVAVCUkJIT1OgAAAAAAwHhFuAoAAAAAAAAAESBcBRB3CQkJVLYCAAAAAIBxh3AVAAAAAAAAACJAuAogZsKtRqWCFQAAAAAAjCeEqwAAAAAAAAAQAcJVAFFjVZ0OV30aSTUrAAAAAADAWES4CiBuCE4BAAAAAMB4RrgKIOaGDVEJWAEAAAAAwDhFuAogqhJ0Lyx1aBFApSoAAAAAAJhICFcBxAVBKwAAAAAAGO+S4j0BAPBH8AoAAAAAAEbbunXrhn3/wIEDAa9RuQogZnxbAni9rpHDUwJWAAAAAAAwmpzC05HeI1wFAAAAAAAAADmHqMOFroSrAKIqwV7PanQWsqLCFQAAAAAARJN3mDpcsCrRcxVANDkEnf4hayRhKAEqAAAAAAAYTSOFqhYqVwFEXazCUEJWAAAAAAAwlhCuAoiqYO0AHIPRe5WswSpaCVMBAAAAAMBYRrgKIGpC7bNKmAoAAAAAACYCwlUAURcQsoaxuFUoASshLAAAAAAAGAsIVwFE1UgVqwAAAAAAABMF4SqAqLHCU6fH/glWAQAAAADAREO4CiBq/BenSpDzYlVWq4BggeuDBrEEuQAAAAAAYDT8P+/XhZIsT8A0AAAAAElFTkSuQmCC" height="600" width="800" />  </system-out>
</testsuite> <!-- testcases.TestCase2 -->
